{"name":"SetServices", "ph":"B", "ts":"2338130793", "pid":"1", "tid":"wrtComp_03"},
{"name":"SetServices", "ph":"E", "ts":"2339499641", "pid":"1", "tid":"wrtComp_03"},
{"name":"wrt_initialize_p1", "ph":"B", "ts":"2339500272", "pid":"1", "tid":"wrtComp_03"},
{"name":"wrt_initialize_p1", "ph":"E", "ts":"2340017338", "pid":"1", "tid":"wrtComp_03"},
{"name":"wrt_run", "ph":"B", "ts":"2578373838", "pid":"1", "tid":"wrtComp_03"},
{"name":"wrt_run", "ph":"E", "ts":"2645017174", "pid":"1", "tid":"wrtComp_03"},
{"name":"wrt_run", "ph":"B", "ts":"2749274395", "pid":"1", "tid":"wrtComp_03"},
{"name":"wrt_run", "ph":"E", "ts":"2813738957", "pid":"1", "tid":"wrtComp_03"},
{"name":"wrt_run", "ph":"B", "ts":"2915723254", "pid":"1", "tid":"wrtComp_03"},
{"name":"wrt_run", "ph":"E", "ts":"2991105352", "pid":"1", "tid":"wrtComp_03"},
{"name":"wrt_run", "ph":"B", "ts":"3099493098", "pid":"1", "tid":"wrtComp_03"},
{"name":"wrt_run", "ph":"E", "ts":"3165944112", "pid":"1", "tid":"wrtComp_03"},
{"name":"wrt_run", "ph":"B", "ts":"3269293599", "pid":"1", "tid":"wrtComp_03"},
{"name":"wrt_run", "ph":"E", "ts":"3336128686", "pid":"1", "tid":"wrtComp_03"},
{"name":"wrt_run", "ph":"B", "ts":"3464517113", "pid":"1", "tid":"wrtComp_03"},
{"name":"wrt_run", "ph":"E", "ts":"3534066481", "pid":"1", "tid":"wrtComp_03"},
{"name":"wrt_run", "ph":"B", "ts":"3635768914", "pid":"1", "tid":"wrtComp_03"},
{"name":"wrt_run", "ph":"E", "ts":"3715409799", "pid":"1", "tid":"wrtComp_03"},
{"name":"wrt_run", "ph":"B", "ts":"3798253015", "pid":"1", "tid":"wrtComp_03"},
{"name":"wrt_run", "ph":"E", "ts":"3868660803", "pid":"1", "tid":"wrtComp_03"},
{"name":"wrt_run", "ph":"B", "ts":"3981036519", "pid":"1", "tid":"wrtComp_03"},
{"name":"wrt_run", "ph":"E", "ts":"4047503582", "pid":"1", "tid":"wrtComp_03"},
{"name":"wrt_run", "ph":"B", "ts":"4182121502", "pid":"1", "tid":"wrtComp_03"},
{"name":"wrt_run", "ph":"E", "ts":"4249939098", "pid":"1", "tid":"wrtComp_03"},
