{"name":"SetServices", "ph":"B", "ts":"2042295452", "pid":"1", "tid":"wave"},
{"name":"SetServices", "ph":"E", "ts":"2042401987", "pid":"1", "tid":"wave"},
{"name":"InitializeP0", "ph":"B", "ts":"2042405844", "pid":"1", "tid":"wave"},
{"name":"InitializeP0", "ph":"E", "ts":"2042405923", "pid":"1", "tid":"wave"},
{"name":"InitializeAdvertise", "ph":"B", "ts":"2072273415", "pid":"1", "tid":"wave"},
{"name":"InitializeAdvertise", "ph":"E", "ts":"2154408761", "pid":"1", "tid":"wave"},
{"name":"InitializeRealize", "ph":"B", "ts":"2350258820", "pid":"1", "tid":"wave"},
{"name":"InitializeRealize", "ph":"E", "ts":"2363021009", "pid":"1", "tid":"wave"},
{"name":"DataInitialize", "ph":"B", "ts":"2395471156", "pid":"1", "tid":"wave"},
{"name":"DataInitialize", "ph":"E", "ts":"2395476256", "pid":"1", "tid":"wave"},
{"name":"ModelSetRunClock", "ph":"B", "ts":"2415366855", "pid":"1", "tid":"wave"},
{"name":"ModelSetRunClock", "ph":"E", "ts":"2415375889", "pid":"1", "tid":"wave"},
{"name":"ModelAdvance", "ph":"B", "ts":"2415375982", "pid":"1", "tid":"wave"},
{"name":"ModelAdvance", "ph":"E", "ts":"2427568160", "pid":"1", "tid":"wave"},
{"name":"ModelSetRunClock", "ph":"B", "ts":"2429099438", "pid":"1", "tid":"wave"},
{"name":"ModelSetRunClock", "ph":"E", "ts":"2429099502", "pid":"1", "tid":"wave"},
{"name":"ModelAdvance", "ph":"B", "ts":"2429099582", "pid":"1", "tid":"wave"},
{"name":"ModelAdvance", "ph":"E", "ts":"2442561088", "pid":"1", "tid":"wave"},
{"name":"ModelSetRunClock", "ph":"B", "ts":"2447348111", "pid":"1", "tid":"wave"},
{"name":"ModelSetRunClock", "ph":"E", "ts":"2447348171", "pid":"1", "tid":"wave"},
{"name":"ModelAdvance", "ph":"B", "ts":"2447348245", "pid":"1", "tid":"wave"},
{"name":"ModelAdvance", "ph":"E", "ts":"2463131384", "pid":"1", "tid":"wave"},
{"name":"ModelSetRunClock", "ph":"B", "ts":"2464510229", "pid":"1", "tid":"wave"},
{"name":"ModelSetRunClock", "ph":"E", "ts":"2464510263", "pid":"1", "tid":"wave"},
{"name":"ModelAdvance", "ph":"B", "ts":"2464510338", "pid":"1", "tid":"wave"},
{"name":"ModelAdvance", "ph":"E", "ts":"2478937703", "pid":"1", "tid":"wave"},
{"name":"ModelSetRunClock", "ph":"B", "ts":"2488300310", "pid":"1", "tid":"wave"},
{"name":"ModelSetRunClock", "ph":"E", "ts":"2488300369", "pid":"1", "tid":"wave"},
{"name":"ModelAdvance", "ph":"B", "ts":"2488300444", "pid":"1", "tid":"wave"},
{"name":"ModelAdvance", "ph":"E", "ts":"2502173815", "pid":"1", "tid":"wave"},
{"name":"ModelSetRunClock", "ph":"B", "ts":"2505274236", "pid":"1", "tid":"wave"},
{"name":"ModelSetRunClock", "ph":"E", "ts":"2505274298", "pid":"1", "tid":"wave"},
{"name":"ModelAdvance", "ph":"B", "ts":"2505274376", "pid":"1", "tid":"wave"},
{"name":"ModelAdvance", "ph":"E", "ts":"2515967422", "pid":"1", "tid":"wave"},
{"name":"ModelSetRunClock", "ph":"B", "ts":"2531934658", "pid":"1", "tid":"wave"},
{"name":"ModelSetRunClock", "ph":"E", "ts":"2531934714", "pid":"1", "tid":"wave"},
{"name":"ModelAdvance", "ph":"B", "ts":"2531934790", "pid":"1", "tid":"wave"},
{"name":"ModelAdvance", "ph":"E", "ts":"2540923274", "pid":"1", "tid":"wave"},
{"name":"ModelSetRunClock", "ph":"B", "ts":"2543128865", "pid":"1", "tid":"wave"},
{"name":"ModelSetRunClock", "ph":"E", "ts":"2543128933", "pid":"1", "tid":"wave"},
{"name":"ModelAdvance", "ph":"B", "ts":"2543129021", "pid":"1", "tid":"wave"},
{"name":"ModelAdvance", "ph":"E", "ts":"2552038006", "pid":"1", "tid":"wave"},
{"name":"ModelSetRunClock", "ph":"B", "ts":"2556520559", "pid":"1", "tid":"wave"},
{"name":"ModelSetRunClock", "ph":"E", "ts":"2556520619", "pid":"1", "tid":"wave"},
{"name":"ModelAdvance", "ph":"B", "ts":"2556520737", "pid":"1", "tid":"wave"},
{"name":"ModelAdvance", "ph":"E", "ts":"2564337498", "pid":"1", "tid":"wave"},
{"name":"ModelSetRunClock", "ph":"B", "ts":"2566392114", "pid":"1", "tid":"wave"},
{"name":"ModelSetRunClock", "ph":"E", "ts":"2566392183", "pid":"1", "tid":"wave"},
{"name":"ModelAdvance", "ph":"B", "ts":"2566392266", "pid":"1", "tid":"wave"},
{"name":"ModelAdvance", "ph":"E", "ts":"2574771659", "pid":"1", "tid":"wave"},
{"name":"ModelSetRunClock", "ph":"B", "ts":"2578192037", "pid":"1", "tid":"wave"},
{"name":"ModelSetRunClock", "ph":"E", "ts":"2578192239", "pid":"1", "tid":"wave"},
{"name":"ModelAdvance", "ph":"B", "ts":"2578192326", "pid":"1", "tid":"wave"},
{"name":"ModelAdvance", "ph":"E", "ts":"2585639388", "pid":"1", "tid":"wave"},
{"name":"ModelSetRunClock", "ph":"B", "ts":"2587511296", "pid":"1", "tid":"wave"},
{"name":"ModelSetRunClock", "ph":"E", "ts":"2587511363", "pid":"1", "tid":"wave"},
{"name":"ModelAdvance", "ph":"B", "ts":"2587511442", "pid":"1", "tid":"wave"},
{"name":"ModelAdvance", "ph":"E", "ts":"2595712771", "pid":"1", "tid":"wave"},
{"name":"ModelSetRunClock", "ph":"B", "ts":"2599918200", "pid":"1", "tid":"wave"},
{"name":"ModelSetRunClock", "ph":"E", "ts":"2599918260", "pid":"1", "tid":"wave"},
{"name":"ModelAdvance", "ph":"B", "ts":"2599918336", "pid":"1", "tid":"wave"},
{"name":"ModelAdvance", "ph":"E", "ts":"2607095317", "pid":"1", "tid":"wave"},
{"name":"ModelSetRunClock", "ph":"B", "ts":"2608923555", "pid":"1", "tid":"wave"},
{"name":"ModelSetRunClock", "ph":"E", "ts":"2608923626", "pid":"1", "tid":"wave"},
{"name":"ModelAdvance", "ph":"B", "ts":"2608923725", "pid":"1", "tid":"wave"},
{"name":"ModelAdvance", "ph":"E", "ts":"2617028134", "pid":"1", "tid":"wave"},
{"name":"ModelSetRunClock", "ph":"B", "ts":"2621558478", "pid":"1", "tid":"wave"},
{"name":"ModelSetRunClock", "ph":"E", "ts":"2621558545", "pid":"1", "tid":"wave"},
{"name":"ModelAdvance", "ph":"B", "ts":"2621558633", "pid":"1", "tid":"wave"},
{"name":"ModelAdvance", "ph":"E", "ts":"2628751320", "pid":"1", "tid":"wave"},
{"name":"ModelSetRunClock", "ph":"B", "ts":"2630598383", "pid":"1", "tid":"wave"},
{"name":"ModelSetRunClock", "ph":"E", "ts":"2630598458", "pid":"1", "tid":"wave"},
{"name":"ModelAdvance", "ph":"B", "ts":"2630598543", "pid":"1", "tid":"wave"},
{"name":"ModelAdvance", "ph":"E", "ts":"2638656442", "pid":"1", "tid":"wave"},
{"name":"ModelSetRunClock", "ph":"B", "ts":"2642136574", "pid":"1", "tid":"wave"},
{"name":"ModelSetRunClock", "ph":"E", "ts":"2642136642", "pid":"1", "tid":"wave"},
{"name":"ModelAdvance", "ph":"B", "ts":"2642136759", "pid":"1", "tid":"wave"},
{"name":"ModelAdvance", "ph":"E", "ts":"2649371992", "pid":"1", "tid":"wave"},
{"name":"ModelSetRunClock", "ph":"B", "ts":"2651245762", "pid":"1", "tid":"wave"},
{"name":"ModelSetRunClock", "ph":"E", "ts":"2651245825", "pid":"1", "tid":"wave"},
{"name":"ModelAdvance", "ph":"B", "ts":"2651245904", "pid":"1", "tid":"wave"},
{"name":"ModelAdvance", "ph":"E", "ts":"2659268245", "pid":"1", "tid":"wave"},
{"name":"ModelSetRunClock", "ph":"B", "ts":"2662555824", "pid":"1", "tid":"wave"},
{"name":"ModelSetRunClock", "ph":"E", "ts":"2662555893", "pid":"1", "tid":"wave"},
{"name":"ModelAdvance", "ph":"B", "ts":"2662556025", "pid":"1", "tid":"wave"},
{"name":"ModelAdvance", "ph":"E", "ts":"2669848138", "pid":"1", "tid":"wave"},
{"name":"ModelSetRunClock", "ph":"B", "ts":"2672863960", "pid":"1", "tid":"wave"},
{"name":"ModelSetRunClock", "ph":"E", "ts":"2672864028", "pid":"1", "tid":"wave"},
{"name":"ModelAdvance", "ph":"B", "ts":"2672864112", "pid":"1", "tid":"wave"},
{"name":"ModelAdvance", "ph":"E", "ts":"2680878898", "pid":"1", "tid":"wave"},
{"name":"ModelSetRunClock", "ph":"B", "ts":"2686340989", "pid":"1", "tid":"wave"},
{"name":"ModelSetRunClock", "ph":"E", "ts":"2686341059", "pid":"1", "tid":"wave"},
{"name":"ModelAdvance", "ph":"B", "ts":"2686341169", "pid":"1", "tid":"wave"},
{"name":"ModelAdvance", "ph":"E", "ts":"2693706889", "pid":"1", "tid":"wave"},
{"name":"ModelSetRunClock", "ph":"B", "ts":"2695595102", "pid":"1", "tid":"wave"},
{"name":"ModelSetRunClock", "ph":"E", "ts":"2695595169", "pid":"1", "tid":"wave"},
{"name":"ModelAdvance", "ph":"B", "ts":"2695595247", "pid":"1", "tid":"wave"},
{"name":"ModelAdvance", "ph":"E", "ts":"2703555790", "pid":"1", "tid":"wave"},
{"name":"ModelSetRunClock", "ph":"B", "ts":"2707001478", "pid":"1", "tid":"wave"},
{"name":"ModelSetRunClock", "ph":"E", "ts":"2707001545", "pid":"1", "tid":"wave"},
{"name":"ModelAdvance", "ph":"B", "ts":"2707001624", "pid":"1", "tid":"wave"},
{"name":"ModelAdvance", "ph":"E", "ts":"2714302542", "pid":"1", "tid":"wave"},
{"name":"ModelSetRunClock", "ph":"B", "ts":"2716379979", "pid":"1", "tid":"wave"},
{"name":"ModelSetRunClock", "ph":"E", "ts":"2716380048", "pid":"1", "tid":"wave"},
{"name":"ModelAdvance", "ph":"B", "ts":"2716380130", "pid":"1", "tid":"wave"},
{"name":"ModelAdvance", "ph":"E", "ts":"2724322341", "pid":"1", "tid":"wave"},
{"name":"ModelSetRunClock", "ph":"B", "ts":"2728387194", "pid":"1", "tid":"wave"},
{"name":"ModelSetRunClock", "ph":"E", "ts":"2728387266", "pid":"1", "tid":"wave"},
{"name":"ModelAdvance", "ph":"B", "ts":"2728387351", "pid":"1", "tid":"wave"},
{"name":"ModelAdvance", "ph":"E", "ts":"2735719287", "pid":"1", "tid":"wave"},
{"name":"ModelSetRunClock", "ph":"B", "ts":"2737617947", "pid":"1", "tid":"wave"},
{"name":"ModelSetRunClock", "ph":"E", "ts":"2737618014", "pid":"1", "tid":"wave"},
{"name":"ModelAdvance", "ph":"B", "ts":"2737618098", "pid":"1", "tid":"wave"},
{"name":"ModelAdvance", "ph":"E", "ts":"2745542252", "pid":"1", "tid":"wave"},
{"name":"ModelSetRunClock", "ph":"B", "ts":"2748906600", "pid":"1", "tid":"wave"},
{"name":"ModelSetRunClock", "ph":"E", "ts":"2748906669", "pid":"1", "tid":"wave"},
{"name":"ModelAdvance", "ph":"B", "ts":"2748906791", "pid":"1", "tid":"wave"},
{"name":"ModelAdvance", "ph":"E", "ts":"2756273682", "pid":"1", "tid":"wave"},
{"name":"ModelSetRunClock", "ph":"B", "ts":"2758215412", "pid":"1", "tid":"wave"},
{"name":"ModelSetRunClock", "ph":"E", "ts":"2758215482", "pid":"1", "tid":"wave"},
{"name":"ModelAdvance", "ph":"B", "ts":"2758215565", "pid":"1", "tid":"wave"},
{"name":"ModelAdvance", "ph":"E", "ts":"2766215204", "pid":"1", "tid":"wave"},
{"name":"ModelSetRunClock", "ph":"B", "ts":"2769897428", "pid":"1", "tid":"wave"},
{"name":"ModelSetRunClock", "ph":"E", "ts":"2769897486", "pid":"1", "tid":"wave"},
{"name":"ModelAdvance", "ph":"B", "ts":"2769897559", "pid":"1", "tid":"wave"},
{"name":"ModelAdvance", "ph":"E", "ts":"2777219357", "pid":"1", "tid":"wave"},
{"name":"ModelSetRunClock", "ph":"B", "ts":"2779086543", "pid":"1", "tid":"wave"},
{"name":"ModelSetRunClock", "ph":"E", "ts":"2779086621", "pid":"1", "tid":"wave"},
{"name":"ModelAdvance", "ph":"B", "ts":"2779086699", "pid":"1", "tid":"wave"},
{"name":"ModelAdvance", "ph":"E", "ts":"2787037184", "pid":"1", "tid":"wave"},
{"name":"ModelSetRunClock", "ph":"B", "ts":"2790390375", "pid":"1", "tid":"wave"},
{"name":"ModelSetRunClock", "ph":"E", "ts":"2790390435", "pid":"1", "tid":"wave"},
{"name":"ModelAdvance", "ph":"B", "ts":"2790390534", "pid":"1", "tid":"wave"},
{"name":"ModelAdvance", "ph":"E", "ts":"2797652707", "pid":"1", "tid":"wave"},
{"name":"ModelSetRunClock", "ph":"B", "ts":"2800844752", "pid":"1", "tid":"wave"},
{"name":"ModelSetRunClock", "ph":"E", "ts":"2800844822", "pid":"1", "tid":"wave"},
{"name":"ModelAdvance", "ph":"B", "ts":"2800844905", "pid":"1", "tid":"wave"},
{"name":"ModelAdvance", "ph":"E", "ts":"2808710385", "pid":"1", "tid":"wave"},
{"name":"ModelSetRunClock", "ph":"B", "ts":"2812123450", "pid":"1", "tid":"wave"},
{"name":"ModelSetRunClock", "ph":"E", "ts":"2812123722", "pid":"1", "tid":"wave"},
{"name":"ModelAdvance", "ph":"B", "ts":"2812123852", "pid":"1", "tid":"wave"},
{"name":"ModelAdvance", "ph":"E", "ts":"2819403630", "pid":"1", "tid":"wave"},
{"name":"ModelSetRunClock", "ph":"B", "ts":"2821429483", "pid":"1", "tid":"wave"},
{"name":"ModelSetRunClock", "ph":"E", "ts":"2821429553", "pid":"1", "tid":"wave"},
{"name":"ModelAdvance", "ph":"B", "ts":"2821429635", "pid":"1", "tid":"wave"},
{"name":"ModelAdvance", "ph":"E", "ts":"2829263196", "pid":"1", "tid":"wave"},
{"name":"ModelSetRunClock", "ph":"B", "ts":"2832547644", "pid":"1", "tid":"wave"},
{"name":"ModelSetRunClock", "ph":"E", "ts":"2832547710", "pid":"1", "tid":"wave"},
{"name":"ModelAdvance", "ph":"B", "ts":"2832547789", "pid":"1", "tid":"wave"},
{"name":"ModelAdvance", "ph":"E", "ts":"2839868371", "pid":"1", "tid":"wave"},
{"name":"ModelSetRunClock", "ph":"B", "ts":"2842013982", "pid":"1", "tid":"wave"},
{"name":"ModelSetRunClock", "ph":"E", "ts":"2842014046", "pid":"1", "tid":"wave"},
{"name":"ModelAdvance", "ph":"B", "ts":"2842014376", "pid":"1", "tid":"wave"},
{"name":"ModelAdvance", "ph":"E", "ts":"2849845651", "pid":"1", "tid":"wave"},
{"name":"ModelSetRunClock", "ph":"B", "ts":"2853520082", "pid":"1", "tid":"wave"},
{"name":"ModelSetRunClock", "ph":"E", "ts":"2853520145", "pid":"1", "tid":"wave"},
{"name":"ModelAdvance", "ph":"B", "ts":"2853520266", "pid":"1", "tid":"wave"},
{"name":"ModelAdvance", "ph":"E", "ts":"2860953869", "pid":"1", "tid":"wave"},
{"name":"ModelSetRunClock", "ph":"B", "ts":"2862856760", "pid":"1", "tid":"wave"},
{"name":"ModelSetRunClock", "ph":"E", "ts":"2862856819", "pid":"1", "tid":"wave"},
{"name":"ModelAdvance", "ph":"B", "ts":"2862856907", "pid":"1", "tid":"wave"},
{"name":"ModelAdvance", "ph":"E", "ts":"2870780641", "pid":"1", "tid":"wave"},
{"name":"ModelSetRunClock", "ph":"B", "ts":"2874277070", "pid":"1", "tid":"wave"},
{"name":"ModelSetRunClock", "ph":"E", "ts":"2874277143", "pid":"1", "tid":"wave"},
{"name":"ModelAdvance", "ph":"B", "ts":"2874277219", "pid":"1", "tid":"wave"},
{"name":"ModelAdvance", "ph":"E", "ts":"2881598803", "pid":"1", "tid":"wave"},
{"name":"ModelSetRunClock", "ph":"B", "ts":"2883460174", "pid":"1", "tid":"wave"},
{"name":"ModelSetRunClock", "ph":"E", "ts":"2883522967", "pid":"1", "tid":"wave"},
{"name":"ModelAdvance", "ph":"B", "ts":"2883523175", "pid":"1", "tid":"wave"},
{"name":"ModelAdvance", "ph":"E", "ts":"2890927200", "pid":"1", "tid":"wave"},
{"name":"ModelSetRunClock", "ph":"B", "ts":"2894653514", "pid":"1", "tid":"wave"},
{"name":"ModelSetRunClock", "ph":"E", "ts":"2894653582", "pid":"1", "tid":"wave"},
{"name":"ModelAdvance", "ph":"B", "ts":"2894653664", "pid":"1", "tid":"wave"},
{"name":"ModelAdvance", "ph":"E", "ts":"2901748489", "pid":"1", "tid":"wave"},
{"name":"ModelSetRunClock", "ph":"B", "ts":"2903954999", "pid":"1", "tid":"wave"},
{"name":"ModelSetRunClock", "ph":"E", "ts":"2903955072", "pid":"1", "tid":"wave"},
{"name":"ModelAdvance", "ph":"B", "ts":"2903955160", "pid":"1", "tid":"wave"},
{"name":"ModelAdvance", "ph":"E", "ts":"2911531943", "pid":"1", "tid":"wave"},
{"name":"ModelSetRunClock", "ph":"B", "ts":"2914972634", "pid":"1", "tid":"wave"},
{"name":"ModelSetRunClock", "ph":"E", "ts":"2914972767", "pid":"1", "tid":"wave"},
{"name":"ModelAdvance", "ph":"B", "ts":"2914972935", "pid":"1", "tid":"wave"},
{"name":"ModelAdvance", "ph":"E", "ts":"2922350512", "pid":"1", "tid":"wave"},
{"name":"ModelSetRunClock", "ph":"B", "ts":"2937514411", "pid":"1", "tid":"wave"},
{"name":"ModelSetRunClock", "ph":"E", "ts":"2937514478", "pid":"1", "tid":"wave"},
{"name":"ModelAdvance", "ph":"B", "ts":"2937514558", "pid":"1", "tid":"wave"},
{"name":"ModelAdvance", "ph":"E", "ts":"2945166880", "pid":"1", "tid":"wave"},
{"name":"ModelSetRunClock", "ph":"B", "ts":"2949002179", "pid":"1", "tid":"wave"},
{"name":"ModelSetRunClock", "ph":"E", "ts":"2949002239", "pid":"1", "tid":"wave"},
{"name":"ModelAdvance", "ph":"B", "ts":"2949002315", "pid":"1", "tid":"wave"},
{"name":"ModelAdvance", "ph":"E", "ts":"2956429288", "pid":"1", "tid":"wave"},
{"name":"ModelSetRunClock", "ph":"B", "ts":"2958689502", "pid":"1", "tid":"wave"},
{"name":"ModelSetRunClock", "ph":"E", "ts":"2958689573", "pid":"1", "tid":"wave"},
{"name":"ModelAdvance", "ph":"B", "ts":"2958689654", "pid":"1", "tid":"wave"},
{"name":"ModelAdvance", "ph":"E", "ts":"2966148219", "pid":"1", "tid":"wave"},
{"name":"ModelSetRunClock", "ph":"B", "ts":"2969912309", "pid":"1", "tid":"wave"},
{"name":"ModelSetRunClock", "ph":"E", "ts":"2969912374", "pid":"1", "tid":"wave"},
{"name":"ModelAdvance", "ph":"B", "ts":"2969912488", "pid":"1", "tid":"wave"},
{"name":"ModelAdvance", "ph":"E", "ts":"2977008230", "pid":"1", "tid":"wave"},
{"name":"ModelSetRunClock", "ph":"B", "ts":"2980144613", "pid":"1", "tid":"wave"},
{"name":"ModelSetRunClock", "ph":"E", "ts":"2980144680", "pid":"1", "tid":"wave"},
{"name":"ModelAdvance", "ph":"B", "ts":"2980144757", "pid":"1", "tid":"wave"},
{"name":"ModelAdvance", "ph":"E", "ts":"2987366406", "pid":"1", "tid":"wave"},
{"name":"ModelSetRunClock", "ph":"B", "ts":"2991041568", "pid":"1", "tid":"wave"},
{"name":"ModelSetRunClock", "ph":"E", "ts":"2991041726", "pid":"1", "tid":"wave"},
{"name":"ModelAdvance", "ph":"B", "ts":"2991041905", "pid":"1", "tid":"wave"},
{"name":"ModelAdvance", "ph":"E", "ts":"2997896867", "pid":"1", "tid":"wave"},
{"name":"ModelSetRunClock", "ph":"B", "ts":"3001171307", "pid":"1", "tid":"wave"},
{"name":"ModelSetRunClock", "ph":"E", "ts":"3001171384", "pid":"1", "tid":"wave"},
{"name":"ModelAdvance", "ph":"B", "ts":"3001171467", "pid":"1", "tid":"wave"},
{"name":"ModelAdvance", "ph":"E", "ts":"3008242264", "pid":"1", "tid":"wave"},
{"name":"ModelSetRunClock", "ph":"B", "ts":"3012418460", "pid":"1", "tid":"wave"},
{"name":"ModelSetRunClock", "ph":"E", "ts":"3012418530", "pid":"1", "tid":"wave"},
{"name":"ModelAdvance", "ph":"B", "ts":"3012418608", "pid":"1", "tid":"wave"},
{"name":"ModelAdvance", "ph":"E", "ts":"3019290781", "pid":"1", "tid":"wave"},
{"name":"ModelSetRunClock", "ph":"B", "ts":"3022068425", "pid":"1", "tid":"wave"},
{"name":"ModelSetRunClock", "ph":"E", "ts":"3022068500", "pid":"1", "tid":"wave"},
{"name":"ModelAdvance", "ph":"B", "ts":"3022068580", "pid":"1", "tid":"wave"},
{"name":"ModelAdvance", "ph":"E", "ts":"3029157241", "pid":"1", "tid":"wave"},
{"name":"ModelSetRunClock", "ph":"B", "ts":"3033630185", "pid":"1", "tid":"wave"},
{"name":"ModelSetRunClock", "ph":"E", "ts":"3033630255", "pid":"1", "tid":"wave"},
{"name":"ModelAdvance", "ph":"B", "ts":"3033630380", "pid":"1", "tid":"wave"},
{"name":"ModelAdvance", "ph":"E", "ts":"3040485584", "pid":"1", "tid":"wave"},
{"name":"ModelSetRunClock", "ph":"B", "ts":"3042943363", "pid":"1", "tid":"wave"},
{"name":"ModelSetRunClock", "ph":"E", "ts":"3042943422", "pid":"1", "tid":"wave"},
{"name":"ModelAdvance", "ph":"B", "ts":"3042943501", "pid":"1", "tid":"wave"},
{"name":"ModelAdvance", "ph":"E", "ts":"3050078897", "pid":"1", "tid":"wave"},
{"name":"ModelSetRunClock", "ph":"B", "ts":"3054612317", "pid":"1", "tid":"wave"},
{"name":"ModelSetRunClock", "ph":"E", "ts":"3054612374", "pid":"1", "tid":"wave"},
{"name":"ModelAdvance", "ph":"B", "ts":"3054612450", "pid":"1", "tid":"wave"},
{"name":"ModelAdvance", "ph":"E", "ts":"3061562423", "pid":"1", "tid":"wave"},
{"name":"ModelSetRunClock", "ph":"B", "ts":"3066151114", "pid":"1", "tid":"wave"},
{"name":"ModelSetRunClock", "ph":"E", "ts":"3066151184", "pid":"1", "tid":"wave"},
{"name":"ModelAdvance", "ph":"B", "ts":"3066151265", "pid":"1", "tid":"wave"},
{"name":"ModelAdvance", "ph":"E", "ts":"3073402624", "pid":"1", "tid":"wave"},
{"name":"ModelSetRunClock", "ph":"B", "ts":"3078667865", "pid":"1", "tid":"wave"},
{"name":"ModelSetRunClock", "ph":"E", "ts":"3078668102", "pid":"1", "tid":"wave"},
{"name":"ModelAdvance", "ph":"B", "ts":"3078668333", "pid":"1", "tid":"wave"},
{"name":"ModelAdvance", "ph":"E", "ts":"3085695234", "pid":"1", "tid":"wave"},
{"name":"ModelSetRunClock", "ph":"B", "ts":"3087602998", "pid":"1", "tid":"wave"},
{"name":"ModelSetRunClock", "ph":"E", "ts":"3087603068", "pid":"1", "tid":"wave"},
{"name":"ModelAdvance", "ph":"B", "ts":"3087603179", "pid":"1", "tid":"wave"},
{"name":"ModelAdvance", "ph":"E", "ts":"3094925822", "pid":"1", "tid":"wave"},
{"name":"ModelSetRunClock", "ph":"B", "ts":"3100595068", "pid":"1", "tid":"wave"},
{"name":"ModelSetRunClock", "ph":"E", "ts":"3100595139", "pid":"1", "tid":"wave"},
{"name":"ModelAdvance", "ph":"B", "ts":"3100595218", "pid":"1", "tid":"wave"},
{"name":"ModelAdvance", "ph":"E", "ts":"3107703966", "pid":"1", "tid":"wave"},
{"name":"ModelSetRunClock", "ph":"B", "ts":"3109661957", "pid":"1", "tid":"wave"},
{"name":"ModelSetRunClock", "ph":"E", "ts":"3109819746", "pid":"1", "tid":"wave"},
{"name":"ModelAdvance", "ph":"B", "ts":"3109819882", "pid":"1", "tid":"wave"},
{"name":"ModelAdvance", "ph":"E", "ts":"3117182394", "pid":"1", "tid":"wave"},
{"name":"ModelSetRunClock", "ph":"B", "ts":"3121566070", "pid":"1", "tid":"wave"},
{"name":"ModelSetRunClock", "ph":"E", "ts":"3121566140", "pid":"1", "tid":"wave"},
{"name":"ModelAdvance", "ph":"B", "ts":"3121566224", "pid":"1", "tid":"wave"},
{"name":"ModelAdvance", "ph":"E", "ts":"3128720900", "pid":"1", "tid":"wave"},
{"name":"ModelSetRunClock", "ph":"B", "ts":"3130715636", "pid":"1", "tid":"wave"},
{"name":"ModelSetRunClock", "ph":"E", "ts":"3130715699", "pid":"1", "tid":"wave"},
{"name":"ModelAdvance", "ph":"B", "ts":"3130715777", "pid":"1", "tid":"wave"},
{"name":"ModelAdvance", "ph":"E", "ts":"3138171287", "pid":"1", "tid":"wave"},
{"name":"ModelSetRunClock", "ph":"B", "ts":"3142672446", "pid":"1", "tid":"wave"},
{"name":"ModelSetRunClock", "ph":"E", "ts":"3142672748", "pid":"1", "tid":"wave"},
{"name":"ModelAdvance", "ph":"B", "ts":"3142672969", "pid":"1", "tid":"wave"},
{"name":"ModelAdvance", "ph":"E", "ts":"3149842856", "pid":"1", "tid":"wave"},
{"name":"ModelSetRunClock", "ph":"B", "ts":"3151862801", "pid":"1", "tid":"wave"},
{"name":"ModelSetRunClock", "ph":"E", "ts":"3151862865", "pid":"1", "tid":"wave"},
{"name":"ModelAdvance", "ph":"B", "ts":"3151862943", "pid":"1", "tid":"wave"},
{"name":"ModelAdvance", "ph":"E", "ts":"3159394022", "pid":"1", "tid":"wave"},
{"name":"ModelSetRunClock", "ph":"B", "ts":"3164087795", "pid":"1", "tid":"wave"},
{"name":"ModelSetRunClock", "ph":"E", "ts":"3164087863", "pid":"1", "tid":"wave"},
{"name":"ModelAdvance", "ph":"B", "ts":"3164087964", "pid":"1", "tid":"wave"},
{"name":"ModelAdvance", "ph":"E", "ts":"3171298969", "pid":"1", "tid":"wave"},
{"name":"ModelSetRunClock", "ph":"B", "ts":"3173359520", "pid":"1", "tid":"wave"},
{"name":"ModelSetRunClock", "ph":"E", "ts":"3173359587", "pid":"1", "tid":"wave"},
{"name":"ModelAdvance", "ph":"B", "ts":"3173359667", "pid":"1", "tid":"wave"},
{"name":"ModelAdvance", "ph":"E", "ts":"3180816651", "pid":"1", "tid":"wave"},
{"name":"ModelSetRunClock", "ph":"B", "ts":"3184893630", "pid":"1", "tid":"wave"},
{"name":"ModelSetRunClock", "ph":"E", "ts":"3184893691", "pid":"1", "tid":"wave"},
{"name":"ModelAdvance", "ph":"B", "ts":"3184893775", "pid":"1", "tid":"wave"},
{"name":"ModelAdvance", "ph":"E", "ts":"3192086943", "pid":"1", "tid":"wave"},
{"name":"ModelSetRunClock", "ph":"B", "ts":"3195321936", "pid":"1", "tid":"wave"},
{"name":"ModelSetRunClock", "ph":"E", "ts":"3195322009", "pid":"1", "tid":"wave"},
{"name":"ModelAdvance", "ph":"B", "ts":"3195322092", "pid":"1", "tid":"wave"},
{"name":"ModelAdvance", "ph":"E", "ts":"3202739857", "pid":"1", "tid":"wave"},
{"name":"ModelSetRunClock", "ph":"B", "ts":"3206723400", "pid":"1", "tid":"wave"},
{"name":"ModelSetRunClock", "ph":"E", "ts":"3206723465", "pid":"1", "tid":"wave"},
{"name":"ModelAdvance", "ph":"B", "ts":"3206723543", "pid":"1", "tid":"wave"},
{"name":"ModelAdvance", "ph":"E", "ts":"3213799004", "pid":"1", "tid":"wave"},
{"name":"ModelSetRunClock", "ph":"B", "ts":"3216068364", "pid":"1", "tid":"wave"},
{"name":"ModelSetRunClock", "ph":"E", "ts":"3216068435", "pid":"1", "tid":"wave"},
{"name":"ModelAdvance", "ph":"B", "ts":"3216068515", "pid":"1", "tid":"wave"},
{"name":"ModelAdvance", "ph":"E", "ts":"3223349395", "pid":"1", "tid":"wave"},
{"name":"ModelSetRunClock", "ph":"B", "ts":"3227421405", "pid":"1", "tid":"wave"},
{"name":"ModelSetRunClock", "ph":"E", "ts":"3227421465", "pid":"1", "tid":"wave"},
{"name":"ModelAdvance", "ph":"B", "ts":"3227421541", "pid":"1", "tid":"wave"},
{"name":"ModelAdvance", "ph":"E", "ts":"3234442816", "pid":"1", "tid":"wave"},
{"name":"ModelSetRunClock", "ph":"B", "ts":"3236913220", "pid":"1", "tid":"wave"},
{"name":"ModelSetRunClock", "ph":"E", "ts":"3236913286", "pid":"1", "tid":"wave"},
{"name":"ModelAdvance", "ph":"B", "ts":"3236913371", "pid":"1", "tid":"wave"},
{"name":"ModelAdvance", "ph":"E", "ts":"3244045749", "pid":"1", "tid":"wave"},
{"name":"ModelSetRunClock", "ph":"B", "ts":"3247911125", "pid":"1", "tid":"wave"},
{"name":"ModelSetRunClock", "ph":"E", "ts":"3247911182", "pid":"1", "tid":"wave"},
{"name":"ModelAdvance", "ph":"B", "ts":"3247911261", "pid":"1", "tid":"wave"},
{"name":"ModelAdvance", "ph":"E", "ts":"3254728865", "pid":"1", "tid":"wave"},
{"name":"ModelSetRunClock", "ph":"B", "ts":"3257559040", "pid":"1", "tid":"wave"},
{"name":"ModelSetRunClock", "ph":"E", "ts":"3257559120", "pid":"1", "tid":"wave"},
{"name":"ModelAdvance", "ph":"B", "ts":"3257559370", "pid":"1", "tid":"wave"},
{"name":"ModelAdvance", "ph":"E", "ts":"3264603643", "pid":"1", "tid":"wave"},
{"name":"ModelSetRunClock", "ph":"B", "ts":"3268503581", "pid":"1", "tid":"wave"},
{"name":"ModelSetRunClock", "ph":"E", "ts":"3268503638", "pid":"1", "tid":"wave"},
{"name":"ModelAdvance", "ph":"B", "ts":"3268503715", "pid":"1", "tid":"wave"},
{"name":"ModelAdvance", "ph":"E", "ts":"3275421588", "pid":"1", "tid":"wave"},
{"name":"ModelSetRunClock", "ph":"B", "ts":"3278254490", "pid":"1", "tid":"wave"},
{"name":"ModelSetRunClock", "ph":"E", "ts":"3278254556", "pid":"1", "tid":"wave"},
{"name":"ModelAdvance", "ph":"B", "ts":"3278254646", "pid":"1", "tid":"wave"},
{"name":"ModelAdvance", "ph":"E", "ts":"3285425418", "pid":"1", "tid":"wave"},
{"name":"ModelSetRunClock", "ph":"B", "ts":"3289451135", "pid":"1", "tid":"wave"},
{"name":"ModelSetRunClock", "ph":"E", "ts":"3289451196", "pid":"1", "tid":"wave"},
{"name":"ModelAdvance", "ph":"B", "ts":"3289451275", "pid":"1", "tid":"wave"},
{"name":"ModelAdvance", "ph":"E", "ts":"3296478494", "pid":"1", "tid":"wave"},
{"name":"ModelSetRunClock", "ph":"B", "ts":"3299237668", "pid":"1", "tid":"wave"},
{"name":"ModelSetRunClock", "ph":"E", "ts":"3299237734", "pid":"1", "tid":"wave"},
{"name":"ModelAdvance", "ph":"B", "ts":"3299237816", "pid":"1", "tid":"wave"},
{"name":"ModelAdvance", "ph":"E", "ts":"3330145742", "pid":"1", "tid":"wave"},
{"name":"ModelSetRunClock", "ph":"B", "ts":"3338746579", "pid":"1", "tid":"wave"},
{"name":"ModelSetRunClock", "ph":"E", "ts":"3338746666", "pid":"1", "tid":"wave"},
{"name":"ModelAdvance", "ph":"B", "ts":"3338746763", "pid":"1", "tid":"wave"},
{"name":"ModelAdvance", "ph":"E", "ts":"3345783001", "pid":"1", "tid":"wave"},
{"name":"ModelSetRunClock", "ph":"B", "ts":"3349114282", "pid":"1", "tid":"wave"},
{"name":"ModelSetRunClock", "ph":"E", "ts":"3349114347", "pid":"1", "tid":"wave"},
{"name":"ModelAdvance", "ph":"B", "ts":"3349114429", "pid":"1", "tid":"wave"},
{"name":"ModelAdvance", "ph":"E", "ts":"3356372752", "pid":"1", "tid":"wave"},
{"name":"ModelSetRunClock", "ph":"B", "ts":"3360497444", "pid":"1", "tid":"wave"},
{"name":"ModelSetRunClock", "ph":"E", "ts":"3360497519", "pid":"1", "tid":"wave"},
{"name":"ModelAdvance", "ph":"B", "ts":"3360497605", "pid":"1", "tid":"wave"},
{"name":"ModelAdvance", "ph":"E", "ts":"3367442094", "pid":"1", "tid":"wave"},
{"name":"ModelSetRunClock", "ph":"B", "ts":"3369626234", "pid":"1", "tid":"wave"},
{"name":"ModelSetRunClock", "ph":"E", "ts":"3369626298", "pid":"1", "tid":"wave"},
{"name":"ModelAdvance", "ph":"B", "ts":"3369626374", "pid":"1", "tid":"wave"},
{"name":"ModelAdvance", "ph":"E", "ts":"3376807516", "pid":"1", "tid":"wave"},
{"name":"ModelSetRunClock", "ph":"B", "ts":"3380554543", "pid":"1", "tid":"wave"},
{"name":"ModelSetRunClock", "ph":"E", "ts":"3380554601", "pid":"1", "tid":"wave"},
{"name":"ModelAdvance", "ph":"B", "ts":"3380554683", "pid":"1", "tid":"wave"},
{"name":"ModelAdvance", "ph":"E", "ts":"3387542703", "pid":"1", "tid":"wave"},
{"name":"ModelSetRunClock", "ph":"B", "ts":"3390135060", "pid":"1", "tid":"wave"},
{"name":"ModelSetRunClock", "ph":"E", "ts":"3390135131", "pid":"1", "tid":"wave"},
{"name":"ModelAdvance", "ph":"B", "ts":"3390135208", "pid":"1", "tid":"wave"},
{"name":"ModelAdvance", "ph":"E", "ts":"3397241785", "pid":"1", "tid":"wave"},
{"name":"ModelSetRunClock", "ph":"B", "ts":"3400719494", "pid":"1", "tid":"wave"},
{"name":"ModelSetRunClock", "ph":"E", "ts":"3400719555", "pid":"1", "tid":"wave"},
{"name":"ModelAdvance", "ph":"B", "ts":"3400719642", "pid":"1", "tid":"wave"},
{"name":"ModelAdvance", "ph":"E", "ts":"3407492293", "pid":"1", "tid":"wave"},
{"name":"ModelSetRunClock", "ph":"B", "ts":"3410555251", "pid":"1", "tid":"wave"},
{"name":"ModelSetRunClock", "ph":"E", "ts":"3410555322", "pid":"1", "tid":"wave"},
{"name":"ModelAdvance", "ph":"B", "ts":"3410555398", "pid":"1", "tid":"wave"},
{"name":"ModelAdvance", "ph":"E", "ts":"3417462940", "pid":"1", "tid":"wave"},
{"name":"ModelSetRunClock", "ph":"B", "ts":"3421628406", "pid":"1", "tid":"wave"},
{"name":"ModelSetRunClock", "ph":"E", "ts":"3421628462", "pid":"1", "tid":"wave"},
{"name":"ModelAdvance", "ph":"B", "ts":"3421628542", "pid":"1", "tid":"wave"},
{"name":"ModelAdvance", "ph":"E", "ts":"3428384487", "pid":"1", "tid":"wave"},
{"name":"ModelSetRunClock", "ph":"B", "ts":"3431129182", "pid":"1", "tid":"wave"},
{"name":"ModelSetRunClock", "ph":"E", "ts":"3431129240", "pid":"1", "tid":"wave"},
{"name":"ModelAdvance", "ph":"B", "ts":"3431129318", "pid":"1", "tid":"wave"},
{"name":"ModelAdvance", "ph":"E", "ts":"3438085089", "pid":"1", "tid":"wave"},
{"name":"ModelSetRunClock", "ph":"B", "ts":"3443198791", "pid":"1", "tid":"wave"},
{"name":"ModelSetRunClock", "ph":"E", "ts":"3443198850", "pid":"1", "tid":"wave"},
{"name":"ModelAdvance", "ph":"B", "ts":"3443198928", "pid":"1", "tid":"wave"},
{"name":"ModelAdvance", "ph":"E", "ts":"3450019237", "pid":"1", "tid":"wave"},
{"name":"ModelSetRunClock", "ph":"B", "ts":"3452835175", "pid":"1", "tid":"wave"},
{"name":"ModelSetRunClock", "ph":"E", "ts":"3452835243", "pid":"1", "tid":"wave"},
{"name":"ModelAdvance", "ph":"B", "ts":"3452835323", "pid":"1", "tid":"wave"},
{"name":"ModelAdvance", "ph":"E", "ts":"3459908602", "pid":"1", "tid":"wave"},
{"name":"ModelSetRunClock", "ph":"B", "ts":"3464559052", "pid":"1", "tid":"wave"},
{"name":"ModelSetRunClock", "ph":"E", "ts":"3464559121", "pid":"1", "tid":"wave"},
{"name":"ModelAdvance", "ph":"B", "ts":"3464559199", "pid":"1", "tid":"wave"},
{"name":"ModelAdvance", "ph":"E", "ts":"3471478137", "pid":"1", "tid":"wave"},
{"name":"ModelSetRunClock", "ph":"B", "ts":"3475074897", "pid":"1", "tid":"wave"},
{"name":"ModelSetRunClock", "ph":"E", "ts":"3475074968", "pid":"1", "tid":"wave"},
{"name":"ModelAdvance", "ph":"B", "ts":"3475075054", "pid":"1", "tid":"wave"},
{"name":"ModelAdvance", "ph":"E", "ts":"3482313254", "pid":"1", "tid":"wave"},
{"name":"ModelSetRunClock", "ph":"B", "ts":"3486158766", "pid":"1", "tid":"wave"},
{"name":"ModelSetRunClock", "ph":"E", "ts":"3486158917", "pid":"1", "tid":"wave"},
{"name":"ModelAdvance", "ph":"B", "ts":"3486159008", "pid":"1", "tid":"wave"},
{"name":"ModelAdvance", "ph":"E", "ts":"3493196456", "pid":"1", "tid":"wave"},
{"name":"ModelSetRunClock", "ph":"B", "ts":"3495828026", "pid":"1", "tid":"wave"},
{"name":"ModelSetRunClock", "ph":"E", "ts":"3495828089", "pid":"1", "tid":"wave"},
{"name":"ModelAdvance", "ph":"B", "ts":"3495828176", "pid":"1", "tid":"wave"},
{"name":"ModelAdvance", "ph":"E", "ts":"3503009513", "pid":"1", "tid":"wave"},
{"name":"ModelSetRunClock", "ph":"B", "ts":"3506633744", "pid":"1", "tid":"wave"},
{"name":"ModelSetRunClock", "ph":"E", "ts":"3506633807", "pid":"1", "tid":"wave"},
{"name":"ModelAdvance", "ph":"B", "ts":"3506633885", "pid":"1", "tid":"wave"},
{"name":"ModelAdvance", "ph":"E", "ts":"3513640602", "pid":"1", "tid":"wave"},
{"name":"ModelSetRunClock", "ph":"B", "ts":"3516226774", "pid":"1", "tid":"wave"},
{"name":"ModelSetRunClock", "ph":"E", "ts":"3516227033", "pid":"1", "tid":"wave"},
{"name":"ModelAdvance", "ph":"B", "ts":"3516227272", "pid":"1", "tid":"wave"},
{"name":"ModelAdvance", "ph":"E", "ts":"3523371391", "pid":"1", "tid":"wave"},
{"name":"ModelSetRunClock", "ph":"B", "ts":"3529622204", "pid":"1", "tid":"wave"},
{"name":"ModelSetRunClock", "ph":"E", "ts":"3529622271", "pid":"1", "tid":"wave"},
{"name":"ModelAdvance", "ph":"B", "ts":"3529622350", "pid":"1", "tid":"wave"},
{"name":"ModelAdvance", "ph":"E", "ts":"3536582039", "pid":"1", "tid":"wave"},
{"name":"ModelSetRunClock", "ph":"B", "ts":"3538313380", "pid":"1", "tid":"wave"},
{"name":"ModelSetRunClock", "ph":"E", "ts":"3538313451", "pid":"1", "tid":"wave"},
{"name":"ModelAdvance", "ph":"B", "ts":"3538313535", "pid":"1", "tid":"wave"},
{"name":"ModelAdvance", "ph":"E", "ts":"3545388528", "pid":"1", "tid":"wave"},
{"name":"ModelSetRunClock", "ph":"B", "ts":"3551163920", "pid":"1", "tid":"wave"},
{"name":"ModelSetRunClock", "ph":"E", "ts":"3551163981", "pid":"1", "tid":"wave"},
{"name":"ModelAdvance", "ph":"B", "ts":"3551164070", "pid":"1", "tid":"wave"},
{"name":"ModelAdvance", "ph":"E", "ts":"3557993991", "pid":"1", "tid":"wave"},
{"name":"ModelSetRunClock", "ph":"B", "ts":"3559853360", "pid":"1", "tid":"wave"},
{"name":"ModelSetRunClock", "ph":"E", "ts":"3559853429", "pid":"1", "tid":"wave"},
{"name":"ModelAdvance", "ph":"B", "ts":"3559853509", "pid":"1", "tid":"wave"},
{"name":"ModelAdvance", "ph":"E", "ts":"3566729223", "pid":"1", "tid":"wave"},
{"name":"ModelSetRunClock", "ph":"B", "ts":"3571425793", "pid":"1", "tid":"wave"},
{"name":"ModelSetRunClock", "ph":"E", "ts":"3571425866", "pid":"1", "tid":"wave"},
{"name":"ModelAdvance", "ph":"B", "ts":"3571425946", "pid":"1", "tid":"wave"},
{"name":"ModelAdvance", "ph":"E", "ts":"3578082177", "pid":"1", "tid":"wave"},
{"name":"ModelSetRunClock", "ph":"B", "ts":"3580526054", "pid":"1", "tid":"wave"},
{"name":"ModelSetRunClock", "ph":"E", "ts":"3580526125", "pid":"1", "tid":"wave"},
{"name":"ModelAdvance", "ph":"B", "ts":"3580526204", "pid":"1", "tid":"wave"},
{"name":"ModelAdvance", "ph":"E", "ts":"3587301315", "pid":"1", "tid":"wave"},
{"name":"ModelSetRunClock", "ph":"B", "ts":"3591967762", "pid":"1", "tid":"wave"},
{"name":"ModelSetRunClock", "ph":"E", "ts":"3591967820", "pid":"1", "tid":"wave"},
{"name":"ModelAdvance", "ph":"B", "ts":"3591967903", "pid":"1", "tid":"wave"},
{"name":"ModelAdvance", "ph":"E", "ts":"3598630984", "pid":"1", "tid":"wave"},
{"name":"ModelSetRunClock", "ph":"B", "ts":"3603973144", "pid":"1", "tid":"wave"},
{"name":"ModelSetRunClock", "ph":"E", "ts":"3603973209", "pid":"1", "tid":"wave"},
{"name":"ModelAdvance", "ph":"B", "ts":"3603973288", "pid":"1", "tid":"wave"},
{"name":"ModelAdvance", "ph":"E", "ts":"3610805807", "pid":"1", "tid":"wave"},
{"name":"ModelSetRunClock", "ph":"B", "ts":"3614212579", "pid":"1", "tid":"wave"},
{"name":"ModelSetRunClock", "ph":"E", "ts":"3614212723", "pid":"1", "tid":"wave"},
{"name":"ModelAdvance", "ph":"B", "ts":"3614212818", "pid":"1", "tid":"wave"},
{"name":"ModelAdvance", "ph":"E", "ts":"3620946794", "pid":"1", "tid":"wave"},
{"name":"ModelSetRunClock", "ph":"B", "ts":"3624132960", "pid":"1", "tid":"wave"},
{"name":"ModelSetRunClock", "ph":"E", "ts":"3624133032", "pid":"1", "tid":"wave"},
{"name":"ModelAdvance", "ph":"B", "ts":"3624133110", "pid":"1", "tid":"wave"},
{"name":"ModelAdvance", "ph":"E", "ts":"3630929877", "pid":"1", "tid":"wave"},
{"name":"ModelSetRunClock", "ph":"B", "ts":"3634685862", "pid":"1", "tid":"wave"},
{"name":"ModelSetRunClock", "ph":"E", "ts":"3634685932", "pid":"1", "tid":"wave"},
{"name":"ModelAdvance", "ph":"B", "ts":"3634686008", "pid":"1", "tid":"wave"},
{"name":"ModelAdvance", "ph":"E", "ts":"3641391858", "pid":"1", "tid":"wave"},
{"name":"ModelSetRunClock", "ph":"B", "ts":"3644653074", "pid":"1", "tid":"wave"},
{"name":"ModelSetRunClock", "ph":"E", "ts":"3644653225", "pid":"1", "tid":"wave"},
{"name":"ModelAdvance", "ph":"B", "ts":"3644653332", "pid":"1", "tid":"wave"},
{"name":"ModelAdvance", "ph":"E", "ts":"3651589317", "pid":"1", "tid":"wave"},
{"name":"ModelSetRunClock", "ph":"B", "ts":"3654660168", "pid":"1", "tid":"wave"},
{"name":"ModelSetRunClock", "ph":"E", "ts":"3654660229", "pid":"1", "tid":"wave"},
{"name":"ModelAdvance", "ph":"B", "ts":"3654660305", "pid":"1", "tid":"wave"},
{"name":"ModelAdvance", "ph":"E", "ts":"3661480320", "pid":"1", "tid":"wave"},
{"name":"ModelSetRunClock", "ph":"B", "ts":"3664432030", "pid":"1", "tid":"wave"},
{"name":"ModelSetRunClock", "ph":"E", "ts":"3664432095", "pid":"1", "tid":"wave"},
{"name":"ModelAdvance", "ph":"B", "ts":"3664432175", "pid":"1", "tid":"wave"},
{"name":"ModelAdvance", "ph":"E", "ts":"3671440570", "pid":"1", "tid":"wave"},
{"name":"ModelSetRunClock", "ph":"B", "ts":"3674397463", "pid":"1", "tid":"wave"},
{"name":"ModelSetRunClock", "ph":"E", "ts":"3674397622", "pid":"1", "tid":"wave"},
{"name":"ModelAdvance", "ph":"B", "ts":"3674397740", "pid":"1", "tid":"wave"},
{"name":"ModelAdvance", "ph":"E", "ts":"3681340072", "pid":"1", "tid":"wave"},
{"name":"ModelSetRunClock", "ph":"B", "ts":"3684003408", "pid":"1", "tid":"wave"},
{"name":"ModelSetRunClock", "ph":"E", "ts":"3684003465", "pid":"1", "tid":"wave"},
{"name":"ModelAdvance", "ph":"B", "ts":"3684003666", "pid":"1", "tid":"wave"},
{"name":"ModelAdvance", "ph":"E", "ts":"3691154100", "pid":"1", "tid":"wave"},
{"name":"ModelSetRunClock", "ph":"B", "ts":"3694671793", "pid":"1", "tid":"wave"},
{"name":"ModelSetRunClock", "ph":"E", "ts":"3694671864", "pid":"1", "tid":"wave"},
{"name":"ModelAdvance", "ph":"B", "ts":"3694671942", "pid":"1", "tid":"wave"},
{"name":"ModelAdvance", "ph":"E", "ts":"3701686658", "pid":"1", "tid":"wave"},
{"name":"ModelSetRunClock", "ph":"B", "ts":"3704567241", "pid":"1", "tid":"wave"},
{"name":"ModelSetRunClock", "ph":"E", "ts":"3704567375", "pid":"1", "tid":"wave"},
{"name":"ModelAdvance", "ph":"B", "ts":"3704567457", "pid":"1", "tid":"wave"},
{"name":"ModelAdvance", "ph":"E", "ts":"3711743412", "pid":"1", "tid":"wave"},
{"name":"ModelSetRunClock", "ph":"B", "ts":"3715556817", "pid":"1", "tid":"wave"},
{"name":"ModelSetRunClock", "ph":"E", "ts":"3715556878", "pid":"1", "tid":"wave"},
{"name":"ModelAdvance", "ph":"B", "ts":"3715556955", "pid":"1", "tid":"wave"},
{"name":"ModelAdvance", "ph":"E", "ts":"3722671238", "pid":"1", "tid":"wave"},
{"name":"ModelSetRunClock", "ph":"B", "ts":"3726061917", "pid":"1", "tid":"wave"},
{"name":"ModelSetRunClock", "ph":"E", "ts":"3726061988", "pid":"1", "tid":"wave"},
{"name":"ModelAdvance", "ph":"B", "ts":"3726062072", "pid":"1", "tid":"wave"},
{"name":"ModelAdvance", "ph":"E", "ts":"3733320835", "pid":"1", "tid":"wave"},
{"name":"ModelSetRunClock", "ph":"B", "ts":"3735876392", "pid":"1", "tid":"wave"},
{"name":"ModelSetRunClock", "ph":"E", "ts":"3735876565", "pid":"1", "tid":"wave"},
{"name":"ModelAdvance", "ph":"B", "ts":"3735876774", "pid":"1", "tid":"wave"},
{"name":"ModelAdvance", "ph":"E", "ts":"3743033176", "pid":"1", "tid":"wave"},
{"name":"ModelSetRunClock", "ph":"B", "ts":"3745332389", "pid":"1", "tid":"wave"},
{"name":"ModelSetRunClock", "ph":"E", "ts":"3745332456", "pid":"1", "tid":"wave"},
{"name":"ModelAdvance", "ph":"B", "ts":"3745332530", "pid":"1", "tid":"wave"},
{"name":"ModelAdvance", "ph":"E", "ts":"3752661807", "pid":"1", "tid":"wave"},
{"name":"ModelSetRunClock", "ph":"B", "ts":"3755901680", "pid":"1", "tid":"wave"},
{"name":"ModelSetRunClock", "ph":"E", "ts":"3755901747", "pid":"1", "tid":"wave"},
{"name":"ModelAdvance", "ph":"B", "ts":"3755901826", "pid":"1", "tid":"wave"},
{"name":"ModelAdvance", "ph":"E", "ts":"3763134442", "pid":"1", "tid":"wave"},
{"name":"ModelSetRunClock", "ph":"B", "ts":"3765782629", "pid":"1", "tid":"wave"},
{"name":"ModelSetRunClock", "ph":"E", "ts":"3765782823", "pid":"1", "tid":"wave"},
{"name":"ModelAdvance", "ph":"B", "ts":"3765782916", "pid":"1", "tid":"wave"},
{"name":"ModelAdvance", "ph":"E", "ts":"3773022213", "pid":"1", "tid":"wave"},
{"name":"ModelSetRunClock", "ph":"B", "ts":"3776256011", "pid":"1", "tid":"wave"},
{"name":"ModelSetRunClock", "ph":"E", "ts":"3776256084", "pid":"1", "tid":"wave"},
{"name":"ModelAdvance", "ph":"B", "ts":"3776256162", "pid":"1", "tid":"wave"},
{"name":"ModelAdvance", "ph":"E", "ts":"3783278813", "pid":"1", "tid":"wave"},
{"name":"ModelSetRunClock", "ph":"B", "ts":"3786490718", "pid":"1", "tid":"wave"},
{"name":"ModelSetRunClock", "ph":"E", "ts":"3786490788", "pid":"1", "tid":"wave"},
{"name":"ModelAdvance", "ph":"B", "ts":"3786490869", "pid":"1", "tid":"wave"},
{"name":"ModelAdvance", "ph":"E", "ts":"3793608754", "pid":"1", "tid":"wave"},
{"name":"ModelSetRunClock", "ph":"B", "ts":"3796985769", "pid":"1", "tid":"wave"},
{"name":"ModelSetRunClock", "ph":"E", "ts":"3796986013", "pid":"1", "tid":"wave"},
{"name":"ModelAdvance", "ph":"B", "ts":"3796986200", "pid":"1", "tid":"wave"},
{"name":"ModelAdvance", "ph":"E", "ts":"3803968707", "pid":"1", "tid":"wave"},
{"name":"ModelSetRunClock", "ph":"B", "ts":"3806930306", "pid":"1", "tid":"wave"},
{"name":"ModelSetRunClock", "ph":"E", "ts":"3806930375", "pid":"1", "tid":"wave"},
{"name":"ModelAdvance", "ph":"B", "ts":"3806930451", "pid":"1", "tid":"wave"},
{"name":"ModelAdvance", "ph":"E", "ts":"3813998263", "pid":"1", "tid":"wave"},
{"name":"ModelSetRunClock", "ph":"B", "ts":"3819062130", "pid":"1", "tid":"wave"},
{"name":"ModelSetRunClock", "ph":"E", "ts":"3819062194", "pid":"1", "tid":"wave"},
{"name":"ModelAdvance", "ph":"B", "ts":"3819062268", "pid":"1", "tid":"wave"},
{"name":"ModelAdvance", "ph":"E", "ts":"3825919316", "pid":"1", "tid":"wave"},
{"name":"ModelSetRunClock", "ph":"B", "ts":"3828196837", "pid":"1", "tid":"wave"},
{"name":"ModelSetRunClock", "ph":"E", "ts":"3828197005", "pid":"1", "tid":"wave"},
{"name":"ModelAdvance", "ph":"B", "ts":"3828197110", "pid":"1", "tid":"wave"},
{"name":"ModelAdvance", "ph":"E", "ts":"3835155910", "pid":"1", "tid":"wave"},
{"name":"ModelSetRunClock", "ph":"B", "ts":"3848804014", "pid":"1", "tid":"wave"},
{"name":"ModelSetRunClock", "ph":"E", "ts":"3848804069", "pid":"1", "tid":"wave"},
{"name":"ModelAdvance", "ph":"B", "ts":"3848804147", "pid":"1", "tid":"wave"},
{"name":"ModelAdvance", "ph":"E", "ts":"3855575881", "pid":"1", "tid":"wave"},
{"name":"ModelSetRunClock", "ph":"B", "ts":"3864793697", "pid":"1", "tid":"wave"},
{"name":"ModelSetRunClock", "ph":"E", "ts":"3864793871", "pid":"1", "tid":"wave"},
{"name":"ModelAdvance", "ph":"B", "ts":"3864793976", "pid":"1", "tid":"wave"},
{"name":"ModelAdvance", "ph":"E", "ts":"3871699015", "pid":"1", "tid":"wave"},
{"name":"ModelSetRunClock", "ph":"B", "ts":"3875186137", "pid":"1", "tid":"wave"},
{"name":"ModelSetRunClock", "ph":"E", "ts":"3875186202", "pid":"1", "tid":"wave"},
{"name":"ModelAdvance", "ph":"B", "ts":"3875186285", "pid":"1", "tid":"wave"},
{"name":"ModelAdvance", "ph":"E", "ts":"3881898851", "pid":"1", "tid":"wave"},
{"name":"ModelSetRunClock", "ph":"B", "ts":"3886484204", "pid":"1", "tid":"wave"},
{"name":"ModelSetRunClock", "ph":"E", "ts":"3886484273", "pid":"1", "tid":"wave"},
{"name":"ModelAdvance", "ph":"B", "ts":"3886484352", "pid":"1", "tid":"wave"},
{"name":"ModelAdvance", "ph":"E", "ts":"3893294847", "pid":"1", "tid":"wave"},
{"name":"ModelSetRunClock", "ph":"B", "ts":"3896987852", "pid":"1", "tid":"wave"},
{"name":"ModelSetRunClock", "ph":"E", "ts":"3896987924", "pid":"1", "tid":"wave"},
{"name":"ModelAdvance", "ph":"B", "ts":"3896988003", "pid":"1", "tid":"wave"},
{"name":"ModelAdvance", "ph":"E", "ts":"3903634954", "pid":"1", "tid":"wave"},
{"name":"ModelSetRunClock", "ph":"B", "ts":"3907144895", "pid":"1", "tid":"wave"},
{"name":"ModelSetRunClock", "ph":"E", "ts":"3907144964", "pid":"1", "tid":"wave"},
{"name":"ModelAdvance", "ph":"B", "ts":"3907145040", "pid":"1", "tid":"wave"},
{"name":"ModelAdvance", "ph":"E", "ts":"3913923336", "pid":"1", "tid":"wave"},
{"name":"ModelSetRunClock", "ph":"B", "ts":"3918158007", "pid":"1", "tid":"wave"},
{"name":"ModelSetRunClock", "ph":"E", "ts":"3918158072", "pid":"1", "tid":"wave"},
{"name":"ModelAdvance", "ph":"B", "ts":"3918158177", "pid":"1", "tid":"wave"},
{"name":"ModelAdvance", "ph":"E", "ts":"3924800667", "pid":"1", "tid":"wave"},
{"name":"ModelSetRunClock", "ph":"B", "ts":"3928100970", "pid":"1", "tid":"wave"},
{"name":"ModelSetRunClock", "ph":"E", "ts":"3928101046", "pid":"1", "tid":"wave"},
{"name":"ModelAdvance", "ph":"B", "ts":"3928101128", "pid":"1", "tid":"wave"},
{"name":"ModelAdvance", "ph":"E", "ts":"3934936528", "pid":"1", "tid":"wave"},
{"name":"ModelSetRunClock", "ph":"B", "ts":"3938797552", "pid":"1", "tid":"wave"},
{"name":"ModelSetRunClock", "ph":"E", "ts":"3938797608", "pid":"1", "tid":"wave"},
{"name":"ModelAdvance", "ph":"B", "ts":"3938797689", "pid":"1", "tid":"wave"},
{"name":"ModelAdvance", "ph":"E", "ts":"3945482671", "pid":"1", "tid":"wave"},
{"name":"ModelSetRunClock", "ph":"B", "ts":"3948649336", "pid":"1", "tid":"wave"},
{"name":"ModelSetRunClock", "ph":"E", "ts":"3948649401", "pid":"1", "tid":"wave"},
{"name":"ModelAdvance", "ph":"B", "ts":"3948649476", "pid":"1", "tid":"wave"},
{"name":"ModelAdvance", "ph":"E", "ts":"3955437701", "pid":"1", "tid":"wave"},
{"name":"ModelSetRunClock", "ph":"B", "ts":"3959192213", "pid":"1", "tid":"wave"},
{"name":"ModelSetRunClock", "ph":"E", "ts":"3959192279", "pid":"1", "tid":"wave"},
{"name":"ModelAdvance", "ph":"B", "ts":"3959192369", "pid":"1", "tid":"wave"},
{"name":"ModelAdvance", "ph":"E", "ts":"3965782053", "pid":"1", "tid":"wave"},
{"name":"ModelSetRunClock", "ph":"B", "ts":"3969220016", "pid":"1", "tid":"wave"},
{"name":"ModelSetRunClock", "ph":"E", "ts":"3969220075", "pid":"1", "tid":"wave"},
{"name":"ModelAdvance", "ph":"B", "ts":"3969220151", "pid":"1", "tid":"wave"},
{"name":"ModelAdvance", "ph":"E", "ts":"3975912049", "pid":"1", "tid":"wave"},
{"name":"ModelSetRunClock", "ph":"B", "ts":"3980528450", "pid":"1", "tid":"wave"},
{"name":"ModelSetRunClock", "ph":"E", "ts":"3980528510", "pid":"1", "tid":"wave"},
{"name":"ModelAdvance", "ph":"B", "ts":"3980528585", "pid":"1", "tid":"wave"},
{"name":"ModelAdvance", "ph":"E", "ts":"3987088848", "pid":"1", "tid":"wave"},
{"name":"ModelSetRunClock", "ph":"B", "ts":"3991425894", "pid":"1", "tid":"wave"},
{"name":"ModelSetRunClock", "ph":"E", "ts":"3991425949", "pid":"1", "tid":"wave"},
{"name":"ModelAdvance", "ph":"B", "ts":"3991426029", "pid":"1", "tid":"wave"},
{"name":"ModelAdvance", "ph":"E", "ts":"3998118852", "pid":"1", "tid":"wave"},
{"name":"ModelSetRunClock", "ph":"B", "ts":"4001602755", "pid":"1", "tid":"wave"},
{"name":"ModelSetRunClock", "ph":"E", "ts":"4001602821", "pid":"1", "tid":"wave"},
{"name":"ModelAdvance", "ph":"B", "ts":"4001602932", "pid":"1", "tid":"wave"},
{"name":"ModelAdvance", "ph":"E", "ts":"4008212367", "pid":"1", "tid":"wave"},
{"name":"ModelSetRunClock", "ph":"B", "ts":"4011441989", "pid":"1", "tid":"wave"},
{"name":"ModelSetRunClock", "ph":"E", "ts":"4011442054", "pid":"1", "tid":"wave"},
{"name":"ModelAdvance", "ph":"B", "ts":"4011442133", "pid":"1", "tid":"wave"},
{"name":"ModelAdvance", "ph":"E", "ts":"4018242551", "pid":"1", "tid":"wave"},
{"name":"ModelSetRunClock", "ph":"B", "ts":"4022365193", "pid":"1", "tid":"wave"},
{"name":"ModelSetRunClock", "ph":"E", "ts":"4022365252", "pid":"1", "tid":"wave"},
{"name":"ModelAdvance", "ph":"B", "ts":"4022365334", "pid":"1", "tid":"wave"},
{"name":"ModelAdvance", "ph":"E", "ts":"4029094176", "pid":"1", "tid":"wave"},
{"name":"ModelSetRunClock", "ph":"B", "ts":"4032037197", "pid":"1", "tid":"wave"},
{"name":"ModelSetRunClock", "ph":"E", "ts":"4032037264", "pid":"1", "tid":"wave"},
{"name":"ModelAdvance", "ph":"B", "ts":"4032037340", "pid":"1", "tid":"wave"},
{"name":"ModelAdvance", "ph":"E", "ts":"4038962505", "pid":"1", "tid":"wave"},
{"name":"ModelSetRunClock", "ph":"B", "ts":"4043263831", "pid":"1", "tid":"wave"},
{"name":"ModelSetRunClock", "ph":"E", "ts":"4043263890", "pid":"1", "tid":"wave"},
{"name":"ModelAdvance", "ph":"B", "ts":"4043263966", "pid":"1", "tid":"wave"},
{"name":"ModelAdvance", "ph":"E", "ts":"4050109134", "pid":"1", "tid":"wave"},
{"name":"ModelSetRunClock", "ph":"B", "ts":"4052853227", "pid":"1", "tid":"wave"},
{"name":"ModelSetRunClock", "ph":"E", "ts":"4052853294", "pid":"1", "tid":"wave"},
{"name":"ModelAdvance", "ph":"B", "ts":"4052853378", "pid":"1", "tid":"wave"},
{"name":"ModelAdvance", "ph":"E", "ts":"4059824318", "pid":"1", "tid":"wave"},
{"name":"ModelSetRunClock", "ph":"B", "ts":"4066018913", "pid":"1", "tid":"wave"},
{"name":"ModelSetRunClock", "ph":"E", "ts":"4066018980", "pid":"1", "tid":"wave"},
{"name":"ModelAdvance", "ph":"B", "ts":"4066019056", "pid":"1", "tid":"wave"},
{"name":"ModelAdvance", "ph":"E", "ts":"4072794171", "pid":"1", "tid":"wave"},
{"name":"ModelSetRunClock", "ph":"B", "ts":"4076373468", "pid":"1", "tid":"wave"},
{"name":"ModelSetRunClock", "ph":"E", "ts":"4076373524", "pid":"1", "tid":"wave"},
{"name":"ModelAdvance", "ph":"B", "ts":"4076373602", "pid":"1", "tid":"wave"},
{"name":"ModelAdvance", "ph":"E", "ts":"4083309531", "pid":"1", "tid":"wave"},
{"name":"ModelSetRunClock", "ph":"B", "ts":"4089959783", "pid":"1", "tid":"wave"},
{"name":"ModelSetRunClock", "ph":"E", "ts":"4089959846", "pid":"1", "tid":"wave"},
{"name":"ModelAdvance", "ph":"B", "ts":"4089959921", "pid":"1", "tid":"wave"},
{"name":"ModelAdvance", "ph":"E", "ts":"4096666591", "pid":"1", "tid":"wave"},
{"name":"ModelSetRunClock", "ph":"B", "ts":"4098694043", "pid":"1", "tid":"wave"},
{"name":"ModelSetRunClock", "ph":"E", "ts":"4098694248", "pid":"1", "tid":"wave"},
{"name":"ModelAdvance", "ph":"B", "ts":"4098694433", "pid":"1", "tid":"wave"},
{"name":"ModelAdvance", "ph":"E", "ts":"4129335974", "pid":"1", "tid":"wave"},
{"name":"ModelSetRunClock", "ph":"B", "ts":"4138710821", "pid":"1", "tid":"wave"},
{"name":"ModelSetRunClock", "ph":"E", "ts":"4138710879", "pid":"1", "tid":"wave"},
{"name":"ModelAdvance", "ph":"B", "ts":"4138710959", "pid":"1", "tid":"wave"},
{"name":"ModelAdvance", "ph":"E", "ts":"4145373530", "pid":"1", "tid":"wave"},
{"name":"ModelSetRunClock", "ph":"B", "ts":"4149891533", "pid":"1", "tid":"wave"},
{"name":"ModelSetRunClock", "ph":"E", "ts":"4149891600", "pid":"1", "tid":"wave"},
{"name":"ModelAdvance", "ph":"B", "ts":"4149891676", "pid":"1", "tid":"wave"},
{"name":"ModelAdvance", "ph":"E", "ts":"4156816938", "pid":"1", "tid":"wave"},
{"name":"ModelSetRunClock", "ph":"B", "ts":"4160296860", "pid":"1", "tid":"wave"},
{"name":"ModelSetRunClock", "ph":"E", "ts":"4160297024", "pid":"1", "tid":"wave"},
{"name":"ModelAdvance", "ph":"B", "ts":"4160297189", "pid":"1", "tid":"wave"},
{"name":"ModelAdvance", "ph":"E", "ts":"4166996094", "pid":"1", "tid":"wave"},
{"name":"ModelSetRunClock", "ph":"B", "ts":"4170410422", "pid":"1", "tid":"wave"},
{"name":"ModelSetRunClock", "ph":"E", "ts":"4170410486", "pid":"1", "tid":"wave"},
{"name":"ModelAdvance", "ph":"B", "ts":"4170410568", "pid":"1", "tid":"wave"},
{"name":"ModelAdvance", "ph":"E", "ts":"4177577558", "pid":"1", "tid":"wave"},
{"name":"ModelSetRunClock", "ph":"B", "ts":"4182875932", "pid":"1", "tid":"wave"},
{"name":"ModelSetRunClock", "ph":"E", "ts":"4182875999", "pid":"1", "tid":"wave"},
{"name":"ModelAdvance", "ph":"B", "ts":"4182876077", "pid":"1", "tid":"wave"},
{"name":"ModelAdvance", "ph":"E", "ts":"4189636112", "pid":"1", "tid":"wave"},
{"name":"ModelSetRunClock", "ph":"B", "ts":"4191642094", "pid":"1", "tid":"wave"},
{"name":"ModelSetRunClock", "ph":"E", "ts":"4191642159", "pid":"1", "tid":"wave"},
{"name":"ModelAdvance", "ph":"B", "ts":"4191642233", "pid":"1", "tid":"wave"},
{"name":"ModelAdvance", "ph":"E", "ts":"4198759522", "pid":"1", "tid":"wave"},
{"name":"ModelSetRunClock", "ph":"B", "ts":"4202417467", "pid":"1", "tid":"wave"},
{"name":"ModelSetRunClock", "ph":"E", "ts":"4202417528", "pid":"1", "tid":"wave"},
{"name":"ModelAdvance", "ph":"B", "ts":"4202417608", "pid":"1", "tid":"wave"},
{"name":"ModelAdvance", "ph":"E", "ts":"4209217865", "pid":"1", "tid":"wave"},
{"name":"ModelSetRunClock", "ph":"B", "ts":"4212100629", "pid":"1", "tid":"wave"},
{"name":"ModelSetRunClock", "ph":"E", "ts":"4212100698", "pid":"1", "tid":"wave"},
{"name":"ModelAdvance", "ph":"B", "ts":"4212100777", "pid":"1", "tid":"wave"},
{"name":"ModelAdvance", "ph":"E", "ts":"4219283129", "pid":"1", "tid":"wave"},
{"name":"ModelSetRunClock", "ph":"B", "ts":"4222715038", "pid":"1", "tid":"wave"},
{"name":"ModelSetRunClock", "ph":"E", "ts":"4222715116", "pid":"1", "tid":"wave"},
{"name":"ModelAdvance", "ph":"B", "ts":"4222715193", "pid":"1", "tid":"wave"},
{"name":"ModelAdvance", "ph":"E", "ts":"4229633177", "pid":"1", "tid":"wave"},
{"name":"ModelSetRunClock", "ph":"B", "ts":"4232674629", "pid":"1", "tid":"wave"},
{"name":"ModelSetRunClock", "ph":"E", "ts":"4232674773", "pid":"1", "tid":"wave"},
{"name":"ModelAdvance", "ph":"B", "ts":"4232674864", "pid":"1", "tid":"wave"},
{"name":"ModelAdvance", "ph":"E", "ts":"4239909319", "pid":"1", "tid":"wave"},
{"name":"ModelSetRunClock", "ph":"B", "ts":"4243732836", "pid":"1", "tid":"wave"},
{"name":"ModelSetRunClock", "ph":"E", "ts":"4243733553", "pid":"1", "tid":"wave"},
{"name":"ModelAdvance", "ph":"B", "ts":"4243733651", "pid":"1", "tid":"wave"},
{"name":"ModelAdvance", "ph":"E", "ts":"4250705896", "pid":"1", "tid":"wave"},
{"name":"ModelSetRunClock", "ph":"B", "ts":"4253290920", "pid":"1", "tid":"wave"},
{"name":"ModelSetRunClock", "ph":"E", "ts":"4253290988", "pid":"1", "tid":"wave"},
{"name":"ModelAdvance", "ph":"B", "ts":"4253291062", "pid":"1", "tid":"wave"},
{"name":"ModelAdvance", "ph":"E", "ts":"4260497220", "pid":"1", "tid":"wave"},
{"name":"ModelSetRunClock", "ph":"B", "ts":"4264516670", "pid":"1", "tid":"wave"},
{"name":"ModelSetRunClock", "ph":"E", "ts":"4264516805", "pid":"1", "tid":"wave"},
{"name":"ModelAdvance", "ph":"B", "ts":"4264516892", "pid":"1", "tid":"wave"},
{"name":"ModelAdvance", "ph":"E", "ts":"4271564424", "pid":"1", "tid":"wave"},
{"name":"ModelSetRunClock", "ph":"B", "ts":"4277110194", "pid":"1", "tid":"wave"},
{"name":"ModelSetRunClock", "ph":"E", "ts":"4277110265", "pid":"1", "tid":"wave"},
{"name":"ModelAdvance", "ph":"B", "ts":"4277110342", "pid":"1", "tid":"wave"},
{"name":"ModelAdvance", "ph":"E", "ts":"4284313304", "pid":"1", "tid":"wave"},
{"name":"ModelSetRunClock", "ph":"B", "ts":"4287870283", "pid":"1", "tid":"wave"},
{"name":"ModelSetRunClock", "ph":"E", "ts":"4287870348", "pid":"1", "tid":"wave"},
{"name":"ModelAdvance", "ph":"B", "ts":"4287870434", "pid":"1", "tid":"wave"},
{"name":"ModelAdvance", "ph":"E", "ts":"4294915847", "pid":"1", "tid":"wave"},
{"name":"ModelSetRunClock", "ph":"B", "ts":"4297705864", "pid":"1", "tid":"wave"},
{"name":"ModelSetRunClock", "ph":"E", "ts":"4297705933", "pid":"1", "tid":"wave"},
{"name":"ModelAdvance", "ph":"B", "ts":"4297706016", "pid":"1", "tid":"wave"},
{"name":"ModelAdvance", "ph":"E", "ts":"4304859400", "pid":"1", "tid":"wave"},
{"name":"ModelSetRunClock", "ph":"B", "ts":"4307833899", "pid":"1", "tid":"wave"},
{"name":"ModelSetRunClock", "ph":"E", "ts":"4307833966", "pid":"1", "tid":"wave"},
{"name":"ModelAdvance", "ph":"B", "ts":"4307834076", "pid":"1", "tid":"wave"},
{"name":"ModelAdvance", "ph":"E", "ts":"4314882021", "pid":"1", "tid":"wave"},
{"name":"ModelSetRunClock", "ph":"B", "ts":"4317950057", "pid":"1", "tid":"wave"},
{"name":"ModelSetRunClock", "ph":"E", "ts":"4317950121", "pid":"1", "tid":"wave"},
{"name":"ModelAdvance", "ph":"B", "ts":"4317950196", "pid":"1", "tid":"wave"},
{"name":"ModelAdvance", "ph":"E", "ts":"4325167451", "pid":"1", "tid":"wave"},
