{"name":"SetServices", "ph":"B", "ts":"2041019175", "pid":"1", "tid":"mom"},
{"name":"SetServices", "ph":"E", "ts":"2041191546", "pid":"1", "tid":"mom"},
{"name":"InitializeP0", "ph":"B", "ts":"2042259304", "pid":"1", "tid":"mom"},
{"name":"InitializeP0", "ph":"E", "ts":"2042259868", "pid":"1", "tid":"mom"},
{"name":"InitializeAdvertise", "ph":"B", "ts":"2072273766", "pid":"1", "tid":"mom"},
{"name":"InitializeAdvertise", "ph":"E", "ts":"2196271443", "pid":"1", "tid":"mom"},
{"name":"InitializeRealize", "ph":"B", "ts":"2350079845", "pid":"1", "tid":"mom"},
{"name":"InitializeRealize", "ph":"E", "ts":"2354667644", "pid":"1", "tid":"mom"},
{"name":"DataInitialize", "ph":"B", "ts":"2394010587", "pid":"1", "tid":"mom"},
{"name":"DataInitialize", "ph":"E", "ts":"2394012090", "pid":"1", "tid":"mom"},
{"name":"ModelSetRunClock", "ph":"B", "ts":"2415413561", "pid":"1", "tid":"mom"},
{"name":"ModelSetRunClock", "ph":"E", "ts":"2415422979", "pid":"1", "tid":"mom"},
{"name":"ModelAdvance", "ph":"B", "ts":"2415423204", "pid":"1", "tid":"mom"},
{"name":"ModelAdvance", "ph":"E", "ts":"2422980713", "pid":"1", "tid":"mom"},
{"name":"ModelSetRunClock", "ph":"B", "ts":"2429144447", "pid":"1", "tid":"mom"},
{"name":"ModelSetRunClock", "ph":"E", "ts":"2429144513", "pid":"1", "tid":"mom"},
{"name":"ModelAdvance", "ph":"B", "ts":"2429144676", "pid":"1", "tid":"mom"},
{"name":"ModelAdvance", "ph":"E", "ts":"2435373037", "pid":"1", "tid":"mom"},
{"name":"ModelSetRunClock", "ph":"B", "ts":"2447357066", "pid":"1", "tid":"mom"},
{"name":"ModelSetRunClock", "ph":"E", "ts":"2447357236", "pid":"1", "tid":"mom"},
{"name":"ModelAdvance", "ph":"B", "ts":"2447357399", "pid":"1", "tid":"mom"},
{"name":"ModelAdvance", "ph":"E", "ts":"2453613633", "pid":"1", "tid":"mom"},
{"name":"ModelSetRunClock", "ph":"B", "ts":"2464514106", "pid":"1", "tid":"mom"},
{"name":"ModelSetRunClock", "ph":"E", "ts":"2464514163", "pid":"1", "tid":"mom"},
{"name":"ModelAdvance", "ph":"B", "ts":"2464514325", "pid":"1", "tid":"mom"},
{"name":"ModelAdvance", "ph":"E", "ts":"2470824732", "pid":"1", "tid":"mom"},
{"name":"ModelSetRunClock", "ph":"B", "ts":"2488304438", "pid":"1", "tid":"mom"},
{"name":"ModelSetRunClock", "ph":"E", "ts":"2488304622", "pid":"1", "tid":"mom"},
{"name":"ModelAdvance", "ph":"B", "ts":"2488304785", "pid":"1", "tid":"mom"},
{"name":"ModelAdvance", "ph":"E", "ts":"2494575007", "pid":"1", "tid":"mom"},
{"name":"ModelSetRunClock", "ph":"B", "ts":"2505279722", "pid":"1", "tid":"mom"},
{"name":"ModelSetRunClock", "ph":"E", "ts":"2505279845", "pid":"1", "tid":"mom"},
{"name":"ModelAdvance", "ph":"B", "ts":"2505280003", "pid":"1", "tid":"mom"},
{"name":"ModelAdvance", "ph":"E", "ts":"2511656863", "pid":"1", "tid":"mom"},
{"name":"ModelSetRunClock", "ph":"B", "ts":"2531951320", "pid":"1", "tid":"mom"},
{"name":"ModelSetRunClock", "ph":"E", "ts":"2531951387", "pid":"1", "tid":"mom"},
{"name":"ModelAdvance", "ph":"B", "ts":"2531951560", "pid":"1", "tid":"mom"},
{"name":"ModelAdvance", "ph":"E", "ts":"2538233688", "pid":"1", "tid":"mom"},
{"name":"ModelSetRunClock", "ph":"B", "ts":"2543139400", "pid":"1", "tid":"mom"},
{"name":"ModelSetRunClock", "ph":"E", "ts":"2543139467", "pid":"1", "tid":"mom"},
{"name":"ModelAdvance", "ph":"B", "ts":"2543139631", "pid":"1", "tid":"mom"},
{"name":"ModelAdvance", "ph":"E", "ts":"2549419522", "pid":"1", "tid":"mom"},
{"name":"ModelSetRunClock", "ph":"B", "ts":"2556538323", "pid":"1", "tid":"mom"},
{"name":"ModelSetRunClock", "ph":"E", "ts":"2556538400", "pid":"1", "tid":"mom"},
{"name":"ModelAdvance", "ph":"B", "ts":"2556538587", "pid":"1", "tid":"mom"},
{"name":"ModelAdvance", "ph":"E", "ts":"2562852606", "pid":"1", "tid":"mom"},
{"name":"ModelSetRunClock", "ph":"B", "ts":"2566406169", "pid":"1", "tid":"mom"},
{"name":"ModelSetRunClock", "ph":"E", "ts":"2566406355", "pid":"1", "tid":"mom"},
{"name":"ModelAdvance", "ph":"B", "ts":"2566406555", "pid":"1", "tid":"mom"},
{"name":"ModelAdvance", "ph":"E", "ts":"2572750162", "pid":"1", "tid":"mom"},
{"name":"ModelSetRunClock", "ph":"B", "ts":"2578205206", "pid":"1", "tid":"mom"},
{"name":"ModelSetRunClock", "ph":"E", "ts":"2578205270", "pid":"1", "tid":"mom"},
{"name":"ModelAdvance", "ph":"B", "ts":"2578205578", "pid":"1", "tid":"mom"},
{"name":"ModelAdvance", "ph":"E", "ts":"2584575917", "pid":"1", "tid":"mom"},
{"name":"ModelSetRunClock", "ph":"B", "ts":"2587524366", "pid":"1", "tid":"mom"},
{"name":"ModelSetRunClock", "ph":"E", "ts":"2587524449", "pid":"1", "tid":"mom"},
{"name":"ModelAdvance", "ph":"B", "ts":"2587524653", "pid":"1", "tid":"mom"},
{"name":"ModelAdvance", "ph":"E", "ts":"2593816507", "pid":"1", "tid":"mom"},
{"name":"ModelSetRunClock", "ph":"B", "ts":"2599935559", "pid":"1", "tid":"mom"},
{"name":"ModelSetRunClock", "ph":"E", "ts":"2599935738", "pid":"1", "tid":"mom"},
{"name":"ModelAdvance", "ph":"B", "ts":"2599935906", "pid":"1", "tid":"mom"},
{"name":"ModelAdvance", "ph":"E", "ts":"2606091969", "pid":"1", "tid":"mom"},
{"name":"ModelSetRunClock", "ph":"B", "ts":"2608933479", "pid":"1", "tid":"mom"},
{"name":"ModelSetRunClock", "ph":"E", "ts":"2608933551", "pid":"1", "tid":"mom"},
{"name":"ModelAdvance", "ph":"B", "ts":"2608933741", "pid":"1", "tid":"mom"},
{"name":"ModelAdvance", "ph":"E", "ts":"2615093124", "pid":"1", "tid":"mom"},
{"name":"ModelSetRunClock", "ph":"B", "ts":"2621570076", "pid":"1", "tid":"mom"},
{"name":"ModelSetRunClock", "ph":"E", "ts":"2621570138", "pid":"1", "tid":"mom"},
{"name":"ModelAdvance", "ph":"B", "ts":"2621570300", "pid":"1", "tid":"mom"},
{"name":"ModelAdvance", "ph":"E", "ts":"2627699316", "pid":"1", "tid":"mom"},
{"name":"ModelSetRunClock", "ph":"B", "ts":"2630611539", "pid":"1", "tid":"mom"},
{"name":"ModelSetRunClock", "ph":"E", "ts":"2630611631", "pid":"1", "tid":"mom"},
{"name":"ModelAdvance", "ph":"B", "ts":"2630611817", "pid":"1", "tid":"mom"},
{"name":"ModelAdvance", "ph":"E", "ts":"2636722575", "pid":"1", "tid":"mom"},
{"name":"ModelSetRunClock", "ph":"B", "ts":"2642149833", "pid":"1", "tid":"mom"},
{"name":"ModelSetRunClock", "ph":"E", "ts":"2642149903", "pid":"1", "tid":"mom"},
{"name":"ModelAdvance", "ph":"B", "ts":"2642150100", "pid":"1", "tid":"mom"},
{"name":"ModelAdvance", "ph":"E", "ts":"2648265287", "pid":"1", "tid":"mom"},
{"name":"ModelSetRunClock", "ph":"B", "ts":"2651257012", "pid":"1", "tid":"mom"},
{"name":"ModelSetRunClock", "ph":"E", "ts":"2651257095", "pid":"1", "tid":"mom"},
{"name":"ModelAdvance", "ph":"B", "ts":"2651257297", "pid":"1", "tid":"mom"},
{"name":"ModelAdvance", "ph":"E", "ts":"2657441605", "pid":"1", "tid":"mom"},
{"name":"ModelSetRunClock", "ph":"B", "ts":"2662567311", "pid":"1", "tid":"mom"},
{"name":"ModelSetRunClock", "ph":"E", "ts":"2662567462", "pid":"1", "tid":"mom"},
{"name":"ModelAdvance", "ph":"B", "ts":"2662567618", "pid":"1", "tid":"mom"},
{"name":"ModelAdvance", "ph":"E", "ts":"2672850115", "pid":"1", "tid":"mom"},
{"name":"ModelSetRunClock", "ph":"B", "ts":"2672873257", "pid":"1", "tid":"mom"},
{"name":"ModelSetRunClock", "ph":"E", "ts":"2672873321", "pid":"1", "tid":"mom"},
{"name":"ModelAdvance", "ph":"B", "ts":"2672873488", "pid":"1", "tid":"mom"},
{"name":"ModelAdvance", "ph":"E", "ts":"2678968337", "pid":"1", "tid":"mom"},
{"name":"ModelSetRunClock", "ph":"B", "ts":"2686349345", "pid":"1", "tid":"mom"},
{"name":"ModelSetRunClock", "ph":"E", "ts":"2686349416", "pid":"1", "tid":"mom"},
{"name":"ModelAdvance", "ph":"B", "ts":"2686349586", "pid":"1", "tid":"mom"},
{"name":"ModelAdvance", "ph":"E", "ts":"2692460905", "pid":"1", "tid":"mom"},
{"name":"ModelSetRunClock", "ph":"B", "ts":"2695608681", "pid":"1", "tid":"mom"},
{"name":"ModelSetRunClock", "ph":"E", "ts":"2695608908", "pid":"1", "tid":"mom"},
{"name":"ModelAdvance", "ph":"B", "ts":"2695609125", "pid":"1", "tid":"mom"},
{"name":"ModelAdvance", "ph":"E", "ts":"2701669174", "pid":"1", "tid":"mom"},
{"name":"ModelSetRunClock", "ph":"B", "ts":"2707005200", "pid":"1", "tid":"mom"},
{"name":"ModelSetRunClock", "ph":"E", "ts":"2707005274", "pid":"1", "tid":"mom"},
{"name":"ModelAdvance", "ph":"B", "ts":"2707005447", "pid":"1", "tid":"mom"},
{"name":"ModelAdvance", "ph":"E", "ts":"2713038252", "pid":"1", "tid":"mom"},
{"name":"ModelSetRunClock", "ph":"B", "ts":"2716389955", "pid":"1", "tid":"mom"},
{"name":"ModelSetRunClock", "ph":"E", "ts":"2716390167", "pid":"1", "tid":"mom"},
{"name":"ModelAdvance", "ph":"B", "ts":"2716390349", "pid":"1", "tid":"mom"},
{"name":"ModelAdvance", "ph":"E", "ts":"2722503003", "pid":"1", "tid":"mom"},
{"name":"ModelSetRunClock", "ph":"B", "ts":"2728399945", "pid":"1", "tid":"mom"},
{"name":"ModelSetRunClock", "ph":"E", "ts":"2728400269", "pid":"1", "tid":"mom"},
{"name":"ModelAdvance", "ph":"B", "ts":"2728400510", "pid":"1", "tid":"mom"},
{"name":"ModelAdvance", "ph":"E", "ts":"2734426308", "pid":"1", "tid":"mom"},
{"name":"ModelSetRunClock", "ph":"B", "ts":"2737627496", "pid":"1", "tid":"mom"},
{"name":"ModelSetRunClock", "ph":"E", "ts":"2737627560", "pid":"1", "tid":"mom"},
{"name":"ModelAdvance", "ph":"B", "ts":"2737627722", "pid":"1", "tid":"mom"},
{"name":"ModelAdvance", "ph":"E", "ts":"2743646815", "pid":"1", "tid":"mom"},
{"name":"ModelSetRunClock", "ph":"B", "ts":"2748916058", "pid":"1", "tid":"mom"},
{"name":"ModelSetRunClock", "ph":"E", "ts":"2748916128", "pid":"1", "tid":"mom"},
{"name":"ModelAdvance", "ph":"B", "ts":"2748916302", "pid":"1", "tid":"mom"},
{"name":"ModelAdvance", "ph":"E", "ts":"2754935403", "pid":"1", "tid":"mom"},
{"name":"ModelSetRunClock", "ph":"B", "ts":"2758228404", "pid":"1", "tid":"mom"},
{"name":"ModelSetRunClock", "ph":"E", "ts":"2758228527", "pid":"1", "tid":"mom"},
{"name":"ModelAdvance", "ph":"B", "ts":"2758228773", "pid":"1", "tid":"mom"},
{"name":"ModelAdvance", "ph":"E", "ts":"2764254994", "pid":"1", "tid":"mom"},
{"name":"ModelSetRunClock", "ph":"B", "ts":"2769909710", "pid":"1", "tid":"mom"},
{"name":"ModelSetRunClock", "ph":"E", "ts":"2769909830", "pid":"1", "tid":"mom"},
{"name":"ModelAdvance", "ph":"B", "ts":"2769910110", "pid":"1", "tid":"mom"},
{"name":"ModelAdvance", "ph":"E", "ts":"2775923206", "pid":"1", "tid":"mom"},
{"name":"ModelSetRunClock", "ph":"B", "ts":"2779098195", "pid":"1", "tid":"mom"},
{"name":"ModelSetRunClock", "ph":"E", "ts":"2779098267", "pid":"1", "tid":"mom"},
{"name":"ModelAdvance", "ph":"B", "ts":"2779098482", "pid":"1", "tid":"mom"},
{"name":"ModelAdvance", "ph":"E", "ts":"2785204045", "pid":"1", "tid":"mom"},
{"name":"ModelSetRunClock", "ph":"B", "ts":"2790404087", "pid":"1", "tid":"mom"},
{"name":"ModelSetRunClock", "ph":"E", "ts":"2790404368", "pid":"1", "tid":"mom"},
{"name":"ModelAdvance", "ph":"B", "ts":"2790404569", "pid":"1", "tid":"mom"},
{"name":"ModelAdvance", "ph":"E", "ts":"2800828696", "pid":"1", "tid":"mom"},
{"name":"ModelSetRunClock", "ph":"B", "ts":"2800855810", "pid":"1", "tid":"mom"},
{"name":"ModelSetRunClock", "ph":"E", "ts":"2800855901", "pid":"1", "tid":"mom"},
{"name":"ModelAdvance", "ph":"B", "ts":"2800856130", "pid":"1", "tid":"mom"},
{"name":"ModelAdvance", "ph":"E", "ts":"2806885113", "pid":"1", "tid":"mom"},
{"name":"ModelSetRunClock", "ph":"B", "ts":"2812134061", "pid":"1", "tid":"mom"},
{"name":"ModelSetRunClock", "ph":"E", "ts":"2812134140", "pid":"1", "tid":"mom"},
{"name":"ModelAdvance", "ph":"B", "ts":"2812134346", "pid":"1", "tid":"mom"},
{"name":"ModelAdvance", "ph":"E", "ts":"2818135342", "pid":"1", "tid":"mom"},
{"name":"ModelSetRunClock", "ph":"B", "ts":"2821443465", "pid":"1", "tid":"mom"},
{"name":"ModelSetRunClock", "ph":"E", "ts":"2821443780", "pid":"1", "tid":"mom"},
{"name":"ModelAdvance", "ph":"B", "ts":"2821443987", "pid":"1", "tid":"mom"},
{"name":"ModelAdvance", "ph":"E", "ts":"2827478374", "pid":"1", "tid":"mom"},
{"name":"ModelSetRunClock", "ph":"B", "ts":"2832548911", "pid":"1", "tid":"mom"},
{"name":"ModelSetRunClock", "ph":"E", "ts":"2832548971", "pid":"1", "tid":"mom"},
{"name":"ModelAdvance", "ph":"B", "ts":"2832549118", "pid":"1", "tid":"mom"},
{"name":"ModelAdvance", "ph":"E", "ts":"2838668478", "pid":"1", "tid":"mom"},
{"name":"ModelSetRunClock", "ph":"B", "ts":"2842027994", "pid":"1", "tid":"mom"},
{"name":"ModelSetRunClock", "ph":"E", "ts":"2842028091", "pid":"1", "tid":"mom"},
{"name":"ModelAdvance", "ph":"B", "ts":"2842028315", "pid":"1", "tid":"mom"},
{"name":"ModelAdvance", "ph":"E", "ts":"2848182295", "pid":"1", "tid":"mom"},
{"name":"ModelSetRunClock", "ph":"B", "ts":"2853531667", "pid":"1", "tid":"mom"},
{"name":"ModelSetRunClock", "ph":"E", "ts":"2853531866", "pid":"1", "tid":"mom"},
{"name":"ModelAdvance", "ph":"B", "ts":"2853532044", "pid":"1", "tid":"mom"},
{"name":"ModelAdvance", "ph":"E", "ts":"2859627647", "pid":"1", "tid":"mom"},
{"name":"ModelSetRunClock", "ph":"B", "ts":"2862868423", "pid":"1", "tid":"mom"},
{"name":"ModelSetRunClock", "ph":"E", "ts":"2862868491", "pid":"1", "tid":"mom"},
{"name":"ModelAdvance", "ph":"B", "ts":"2862868660", "pid":"1", "tid":"mom"},
{"name":"ModelAdvance", "ph":"E", "ts":"2868935279", "pid":"1", "tid":"mom"},
{"name":"ModelSetRunClock", "ph":"B", "ts":"2874285527", "pid":"1", "tid":"mom"},
{"name":"ModelSetRunClock", "ph":"E", "ts":"2874285593", "pid":"1", "tid":"mom"},
{"name":"ModelAdvance", "ph":"B", "ts":"2874285763", "pid":"1", "tid":"mom"},
{"name":"ModelAdvance", "ph":"E", "ts":"2880350352", "pid":"1", "tid":"mom"},
{"name":"ModelSetRunClock", "ph":"B", "ts":"2883474237", "pid":"1", "tid":"mom"},
{"name":"ModelSetRunClock", "ph":"E", "ts":"2883474480", "pid":"1", "tid":"mom"},
{"name":"ModelAdvance", "ph":"B", "ts":"2883474693", "pid":"1", "tid":"mom"},
{"name":"ModelAdvance", "ph":"E", "ts":"2889521337", "pid":"1", "tid":"mom"},
{"name":"ModelSetRunClock", "ph":"B", "ts":"2894666679", "pid":"1", "tid":"mom"},
{"name":"ModelSetRunClock", "ph":"E", "ts":"2894666822", "pid":"1", "tid":"mom"},
{"name":"ModelAdvance", "ph":"B", "ts":"2894667066", "pid":"1", "tid":"mom"},
{"name":"ModelAdvance", "ph":"E", "ts":"2900775439", "pid":"1", "tid":"mom"},
{"name":"ModelSetRunClock", "ph":"B", "ts":"2903964879", "pid":"1", "tid":"mom"},
{"name":"ModelSetRunClock", "ph":"E", "ts":"2903964946", "pid":"1", "tid":"mom"},
{"name":"ModelAdvance", "ph":"B", "ts":"2903965121", "pid":"1", "tid":"mom"},
{"name":"ModelAdvance", "ph":"E", "ts":"2910121878", "pid":"1", "tid":"mom"},
{"name":"ModelSetRunClock", "ph":"B", "ts":"2914982372", "pid":"1", "tid":"mom"},
{"name":"ModelSetRunClock", "ph":"E", "ts":"2914982536", "pid":"1", "tid":"mom"},
{"name":"ModelAdvance", "ph":"B", "ts":"2914982708", "pid":"1", "tid":"mom"},
{"name":"ModelAdvance", "ph":"E", "ts":"2926348483", "pid":"1", "tid":"mom"},
{"name":"ModelSetRunClock", "ph":"B", "ts":"2937523200", "pid":"1", "tid":"mom"},
{"name":"ModelSetRunClock", "ph":"E", "ts":"2937523263", "pid":"1", "tid":"mom"},
{"name":"ModelAdvance", "ph":"B", "ts":"2937523423", "pid":"1", "tid":"mom"},
{"name":"ModelAdvance", "ph":"E", "ts":"2943596273", "pid":"1", "tid":"mom"},
{"name":"ModelSetRunClock", "ph":"B", "ts":"2949008182", "pid":"1", "tid":"mom"},
{"name":"ModelSetRunClock", "ph":"E", "ts":"2949008352", "pid":"1", "tid":"mom"},
{"name":"ModelAdvance", "ph":"B", "ts":"2949008520", "pid":"1", "tid":"mom"},
{"name":"ModelAdvance", "ph":"E", "ts":"2955115656", "pid":"1", "tid":"mom"},
{"name":"ModelSetRunClock", "ph":"B", "ts":"2958703430", "pid":"1", "tid":"mom"},
{"name":"ModelSetRunClock", "ph":"E", "ts":"2958703533", "pid":"1", "tid":"mom"},
{"name":"ModelAdvance", "ph":"B", "ts":"2958703730", "pid":"1", "tid":"mom"},
{"name":"ModelAdvance", "ph":"E", "ts":"2964820983", "pid":"1", "tid":"mom"},
{"name":"ModelSetRunClock", "ph":"B", "ts":"2969923208", "pid":"1", "tid":"mom"},
{"name":"ModelSetRunClock", "ph":"E", "ts":"2969923277", "pid":"1", "tid":"mom"},
{"name":"ModelAdvance", "ph":"B", "ts":"2969923466", "pid":"1", "tid":"mom"},
{"name":"ModelAdvance", "ph":"E", "ts":"2976019866", "pid":"1", "tid":"mom"},
{"name":"ModelSetRunClock", "ph":"B", "ts":"2980156751", "pid":"1", "tid":"mom"},
{"name":"ModelSetRunClock", "ph":"E", "ts":"2980156877", "pid":"1", "tid":"mom"},
{"name":"ModelAdvance", "ph":"B", "ts":"2980157110", "pid":"1", "tid":"mom"},
{"name":"ModelAdvance", "ph":"E", "ts":"2986338465", "pid":"1", "tid":"mom"},
{"name":"ModelSetRunClock", "ph":"B", "ts":"2991054684", "pid":"1", "tid":"mom"},
{"name":"ModelSetRunClock", "ph":"E", "ts":"2991054795", "pid":"1", "tid":"mom"},
{"name":"ModelAdvance", "ph":"B", "ts":"2991055003", "pid":"1", "tid":"mom"},
{"name":"ModelAdvance", "ph":"E", "ts":"2997139768", "pid":"1", "tid":"mom"},
{"name":"ModelSetRunClock", "ph":"B", "ts":"3001182382", "pid":"1", "tid":"mom"},
{"name":"ModelSetRunClock", "ph":"E", "ts":"3001182507", "pid":"1", "tid":"mom"},
{"name":"ModelAdvance", "ph":"B", "ts":"3001182758", "pid":"1", "tid":"mom"},
{"name":"ModelAdvance", "ph":"E", "ts":"3007233273", "pid":"1", "tid":"mom"},
{"name":"ModelSetRunClock", "ph":"B", "ts":"3012425976", "pid":"1", "tid":"mom"},
{"name":"ModelSetRunClock", "ph":"E", "ts":"3012426048", "pid":"1", "tid":"mom"},
{"name":"ModelAdvance", "ph":"B", "ts":"3012426213", "pid":"1", "tid":"mom"},
{"name":"ModelAdvance", "ph":"E", "ts":"3018490374", "pid":"1", "tid":"mom"},
{"name":"ModelSetRunClock", "ph":"B", "ts":"3022082063", "pid":"1", "tid":"mom"},
{"name":"ModelSetRunClock", "ph":"E", "ts":"3022082215", "pid":"1", "tid":"mom"},
{"name":"ModelAdvance", "ph":"B", "ts":"3022082487", "pid":"1", "tid":"mom"},
{"name":"ModelAdvance", "ph":"E", "ts":"3028132505", "pid":"1", "tid":"mom"},
{"name":"ModelSetRunClock", "ph":"B", "ts":"3033642674", "pid":"1", "tid":"mom"},
{"name":"ModelSetRunClock", "ph":"E", "ts":"3033642779", "pid":"1", "tid":"mom"},
{"name":"ModelAdvance", "ph":"B", "ts":"3033643004", "pid":"1", "tid":"mom"},
{"name":"ModelAdvance", "ph":"E", "ts":"3039705612", "pid":"1", "tid":"mom"},
{"name":"ModelSetRunClock", "ph":"B", "ts":"3042957266", "pid":"1", "tid":"mom"},
{"name":"ModelSetRunClock", "ph":"E", "ts":"3042957398", "pid":"1", "tid":"mom"},
{"name":"ModelAdvance", "ph":"B", "ts":"3042957643", "pid":"1", "tid":"mom"},
{"name":"ModelAdvance", "ph":"E", "ts":"3049065888", "pid":"1", "tid":"mom"},
{"name":"ModelSetRunClock", "ph":"B", "ts":"3054615228", "pid":"1", "tid":"mom"},
{"name":"ModelSetRunClock", "ph":"E", "ts":"3054615291", "pid":"1", "tid":"mom"},
{"name":"ModelAdvance", "ph":"B", "ts":"3054615455", "pid":"1", "tid":"mom"},
{"name":"ModelAdvance", "ph":"E", "ts":"3066137344", "pid":"1", "tid":"mom"},
{"name":"ModelSetRunClock", "ph":"B", "ts":"3066163798", "pid":"1", "tid":"mom"},
{"name":"ModelSetRunClock", "ph":"E", "ts":"3066163889", "pid":"1", "tid":"mom"},
{"name":"ModelAdvance", "ph":"B", "ts":"3066164099", "pid":"1", "tid":"mom"},
{"name":"ModelAdvance", "ph":"E", "ts":"3072239077", "pid":"1", "tid":"mom"},
{"name":"ModelSetRunClock", "ph":"B", "ts":"3078681232", "pid":"1", "tid":"mom"},
{"name":"ModelSetRunClock", "ph":"E", "ts":"3078681333", "pid":"1", "tid":"mom"},
{"name":"ModelAdvance", "ph":"B", "ts":"3078681545", "pid":"1", "tid":"mom"},
{"name":"ModelAdvance", "ph":"E", "ts":"3084747114", "pid":"1", "tid":"mom"},
{"name":"ModelSetRunClock", "ph":"B", "ts":"3087615813", "pid":"1", "tid":"mom"},
{"name":"ModelSetRunClock", "ph":"E", "ts":"3087615905", "pid":"1", "tid":"mom"},
{"name":"ModelAdvance", "ph":"B", "ts":"3087616113", "pid":"1", "tid":"mom"},
{"name":"ModelAdvance", "ph":"E", "ts":"3093691056", "pid":"1", "tid":"mom"},
{"name":"ModelSetRunClock", "ph":"B", "ts":"3100607588", "pid":"1", "tid":"mom"},
{"name":"ModelSetRunClock", "ph":"E", "ts":"3100607714", "pid":"1", "tid":"mom"},
{"name":"ModelAdvance", "ph":"B", "ts":"3100607957", "pid":"1", "tid":"mom"},
{"name":"ModelAdvance", "ph":"E", "ts":"3106702559", "pid":"1", "tid":"mom"},
{"name":"ModelSetRunClock", "ph":"B", "ts":"3109670181", "pid":"1", "tid":"mom"},
{"name":"ModelSetRunClock", "ph":"E", "ts":"3109670249", "pid":"1", "tid":"mom"},
{"name":"ModelAdvance", "ph":"B", "ts":"3109670409", "pid":"1", "tid":"mom"},
{"name":"ModelAdvance", "ph":"E", "ts":"3115861491", "pid":"1", "tid":"mom"},
{"name":"ModelSetRunClock", "ph":"B", "ts":"3121577801", "pid":"1", "tid":"mom"},
{"name":"ModelSetRunClock", "ph":"E", "ts":"3121577889", "pid":"1", "tid":"mom"},
{"name":"ModelAdvance", "ph":"B", "ts":"3121578118", "pid":"1", "tid":"mom"},
{"name":"ModelAdvance", "ph":"E", "ts":"3127715096", "pid":"1", "tid":"mom"},
{"name":"ModelSetRunClock", "ph":"B", "ts":"3130729554", "pid":"1", "tid":"mom"},
{"name":"ModelSetRunClock", "ph":"E", "ts":"3130729713", "pid":"1", "tid":"mom"},
{"name":"ModelAdvance", "ph":"B", "ts":"3130730250", "pid":"1", "tid":"mom"},
{"name":"ModelAdvance", "ph":"E", "ts":"3136863930", "pid":"1", "tid":"mom"},
{"name":"ModelSetRunClock", "ph":"B", "ts":"3142685299", "pid":"1", "tid":"mom"},
{"name":"ModelSetRunClock", "ph":"E", "ts":"3142685654", "pid":"1", "tid":"mom"},
{"name":"ModelAdvance", "ph":"B", "ts":"3142685865", "pid":"1", "tid":"mom"},
{"name":"ModelAdvance", "ph":"E", "ts":"3148761148", "pid":"1", "tid":"mom"},
{"name":"ModelSetRunClock", "ph":"B", "ts":"3151864735", "pid":"1", "tid":"mom"},
{"name":"ModelSetRunClock", "ph":"E", "ts":"3151864803", "pid":"1", "tid":"mom"},
{"name":"ModelAdvance", "ph":"B", "ts":"3151864968", "pid":"1", "tid":"mom"},
{"name":"ModelAdvance", "ph":"E", "ts":"3157970515", "pid":"1", "tid":"mom"},
{"name":"ModelSetRunClock", "ph":"B", "ts":"3164097082", "pid":"1", "tid":"mom"},
{"name":"ModelSetRunClock", "ph":"E", "ts":"3164097156", "pid":"1", "tid":"mom"},
{"name":"ModelAdvance", "ph":"B", "ts":"3164097347", "pid":"1", "tid":"mom"},
{"name":"ModelAdvance", "ph":"E", "ts":"3170189877", "pid":"1", "tid":"mom"},
{"name":"ModelSetRunClock", "ph":"B", "ts":"3173373075", "pid":"1", "tid":"mom"},
{"name":"ModelSetRunClock", "ph":"E", "ts":"3173373170", "pid":"1", "tid":"mom"},
{"name":"ModelAdvance", "ph":"B", "ts":"3173373415", "pid":"1", "tid":"mom"},
{"name":"ModelAdvance", "ph":"E", "ts":"3179529294", "pid":"1", "tid":"mom"},
{"name":"ModelSetRunClock", "ph":"B", "ts":"3184895100", "pid":"1", "tid":"mom"},
{"name":"ModelSetRunClock", "ph":"E", "ts":"3184895216", "pid":"1", "tid":"mom"},
{"name":"ModelAdvance", "ph":"B", "ts":"3184895448", "pid":"1", "tid":"mom"},
{"name":"ModelAdvance", "ph":"E", "ts":"3195307323", "pid":"1", "tid":"mom"},
{"name":"ModelSetRunClock", "ph":"B", "ts":"3195330895", "pid":"1", "tid":"mom"},
{"name":"ModelSetRunClock", "ph":"E", "ts":"3195330958", "pid":"1", "tid":"mom"},
{"name":"ModelAdvance", "ph":"B", "ts":"3195331123", "pid":"1", "tid":"mom"},
{"name":"ModelAdvance", "ph":"E", "ts":"3201384343", "pid":"1", "tid":"mom"},
{"name":"ModelSetRunClock", "ph":"B", "ts":"3206735371", "pid":"1", "tid":"mom"},
{"name":"ModelSetRunClock", "ph":"E", "ts":"3206735723", "pid":"1", "tid":"mom"},
{"name":"ModelAdvance", "ph":"B", "ts":"3206736014", "pid":"1", "tid":"mom"},
{"name":"ModelAdvance", "ph":"E", "ts":"3212803571", "pid":"1", "tid":"mom"},
{"name":"ModelSetRunClock", "ph":"B", "ts":"3216080540", "pid":"1", "tid":"mom"},
{"name":"ModelSetRunClock", "ph":"E", "ts":"3216080621", "pid":"1", "tid":"mom"},
{"name":"ModelAdvance", "ph":"B", "ts":"3216080836", "pid":"1", "tid":"mom"},
{"name":"ModelAdvance", "ph":"E", "ts":"3222146241", "pid":"1", "tid":"mom"},
{"name":"ModelSetRunClock", "ph":"B", "ts":"3227424295", "pid":"1", "tid":"mom"},
{"name":"ModelSetRunClock", "ph":"E", "ts":"3227424362", "pid":"1", "tid":"mom"},
{"name":"ModelAdvance", "ph":"B", "ts":"3227424509", "pid":"1", "tid":"mom"},
{"name":"ModelAdvance", "ph":"E", "ts":"3233513514", "pid":"1", "tid":"mom"},
{"name":"ModelSetRunClock", "ph":"B", "ts":"3236925649", "pid":"1", "tid":"mom"},
{"name":"ModelSetRunClock", "ph":"E", "ts":"3236926030", "pid":"1", "tid":"mom"},
{"name":"ModelAdvance", "ph":"B", "ts":"3236926320", "pid":"1", "tid":"mom"},
{"name":"ModelAdvance", "ph":"E", "ts":"3243066753", "pid":"1", "tid":"mom"},
{"name":"ModelSetRunClock", "ph":"B", "ts":"3247925519", "pid":"1", "tid":"mom"},
{"name":"ModelSetRunClock", "ph":"E", "ts":"3247925594", "pid":"1", "tid":"mom"},
{"name":"ModelAdvance", "ph":"B", "ts":"3247925767", "pid":"1", "tid":"mom"},
{"name":"ModelAdvance", "ph":"E", "ts":"3253981620", "pid":"1", "tid":"mom"},
{"name":"ModelSetRunClock", "ph":"B", "ts":"3257570384", "pid":"1", "tid":"mom"},
{"name":"ModelSetRunClock", "ph":"E", "ts":"3257570454", "pid":"1", "tid":"mom"},
{"name":"ModelAdvance", "ph":"B", "ts":"3257570630", "pid":"1", "tid":"mom"},
{"name":"ModelAdvance", "ph":"E", "ts":"3263640141", "pid":"1", "tid":"mom"},
{"name":"ModelSetRunClock", "ph":"B", "ts":"3268513360", "pid":"1", "tid":"mom"},
{"name":"ModelSetRunClock", "ph":"E", "ts":"3268513550", "pid":"1", "tid":"mom"},
{"name":"ModelAdvance", "ph":"B", "ts":"3268513760", "pid":"1", "tid":"mom"},
{"name":"ModelAdvance", "ph":"E", "ts":"3274563539", "pid":"1", "tid":"mom"},
{"name":"ModelSetRunClock", "ph":"B", "ts":"3278266828", "pid":"1", "tid":"mom"},
{"name":"ModelSetRunClock", "ph":"E", "ts":"3278266919", "pid":"1", "tid":"mom"},
{"name":"ModelAdvance", "ph":"B", "ts":"3278267113", "pid":"1", "tid":"mom"},
{"name":"ModelAdvance", "ph":"E", "ts":"3284335037", "pid":"1", "tid":"mom"},
{"name":"ModelSetRunClock", "ph":"B", "ts":"3289464494", "pid":"1", "tid":"mom"},
{"name":"ModelSetRunClock", "ph":"E", "ts":"3289464581", "pid":"1", "tid":"mom"},
{"name":"ModelAdvance", "ph":"B", "ts":"3289464794", "pid":"1", "tid":"mom"},
{"name":"ModelAdvance", "ph":"E", "ts":"3295499421", "pid":"1", "tid":"mom"},
{"name":"ModelSetRunClock", "ph":"B", "ts":"3299252028", "pid":"1", "tid":"mom"},
{"name":"ModelSetRunClock", "ph":"E", "ts":"3299252407", "pid":"1", "tid":"mom"},
{"name":"ModelAdvance", "ph":"B", "ts":"3299252693", "pid":"1", "tid":"mom"},
{"name":"ModelAdvance", "ph":"E", "ts":"3323166829", "pid":"1", "tid":"mom"},
{"name":"ModelSetRunClock", "ph":"B", "ts":"3338748814", "pid":"1", "tid":"mom"},
{"name":"ModelSetRunClock", "ph":"E", "ts":"3338748990", "pid":"1", "tid":"mom"},
{"name":"ModelAdvance", "ph":"B", "ts":"3338749146", "pid":"1", "tid":"mom"},
{"name":"ModelAdvance", "ph":"E", "ts":"3349100553", "pid":"1", "tid":"mom"},
{"name":"ModelSetRunClock", "ph":"B", "ts":"3349127820", "pid":"1", "tid":"mom"},
{"name":"ModelSetRunClock", "ph":"E", "ts":"3349127944", "pid":"1", "tid":"mom"},
{"name":"ModelAdvance", "ph":"B", "ts":"3349128182", "pid":"1", "tid":"mom"},
{"name":"ModelAdvance", "ph":"E", "ts":"3355192861", "pid":"1", "tid":"mom"},
{"name":"ModelSetRunClock", "ph":"B", "ts":"3360510292", "pid":"1", "tid":"mom"},
{"name":"ModelSetRunClock", "ph":"E", "ts":"3360510608", "pid":"1", "tid":"mom"},
{"name":"ModelAdvance", "ph":"B", "ts":"3360510858", "pid":"1", "tid":"mom"},
{"name":"ModelAdvance", "ph":"E", "ts":"3366563763", "pid":"1", "tid":"mom"},
{"name":"ModelSetRunClock", "ph":"B", "ts":"3369635936", "pid":"1", "tid":"mom"},
{"name":"ModelSetRunClock", "ph":"E", "ts":"3369636002", "pid":"1", "tid":"mom"},
{"name":"ModelAdvance", "ph":"B", "ts":"3369636172", "pid":"1", "tid":"mom"},
{"name":"ModelAdvance", "ph":"E", "ts":"3375681734", "pid":"1", "tid":"mom"},
{"name":"ModelSetRunClock", "ph":"B", "ts":"3380556142", "pid":"1", "tid":"mom"},
{"name":"ModelSetRunClock", "ph":"E", "ts":"3380556209", "pid":"1", "tid":"mom"},
{"name":"ModelAdvance", "ph":"B", "ts":"3380556362", "pid":"1", "tid":"mom"},
{"name":"ModelAdvance", "ph":"E", "ts":"3386607783", "pid":"1", "tid":"mom"},
{"name":"ModelSetRunClock", "ph":"B", "ts":"3390146618", "pid":"1", "tid":"mom"},
{"name":"ModelSetRunClock", "ph":"E", "ts":"3390146819", "pid":"1", "tid":"mom"},
{"name":"ModelAdvance", "ph":"B", "ts":"3390147007", "pid":"1", "tid":"mom"},
{"name":"ModelAdvance", "ph":"E", "ts":"3396245291", "pid":"1", "tid":"mom"},
{"name":"ModelSetRunClock", "ph":"B", "ts":"3400729343", "pid":"1", "tid":"mom"},
{"name":"ModelSetRunClock", "ph":"E", "ts":"3400729409", "pid":"1", "tid":"mom"},
{"name":"ModelAdvance", "ph":"B", "ts":"3400729572", "pid":"1", "tid":"mom"},
{"name":"ModelAdvance", "ph":"E", "ts":"3406734423", "pid":"1", "tid":"mom"},
{"name":"ModelSetRunClock", "ph":"B", "ts":"3410565331", "pid":"1", "tid":"mom"},
{"name":"ModelSetRunClock", "ph":"E", "ts":"3410565407", "pid":"1", "tid":"mom"},
{"name":"ModelAdvance", "ph":"B", "ts":"3410565589", "pid":"1", "tid":"mom"},
{"name":"ModelAdvance", "ph":"E", "ts":"3416605425", "pid":"1", "tid":"mom"},
{"name":"ModelSetRunClock", "ph":"B", "ts":"3421639174", "pid":"1", "tid":"mom"},
{"name":"ModelSetRunClock", "ph":"E", "ts":"3421639361", "pid":"1", "tid":"mom"},
{"name":"ModelAdvance", "ph":"B", "ts":"3421639533", "pid":"1", "tid":"mom"},
{"name":"ModelAdvance", "ph":"E", "ts":"3427681612", "pid":"1", "tid":"mom"},
{"name":"ModelSetRunClock", "ph":"B", "ts":"3431143210", "pid":"1", "tid":"mom"},
{"name":"ModelSetRunClock", "ph":"E", "ts":"3431143472", "pid":"1", "tid":"mom"},
{"name":"ModelAdvance", "ph":"B", "ts":"3431143687", "pid":"1", "tid":"mom"},
{"name":"ModelAdvance", "ph":"E", "ts":"3437158789", "pid":"1", "tid":"mom"},
{"name":"ModelSetRunClock", "ph":"B", "ts":"3443209486", "pid":"1", "tid":"mom"},
{"name":"ModelSetRunClock", "ph":"E", "ts":"3443209565", "pid":"1", "tid":"mom"},
{"name":"ModelAdvance", "ph":"B", "ts":"3443209753", "pid":"1", "tid":"mom"},
{"name":"ModelAdvance", "ph":"E", "ts":"3449236978", "pid":"1", "tid":"mom"},
{"name":"ModelSetRunClock", "ph":"B", "ts":"3452847892", "pid":"1", "tid":"mom"},
{"name":"ModelSetRunClock", "ph":"E", "ts":"3452848230", "pid":"1", "tid":"mom"},
{"name":"ModelAdvance", "ph":"B", "ts":"3452848444", "pid":"1", "tid":"mom"},
{"name":"ModelAdvance", "ph":"E", "ts":"3458985845", "pid":"1", "tid":"mom"},
{"name":"ModelSetRunClock", "ph":"B", "ts":"3464571228", "pid":"1", "tid":"mom"},
{"name":"ModelSetRunClock", "ph":"E", "ts":"3464571340", "pid":"1", "tid":"mom"},
{"name":"ModelAdvance", "ph":"B", "ts":"3464571552", "pid":"1", "tid":"mom"},
{"name":"ModelAdvance", "ph":"E", "ts":"3475060806", "pid":"1", "tid":"mom"},
{"name":"ModelSetRunClock", "ph":"B", "ts":"3475087136", "pid":"1", "tid":"mom"},
{"name":"ModelSetRunClock", "ph":"E", "ts":"3475087227", "pid":"1", "tid":"mom"},
{"name":"ModelAdvance", "ph":"B", "ts":"3475087444", "pid":"1", "tid":"mom"},
{"name":"ModelAdvance", "ph":"E", "ts":"3481135166", "pid":"1", "tid":"mom"},
{"name":"ModelSetRunClock", "ph":"B", "ts":"3486162020", "pid":"1", "tid":"mom"},
{"name":"ModelSetRunClock", "ph":"E", "ts":"3486162203", "pid":"1", "tid":"mom"},
{"name":"ModelAdvance", "ph":"B", "ts":"3486162364", "pid":"1", "tid":"mom"},
{"name":"ModelAdvance", "ph":"E", "ts":"3492210096", "pid":"1", "tid":"mom"},
{"name":"ModelSetRunClock", "ph":"B", "ts":"3495840667", "pid":"1", "tid":"mom"},
{"name":"ModelSetRunClock", "ph":"E", "ts":"3495840790", "pid":"1", "tid":"mom"},
{"name":"ModelAdvance", "ph":"B", "ts":"3495841003", "pid":"1", "tid":"mom"},
{"name":"ModelAdvance", "ph":"E", "ts":"3501884482", "pid":"1", "tid":"mom"},
{"name":"ModelSetRunClock", "ph":"B", "ts":"3506634989", "pid":"1", "tid":"mom"},
{"name":"ModelSetRunClock", "ph":"E", "ts":"3506635055", "pid":"1", "tid":"mom"},
{"name":"ModelAdvance", "ph":"B", "ts":"3506635210", "pid":"1", "tid":"mom"},
{"name":"ModelAdvance", "ph":"E", "ts":"3512706770", "pid":"1", "tid":"mom"},
{"name":"ModelSetRunClock", "ph":"B", "ts":"3516240432", "pid":"1", "tid":"mom"},
{"name":"ModelSetRunClock", "ph":"E", "ts":"3516240782", "pid":"1", "tid":"mom"},
{"name":"ModelAdvance", "ph":"B", "ts":"3516241014", "pid":"1", "tid":"mom"},
{"name":"ModelAdvance", "ph":"E", "ts":"3522401345", "pid":"1", "tid":"mom"},
{"name":"ModelSetRunClock", "ph":"B", "ts":"3529633581", "pid":"1", "tid":"mom"},
{"name":"ModelSetRunClock", "ph":"E", "ts":"3529633658", "pid":"1", "tid":"mom"},
{"name":"ModelAdvance", "ph":"B", "ts":"3529633840", "pid":"1", "tid":"mom"},
{"name":"ModelAdvance", "ph":"E", "ts":"3535715378", "pid":"1", "tid":"mom"},
{"name":"ModelSetRunClock", "ph":"B", "ts":"3538326265", "pid":"1", "tid":"mom"},
{"name":"ModelSetRunClock", "ph":"E", "ts":"3538326374", "pid":"1", "tid":"mom"},
{"name":"ModelAdvance", "ph":"B", "ts":"3538326599", "pid":"1", "tid":"mom"},
{"name":"ModelAdvance", "ph":"E", "ts":"3544456570", "pid":"1", "tid":"mom"},
{"name":"ModelSetRunClock", "ph":"B", "ts":"3551176731", "pid":"1", "tid":"mom"},
{"name":"ModelSetRunClock", "ph":"E", "ts":"3551177041", "pid":"1", "tid":"mom"},
{"name":"ModelAdvance", "ph":"B", "ts":"3551177264", "pid":"1", "tid":"mom"},
{"name":"ModelAdvance", "ph":"E", "ts":"3557294573", "pid":"1", "tid":"mom"},
{"name":"ModelSetRunClock", "ph":"B", "ts":"3559863619", "pid":"1", "tid":"mom"},
{"name":"ModelSetRunClock", "ph":"E", "ts":"3559863685", "pid":"1", "tid":"mom"},
{"name":"ModelAdvance", "ph":"B", "ts":"3559863842", "pid":"1", "tid":"mom"},
{"name":"ModelAdvance", "ph":"E", "ts":"3566019790", "pid":"1", "tid":"mom"},
{"name":"ModelSetRunClock", "ph":"B", "ts":"3571438048", "pid":"1", "tid":"mom"},
{"name":"ModelSetRunClock", "ph":"E", "ts":"3571438206", "pid":"1", "tid":"mom"},
{"name":"ModelAdvance", "ph":"B", "ts":"3571438428", "pid":"1", "tid":"mom"},
{"name":"ModelAdvance", "ph":"E", "ts":"3577578957", "pid":"1", "tid":"mom"},
{"name":"ModelSetRunClock", "ph":"B", "ts":"3580538928", "pid":"1", "tid":"mom"},
{"name":"ModelSetRunClock", "ph":"E", "ts":"3580539029", "pid":"1", "tid":"mom"},
{"name":"ModelAdvance", "ph":"B", "ts":"3580539236", "pid":"1", "tid":"mom"},
{"name":"ModelAdvance", "ph":"E", "ts":"3586766527", "pid":"1", "tid":"mom"},
{"name":"ModelSetRunClock", "ph":"B", "ts":"3591969645", "pid":"1", "tid":"mom"},
{"name":"ModelSetRunClock", "ph":"E", "ts":"3591969694", "pid":"1", "tid":"mom"},
{"name":"ModelAdvance", "ph":"B", "ts":"3591969850", "pid":"1", "tid":"mom"},
{"name":"ModelAdvance", "ph":"E", "ts":"3603960021", "pid":"1", "tid":"mom"},
{"name":"ModelSetRunClock", "ph":"B", "ts":"3603984973", "pid":"1", "tid":"mom"},
{"name":"ModelSetRunClock", "ph":"E", "ts":"3603985060", "pid":"1", "tid":"mom"},
{"name":"ModelAdvance", "ph":"B", "ts":"3603985263", "pid":"1", "tid":"mom"},
{"name":"ModelAdvance", "ph":"E", "ts":"3610112490", "pid":"1", "tid":"mom"},
{"name":"ModelSetRunClock", "ph":"B", "ts":"3614225704", "pid":"1", "tid":"mom"},
{"name":"ModelSetRunClock", "ph":"E", "ts":"3614225806", "pid":"1", "tid":"mom"},
{"name":"ModelAdvance", "ph":"B", "ts":"3614226170", "pid":"1", "tid":"mom"},
{"name":"ModelAdvance", "ph":"E", "ts":"3620391845", "pid":"1", "tid":"mom"},
{"name":"ModelSetRunClock", "ph":"B", "ts":"3624145418", "pid":"1", "tid":"mom"},
{"name":"ModelSetRunClock", "ph":"E", "ts":"3624145547", "pid":"1", "tid":"mom"},
{"name":"ModelAdvance", "ph":"B", "ts":"3624145780", "pid":"1", "tid":"mom"},
{"name":"ModelAdvance", "ph":"E", "ts":"3630244160", "pid":"1", "tid":"mom"},
{"name":"ModelSetRunClock", "ph":"B", "ts":"3634697350", "pid":"1", "tid":"mom"},
{"name":"ModelSetRunClock", "ph":"E", "ts":"3634697428", "pid":"1", "tid":"mom"},
{"name":"ModelAdvance", "ph":"B", "ts":"3634697620", "pid":"1", "tid":"mom"},
{"name":"ModelAdvance", "ph":"E", "ts":"3640809337", "pid":"1", "tid":"mom"},
{"name":"ModelSetRunClock", "ph":"B", "ts":"3644664890", "pid":"1", "tid":"mom"},
{"name":"ModelSetRunClock", "ph":"E", "ts":"3644664963", "pid":"1", "tid":"mom"},
{"name":"ModelAdvance", "ph":"B", "ts":"3644665146", "pid":"1", "tid":"mom"},
{"name":"ModelAdvance", "ph":"E", "ts":"3650827623", "pid":"1", "tid":"mom"},
{"name":"ModelSetRunClock", "ph":"B", "ts":"3654672473", "pid":"1", "tid":"mom"},
{"name":"ModelSetRunClock", "ph":"E", "ts":"3654672587", "pid":"1", "tid":"mom"},
{"name":"ModelAdvance", "ph":"B", "ts":"3654672806", "pid":"1", "tid":"mom"},
{"name":"ModelAdvance", "ph":"E", "ts":"3660772171", "pid":"1", "tid":"mom"},
{"name":"ModelSetRunClock", "ph":"B", "ts":"3664446068", "pid":"1", "tid":"mom"},
{"name":"ModelSetRunClock", "ph":"E", "ts":"3664446167", "pid":"1", "tid":"mom"},
{"name":"ModelAdvance", "ph":"B", "ts":"3664446381", "pid":"1", "tid":"mom"},
{"name":"ModelAdvance", "ph":"E", "ts":"3670555843", "pid":"1", "tid":"mom"},
{"name":"ModelSetRunClock", "ph":"B", "ts":"3674408824", "pid":"1", "tid":"mom"},
{"name":"ModelSetRunClock", "ph":"E", "ts":"3674408898", "pid":"1", "tid":"mom"},
{"name":"ModelAdvance", "ph":"B", "ts":"3674409071", "pid":"1", "tid":"mom"},
{"name":"ModelAdvance", "ph":"E", "ts":"3680508700", "pid":"1", "tid":"mom"},
{"name":"ModelSetRunClock", "ph":"B", "ts":"3684015416", "pid":"1", "tid":"mom"},
{"name":"ModelSetRunClock", "ph":"E", "ts":"3684015484", "pid":"1", "tid":"mom"},
{"name":"ModelAdvance", "ph":"B", "ts":"3684015662", "pid":"1", "tid":"mom"},
{"name":"ModelAdvance", "ph":"E", "ts":"3690116294", "pid":"1", "tid":"mom"},
{"name":"ModelSetRunClock", "ph":"B", "ts":"3694684319", "pid":"1", "tid":"mom"},
{"name":"ModelSetRunClock", "ph":"E", "ts":"3694684440", "pid":"1", "tid":"mom"},
{"name":"ModelAdvance", "ph":"B", "ts":"3694684665", "pid":"1", "tid":"mom"},
{"name":"ModelAdvance", "ph":"E", "ts":"3700745506", "pid":"1", "tid":"mom"},
{"name":"ModelSetRunClock", "ph":"B", "ts":"3704581709", "pid":"1", "tid":"mom"},
{"name":"ModelSetRunClock", "ph":"E", "ts":"3704581801", "pid":"1", "tid":"mom"},
{"name":"ModelAdvance", "ph":"B", "ts":"3704582126", "pid":"1", "tid":"mom"},
{"name":"ModelAdvance", "ph":"E", "ts":"3710754464", "pid":"1", "tid":"mom"},
{"name":"ModelSetRunClock", "ph":"B", "ts":"3715564622", "pid":"1", "tid":"mom"},
{"name":"ModelSetRunClock", "ph":"E", "ts":"3715564689", "pid":"1", "tid":"mom"},
{"name":"ModelAdvance", "ph":"B", "ts":"3715564872", "pid":"1", "tid":"mom"},
{"name":"ModelAdvance", "ph":"E", "ts":"3726047728", "pid":"1", "tid":"mom"},
{"name":"ModelSetRunClock", "ph":"B", "ts":"3726071366", "pid":"1", "tid":"mom"},
{"name":"ModelSetRunClock", "ph":"E", "ts":"3726071428", "pid":"1", "tid":"mom"},
{"name":"ModelAdvance", "ph":"B", "ts":"3726071599", "pid":"1", "tid":"mom"},
{"name":"ModelAdvance", "ph":"E", "ts":"3732165249", "pid":"1", "tid":"mom"},
{"name":"ModelSetRunClock", "ph":"B", "ts":"3735887425", "pid":"1", "tid":"mom"},
{"name":"ModelSetRunClock", "ph":"E", "ts":"3735887491", "pid":"1", "tid":"mom"},
{"name":"ModelAdvance", "ph":"B", "ts":"3735887657", "pid":"1", "tid":"mom"},
{"name":"ModelAdvance", "ph":"E", "ts":"3741999735", "pid":"1", "tid":"mom"},
{"name":"ModelSetRunClock", "ph":"B", "ts":"3745341969", "pid":"1", "tid":"mom"},
{"name":"ModelSetRunClock", "ph":"E", "ts":"3745342041", "pid":"1", "tid":"mom"},
{"name":"ModelAdvance", "ph":"B", "ts":"3745342206", "pid":"1", "tid":"mom"},
{"name":"ModelAdvance", "ph":"E", "ts":"3751455525", "pid":"1", "tid":"mom"},
{"name":"ModelSetRunClock", "ph":"B", "ts":"3755914595", "pid":"1", "tid":"mom"},
{"name":"ModelSetRunClock", "ph":"E", "ts":"3755914703", "pid":"1", "tid":"mom"},
{"name":"ModelAdvance", "ph":"B", "ts":"3755914913", "pid":"1", "tid":"mom"},
{"name":"ModelAdvance", "ph":"E", "ts":"3762073422", "pid":"1", "tid":"mom"},
{"name":"ModelSetRunClock", "ph":"B", "ts":"3765794599", "pid":"1", "tid":"mom"},
{"name":"ModelSetRunClock", "ph":"E", "ts":"3765794671", "pid":"1", "tid":"mom"},
{"name":"ModelAdvance", "ph":"B", "ts":"3765794860", "pid":"1", "tid":"mom"},
{"name":"ModelAdvance", "ph":"E", "ts":"3771994821", "pid":"1", "tid":"mom"},
{"name":"ModelSetRunClock", "ph":"B", "ts":"3776269062", "pid":"1", "tid":"mom"},
{"name":"ModelSetRunClock", "ph":"E", "ts":"3776269171", "pid":"1", "tid":"mom"},
{"name":"ModelAdvance", "ph":"B", "ts":"3776269413", "pid":"1", "tid":"mom"},
{"name":"ModelAdvance", "ph":"E", "ts":"3782367819", "pid":"1", "tid":"mom"},
{"name":"ModelSetRunClock", "ph":"B", "ts":"3786504495", "pid":"1", "tid":"mom"},
{"name":"ModelSetRunClock", "ph":"E", "ts":"3786504589", "pid":"1", "tid":"mom"},
{"name":"ModelAdvance", "ph":"B", "ts":"3786504806", "pid":"1", "tid":"mom"},
{"name":"ModelAdvance", "ph":"E", "ts":"3792635737", "pid":"1", "tid":"mom"},
{"name":"ModelSetRunClock", "ph":"B", "ts":"3796997143", "pid":"1", "tid":"mom"},
{"name":"ModelSetRunClock", "ph":"E", "ts":"3796997215", "pid":"1", "tid":"mom"},
{"name":"ModelAdvance", "ph":"B", "ts":"3796997408", "pid":"1", "tid":"mom"},
{"name":"ModelAdvance", "ph":"E", "ts":"3803087615", "pid":"1", "tid":"mom"},
{"name":"ModelSetRunClock", "ph":"B", "ts":"3806939965", "pid":"1", "tid":"mom"},
{"name":"ModelSetRunClock", "ph":"E", "ts":"3806940034", "pid":"1", "tid":"mom"},
{"name":"ModelAdvance", "ph":"B", "ts":"3806940207", "pid":"1", "tid":"mom"},
{"name":"ModelAdvance", "ph":"E", "ts":"3813017515", "pid":"1", "tid":"mom"},
{"name":"ModelSetRunClock", "ph":"B", "ts":"3819069495", "pid":"1", "tid":"mom"},
{"name":"ModelSetRunClock", "ph":"E", "ts":"3819069558", "pid":"1", "tid":"mom"},
{"name":"ModelAdvance", "ph":"B", "ts":"3819069715", "pid":"1", "tid":"mom"},
{"name":"ModelAdvance", "ph":"E", "ts":"3825174164", "pid":"1", "tid":"mom"},
{"name":"ModelSetRunClock", "ph":"B", "ts":"3828210667", "pid":"1", "tid":"mom"},
{"name":"ModelSetRunClock", "ph":"E", "ts":"3828210801", "pid":"1", "tid":"mom"},
{"name":"ModelAdvance", "ph":"B", "ts":"3828211326", "pid":"1", "tid":"mom"},
{"name":"ModelAdvance", "ph":"E", "ts":"3834382010", "pid":"1", "tid":"mom"},
{"name":"ModelSetRunClock", "ph":"B", "ts":"3848806533", "pid":"1", "tid":"mom"},
{"name":"ModelSetRunClock", "ph":"E", "ts":"3848806681", "pid":"1", "tid":"mom"},
{"name":"ModelAdvance", "ph":"B", "ts":"3848806835", "pid":"1", "tid":"mom"},
{"name":"ModelAdvance", "ph":"E", "ts":"3864778724", "pid":"1", "tid":"mom"},
{"name":"ModelSetRunClock", "ph":"B", "ts":"3864805511", "pid":"1", "tid":"mom"},
{"name":"ModelSetRunClock", "ph":"E", "ts":"3864805577", "pid":"1", "tid":"mom"},
{"name":"ModelAdvance", "ph":"B", "ts":"3864805785", "pid":"1", "tid":"mom"},
{"name":"ModelAdvance", "ph":"E", "ts":"3870917691", "pid":"1", "tid":"mom"},
{"name":"ModelSetRunClock", "ph":"B", "ts":"3875197536", "pid":"1", "tid":"mom"},
{"name":"ModelSetRunClock", "ph":"E", "ts":"3875197607", "pid":"1", "tid":"mom"},
{"name":"ModelAdvance", "ph":"B", "ts":"3875197801", "pid":"1", "tid":"mom"},
{"name":"ModelAdvance", "ph":"E", "ts":"3881331175", "pid":"1", "tid":"mom"},
{"name":"ModelSetRunClock", "ph":"B", "ts":"3886497690", "pid":"1", "tid":"mom"},
{"name":"ModelSetRunClock", "ph":"E", "ts":"3886498062", "pid":"1", "tid":"mom"},
{"name":"ModelAdvance", "ph":"B", "ts":"3886498309", "pid":"1", "tid":"mom"},
{"name":"ModelAdvance", "ph":"E", "ts":"3892620810", "pid":"1", "tid":"mom"},
{"name":"ModelSetRunClock", "ph":"B", "ts":"3897000092", "pid":"1", "tid":"mom"},
{"name":"ModelSetRunClock", "ph":"E", "ts":"3897000217", "pid":"1", "tid":"mom"},
{"name":"ModelAdvance", "ph":"B", "ts":"3897000437", "pid":"1", "tid":"mom"},
{"name":"ModelAdvance", "ph":"E", "ts":"3903128743", "pid":"1", "tid":"mom"},
{"name":"ModelSetRunClock", "ph":"B", "ts":"3907155134", "pid":"1", "tid":"mom"},
{"name":"ModelSetRunClock", "ph":"E", "ts":"3907155200", "pid":"1", "tid":"mom"},
{"name":"ModelAdvance", "ph":"B", "ts":"3907155368", "pid":"1", "tid":"mom"},
{"name":"ModelAdvance", "ph":"E", "ts":"3913366815", "pid":"1", "tid":"mom"},
{"name":"ModelSetRunClock", "ph":"B", "ts":"3918169628", "pid":"1", "tid":"mom"},
{"name":"ModelSetRunClock", "ph":"E", "ts":"3918169803", "pid":"1", "tid":"mom"},
{"name":"ModelAdvance", "ph":"B", "ts":"3918170034", "pid":"1", "tid":"mom"},
{"name":"ModelAdvance", "ph":"E", "ts":"3924283922", "pid":"1", "tid":"mom"},
{"name":"ModelSetRunClock", "ph":"B", "ts":"3928113498", "pid":"1", "tid":"mom"},
{"name":"ModelSetRunClock", "ph":"E", "ts":"3928113602", "pid":"1", "tid":"mom"},
{"name":"ModelAdvance", "ph":"B", "ts":"3928113833", "pid":"1", "tid":"mom"},
{"name":"ModelAdvance", "ph":"E", "ts":"3934230657", "pid":"1", "tid":"mom"},
{"name":"ModelSetRunClock", "ph":"B", "ts":"3938808987", "pid":"1", "tid":"mom"},
{"name":"ModelSetRunClock", "ph":"E", "ts":"3938809056", "pid":"1", "tid":"mom"},
{"name":"ModelAdvance", "ph":"B", "ts":"3938809219", "pid":"1", "tid":"mom"},
{"name":"ModelAdvance", "ph":"E", "ts":"3944915485", "pid":"1", "tid":"mom"},
{"name":"ModelSetRunClock", "ph":"B", "ts":"3948658330", "pid":"1", "tid":"mom"},
{"name":"ModelSetRunClock", "ph":"E", "ts":"3948658394", "pid":"1", "tid":"mom"},
{"name":"ModelAdvance", "ph":"B", "ts":"3948658559", "pid":"1", "tid":"mom"},
{"name":"ModelAdvance", "ph":"E", "ts":"3954758899", "pid":"1", "tid":"mom"},
{"name":"ModelSetRunClock", "ph":"B", "ts":"3959203941", "pid":"1", "tid":"mom"},
{"name":"ModelSetRunClock", "ph":"E", "ts":"3959204018", "pid":"1", "tid":"mom"},
{"name":"ModelAdvance", "ph":"B", "ts":"3959204214", "pid":"1", "tid":"mom"},
{"name":"ModelAdvance", "ph":"E", "ts":"3965312937", "pid":"1", "tid":"mom"},
{"name":"ModelSetRunClock", "ph":"B", "ts":"3969232122", "pid":"1", "tid":"mom"},
{"name":"ModelSetRunClock", "ph":"E", "ts":"3969232207", "pid":"1", "tid":"mom"},
{"name":"ModelAdvance", "ph":"B", "ts":"3969232392", "pid":"1", "tid":"mom"},
{"name":"ModelAdvance", "ph":"E", "ts":"3975428880", "pid":"1", "tid":"mom"},
{"name":"ModelSetRunClock", "ph":"B", "ts":"3980536659", "pid":"1", "tid":"mom"},
{"name":"ModelSetRunClock", "ph":"E", "ts":"3980536728", "pid":"1", "tid":"mom"},
{"name":"ModelAdvance", "ph":"B", "ts":"3980537053", "pid":"1", "tid":"mom"},
{"name":"ModelAdvance", "ph":"E", "ts":"3991412614", "pid":"1", "tid":"mom"},
{"name":"ModelSetRunClock", "ph":"B", "ts":"3991437242", "pid":"1", "tid":"mom"},
{"name":"ModelSetRunClock", "ph":"E", "ts":"3991437315", "pid":"1", "tid":"mom"},
{"name":"ModelAdvance", "ph":"B", "ts":"3991437478", "pid":"1", "tid":"mom"},
{"name":"ModelAdvance", "ph":"E", "ts":"3997511447", "pid":"1", "tid":"mom"},
{"name":"ModelSetRunClock", "ph":"B", "ts":"4001612206", "pid":"1", "tid":"mom"},
{"name":"ModelSetRunClock", "ph":"E", "ts":"4001612277", "pid":"1", "tid":"mom"},
{"name":"ModelAdvance", "ph":"B", "ts":"4001612437", "pid":"1", "tid":"mom"},
{"name":"ModelAdvance", "ph":"E", "ts":"4007707876", "pid":"1", "tid":"mom"},
{"name":"ModelSetRunClock", "ph":"B", "ts":"4011455377", "pid":"1", "tid":"mom"},
{"name":"ModelSetRunClock", "ph":"E", "ts":"4011455492", "pid":"1", "tid":"mom"},
{"name":"ModelAdvance", "ph":"B", "ts":"4011455818", "pid":"1", "tid":"mom"},
{"name":"ModelAdvance", "ph":"E", "ts":"4017561919", "pid":"1", "tid":"mom"},
{"name":"ModelSetRunClock", "ph":"B", "ts":"4022367339", "pid":"1", "tid":"mom"},
{"name":"ModelSetRunClock", "ph":"E", "ts":"4022367404", "pid":"1", "tid":"mom"},
{"name":"ModelAdvance", "ph":"B", "ts":"4022367555", "pid":"1", "tid":"mom"},
{"name":"ModelAdvance", "ph":"E", "ts":"4028457628", "pid":"1", "tid":"mom"},
{"name":"ModelSetRunClock", "ph":"B", "ts":"4032048519", "pid":"1", "tid":"mom"},
{"name":"ModelSetRunClock", "ph":"E", "ts":"4032048589", "pid":"1", "tid":"mom"},
{"name":"ModelAdvance", "ph":"B", "ts":"4032048752", "pid":"1", "tid":"mom"},
{"name":"ModelAdvance", "ph":"E", "ts":"4038256660", "pid":"1", "tid":"mom"},
{"name":"ModelSetRunClock", "ph":"B", "ts":"4043265828", "pid":"1", "tid":"mom"},
{"name":"ModelSetRunClock", "ph":"E", "ts":"4043265888", "pid":"1", "tid":"mom"},
{"name":"ModelAdvance", "ph":"B", "ts":"4043266086", "pid":"1", "tid":"mom"},
{"name":"ModelAdvance", "ph":"E", "ts":"4049369543", "pid":"1", "tid":"mom"},
{"name":"ModelSetRunClock", "ph":"B", "ts":"4052865851", "pid":"1", "tid":"mom"},
{"name":"ModelSetRunClock", "ph":"E", "ts":"4052865958", "pid":"1", "tid":"mom"},
{"name":"ModelAdvance", "ph":"B", "ts":"4052866187", "pid":"1", "tid":"mom"},
{"name":"ModelAdvance", "ph":"E", "ts":"4058940725", "pid":"1", "tid":"mom"},
{"name":"ModelSetRunClock", "ph":"B", "ts":"4066029345", "pid":"1", "tid":"mom"},
{"name":"ModelSetRunClock", "ph":"E", "ts":"4066029414", "pid":"1", "tid":"mom"},
{"name":"ModelAdvance", "ph":"B", "ts":"4066029582", "pid":"1", "tid":"mom"},
{"name":"ModelAdvance", "ph":"E", "ts":"4072104948", "pid":"1", "tid":"mom"},
{"name":"ModelSetRunClock", "ph":"B", "ts":"4076386312", "pid":"1", "tid":"mom"},
{"name":"ModelSetRunClock", "ph":"E", "ts":"4076386430", "pid":"1", "tid":"mom"},
{"name":"ModelAdvance", "ph":"B", "ts":"4076386635", "pid":"1", "tid":"mom"},
{"name":"ModelAdvance", "ph":"E", "ts":"4082464238", "pid":"1", "tid":"mom"},
{"name":"ModelSetRunClock", "ph":"B", "ts":"4089971252", "pid":"1", "tid":"mom"},
{"name":"ModelSetRunClock", "ph":"E", "ts":"4089971345", "pid":"1", "tid":"mom"},
{"name":"ModelAdvance", "ph":"B", "ts":"4089971607", "pid":"1", "tid":"mom"},
{"name":"ModelAdvance", "ph":"E", "ts":"4096036005", "pid":"1", "tid":"mom"},
{"name":"ModelSetRunClock", "ph":"B", "ts":"4098705581", "pid":"1", "tid":"mom"},
{"name":"ModelSetRunClock", "ph":"E", "ts":"4098705746", "pid":"1", "tid":"mom"},
{"name":"ModelAdvance", "ph":"B", "ts":"4098705919", "pid":"1", "tid":"mom"},
{"name":"ModelAdvance", "ph":"E", "ts":"4126193878", "pid":"1", "tid":"mom"},
{"name":"ModelSetRunClock", "ph":"B", "ts":"4138714126", "pid":"1", "tid":"mom"},
{"name":"ModelSetRunClock", "ph":"E", "ts":"4138714279", "pid":"1", "tid":"mom"},
{"name":"ModelAdvance", "ph":"B", "ts":"4138714436", "pid":"1", "tid":"mom"},
{"name":"ModelAdvance", "ph":"E", "ts":"4149878606", "pid":"1", "tid":"mom"},
{"name":"ModelSetRunClock", "ph":"B", "ts":"4149904354", "pid":"1", "tid":"mom"},
{"name":"ModelSetRunClock", "ph":"E", "ts":"4149904726", "pid":"1", "tid":"mom"},
{"name":"ModelAdvance", "ph":"B", "ts":"4149904990", "pid":"1", "tid":"mom"},
{"name":"ModelAdvance", "ph":"E", "ts":"4155970081", "pid":"1", "tid":"mom"},
{"name":"ModelSetRunClock", "ph":"B", "ts":"4160310227", "pid":"1", "tid":"mom"},
{"name":"ModelSetRunClock", "ph":"E", "ts":"4160310533", "pid":"1", "tid":"mom"},
{"name":"ModelAdvance", "ph":"B", "ts":"4160310778", "pid":"1", "tid":"mom"},
{"name":"ModelAdvance", "ph":"E", "ts":"4166421542", "pid":"1", "tid":"mom"},
{"name":"ModelSetRunClock", "ph":"B", "ts":"4170423908", "pid":"1", "tid":"mom"},
{"name":"ModelSetRunClock", "ph":"E", "ts":"4170424011", "pid":"1", "tid":"mom"},
{"name":"ModelAdvance", "ph":"B", "ts":"4170424227", "pid":"1", "tid":"mom"},
{"name":"ModelAdvance", "ph":"E", "ts":"4176519555", "pid":"1", "tid":"mom"},
{"name":"ModelSetRunClock", "ph":"B", "ts":"4182885913", "pid":"1", "tid":"mom"},
{"name":"ModelSetRunClock", "ph":"E", "ts":"4182886006", "pid":"1", "tid":"mom"},
{"name":"ModelAdvance", "ph":"B", "ts":"4182886175", "pid":"1", "tid":"mom"},
{"name":"ModelAdvance", "ph":"E", "ts":"4189002098", "pid":"1", "tid":"mom"},
{"name":"ModelSetRunClock", "ph":"B", "ts":"4191654801", "pid":"1", "tid":"mom"},
{"name":"ModelSetRunClock", "ph":"E", "ts":"4191655275", "pid":"1", "tid":"mom"},
{"name":"ModelAdvance", "ph":"B", "ts":"4191655521", "pid":"1", "tid":"mom"},
{"name":"ModelAdvance", "ph":"E", "ts":"4197830545", "pid":"1", "tid":"mom"},
{"name":"ModelSetRunClock", "ph":"B", "ts":"4202429821", "pid":"1", "tid":"mom"},
{"name":"ModelSetRunClock", "ph":"E", "ts":"4202429949", "pid":"1", "tid":"mom"},
{"name":"ModelAdvance", "ph":"B", "ts":"4202430254", "pid":"1", "tid":"mom"},
{"name":"ModelAdvance", "ph":"E", "ts":"4208526644", "pid":"1", "tid":"mom"},
{"name":"ModelSetRunClock", "ph":"B", "ts":"4212111469", "pid":"1", "tid":"mom"},
{"name":"ModelSetRunClock", "ph":"E", "ts":"4212111539", "pid":"1", "tid":"mom"},
{"name":"ModelAdvance", "ph":"B", "ts":"4212111700", "pid":"1", "tid":"mom"},
{"name":"ModelAdvance", "ph":"E", "ts":"4218184840", "pid":"1", "tid":"mom"},
{"name":"ModelSetRunClock", "ph":"B", "ts":"4222727927", "pid":"1", "tid":"mom"},
{"name":"ModelSetRunClock", "ph":"E", "ts":"4222728251", "pid":"1", "tid":"mom"},
{"name":"ModelAdvance", "ph":"B", "ts":"4222728483", "pid":"1", "tid":"mom"},
{"name":"ModelAdvance", "ph":"E", "ts":"4228836107", "pid":"1", "tid":"mom"},
{"name":"ModelSetRunClock", "ph":"B", "ts":"4232685658", "pid":"1", "tid":"mom"},
{"name":"ModelSetRunClock", "ph":"E", "ts":"4232685736", "pid":"1", "tid":"mom"},
{"name":"ModelAdvance", "ph":"B", "ts":"4232685903", "pid":"1", "tid":"mom"},
{"name":"ModelAdvance", "ph":"E", "ts":"4238734620", "pid":"1", "tid":"mom"},
{"name":"ModelSetRunClock", "ph":"B", "ts":"4243735461", "pid":"1", "tid":"mom"},
{"name":"ModelSetRunClock", "ph":"E", "ts":"4243736392", "pid":"1", "tid":"mom"},
{"name":"ModelAdvance", "ph":"B", "ts":"4243736554", "pid":"1", "tid":"mom"},
{"name":"ModelAdvance", "ph":"E", "ts":"4249820804", "pid":"1", "tid":"mom"},
{"name":"ModelSetRunClock", "ph":"B", "ts":"4253301422", "pid":"1", "tid":"mom"},
{"name":"ModelSetRunClock", "ph":"E", "ts":"4253301613", "pid":"1", "tid":"mom"},
{"name":"ModelAdvance", "ph":"B", "ts":"4253301786", "pid":"1", "tid":"mom"},
{"name":"ModelAdvance", "ph":"E", "ts":"4259482659", "pid":"1", "tid":"mom"},
{"name":"ModelSetRunClock", "ph":"B", "ts":"4264518267", "pid":"1", "tid":"mom"},
{"name":"ModelSetRunClock", "ph":"E", "ts":"4264518325", "pid":"1", "tid":"mom"},
{"name":"ModelAdvance", "ph":"B", "ts":"4264518492", "pid":"1", "tid":"mom"},
{"name":"ModelAdvance", "ph":"E", "ts":"4277097063", "pid":"1", "tid":"mom"},
{"name":"ModelSetRunClock", "ph":"B", "ts":"4277121442", "pid":"1", "tid":"mom"},
{"name":"ModelSetRunClock", "ph":"E", "ts":"4277121508", "pid":"1", "tid":"mom"},
{"name":"ModelAdvance", "ph":"B", "ts":"4277121691", "pid":"1", "tid":"mom"},
{"name":"ModelAdvance", "ph":"E", "ts":"4283199624", "pid":"1", "tid":"mom"},
{"name":"ModelSetRunClock", "ph":"B", "ts":"4287884578", "pid":"1", "tid":"mom"},
{"name":"ModelSetRunClock", "ph":"E", "ts":"4287884687", "pid":"1", "tid":"mom"},
{"name":"ModelAdvance", "ph":"B", "ts":"4287884946", "pid":"1", "tid":"mom"},
{"name":"ModelAdvance", "ph":"E", "ts":"4293938867", "pid":"1", "tid":"mom"},
{"name":"ModelSetRunClock", "ph":"B", "ts":"4297719257", "pid":"1", "tid":"mom"},
{"name":"ModelSetRunClock", "ph":"E", "ts":"4297719355", "pid":"1", "tid":"mom"},
{"name":"ModelAdvance", "ph":"B", "ts":"4297719592", "pid":"1", "tid":"mom"},
{"name":"ModelAdvance", "ph":"E", "ts":"4303756986", "pid":"1", "tid":"mom"},
{"name":"ModelSetRunClock", "ph":"B", "ts":"4307845667", "pid":"1", "tid":"mom"},
{"name":"ModelSetRunClock", "ph":"E", "ts":"4307845750", "pid":"1", "tid":"mom"},
{"name":"ModelAdvance", "ph":"B", "ts":"4307845934", "pid":"1", "tid":"mom"},
{"name":"ModelAdvance", "ph":"E", "ts":"4313915315", "pid":"1", "tid":"mom"},
{"name":"ModelSetRunClock", "ph":"B", "ts":"4317957252", "pid":"1", "tid":"mom"},
{"name":"ModelSetRunClock", "ph":"E", "ts":"4317957322", "pid":"1", "tid":"mom"},
{"name":"ModelAdvance", "ph":"B", "ts":"4317957491", "pid":"1", "tid":"mom"},
{"name":"ModelAdvance", "ph":"E", "ts":"4324123093", "pid":"1", "tid":"mom"},
