{"name":"SetServices", "ph":"B", "ts":"2346602348", "pid":"1", "tid":"wrtComp_08"},
{"name":"SetServices", "ph":"E", "ts":"2346634929", "pid":"1", "tid":"wrtComp_08"},
{"name":"wrt_initialize_p1", "ph":"B", "ts":"2346635355", "pid":"1", "tid":"wrtComp_08"},
{"name":"wrt_initialize_p1", "ph":"E", "ts":"2347137106", "pid":"1", "tid":"wrtComp_08"},
{"name":"wrt_run", "ph":"B", "ts":"2684749810", "pid":"1", "tid":"wrtComp_08"},
{"name":"wrt_run", "ph":"E", "ts":"2748827693", "pid":"1", "tid":"wrtComp_08"},
{"name":"wrt_run", "ph":"B", "ts":"2853712388", "pid":"1", "tid":"wrtComp_08"},
{"name":"wrt_run", "ph":"E", "ts":"2918978127", "pid":"1", "tid":"wrtComp_08"},
{"name":"wrt_run", "ph":"B", "ts":"3034001700", "pid":"1", "tid":"wrtComp_08"},
{"name":"wrt_run", "ph":"E", "ts":"3105149064", "pid":"1", "tid":"wrtComp_08"},
{"name":"wrt_run", "ph":"B", "ts":"3206967519", "pid":"1", "tid":"wrtComp_08"},
{"name":"wrt_run", "ph":"E", "ts":"3269800151", "pid":"1", "tid":"wrtComp_08"},
{"name":"wrt_run", "ph":"B", "ts":"3401704724", "pid":"1", "tid":"wrtComp_08"},
{"name":"wrt_run", "ph":"E", "ts":"3480780952", "pid":"1", "tid":"wrtComp_08"},
{"name":"wrt_run", "ph":"B", "ts":"3571408092", "pid":"1", "tid":"wrtComp_08"},
{"name":"wrt_run", "ph":"E", "ts":"3654300690", "pid":"1", "tid":"wrtComp_08"},
{"name":"wrt_run", "ph":"B", "ts":"3737951317", "pid":"1", "tid":"wrtComp_08"},
{"name":"wrt_run", "ph":"E", "ts":"3806608654", "pid":"1", "tid":"wrtComp_08"},
{"name":"wrt_run", "ph":"B", "ts":"3919022310", "pid":"1", "tid":"wrtComp_08"},
{"name":"wrt_run", "ph":"E", "ts":"3985373839", "pid":"1", "tid":"wrtComp_08"},
{"name":"wrt_run", "ph":"B", "ts":"4087997893", "pid":"1", "tid":"wrtComp_08"},
{"name":"wrt_run", "ph":"E", "ts":"4159496238", "pid":"1", "tid":"wrtComp_08"},
{"name":"wrt_run", "ph":"B", "ts":"4288778465", "pid":"1", "tid":"wrtComp_08"},
