{"name":"SetServices", "ph":"B", "ts":"1066971749", "pid":"1", "tid":"wave"},
{"name":"SetServices", "ph":"E", "ts":"1066973879", "pid":"1", "tid":"wave"},
{"name":"InitializeP0", "ph":"B", "ts":"1066978000", "pid":"1", "tid":"wave"},
{"name":"InitializeP0", "ph":"E", "ts":"1066978083", "pid":"1", "tid":"wave"},
{"name":"InitializeAdvertise", "ph":"B", "ts":"1097677136", "pid":"1", "tid":"wave"},
{"name":"InitializeAdvertise", "ph":"E", "ts":"1188055989", "pid":"1", "tid":"wave"},
{"name":"InitializeRealize", "ph":"B", "ts":"1369780424", "pid":"1", "tid":"wave"},
{"name":"InitializeRealize", "ph":"E", "ts":"1381869608", "pid":"1", "tid":"wave"},
{"name":"DataInitialize", "ph":"B", "ts":"1410177072", "pid":"1", "tid":"wave"},
{"name":"DataInitialize", "ph":"E", "ts":"1410181274", "pid":"1", "tid":"wave"},
{"name":"ModelSetRunClock", "ph":"B", "ts":"1463082819", "pid":"1", "tid":"wave"},
{"name":"ModelSetRunClock", "ph":"E", "ts":"1463091517", "pid":"1", "tid":"wave"},
{"name":"ModelAdvance", "ph":"B", "ts":"1463091600", "pid":"1", "tid":"wave"},
{"name":"ModelAdvance", "ph":"E", "ts":"1474967707", "pid":"1", "tid":"wave"},
{"name":"ModelSetRunClock", "ph":"B", "ts":"1476605382", "pid":"1", "tid":"wave"},
{"name":"ModelSetRunClock", "ph":"E", "ts":"1476605456", "pid":"1", "tid":"wave"},
{"name":"ModelAdvance", "ph":"B", "ts":"1476605561", "pid":"1", "tid":"wave"},
{"name":"ModelAdvance", "ph":"E", "ts":"1483525417", "pid":"1", "tid":"wave"},
{"name":"ModelSetRunClock", "ph":"B", "ts":"1487208423", "pid":"1", "tid":"wave"},
{"name":"ModelSetRunClock", "ph":"E", "ts":"1487208490", "pid":"1", "tid":"wave"},
{"name":"ModelAdvance", "ph":"B", "ts":"1487208593", "pid":"1", "tid":"wave"},
{"name":"ModelAdvance", "ph":"E", "ts":"1493185797", "pid":"1", "tid":"wave"},
{"name":"ModelSetRunClock", "ph":"B", "ts":"1495932093", "pid":"1", "tid":"wave"},
{"name":"ModelSetRunClock", "ph":"E", "ts":"1495932160", "pid":"1", "tid":"wave"},
{"name":"ModelAdvance", "ph":"B", "ts":"1495932256", "pid":"1", "tid":"wave"},
{"name":"ModelAdvance", "ph":"E", "ts":"1502700615", "pid":"1", "tid":"wave"},
{"name":"ModelSetRunClock", "ph":"B", "ts":"1505839784", "pid":"1", "tid":"wave"},
{"name":"ModelSetRunClock", "ph":"E", "ts":"1505839944", "pid":"1", "tid":"wave"},
{"name":"ModelAdvance", "ph":"B", "ts":"1505840040", "pid":"1", "tid":"wave"},
{"name":"ModelAdvance", "ph":"E", "ts":"1511828254", "pid":"1", "tid":"wave"},
{"name":"ModelSetRunClock", "ph":"B", "ts":"1514609007", "pid":"1", "tid":"wave"},
{"name":"ModelSetRunClock", "ph":"E", "ts":"1514609068", "pid":"1", "tid":"wave"},
{"name":"ModelAdvance", "ph":"B", "ts":"1514609149", "pid":"1", "tid":"wave"},
{"name":"ModelAdvance", "ph":"E", "ts":"1521431289", "pid":"1", "tid":"wave"},
{"name":"ModelSetRunClock", "ph":"B", "ts":"1525251876", "pid":"1", "tid":"wave"},
{"name":"ModelSetRunClock", "ph":"E", "ts":"1525251936", "pid":"1", "tid":"wave"},
{"name":"ModelAdvance", "ph":"B", "ts":"1525252016", "pid":"1", "tid":"wave"},
{"name":"ModelAdvance", "ph":"E", "ts":"1531250205", "pid":"1", "tid":"wave"},
{"name":"ModelSetRunClock", "ph":"B", "ts":"1536482207", "pid":"1", "tid":"wave"},
{"name":"ModelSetRunClock", "ph":"E", "ts":"1536482393", "pid":"1", "tid":"wave"},
{"name":"ModelAdvance", "ph":"B", "ts":"1536482549", "pid":"1", "tid":"wave"},
{"name":"ModelAdvance", "ph":"E", "ts":"1543292626", "pid":"1", "tid":"wave"},
{"name":"ModelSetRunClock", "ph":"B", "ts":"1546276427", "pid":"1", "tid":"wave"},
{"name":"ModelSetRunClock", "ph":"E", "ts":"1546276489", "pid":"1", "tid":"wave"},
{"name":"ModelAdvance", "ph":"B", "ts":"1546276577", "pid":"1", "tid":"wave"},
{"name":"ModelAdvance", "ph":"E", "ts":"1552280102", "pid":"1", "tid":"wave"},
{"name":"ModelSetRunClock", "ph":"B", "ts":"1556003211", "pid":"1", "tid":"wave"},
{"name":"ModelSetRunClock", "ph":"E", "ts":"1556003273", "pid":"1", "tid":"wave"},
{"name":"ModelAdvance", "ph":"B", "ts":"1556003370", "pid":"1", "tid":"wave"},
{"name":"ModelAdvance", "ph":"E", "ts":"1562848678", "pid":"1", "tid":"wave"},
{"name":"ModelSetRunClock", "ph":"B", "ts":"1565917413", "pid":"1", "tid":"wave"},
{"name":"ModelSetRunClock", "ph":"E", "ts":"1565917567", "pid":"1", "tid":"wave"},
{"name":"ModelAdvance", "ph":"B", "ts":"1565917665", "pid":"1", "tid":"wave"},
{"name":"ModelAdvance", "ph":"E", "ts":"1571869876", "pid":"1", "tid":"wave"},
{"name":"ModelSetRunClock", "ph":"B", "ts":"1575795746", "pid":"1", "tid":"wave"},
{"name":"ModelSetRunClock", "ph":"E", "ts":"1575795821", "pid":"1", "tid":"wave"},
{"name":"ModelAdvance", "ph":"B", "ts":"1575795917", "pid":"1", "tid":"wave"},
{"name":"ModelAdvance", "ph":"E", "ts":"1582492715", "pid":"1", "tid":"wave"},
{"name":"ModelSetRunClock", "ph":"B", "ts":"1586405045", "pid":"1", "tid":"wave"},
{"name":"ModelSetRunClock", "ph":"E", "ts":"1586405116", "pid":"1", "tid":"wave"},
{"name":"ModelAdvance", "ph":"B", "ts":"1586405219", "pid":"1", "tid":"wave"},
{"name":"ModelAdvance", "ph":"E", "ts":"1592238356", "pid":"1", "tid":"wave"},
{"name":"ModelSetRunClock", "ph":"B", "ts":"1596404287", "pid":"1", "tid":"wave"},
{"name":"ModelSetRunClock", "ph":"E", "ts":"1596404429", "pid":"1", "tid":"wave"},
{"name":"ModelAdvance", "ph":"B", "ts":"1596404511", "pid":"1", "tid":"wave"},
{"name":"ModelAdvance", "ph":"E", "ts":"1603030234", "pid":"1", "tid":"wave"},
{"name":"ModelSetRunClock", "ph":"B", "ts":"1606390304", "pid":"1", "tid":"wave"},
{"name":"ModelSetRunClock", "ph":"E", "ts":"1606390364", "pid":"1", "tid":"wave"},
{"name":"ModelAdvance", "ph":"B", "ts":"1606390439", "pid":"1", "tid":"wave"},
{"name":"ModelAdvance", "ph":"E", "ts":"1612125714", "pid":"1", "tid":"wave"},
{"name":"ModelSetRunClock", "ph":"B", "ts":"1616231989", "pid":"1", "tid":"wave"},
{"name":"ModelSetRunClock", "ph":"E", "ts":"1616232045", "pid":"1", "tid":"wave"},
{"name":"ModelAdvance", "ph":"B", "ts":"1616232126", "pid":"1", "tid":"wave"},
{"name":"ModelAdvance", "ph":"E", "ts":"1622752488", "pid":"1", "tid":"wave"},
{"name":"ModelSetRunClock", "ph":"B", "ts":"1625853111", "pid":"1", "tid":"wave"},
{"name":"ModelSetRunClock", "ph":"E", "ts":"1625853264", "pid":"1", "tid":"wave"},
{"name":"ModelAdvance", "ph":"B", "ts":"1625853359", "pid":"1", "tid":"wave"},
{"name":"ModelAdvance", "ph":"E", "ts":"1631484112", "pid":"1", "tid":"wave"},
{"name":"ModelSetRunClock", "ph":"B", "ts":"1636085588", "pid":"1", "tid":"wave"},
{"name":"ModelSetRunClock", "ph":"E", "ts":"1636085633", "pid":"1", "tid":"wave"},
{"name":"ModelAdvance", "ph":"B", "ts":"1636085721", "pid":"1", "tid":"wave"},
{"name":"ModelAdvance", "ph":"E", "ts":"1642514523", "pid":"1", "tid":"wave"},
{"name":"ModelSetRunClock", "ph":"B", "ts":"1646610072", "pid":"1", "tid":"wave"},
{"name":"ModelSetRunClock", "ph":"E", "ts":"1646610136", "pid":"1", "tid":"wave"},
{"name":"ModelAdvance", "ph":"B", "ts":"1646610230", "pid":"1", "tid":"wave"},
{"name":"ModelAdvance", "ph":"E", "ts":"1652233888", "pid":"1", "tid":"wave"},
{"name":"ModelSetRunClock", "ph":"B", "ts":"1656521288", "pid":"1", "tid":"wave"},
{"name":"ModelSetRunClock", "ph":"E", "ts":"1656521328", "pid":"1", "tid":"wave"},
{"name":"ModelAdvance", "ph":"B", "ts":"1656521415", "pid":"1", "tid":"wave"},
{"name":"ModelAdvance", "ph":"E", "ts":"1662905953", "pid":"1", "tid":"wave"},
{"name":"ModelSetRunClock", "ph":"B", "ts":"1665532372", "pid":"1", "tid":"wave"},
{"name":"ModelSetRunClock", "ph":"E", "ts":"1665532439", "pid":"1", "tid":"wave"},
{"name":"ModelAdvance", "ph":"B", "ts":"1665532522", "pid":"1", "tid":"wave"},
{"name":"ModelAdvance", "ph":"E", "ts":"1671029636", "pid":"1", "tid":"wave"},
{"name":"ModelSetRunClock", "ph":"B", "ts":"1676447217", "pid":"1", "tid":"wave"},
{"name":"ModelSetRunClock", "ph":"E", "ts":"1676447255", "pid":"1", "tid":"wave"},
{"name":"ModelAdvance", "ph":"B", "ts":"1676447335", "pid":"1", "tid":"wave"},
{"name":"ModelAdvance", "ph":"E", "ts":"1682714375", "pid":"1", "tid":"wave"},
{"name":"ModelSetRunClock", "ph":"B", "ts":"1685360326", "pid":"1", "tid":"wave"},
{"name":"ModelSetRunClock", "ph":"E", "ts":"1685360394", "pid":"1", "tid":"wave"},
{"name":"ModelAdvance", "ph":"B", "ts":"1685360493", "pid":"1", "tid":"wave"},
{"name":"ModelAdvance", "ph":"E", "ts":"1690807696", "pid":"1", "tid":"wave"},
{"name":"ModelSetRunClock", "ph":"B", "ts":"1696610591", "pid":"1", "tid":"wave"},
{"name":"ModelSetRunClock", "ph":"E", "ts":"1696610629", "pid":"1", "tid":"wave"},
{"name":"ModelAdvance", "ph":"B", "ts":"1696610715", "pid":"1", "tid":"wave"},
{"name":"ModelAdvance", "ph":"E", "ts":"1702791398", "pid":"1", "tid":"wave"},
{"name":"ModelSetRunClock", "ph":"B", "ts":"1705312166", "pid":"1", "tid":"wave"},
{"name":"ModelSetRunClock", "ph":"E", "ts":"1705312236", "pid":"1", "tid":"wave"},
{"name":"ModelAdvance", "ph":"B", "ts":"1705312334", "pid":"1", "tid":"wave"},
{"name":"ModelAdvance", "ph":"E", "ts":"1710647479", "pid":"1", "tid":"wave"},
{"name":"ModelSetRunClock", "ph":"B", "ts":"1715903366", "pid":"1", "tid":"wave"},
{"name":"ModelSetRunClock", "ph":"E", "ts":"1715903405", "pid":"1", "tid":"wave"},
{"name":"ModelAdvance", "ph":"B", "ts":"1715903497", "pid":"1", "tid":"wave"},
{"name":"ModelAdvance", "ph":"E", "ts":"1722030966", "pid":"1", "tid":"wave"},
{"name":"ModelSetRunClock", "ph":"B", "ts":"1724515037", "pid":"1", "tid":"wave"},
{"name":"ModelSetRunClock", "ph":"E", "ts":"1724515107", "pid":"1", "tid":"wave"},
{"name":"ModelAdvance", "ph":"B", "ts":"1724515201", "pid":"1", "tid":"wave"},
{"name":"ModelAdvance", "ph":"E", "ts":"1729871788", "pid":"1", "tid":"wave"},
{"name":"ModelSetRunClock", "ph":"B", "ts":"1734854988", "pid":"1", "tid":"wave"},
{"name":"ModelSetRunClock", "ph":"E", "ts":"1734855114", "pid":"1", "tid":"wave"},
{"name":"ModelAdvance", "ph":"B", "ts":"1734855207", "pid":"1", "tid":"wave"},
{"name":"ModelAdvance", "ph":"E", "ts":"1741024942", "pid":"1", "tid":"wave"},
{"name":"ModelSetRunClock", "ph":"B", "ts":"1743530931", "pid":"1", "tid":"wave"},
{"name":"ModelSetRunClock", "ph":"E", "ts":"1743530991", "pid":"1", "tid":"wave"},
{"name":"ModelAdvance", "ph":"B", "ts":"1743531080", "pid":"1", "tid":"wave"},
{"name":"ModelAdvance", "ph":"E", "ts":"1748919388", "pid":"1", "tid":"wave"},
{"name":"ModelSetRunClock", "ph":"B", "ts":"1753614609", "pid":"1", "tid":"wave"},
{"name":"ModelSetRunClock", "ph":"E", "ts":"1753614648", "pid":"1", "tid":"wave"},
{"name":"ModelAdvance", "ph":"B", "ts":"1753614736", "pid":"1", "tid":"wave"},
{"name":"ModelAdvance", "ph":"E", "ts":"1759763640", "pid":"1", "tid":"wave"},
{"name":"ModelSetRunClock", "ph":"B", "ts":"1763823814", "pid":"1", "tid":"wave"},
{"name":"ModelSetRunClock", "ph":"E", "ts":"1763823874", "pid":"1", "tid":"wave"},
{"name":"ModelAdvance", "ph":"B", "ts":"1763823955", "pid":"1", "tid":"wave"},
{"name":"ModelAdvance", "ph":"E", "ts":"1769119748", "pid":"1", "tid":"wave"},
{"name":"ModelSetRunClock", "ph":"B", "ts":"1773888892", "pid":"1", "tid":"wave"},
{"name":"ModelSetRunClock", "ph":"E", "ts":"1773888938", "pid":"1", "tid":"wave"},
{"name":"ModelAdvance", "ph":"B", "ts":"1773889032", "pid":"1", "tid":"wave"},
{"name":"ModelAdvance", "ph":"E", "ts":"1779970102", "pid":"1", "tid":"wave"},
{"name":"ModelSetRunClock", "ph":"B", "ts":"1782404770", "pid":"1", "tid":"wave"},
{"name":"ModelSetRunClock", "ph":"E", "ts":"1782404837", "pid":"1", "tid":"wave"},
{"name":"ModelAdvance", "ph":"B", "ts":"1782404933", "pid":"1", "tid":"wave"},
{"name":"ModelAdvance", "ph":"E", "ts":"1787665837", "pid":"1", "tid":"wave"},
{"name":"ModelSetRunClock", "ph":"B", "ts":"1792635794", "pid":"1", "tid":"wave"},
{"name":"ModelSetRunClock", "ph":"E", "ts":"1792635838", "pid":"1", "tid":"wave"},
{"name":"ModelAdvance", "ph":"B", "ts":"1792635933", "pid":"1", "tid":"wave"},
{"name":"ModelAdvance", "ph":"E", "ts":"1798688164", "pid":"1", "tid":"wave"},
{"name":"ModelSetRunClock", "ph":"B", "ts":"1801096551", "pid":"1", "tid":"wave"},
{"name":"ModelSetRunClock", "ph":"E", "ts":"1801096610", "pid":"1", "tid":"wave"},
{"name":"ModelAdvance", "ph":"B", "ts":"1801096696", "pid":"1", "tid":"wave"},
{"name":"ModelAdvance", "ph":"E", "ts":"1806363964", "pid":"1", "tid":"wave"},
{"name":"ModelSetRunClock", "ph":"B", "ts":"1811341773", "pid":"1", "tid":"wave"},
{"name":"ModelSetRunClock", "ph":"E", "ts":"1811341817", "pid":"1", "tid":"wave"},
{"name":"ModelAdvance", "ph":"B", "ts":"1811342041", "pid":"1", "tid":"wave"},
{"name":"ModelAdvance", "ph":"E", "ts":"1817341933", "pid":"1", "tid":"wave"},
{"name":"ModelSetRunClock", "ph":"B", "ts":"1819788415", "pid":"1", "tid":"wave"},
{"name":"ModelSetRunClock", "ph":"E", "ts":"1819788483", "pid":"1", "tid":"wave"},
{"name":"ModelAdvance", "ph":"B", "ts":"1819788574", "pid":"1", "tid":"wave"},
{"name":"ModelAdvance", "ph":"E", "ts":"1824928971", "pid":"1", "tid":"wave"},
{"name":"ModelSetRunClock", "ph":"B", "ts":"1830456886", "pid":"1", "tid":"wave"},
{"name":"ModelSetRunClock", "ph":"E", "ts":"1830457046", "pid":"1", "tid":"wave"},
{"name":"ModelAdvance", "ph":"B", "ts":"1830457142", "pid":"1", "tid":"wave"},
{"name":"ModelAdvance", "ph":"E", "ts":"1836394380", "pid":"1", "tid":"wave"},
{"name":"ModelSetRunClock", "ph":"B", "ts":"1838906177", "pid":"1", "tid":"wave"},
{"name":"ModelSetRunClock", "ph":"E", "ts":"1838906241", "pid":"1", "tid":"wave"},
{"name":"ModelAdvance", "ph":"B", "ts":"1838906327", "pid":"1", "tid":"wave"},
{"name":"ModelAdvance", "ph":"E", "ts":"1844062556", "pid":"1", "tid":"wave"},
{"name":"ModelSetRunClock", "ph":"B", "ts":"1849697725", "pid":"1", "tid":"wave"},
{"name":"ModelSetRunClock", "ph":"E", "ts":"1849697762", "pid":"1", "tid":"wave"},
{"name":"ModelAdvance", "ph":"B", "ts":"1849697841", "pid":"1", "tid":"wave"},
{"name":"ModelAdvance", "ph":"E", "ts":"1855703969", "pid":"1", "tid":"wave"},
{"name":"ModelSetRunClock", "ph":"B", "ts":"1858311743", "pid":"1", "tid":"wave"},
{"name":"ModelSetRunClock", "ph":"E", "ts":"1858311889", "pid":"1", "tid":"wave"},
{"name":"ModelAdvance", "ph":"B", "ts":"1858312003", "pid":"1", "tid":"wave"},
{"name":"ModelAdvance", "ph":"E", "ts":"1863562497", "pid":"1", "tid":"wave"},
{"name":"ModelSetRunClock", "ph":"B", "ts":"1869688853", "pid":"1", "tid":"wave"},
{"name":"ModelSetRunClock", "ph":"E", "ts":"1869688892", "pid":"1", "tid":"wave"},
{"name":"ModelAdvance", "ph":"B", "ts":"1869688977", "pid":"1", "tid":"wave"},
{"name":"ModelAdvance", "ph":"E", "ts":"1875785796", "pid":"1", "tid":"wave"},
{"name":"ModelSetRunClock", "ph":"B", "ts":"1880153613", "pid":"1", "tid":"wave"},
{"name":"ModelSetRunClock", "ph":"E", "ts":"1880153676", "pid":"1", "tid":"wave"},
{"name":"ModelAdvance", "ph":"B", "ts":"1880153756", "pid":"1", "tid":"wave"},
{"name":"ModelAdvance", "ph":"E", "ts":"1885480033", "pid":"1", "tid":"wave"},
{"name":"ModelSetRunClock", "ph":"B", "ts":"1902538416", "pid":"1", "tid":"wave"},
{"name":"ModelSetRunClock", "ph":"E", "ts":"1902538559", "pid":"1", "tid":"wave"},
{"name":"ModelAdvance", "ph":"B", "ts":"1902538655", "pid":"1", "tid":"wave"},
{"name":"ModelAdvance", "ph":"E", "ts":"1908692231", "pid":"1", "tid":"wave"},
{"name":"ModelSetRunClock", "ph":"B", "ts":"1911304966", "pid":"1", "tid":"wave"},
{"name":"ModelSetRunClock", "ph":"E", "ts":"1911305026", "pid":"1", "tid":"wave"},
{"name":"ModelAdvance", "ph":"B", "ts":"1911305102", "pid":"1", "tid":"wave"},
{"name":"ModelAdvance", "ph":"E", "ts":"1916694069", "pid":"1", "tid":"wave"},
{"name":"ModelSetRunClock", "ph":"B", "ts":"1922123588", "pid":"1", "tid":"wave"},
{"name":"ModelSetRunClock", "ph":"E", "ts":"1922123713", "pid":"1", "tid":"wave"},
{"name":"ModelAdvance", "ph":"B", "ts":"1922123808", "pid":"1", "tid":"wave"},
{"name":"ModelAdvance", "ph":"E", "ts":"1928306427", "pid":"1", "tid":"wave"},
{"name":"ModelSetRunClock", "ph":"B", "ts":"1930894124", "pid":"1", "tid":"wave"},
{"name":"ModelSetRunClock", "ph":"E", "ts":"1930894183", "pid":"1", "tid":"wave"},
{"name":"ModelAdvance", "ph":"B", "ts":"1930894258", "pid":"1", "tid":"wave"},
{"name":"ModelAdvance", "ph":"E", "ts":"1936238714", "pid":"1", "tid":"wave"},
{"name":"ModelSetRunClock", "ph":"B", "ts":"1941192724", "pid":"1", "tid":"wave"},
{"name":"ModelSetRunClock", "ph":"E", "ts":"1941192761", "pid":"1", "tid":"wave"},
{"name":"ModelAdvance", "ph":"B", "ts":"1941192847", "pid":"1", "tid":"wave"},
{"name":"ModelAdvance", "ph":"E", "ts":"1947340450", "pid":"1", "tid":"wave"},
{"name":"ModelSetRunClock", "ph":"B", "ts":"1949901145", "pid":"1", "tid":"wave"},
{"name":"ModelSetRunClock", "ph":"E", "ts":"1949901334", "pid":"1", "tid":"wave"},
{"name":"ModelAdvance", "ph":"B", "ts":"1949901435", "pid":"1", "tid":"wave"},
{"name":"ModelAdvance", "ph":"E", "ts":"1955190408", "pid":"1", "tid":"wave"},
{"name":"ModelSetRunClock", "ph":"B", "ts":"1960240023", "pid":"1", "tid":"wave"},
{"name":"ModelSetRunClock", "ph":"E", "ts":"1960240059", "pid":"1", "tid":"wave"},
{"name":"ModelAdvance", "ph":"B", "ts":"1960240132", "pid":"1", "tid":"wave"},
{"name":"ModelAdvance", "ph":"E", "ts":"1966311122", "pid":"1", "tid":"wave"},
{"name":"ModelSetRunClock", "ph":"B", "ts":"1968847323", "pid":"1", "tid":"wave"},
{"name":"ModelSetRunClock", "ph":"E", "ts":"1968847384", "pid":"1", "tid":"wave"},
{"name":"ModelAdvance", "ph":"B", "ts":"1968847461", "pid":"1", "tid":"wave"},
{"name":"ModelAdvance", "ph":"E", "ts":"1974065043", "pid":"1", "tid":"wave"},
{"name":"ModelSetRunClock", "ph":"B", "ts":"1979519972", "pid":"1", "tid":"wave"},
{"name":"ModelSetRunClock", "ph":"E", "ts":"1979520073", "pid":"1", "tid":"wave"},
{"name":"ModelAdvance", "ph":"B", "ts":"1979520152", "pid":"1", "tid":"wave"},
{"name":"ModelAdvance", "ph":"E", "ts":"1985486678", "pid":"1", "tid":"wave"},
{"name":"ModelSetRunClock", "ph":"B", "ts":"1987941246", "pid":"1", "tid":"wave"},
{"name":"ModelSetRunClock", "ph":"E", "ts":"1987941314", "pid":"1", "tid":"wave"},
{"name":"ModelAdvance", "ph":"B", "ts":"1987941398", "pid":"1", "tid":"wave"},
{"name":"ModelAdvance", "ph":"E", "ts":"1993074501", "pid":"1", "tid":"wave"},
{"name":"ModelSetRunClock", "ph":"B", "ts":"1998893639", "pid":"1", "tid":"wave"},
{"name":"ModelSetRunClock", "ph":"E", "ts":"1998893678", "pid":"1", "tid":"wave"},
{"name":"ModelAdvance", "ph":"B", "ts":"1998893758", "pid":"1", "tid":"wave"},
{"name":"ModelAdvance", "ph":"E", "ts":"2004813046", "pid":"1", "tid":"wave"},
{"name":"ModelSetRunClock", "ph":"B", "ts":"2009292552", "pid":"1", "tid":"wave"},
{"name":"ModelSetRunClock", "ph":"E", "ts":"2009292606", "pid":"1", "tid":"wave"},
{"name":"ModelAdvance", "ph":"B", "ts":"2009292689", "pid":"1", "tid":"wave"},
{"name":"ModelAdvance", "ph":"E", "ts":"2014357267", "pid":"1", "tid":"wave"},
{"name":"ModelSetRunClock", "ph":"B", "ts":"2019568683", "pid":"1", "tid":"wave"},
{"name":"ModelSetRunClock", "ph":"E", "ts":"2019568722", "pid":"1", "tid":"wave"},
{"name":"ModelAdvance", "ph":"B", "ts":"2019568807", "pid":"1", "tid":"wave"},
{"name":"ModelAdvance", "ph":"E", "ts":"2025473118", "pid":"1", "tid":"wave"},
{"name":"ModelSetRunClock", "ph":"B", "ts":"2027962982", "pid":"1", "tid":"wave"},
{"name":"ModelSetRunClock", "ph":"E", "ts":"2027963045", "pid":"1", "tid":"wave"},
{"name":"ModelAdvance", "ph":"B", "ts":"2027963121", "pid":"1", "tid":"wave"},
{"name":"ModelAdvance", "ph":"E", "ts":"2033076850", "pid":"1", "tid":"wave"},
{"name":"ModelSetRunClock", "ph":"B", "ts":"2039025704", "pid":"1", "tid":"wave"},
{"name":"ModelSetRunClock", "ph":"E", "ts":"2039025744", "pid":"1", "tid":"wave"},
{"name":"ModelAdvance", "ph":"B", "ts":"2039025825", "pid":"1", "tid":"wave"},
{"name":"ModelAdvance", "ph":"E", "ts":"2044949169", "pid":"1", "tid":"wave"},
{"name":"ModelSetRunClock", "ph":"B", "ts":"2047322911", "pid":"1", "tid":"wave"},
{"name":"ModelSetRunClock", "ph":"E", "ts":"2047322973", "pid":"1", "tid":"wave"},
{"name":"ModelAdvance", "ph":"B", "ts":"2047323055", "pid":"1", "tid":"wave"},
{"name":"ModelAdvance", "ph":"E", "ts":"2052443107", "pid":"1", "tid":"wave"},
{"name":"ModelSetRunClock", "ph":"B", "ts":"2058202135", "pid":"1", "tid":"wave"},
{"name":"ModelSetRunClock", "ph":"E", "ts":"2058202172", "pid":"1", "tid":"wave"},
{"name":"ModelAdvance", "ph":"B", "ts":"2058202248", "pid":"1", "tid":"wave"},
{"name":"ModelAdvance", "ph":"E", "ts":"2064147447", "pid":"1", "tid":"wave"},
{"name":"ModelSetRunClock", "ph":"B", "ts":"2066488626", "pid":"1", "tid":"wave"},
{"name":"ModelSetRunClock", "ph":"E", "ts":"2066488689", "pid":"1", "tid":"wave"},
{"name":"ModelAdvance", "ph":"B", "ts":"2066488767", "pid":"1", "tid":"wave"},
{"name":"ModelAdvance", "ph":"E", "ts":"2071622382", "pid":"1", "tid":"wave"},
{"name":"ModelSetRunClock", "ph":"B", "ts":"2077073447", "pid":"1", "tid":"wave"},
{"name":"ModelSetRunClock", "ph":"E", "ts":"2077073491", "pid":"1", "tid":"wave"},
{"name":"ModelAdvance", "ph":"B", "ts":"2077073574", "pid":"1", "tid":"wave"},
{"name":"ModelAdvance", "ph":"E", "ts":"2082984614", "pid":"1", "tid":"wave"},
{"name":"ModelSetRunClock", "ph":"B", "ts":"2085306645", "pid":"1", "tid":"wave"},
{"name":"ModelSetRunClock", "ph":"E", "ts":"2085306715", "pid":"1", "tid":"wave"},
{"name":"ModelAdvance", "ph":"B", "ts":"2085306814", "pid":"1", "tid":"wave"},
{"name":"ModelAdvance", "ph":"E", "ts":"2090360292", "pid":"1", "tid":"wave"},
{"name":"ModelSetRunClock", "ph":"B", "ts":"2096214574", "pid":"1", "tid":"wave"},
{"name":"ModelSetRunClock", "ph":"E", "ts":"2096214619", "pid":"1", "tid":"wave"},
{"name":"ModelAdvance", "ph":"B", "ts":"2096214705", "pid":"1", "tid":"wave"},
{"name":"ModelAdvance", "ph":"E", "ts":"2102118092", "pid":"1", "tid":"wave"},
{"name":"ModelSetRunClock", "ph":"B", "ts":"2104519408", "pid":"1", "tid":"wave"},
{"name":"ModelSetRunClock", "ph":"E", "ts":"2104519471", "pid":"1", "tid":"wave"},
{"name":"ModelAdvance", "ph":"B", "ts":"2104519555", "pid":"1", "tid":"wave"},
{"name":"ModelAdvance", "ph":"E", "ts":"2109627171", "pid":"1", "tid":"wave"},
{"name":"ModelSetRunClock", "ph":"B", "ts":"2115115061", "pid":"1", "tid":"wave"},
{"name":"ModelSetRunClock", "ph":"E", "ts":"2115115101", "pid":"1", "tid":"wave"},
{"name":"ModelAdvance", "ph":"B", "ts":"2115115173", "pid":"1", "tid":"wave"},
{"name":"ModelAdvance", "ph":"E", "ts":"2121051550", "pid":"1", "tid":"wave"},
{"name":"ModelSetRunClock", "ph":"B", "ts":"2125624631", "pid":"1", "tid":"wave"},
{"name":"ModelSetRunClock", "ph":"E", "ts":"2125624685", "pid":"1", "tid":"wave"},
{"name":"ModelAdvance", "ph":"B", "ts":"2125624762", "pid":"1", "tid":"wave"},
{"name":"ModelAdvance", "ph":"E", "ts":"2130746457", "pid":"1", "tid":"wave"},
{"name":"ModelSetRunClock", "ph":"B", "ts":"2135686537", "pid":"1", "tid":"wave"},
{"name":"ModelSetRunClock", "ph":"E", "ts":"2135686608", "pid":"1", "tid":"wave"},
{"name":"ModelAdvance", "ph":"B", "ts":"2135686686", "pid":"1", "tid":"wave"},
{"name":"ModelAdvance", "ph":"E", "ts":"2141645717", "pid":"1", "tid":"wave"},
{"name":"ModelSetRunClock", "ph":"B", "ts":"2144034064", "pid":"1", "tid":"wave"},
{"name":"ModelSetRunClock", "ph":"E", "ts":"2144034119", "pid":"1", "tid":"wave"},
{"name":"ModelAdvance", "ph":"B", "ts":"2144034200", "pid":"1", "tid":"wave"},
{"name":"ModelAdvance", "ph":"E", "ts":"2149213376", "pid":"1", "tid":"wave"},
{"name":"ModelSetRunClock", "ph":"B", "ts":"2154751257", "pid":"1", "tid":"wave"},
{"name":"ModelSetRunClock", "ph":"E", "ts":"2154751295", "pid":"1", "tid":"wave"},
{"name":"ModelAdvance", "ph":"B", "ts":"2154751383", "pid":"1", "tid":"wave"},
