{"name":"SetServices", "ph":"B", "ts":"1065513959", "pid":"1", "tid":"mom"},
{"name":"SetServices", "ph":"E", "ts":"1065515873", "pid":"1", "tid":"mom"},
{"name":"InitializeP0", "ph":"B", "ts":"1066940043", "pid":"1", "tid":"mom"},
{"name":"InitializeP0", "ph":"E", "ts":"1066940760", "pid":"1", "tid":"mom"},
{"name":"InitializeAdvertise", "ph":"B", "ts":"1097677314", "pid":"1", "tid":"mom"},
{"name":"InitializeAdvertise", "ph":"E", "ts":"1127852448", "pid":"1", "tid":"mom"},
{"name":"InitializeRealize", "ph":"B", "ts":"1369594997", "pid":"1", "tid":"mom"},
{"name":"InitializeRealize", "ph":"E", "ts":"1373799749", "pid":"1", "tid":"mom"},
{"name":"DataInitialize", "ph":"B", "ts":"1408761496", "pid":"1", "tid":"mom"},
{"name":"DataInitialize", "ph":"E", "ts":"1408762778", "pid":"1", "tid":"mom"},
{"name":"ModelSetRunClock", "ph":"B", "ts":"1463112374", "pid":"1", "tid":"mom"},
{"name":"ModelSetRunClock", "ph":"E", "ts":"1463121201", "pid":"1", "tid":"mom"},
{"name":"ModelAdvance", "ph":"B", "ts":"1463121373", "pid":"1", "tid":"mom"},
{"name":"ModelAdvance", "ph":"E", "ts":"1468985715", "pid":"1", "tid":"mom"},
{"name":"ModelSetRunClock", "ph":"B", "ts":"1476608157", "pid":"1", "tid":"mom"},
{"name":"ModelSetRunClock", "ph":"E", "ts":"1476608245", "pid":"1", "tid":"mom"},
{"name":"ModelAdvance", "ph":"B", "ts":"1476608522", "pid":"1", "tid":"mom"},
{"name":"ModelAdvance", "ph":"E", "ts":"1482330591", "pid":"1", "tid":"mom"},
{"name":"ModelSetRunClock", "ph":"B", "ts":"1487210984", "pid":"1", "tid":"mom"},
{"name":"ModelSetRunClock", "ph":"E", "ts":"1487211046", "pid":"1", "tid":"mom"},
{"name":"ModelAdvance", "ph":"B", "ts":"1487211197", "pid":"1", "tid":"mom"},
{"name":"ModelAdvance", "ph":"E", "ts":"1492858464", "pid":"1", "tid":"mom"},
{"name":"ModelSetRunClock", "ph":"B", "ts":"1495942421", "pid":"1", "tid":"mom"},
{"name":"ModelSetRunClock", "ph":"E", "ts":"1495942697", "pid":"1", "tid":"mom"},
{"name":"ModelAdvance", "ph":"B", "ts":"1495943000", "pid":"1", "tid":"mom"},
{"name":"ModelAdvance", "ph":"E", "ts":"1501606210", "pid":"1", "tid":"mom"},
{"name":"ModelSetRunClock", "ph":"B", "ts":"1505849270", "pid":"1", "tid":"mom"},
{"name":"ModelSetRunClock", "ph":"E", "ts":"1505849337", "pid":"1", "tid":"mom"},
{"name":"ModelAdvance", "ph":"B", "ts":"1505849512", "pid":"1", "tid":"mom"},
{"name":"ModelAdvance", "ph":"E", "ts":"1511503255", "pid":"1", "tid":"mom"},
{"name":"ModelSetRunClock", "ph":"B", "ts":"1514619895", "pid":"1", "tid":"mom"},
{"name":"ModelSetRunClock", "ph":"E", "ts":"1514619975", "pid":"1", "tid":"mom"},
{"name":"ModelAdvance", "ph":"B", "ts":"1514620177", "pid":"1", "tid":"mom"},
{"name":"ModelAdvance", "ph":"E", "ts":"1520354742", "pid":"1", "tid":"mom"},
{"name":"ModelSetRunClock", "ph":"B", "ts":"1525456493", "pid":"1", "tid":"mom"},
{"name":"ModelSetRunClock", "ph":"E", "ts":"1525456695", "pid":"1", "tid":"mom"},
{"name":"ModelAdvance", "ph":"B", "ts":"1525456850", "pid":"1", "tid":"mom"},
{"name":"ModelAdvance", "ph":"E", "ts":"1531136392", "pid":"1", "tid":"mom"},
{"name":"ModelSetRunClock", "ph":"B", "ts":"1536494689", "pid":"1", "tid":"mom"},
{"name":"ModelSetRunClock", "ph":"E", "ts":"1536494761", "pid":"1", "tid":"mom"},
{"name":"ModelAdvance", "ph":"B", "ts":"1536495026", "pid":"1", "tid":"mom"},
{"name":"ModelAdvance", "ph":"E", "ts":"1542176332", "pid":"1", "tid":"mom"},
{"name":"ModelSetRunClock", "ph":"B", "ts":"1546287637", "pid":"1", "tid":"mom"},
{"name":"ModelSetRunClock", "ph":"E", "ts":"1546287714", "pid":"1", "tid":"mom"},
{"name":"ModelAdvance", "ph":"B", "ts":"1546287945", "pid":"1", "tid":"mom"},
{"name":"ModelAdvance", "ph":"E", "ts":"1551976065", "pid":"1", "tid":"mom"},
{"name":"ModelSetRunClock", "ph":"B", "ts":"1556014585", "pid":"1", "tid":"mom"},
{"name":"ModelSetRunClock", "ph":"E", "ts":"1556014877", "pid":"1", "tid":"mom"},
{"name":"ModelAdvance", "ph":"B", "ts":"1556015174", "pid":"1", "tid":"mom"},
{"name":"ModelAdvance", "ph":"E", "ts":"1561701231", "pid":"1", "tid":"mom"},
{"name":"ModelSetRunClock", "ph":"B", "ts":"1565929880", "pid":"1", "tid":"mom"},
{"name":"ModelSetRunClock", "ph":"E", "ts":"1565929969", "pid":"1", "tid":"mom"},
{"name":"ModelAdvance", "ph":"B", "ts":"1565930289", "pid":"1", "tid":"mom"},
{"name":"ModelAdvance", "ph":"E", "ts":"1571595158", "pid":"1", "tid":"mom"},
{"name":"ModelSetRunClock", "ph":"B", "ts":"1575806461", "pid":"1", "tid":"mom"},
{"name":"ModelSetRunClock", "ph":"E", "ts":"1575806572", "pid":"1", "tid":"mom"},
{"name":"ModelAdvance", "ph":"B", "ts":"1575806790", "pid":"1", "tid":"mom"},
{"name":"ModelAdvance", "ph":"E", "ts":"1581398744", "pid":"1", "tid":"mom"},
{"name":"ModelSetRunClock", "ph":"B", "ts":"1586414087", "pid":"1", "tid":"mom"},
{"name":"ModelSetRunClock", "ph":"E", "ts":"1586414285", "pid":"1", "tid":"mom"},
{"name":"ModelAdvance", "ph":"B", "ts":"1586414476", "pid":"1", "tid":"mom"},
{"name":"ModelAdvance", "ph":"E", "ts":"1591939426", "pid":"1", "tid":"mom"},
{"name":"ModelSetRunClock", "ph":"B", "ts":"1596416306", "pid":"1", "tid":"mom"},
{"name":"ModelSetRunClock", "ph":"E", "ts":"1596416381", "pid":"1", "tid":"mom"},
{"name":"ModelAdvance", "ph":"B", "ts":"1596416600", "pid":"1", "tid":"mom"},
{"name":"ModelAdvance", "ph":"E", "ts":"1601937349", "pid":"1", "tid":"mom"},
{"name":"ModelSetRunClock", "ph":"B", "ts":"1606401883", "pid":"1", "tid":"mom"},
{"name":"ModelSetRunClock", "ph":"E", "ts":"1606402058", "pid":"1", "tid":"mom"},
{"name":"ModelAdvance", "ph":"B", "ts":"1606402302", "pid":"1", "tid":"mom"},
{"name":"ModelAdvance", "ph":"E", "ts":"1611940928", "pid":"1", "tid":"mom"},
{"name":"ModelSetRunClock", "ph":"B", "ts":"1616243593", "pid":"1", "tid":"mom"},
{"name":"ModelSetRunClock", "ph":"E", "ts":"1616243696", "pid":"1", "tid":"mom"},
{"name":"ModelAdvance", "ph":"B", "ts":"1616243895", "pid":"1", "tid":"mom"},
{"name":"ModelAdvance", "ph":"E", "ts":"1621770106", "pid":"1", "tid":"mom"},
{"name":"ModelSetRunClock", "ph":"B", "ts":"1625863401", "pid":"1", "tid":"mom"},
{"name":"ModelSetRunClock", "ph":"E", "ts":"1625863481", "pid":"1", "tid":"mom"},
{"name":"ModelAdvance", "ph":"B", "ts":"1625863696", "pid":"1", "tid":"mom"},
{"name":"ModelAdvance", "ph":"E", "ts":"1631395596", "pid":"1", "tid":"mom"},
{"name":"ModelSetRunClock", "ph":"B", "ts":"1636097871", "pid":"1", "tid":"mom"},
{"name":"ModelSetRunClock", "ph":"E", "ts":"1636097970", "pid":"1", "tid":"mom"},
{"name":"ModelAdvance", "ph":"B", "ts":"1636098182", "pid":"1", "tid":"mom"},
{"name":"ModelAdvance", "ph":"E", "ts":"1641702366", "pid":"1", "tid":"mom"},
{"name":"ModelSetRunClock", "ph":"B", "ts":"1646620303", "pid":"1", "tid":"mom"},
{"name":"ModelSetRunClock", "ph":"E", "ts":"1646620374", "pid":"1", "tid":"mom"},
{"name":"ModelAdvance", "ph":"B", "ts":"1646620565", "pid":"1", "tid":"mom"},
{"name":"ModelAdvance", "ph":"E", "ts":"1656173616", "pid":"1", "tid":"mom"},
{"name":"ModelSetRunClock", "ph":"B", "ts":"1656531992", "pid":"1", "tid":"mom"},
{"name":"ModelSetRunClock", "ph":"E", "ts":"1656532091", "pid":"1", "tid":"mom"},
{"name":"ModelAdvance", "ph":"B", "ts":"1656532288", "pid":"1", "tid":"mom"},
{"name":"ModelAdvance", "ph":"E", "ts":"1662056113", "pid":"1", "tid":"mom"},
{"name":"ModelSetRunClock", "ph":"B", "ts":"1665543963", "pid":"1", "tid":"mom"},
{"name":"ModelSetRunClock", "ph":"E", "ts":"1665544079", "pid":"1", "tid":"mom"},
{"name":"ModelAdvance", "ph":"B", "ts":"1665544311", "pid":"1", "tid":"mom"},
{"name":"ModelAdvance", "ph":"E", "ts":"1671059190", "pid":"1", "tid":"mom"},
{"name":"ModelSetRunClock", "ph":"B", "ts":"1676459373", "pid":"1", "tid":"mom"},
{"name":"ModelSetRunClock", "ph":"E", "ts":"1676459453", "pid":"1", "tid":"mom"},
{"name":"ModelAdvance", "ph":"B", "ts":"1676459705", "pid":"1", "tid":"mom"},
{"name":"ModelAdvance", "ph":"E", "ts":"1681953346", "pid":"1", "tid":"mom"},
{"name":"ModelSetRunClock", "ph":"B", "ts":"1685370435", "pid":"1", "tid":"mom"},
{"name":"ModelSetRunClock", "ph":"E", "ts":"1685370525", "pid":"1", "tid":"mom"},
{"name":"ModelAdvance", "ph":"B", "ts":"1685370743", "pid":"1", "tid":"mom"},
{"name":"ModelAdvance", "ph":"E", "ts":"1690875217", "pid":"1", "tid":"mom"},
{"name":"ModelSetRunClock", "ph":"B", "ts":"1696622976", "pid":"1", "tid":"mom"},
{"name":"ModelSetRunClock", "ph":"E", "ts":"1696623295", "pid":"1", "tid":"mom"},
{"name":"ModelAdvance", "ph":"B", "ts":"1696623550", "pid":"1", "tid":"mom"},
{"name":"ModelAdvance", "ph":"E", "ts":"1702189563", "pid":"1", "tid":"mom"},
{"name":"ModelSetRunClock", "ph":"B", "ts":"1705322184", "pid":"1", "tid":"mom"},
{"name":"ModelSetRunClock", "ph":"E", "ts":"1705322255", "pid":"1", "tid":"mom"},
{"name":"ModelAdvance", "ph":"B", "ts":"1705322450", "pid":"1", "tid":"mom"},
{"name":"ModelAdvance", "ph":"E", "ts":"1710817290", "pid":"1", "tid":"mom"},
{"name":"ModelSetRunClock", "ph":"B", "ts":"1715914567", "pid":"1", "tid":"mom"},
{"name":"ModelSetRunClock", "ph":"E", "ts":"1715914670", "pid":"1", "tid":"mom"},
{"name":"ModelAdvance", "ph":"B", "ts":"1715914889", "pid":"1", "tid":"mom"},
{"name":"ModelAdvance", "ph":"E", "ts":"1721404066", "pid":"1", "tid":"mom"},
{"name":"ModelSetRunClock", "ph":"B", "ts":"1724525393", "pid":"1", "tid":"mom"},
{"name":"ModelSetRunClock", "ph":"E", "ts":"1724525480", "pid":"1", "tid":"mom"},
{"name":"ModelAdvance", "ph":"B", "ts":"1724525688", "pid":"1", "tid":"mom"},
{"name":"ModelAdvance", "ph":"E", "ts":"1730015856", "pid":"1", "tid":"mom"},
{"name":"ModelSetRunClock", "ph":"B", "ts":"1734864839", "pid":"1", "tid":"mom"},
{"name":"ModelSetRunClock", "ph":"E", "ts":"1734864924", "pid":"1", "tid":"mom"},
{"name":"ModelAdvance", "ph":"B", "ts":"1734865183", "pid":"1", "tid":"mom"},
{"name":"ModelAdvance", "ph":"E", "ts":"1740341564", "pid":"1", "tid":"mom"},
{"name":"ModelSetRunClock", "ph":"B", "ts":"1743542590", "pid":"1", "tid":"mom"},
{"name":"ModelSetRunClock", "ph":"E", "ts":"1743542672", "pid":"1", "tid":"mom"},
{"name":"ModelAdvance", "ph":"B", "ts":"1743542875", "pid":"1", "tid":"mom"},
{"name":"ModelAdvance", "ph":"E", "ts":"1749009174", "pid":"1", "tid":"mom"},
{"name":"ModelSetRunClock", "ph":"B", "ts":"1753626617", "pid":"1", "tid":"mom"},
{"name":"ModelSetRunClock", "ph":"E", "ts":"1753626897", "pid":"1", "tid":"mom"},
{"name":"ModelAdvance", "ph":"B", "ts":"1753627209", "pid":"1", "tid":"mom"},
{"name":"ModelAdvance", "ph":"E", "ts":"1759160963", "pid":"1", "tid":"mom"},
{"name":"ModelSetRunClock", "ph":"B", "ts":"1763835282", "pid":"1", "tid":"mom"},
{"name":"ModelSetRunClock", "ph":"E", "ts":"1763835358", "pid":"1", "tid":"mom"},
{"name":"ModelAdvance", "ph":"B", "ts":"1763835539", "pid":"1", "tid":"mom"},
{"name":"ModelAdvance", "ph":"E", "ts":"1773371942", "pid":"1", "tid":"mom"},
{"name":"ModelSetRunClock", "ph":"B", "ts":"1773899334", "pid":"1", "tid":"mom"},
{"name":"ModelSetRunClock", "ph":"E", "ts":"1773899437", "pid":"1", "tid":"mom"},
{"name":"ModelAdvance", "ph":"B", "ts":"1773899659", "pid":"1", "tid":"mom"},
{"name":"ModelAdvance", "ph":"E", "ts":"1779365795", "pid":"1", "tid":"mom"},
{"name":"ModelSetRunClock", "ph":"B", "ts":"1782415703", "pid":"1", "tid":"mom"},
{"name":"ModelSetRunClock", "ph":"E", "ts":"1782415954", "pid":"1", "tid":"mom"},
{"name":"ModelAdvance", "ph":"B", "ts":"1782416165", "pid":"1", "tid":"mom"},
{"name":"ModelAdvance", "ph":"E", "ts":"1787881094", "pid":"1", "tid":"mom"},
{"name":"ModelSetRunClock", "ph":"B", "ts":"1792647151", "pid":"1", "tid":"mom"},
{"name":"ModelSetRunClock", "ph":"E", "ts":"1792647243", "pid":"1", "tid":"mom"},
{"name":"ModelAdvance", "ph":"B", "ts":"1792647457", "pid":"1", "tid":"mom"},
{"name":"ModelAdvance", "ph":"E", "ts":"1798104590", "pid":"1", "tid":"mom"},
{"name":"ModelSetRunClock", "ph":"B", "ts":"1801098288", "pid":"1", "tid":"mom"},
{"name":"ModelSetRunClock", "ph":"E", "ts":"1801098350", "pid":"1", "tid":"mom"},
{"name":"ModelAdvance", "ph":"B", "ts":"1801098520", "pid":"1", "tid":"mom"},
{"name":"ModelAdvance", "ph":"E", "ts":"1806587966", "pid":"1", "tid":"mom"},
{"name":"ModelSetRunClock", "ph":"B", "ts":"1811351937", "pid":"1", "tid":"mom"},
{"name":"ModelSetRunClock", "ph":"E", "ts":"1811352019", "pid":"1", "tid":"mom"},
{"name":"ModelAdvance", "ph":"B", "ts":"1811352229", "pid":"1", "tid":"mom"},
{"name":"ModelAdvance", "ph":"E", "ts":"1816893067", "pid":"1", "tid":"mom"},
{"name":"ModelSetRunClock", "ph":"B", "ts":"1819800196", "pid":"1", "tid":"mom"},
{"name":"ModelSetRunClock", "ph":"E", "ts":"1819800271", "pid":"1", "tid":"mom"},
{"name":"ModelAdvance", "ph":"B", "ts":"1819800440", "pid":"1", "tid":"mom"},
{"name":"ModelAdvance", "ph":"E", "ts":"1825300283", "pid":"1", "tid":"mom"},
{"name":"ModelSetRunClock", "ph":"B", "ts":"1830467105", "pid":"1", "tid":"mom"},
{"name":"ModelSetRunClock", "ph":"E", "ts":"1830467200", "pid":"1", "tid":"mom"},
{"name":"ModelAdvance", "ph":"B", "ts":"1830467393", "pid":"1", "tid":"mom"},
{"name":"ModelAdvance", "ph":"E", "ts":"1835995073", "pid":"1", "tid":"mom"},
{"name":"ModelSetRunClock", "ph":"B", "ts":"1838915751", "pid":"1", "tid":"mom"},
{"name":"ModelSetRunClock", "ph":"E", "ts":"1838915815", "pid":"1", "tid":"mom"},
{"name":"ModelAdvance", "ph":"B", "ts":"1838915978", "pid":"1", "tid":"mom"},
{"name":"ModelAdvance", "ph":"E", "ts":"1844421569", "pid":"1", "tid":"mom"},
{"name":"ModelSetRunClock", "ph":"B", "ts":"1849709505", "pid":"1", "tid":"mom"},
{"name":"ModelSetRunClock", "ph":"E", "ts":"1849709625", "pid":"1", "tid":"mom"},
{"name":"ModelAdvance", "ph":"B", "ts":"1849709834", "pid":"1", "tid":"mom"},
{"name":"ModelAdvance", "ph":"E", "ts":"1855197951", "pid":"1", "tid":"mom"},
{"name":"ModelSetRunClock", "ph":"B", "ts":"1858324176", "pid":"1", "tid":"mom"},
{"name":"ModelSetRunClock", "ph":"E", "ts":"1858324257", "pid":"1", "tid":"mom"},
{"name":"ModelAdvance", "ph":"B", "ts":"1858324455", "pid":"1", "tid":"mom"},
{"name":"ModelAdvance", "ph":"E", "ts":"1863806488", "pid":"1", "tid":"mom"},
{"name":"ModelSetRunClock", "ph":"B", "ts":"1869701318", "pid":"1", "tid":"mom"},
{"name":"ModelSetRunClock", "ph":"E", "ts":"1869701414", "pid":"1", "tid":"mom"},
{"name":"ModelAdvance", "ph":"B", "ts":"1869701628", "pid":"1", "tid":"mom"},
{"name":"ModelAdvance", "ph":"E", "ts":"1875247380", "pid":"1", "tid":"mom"},
{"name":"ModelSetRunClock", "ph":"B", "ts":"1880165528", "pid":"1", "tid":"mom"},
{"name":"ModelSetRunClock", "ph":"E", "ts":"1880165624", "pid":"1", "tid":"mom"},
{"name":"ModelAdvance", "ph":"B", "ts":"1880165831", "pid":"1", "tid":"mom"},
{"name":"ModelAdvance", "ph":"E", "ts":"1889892894", "pid":"1", "tid":"mom"},
{"name":"ModelSetRunClock", "ph":"B", "ts":"1902551505", "pid":"1", "tid":"mom"},
{"name":"ModelSetRunClock", "ph":"E", "ts":"1902551585", "pid":"1", "tid":"mom"},
{"name":"ModelAdvance", "ph":"B", "ts":"1902551818", "pid":"1", "tid":"mom"},
{"name":"ModelAdvance", "ph":"E", "ts":"1907989889", "pid":"1", "tid":"mom"},
{"name":"ModelSetRunClock", "ph":"B", "ts":"1911317387", "pid":"1", "tid":"mom"},
{"name":"ModelSetRunClock", "ph":"E", "ts":"1911317484", "pid":"1", "tid":"mom"},
{"name":"ModelAdvance", "ph":"B", "ts":"1911317692", "pid":"1", "tid":"mom"},
{"name":"ModelAdvance", "ph":"E", "ts":"1916761688", "pid":"1", "tid":"mom"},
{"name":"ModelSetRunClock", "ph":"B", "ts":"1922135640", "pid":"1", "tid":"mom"},
{"name":"ModelSetRunClock", "ph":"E", "ts":"1922135772", "pid":"1", "tid":"mom"},
{"name":"ModelAdvance", "ph":"B", "ts":"1922135999", "pid":"1", "tid":"mom"},
{"name":"ModelAdvance", "ph":"E", "ts":"1927573539", "pid":"1", "tid":"mom"},
{"name":"ModelSetRunClock", "ph":"B", "ts":"1930905441", "pid":"1", "tid":"mom"},
{"name":"ModelSetRunClock", "ph":"E", "ts":"1930905516", "pid":"1", "tid":"mom"},
{"name":"ModelAdvance", "ph":"B", "ts":"1930905702", "pid":"1", "tid":"mom"},
{"name":"ModelAdvance", "ph":"E", "ts":"1936357034", "pid":"1", "tid":"mom"},
{"name":"ModelSetRunClock", "ph":"B", "ts":"1941204935", "pid":"1", "tid":"mom"},
{"name":"ModelSetRunClock", "ph":"E", "ts":"1941205061", "pid":"1", "tid":"mom"},
{"name":"ModelAdvance", "ph":"B", "ts":"1941205282", "pid":"1", "tid":"mom"},
{"name":"ModelAdvance", "ph":"E", "ts":"1946738869", "pid":"1", "tid":"mom"},
{"name":"ModelSetRunClock", "ph":"B", "ts":"1949913679", "pid":"1", "tid":"mom"},
{"name":"ModelSetRunClock", "ph":"E", "ts":"1949913793", "pid":"1", "tid":"mom"},
{"name":"ModelAdvance", "ph":"B", "ts":"1949914001", "pid":"1", "tid":"mom"},
{"name":"ModelAdvance", "ph":"E", "ts":"1955382337", "pid":"1", "tid":"mom"},
{"name":"ModelSetRunClock", "ph":"B", "ts":"1960253094", "pid":"1", "tid":"mom"},
{"name":"ModelSetRunClock", "ph":"E", "ts":"1960253179", "pid":"1", "tid":"mom"},
{"name":"ModelAdvance", "ph":"B", "ts":"1960253388", "pid":"1", "tid":"mom"},
{"name":"ModelAdvance", "ph":"E", "ts":"1965739068", "pid":"1", "tid":"mom"},
{"name":"ModelSetRunClock", "ph":"B", "ts":"1968860175", "pid":"1", "tid":"mom"},
{"name":"ModelSetRunClock", "ph":"E", "ts":"1968860262", "pid":"1", "tid":"mom"},
{"name":"ModelAdvance", "ph":"B", "ts":"1968860462", "pid":"1", "tid":"mom"},
{"name":"ModelAdvance", "ph":"E", "ts":"1974343152", "pid":"1", "tid":"mom"},
{"name":"ModelSetRunClock", "ph":"B", "ts":"1979531677", "pid":"1", "tid":"mom"},
{"name":"ModelSetRunClock", "ph":"E", "ts":"1979531952", "pid":"1", "tid":"mom"},
{"name":"ModelAdvance", "ph":"B", "ts":"1979532162", "pid":"1", "tid":"mom"},
{"name":"ModelAdvance", "ph":"E", "ts":"1985020393", "pid":"1", "tid":"mom"},
{"name":"ModelSetRunClock", "ph":"B", "ts":"1987952077", "pid":"1", "tid":"mom"},
{"name":"ModelSetRunClock", "ph":"E", "ts":"1987952180", "pid":"1", "tid":"mom"},
{"name":"ModelAdvance", "ph":"B", "ts":"1987952401", "pid":"1", "tid":"mom"},
{"name":"ModelAdvance", "ph":"E", "ts":"1993424563", "pid":"1", "tid":"mom"},
{"name":"ModelSetRunClock", "ph":"B", "ts":"1998905954", "pid":"1", "tid":"mom"},
{"name":"ModelSetRunClock", "ph":"E", "ts":"1998906064", "pid":"1", "tid":"mom"},
{"name":"ModelAdvance", "ph":"B", "ts":"1998906287", "pid":"1", "tid":"mom"},
{"name":"ModelAdvance", "ph":"E", "ts":"2004463556", "pid":"1", "tid":"mom"},
{"name":"ModelSetRunClock", "ph":"B", "ts":"2009305164", "pid":"1", "tid":"mom"},
{"name":"ModelSetRunClock", "ph":"E", "ts":"2009305724", "pid":"1", "tid":"mom"},
{"name":"ModelAdvance", "ph":"B", "ts":"2009306005", "pid":"1", "tid":"mom"},
{"name":"ModelAdvance", "ph":"E", "ts":"2018919440", "pid":"1", "tid":"mom"},
{"name":"ModelSetRunClock", "ph":"B", "ts":"2019580451", "pid":"1", "tid":"mom"},
{"name":"ModelSetRunClock", "ph":"E", "ts":"2019580538", "pid":"1", "tid":"mom"},
{"name":"ModelAdvance", "ph":"B", "ts":"2019580743", "pid":"1", "tid":"mom"},
{"name":"ModelAdvance", "ph":"E", "ts":"2025056609", "pid":"1", "tid":"mom"},
{"name":"ModelSetRunClock", "ph":"B", "ts":"2027974698", "pid":"1", "tid":"mom"},
{"name":"ModelSetRunClock", "ph":"E", "ts":"2027974829", "pid":"1", "tid":"mom"},
{"name":"ModelAdvance", "ph":"B", "ts":"2027975105", "pid":"1", "tid":"mom"},
{"name":"ModelAdvance", "ph":"E", "ts":"2033450644", "pid":"1", "tid":"mom"},
{"name":"ModelSetRunClock", "ph":"B", "ts":"2039037746", "pid":"1", "tid":"mom"},
{"name":"ModelSetRunClock", "ph":"E", "ts":"2039038032", "pid":"1", "tid":"mom"},
{"name":"ModelAdvance", "ph":"B", "ts":"2039038280", "pid":"1", "tid":"mom"},
{"name":"ModelAdvance", "ph":"E", "ts":"2044505200", "pid":"1", "tid":"mom"},
{"name":"ModelSetRunClock", "ph":"B", "ts":"2047335080", "pid":"1", "tid":"mom"},
{"name":"ModelSetRunClock", "ph":"E", "ts":"2047335206", "pid":"1", "tid":"mom"},
{"name":"ModelAdvance", "ph":"B", "ts":"2047335453", "pid":"1", "tid":"mom"},
{"name":"ModelAdvance", "ph":"E", "ts":"2052827469", "pid":"1", "tid":"mom"},
{"name":"ModelSetRunClock", "ph":"B", "ts":"2058214354", "pid":"1", "tid":"mom"},
{"name":"ModelSetRunClock", "ph":"E", "ts":"2058214443", "pid":"1", "tid":"mom"},
{"name":"ModelAdvance", "ph":"B", "ts":"2058214684", "pid":"1", "tid":"mom"},
{"name":"ModelAdvance", "ph":"E", "ts":"2063773627", "pid":"1", "tid":"mom"},
{"name":"ModelSetRunClock", "ph":"B", "ts":"2066500285", "pid":"1", "tid":"mom"},
{"name":"ModelSetRunClock", "ph":"E", "ts":"2066500408", "pid":"1", "tid":"mom"},
{"name":"ModelAdvance", "ph":"B", "ts":"2066500621", "pid":"1", "tid":"mom"},
{"name":"ModelAdvance", "ph":"E", "ts":"2071984761", "pid":"1", "tid":"mom"},
{"name":"ModelSetRunClock", "ph":"B", "ts":"2077084984", "pid":"1", "tid":"mom"},
{"name":"ModelSetRunClock", "ph":"E", "ts":"2077085071", "pid":"1", "tid":"mom"},
{"name":"ModelAdvance", "ph":"B", "ts":"2077085499", "pid":"1", "tid":"mom"},
{"name":"ModelAdvance", "ph":"E", "ts":"2082546822", "pid":"1", "tid":"mom"},
{"name":"ModelSetRunClock", "ph":"B", "ts":"2085316657", "pid":"1", "tid":"mom"},
{"name":"ModelSetRunClock", "ph":"E", "ts":"2085316743", "pid":"1", "tid":"mom"},
{"name":"ModelAdvance", "ph":"B", "ts":"2085316941", "pid":"1", "tid":"mom"},
{"name":"ModelAdvance", "ph":"E", "ts":"2090789240", "pid":"1", "tid":"mom"},
{"name":"ModelSetRunClock", "ph":"B", "ts":"2096226558", "pid":"1", "tid":"mom"},
{"name":"ModelSetRunClock", "ph":"E", "ts":"2096226657", "pid":"1", "tid":"mom"},
{"name":"ModelAdvance", "ph":"B", "ts":"2096226890", "pid":"1", "tid":"mom"},
{"name":"ModelAdvance", "ph":"E", "ts":"2101696741", "pid":"1", "tid":"mom"},
{"name":"ModelSetRunClock", "ph":"B", "ts":"2104530104", "pid":"1", "tid":"mom"},
{"name":"ModelSetRunClock", "ph":"E", "ts":"2104530176", "pid":"1", "tid":"mom"},
{"name":"ModelAdvance", "ph":"B", "ts":"2104530346", "pid":"1", "tid":"mom"},
{"name":"ModelAdvance", "ph":"E", "ts":"2110008894", "pid":"1", "tid":"mom"},
{"name":"ModelSetRunClock", "ph":"B", "ts":"2115127571", "pid":"1", "tid":"mom"},
{"name":"ModelSetRunClock", "ph":"E", "ts":"2115127661", "pid":"1", "tid":"mom"},
{"name":"ModelAdvance", "ph":"B", "ts":"2115127904", "pid":"1", "tid":"mom"},
{"name":"ModelAdvance", "ph":"E", "ts":"2120657937", "pid":"1", "tid":"mom"},
{"name":"ModelSetRunClock", "ph":"B", "ts":"2125636953", "pid":"1", "tid":"mom"},
{"name":"ModelSetRunClock", "ph":"E", "ts":"2125637046", "pid":"1", "tid":"mom"},
{"name":"ModelAdvance", "ph":"B", "ts":"2125637245", "pid":"1", "tid":"mom"},
{"name":"ModelAdvance", "ph":"E", "ts":"2135265620", "pid":"1", "tid":"mom"},
{"name":"ModelSetRunClock", "ph":"B", "ts":"2135699045", "pid":"1", "tid":"mom"},
{"name":"ModelSetRunClock", "ph":"E", "ts":"2135699124", "pid":"1", "tid":"mom"},
{"name":"ModelAdvance", "ph":"B", "ts":"2135699318", "pid":"1", "tid":"mom"},
{"name":"ModelAdvance", "ph":"E", "ts":"2141165804", "pid":"1", "tid":"mom"},
{"name":"ModelSetRunClock", "ph":"B", "ts":"2144046736", "pid":"1", "tid":"mom"},
{"name":"ModelSetRunClock", "ph":"E", "ts":"2144046817", "pid":"1", "tid":"mom"},
{"name":"ModelAdvance", "ph":"B", "ts":"2144047053", "pid":"1", "tid":"mom"},
{"name":"ModelAdvance", "ph":"E", "ts":"2149520560", "pid":"1", "tid":"mom"},
{"name":"ModelSetRunClock", "ph":"B", "ts":"2154763643", "pid":"1", "tid":"mom"},
{"name":"ModelSetRunClock", "ph":"E", "ts":"2154763743", "pid":"1", "tid":"mom"},
{"name":"ModelAdvance", "ph":"B", "ts":"2154763963", "pid":"1", "tid":"mom"},
