{"name":"SetServices", "ph":"B", "ts":"3468484478", "pid":"1", "tid":"cice"},
{"name":"SetServices", "ph":"E", "ts":"3468486905", "pid":"1", "tid":"cice"},
{"name":"InitializeP0", "ph":"B", "ts":"3468490476", "pid":"1", "tid":"cice"},
{"name":"InitializeP0", "ph":"E", "ts":"3468490578", "pid":"1", "tid":"cice"},
{"name":"InitializeAdvertise", "ph":"B", "ts":"3468654422", "pid":"1", "tid":"cice"},
{"name":"InitializeAdvertise", "ph":"E", "ts":"3474679300", "pid":"1", "tid":"cice"},
{"name":"InitializeRealize", "ph":"B", "ts":"3552057124", "pid":"1", "tid":"cice"},
{"name":"InitializeRealize", "ph":"E", "ts":"3565622709", "pid":"1", "tid":"cice"},
{"name":"ModelAdvance", "ph":"B", "ts":"3610467782", "pid":"1", "tid":"cice"},
{"name":"ModelAdvance", "ph":"E", "ts":"3612988998", "pid":"1", "tid":"cice"},
{"name":"ModelAdvance", "ph":"B", "ts":"3636091524", "pid":"1", "tid":"cice"},
{"name":"ModelAdvance", "ph":"E", "ts":"3638509183", "pid":"1", "tid":"cice"},
{"name":"ModelAdvance", "ph":"B", "ts":"3639788785", "pid":"1", "tid":"cice"},
{"name":"ModelAdvance", "ph":"E", "ts":"3642186188", "pid":"1", "tid":"cice"},
{"name":"ModelAdvance", "ph":"B", "ts":"3643485149", "pid":"1", "tid":"cice"},
{"name":"ModelAdvance", "ph":"E", "ts":"3645874140", "pid":"1", "tid":"cice"},
{"name":"ModelAdvance", "ph":"B", "ts":"3647185155", "pid":"1", "tid":"cice"},
{"name":"ModelAdvance", "ph":"E", "ts":"3649577893", "pid":"1", "tid":"cice"},
{"name":"ModelAdvance", "ph":"B", "ts":"3651054506", "pid":"1", "tid":"cice"},
{"name":"ModelAdvance", "ph":"E", "ts":"3653428659", "pid":"1", "tid":"cice"},
{"name":"ModelAdvance", "ph":"B", "ts":"3654772104", "pid":"1", "tid":"cice"},
{"name":"ModelAdvance", "ph":"E", "ts":"3657160814", "pid":"1", "tid":"cice"},
{"name":"ModelAdvance", "ph":"B", "ts":"3658423272", "pid":"1", "tid":"cice"},
{"name":"ModelAdvance", "ph":"E", "ts":"3660811369", "pid":"1", "tid":"cice"},
{"name":"ModelAdvance", "ph":"B", "ts":"3662117445", "pid":"1", "tid":"cice"},
{"name":"ModelAdvance", "ph":"E", "ts":"3664501643", "pid":"1", "tid":"cice"},
{"name":"ModelAdvance", "ph":"B", "ts":"3665810006", "pid":"1", "tid":"cice"},
{"name":"ModelAdvance", "ph":"E", "ts":"3668193959", "pid":"1", "tid":"cice"},
{"name":"ModelAdvance", "ph":"B", "ts":"3669485731", "pid":"1", "tid":"cice"},
{"name":"ModelAdvance", "ph":"E", "ts":"3671896011", "pid":"1", "tid":"cice"},
{"name":"ModelAdvance", "ph":"B", "ts":"3673166919", "pid":"1", "tid":"cice"},
{"name":"ModelAdvance", "ph":"E", "ts":"3675628647", "pid":"1", "tid":"cice"},
{"name":"ModelAdvance", "ph":"B", "ts":"3676878581", "pid":"1", "tid":"cice"},
{"name":"ModelAdvance", "ph":"E", "ts":"3679285152", "pid":"1", "tid":"cice"},
{"name":"ModelAdvance", "ph":"B", "ts":"3685516450", "pid":"1", "tid":"cice"},
{"name":"ModelAdvance", "ph":"E", "ts":"3687879452", "pid":"1", "tid":"cice"},
{"name":"ModelAdvance", "ph":"B", "ts":"3689217005", "pid":"1", "tid":"cice"},
{"name":"ModelAdvance", "ph":"E", "ts":"3691580537", "pid":"1", "tid":"cice"},
{"name":"ModelAdvance", "ph":"B", "ts":"3692922910", "pid":"1", "tid":"cice"},
{"name":"ModelAdvance", "ph":"E", "ts":"3695295072", "pid":"1", "tid":"cice"},
{"name":"ModelAdvance", "ph":"B", "ts":"3696611912", "pid":"1", "tid":"cice"},
{"name":"ModelAdvance", "ph":"E", "ts":"3698980154", "pid":"1", "tid":"cice"},
{"name":"ModelAdvance", "ph":"B", "ts":"3700316953", "pid":"1", "tid":"cice"},
{"name":"ModelAdvance", "ph":"E", "ts":"3702710080", "pid":"1", "tid":"cice"},
{"name":"ModelAdvance", "ph":"B", "ts":"3704008438", "pid":"1", "tid":"cice"},
{"name":"ModelAdvance", "ph":"E", "ts":"3706398085", "pid":"1", "tid":"cice"},
{"name":"ModelAdvance", "ph":"B", "ts":"3707717295", "pid":"1", "tid":"cice"},
{"name":"ModelAdvance", "ph":"E", "ts":"3710107579", "pid":"1", "tid":"cice"},
{"name":"ModelAdvance", "ph":"B", "ts":"3711415064", "pid":"1", "tid":"cice"},
{"name":"ModelAdvance", "ph":"E", "ts":"3713796617", "pid":"1", "tid":"cice"},
{"name":"ModelAdvance", "ph":"B", "ts":"3715104437", "pid":"1", "tid":"cice"},
{"name":"ModelAdvance", "ph":"E", "ts":"3717502455", "pid":"1", "tid":"cice"},
{"name":"ModelAdvance", "ph":"B", "ts":"3718819214", "pid":"1", "tid":"cice"},
{"name":"ModelAdvance", "ph":"E", "ts":"3721196387", "pid":"1", "tid":"cice"},
{"name":"ModelAdvance", "ph":"B", "ts":"3722521430", "pid":"1", "tid":"cice"},
{"name":"ModelAdvance", "ph":"E", "ts":"3724897851", "pid":"1", "tid":"cice"},
{"name":"ModelAdvance", "ph":"B", "ts":"3726248556", "pid":"1", "tid":"cice"},
{"name":"ModelAdvance", "ph":"E", "ts":"3728634318", "pid":"1", "tid":"cice"},
{"name":"ModelAdvance", "ph":"B", "ts":"3734930645", "pid":"1", "tid":"cice"},
{"name":"ModelAdvance", "ph":"E", "ts":"3737328991", "pid":"1", "tid":"cice"},
{"name":"ModelAdvance", "ph":"B", "ts":"3738612792", "pid":"1", "tid":"cice"},
{"name":"ModelAdvance", "ph":"E", "ts":"3740994313", "pid":"1", "tid":"cice"},
{"name":"ModelAdvance", "ph":"B", "ts":"3742331970", "pid":"1", "tid":"cice"},
{"name":"ModelAdvance", "ph":"E", "ts":"3744693778", "pid":"1", "tid":"cice"},
{"name":"ModelAdvance", "ph":"B", "ts":"3746093936", "pid":"1", "tid":"cice"},
{"name":"ModelAdvance", "ph":"E", "ts":"3748453106", "pid":"1", "tid":"cice"},
{"name":"ModelAdvance", "ph":"B", "ts":"3749765031", "pid":"1", "tid":"cice"},
{"name":"ModelAdvance", "ph":"E", "ts":"3752144258", "pid":"1", "tid":"cice"},
{"name":"ModelAdvance", "ph":"B", "ts":"3753475103", "pid":"1", "tid":"cice"},
{"name":"ModelAdvance", "ph":"E", "ts":"3755880915", "pid":"1", "tid":"cice"},
{"name":"ModelAdvance", "ph":"B", "ts":"3757180414", "pid":"1", "tid":"cice"},
{"name":"ModelAdvance", "ph":"E", "ts":"3759555232", "pid":"1", "tid":"cice"},
{"name":"ModelAdvance", "ph":"B", "ts":"3760882058", "pid":"1", "tid":"cice"},
{"name":"ModelAdvance", "ph":"E", "ts":"3763281230", "pid":"1", "tid":"cice"},
{"name":"ModelAdvance", "ph":"B", "ts":"3764585571", "pid":"1", "tid":"cice"},
{"name":"ModelAdvance", "ph":"E", "ts":"3766955032", "pid":"1", "tid":"cice"},
{"name":"ModelAdvance", "ph":"B", "ts":"3768285138", "pid":"1", "tid":"cice"},
{"name":"ModelAdvance", "ph":"E", "ts":"3770656284", "pid":"1", "tid":"cice"},
{"name":"ModelAdvance", "ph":"B", "ts":"3771980431", "pid":"1", "tid":"cice"},
{"name":"ModelAdvance", "ph":"E", "ts":"3777383651", "pid":"1", "tid":"cice"},
{"name":"ModelAdvance", "ph":"B", "ts":"3779671564", "pid":"1", "tid":"cice"},
{"name":"ModelAdvance", "ph":"E", "ts":"3782083448", "pid":"1", "tid":"cice"},
{"name":"ModelAdvance", "ph":"B", "ts":"3788464244", "pid":"1", "tid":"cice"},
{"name":"ModelAdvance", "ph":"E", "ts":"3790847734", "pid":"1", "tid":"cice"},
{"name":"ModelAdvance", "ph":"B", "ts":"3792154050", "pid":"1", "tid":"cice"},
{"name":"ModelAdvance", "ph":"E", "ts":"3794521134", "pid":"1", "tid":"cice"},
{"name":"ModelAdvance", "ph":"B", "ts":"3795876260", "pid":"1", "tid":"cice"},
{"name":"ModelAdvance", "ph":"E", "ts":"3798209265", "pid":"1", "tid":"cice"},
{"name":"ModelAdvance", "ph":"B", "ts":"3799543602", "pid":"1", "tid":"cice"},
{"name":"ModelAdvance", "ph":"E", "ts":"3801914189", "pid":"1", "tid":"cice"},
{"name":"ModelAdvance", "ph":"B", "ts":"3803223253", "pid":"1", "tid":"cice"},
{"name":"ModelAdvance", "ph":"E", "ts":"3805624211", "pid":"1", "tid":"cice"},
{"name":"ModelAdvance", "ph":"B", "ts":"3806951848", "pid":"1", "tid":"cice"},
{"name":"ModelAdvance", "ph":"E", "ts":"3809314926", "pid":"1", "tid":"cice"},
{"name":"ModelAdvance", "ph":"B", "ts":"3810611526", "pid":"1", "tid":"cice"},
{"name":"ModelAdvance", "ph":"E", "ts":"3812984687", "pid":"1", "tid":"cice"},
{"name":"ModelAdvance", "ph":"B", "ts":"3814312705", "pid":"1", "tid":"cice"},
{"name":"ModelAdvance", "ph":"E", "ts":"3816691750", "pid":"1", "tid":"cice"},
{"name":"ModelAdvance", "ph":"B", "ts":"3817996030", "pid":"1", "tid":"cice"},
{"name":"ModelAdvance", "ph":"E", "ts":"3820386106", "pid":"1", "tid":"cice"},
{"name":"ModelAdvance", "ph":"B", "ts":"3821693316", "pid":"1", "tid":"cice"},
{"name":"ModelAdvance", "ph":"E", "ts":"3824068319", "pid":"1", "tid":"cice"},
{"name":"ModelAdvance", "ph":"B", "ts":"3825369254", "pid":"1", "tid":"cice"},
{"name":"ModelAdvance", "ph":"E", "ts":"3827760939", "pid":"1", "tid":"cice"},
{"name":"ModelAdvance", "ph":"B", "ts":"3829074569", "pid":"1", "tid":"cice"},
{"name":"ModelAdvance", "ph":"E", "ts":"3831456417", "pid":"1", "tid":"cice"},
{"name":"ModelAdvance", "ph":"B", "ts":"3837754667", "pid":"1", "tid":"cice"},
{"name":"ModelAdvance", "ph":"E", "ts":"3840136908", "pid":"1", "tid":"cice"},
{"name":"ModelAdvance", "ph":"B", "ts":"3841437517", "pid":"1", "tid":"cice"},
{"name":"ModelAdvance", "ph":"E", "ts":"3843787656", "pid":"1", "tid":"cice"},
{"name":"ModelAdvance", "ph":"B", "ts":"3845125714", "pid":"1", "tid":"cice"},
{"name":"ModelAdvance", "ph":"E", "ts":"3847493692", "pid":"1", "tid":"cice"},
{"name":"ModelAdvance", "ph":"B", "ts":"3848851474", "pid":"1", "tid":"cice"},
{"name":"ModelAdvance", "ph":"E", "ts":"3851227085", "pid":"1", "tid":"cice"},
{"name":"ModelAdvance", "ph":"B", "ts":"3852508906", "pid":"1", "tid":"cice"},
{"name":"ModelAdvance", "ph":"E", "ts":"3854917124", "pid":"1", "tid":"cice"},
{"name":"ModelAdvance", "ph":"B", "ts":"3856223860", "pid":"1", "tid":"cice"},
{"name":"ModelAdvance", "ph":"E", "ts":"3858609581", "pid":"1", "tid":"cice"},
{"name":"ModelAdvance", "ph":"B", "ts":"3859907994", "pid":"1", "tid":"cice"},
{"name":"ModelAdvance", "ph":"E", "ts":"3862304937", "pid":"1", "tid":"cice"},
{"name":"ModelAdvance", "ph":"B", "ts":"3863618007", "pid":"1", "tid":"cice"},
{"name":"ModelAdvance", "ph":"E", "ts":"3865981798", "pid":"1", "tid":"cice"},
{"name":"ModelAdvance", "ph":"B", "ts":"3867283556", "pid":"1", "tid":"cice"},
{"name":"ModelAdvance", "ph":"E", "ts":"3869663417", "pid":"1", "tid":"cice"},
{"name":"ModelAdvance", "ph":"B", "ts":"3870980064", "pid":"1", "tid":"cice"},
{"name":"ModelAdvance", "ph":"E", "ts":"3873338558", "pid":"1", "tid":"cice"},
{"name":"ModelAdvance", "ph":"B", "ts":"3874635146", "pid":"1", "tid":"cice"},
{"name":"ModelAdvance", "ph":"E", "ts":"3877037188", "pid":"1", "tid":"cice"},
{"name":"ModelAdvance", "ph":"B", "ts":"3878359537", "pid":"1", "tid":"cice"},
{"name":"ModelAdvance", "ph":"E", "ts":"3880726297", "pid":"1", "tid":"cice"},
{"name":"ModelAdvance", "ph":"B", "ts":"3887005081", "pid":"1", "tid":"cice"},
{"name":"ModelAdvance", "ph":"E", "ts":"3889330349", "pid":"1", "tid":"cice"},
{"name":"ModelAdvance", "ph":"B", "ts":"3890640185", "pid":"1", "tid":"cice"},
{"name":"ModelAdvance", "ph":"E", "ts":"3892983140", "pid":"1", "tid":"cice"},
{"name":"ModelAdvance", "ph":"B", "ts":"3894295422", "pid":"1", "tid":"cice"},
{"name":"ModelAdvance", "ph":"E", "ts":"3896646552", "pid":"1", "tid":"cice"},
{"name":"ModelAdvance", "ph":"B", "ts":"3897953427", "pid":"1", "tid":"cice"},
{"name":"ModelAdvance", "ph":"E", "ts":"3900325646", "pid":"1", "tid":"cice"},
{"name":"ModelAdvance", "ph":"B", "ts":"3901603416", "pid":"1", "tid":"cice"},
{"name":"ModelAdvance", "ph":"E", "ts":"3903975350", "pid":"1", "tid":"cice"},
{"name":"ModelAdvance", "ph":"B", "ts":"3905270531", "pid":"1", "tid":"cice"},
{"name":"ModelAdvance", "ph":"E", "ts":"3907638550", "pid":"1", "tid":"cice"},
{"name":"ModelAdvance", "ph":"B", "ts":"3908903971", "pid":"1", "tid":"cice"},
{"name":"ModelAdvance", "ph":"E", "ts":"3911267930", "pid":"1", "tid":"cice"},
{"name":"ModelAdvance", "ph":"B", "ts":"3912541117", "pid":"1", "tid":"cice"},
{"name":"ModelAdvance", "ph":"E", "ts":"3914905377", "pid":"1", "tid":"cice"},
{"name":"ModelAdvance", "ph":"B", "ts":"3916173167", "pid":"1", "tid":"cice"},
{"name":"ModelAdvance", "ph":"E", "ts":"3918515143", "pid":"1", "tid":"cice"},
{"name":"ModelAdvance", "ph":"B", "ts":"3919800405", "pid":"1", "tid":"cice"},
{"name":"ModelAdvance", "ph":"E", "ts":"3922142482", "pid":"1", "tid":"cice"},
{"name":"ModelAdvance", "ph":"B", "ts":"3923419934", "pid":"1", "tid":"cice"},
{"name":"ModelAdvance", "ph":"E", "ts":"3930423158", "pid":"1", "tid":"cice"},
{"name":"ModelAdvance", "ph":"B", "ts":"3934275914", "pid":"1", "tid":"cice"},
{"name":"ModelAdvance", "ph":"E", "ts":"3936668626", "pid":"1", "tid":"cice"},
{"name":"ModelAdvance", "ph":"B", "ts":"3942957035", "pid":"1", "tid":"cice"},
{"name":"ModelAdvance", "ph":"E", "ts":"3945308327", "pid":"1", "tid":"cice"},
{"name":"ModelAdvance", "ph":"B", "ts":"3946491544", "pid":"1", "tid":"cice"},
{"name":"ModelAdvance", "ph":"E", "ts":"3948862218", "pid":"1", "tid":"cice"},
{"name":"ModelAdvance", "ph":"B", "ts":"3950013704", "pid":"1", "tid":"cice"},
{"name":"ModelAdvance", "ph":"E", "ts":"3952375289", "pid":"1", "tid":"cice"},
{"name":"ModelAdvance", "ph":"B", "ts":"3953537905", "pid":"1", "tid":"cice"},
{"name":"ModelAdvance", "ph":"E", "ts":"3955924530", "pid":"1", "tid":"cice"},
{"name":"ModelAdvance", "ph":"B", "ts":"3957095482", "pid":"1", "tid":"cice"},
{"name":"ModelAdvance", "ph":"E", "ts":"3959481787", "pid":"1", "tid":"cice"},
{"name":"ModelAdvance", "ph":"B", "ts":"3960639203", "pid":"1", "tid":"cice"},
{"name":"ModelAdvance", "ph":"E", "ts":"3963012045", "pid":"1", "tid":"cice"},
{"name":"ModelAdvance", "ph":"B", "ts":"3964188065", "pid":"1", "tid":"cice"},
{"name":"ModelAdvance", "ph":"E", "ts":"3966549622", "pid":"1", "tid":"cice"},
{"name":"ModelAdvance", "ph":"B", "ts":"3967727731", "pid":"1", "tid":"cice"},
{"name":"ModelAdvance", "ph":"E", "ts":"3970090645", "pid":"1", "tid":"cice"},
{"name":"ModelAdvance", "ph":"B", "ts":"3971274619", "pid":"1", "tid":"cice"},
{"name":"ModelAdvance", "ph":"E", "ts":"3973636492", "pid":"1", "tid":"cice"},
{"name":"ModelAdvance", "ph":"B", "ts":"3974816397", "pid":"1", "tid":"cice"},
{"name":"ModelAdvance", "ph":"E", "ts":"3977188463", "pid":"1", "tid":"cice"},
{"name":"ModelAdvance", "ph":"B", "ts":"3978359875", "pid":"1", "tid":"cice"},
{"name":"ModelAdvance", "ph":"E", "ts":"3980725583", "pid":"1", "tid":"cice"},
{"name":"ModelAdvance", "ph":"B", "ts":"3982284795", "pid":"1", "tid":"cice"},
{"name":"ModelAdvance", "ph":"E", "ts":"3984702323", "pid":"1", "tid":"cice"},
{"name":"ModelAdvance", "ph":"B", "ts":"3990770603", "pid":"1", "tid":"cice"},
{"name":"ModelAdvance", "ph":"E", "ts":"3993116161", "pid":"1", "tid":"cice"},
{"name":"ModelAdvance", "ph":"B", "ts":"3994358420", "pid":"1", "tid":"cice"},
{"name":"ModelAdvance", "ph":"E", "ts":"3996684388", "pid":"1", "tid":"cice"},
{"name":"ModelAdvance", "ph":"B", "ts":"3997908766", "pid":"1", "tid":"cice"},
{"name":"ModelAdvance", "ph":"E", "ts":"4000230613", "pid":"1", "tid":"cice"},
{"name":"ModelAdvance", "ph":"B", "ts":"4001440880", "pid":"1", "tid":"cice"},
{"name":"ModelAdvance", "ph":"E", "ts":"4003804442", "pid":"1", "tid":"cice"},
{"name":"ModelAdvance", "ph":"B", "ts":"4005010263", "pid":"1", "tid":"cice"},
{"name":"ModelAdvance", "ph":"E", "ts":"4007376010", "pid":"1", "tid":"cice"},
{"name":"ModelAdvance", "ph":"B", "ts":"4008573750", "pid":"1", "tid":"cice"},
{"name":"ModelAdvance", "ph":"E", "ts":"4010921039", "pid":"1", "tid":"cice"},
{"name":"ModelAdvance", "ph":"B", "ts":"4012157689", "pid":"1", "tid":"cice"},
{"name":"ModelAdvance", "ph":"E", "ts":"4014498161", "pid":"1", "tid":"cice"},
{"name":"ModelAdvance", "ph":"B", "ts":"4015710111", "pid":"1", "tid":"cice"},
{"name":"ModelAdvance", "ph":"E", "ts":"4018061938", "pid":"1", "tid":"cice"},
{"name":"ModelAdvance", "ph":"B", "ts":"4019270398", "pid":"1", "tid":"cice"},
{"name":"ModelAdvance", "ph":"E", "ts":"4021620541", "pid":"1", "tid":"cice"},
{"name":"ModelAdvance", "ph":"B", "ts":"4022842671", "pid":"1", "tid":"cice"},
{"name":"ModelAdvance", "ph":"E", "ts":"4025180915", "pid":"1", "tid":"cice"},
{"name":"ModelAdvance", "ph":"B", "ts":"4026418356", "pid":"1", "tid":"cice"},
{"name":"ModelAdvance", "ph":"E", "ts":"4028766236", "pid":"1", "tid":"cice"},
{"name":"ModelAdvance", "ph":"B", "ts":"4030401708", "pid":"1", "tid":"cice"},
{"name":"ModelAdvance", "ph":"E", "ts":"4032819448", "pid":"1", "tid":"cice"},
{"name":"ModelAdvance", "ph":"B", "ts":"4038944917", "pid":"1", "tid":"cice"},
{"name":"ModelAdvance", "ph":"E", "ts":"4041287400", "pid":"1", "tid":"cice"},
{"name":"ModelAdvance", "ph":"B", "ts":"4042514985", "pid":"1", "tid":"cice"},
{"name":"ModelAdvance", "ph":"E", "ts":"4044842556", "pid":"1", "tid":"cice"},
{"name":"ModelAdvance", "ph":"B", "ts":"4046120395", "pid":"1", "tid":"cice"},
{"name":"ModelAdvance", "ph":"E", "ts":"4048436545", "pid":"1", "tid":"cice"},
{"name":"ModelAdvance", "ph":"B", "ts":"4049667063", "pid":"1", "tid":"cice"},
{"name":"ModelAdvance", "ph":"E", "ts":"4052003762", "pid":"1", "tid":"cice"},
{"name":"ModelAdvance", "ph":"B", "ts":"4053243843", "pid":"1", "tid":"cice"},
{"name":"ModelAdvance", "ph":"E", "ts":"4055580127", "pid":"1", "tid":"cice"},
{"name":"ModelAdvance", "ph":"B", "ts":"4056847183", "pid":"1", "tid":"cice"},
{"name":"ModelAdvance", "ph":"E", "ts":"4059192132", "pid":"1", "tid":"cice"},
{"name":"ModelAdvance", "ph":"B", "ts":"4060462705", "pid":"1", "tid":"cice"},
{"name":"ModelAdvance", "ph":"E", "ts":"4062818051", "pid":"1", "tid":"cice"},
{"name":"ModelAdvance", "ph":"B", "ts":"4064047081", "pid":"1", "tid":"cice"},
{"name":"ModelAdvance", "ph":"E", "ts":"4066380581", "pid":"1", "tid":"cice"},
{"name":"ModelAdvance", "ph":"B", "ts":"4067621135", "pid":"1", "tid":"cice"},
{"name":"ModelAdvance", "ph":"E", "ts":"4069933488", "pid":"1", "tid":"cice"},
{"name":"ModelAdvance", "ph":"B", "ts":"4071195061", "pid":"1", "tid":"cice"},
{"name":"ModelAdvance", "ph":"E", "ts":"4073511571", "pid":"1", "tid":"cice"},
{"name":"ModelAdvance", "ph":"B", "ts":"4074780914", "pid":"1", "tid":"cice"},
{"name":"ModelAdvance", "ph":"E", "ts":"4081536461", "pid":"1", "tid":"cice"},
{"name":"ModelAdvance", "ph":"B", "ts":"4088383617", "pid":"1", "tid":"cice"},
{"name":"ModelAdvance", "ph":"E", "ts":"4090742711", "pid":"1", "tid":"cice"},
{"name":"ModelAdvance", "ph":"B", "ts":"4096711757", "pid":"1", "tid":"cice"},
{"name":"ModelAdvance", "ph":"E", "ts":"4099034143", "pid":"1", "tid":"cice"},
{"name":"ModelAdvance", "ph":"B", "ts":"4100286444", "pid":"1", "tid":"cice"},
{"name":"ModelAdvance", "ph":"E", "ts":"4102639326", "pid":"1", "tid":"cice"},
{"name":"ModelAdvance", "ph":"B", "ts":"4103867584", "pid":"1", "tid":"cice"},
{"name":"ModelAdvance", "ph":"E", "ts":"4106192342", "pid":"1", "tid":"cice"},
{"name":"ModelAdvance", "ph":"B", "ts":"4107461826", "pid":"1", "tid":"cice"},
{"name":"ModelAdvance", "ph":"E", "ts":"4109792235", "pid":"1", "tid":"cice"},
{"name":"ModelAdvance", "ph":"B", "ts":"4111057486", "pid":"1", "tid":"cice"},
{"name":"ModelAdvance", "ph":"E", "ts":"4113402576", "pid":"1", "tid":"cice"},
{"name":"ModelAdvance", "ph":"B", "ts":"4114619657", "pid":"1", "tid":"cice"},
{"name":"ModelAdvance", "ph":"E", "ts":"4116966798", "pid":"1", "tid":"cice"},
{"name":"ModelAdvance", "ph":"B", "ts":"4118210387", "pid":"1", "tid":"cice"},
{"name":"ModelAdvance", "ph":"E", "ts":"4120559165", "pid":"1", "tid":"cice"},
{"name":"ModelAdvance", "ph":"B", "ts":"4121798581", "pid":"1", "tid":"cice"},
{"name":"ModelAdvance", "ph":"E", "ts":"4124139400", "pid":"1", "tid":"cice"},
{"name":"ModelAdvance", "ph":"B", "ts":"4125408495", "pid":"1", "tid":"cice"},
{"name":"ModelAdvance", "ph":"E", "ts":"4127749128", "pid":"1", "tid":"cice"},
{"name":"ModelAdvance", "ph":"B", "ts":"4128989285", "pid":"1", "tid":"cice"},
{"name":"ModelAdvance", "ph":"E", "ts":"4131305510", "pid":"1", "tid":"cice"},
{"name":"ModelAdvance", "ph":"B", "ts":"4132567866", "pid":"1", "tid":"cice"},
{"name":"ModelAdvance", "ph":"E", "ts":"4134886405", "pid":"1", "tid":"cice"},
{"name":"ModelAdvance", "ph":"B", "ts":"4136571603", "pid":"1", "tid":"cice"},
{"name":"ModelAdvance", "ph":"E", "ts":"4138956806", "pid":"1", "tid":"cice"},
{"name":"ModelAdvance", "ph":"B", "ts":"4144966947", "pid":"1", "tid":"cice"},
{"name":"ModelAdvance", "ph":"E", "ts":"4147279594", "pid":"1", "tid":"cice"},
{"name":"ModelAdvance", "ph":"B", "ts":"4148563491", "pid":"1", "tid":"cice"},
{"name":"ModelAdvance", "ph":"E", "ts":"4150872254", "pid":"1", "tid":"cice"},
{"name":"ModelAdvance", "ph":"B", "ts":"4152153292", "pid":"1", "tid":"cice"},
{"name":"ModelAdvance", "ph":"E", "ts":"4154439566", "pid":"1", "tid":"cice"},
{"name":"ModelAdvance", "ph":"B", "ts":"4155743715", "pid":"1", "tid":"cice"},
{"name":"ModelAdvance", "ph":"E", "ts":"4158058182", "pid":"1", "tid":"cice"},
{"name":"ModelAdvance", "ph":"B", "ts":"4159368593", "pid":"1", "tid":"cice"},
{"name":"ModelAdvance", "ph":"E", "ts":"4161690253", "pid":"1", "tid":"cice"},
{"name":"ModelAdvance", "ph":"B", "ts":"4162940356", "pid":"1", "tid":"cice"},
{"name":"ModelAdvance", "ph":"E", "ts":"4165279105", "pid":"1", "tid":"cice"},
{"name":"ModelAdvance", "ph":"B", "ts":"4166537226", "pid":"1", "tid":"cice"},
{"name":"ModelAdvance", "ph":"E", "ts":"4168848843", "pid":"1", "tid":"cice"},
{"name":"ModelAdvance", "ph":"B", "ts":"4170136371", "pid":"1", "tid":"cice"},
{"name":"ModelAdvance", "ph":"E", "ts":"4172470944", "pid":"1", "tid":"cice"},
{"name":"ModelAdvance", "ph":"B", "ts":"4173726313", "pid":"1", "tid":"cice"},
{"name":"ModelAdvance", "ph":"E", "ts":"4176051344", "pid":"1", "tid":"cice"},
{"name":"ModelAdvance", "ph":"B", "ts":"4177311095", "pid":"1", "tid":"cice"},
{"name":"ModelAdvance", "ph":"E", "ts":"4179656815", "pid":"1", "tid":"cice"},
{"name":"ModelAdvance", "ph":"B", "ts":"4180968686", "pid":"1", "tid":"cice"},
{"name":"ModelAdvance", "ph":"E", "ts":"4183321194", "pid":"1", "tid":"cice"},
{"name":"ModelAdvance", "ph":"B", "ts":"4184958490", "pid":"1", "tid":"cice"},
{"name":"ModelAdvance", "ph":"E", "ts":"4187412858", "pid":"1", "tid":"cice"},
{"name":"ModelAdvance", "ph":"B", "ts":"4193427950", "pid":"1", "tid":"cice"},
{"name":"ModelAdvance", "ph":"E", "ts":"4195767463", "pid":"1", "tid":"cice"},
{"name":"ModelAdvance", "ph":"B", "ts":"4197032102", "pid":"1", "tid":"cice"},
{"name":"ModelAdvance", "ph":"E", "ts":"4199371722", "pid":"1", "tid":"cice"},
{"name":"ModelAdvance", "ph":"B", "ts":"4200640236", "pid":"1", "tid":"cice"},
{"name":"ModelAdvance", "ph":"E", "ts":"4202978634", "pid":"1", "tid":"cice"},
{"name":"ModelAdvance", "ph":"B", "ts":"4204242417", "pid":"1", "tid":"cice"},
{"name":"ModelAdvance", "ph":"E", "ts":"4206610134", "pid":"1", "tid":"cice"},
{"name":"ModelAdvance", "ph":"B", "ts":"4207842924", "pid":"1", "tid":"cice"},
{"name":"ModelAdvance", "ph":"E", "ts":"4210212324", "pid":"1", "tid":"cice"},
{"name":"ModelAdvance", "ph":"B", "ts":"4211455618", "pid":"1", "tid":"cice"},
{"name":"ModelAdvance", "ph":"E", "ts":"4213845520", "pid":"1", "tid":"cice"},
{"name":"ModelAdvance", "ph":"B", "ts":"4215055352", "pid":"1", "tid":"cice"},
{"name":"ModelAdvance", "ph":"E", "ts":"4217422428", "pid":"1", "tid":"cice"},
{"name":"ModelAdvance", "ph":"B", "ts":"4218667452", "pid":"1", "tid":"cice"},
{"name":"ModelAdvance", "ph":"E", "ts":"4221035706", "pid":"1", "tid":"cice"},
{"name":"ModelAdvance", "ph":"B", "ts":"4222263214", "pid":"1", "tid":"cice"},
{"name":"ModelAdvance", "ph":"E", "ts":"4224611096", "pid":"1", "tid":"cice"},
{"name":"ModelAdvance", "ph":"B", "ts":"4225881455", "pid":"1", "tid":"cice"},
{"name":"ModelAdvance", "ph":"E", "ts":"4228229245", "pid":"1", "tid":"cice"},
{"name":"ModelAdvance", "ph":"B", "ts":"4229491987", "pid":"1", "tid":"cice"},
{"name":"ModelAdvance", "ph":"E", "ts":"4236649455", "pid":"1", "tid":"cice"},
{"name":"ModelFinalize", "ph":"B", "ts":"4236652523", "pid":"1", "tid":"cice"},
{"name":"ModelFinalize", "ph":"E", "ts":"4236652576", "pid":"1", "tid":"cice"},
