{"name":"SetServices", "ph":"B", "ts":"3468478242", "pid":"1", "tid":"mom"},
{"name":"SetServices", "ph":"E", "ts":"3468479996", "pid":"1", "tid":"mom"},
{"name":"InitializeP0", "ph":"B", "ts":"3468487024", "pid":"1", "tid":"mom"},
{"name":"InitializeP0", "ph":"E", "ts":"3468489643", "pid":"1", "tid":"mom"},
{"name":"InitializeAdvertise", "ph":"B", "ts":"3468654316", "pid":"1", "tid":"mom"},
{"name":"InitializeAdvertise", "ph":"E", "ts":"3541973605", "pid":"1", "tid":"mom"},
{"name":"InitializeRealize", "ph":"B", "ts":"3551985772", "pid":"1", "tid":"mom"},
{"name":"InitializeRealize", "ph":"E", "ts":"3554654070", "pid":"1", "tid":"mom"},
{"name":"DataInitialize", "ph":"B", "ts":"3577417480", "pid":"1", "tid":"mom"},
{"name":"DataInitialize", "ph":"E", "ts":"3577419092", "pid":"1", "tid":"mom"},
{"name":"ModelSetRunClock", "ph":"B", "ts":"3610308206", "pid":"1", "tid":"mom"},
{"name":"ModelSetRunClock", "ph":"E", "ts":"3610317302", "pid":"1", "tid":"mom"},
{"name":"ModelAdvance", "ph":"B", "ts":"3610317482", "pid":"1", "tid":"mom"},
{"name":"ModelAdvance", "ph":"E", "ts":"3619694253", "pid":"1", "tid":"mom"},
{"name":"ModelSetRunClock", "ph":"B", "ts":"3654667894", "pid":"1", "tid":"mom"},
{"name":"ModelSetRunClock", "ph":"E", "ts":"3654668045", "pid":"1", "tid":"mom"},
{"name":"ModelAdvance", "ph":"B", "ts":"3654668201", "pid":"1", "tid":"mom"},
{"name":"ModelAdvance", "ph":"E", "ts":"3663425075", "pid":"1", "tid":"mom"},
{"name":"ModelSetRunClock", "ph":"B", "ts":"3676811243", "pid":"1", "tid":"mom"},
{"name":"ModelSetRunClock", "ph":"E", "ts":"3676811333", "pid":"1", "tid":"mom"},
{"name":"ModelAdvance", "ph":"B", "ts":"3676811500", "pid":"1", "tid":"mom"},
{"name":"ModelAdvance", "ph":"E", "ts":"3700725897", "pid":"1", "tid":"mom"},
{"name":"ModelSetRunClock", "ph":"B", "ts":"3703951570", "pid":"1", "tid":"mom"},
{"name":"ModelSetRunClock", "ph":"E", "ts":"3703951654", "pid":"1", "tid":"mom"},
{"name":"ModelAdvance", "ph":"B", "ts":"3703951821", "pid":"1", "tid":"mom"},
{"name":"ModelAdvance", "ph":"E", "ts":"3712725723", "pid":"1", "tid":"mom"},
{"name":"ModelSetRunClock", "ph":"B", "ts":"3726182516", "pid":"1", "tid":"mom"},
{"name":"ModelSetRunClock", "ph":"E", "ts":"3726182638", "pid":"1", "tid":"mom"},
{"name":"ModelAdvance", "ph":"B", "ts":"3726182874", "pid":"1", "tid":"mom"},
{"name":"ModelAdvance", "ph":"E", "ts":"3743683388", "pid":"1", "tid":"mom"},
{"name":"ModelSetRunClock", "ph":"B", "ts":"3753408256", "pid":"1", "tid":"mom"},
{"name":"ModelSetRunClock", "ph":"E", "ts":"3753408328", "pid":"1", "tid":"mom"},
{"name":"ModelAdvance", "ph":"B", "ts":"3753408504", "pid":"1", "tid":"mom"},
{"name":"ModelAdvance", "ph":"E", "ts":"3762332469", "pid":"1", "tid":"mom"},
{"name":"ModelSetRunClock", "ph":"B", "ts":"3779614369", "pid":"1", "tid":"mom"},
{"name":"ModelSetRunClock", "ph":"E", "ts":"3779614580", "pid":"1", "tid":"mom"},
{"name":"ModelAdvance", "ph":"B", "ts":"3779614844", "pid":"1", "tid":"mom"},
{"name":"ModelAdvance", "ph":"E", "ts":"3797124058", "pid":"1", "tid":"mom"},
{"name":"ModelSetRunClock", "ph":"B", "ts":"3806856267", "pid":"1", "tid":"mom"},
{"name":"ModelSetRunClock", "ph":"E", "ts":"3806856357", "pid":"1", "tid":"mom"},
{"name":"ModelAdvance", "ph":"B", "ts":"3806856529", "pid":"1", "tid":"mom"},
{"name":"ModelAdvance", "ph":"E", "ts":"3815687768", "pid":"1", "tid":"mom"},
{"name":"ModelSetRunClock", "ph":"B", "ts":"3829007736", "pid":"1", "tid":"mom"},
{"name":"ModelSetRunClock", "ph":"E", "ts":"3829007946", "pid":"1", "tid":"mom"},
{"name":"ModelAdvance", "ph":"B", "ts":"3829008176", "pid":"1", "tid":"mom"},
{"name":"ModelAdvance", "ph":"E", "ts":"3846232199", "pid":"1", "tid":"mom"},
{"name":"ModelSetRunClock", "ph":"B", "ts":"3856165925", "pid":"1", "tid":"mom"},
{"name":"ModelSetRunClock", "ph":"E", "ts":"3856166000", "pid":"1", "tid":"mom"},
{"name":"ModelAdvance", "ph":"B", "ts":"3856166174", "pid":"1", "tid":"mom"},
{"name":"ModelAdvance", "ph":"E", "ts":"3865000540", "pid":"1", "tid":"mom"},
{"name":"ModelSetRunClock", "ph":"B", "ts":"3878263507", "pid":"1", "tid":"mom"},
{"name":"ModelSetRunClock", "ph":"E", "ts":"3878263590", "pid":"1", "tid":"mom"},
{"name":"ModelAdvance", "ph":"B", "ts":"3878263956", "pid":"1", "tid":"mom"},
{"name":"ModelAdvance", "ph":"E", "ts":"3895207236", "pid":"1", "tid":"mom"},
{"name":"ModelSetRunClock", "ph":"B", "ts":"3905203349", "pid":"1", "tid":"mom"},
{"name":"ModelSetRunClock", "ph":"E", "ts":"3905203519", "pid":"1", "tid":"mom"},
{"name":"ModelAdvance", "ph":"B", "ts":"3905203710", "pid":"1", "tid":"mom"},
{"name":"ModelAdvance", "ph":"E", "ts":"3930903236", "pid":"1", "tid":"mom"},
{"name":"ModelSetRunClock", "ph":"B", "ts":"3934211726", "pid":"1", "tid":"mom"},
{"name":"ModelSetRunClock", "ph":"E", "ts":"3934212294", "pid":"1", "tid":"mom"},
{"name":"ModelAdvance", "ph":"B", "ts":"3934212431", "pid":"1", "tid":"mom"},
{"name":"ModelAdvance", "ph":"E", "ts":"3952226462", "pid":"1", "tid":"mom"},
{"name":"ModelSetRunClock", "ph":"B", "ts":"3960581526", "pid":"1", "tid":"mom"},
{"name":"ModelSetRunClock", "ph":"E", "ts":"3960581783", "pid":"1", "tid":"mom"},
{"name":"ModelAdvance", "ph":"B", "ts":"3960582037", "pid":"1", "tid":"mom"},
{"name":"ModelAdvance", "ph":"E", "ts":"3969084832", "pid":"1", "tid":"mom"},
{"name":"ModelSetRunClock", "ph":"B", "ts":"3982204981", "pid":"1", "tid":"mom"},
{"name":"ModelSetRunClock", "ph":"E", "ts":"3982205086", "pid":"1", "tid":"mom"},
{"name":"ModelAdvance", "ph":"B", "ts":"3982205277", "pid":"1", "tid":"mom"},
{"name":"ModelAdvance", "ph":"E", "ts":"4000949401", "pid":"1", "tid":"mom"},
{"name":"ModelSetRunClock", "ph":"B", "ts":"4008506924", "pid":"1", "tid":"mom"},
{"name":"ModelSetRunClock", "ph":"E", "ts":"4008507027", "pid":"1", "tid":"mom"},
{"name":"ModelAdvance", "ph":"B", "ts":"4008507224", "pid":"1", "tid":"mom"},
{"name":"ModelAdvance", "ph":"E", "ts":"4017011956", "pid":"1", "tid":"mom"},
{"name":"ModelSetRunClock", "ph":"B", "ts":"4030318069", "pid":"1", "tid":"mom"},
{"name":"ModelSetRunClock", "ph":"E", "ts":"4030318256", "pid":"1", "tid":"mom"},
{"name":"ModelAdvance", "ph":"B", "ts":"4030318438", "pid":"1", "tid":"mom"},
{"name":"ModelAdvance", "ph":"E", "ts":"4048056663", "pid":"1", "tid":"mom"},
{"name":"ModelSetRunClock", "ph":"B", "ts":"4056779672", "pid":"1", "tid":"mom"},
{"name":"ModelSetRunClock", "ph":"E", "ts":"4056779850", "pid":"1", "tid":"mom"},
{"name":"ModelAdvance", "ph":"B", "ts":"4056780014", "pid":"1", "tid":"mom"},
{"name":"ModelAdvance", "ph":"E", "ts":"4086000623", "pid":"1", "tid":"mom"},
{"name":"ModelSetRunClock", "ph":"B", "ts":"4088351059", "pid":"1", "tid":"mom"},
{"name":"ModelSetRunClock", "ph":"E", "ts":"4088351120", "pid":"1", "tid":"mom"},
{"name":"ModelAdvance", "ph":"B", "ts":"4088351248", "pid":"1", "tid":"mom"},
{"name":"ModelAdvance", "ph":"E", "ts":"4106373551", "pid":"1", "tid":"mom"},
{"name":"ModelSetRunClock", "ph":"B", "ts":"4114574347", "pid":"1", "tid":"mom"},
{"name":"ModelSetRunClock", "ph":"E", "ts":"4114574507", "pid":"1", "tid":"mom"},
{"name":"ModelAdvance", "ph":"B", "ts":"4114574717", "pid":"1", "tid":"mom"},
{"name":"ModelAdvance", "ph":"E", "ts":"4123042662", "pid":"1", "tid":"mom"},
{"name":"ModelSetRunClock", "ph":"B", "ts":"4136483001", "pid":"1", "tid":"mom"},
{"name":"ModelSetRunClock", "ph":"E", "ts":"4136483062", "pid":"1", "tid":"mom"},
{"name":"ModelAdvance", "ph":"B", "ts":"4136483199", "pid":"1", "tid":"mom"},
{"name":"ModelAdvance", "ph":"E", "ts":"4154480622", "pid":"1", "tid":"mom"},
{"name":"ModelSetRunClock", "ph":"B", "ts":"4162895214", "pid":"1", "tid":"mom"},
{"name":"ModelSetRunClock", "ph":"E", "ts":"4162895313", "pid":"1", "tid":"mom"},
{"name":"ModelAdvance", "ph":"B", "ts":"4162895503", "pid":"1", "tid":"mom"},
{"name":"ModelAdvance", "ph":"E", "ts":"4171374976", "pid":"1", "tid":"mom"},
{"name":"ModelSetRunClock", "ph":"B", "ts":"4184866859", "pid":"1", "tid":"mom"},
{"name":"ModelSetRunClock", "ph":"E", "ts":"4184867047", "pid":"1", "tid":"mom"},
{"name":"ModelAdvance", "ph":"B", "ts":"4184867182", "pid":"1", "tid":"mom"},
{"name":"ModelAdvance", "ph":"E", "ts":"4202808563", "pid":"1", "tid":"mom"},
{"name":"ModelSetRunClock", "ph":"B", "ts":"4211396650", "pid":"1", "tid":"mom"},
{"name":"ModelSetRunClock", "ph":"E", "ts":"4211396824", "pid":"1", "tid":"mom"},
{"name":"ModelAdvance", "ph":"B", "ts":"4211396995", "pid":"1", "tid":"mom"},
{"name":"ModelAdvance", "ph":"E", "ts":"4240052785", "pid":"1", "tid":"mom"},
{"name":"ocean_model_finalize", "ph":"B", "ts":"4240055996", "pid":"1", "tid":"mom"},
{"name":"ocean_model_finalize", "ph":"E", "ts":"4250295140", "pid":"1", "tid":"mom"},
