{"name":"SetServices", "ph":"B", "ts":"1801318108", "pid":"1", "tid":"wrtComp_08"},
{"name":"SetServices", "ph":"E", "ts":"1801318999", "pid":"1", "tid":"wrtComp_08"},
{"name":"wrt_initialize_p1", "ph":"B", "ts":"1801319388", "pid":"1", "tid":"wrtComp_08"},
{"name":"wrt_initialize_p1", "ph":"E", "ts":"1801800250", "pid":"1", "tid":"wrtComp_08"},
{"name":"wrt_run", "ph":"B", "ts":"2081140231", "pid":"1", "tid":"wrtComp_08"},
{"name":"wrt_run", "ph":"E", "ts":"2135849221", "pid":"1", "tid":"wrtComp_08"},
{"name":"wrt_run", "ph":"B", "ts":"2235645425", "pid":"1", "tid":"wrtComp_08"},
{"name":"wrt_run", "ph":"E", "ts":"2288322258", "pid":"1", "tid":"wrtComp_08"},
{"name":"wrt_run", "ph":"B", "ts":"2400700928", "pid":"1", "tid":"wrtComp_08"},
{"name":"wrt_run", "ph":"E", "ts":"2453980264", "pid":"1", "tid":"wrtComp_08"},
{"name":"wrt_run", "ph":"B", "ts":"2557412233", "pid":"1", "tid":"wrtComp_08"},
{"name":"wrt_run", "ph":"E", "ts":"2609369638", "pid":"1", "tid":"wrtComp_08"},
{"name":"wrt_run", "ph":"B", "ts":"2738147619", "pid":"1", "tid":"wrtComp_08"},
{"name":"wrt_run", "ph":"E", "ts":"2790874901", "pid":"1", "tid":"wrtComp_08"},
{"name":"wrt_run", "ph":"B", "ts":"2891804857", "pid":"1", "tid":"wrtComp_08"},
{"name":"wrt_run", "ph":"E", "ts":"2945263885", "pid":"1", "tid":"wrtComp_08"},
{"name":"wrt_run", "ph":"B", "ts":"3047568267", "pid":"1", "tid":"wrtComp_08"},
{"name":"wrt_run", "ph":"E", "ts":"3099718969", "pid":"1", "tid":"wrtComp_08"},
{"name":"wrt_run", "ph":"B", "ts":"3202801272", "pid":"1", "tid":"wrtComp_08"},
{"name":"wrt_run", "ph":"E", "ts":"3255423126", "pid":"1", "tid":"wrtComp_08"},
{"name":"wrt_run", "ph":"B", "ts":"3356651917", "pid":"1", "tid":"wrtComp_08"},
{"name":"wrt_run", "ph":"E", "ts":"3410142282", "pid":"1", "tid":"wrtComp_08"},
{"name":"wrt_run", "ph":"B", "ts":"3538955004", "pid":"1", "tid":"wrtComp_08"},
{"name":"wrt_run", "ph":"E", "ts":"3591070088", "pid":"1", "tid":"wrtComp_08"},
{"name":"wrt_run", "ph":"B", "ts":"3697381168", "pid":"1", "tid":"wrtComp_08"},
{"name":"wrt_run", "ph":"E", "ts":"3750422908", "pid":"1", "tid":"wrtComp_08"},
{"name":"wrt_run", "ph":"B", "ts":"3855173839", "pid":"1", "tid":"wrtComp_08"},
{"name":"wrt_run", "ph":"E", "ts":"3908248731", "pid":"1", "tid":"wrtComp_08"},
{"name":"wrt_run", "ph":"B", "ts":"4013296002", "pid":"1", "tid":"wrtComp_08"},
{"name":"wrt_run", "ph":"E", "ts":"4065393057", "pid":"1", "tid":"wrtComp_08"},
{"name":"wrt_run", "ph":"B", "ts":"4196261523", "pid":"1", "tid":"wrtComp_08"},
{"name":"wrt_run", "ph":"E", "ts":"4249211298", "pid":"1", "tid":"wrtComp_08"},
{"name":"wrt_run", "ph":"B", "ts":"4353743569", "pid":"1", "tid":"wrtComp_08"},
{"name":"wrt_run", "ph":"E", "ts":"4407384395", "pid":"1", "tid":"wrtComp_08"},
{"name":"wrt_run", "ph":"B", "ts":"4772122921", "pid":"1", "tid":"wrtComp_08"},
{"name":"wrt_run", "ph":"E", "ts":"4825957351", "pid":"1", "tid":"wrtComp_08"},
{"name":"wrt_run", "ph":"B", "ts":"5340205996", "pid":"1", "tid":"wrtComp_08"},
{"name":"wrt_run", "ph":"E", "ts":"5393873153", "pid":"1", "tid":"wrtComp_08"},
{"name":"wrt_run", "ph":"B", "ts":"5869211914", "pid":"1", "tid":"wrtComp_08"},
{"name":"wrt_run", "ph":"E", "ts":"5921921362", "pid":"1", "tid":"wrtComp_08"},
{"name":"wrt_run", "ph":"B", "ts":"6327005369", "pid":"1", "tid":"wrtComp_08"},
{"name":"wrt_run", "ph":"E", "ts":"6380428926", "pid":"1", "tid":"wrtComp_08"},
{"name":"wrt_run", "ph":"B", "ts":"6812847966", "pid":"1", "tid":"wrtComp_08"},
{"name":"wrt_run", "ph":"E", "ts":"6865894452", "pid":"1", "tid":"wrtComp_08"},
{"name":"wrt_run", "ph":"B", "ts":"7315002238", "pid":"1", "tid":"wrtComp_08"},
{"name":"wrt_run", "ph":"E", "ts":"7368236651", "pid":"1", "tid":"wrtComp_08"},
{"name":"wrt_run", "ph":"B", "ts":"7773498728", "pid":"1", "tid":"wrtComp_08"},
{"name":"wrt_run", "ph":"E", "ts":"7826577190", "pid":"1", "tid":"wrtComp_08"},
{"name":"wrt_run", "ph":"B", "ts":"8261032294", "pid":"1", "tid":"wrtComp_08"},
{"name":"wrt_run", "ph":"E", "ts":"8314259873", "pid":"1", "tid":"wrtComp_08"},
{"name":"wrt_run", "ph":"B", "ts":"8752598442", "pid":"1", "tid":"wrtComp_08"},
{"name":"wrt_run", "ph":"E", "ts":"8805773861", "pid":"1", "tid":"wrtComp_08"},
{"name":"wrt_run", "ph":"B", "ts":"9209134648", "pid":"1", "tid":"wrtComp_08"},
{"name":"wrt_run", "ph":"E", "ts":"9262467102", "pid":"1", "tid":"wrtComp_08"},
{"name":"wrt_run", "ph":"B", "ts":"9689997861", "pid":"1", "tid":"wrtComp_08"},
{"name":"wrt_run", "ph":"E", "ts":"9744117819", "pid":"1", "tid":"wrtComp_08"},
{"name":"wrt_finalize", "ph":"B", "ts":"9744179375", "pid":"1", "tid":"wrtComp_08"},
{"name":"wrt_finalize", "ph":"E", "ts":"9744290027", "pid":"1", "tid":"wrtComp_08"},
