{"name":"SetServices", "ph":"B", "ts":"1799847723", "pid":"1", "tid":"wrtComp_07"},
{"name":"SetServices", "ph":"E", "ts":"1799849617", "pid":"1", "tid":"wrtComp_07"},
{"name":"wrt_initialize_p1", "ph":"B", "ts":"1799849970", "pid":"1", "tid":"wrtComp_07"},
{"name":"wrt_initialize_p1", "ph":"E", "ts":"1800430547", "pid":"1", "tid":"wrtComp_07"},
{"name":"wrt_run", "ph":"B", "ts":"2061698072", "pid":"1", "tid":"wrtComp_07"},
{"name":"wrt_run", "ph":"E", "ts":"2117447330", "pid":"1", "tid":"wrtComp_07"},
{"name":"wrt_run", "ph":"B", "ts":"2216581827", "pid":"1", "tid":"wrtComp_07"},
{"name":"wrt_run", "ph":"E", "ts":"2268840744", "pid":"1", "tid":"wrtComp_07"},
{"name":"wrt_run", "ph":"B", "ts":"2381499869", "pid":"1", "tid":"wrtComp_07"},
{"name":"wrt_run", "ph":"E", "ts":"2434570131", "pid":"1", "tid":"wrtComp_07"},
{"name":"wrt_run", "ph":"B", "ts":"2536446542", "pid":"1", "tid":"wrtComp_07"},
{"name":"wrt_run", "ph":"E", "ts":"2590884763", "pid":"1", "tid":"wrtComp_07"},
{"name":"wrt_run", "ph":"B", "ts":"2719101486", "pid":"1", "tid":"wrtComp_07"},
{"name":"wrt_run", "ph":"E", "ts":"2771623619", "pid":"1", "tid":"wrtComp_07"},
{"name":"wrt_run", "ph":"B", "ts":"2872545603", "pid":"1", "tid":"wrtComp_07"},
{"name":"wrt_run", "ph":"E", "ts":"2925902735", "pid":"1", "tid":"wrtComp_07"},
{"name":"wrt_run", "ph":"B", "ts":"3026695095", "pid":"1", "tid":"wrtComp_07"},
{"name":"wrt_run", "ph":"E", "ts":"3081047800", "pid":"1", "tid":"wrtComp_07"},
{"name":"wrt_run", "ph":"B", "ts":"3183017105", "pid":"1", "tid":"wrtComp_07"},
{"name":"wrt_run", "ph":"E", "ts":"3235808480", "pid":"1", "tid":"wrtComp_07"},
{"name":"wrt_run", "ph":"B", "ts":"3337578676", "pid":"1", "tid":"wrtComp_07"},
{"name":"wrt_run", "ph":"E", "ts":"3391140116", "pid":"1", "tid":"wrtComp_07"},
{"name":"wrt_run", "ph":"B", "ts":"3517853094", "pid":"1", "tid":"wrtComp_07"},
{"name":"wrt_run", "ph":"E", "ts":"3572298606", "pid":"1", "tid":"wrtComp_07"},
{"name":"wrt_run", "ph":"B", "ts":"3677449646", "pid":"1", "tid":"wrtComp_07"},
{"name":"wrt_run", "ph":"E", "ts":"3730301908", "pid":"1", "tid":"wrtComp_07"},
{"name":"wrt_run", "ph":"B", "ts":"3834878369", "pid":"1", "tid":"wrtComp_07"},
{"name":"wrt_run", "ph":"E", "ts":"3888157514", "pid":"1", "tid":"wrtComp_07"},
{"name":"wrt_run", "ph":"B", "ts":"3992076363", "pid":"1", "tid":"wrtComp_07"},
{"name":"wrt_run", "ph":"E", "ts":"4046582299", "pid":"1", "tid":"wrtComp_07"},
{"name":"wrt_run", "ph":"B", "ts":"4176459416", "pid":"1", "tid":"wrtComp_07"},
{"name":"wrt_run", "ph":"E", "ts":"4229426213", "pid":"1", "tid":"wrtComp_07"},
{"name":"wrt_run", "ph":"B", "ts":"4334259186", "pid":"1", "tid":"wrtComp_07"},
{"name":"wrt_run", "ph":"E", "ts":"4387660984", "pid":"1", "tid":"wrtComp_07"},
{"name":"wrt_run", "ph":"B", "ts":"4712884790", "pid":"1", "tid":"wrtComp_07"},
{"name":"wrt_run", "ph":"E", "ts":"4767512758", "pid":"1", "tid":"wrtComp_07"},
{"name":"wrt_run", "ph":"B", "ts":"5257395922", "pid":"1", "tid":"wrtComp_07"},
{"name":"wrt_run", "ph":"E", "ts":"5311914494", "pid":"1", "tid":"wrtComp_07"},
{"name":"wrt_run", "ph":"B", "ts":"5804982073", "pid":"1", "tid":"wrtComp_07"},
{"name":"wrt_run", "ph":"E", "ts":"5859490843", "pid":"1", "tid":"wrtComp_07"},
{"name":"wrt_run", "ph":"B", "ts":"6269451985", "pid":"1", "tid":"wrtComp_07"},
{"name":"wrt_run", "ph":"E", "ts":"6323941980", "pid":"1", "tid":"wrtComp_07"},
{"name":"wrt_run", "ph":"B", "ts":"6755159645", "pid":"1", "tid":"wrtComp_07"},
{"name":"wrt_run", "ph":"E", "ts":"6809581460", "pid":"1", "tid":"wrtComp_07"},
{"name":"wrt_run", "ph":"B", "ts":"7256836898", "pid":"1", "tid":"wrtComp_07"},
{"name":"wrt_run", "ph":"E", "ts":"7311586375", "pid":"1", "tid":"wrtComp_07"},
{"name":"wrt_run", "ph":"B", "ts":"7713481345", "pid":"1", "tid":"wrtComp_07"},
{"name":"wrt_run", "ph":"E", "ts":"7768012475", "pid":"1", "tid":"wrtComp_07"},
{"name":"wrt_run", "ph":"B", "ts":"8203405832", "pid":"1", "tid":"wrtComp_07"},
{"name":"wrt_run", "ph":"E", "ts":"8258303396", "pid":"1", "tid":"wrtComp_07"},
{"name":"wrt_run", "ph":"B", "ts":"8694028103", "pid":"1", "tid":"wrtComp_07"},
{"name":"wrt_run", "ph":"E", "ts":"8749001708", "pid":"1", "tid":"wrtComp_07"},
{"name":"wrt_run", "ph":"B", "ts":"9151237511", "pid":"1", "tid":"wrtComp_07"},
{"name":"wrt_run", "ph":"E", "ts":"9206057769", "pid":"1", "tid":"wrtComp_07"},
{"name":"wrt_run", "ph":"B", "ts":"9632694903", "pid":"1", "tid":"wrtComp_07"},
{"name":"wrt_run", "ph":"E", "ts":"9688731289", "pid":"1", "tid":"wrtComp_07"},
{"name":"wrt_finalize", "ph":"B", "ts":"9688850778", "pid":"1", "tid":"wrtComp_07"},
{"name":"wrt_finalize", "ph":"E", "ts":"9688958526", "pid":"1", "tid":"wrtComp_07"},
