{"name":"SetServices", "ph":"B", "ts":"1792697597", "pid":"1", "tid":"wrtComp_02"},
{"name":"SetServices", "ph":"E", "ts":"1792699169", "pid":"1", "tid":"wrtComp_02"},
{"name":"wrt_initialize_p1", "ph":"B", "ts":"1792699521", "pid":"1", "tid":"wrtComp_02"},
{"name":"wrt_initialize_p1", "ph":"E", "ts":"1793193381", "pid":"1", "tid":"wrtComp_02"},
{"name":"wrt_run", "ph":"B", "ts":"1965636081", "pid":"1", "tid":"wrtComp_02"},
{"name":"wrt_run", "ph":"E", "ts":"2020219017", "pid":"1", "tid":"wrtComp_02"},
{"name":"wrt_run", "ph":"B", "ts":"2119890227", "pid":"1", "tid":"wrtComp_02"},
{"name":"wrt_run", "ph":"E", "ts":"2172175159", "pid":"1", "tid":"wrtComp_02"},
{"name":"wrt_run", "ph":"B", "ts":"2273547204", "pid":"1", "tid":"wrtComp_02"},
{"name":"wrt_run", "ph":"E", "ts":"2326932566", "pid":"1", "tid":"wrtComp_02"},
{"name":"wrt_run", "ph":"B", "ts":"2440938177", "pid":"1", "tid":"wrtComp_02"},
{"name":"wrt_run", "ph":"E", "ts":"2493198350", "pid":"1", "tid":"wrtComp_02"},
{"name":"wrt_run", "ph":"B", "ts":"2595293430", "pid":"1", "tid":"wrtComp_02"},
{"name":"wrt_run", "ph":"E", "ts":"2648372980", "pid":"1", "tid":"wrtComp_02"},
{"name":"wrt_run", "ph":"B", "ts":"2776189753", "pid":"1", "tid":"wrtComp_02"},
{"name":"wrt_run", "ph":"E", "ts":"2830094706", "pid":"1", "tid":"wrtComp_02"},
{"name":"wrt_run", "ph":"B", "ts":"2931357572", "pid":"1", "tid":"wrtComp_02"},
{"name":"wrt_run", "ph":"E", "ts":"2983497671", "pid":"1", "tid":"wrtComp_02"},
{"name":"wrt_run", "ph":"B", "ts":"3085491954", "pid":"1", "tid":"wrtComp_02"},
{"name":"wrt_run", "ph":"E", "ts":"3138621275", "pid":"1", "tid":"wrtComp_02"},
{"name":"wrt_run", "ph":"B", "ts":"3240948762", "pid":"1", "tid":"wrtComp_02"},
{"name":"wrt_run", "ph":"E", "ts":"3294714042", "pid":"1", "tid":"wrtComp_02"},
{"name":"wrt_run", "ph":"B", "ts":"3422533182", "pid":"1", "tid":"wrtComp_02"},
{"name":"wrt_run", "ph":"E", "ts":"3474863739", "pid":"1", "tid":"wrtComp_02"},
{"name":"wrt_run", "ph":"B", "ts":"3578118527", "pid":"1", "tid":"wrtComp_02"},
{"name":"wrt_run", "ph":"E", "ts":"3630959708", "pid":"1", "tid":"wrtComp_02"},
{"name":"wrt_run", "ph":"B", "ts":"3735409916", "pid":"1", "tid":"wrtComp_02"},
{"name":"wrt_run", "ph":"E", "ts":"3789467765", "pid":"1", "tid":"wrtComp_02"},
{"name":"wrt_run", "ph":"B", "ts":"3895671052", "pid":"1", "tid":"wrtComp_02"},
{"name":"wrt_run", "ph":"E", "ts":"3947443207", "pid":"1", "tid":"wrtComp_02"},
{"name":"wrt_run", "ph":"B", "ts":"4051619549", "pid":"1", "tid":"wrtComp_02"},
{"name":"wrt_run", "ph":"E", "ts":"4104901294", "pid":"1", "tid":"wrtComp_02"},
{"name":"wrt_run", "ph":"B", "ts":"4234962102", "pid":"1", "tid":"wrtComp_02"},
{"name":"wrt_run", "ph":"E", "ts":"4289789884", "pid":"1", "tid":"wrtComp_02"},
{"name":"wrt_run", "ph":"B", "ts":"4430301025", "pid":"1", "tid":"wrtComp_02"},
{"name":"wrt_run", "ph":"E", "ts":"4483733947", "pid":"1", "tid":"wrtComp_02"},
{"name":"wrt_run", "ph":"B", "ts":"4925254342", "pid":"1", "tid":"wrtComp_02"},
{"name":"wrt_run", "ph":"E", "ts":"4979668782", "pid":"1", "tid":"wrtComp_02"},
{"name":"wrt_run", "ph":"B", "ts":"5470667877", "pid":"1", "tid":"wrtComp_02"},
{"name":"wrt_run", "ph":"E", "ts":"5524604761", "pid":"1", "tid":"wrtComp_02"},
{"name":"wrt_run", "ph":"B", "ts":"5983570722", "pid":"1", "tid":"wrtComp_02"},
{"name":"wrt_run", "ph":"E", "ts":"6037627082", "pid":"1", "tid":"wrtComp_02"},
{"name":"wrt_run", "ph":"B", "ts":"6471100418", "pid":"1", "tid":"wrtComp_02"},
{"name":"wrt_run", "ph":"E", "ts":"6525368658", "pid":"1", "tid":"wrtComp_02"},
{"name":"wrt_run", "ph":"B", "ts":"6929219441", "pid":"1", "tid":"wrtComp_02"},
{"name":"wrt_run", "ph":"E", "ts":"6983696222", "pid":"1", "tid":"wrtComp_02"},
{"name":"wrt_run", "ph":"B", "ts":"7429051329", "pid":"1", "tid":"wrtComp_02"},
{"name":"wrt_run", "ph":"E", "ts":"7483057055", "pid":"1", "tid":"wrtComp_02"},
{"name":"wrt_run", "ph":"B", "ts":"7917080464", "pid":"1", "tid":"wrtComp_02"},
{"name":"wrt_run", "ph":"E", "ts":"7971633042", "pid":"1", "tid":"wrtComp_02"},
{"name":"wrt_run", "ph":"B", "ts":"8377823061", "pid":"1", "tid":"wrtComp_02"},
{"name":"wrt_run", "ph":"E", "ts":"8431606719", "pid":"1", "tid":"wrtComp_02"},
{"name":"wrt_run", "ph":"B", "ts":"8867365361", "pid":"1", "tid":"wrtComp_02"},
{"name":"wrt_run", "ph":"E", "ts":"8921256443", "pid":"1", "tid":"wrtComp_02"},
{"name":"wrt_run", "ph":"B", "ts":"9348689120", "pid":"1", "tid":"wrtComp_02"},
{"name":"wrt_run", "ph":"E", "ts":"9403005353", "pid":"1", "tid":"wrtComp_02"},
{"name":"wrt_finalize", "ph":"B", "ts":"9403371495", "pid":"1", "tid":"wrtComp_02"},
{"name":"wrt_finalize", "ph":"E", "ts":"9403582934", "pid":"1", "tid":"wrtComp_02"},
