{"name":"SetServices", "ph":"B", "ts":"1795511129", "pid":"1", "tid":"wrtComp_04"},
{"name":"SetServices", "ph":"E", "ts":"1795512454", "pid":"1", "tid":"wrtComp_04"},
{"name":"wrt_initialize_p1", "ph":"B", "ts":"1795512830", "pid":"1", "tid":"wrtComp_04"},
{"name":"wrt_initialize_p1", "ph":"E", "ts":"1795998229", "pid":"1", "tid":"wrtComp_04"},
{"name":"wrt_run", "ph":"B", "ts":"2004072011", "pid":"1", "tid":"wrtComp_04"},
{"name":"wrt_run", "ph":"E", "ts":"2059426687", "pid":"1", "tid":"wrtComp_04"},
{"name":"wrt_run", "ph":"B", "ts":"2157992732", "pid":"1", "tid":"wrtComp_04"},
{"name":"wrt_run", "ph":"E", "ts":"2210995983", "pid":"1", "tid":"wrtComp_04"},
{"name":"wrt_run", "ph":"B", "ts":"2323700891", "pid":"1", "tid":"wrtComp_04"},
{"name":"wrt_run", "ph":"E", "ts":"2375338367", "pid":"1", "tid":"wrtComp_04"},
{"name":"wrt_run", "ph":"B", "ts":"2479875989", "pid":"1", "tid":"wrtComp_04"},
{"name":"wrt_run", "ph":"E", "ts":"2532340631", "pid":"1", "tid":"wrtComp_04"},
{"name":"wrt_run", "ph":"B", "ts":"2633654252", "pid":"1", "tid":"wrtComp_04"},
{"name":"wrt_run", "ph":"E", "ts":"2686922909", "pid":"1", "tid":"wrtComp_04"},
{"name":"wrt_run", "ph":"B", "ts":"2816037238", "pid":"1", "tid":"wrtComp_04"},
{"name":"wrt_run", "ph":"E", "ts":"2868304695", "pid":"1", "tid":"wrtComp_04"},
{"name":"wrt_run", "ph":"B", "ts":"2969544415", "pid":"1", "tid":"wrtComp_04"},
{"name":"wrt_run", "ph":"E", "ts":"3022828916", "pid":"1", "tid":"wrtComp_04"},
{"name":"wrt_run", "ph":"B", "ts":"3124040557", "pid":"1", "tid":"wrtComp_04"},
{"name":"wrt_run", "ph":"E", "ts":"3177557010", "pid":"1", "tid":"wrtComp_04"},
{"name":"wrt_run", "ph":"B", "ts":"3281301018", "pid":"1", "tid":"wrtComp_04"},
{"name":"wrt_run", "ph":"E", "ts":"3333416785", "pid":"1", "tid":"wrtComp_04"},
{"name":"wrt_run", "ph":"B", "ts":"3461112839", "pid":"1", "tid":"wrtComp_04"},
{"name":"wrt_run", "ph":"E", "ts":"3513965550", "pid":"1", "tid":"wrtComp_04"},
{"name":"wrt_run", "ph":"B", "ts":"3617222669", "pid":"1", "tid":"wrtComp_04"},
{"name":"wrt_run", "ph":"E", "ts":"3670991613", "pid":"1", "tid":"wrtComp_04"},
{"name":"wrt_run", "ph":"B", "ts":"3776486541", "pid":"1", "tid":"wrtComp_04"},
{"name":"wrt_run", "ph":"E", "ts":"3829039325", "pid":"1", "tid":"wrtComp_04"},
{"name":"wrt_run", "ph":"B", "ts":"3934540407", "pid":"1", "tid":"wrtComp_04"},
{"name":"wrt_run", "ph":"E", "ts":"3987841830", "pid":"1", "tid":"wrtComp_04"},
{"name":"wrt_run", "ph":"B", "ts":"4090611262", "pid":"1", "tid":"wrtComp_04"},
{"name":"wrt_run", "ph":"E", "ts":"4144082585", "pid":"1", "tid":"wrtComp_04"},
{"name":"wrt_run", "ph":"B", "ts":"4277109583", "pid":"1", "tid":"wrtComp_04"},
{"name":"wrt_run", "ph":"E", "ts":"4329673359", "pid":"1", "tid":"wrtComp_04"},
{"name":"wrt_run", "ph":"B", "ts":"4544127842", "pid":"1", "tid":"wrtComp_04"},
{"name":"wrt_run", "ph":"E", "ts":"4597161287", "pid":"1", "tid":"wrtComp_04"},
{"name":"wrt_run", "ph":"B", "ts":"5055434455", "pid":"1", "tid":"wrtComp_04"},
{"name":"wrt_run", "ph":"E", "ts":"5108347590", "pid":"1", "tid":"wrtComp_04"},
{"name":"wrt_run", "ph":"B", "ts":"5586218413", "pid":"1", "tid":"wrtComp_04"},
{"name":"wrt_run", "ph":"E", "ts":"5639084026", "pid":"1", "tid":"wrtComp_04"},
{"name":"wrt_run", "ph":"B", "ts":"6097874970", "pid":"1", "tid":"wrtComp_04"},
{"name":"wrt_run", "ph":"E", "ts":"6151068761", "pid":"1", "tid":"wrtComp_04"},
{"name":"wrt_run", "ph":"B", "ts":"6586708672", "pid":"1", "tid":"wrtComp_04"},
{"name":"wrt_run", "ph":"E", "ts":"6639818377", "pid":"1", "tid":"wrtComp_04"},
{"name":"wrt_run", "ph":"B", "ts":"7046776910", "pid":"1", "tid":"wrtComp_04"},
{"name":"wrt_run", "ph":"E", "ts":"7100113811", "pid":"1", "tid":"wrtComp_04"},
{"name":"wrt_run", "ph":"B", "ts":"7543487654", "pid":"1", "tid":"wrtComp_04"},
{"name":"wrt_run", "ph":"E", "ts":"7596765549", "pid":"1", "tid":"wrtComp_04"},
{"name":"wrt_run", "ph":"B", "ts":"8034123122", "pid":"1", "tid":"wrtComp_04"},
{"name":"wrt_run", "ph":"E", "ts":"8087333928", "pid":"1", "tid":"wrtComp_04"},
{"name":"wrt_run", "ph":"B", "ts":"8495258177", "pid":"1", "tid":"wrtComp_04"},
{"name":"wrt_run", "ph":"E", "ts":"8548256377", "pid":"1", "tid":"wrtComp_04"},
{"name":"wrt_run", "ph":"B", "ts":"8982806942", "pid":"1", "tid":"wrtComp_04"},
{"name":"wrt_run", "ph":"E", "ts":"9036057389", "pid":"1", "tid":"wrtComp_04"},
{"name":"wrt_run", "ph":"B", "ts":"9464026337", "pid":"1", "tid":"wrtComp_04"},
{"name":"wrt_run", "ph":"E", "ts":"9518094854", "pid":"1", "tid":"wrtComp_04"},
{"name":"wrt_finalize", "ph":"B", "ts":"9518395454", "pid":"1", "tid":"wrtComp_04"},
{"name":"wrt_finalize", "ph":"E", "ts":"9518504134", "pid":"1", "tid":"wrtComp_04"},
