{"name":"SetServices", "ph":"B", "ts":"3013030741", "pid":"1", "tid":"cice"},
{"name":"SetServices", "ph":"E", "ts":"3013050044", "pid":"1", "tid":"cice"},
{"name":"InitializeP0", "ph":"B", "ts":"3013091735", "pid":"1", "tid":"cice"},
{"name":"InitializeP0", "ph":"E", "ts":"3013091848", "pid":"1", "tid":"cice"},
{"name":"InitializeAdvertise", "ph":"B", "ts":"3017976049", "pid":"1", "tid":"cice"},
{"name":"InitializeAdvertise", "ph":"E", "ts":"3023687628", "pid":"1", "tid":"cice"},
{"name":"InitializeRealize", "ph":"B", "ts":"3157330358", "pid":"1", "tid":"cice"},
{"name":"InitializeRealize", "ph":"E", "ts":"3166270456", "pid":"1", "tid":"cice"},
{"name":"ModelAdvance", "ph":"B", "ts":"3245486101", "pid":"1", "tid":"cice"},
{"name":"ModelAdvance", "ph":"E", "ts":"3248174746", "pid":"1", "tid":"cice"},
{"name":"ModelAdvance", "ph":"B", "ts":"3260785086", "pid":"1", "tid":"cice"},
{"name":"ModelAdvance", "ph":"E", "ts":"3263226772", "pid":"1", "tid":"cice"},
{"name":"ModelAdvance", "ph":"B", "ts":"3263648061", "pid":"1", "tid":"cice"},
{"name":"ModelAdvance", "ph":"E", "ts":"3266169904", "pid":"1", "tid":"cice"},
{"name":"ModelAdvance", "ph":"B", "ts":"3266649184", "pid":"1", "tid":"cice"},
{"name":"ModelAdvance", "ph":"E", "ts":"3269080939", "pid":"1", "tid":"cice"},
{"name":"ModelAdvance", "ph":"B", "ts":"3269500567", "pid":"1", "tid":"cice"},
{"name":"ModelAdvance", "ph":"E", "ts":"3271959445", "pid":"1", "tid":"cice"},
{"name":"ModelAdvance", "ph":"B", "ts":"3272362901", "pid":"1", "tid":"cice"},
{"name":"ModelAdvance", "ph":"E", "ts":"3274832076", "pid":"1", "tid":"cice"},
{"name":"ModelAdvance", "ph":"B", "ts":"3275208831", "pid":"1", "tid":"cice"},
{"name":"ModelAdvance", "ph":"E", "ts":"3277670264", "pid":"1", "tid":"cice"},
{"name":"ModelAdvance", "ph":"B", "ts":"3278098148", "pid":"1", "tid":"cice"},
{"name":"ModelAdvance", "ph":"E", "ts":"3280568187", "pid":"1", "tid":"cice"},
{"name":"ModelAdvance", "ph":"B", "ts":"3280953240", "pid":"1", "tid":"cice"},
{"name":"ModelAdvance", "ph":"E", "ts":"3283423830", "pid":"1", "tid":"cice"},
{"name":"ModelAdvance", "ph":"B", "ts":"3283805955", "pid":"1", "tid":"cice"},
{"name":"ModelAdvance", "ph":"E", "ts":"3286274447", "pid":"1", "tid":"cice"},
{"name":"ModelAdvance", "ph":"B", "ts":"3286651747", "pid":"1", "tid":"cice"},
{"name":"ModelAdvance", "ph":"E", "ts":"3289114849", "pid":"1", "tid":"cice"},
{"name":"ModelAdvance", "ph":"B", "ts":"3289476945", "pid":"1", "tid":"cice"},
{"name":"ModelAdvance", "ph":"E", "ts":"3291973230", "pid":"1", "tid":"cice"},
{"name":"ModelAdvance", "ph":"B", "ts":"3292614438", "pid":"1", "tid":"cice"},
{"name":"ModelAdvance", "ph":"E", "ts":"3295122009", "pid":"1", "tid":"cice"},
{"name":"ModelAdvance", "ph":"B", "ts":"3295487892", "pid":"1", "tid":"cice"},
{"name":"ModelAdvance", "ph":"E", "ts":"3297986982", "pid":"1", "tid":"cice"},
{"name":"ModelAdvance", "ph":"B", "ts":"3298399418", "pid":"1", "tid":"cice"},
{"name":"ModelAdvance", "ph":"E", "ts":"3300898483", "pid":"1", "tid":"cice"},
{"name":"ModelAdvance", "ph":"B", "ts":"3301208540", "pid":"1", "tid":"cice"},
{"name":"ModelAdvance", "ph":"E", "ts":"3303716846", "pid":"1", "tid":"cice"},
{"name":"ModelAdvance", "ph":"B", "ts":"3304108015", "pid":"1", "tid":"cice"},
{"name":"ModelAdvance", "ph":"E", "ts":"3306577913", "pid":"1", "tid":"cice"},
{"name":"ModelAdvance", "ph":"B", "ts":"3306973669", "pid":"1", "tid":"cice"},
{"name":"ModelAdvance", "ph":"E", "ts":"3309463142", "pid":"1", "tid":"cice"},
{"name":"ModelAdvance", "ph":"B", "ts":"3309853510", "pid":"1", "tid":"cice"},
{"name":"ModelAdvance", "ph":"E", "ts":"3312314607", "pid":"1", "tid":"cice"},
{"name":"ModelAdvance", "ph":"B", "ts":"3312712327", "pid":"1", "tid":"cice"},
{"name":"ModelAdvance", "ph":"E", "ts":"3315179376", "pid":"1", "tid":"cice"},
{"name":"ModelAdvance", "ph":"B", "ts":"3315563331", "pid":"1", "tid":"cice"},
{"name":"ModelAdvance", "ph":"E", "ts":"3318058718", "pid":"1", "tid":"cice"},
{"name":"ModelAdvance", "ph":"B", "ts":"3318456825", "pid":"1", "tid":"cice"},
{"name":"ModelAdvance", "ph":"E", "ts":"3320910184", "pid":"1", "tid":"cice"},
{"name":"ModelAdvance", "ph":"B", "ts":"3321312802", "pid":"1", "tid":"cice"},
{"name":"ModelAdvance", "ph":"E", "ts":"3323764112", "pid":"1", "tid":"cice"},
{"name":"ModelAdvance", "ph":"B", "ts":"3324170422", "pid":"1", "tid":"cice"},
{"name":"ModelAdvance", "ph":"E", "ts":"3326626258", "pid":"1", "tid":"cice"},
{"name":"ModelAdvance", "ph":"B", "ts":"3326959735", "pid":"1", "tid":"cice"},
{"name":"ModelAdvance", "ph":"E", "ts":"3329568480", "pid":"1", "tid":"cice"},
{"name":"ModelAdvance", "ph":"B", "ts":"3332205908", "pid":"1", "tid":"cice"},
{"name":"ModelAdvance", "ph":"E", "ts":"3334731675", "pid":"1", "tid":"cice"},
{"name":"ModelAdvance", "ph":"B", "ts":"3335097668", "pid":"1", "tid":"cice"},
{"name":"ModelAdvance", "ph":"E", "ts":"3337595521", "pid":"1", "tid":"cice"},
{"name":"ModelAdvance", "ph":"B", "ts":"3337961801", "pid":"1", "tid":"cice"},
{"name":"ModelAdvance", "ph":"E", "ts":"3340523305", "pid":"1", "tid":"cice"},
{"name":"ModelAdvance", "ph":"B", "ts":"3340922393", "pid":"1", "tid":"cice"},
{"name":"ModelAdvance", "ph":"E", "ts":"3343351387", "pid":"1", "tid":"cice"},
{"name":"ModelAdvance", "ph":"B", "ts":"3343697739", "pid":"1", "tid":"cice"},
{"name":"ModelAdvance", "ph":"E", "ts":"3346192315", "pid":"1", "tid":"cice"},
{"name":"ModelAdvance", "ph":"B", "ts":"3346530385", "pid":"1", "tid":"cice"},
{"name":"ModelAdvance", "ph":"E", "ts":"3349059590", "pid":"1", "tid":"cice"},
{"name":"ModelAdvance", "ph":"B", "ts":"3349439997", "pid":"1", "tid":"cice"},
{"name":"ModelAdvance", "ph":"E", "ts":"3351861908", "pid":"1", "tid":"cice"},
{"name":"ModelAdvance", "ph":"B", "ts":"3352246200", "pid":"1", "tid":"cice"},
{"name":"ModelAdvance", "ph":"E", "ts":"3354745033", "pid":"1", "tid":"cice"},
{"name":"ModelAdvance", "ph":"B", "ts":"3355158533", "pid":"1", "tid":"cice"},
{"name":"ModelAdvance", "ph":"E", "ts":"3357608018", "pid":"1", "tid":"cice"},
{"name":"ModelAdvance", "ph":"B", "ts":"3358036848", "pid":"1", "tid":"cice"},
{"name":"ModelAdvance", "ph":"E", "ts":"3360466210", "pid":"1", "tid":"cice"},
{"name":"ModelAdvance", "ph":"B", "ts":"3360826832", "pid":"1", "tid":"cice"},
{"name":"ModelAdvance", "ph":"E", "ts":"3363304083", "pid":"1", "tid":"cice"},
{"name":"ModelAdvance", "ph":"B", "ts":"3363826778", "pid":"1", "tid":"cice"},
{"name":"ModelAdvance", "ph":"E", "ts":"3366347206", "pid":"1", "tid":"cice"},
{"name":"ModelAdvance", "ph":"B", "ts":"3366736721", "pid":"1", "tid":"cice"},
{"name":"ModelAdvance", "ph":"E", "ts":"3369233190", "pid":"1", "tid":"cice"},
{"name":"ModelAdvance", "ph":"B", "ts":"3369647041", "pid":"1", "tid":"cice"},
{"name":"ModelAdvance", "ph":"E", "ts":"3372162159", "pid":"1", "tid":"cice"},
{"name":"ModelAdvance", "ph":"B", "ts":"3372459201", "pid":"1", "tid":"cice"},
{"name":"ModelAdvance", "ph":"E", "ts":"3375015471", "pid":"1", "tid":"cice"},
{"name":"ModelAdvance", "ph":"B", "ts":"3375427101", "pid":"1", "tid":"cice"},
{"name":"ModelAdvance", "ph":"E", "ts":"3377905099", "pid":"1", "tid":"cice"},
{"name":"ModelAdvance", "ph":"B", "ts":"3378293023", "pid":"1", "tid":"cice"},
{"name":"ModelAdvance", "ph":"E", "ts":"3380741982", "pid":"1", "tid":"cice"},
{"name":"ModelAdvance", "ph":"B", "ts":"3381156586", "pid":"1", "tid":"cice"},
{"name":"ModelAdvance", "ph":"E", "ts":"3383634650", "pid":"1", "tid":"cice"},
{"name":"ModelAdvance", "ph":"B", "ts":"3384067141", "pid":"1", "tid":"cice"},
{"name":"ModelAdvance", "ph":"E", "ts":"3386504361", "pid":"1", "tid":"cice"},
{"name":"ModelAdvance", "ph":"B", "ts":"3386923964", "pid":"1", "tid":"cice"},
{"name":"ModelAdvance", "ph":"E", "ts":"3389365807", "pid":"1", "tid":"cice"},
{"name":"ModelAdvance", "ph":"B", "ts":"3389764568", "pid":"1", "tid":"cice"},
{"name":"ModelAdvance", "ph":"E", "ts":"3392231435", "pid":"1", "tid":"cice"},
{"name":"ModelAdvance", "ph":"B", "ts":"3392623776", "pid":"1", "tid":"cice"},
{"name":"ModelAdvance", "ph":"E", "ts":"3395127012", "pid":"1", "tid":"cice"},
{"name":"ModelAdvance", "ph":"B", "ts":"3395594602", "pid":"1", "tid":"cice"},
{"name":"ModelAdvance", "ph":"E", "ts":"3398050711", "pid":"1", "tid":"cice"},
{"name":"ModelAdvance", "ph":"B", "ts":"3398471670", "pid":"1", "tid":"cice"},
{"name":"ModelAdvance", "ph":"E", "ts":"3400984089", "pid":"1", "tid":"cice"},
{"name":"ModelAdvance", "ph":"B", "ts":"3403706503", "pid":"1", "tid":"cice"},
{"name":"ModelAdvance", "ph":"E", "ts":"3406223881", "pid":"1", "tid":"cice"},
{"name":"ModelAdvance", "ph":"B", "ts":"3406598043", "pid":"1", "tid":"cice"},
{"name":"ModelAdvance", "ph":"E", "ts":"3409129137", "pid":"1", "tid":"cice"},
{"name":"ModelAdvance", "ph":"B", "ts":"3409516488", "pid":"1", "tid":"cice"},
{"name":"ModelAdvance", "ph":"E", "ts":"3411990866", "pid":"1", "tid":"cice"},
{"name":"ModelAdvance", "ph":"B", "ts":"3412440418", "pid":"1", "tid":"cice"},
{"name":"ModelAdvance", "ph":"E", "ts":"3414853260", "pid":"1", "tid":"cice"},
{"name":"ModelAdvance", "ph":"B", "ts":"3415283850", "pid":"1", "tid":"cice"},
{"name":"ModelAdvance", "ph":"E", "ts":"3417719057", "pid":"1", "tid":"cice"},
{"name":"ModelAdvance", "ph":"B", "ts":"3418160463", "pid":"1", "tid":"cice"},
{"name":"ModelAdvance", "ph":"E", "ts":"3420556220", "pid":"1", "tid":"cice"},
{"name":"ModelAdvance", "ph":"B", "ts":"3420956865", "pid":"1", "tid":"cice"},
{"name":"ModelAdvance", "ph":"E", "ts":"3423406032", "pid":"1", "tid":"cice"},
{"name":"ModelAdvance", "ph":"B", "ts":"3423821895", "pid":"1", "tid":"cice"},
{"name":"ModelAdvance", "ph":"E", "ts":"3426235180", "pid":"1", "tid":"cice"},
{"name":"ModelAdvance", "ph":"B", "ts":"3426642196", "pid":"1", "tid":"cice"},
{"name":"ModelAdvance", "ph":"E", "ts":"3429160666", "pid":"1", "tid":"cice"},
{"name":"ModelAdvance", "ph":"B", "ts":"3429595019", "pid":"1", "tid":"cice"},
{"name":"ModelAdvance", "ph":"E", "ts":"3432071855", "pid":"1", "tid":"cice"},
{"name":"ModelAdvance", "ph":"B", "ts":"3432465887", "pid":"1", "tid":"cice"},
{"name":"ModelAdvance", "ph":"E", "ts":"3434974712", "pid":"1", "tid":"cice"},
{"name":"ModelAdvance", "ph":"B", "ts":"3435451750", "pid":"1", "tid":"cice"},
{"name":"ModelAdvance", "ph":"E", "ts":"3437912504", "pid":"1", "tid":"cice"},
{"name":"ModelAdvance", "ph":"B", "ts":"3438296912", "pid":"1", "tid":"cice"},
{"name":"ModelAdvance", "ph":"E", "ts":"3440805087", "pid":"1", "tid":"cice"},
{"name":"ModelAdvance", "ph":"B", "ts":"3441199849", "pid":"1", "tid":"cice"},
{"name":"ModelAdvance", "ph":"E", "ts":"3443737014", "pid":"1", "tid":"cice"},
{"name":"ModelAdvance", "ph":"B", "ts":"3444116911", "pid":"1", "tid":"cice"},
{"name":"ModelAdvance", "ph":"E", "ts":"3446579671", "pid":"1", "tid":"cice"},
{"name":"ModelAdvance", "ph":"B", "ts":"3446974806", "pid":"1", "tid":"cice"},
{"name":"ModelAdvance", "ph":"E", "ts":"3449485136", "pid":"1", "tid":"cice"},
{"name":"ModelAdvance", "ph":"B", "ts":"3449898184", "pid":"1", "tid":"cice"},
{"name":"ModelAdvance", "ph":"E", "ts":"3452366876", "pid":"1", "tid":"cice"},
{"name":"ModelAdvance", "ph":"B", "ts":"3452803899", "pid":"1", "tid":"cice"},
{"name":"ModelAdvance", "ph":"E", "ts":"3455231030", "pid":"1", "tid":"cice"},
{"name":"ModelAdvance", "ph":"B", "ts":"3455640560", "pid":"1", "tid":"cice"},
{"name":"ModelAdvance", "ph":"E", "ts":"3458097460", "pid":"1", "tid":"cice"},
{"name":"ModelAdvance", "ph":"B", "ts":"3458580751", "pid":"1", "tid":"cice"},
{"name":"ModelAdvance", "ph":"E", "ts":"3460992594", "pid":"1", "tid":"cice"},
{"name":"ModelAdvance", "ph":"B", "ts":"3461432694", "pid":"1", "tid":"cice"},
{"name":"ModelAdvance", "ph":"E", "ts":"3463876586", "pid":"1", "tid":"cice"},
{"name":"ModelAdvance", "ph":"B", "ts":"3464316044", "pid":"1", "tid":"cice"},
{"name":"ModelAdvance", "ph":"E", "ts":"3466781170", "pid":"1", "tid":"cice"},
{"name":"ModelAdvance", "ph":"B", "ts":"3467151666", "pid":"1", "tid":"cice"},
{"name":"ModelAdvance", "ph":"E", "ts":"3471781426", "pid":"1", "tid":"cice"},
{"name":"ModelAdvance", "ph":"B", "ts":"3474032466", "pid":"1", "tid":"cice"},
{"name":"ModelAdvance", "ph":"E", "ts":"3476835386", "pid":"1", "tid":"cice"},
{"name":"ModelAdvance", "ph":"B", "ts":"3480786425", "pid":"1", "tid":"cice"},
{"name":"ModelAdvance", "ph":"E", "ts":"3483233465", "pid":"1", "tid":"cice"},
{"name":"ModelAdvance", "ph":"B", "ts":"3483831226", "pid":"1", "tid":"cice"},
{"name":"ModelAdvance", "ph":"E", "ts":"3486450037", "pid":"1", "tid":"cice"},
{"name":"ModelAdvance", "ph":"B", "ts":"3486889148", "pid":"1", "tid":"cice"},
{"name":"ModelAdvance", "ph":"E", "ts":"3489390352", "pid":"1", "tid":"cice"},
{"name":"ModelAdvance", "ph":"B", "ts":"3489851837", "pid":"1", "tid":"cice"},
{"name":"ModelAdvance", "ph":"E", "ts":"3492231032", "pid":"1", "tid":"cice"},
{"name":"ModelAdvance", "ph":"B", "ts":"3492630413", "pid":"1", "tid":"cice"},
{"name":"ModelAdvance", "ph":"E", "ts":"3495053014", "pid":"1", "tid":"cice"},
{"name":"ModelAdvance", "ph":"B", "ts":"3495400058", "pid":"1", "tid":"cice"},
{"name":"ModelAdvance", "ph":"E", "ts":"3497863944", "pid":"1", "tid":"cice"},
{"name":"ModelAdvance", "ph":"B", "ts":"3498262024", "pid":"1", "tid":"cice"},
{"name":"ModelAdvance", "ph":"E", "ts":"3500722409", "pid":"1", "tid":"cice"},
{"name":"ModelAdvance", "ph":"B", "ts":"3501154017", "pid":"1", "tid":"cice"},
{"name":"ModelAdvance", "ph":"E", "ts":"3503630555", "pid":"1", "tid":"cice"},
{"name":"ModelAdvance", "ph":"B", "ts":"3504058733", "pid":"1", "tid":"cice"},
{"name":"ModelAdvance", "ph":"E", "ts":"3506580042", "pid":"1", "tid":"cice"},
{"name":"ModelAdvance", "ph":"B", "ts":"3506988324", "pid":"1", "tid":"cice"},
{"name":"ModelAdvance", "ph":"E", "ts":"3509458956", "pid":"1", "tid":"cice"},
{"name":"ModelAdvance", "ph":"B", "ts":"3509878451", "pid":"1", "tid":"cice"},
{"name":"ModelAdvance", "ph":"E", "ts":"3512334065", "pid":"1", "tid":"cice"},
{"name":"ModelAdvance", "ph":"B", "ts":"3512795036", "pid":"1", "tid":"cice"},
{"name":"ModelAdvance", "ph":"E", "ts":"3515298961", "pid":"1", "tid":"cice"},
{"name":"ModelAdvance", "ph":"B", "ts":"3515700619", "pid":"1", "tid":"cice"},
{"name":"ModelAdvance", "ph":"E", "ts":"3518186638", "pid":"1", "tid":"cice"},
{"name":"ModelAdvance", "ph":"B", "ts":"3518637309", "pid":"1", "tid":"cice"},
{"name":"ModelAdvance", "ph":"E", "ts":"3521164840", "pid":"1", "tid":"cice"},
{"name":"ModelAdvance", "ph":"B", "ts":"3521517067", "pid":"1", "tid":"cice"},
{"name":"ModelAdvance", "ph":"E", "ts":"3524015507", "pid":"1", "tid":"cice"},
{"name":"ModelAdvance", "ph":"B", "ts":"3524463705", "pid":"1", "tid":"cice"},
{"name":"ModelAdvance", "ph":"E", "ts":"3526952618", "pid":"1", "tid":"cice"},
{"name":"ModelAdvance", "ph":"B", "ts":"3527380878", "pid":"1", "tid":"cice"},
{"name":"ModelAdvance", "ph":"E", "ts":"3529852302", "pid":"1", "tid":"cice"},
{"name":"ModelAdvance", "ph":"B", "ts":"3530253692", "pid":"1", "tid":"cice"},
{"name":"ModelAdvance", "ph":"E", "ts":"3532727101", "pid":"1", "tid":"cice"},
{"name":"ModelAdvance", "ph":"B", "ts":"3533135070", "pid":"1", "tid":"cice"},
{"name":"ModelAdvance", "ph":"E", "ts":"3535622400", "pid":"1", "tid":"cice"},
{"name":"ModelAdvance", "ph":"B", "ts":"3536076305", "pid":"1", "tid":"cice"},
{"name":"ModelAdvance", "ph":"E", "ts":"3538541183", "pid":"1", "tid":"cice"},
{"name":"ModelAdvance", "ph":"B", "ts":"3538975001", "pid":"1", "tid":"cice"},
{"name":"ModelAdvance", "ph":"E", "ts":"3541430684", "pid":"1", "tid":"cice"},
{"name":"ModelAdvance", "ph":"B", "ts":"3541882818", "pid":"1", "tid":"cice"},
{"name":"ModelAdvance", "ph":"E", "ts":"3544325799", "pid":"1", "tid":"cice"},
{"name":"ModelAdvance", "ph":"B", "ts":"3544714941", "pid":"1", "tid":"cice"},
{"name":"ModelAdvance", "ph":"E", "ts":"3547202288", "pid":"1", "tid":"cice"},
{"name":"ModelAdvance", "ph":"B", "ts":"3547649158", "pid":"1", "tid":"cice"},
{"name":"ModelAdvance", "ph":"E", "ts":"3550376400", "pid":"1", "tid":"cice"},
{"name":"ModelAdvance", "ph":"B", "ts":"3553584311", "pid":"1", "tid":"cice"},
{"name":"ModelAdvance", "ph":"E", "ts":"3556112526", "pid":"1", "tid":"cice"},
{"name":"ModelAdvance", "ph":"B", "ts":"3556396213", "pid":"1", "tid":"cice"},
{"name":"ModelAdvance", "ph":"E", "ts":"3559001536", "pid":"1", "tid":"cice"},
{"name":"ModelAdvance", "ph":"B", "ts":"3559452574", "pid":"1", "tid":"cice"},
{"name":"ModelAdvance", "ph":"E", "ts":"3561996130", "pid":"1", "tid":"cice"},
{"name":"ModelAdvance", "ph":"B", "ts":"3562413242", "pid":"1", "tid":"cice"},
{"name":"ModelAdvance", "ph":"E", "ts":"3564890427", "pid":"1", "tid":"cice"},
{"name":"ModelAdvance", "ph":"B", "ts":"3565322848", "pid":"1", "tid":"cice"},
{"name":"ModelAdvance", "ph":"E", "ts":"3567738374", "pid":"1", "tid":"cice"},
{"name":"ModelAdvance", "ph":"B", "ts":"3568118706", "pid":"1", "tid":"cice"},
{"name":"ModelAdvance", "ph":"E", "ts":"3570551907", "pid":"1", "tid":"cice"},
{"name":"ModelAdvance", "ph":"B", "ts":"3570943559", "pid":"1", "tid":"cice"},
{"name":"ModelAdvance", "ph":"E", "ts":"3573359538", "pid":"1", "tid":"cice"},
{"name":"ModelAdvance", "ph":"B", "ts":"3573824067", "pid":"1", "tid":"cice"},
{"name":"ModelAdvance", "ph":"E", "ts":"3576262388", "pid":"1", "tid":"cice"},
{"name":"ModelAdvance", "ph":"B", "ts":"3576652879", "pid":"1", "tid":"cice"},
{"name":"ModelAdvance", "ph":"E", "ts":"3579136474", "pid":"1", "tid":"cice"},
{"name":"ModelAdvance", "ph":"B", "ts":"3579578408", "pid":"1", "tid":"cice"},
{"name":"ModelAdvance", "ph":"E", "ts":"3582032270", "pid":"1", "tid":"cice"},
{"name":"ModelAdvance", "ph":"B", "ts":"3582476525", "pid":"1", "tid":"cice"},
{"name":"ModelAdvance", "ph":"E", "ts":"3584911269", "pid":"1", "tid":"cice"},
{"name":"ModelAdvance", "ph":"B", "ts":"3585363682", "pid":"1", "tid":"cice"},
{"name":"ModelAdvance", "ph":"E", "ts":"3587874077", "pid":"1", "tid":"cice"},
{"name":"ModelAdvance", "ph":"B", "ts":"3588277736", "pid":"1", "tid":"cice"},
{"name":"ModelAdvance", "ph":"E", "ts":"3590782001", "pid":"1", "tid":"cice"},
{"name":"ModelAdvance", "ph":"B", "ts":"3591215131", "pid":"1", "tid":"cice"},
{"name":"ModelAdvance", "ph":"E", "ts":"3593710926", "pid":"1", "tid":"cice"},
{"name":"ModelAdvance", "ph":"B", "ts":"3594135664", "pid":"1", "tid":"cice"},
{"name":"ModelAdvance", "ph":"E", "ts":"3596611382", "pid":"1", "tid":"cice"},
{"name":"ModelAdvance", "ph":"B", "ts":"3597065988", "pid":"1", "tid":"cice"},
{"name":"ModelAdvance", "ph":"E", "ts":"3599520610", "pid":"1", "tid":"cice"},
{"name":"ModelAdvance", "ph":"B", "ts":"3599964595", "pid":"1", "tid":"cice"},
{"name":"ModelAdvance", "ph":"E", "ts":"3602437904", "pid":"1", "tid":"cice"},
{"name":"ModelAdvance", "ph":"B", "ts":"3602889708", "pid":"1", "tid":"cice"},
{"name":"ModelAdvance", "ph":"E", "ts":"3605328192", "pid":"1", "tid":"cice"},
{"name":"ModelAdvance", "ph":"B", "ts":"3605787293", "pid":"1", "tid":"cice"},
{"name":"ModelAdvance", "ph":"E", "ts":"3608267991", "pid":"1", "tid":"cice"},
{"name":"ModelAdvance", "ph":"B", "ts":"3608697618", "pid":"1", "tid":"cice"},
{"name":"ModelAdvance", "ph":"E", "ts":"3611153925", "pid":"1", "tid":"cice"},
{"name":"ModelAdvance", "ph":"B", "ts":"3611595704", "pid":"1", "tid":"cice"},
{"name":"ModelAdvance", "ph":"E", "ts":"3614034458", "pid":"1", "tid":"cice"},
{"name":"ModelAdvance", "ph":"B", "ts":"3614443027", "pid":"1", "tid":"cice"},
{"name":"ModelAdvance", "ph":"E", "ts":"3616928691", "pid":"1", "tid":"cice"},
{"name":"ModelAdvance", "ph":"B", "ts":"3617368428", "pid":"1", "tid":"cice"},
{"name":"ModelAdvance", "ph":"E", "ts":"3619816850", "pid":"1", "tid":"cice"},
{"name":"ModelAdvance", "ph":"B", "ts":"3620285243", "pid":"1", "tid":"cice"},
{"name":"ModelAdvance", "ph":"E", "ts":"3623038354", "pid":"1", "tid":"cice"},
{"name":"ModelAdvance", "ph":"B", "ts":"3626421216", "pid":"1", "tid":"cice"},
{"name":"ModelAdvance", "ph":"E", "ts":"3628919200", "pid":"1", "tid":"cice"},
{"name":"ModelAdvance", "ph":"B", "ts":"3629243224", "pid":"1", "tid":"cice"},
{"name":"ModelAdvance", "ph":"E", "ts":"3631804884", "pid":"1", "tid":"cice"},
{"name":"ModelAdvance", "ph":"B", "ts":"3632233466", "pid":"1", "tid":"cice"},
{"name":"ModelAdvance", "ph":"E", "ts":"3634795084", "pid":"1", "tid":"cice"},
{"name":"ModelAdvance", "ph":"B", "ts":"3635240083", "pid":"1", "tid":"cice"},
{"name":"ModelAdvance", "ph":"E", "ts":"3637658066", "pid":"1", "tid":"cice"},
{"name":"ModelAdvance", "ph":"B", "ts":"3638080544", "pid":"1", "tid":"cice"},
{"name":"ModelAdvance", "ph":"E", "ts":"3640515756", "pid":"1", "tid":"cice"},
{"name":"ModelAdvance", "ph":"B", "ts":"3640944946", "pid":"1", "tid":"cice"},
{"name":"ModelAdvance", "ph":"E", "ts":"3643383394", "pid":"1", "tid":"cice"},
{"name":"ModelAdvance", "ph":"B", "ts":"3643831406", "pid":"1", "tid":"cice"},
{"name":"ModelAdvance", "ph":"E", "ts":"3646236184", "pid":"1", "tid":"cice"},
{"name":"ModelAdvance", "ph":"B", "ts":"3646652621", "pid":"1", "tid":"cice"},
{"name":"ModelAdvance", "ph":"E", "ts":"3649113317", "pid":"1", "tid":"cice"},
{"name":"ModelAdvance", "ph":"B", "ts":"3649559057", "pid":"1", "tid":"cice"},
{"name":"ModelAdvance", "ph":"E", "ts":"3652008238", "pid":"1", "tid":"cice"},
{"name":"ModelAdvance", "ph":"B", "ts":"3652458663", "pid":"1", "tid":"cice"},
{"name":"ModelAdvance", "ph":"E", "ts":"3654878734", "pid":"1", "tid":"cice"},
{"name":"ModelAdvance", "ph":"B", "ts":"3655385719", "pid":"1", "tid":"cice"},
{"name":"ModelAdvance", "ph":"E", "ts":"3657799261", "pid":"1", "tid":"cice"},
{"name":"ModelAdvance", "ph":"B", "ts":"3658329682", "pid":"1", "tid":"cice"},
{"name":"ModelAdvance", "ph":"E", "ts":"3660790702", "pid":"1", "tid":"cice"},
{"name":"ModelAdvance", "ph":"B", "ts":"3661241853", "pid":"1", "tid":"cice"},
{"name":"ModelAdvance", "ph":"E", "ts":"3663676343", "pid":"1", "tid":"cice"},
{"name":"ModelAdvance", "ph":"B", "ts":"3664075075", "pid":"1", "tid":"cice"},
{"name":"ModelAdvance", "ph":"E", "ts":"3666609246", "pid":"1", "tid":"cice"},
{"name":"ModelAdvance", "ph":"B", "ts":"3667017368", "pid":"1", "tid":"cice"},
{"name":"ModelAdvance", "ph":"E", "ts":"3669480628", "pid":"1", "tid":"cice"},
{"name":"ModelAdvance", "ph":"B", "ts":"3669922065", "pid":"1", "tid":"cice"},
{"name":"ModelAdvance", "ph":"E", "ts":"3672385598", "pid":"1", "tid":"cice"},
{"name":"ModelAdvance", "ph":"B", "ts":"3672792573", "pid":"1", "tid":"cice"},
{"name":"ModelAdvance", "ph":"E", "ts":"3675249196", "pid":"1", "tid":"cice"},
{"name":"ModelAdvance", "ph":"B", "ts":"3675696191", "pid":"1", "tid":"cice"},
{"name":"ModelAdvance", "ph":"E", "ts":"3678092295", "pid":"1", "tid":"cice"},
{"name":"ModelAdvance", "ph":"B", "ts":"3678534426", "pid":"1", "tid":"cice"},
{"name":"ModelAdvance", "ph":"E", "ts":"3680930971", "pid":"1", "tid":"cice"},
{"name":"ModelAdvance", "ph":"B", "ts":"3681363190", "pid":"1", "tid":"cice"},
{"name":"ModelAdvance", "ph":"E", "ts":"3683770283", "pid":"1", "tid":"cice"},
{"name":"ModelAdvance", "ph":"B", "ts":"3684216326", "pid":"1", "tid":"cice"},
{"name":"ModelAdvance", "ph":"E", "ts":"3686646956", "pid":"1", "tid":"cice"},
{"name":"ModelAdvance", "ph":"B", "ts":"3687087235", "pid":"1", "tid":"cice"},
{"name":"ModelAdvance", "ph":"E", "ts":"3689497379", "pid":"1", "tid":"cice"},
{"name":"ModelAdvance", "ph":"B", "ts":"3689953188", "pid":"1", "tid":"cice"},
{"name":"ModelAdvance", "ph":"E", "ts":"3697554617", "pid":"1", "tid":"cice"},
{"name":"ModelAdvance", "ph":"B", "ts":"3710174924", "pid":"1", "tid":"cice"},
{"name":"ModelAdvance", "ph":"E", "ts":"3712681338", "pid":"1", "tid":"cice"},
{"name":"ModelAdvance", "ph":"B", "ts":"3715373677", "pid":"1", "tid":"cice"},
{"name":"ModelAdvance", "ph":"E", "ts":"3717897826", "pid":"1", "tid":"cice"},
{"name":"ModelAdvance", "ph":"B", "ts":"3718328161", "pid":"1", "tid":"cice"},
{"name":"ModelAdvance", "ph":"E", "ts":"3720838748", "pid":"1", "tid":"cice"},
{"name":"ModelAdvance", "ph":"B", "ts":"3721281990", "pid":"1", "tid":"cice"},
{"name":"ModelAdvance", "ph":"E", "ts":"3723749010", "pid":"1", "tid":"cice"},
{"name":"ModelAdvance", "ph":"B", "ts":"3724136020", "pid":"1", "tid":"cice"},
{"name":"ModelAdvance", "ph":"E", "ts":"3726675538", "pid":"1", "tid":"cice"},
{"name":"ModelAdvance", "ph":"B", "ts":"3727086764", "pid":"1", "tid":"cice"},
{"name":"ModelAdvance", "ph":"E", "ts":"3729556700", "pid":"1", "tid":"cice"},
{"name":"ModelAdvance", "ph":"B", "ts":"3729992885", "pid":"1", "tid":"cice"},
{"name":"ModelAdvance", "ph":"E", "ts":"3732370414", "pid":"1", "tid":"cice"},
{"name":"ModelAdvance", "ph":"B", "ts":"3732800224", "pid":"1", "tid":"cice"},
{"name":"ModelAdvance", "ph":"E", "ts":"3735206389", "pid":"1", "tid":"cice"},
{"name":"ModelAdvance", "ph":"B", "ts":"3735614666", "pid":"1", "tid":"cice"},
{"name":"ModelAdvance", "ph":"E", "ts":"3738079882", "pid":"1", "tid":"cice"},
{"name":"ModelAdvance", "ph":"B", "ts":"3738543930", "pid":"1", "tid":"cice"},
{"name":"ModelAdvance", "ph":"E", "ts":"3740985309", "pid":"1", "tid":"cice"},
{"name":"ModelAdvance", "ph":"B", "ts":"3741431788", "pid":"1", "tid":"cice"},
{"name":"ModelAdvance", "ph":"E", "ts":"3743950129", "pid":"1", "tid":"cice"},
{"name":"ModelAdvance", "ph":"B", "ts":"3744438368", "pid":"1", "tid":"cice"},
{"name":"ModelAdvance", "ph":"E", "ts":"3746888773", "pid":"1", "tid":"cice"},
{"name":"ModelAdvance", "ph":"B", "ts":"3747357363", "pid":"1", "tid":"cice"},
{"name":"ModelAdvance", "ph":"E", "ts":"3749881288", "pid":"1", "tid":"cice"},
{"name":"ModelAdvance", "ph":"B", "ts":"3750265740", "pid":"1", "tid":"cice"},
{"name":"ModelAdvance", "ph":"E", "ts":"3752766543", "pid":"1", "tid":"cice"},
{"name":"ModelAdvance", "ph":"B", "ts":"3753211069", "pid":"1", "tid":"cice"},
{"name":"ModelAdvance", "ph":"E", "ts":"3755703585", "pid":"1", "tid":"cice"},
{"name":"ModelAdvance", "ph":"B", "ts":"3756062940", "pid":"1", "tid":"cice"},
{"name":"ModelAdvance", "ph":"E", "ts":"3758579499", "pid":"1", "tid":"cice"},
{"name":"ModelAdvance", "ph":"B", "ts":"3758987785", "pid":"1", "tid":"cice"},
{"name":"ModelAdvance", "ph":"E", "ts":"3761495486", "pid":"1", "tid":"cice"},
{"name":"ModelAdvance", "ph":"B", "ts":"3761941557", "pid":"1", "tid":"cice"},
{"name":"ModelAdvance", "ph":"E", "ts":"3764422487", "pid":"1", "tid":"cice"},
{"name":"ModelAdvance", "ph":"B", "ts":"3764884336", "pid":"1", "tid":"cice"},
{"name":"ModelAdvance", "ph":"E", "ts":"3767294360", "pid":"1", "tid":"cice"},
{"name":"ModelAdvance", "ph":"B", "ts":"3767767585", "pid":"1", "tid":"cice"},
{"name":"ModelAdvance", "ph":"E", "ts":"3770203870", "pid":"1", "tid":"cice"},
{"name":"ModelAdvance", "ph":"B", "ts":"3770667346", "pid":"1", "tid":"cice"},
{"name":"ModelAdvance", "ph":"E", "ts":"3773106539", "pid":"1", "tid":"cice"},
{"name":"ModelAdvance", "ph":"B", "ts":"3773569758", "pid":"1", "tid":"cice"},
{"name":"ModelAdvance", "ph":"E", "ts":"3776047156", "pid":"1", "tid":"cice"},
{"name":"ModelAdvance", "ph":"B", "ts":"3776516868", "pid":"1", "tid":"cice"},
{"name":"ModelAdvance", "ph":"E", "ts":"3778983608", "pid":"1", "tid":"cice"},
{"name":"ModelAdvance", "ph":"B", "ts":"3779437091", "pid":"1", "tid":"cice"},
{"name":"ModelAdvance", "ph":"E", "ts":"3781875715", "pid":"1", "tid":"cice"},
{"name":"ModelAdvance", "ph":"B", "ts":"3782349313", "pid":"1", "tid":"cice"},
{"name":"ModelAdvance", "ph":"E", "ts":"3785053712", "pid":"1", "tid":"cice"},
{"name":"ModelAdvance", "ph":"B", "ts":"3789132313", "pid":"1", "tid":"cice"},
{"name":"ModelAdvance", "ph":"E", "ts":"3791583116", "pid":"1", "tid":"cice"},
{"name":"ModelAdvance", "ph":"B", "ts":"3791964564", "pid":"1", "tid":"cice"},
{"name":"ModelAdvance", "ph":"E", "ts":"3794589145", "pid":"1", "tid":"cice"},
{"name":"ModelAdvance", "ph":"B", "ts":"3795049013", "pid":"1", "tid":"cice"},
{"name":"ModelAdvance", "ph":"E", "ts":"3797530484", "pid":"1", "tid":"cice"},
{"name":"ModelAdvance", "ph":"B", "ts":"3798014504", "pid":"1", "tid":"cice"},
{"name":"ModelAdvance", "ph":"E", "ts":"3800410572", "pid":"1", "tid":"cice"},
{"name":"ModelAdvance", "ph":"B", "ts":"3800820094", "pid":"1", "tid":"cice"},
{"name":"ModelAdvance", "ph":"E", "ts":"3803253588", "pid":"1", "tid":"cice"},
{"name":"ModelAdvance", "ph":"B", "ts":"3803706489", "pid":"1", "tid":"cice"},
{"name":"ModelAdvance", "ph":"E", "ts":"3806110311", "pid":"1", "tid":"cice"},
{"name":"ModelAdvance", "ph":"B", "ts":"3806509116", "pid":"1", "tid":"cice"},
{"name":"ModelAdvance", "ph":"E", "ts":"3808961652", "pid":"1", "tid":"cice"},
{"name":"ModelAdvance", "ph":"B", "ts":"3809439500", "pid":"1", "tid":"cice"},
{"name":"ModelAdvance", "ph":"E", "ts":"3811853089", "pid":"1", "tid":"cice"},
{"name":"ModelAdvance", "ph":"B", "ts":"3812336252", "pid":"1", "tid":"cice"},
{"name":"ModelAdvance", "ph":"E", "ts":"3814777131", "pid":"1", "tid":"cice"},
{"name":"ModelAdvance", "ph":"B", "ts":"3815232162", "pid":"1", "tid":"cice"},
{"name":"ModelAdvance", "ph":"E", "ts":"3817666274", "pid":"1", "tid":"cice"},
{"name":"ModelAdvance", "ph":"B", "ts":"3818110425", "pid":"1", "tid":"cice"},
{"name":"ModelAdvance", "ph":"E", "ts":"3820558024", "pid":"1", "tid":"cice"},
{"name":"ModelAdvance", "ph":"B", "ts":"3821061493", "pid":"1", "tid":"cice"},
{"name":"ModelAdvance", "ph":"E", "ts":"3823552889", "pid":"1", "tid":"cice"},
{"name":"ModelAdvance", "ph":"B", "ts":"3823990426", "pid":"1", "tid":"cice"},
{"name":"ModelAdvance", "ph":"E", "ts":"3826456204", "pid":"1", "tid":"cice"},
{"name":"ModelAdvance", "ph":"B", "ts":"3826881375", "pid":"1", "tid":"cice"},
{"name":"ModelAdvance", "ph":"E", "ts":"3829412762", "pid":"1", "tid":"cice"},
{"name":"ModelAdvance", "ph":"B", "ts":"3829809419", "pid":"1", "tid":"cice"},
{"name":"ModelAdvance", "ph":"E", "ts":"3832270380", "pid":"1", "tid":"cice"},
{"name":"ModelAdvance", "ph":"B", "ts":"3832731987", "pid":"1", "tid":"cice"},
{"name":"ModelAdvance", "ph":"E", "ts":"3835202248", "pid":"1", "tid":"cice"},
{"name":"ModelAdvance", "ph":"B", "ts":"3835571574", "pid":"1", "tid":"cice"},
{"name":"ModelAdvance", "ph":"E", "ts":"3838087336", "pid":"1", "tid":"cice"},
{"name":"ModelAdvance", "ph":"B", "ts":"3838586793", "pid":"1", "tid":"cice"},
{"name":"ModelAdvance", "ph":"E", "ts":"3840983843", "pid":"1", "tid":"cice"},
{"name":"ModelAdvance", "ph":"B", "ts":"3841472802", "pid":"1", "tid":"cice"},
{"name":"ModelAdvance", "ph":"E", "ts":"3843918532", "pid":"1", "tid":"cice"},
{"name":"ModelAdvance", "ph":"B", "ts":"3844341690", "pid":"1", "tid":"cice"},
{"name":"ModelAdvance", "ph":"E", "ts":"3846830290", "pid":"1", "tid":"cice"},
{"name":"ModelAdvance", "ph":"B", "ts":"3847284772", "pid":"1", "tid":"cice"},
{"name":"ModelAdvance", "ph":"E", "ts":"3849699935", "pid":"1", "tid":"cice"},
{"name":"ModelAdvance", "ph":"B", "ts":"3850143168", "pid":"1", "tid":"cice"},
{"name":"ModelAdvance", "ph":"E", "ts":"3852606332", "pid":"1", "tid":"cice"},
{"name":"ModelAdvance", "ph":"B", "ts":"3853067200", "pid":"1", "tid":"cice"},
{"name":"ModelAdvance", "ph":"E", "ts":"3855516303", "pid":"1", "tid":"cice"},
{"name":"ModelAdvance", "ph":"B", "ts":"3856005552", "pid":"1", "tid":"cice"},
{"name":"ModelAdvance", "ph":"E", "ts":"3858697997", "pid":"1", "tid":"cice"},
{"name":"ModelAdvance", "ph":"B", "ts":"3862300403", "pid":"1", "tid":"cice"},
{"name":"ModelAdvance", "ph":"E", "ts":"3864736495", "pid":"1", "tid":"cice"},
{"name":"ModelAdvance", "ph":"B", "ts":"3865140475", "pid":"1", "tid":"cice"},
{"name":"ModelAdvance", "ph":"E", "ts":"3867714799", "pid":"1", "tid":"cice"},
{"name":"ModelAdvance", "ph":"B", "ts":"3868204526", "pid":"1", "tid":"cice"},
{"name":"ModelAdvance", "ph":"E", "ts":"3870641503", "pid":"1", "tid":"cice"},
{"name":"ModelAdvance", "ph":"B", "ts":"3871067386", "pid":"1", "tid":"cice"},
{"name":"ModelAdvance", "ph":"E", "ts":"3873569854", "pid":"1", "tid":"cice"},
{"name":"ModelAdvance", "ph":"B", "ts":"3874021839", "pid":"1", "tid":"cice"},
{"name":"ModelAdvance", "ph":"E", "ts":"3876406115", "pid":"1", "tid":"cice"},
{"name":"ModelAdvance", "ph":"B", "ts":"3876798038", "pid":"1", "tid":"cice"},
{"name":"ModelAdvance", "ph":"E", "ts":"3879274950", "pid":"1", "tid":"cice"},
{"name":"ModelAdvance", "ph":"B", "ts":"3879758373", "pid":"1", "tid":"cice"},
{"name":"ModelAdvance", "ph":"E", "ts":"3882117221", "pid":"1", "tid":"cice"},
{"name":"ModelAdvance", "ph":"B", "ts":"3882618619", "pid":"1", "tid":"cice"},
{"name":"ModelAdvance", "ph":"E", "ts":"3885052790", "pid":"1", "tid":"cice"},
{"name":"ModelAdvance", "ph":"B", "ts":"3885518383", "pid":"1", "tid":"cice"},
{"name":"ModelAdvance", "ph":"E", "ts":"3887970906", "pid":"1", "tid":"cice"},
{"name":"ModelAdvance", "ph":"B", "ts":"3888422049", "pid":"1", "tid":"cice"},
{"name":"ModelAdvance", "ph":"E", "ts":"3890877226", "pid":"1", "tid":"cice"},
{"name":"ModelAdvance", "ph":"B", "ts":"3891314120", "pid":"1", "tid":"cice"},
{"name":"ModelAdvance", "ph":"E", "ts":"3893755148", "pid":"1", "tid":"cice"},
{"name":"ModelAdvance", "ph":"B", "ts":"3894237970", "pid":"1", "tid":"cice"},
{"name":"ModelAdvance", "ph":"E", "ts":"3896722289", "pid":"1", "tid":"cice"},
{"name":"ModelAdvance", "ph":"B", "ts":"3897170525", "pid":"1", "tid":"cice"},
{"name":"ModelAdvance", "ph":"E", "ts":"3899638814", "pid":"1", "tid":"cice"},
{"name":"ModelAdvance", "ph":"B", "ts":"3900089749", "pid":"1", "tid":"cice"},
{"name":"ModelAdvance", "ph":"E", "ts":"3902639311", "pid":"1", "tid":"cice"},
{"name":"ModelAdvance", "ph":"B", "ts":"3902999753", "pid":"1", "tid":"cice"},
{"name":"ModelAdvance", "ph":"E", "ts":"3905470638", "pid":"1", "tid":"cice"},
{"name":"ModelAdvance", "ph":"B", "ts":"3905975700", "pid":"1", "tid":"cice"},
{"name":"ModelAdvance", "ph":"E", "ts":"3908408626", "pid":"1", "tid":"cice"},
{"name":"ModelAdvance", "ph":"B", "ts":"3908872986", "pid":"1", "tid":"cice"},
{"name":"ModelAdvance", "ph":"E", "ts":"3911288080", "pid":"1", "tid":"cice"},
{"name":"ModelAdvance", "ph":"B", "ts":"3911753792", "pid":"1", "tid":"cice"},
{"name":"ModelAdvance", "ph":"E", "ts":"3914112866", "pid":"1", "tid":"cice"},
{"name":"ModelAdvance", "ph":"B", "ts":"3914565403", "pid":"1", "tid":"cice"},
{"name":"ModelAdvance", "ph":"E", "ts":"3916952389", "pid":"1", "tid":"cice"},
{"name":"ModelAdvance", "ph":"B", "ts":"3917381324", "pid":"1", "tid":"cice"},
{"name":"ModelAdvance", "ph":"E", "ts":"3919818894", "pid":"1", "tid":"cice"},
{"name":"ModelAdvance", "ph":"B", "ts":"3920250538", "pid":"1", "tid":"cice"},
{"name":"ModelAdvance", "ph":"E", "ts":"3922666697", "pid":"1", "tid":"cice"},
{"name":"ModelAdvance", "ph":"B", "ts":"3923098024", "pid":"1", "tid":"cice"},
{"name":"ModelAdvance", "ph":"E", "ts":"3925480476", "pid":"1", "tid":"cice"},
{"name":"ModelAdvance", "ph":"B", "ts":"3925912587", "pid":"1", "tid":"cice"},
{"name":"ModelAdvance", "ph":"E", "ts":"3934401137", "pid":"1", "tid":"cice"},
{"name":"ModelAdvance", "ph":"B", "ts":"3944693865", "pid":"1", "tid":"cice"},
{"name":"ModelAdvance", "ph":"E", "ts":"3947158560", "pid":"1", "tid":"cice"},
{"name":"ModelAdvance", "ph":"B", "ts":"3949768289", "pid":"1", "tid":"cice"},
{"name":"ModelAdvance", "ph":"E", "ts":"3952219835", "pid":"1", "tid":"cice"},
{"name":"ModelAdvance", "ph":"B", "ts":"3952632039", "pid":"1", "tid":"cice"},
{"name":"ModelAdvance", "ph":"E", "ts":"3955111992", "pid":"1", "tid":"cice"},
{"name":"ModelAdvance", "ph":"B", "ts":"3955528230", "pid":"1", "tid":"cice"},
{"name":"ModelAdvance", "ph":"E", "ts":"3958010322", "pid":"1", "tid":"cice"},
{"name":"ModelAdvance", "ph":"B", "ts":"3958464157", "pid":"1", "tid":"cice"},
{"name":"ModelAdvance", "ph":"E", "ts":"3960919283", "pid":"1", "tid":"cice"},
{"name":"ModelAdvance", "ph":"B", "ts":"3961318749", "pid":"1", "tid":"cice"},
{"name":"ModelAdvance", "ph":"E", "ts":"3963773670", "pid":"1", "tid":"cice"},
{"name":"ModelAdvance", "ph":"B", "ts":"3964226803", "pid":"1", "tid":"cice"},
{"name":"ModelAdvance", "ph":"E", "ts":"3966609446", "pid":"1", "tid":"cice"},
{"name":"ModelAdvance", "ph":"B", "ts":"3967066347", "pid":"1", "tid":"cice"},
{"name":"ModelAdvance", "ph":"E", "ts":"3969463638", "pid":"1", "tid":"cice"},
{"name":"ModelAdvance", "ph":"B", "ts":"3969892634", "pid":"1", "tid":"cice"},
{"name":"ModelAdvance", "ph":"E", "ts":"3972287606", "pid":"1", "tid":"cice"},
{"name":"ModelAdvance", "ph":"B", "ts":"3972733155", "pid":"1", "tid":"cice"},
{"name":"ModelAdvance", "ph":"E", "ts":"3975206766", "pid":"1", "tid":"cice"},
{"name":"ModelAdvance", "ph":"B", "ts":"3975666063", "pid":"1", "tid":"cice"},
{"name":"ModelAdvance", "ph":"E", "ts":"3978090201", "pid":"1", "tid":"cice"},
{"name":"ModelAdvance", "ph":"B", "ts":"3978560041", "pid":"1", "tid":"cice"},
{"name":"ModelAdvance", "ph":"E", "ts":"3981015112", "pid":"1", "tid":"cice"},
{"name":"ModelAdvance", "ph":"B", "ts":"3981503920", "pid":"1", "tid":"cice"},
{"name":"ModelAdvance", "ph":"E", "ts":"3983992758", "pid":"1", "tid":"cice"},
{"name":"ModelAdvance", "ph":"B", "ts":"3984430092", "pid":"1", "tid":"cice"},
{"name":"ModelAdvance", "ph":"E", "ts":"3986861019", "pid":"1", "tid":"cice"},
{"name":"ModelAdvance", "ph":"B", "ts":"3987289223", "pid":"1", "tid":"cice"},
{"name":"ModelAdvance", "ph":"E", "ts":"3989758131", "pid":"1", "tid":"cice"},
{"name":"ModelAdvance", "ph":"B", "ts":"3990215024", "pid":"1", "tid":"cice"},
{"name":"ModelAdvance", "ph":"E", "ts":"3992657372", "pid":"1", "tid":"cice"},
{"name":"ModelAdvance", "ph":"B", "ts":"3993127275", "pid":"1", "tid":"cice"},
{"name":"ModelAdvance", "ph":"E", "ts":"3995542949", "pid":"1", "tid":"cice"},
{"name":"ModelAdvance", "ph":"B", "ts":"3996038394", "pid":"1", "tid":"cice"},
{"name":"ModelAdvance", "ph":"E", "ts":"3998465279", "pid":"1", "tid":"cice"},
{"name":"ModelAdvance", "ph":"B", "ts":"3998913355", "pid":"1", "tid":"cice"},
{"name":"ModelAdvance", "ph":"E", "ts":"4001353437", "pid":"1", "tid":"cice"},
{"name":"ModelAdvance", "ph":"B", "ts":"4001822694", "pid":"1", "tid":"cice"},
{"name":"ModelAdvance", "ph":"E", "ts":"4004237801", "pid":"1", "tid":"cice"},
{"name":"ModelAdvance", "ph":"B", "ts":"4004740727", "pid":"1", "tid":"cice"},
{"name":"ModelAdvance", "ph":"E", "ts":"4007129108", "pid":"1", "tid":"cice"},
{"name":"ModelAdvance", "ph":"B", "ts":"4007629516", "pid":"1", "tid":"cice"},
{"name":"ModelAdvance", "ph":"E", "ts":"4010022211", "pid":"1", "tid":"cice"},
{"name":"ModelAdvance", "ph":"B", "ts":"4010478637", "pid":"1", "tid":"cice"},
{"name":"ModelAdvance", "ph":"E", "ts":"4012912864", "pid":"1", "tid":"cice"},
{"name":"ModelAdvance", "ph":"B", "ts":"4013424610", "pid":"1", "tid":"cice"},
{"name":"ModelAdvance", "ph":"E", "ts":"4015816156", "pid":"1", "tid":"cice"},
{"name":"ModelAdvance", "ph":"B", "ts":"4016310260", "pid":"1", "tid":"cice"},
{"name":"ModelAdvance", "ph":"E", "ts":"4019106560", "pid":"1", "tid":"cice"},
{"name":"ModelAdvance", "ph":"B", "ts":"4022753265", "pid":"1", "tid":"cice"},
{"name":"ModelAdvance", "ph":"E", "ts":"4025169038", "pid":"1", "tid":"cice"},
{"name":"ModelAdvance", "ph":"B", "ts":"4025569630", "pid":"1", "tid":"cice"},
{"name":"ModelAdvance", "ph":"E", "ts":"4028138396", "pid":"1", "tid":"cice"},
{"name":"ModelAdvance", "ph":"B", "ts":"4028644696", "pid":"1", "tid":"cice"},
{"name":"ModelAdvance", "ph":"E", "ts":"4031081723", "pid":"1", "tid":"cice"},
{"name":"ModelAdvance", "ph":"B", "ts":"4031564269", "pid":"1", "tid":"cice"},
{"name":"ModelAdvance", "ph":"E", "ts":"4033923970", "pid":"1", "tid":"cice"},
{"name":"ModelAdvance", "ph":"B", "ts":"4034354274", "pid":"1", "tid":"cice"},
{"name":"ModelAdvance", "ph":"E", "ts":"4036723544", "pid":"1", "tid":"cice"},
{"name":"ModelAdvance", "ph":"B", "ts":"4037175114", "pid":"1", "tid":"cice"},
{"name":"ModelAdvance", "ph":"E", "ts":"4039544712", "pid":"1", "tid":"cice"},
{"name":"ModelAdvance", "ph":"B", "ts":"4040016360", "pid":"1", "tid":"cice"},
{"name":"ModelAdvance", "ph":"E", "ts":"4042396425", "pid":"1", "tid":"cice"},
{"name":"ModelAdvance", "ph":"B", "ts":"4042855971", "pid":"1", "tid":"cice"},
{"name":"ModelAdvance", "ph":"E", "ts":"4045228491", "pid":"1", "tid":"cice"},
{"name":"ModelAdvance", "ph":"B", "ts":"4045683874", "pid":"1", "tid":"cice"},
{"name":"ModelAdvance", "ph":"E", "ts":"4048118719", "pid":"1", "tid":"cice"},
{"name":"ModelAdvance", "ph":"B", "ts":"4048615015", "pid":"1", "tid":"cice"},
{"name":"ModelAdvance", "ph":"E", "ts":"4051080924", "pid":"1", "tid":"cice"},
{"name":"ModelAdvance", "ph":"B", "ts":"4051579232", "pid":"1", "tid":"cice"},
{"name":"ModelAdvance", "ph":"E", "ts":"4053966583", "pid":"1", "tid":"cice"},
{"name":"ModelAdvance", "ph":"B", "ts":"4054511421", "pid":"1", "tid":"cice"},
{"name":"ModelAdvance", "ph":"E", "ts":"4056922868", "pid":"1", "tid":"cice"},
{"name":"ModelAdvance", "ph":"B", "ts":"4057391863", "pid":"1", "tid":"cice"},
{"name":"ModelAdvance", "ph":"E", "ts":"4059820932", "pid":"1", "tid":"cice"},
{"name":"ModelAdvance", "ph":"B", "ts":"4060299148", "pid":"1", "tid":"cice"},
{"name":"ModelAdvance", "ph":"E", "ts":"4062742801", "pid":"1", "tid":"cice"},
{"name":"ModelAdvance", "ph":"B", "ts":"4063152810", "pid":"1", "tid":"cice"},
{"name":"ModelAdvance", "ph":"E", "ts":"4065621472", "pid":"1", "tid":"cice"},
{"name":"ModelAdvance", "ph":"B", "ts":"4066090703", "pid":"1", "tid":"cice"},
{"name":"ModelAdvance", "ph":"E", "ts":"4068534270", "pid":"1", "tid":"cice"},
{"name":"ModelAdvance", "ph":"B", "ts":"4068960863", "pid":"1", "tid":"cice"},
{"name":"ModelAdvance", "ph":"E", "ts":"4071407170", "pid":"1", "tid":"cice"},
{"name":"ModelAdvance", "ph":"B", "ts":"4071847900", "pid":"1", "tid":"cice"},
{"name":"ModelAdvance", "ph":"E", "ts":"4074297888", "pid":"1", "tid":"cice"},
{"name":"ModelAdvance", "ph":"B", "ts":"4074759571", "pid":"1", "tid":"cice"},
{"name":"ModelAdvance", "ph":"E", "ts":"4077176535", "pid":"1", "tid":"cice"},
{"name":"ModelAdvance", "ph":"B", "ts":"4077599553", "pid":"1", "tid":"cice"},
{"name":"ModelAdvance", "ph":"E", "ts":"4080105265", "pid":"1", "tid":"cice"},
{"name":"ModelAdvance", "ph":"B", "ts":"4080573438", "pid":"1", "tid":"cice"},
{"name":"ModelAdvance", "ph":"E", "ts":"4082974467", "pid":"1", "tid":"cice"},
{"name":"ModelAdvance", "ph":"B", "ts":"4083457540", "pid":"1", "tid":"cice"},
{"name":"ModelAdvance", "ph":"E", "ts":"4085880133", "pid":"1", "tid":"cice"},
{"name":"ModelAdvance", "ph":"B", "ts":"4086348239", "pid":"1", "tid":"cice"},
{"name":"ModelAdvance", "ph":"E", "ts":"4088760281", "pid":"1", "tid":"cice"},
{"name":"ModelAdvance", "ph":"B", "ts":"4089234990", "pid":"1", "tid":"cice"},
{"name":"ModelAdvance", "ph":"E", "ts":"4091966178", "pid":"1", "tid":"cice"},
{"name":"ModelAdvance", "ph":"B", "ts":"4095750223", "pid":"1", "tid":"cice"},
{"name":"ModelAdvance", "ph":"E", "ts":"4098186288", "pid":"1", "tid":"cice"},
{"name":"ModelAdvance", "ph":"B", "ts":"4098631352", "pid":"1", "tid":"cice"},
{"name":"ModelAdvance", "ph":"E", "ts":"4101242814", "pid":"1", "tid":"cice"},
{"name":"ModelAdvance", "ph":"B", "ts":"4101667225", "pid":"1", "tid":"cice"},
{"name":"ModelAdvance", "ph":"E", "ts":"4104090973", "pid":"1", "tid":"cice"},
{"name":"ModelAdvance", "ph":"B", "ts":"4104488825", "pid":"1", "tid":"cice"},
{"name":"ModelAdvance", "ph":"E", "ts":"4106957759", "pid":"1", "tid":"cice"},
{"name":"ModelAdvance", "ph":"B", "ts":"4107302817", "pid":"1", "tid":"cice"},
{"name":"ModelAdvance", "ph":"E", "ts":"4109780923", "pid":"1", "tid":"cice"},
{"name":"ModelAdvance", "ph":"B", "ts":"4110189318", "pid":"1", "tid":"cice"},
{"name":"ModelAdvance", "ph":"E", "ts":"4112591660", "pid":"1", "tid":"cice"},
{"name":"ModelAdvance", "ph":"B", "ts":"4113029323", "pid":"1", "tid":"cice"},
{"name":"ModelAdvance", "ph":"E", "ts":"4115445470", "pid":"1", "tid":"cice"},
{"name":"ModelAdvance", "ph":"B", "ts":"4115916027", "pid":"1", "tid":"cice"},
{"name":"ModelAdvance", "ph":"E", "ts":"4118368929", "pid":"1", "tid":"cice"},
{"name":"ModelAdvance", "ph":"B", "ts":"4118831348", "pid":"1", "tid":"cice"},
{"name":"ModelAdvance", "ph":"E", "ts":"4121268717", "pid":"1", "tid":"cice"},
{"name":"ModelAdvance", "ph":"B", "ts":"4121684658", "pid":"1", "tid":"cice"},
{"name":"ModelAdvance", "ph":"E", "ts":"4124161332", "pid":"1", "tid":"cice"},
{"name":"ModelAdvance", "ph":"B", "ts":"4124606401", "pid":"1", "tid":"cice"},
{"name":"ModelAdvance", "ph":"E", "ts":"4127044185", "pid":"1", "tid":"cice"},
{"name":"ModelAdvance", "ph":"B", "ts":"4127472936", "pid":"1", "tid":"cice"},
{"name":"ModelAdvance", "ph":"E", "ts":"4129971236", "pid":"1", "tid":"cice"},
{"name":"ModelAdvance", "ph":"B", "ts":"4130393807", "pid":"1", "tid":"cice"},
{"name":"ModelAdvance", "ph":"E", "ts":"4132849108", "pid":"1", "tid":"cice"},
{"name":"ModelAdvance", "ph":"B", "ts":"4133277602", "pid":"1", "tid":"cice"},
{"name":"ModelAdvance", "ph":"E", "ts":"4135770598", "pid":"1", "tid":"cice"},
{"name":"ModelAdvance", "ph":"B", "ts":"4136164498", "pid":"1", "tid":"cice"},
{"name":"ModelAdvance", "ph":"E", "ts":"4138643797", "pid":"1", "tid":"cice"},
{"name":"ModelAdvance", "ph":"B", "ts":"4139056542", "pid":"1", "tid":"cice"},
{"name":"ModelAdvance", "ph":"E", "ts":"4141526401", "pid":"1", "tid":"cice"},
{"name":"ModelAdvance", "ph":"B", "ts":"4141936491", "pid":"1", "tid":"cice"},
{"name":"ModelAdvance", "ph":"E", "ts":"4144352853", "pid":"1", "tid":"cice"},
{"name":"ModelAdvance", "ph":"B", "ts":"4144771379", "pid":"1", "tid":"cice"},
{"name":"ModelAdvance", "ph":"E", "ts":"4147190123", "pid":"1", "tid":"cice"},
{"name":"ModelAdvance", "ph":"B", "ts":"4147619309", "pid":"1", "tid":"cice"},
{"name":"ModelAdvance", "ph":"E", "ts":"4150023117", "pid":"1", "tid":"cice"},
{"name":"ModelAdvance", "ph":"B", "ts":"4150424138", "pid":"1", "tid":"cice"},
{"name":"ModelAdvance", "ph":"E", "ts":"4152809170", "pid":"1", "tid":"cice"},
{"name":"ModelAdvance", "ph":"B", "ts":"4153220144", "pid":"1", "tid":"cice"},
{"name":"ModelAdvance", "ph":"E", "ts":"4155642336", "pid":"1", "tid":"cice"},
{"name":"ModelAdvance", "ph":"B", "ts":"4156072456", "pid":"1", "tid":"cice"},
{"name":"ModelAdvance", "ph":"E", "ts":"4158460283", "pid":"1", "tid":"cice"},
{"name":"ModelAdvance", "ph":"B", "ts":"4158888361", "pid":"1", "tid":"cice"},
{"name":"ModelAdvance", "ph":"E", "ts":"4166471173", "pid":"1", "tid":"cice"},
{"name":"ModelFinalize", "ph":"B", "ts":"4166480249", "pid":"1", "tid":"cice"},
{"name":"ModelFinalize", "ph":"E", "ts":"4166480919", "pid":"1", "tid":"cice"},
