{"name":"SetServices", "ph":"B", "ts":"3013111672", "pid":"1", "tid":"wave"},
{"name":"SetServices", "ph":"E", "ts":"3013158653", "pid":"1", "tid":"wave"},
{"name":"InitializeP0", "ph":"B", "ts":"3013162427", "pid":"1", "tid":"wave"},
{"name":"InitializeP0", "ph":"E", "ts":"3013162514", "pid":"1", "tid":"wave"},
{"name":"InitializeAdvertise", "ph":"B", "ts":"3017973820", "pid":"1", "tid":"wave"},
{"name":"InitializeAdvertise", "ph":"E", "ts":"3071186865", "pid":"1", "tid":"wave"},
{"name":"InitializeRealize", "ph":"B", "ts":"3157393564", "pid":"1", "tid":"wave"},
{"name":"InitializeRealize", "ph":"E", "ts":"3165443891", "pid":"1", "tid":"wave"},
{"name":"DataInitialize", "ph":"B", "ts":"3197050612", "pid":"1", "tid":"wave"},
{"name":"DataInitialize", "ph":"E", "ts":"3197068264", "pid":"1", "tid":"wave"},
{"name":"ModelSetRunClock", "ph":"B", "ts":"3245135174", "pid":"1", "tid":"wave"},
{"name":"ModelSetRunClock", "ph":"E", "ts":"3245144450", "pid":"1", "tid":"wave"},
{"name":"ModelAdvance", "ph":"B", "ts":"3245144682", "pid":"1", "tid":"wave"},
{"name":"ModelAdvance", "ph":"E", "ts":"3271479947", "pid":"1", "tid":"wave"},
{"name":"ModelSetRunClock", "ph":"B", "ts":"3292450019", "pid":"1", "tid":"wave"},
{"name":"ModelSetRunClock", "ph":"E", "ts":"3292450167", "pid":"1", "tid":"wave"},
{"name":"ModelAdvance", "ph":"B", "ts":"3292450357", "pid":"1", "tid":"wave"},
{"name":"ModelAdvance", "ph":"E", "ts":"3311028038", "pid":"1", "tid":"wave"},
{"name":"ModelSetRunClock", "ph":"B", "ts":"3326929549", "pid":"1", "tid":"wave"},
{"name":"ModelSetRunClock", "ph":"E", "ts":"3326929618", "pid":"1", "tid":"wave"},
{"name":"ModelAdvance", "ph":"B", "ts":"3326929697", "pid":"1", "tid":"wave"},
{"name":"ModelAdvance", "ph":"E", "ts":"3344742793", "pid":"1", "tid":"wave"},
{"name":"ModelSetRunClock", "ph":"B", "ts":"3363678633", "pid":"1", "tid":"wave"},
{"name":"ModelSetRunClock", "ph":"E", "ts":"3363678705", "pid":"1", "tid":"wave"},
{"name":"ModelAdvance", "ph":"B", "ts":"3363678791", "pid":"1", "tid":"wave"},
{"name":"ModelAdvance", "ph":"E", "ts":"3382075181", "pid":"1", "tid":"wave"},
{"name":"ModelSetRunClock", "ph":"B", "ts":"3398365979", "pid":"1", "tid":"wave"},
{"name":"ModelSetRunClock", "ph":"E", "ts":"3398366057", "pid":"1", "tid":"wave"},
{"name":"ModelAdvance", "ph":"B", "ts":"3398366140", "pid":"1", "tid":"wave"},
{"name":"ModelAdvance", "ph":"E", "ts":"3415926007", "pid":"1", "tid":"wave"},
{"name":"ModelSetRunClock", "ph":"B", "ts":"3435289272", "pid":"1", "tid":"wave"},
{"name":"ModelSetRunClock", "ph":"E", "ts":"3435289342", "pid":"1", "tid":"wave"},
{"name":"ModelAdvance", "ph":"B", "ts":"3435289425", "pid":"1", "tid":"wave"},
{"name":"ModelAdvance", "ph":"E", "ts":"3453276670", "pid":"1", "tid":"wave"},
{"name":"ModelSetRunClock", "ph":"B", "ts":"3473949574", "pid":"1", "tid":"wave"},
{"name":"ModelSetRunClock", "ph":"E", "ts":"3473949655", "pid":"1", "tid":"wave"},
{"name":"ModelAdvance", "ph":"B", "ts":"3473949751", "pid":"1", "tid":"wave"},
{"name":"ModelAdvance", "ph":"E", "ts":"3490991668", "pid":"1", "tid":"wave"},
{"name":"ModelSetRunClock", "ph":"B", "ts":"3512664493", "pid":"1", "tid":"wave"},
{"name":"ModelSetRunClock", "ph":"E", "ts":"3512664601", "pid":"1", "tid":"wave"},
{"name":"ModelAdvance", "ph":"B", "ts":"3512664704", "pid":"1", "tid":"wave"},
{"name":"ModelAdvance", "ph":"E", "ts":"3529833129", "pid":"1", "tid":"wave"},
{"name":"ModelSetRunClock", "ph":"B", "ts":"3547569505", "pid":"1", "tid":"wave"},
{"name":"ModelSetRunClock", "ph":"E", "ts":"3547569575", "pid":"1", "tid":"wave"},
{"name":"ModelAdvance", "ph":"B", "ts":"3547569659", "pid":"1", "tid":"wave"},
{"name":"ModelAdvance", "ph":"E", "ts":"3563971549", "pid":"1", "tid":"wave"},
{"name":"ModelSetRunClock", "ph":"B", "ts":"3585245169", "pid":"1", "tid":"wave"},
{"name":"ModelSetRunClock", "ph":"E", "ts":"3585245242", "pid":"1", "tid":"wave"},
{"name":"ModelAdvance", "ph":"B", "ts":"3585245326", "pid":"1", "tid":"wave"},
{"name":"ModelAdvance", "ph":"E", "ts":"3602434379", "pid":"1", "tid":"wave"},
{"name":"ModelSetRunClock", "ph":"B", "ts":"3620198867", "pid":"1", "tid":"wave"},
{"name":"ModelSetRunClock", "ph":"E", "ts":"3620199012", "pid":"1", "tid":"wave"},
{"name":"ModelAdvance", "ph":"B", "ts":"3620199107", "pid":"1", "tid":"wave"},
{"name":"ModelAdvance", "ph":"E", "ts":"3637026309", "pid":"1", "tid":"wave"},
{"name":"ModelSetRunClock", "ph":"B", "ts":"3658140497", "pid":"1", "tid":"wave"},
{"name":"ModelSetRunClock", "ph":"E", "ts":"3658140577", "pid":"1", "tid":"wave"},
{"name":"ModelAdvance", "ph":"B", "ts":"3658140673", "pid":"1", "tid":"wave"},
{"name":"ModelAdvance", "ph":"E", "ts":"3701838803", "pid":"1", "tid":"wave"},
{"name":"ModelSetRunClock", "ph":"B", "ts":"3710075433", "pid":"1", "tid":"wave"},
{"name":"ModelSetRunClock", "ph":"E", "ts":"3710075516", "pid":"1", "tid":"wave"},
{"name":"ModelAdvance", "ph":"B", "ts":"3710075609", "pid":"1", "tid":"wave"},
{"name":"ModelAdvance", "ph":"E", "ts":"3727293508", "pid":"1", "tid":"wave"},
{"name":"ModelSetRunClock", "ph":"B", "ts":"3747235365", "pid":"1", "tid":"wave"},
{"name":"ModelSetRunClock", "ph":"E", "ts":"3747235776", "pid":"1", "tid":"wave"},
{"name":"ModelAdvance", "ph":"B", "ts":"3747235930", "pid":"1", "tid":"wave"},
{"name":"ModelAdvance", "ph":"E", "ts":"3764804560", "pid":"1", "tid":"wave"},
{"name":"ModelSetRunClock", "ph":"B", "ts":"3782270804", "pid":"1", "tid":"wave"},
{"name":"ModelSetRunClock", "ph":"E", "ts":"3782275742", "pid":"1", "tid":"wave"},
{"name":"ModelAdvance", "ph":"B", "ts":"3782275843", "pid":"1", "tid":"wave"},
{"name":"ModelAdvance", "ph":"E", "ts":"3799249022", "pid":"1", "tid":"wave"},
{"name":"ModelSetRunClock", "ph":"B", "ts":"3820941417", "pid":"1", "tid":"wave"},
{"name":"ModelSetRunClock", "ph":"E", "ts":"3820941570", "pid":"1", "tid":"wave"},
{"name":"ModelAdvance", "ph":"B", "ts":"3820941661", "pid":"1", "tid":"wave"},
{"name":"ModelAdvance", "ph":"E", "ts":"3838182389", "pid":"1", "tid":"wave"},
{"name":"ModelSetRunClock", "ph":"B", "ts":"3855913391", "pid":"1", "tid":"wave"},
{"name":"ModelSetRunClock", "ph":"E", "ts":"3855913731", "pid":"1", "tid":"wave"},
{"name":"ModelAdvance", "ph":"B", "ts":"3855913903", "pid":"1", "tid":"wave"},
{"name":"ModelAdvance", "ph":"E", "ts":"3872594448", "pid":"1", "tid":"wave"},
{"name":"ModelSetRunClock", "ph":"B", "ts":"3894109029", "pid":"1", "tid":"wave"},
{"name":"ModelSetRunClock", "ph":"E", "ts":"3894109463", "pid":"1", "tid":"wave"},
{"name":"ModelAdvance", "ph":"B", "ts":"3894109549", "pid":"1", "tid":"wave"},
{"name":"ModelAdvance", "ph":"E", "ts":"3936107974", "pid":"1", "tid":"wave"},
{"name":"ModelSetRunClock", "ph":"B", "ts":"3944594494", "pid":"1", "tid":"wave"},
{"name":"ModelSetRunClock", "ph":"E", "ts":"3944594581", "pid":"1", "tid":"wave"},
{"name":"ModelAdvance", "ph":"B", "ts":"3944594685", "pid":"1", "tid":"wave"},
{"name":"ModelAdvance", "ph":"E", "ts":"3960961007", "pid":"1", "tid":"wave"},
{"name":"ModelSetRunClock", "ph":"B", "ts":"3981385520", "pid":"1", "tid":"wave"},
{"name":"ModelSetRunClock", "ph":"E", "ts":"3981385649", "pid":"1", "tid":"wave"},
{"name":"ModelAdvance", "ph":"B", "ts":"3981385801", "pid":"1", "tid":"wave"},
{"name":"ModelAdvance", "ph":"E", "ts":"3998350217", "pid":"1", "tid":"wave"},
{"name":"ModelSetRunClock", "ph":"B", "ts":"4016236216", "pid":"1", "tid":"wave"},
{"name":"ModelSetRunClock", "ph":"E", "ts":"4016236286", "pid":"1", "tid":"wave"},
{"name":"ModelAdvance", "ph":"B", "ts":"4016236366", "pid":"1", "tid":"wave"},
{"name":"ModelAdvance", "ph":"E", "ts":"4032335158", "pid":"1", "tid":"wave"},
{"name":"ModelSetRunClock", "ph":"B", "ts":"4054341279", "pid":"1", "tid":"wave"},
{"name":"ModelSetRunClock", "ph":"E", "ts":"4054341499", "pid":"1", "tid":"wave"},
{"name":"ModelAdvance", "ph":"B", "ts":"4054341673", "pid":"1", "tid":"wave"},
{"name":"ModelAdvance", "ph":"E", "ts":"4070830232", "pid":"1", "tid":"wave"},
{"name":"ModelSetRunClock", "ph":"B", "ts":"4089164880", "pid":"1", "tid":"wave"},
{"name":"ModelSetRunClock", "ph":"E", "ts":"4089164983", "pid":"1", "tid":"wave"},
{"name":"ModelAdvance", "ph":"B", "ts":"4089165102", "pid":"1", "tid":"wave"},
{"name":"ModelAdvance", "ph":"E", "ts":"4105145501", "pid":"1", "tid":"wave"},
{"name":"ModelSetRunClock", "ph":"B", "ts":"4127368973", "pid":"1", "tid":"wave"},
{"name":"ModelSetRunClock", "ph":"E", "ts":"4127369066", "pid":"1", "tid":"wave"},
{"name":"ModelAdvance", "ph":"B", "ts":"4127369173", "pid":"1", "tid":"wave"},
{"name":"ModelAdvance", "ph":"E", "ts":"4169568368", "pid":"1", "tid":"wave"},
{"name":"ModelFinalize", "ph":"B", "ts":"4169574169", "pid":"1", "tid":"wave"},
{"name":"ModelFinalize", "ph":"E", "ts":"4169574223", "pid":"1", "tid":"wave"},
