{"name":"SetServices", "ph":"B", "ts":"3012983026", "pid":"1", "tid":"mom"},
{"name":"SetServices", "ph":"E", "ts":"3013014739", "pid":"1", "tid":"mom"},
{"name":"InitializeP0", "ph":"B", "ts":"3013092509", "pid":"1", "tid":"mom"},
{"name":"InitializeP0", "ph":"E", "ts":"3013095033", "pid":"1", "tid":"mom"},
{"name":"InitializeAdvertise", "ph":"B", "ts":"3017976173", "pid":"1", "tid":"mom"},
{"name":"InitializeAdvertise", "ph":"E", "ts":"3070893648", "pid":"1", "tid":"mom"},
{"name":"InitializeRealize", "ph":"B", "ts":"3157191053", "pid":"1", "tid":"mom"},
{"name":"InitializeRealize", "ph":"E", "ts":"3160404472", "pid":"1", "tid":"mom"},
{"name":"DataInitialize", "ph":"B", "ts":"3194563759", "pid":"1", "tid":"mom"},
{"name":"DataInitialize", "ph":"E", "ts":"3194566219", "pid":"1", "tid":"mom"},
{"name":"ModelSetRunClock", "ph":"B", "ts":"3245152726", "pid":"1", "tid":"mom"},
{"name":"ModelSetRunClock", "ph":"E", "ts":"3245161901", "pid":"1", "tid":"mom"},
{"name":"ModelAdvance", "ph":"B", "ts":"3245162081", "pid":"1", "tid":"mom"},
{"name":"ModelAdvance", "ph":"E", "ts":"3260534450", "pid":"1", "tid":"mom"},
{"name":"ModelSetRunClock", "ph":"B", "ts":"3292451790", "pid":"1", "tid":"mom"},
{"name":"ModelSetRunClock", "ph":"E", "ts":"3292452011", "pid":"1", "tid":"mom"},
{"name":"ModelAdvance", "ph":"B", "ts":"3292452205", "pid":"1", "tid":"mom"},
{"name":"ModelAdvance", "ph":"E", "ts":"3307563845", "pid":"1", "tid":"mom"},
{"name":"ModelSetRunClock", "ph":"B", "ts":"3326951230", "pid":"1", "tid":"mom"},
{"name":"ModelSetRunClock", "ph":"E", "ts":"3326951330", "pid":"1", "tid":"mom"},
{"name":"ModelAdvance", "ph":"B", "ts":"3326951528", "pid":"1", "tid":"mom"},
{"name":"ModelAdvance", "ph":"E", "ts":"3352811799", "pid":"1", "tid":"mom"},
{"name":"ModelSetRunClock", "ph":"B", "ts":"3363725547", "pid":"1", "tid":"mom"},
{"name":"ModelSetRunClock", "ph":"E", "ts":"3363725638", "pid":"1", "tid":"mom"},
{"name":"ModelAdvance", "ph":"B", "ts":"3363725826", "pid":"1", "tid":"mom"},
{"name":"ModelAdvance", "ph":"E", "ts":"3378748637", "pid":"1", "tid":"mom"},
{"name":"ModelSetRunClock", "ph":"B", "ts":"3398386353", "pid":"1", "tid":"mom"},
{"name":"ModelSetRunClock", "ph":"E", "ts":"3398386584", "pid":"1", "tid":"mom"},
{"name":"ModelAdvance", "ph":"B", "ts":"3398386752", "pid":"1", "tid":"mom"},
{"name":"ModelAdvance", "ph":"E", "ts":"3425108059", "pid":"1", "tid":"mom"},
{"name":"ModelSetRunClock", "ph":"B", "ts":"3435327683", "pid":"1", "tid":"mom"},
{"name":"ModelSetRunClock", "ph":"E", "ts":"3435327921", "pid":"1", "tid":"mom"},
{"name":"ModelAdvance", "ph":"B", "ts":"3435328113", "pid":"1", "tid":"mom"},
{"name":"ModelAdvance", "ph":"E", "ts":"3450520629", "pid":"1", "tid":"mom"},
{"name":"ModelSetRunClock", "ph":"B", "ts":"3473957344", "pid":"1", "tid":"mom"},
{"name":"ModelSetRunClock", "ph":"E", "ts":"3473957578", "pid":"1", "tid":"mom"},
{"name":"ModelAdvance", "ph":"B", "ts":"3473957759", "pid":"1", "tid":"mom"},
{"name":"ModelAdvance", "ph":"E", "ts":"3500560142", "pid":"1", "tid":"mom"},
{"name":"ModelSetRunClock", "ph":"B", "ts":"3512693183", "pid":"1", "tid":"mom"},
{"name":"ModelSetRunClock", "ph":"E", "ts":"3512693410", "pid":"1", "tid":"mom"},
{"name":"ModelAdvance", "ph":"B", "ts":"3512693588", "pid":"1", "tid":"mom"},
{"name":"ModelAdvance", "ph":"E", "ts":"3527789782", "pid":"1", "tid":"mom"},
{"name":"ModelSetRunClock", "ph":"B", "ts":"3547607536", "pid":"1", "tid":"mom"},
{"name":"ModelSetRunClock", "ph":"E", "ts":"3547607811", "pid":"1", "tid":"mom"},
{"name":"ModelAdvance", "ph":"B", "ts":"3547608032", "pid":"1", "tid":"mom"},
{"name":"ModelAdvance", "ph":"E", "ts":"3573827143", "pid":"1", "tid":"mom"},
{"name":"ModelSetRunClock", "ph":"B", "ts":"3585274150", "pid":"1", "tid":"mom"},
{"name":"ModelSetRunClock", "ph":"E", "ts":"3585274383", "pid":"1", "tid":"mom"},
{"name":"ModelAdvance", "ph":"B", "ts":"3585274602", "pid":"1", "tid":"mom"},
{"name":"ModelAdvance", "ph":"E", "ts":"3600374620", "pid":"1", "tid":"mom"},
{"name":"ModelSetRunClock", "ph":"B", "ts":"3620249343", "pid":"1", "tid":"mom"},
{"name":"ModelSetRunClock", "ph":"E", "ts":"3620249646", "pid":"1", "tid":"mom"},
{"name":"ModelAdvance", "ph":"B", "ts":"3620249944", "pid":"1", "tid":"mom"},
{"name":"ModelAdvance", "ph":"E", "ts":"3646203007", "pid":"1", "tid":"mom"},
{"name":"ModelSetRunClock", "ph":"B", "ts":"3658143446", "pid":"1", "tid":"mom"},
{"name":"ModelSetRunClock", "ph":"E", "ts":"3658143654", "pid":"1", "tid":"mom"},
{"name":"ModelAdvance", "ph":"B", "ts":"3658143816", "pid":"1", "tid":"mom"},
{"name":"ModelAdvance", "ph":"E", "ts":"3696473331", "pid":"1", "tid":"mom"},
{"name":"ModelSetRunClock", "ph":"B", "ts":"3710076604", "pid":"1", "tid":"mom"},
{"name":"ModelSetRunClock", "ph":"E", "ts":"3710076692", "pid":"1", "tid":"mom"},
{"name":"ModelAdvance", "ph":"B", "ts":"3710076868", "pid":"1", "tid":"mom"},
{"name":"ModelAdvance", "ph":"E", "ts":"3735552676", "pid":"1", "tid":"mom"},
{"name":"ModelSetRunClock", "ph":"B", "ts":"3747275907", "pid":"1", "tid":"mom"},
{"name":"ModelSetRunClock", "ph":"E", "ts":"3747275996", "pid":"1", "tid":"mom"},
{"name":"ModelAdvance", "ph":"B", "ts":"3747276192", "pid":"1", "tid":"mom"},
{"name":"ModelAdvance", "ph":"E", "ts":"3761942195", "pid":"1", "tid":"mom"},
{"name":"ModelSetRunClock", "ph":"B", "ts":"3782285782", "pid":"1", "tid":"mom"},
{"name":"ModelSetRunClock", "ph":"E", "ts":"3782285883", "pid":"1", "tid":"mom"},
{"name":"ModelAdvance", "ph":"B", "ts":"3782286072", "pid":"1", "tid":"mom"},
{"name":"ModelAdvance", "ph":"E", "ts":"3808488817", "pid":"1", "tid":"mom"},
{"name":"ModelSetRunClock", "ph":"B", "ts":"3820949463", "pid":"1", "tid":"mom"},
{"name":"ModelSetRunClock", "ph":"E", "ts":"3820949555", "pid":"1", "tid":"mom"},
{"name":"ModelAdvance", "ph":"B", "ts":"3820949760", "pid":"1", "tid":"mom"},
{"name":"ModelAdvance", "ph":"E", "ts":"3835598969", "pid":"1", "tid":"mom"},
{"name":"ModelSetRunClock", "ph":"B", "ts":"3855930011", "pid":"1", "tid":"mom"},
{"name":"ModelSetRunClock", "ph":"E", "ts":"3855930246", "pid":"1", "tid":"mom"},
{"name":"ModelAdvance", "ph":"B", "ts":"3855930427", "pid":"1", "tid":"mom"},
{"name":"ModelAdvance", "ph":"E", "ts":"3881528015", "pid":"1", "tid":"mom"},
{"name":"ModelSetRunClock", "ph":"B", "ts":"3894147923", "pid":"1", "tid":"mom"},
{"name":"ModelSetRunClock", "ph":"E", "ts":"3894148153", "pid":"1", "tid":"mom"},
{"name":"ModelAdvance", "ph":"B", "ts":"3894148332", "pid":"1", "tid":"mom"},
{"name":"ModelAdvance", "ph":"E", "ts":"3932758622", "pid":"1", "tid":"mom"},
{"name":"ModelSetRunClock", "ph":"B", "ts":"3944598797", "pid":"1", "tid":"mom"},
{"name":"ModelSetRunClock", "ph":"E", "ts":"3944598891", "pid":"1", "tid":"mom"},
{"name":"ModelAdvance", "ph":"B", "ts":"3944599096", "pid":"1", "tid":"mom"},
{"name":"ModelAdvance", "ph":"E", "ts":"3970464086", "pid":"1", "tid":"mom"},
{"name":"ModelSetRunClock", "ph":"B", "ts":"3981424304", "pid":"1", "tid":"mom"},
{"name":"ModelSetRunClock", "ph":"E", "ts":"3981424446", "pid":"1", "tid":"mom"},
{"name":"ModelAdvance", "ph":"B", "ts":"3981424618", "pid":"1", "tid":"mom"},
{"name":"ModelAdvance", "ph":"E", "ts":"3996024781", "pid":"1", "tid":"mom"},
{"name":"ModelSetRunClock", "ph":"B", "ts":"4016262389", "pid":"1", "tid":"mom"},
{"name":"ModelSetRunClock", "ph":"E", "ts":"4016262483", "pid":"1", "tid":"mom"},
{"name":"ModelAdvance", "ph":"B", "ts":"4016262707", "pid":"1", "tid":"mom"},
{"name":"ModelAdvance", "ph":"E", "ts":"4042533465", "pid":"1", "tid":"mom"},
{"name":"ModelSetRunClock", "ph":"B", "ts":"4054344700", "pid":"1", "tid":"mom"},
{"name":"ModelSetRunClock", "ph":"E", "ts":"4054344796", "pid":"1", "tid":"mom"},
{"name":"ModelAdvance", "ph":"B", "ts":"4054344977", "pid":"1", "tid":"mom"},
{"name":"ModelAdvance", "ph":"E", "ts":"4069020184", "pid":"1", "tid":"mom"},
{"name":"ModelSetRunClock", "ph":"B", "ts":"4089178294", "pid":"1", "tid":"mom"},
{"name":"ModelSetRunClock", "ph":"E", "ts":"4089178389", "pid":"1", "tid":"mom"},
{"name":"ModelAdvance", "ph":"B", "ts":"4089178602", "pid":"1", "tid":"mom"},
{"name":"ModelAdvance", "ph":"E", "ts":"4115502369", "pid":"1", "tid":"mom"},
{"name":"ModelSetRunClock", "ph":"B", "ts":"4127391334", "pid":"1", "tid":"mom"},
{"name":"ModelSetRunClock", "ph":"E", "ts":"4127391568", "pid":"1", "tid":"mom"},
{"name":"ModelAdvance", "ph":"B", "ts":"4127391765", "pid":"1", "tid":"mom"},
{"name":"ModelAdvance", "ph":"E", "ts":"4166975798", "pid":"1", "tid":"mom"},
{"name":"ocean_model_finalize", "ph":"B", "ts":"4166981773", "pid":"1", "tid":"mom"},
{"name":"ocean_model_finalize", "ph":"E", "ts":"4178791638", "pid":"1", "tid":"mom"},
