{"name":"SetServices", "ph":"B", "ts":"467954183", "pid":"1", "tid":"wrtComp_04"},
{"name":"SetServices", "ph":"E", "ts":"467991945", "pid":"1", "tid":"wrtComp_04"},
{"name":"wrt_initialize_p1", "ph":"B", "ts":"467992308", "pid":"1", "tid":"wrtComp_04"},
{"name":"wrt_initialize_p1", "ph":"E", "ts":"468483333", "pid":"1", "tid":"wrtComp_04"},
{"name":"wrt_run", "ph":"B", "ts":"691423406", "pid":"1", "tid":"wrtComp_04"},
{"name":"wrt_run", "ph":"E", "ts":"752321602", "pid":"1", "tid":"wrtComp_04"},
{"name":"wrt_run", "ph":"B", "ts":"846345644", "pid":"1", "tid":"wrtComp_04"},
{"name":"wrt_run", "ph":"E", "ts":"905255514", "pid":"1", "tid":"wrtComp_04"},
{"name":"wrt_run", "ph":"B", "ts":"1015840590", "pid":"1", "tid":"wrtComp_04"},
{"name":"wrt_run", "ph":"E", "ts":"1074796075", "pid":"1", "tid":"wrtComp_04"},
{"name":"wrt_run", "ph":"B", "ts":"1172529897", "pid":"1", "tid":"wrtComp_04"},
{"name":"wrt_run", "ph":"E", "ts":"1230626683", "pid":"1", "tid":"wrtComp_04"},
{"name":"wrt_run", "ph":"B", "ts":"1327132445", "pid":"1", "tid":"wrtComp_04"},
{"name":"wrt_run", "ph":"E", "ts":"1393201411", "pid":"1", "tid":"wrtComp_04"},
{"name":"wrt_run", "ph":"B", "ts":"1511362115", "pid":"1", "tid":"wrtComp_04"},
{"name":"wrt_run", "ph":"E", "ts":"1569432748", "pid":"1", "tid":"wrtComp_04"},
{"name":"wrt_run", "ph":"B", "ts":"1666509861", "pid":"1", "tid":"wrtComp_04"},
{"name":"wrt_run", "ph":"E", "ts":"1724935144", "pid":"1", "tid":"wrtComp_04"},
{"name":"wrt_run", "ph":"B", "ts":"1821579898", "pid":"1", "tid":"wrtComp_04"},
{"name":"wrt_run", "ph":"E", "ts":"1884955793", "pid":"1", "tid":"wrtComp_04"},
{"name":"wrt_run", "ph":"B", "ts":"1980488967", "pid":"1", "tid":"wrtComp_04"},
{"name":"wrt_run", "ph":"E", "ts":"2040883119", "pid":"1", "tid":"wrtComp_04"},
{"name":"wrt_run", "ph":"B", "ts":"2175822650", "pid":"1", "tid":"wrtComp_04"},
{"name":"wrt_run", "ph":"E", "ts":"2235765811", "pid":"1", "tid":"wrtComp_04"},
{"name":"wrt_run", "ph":"B", "ts":"2334729987", "pid":"1", "tid":"wrtComp_04"},
{"name":"wrt_run", "ph":"E", "ts":"2395115234", "pid":"1", "tid":"wrtComp_04"},
{"name":"wrt_run", "ph":"B", "ts":"2494013792", "pid":"1", "tid":"wrtComp_04"},
{"name":"wrt_run", "ph":"E", "ts":"2554179751", "pid":"1", "tid":"wrtComp_04"},
{"name":"wrt_run", "ph":"B", "ts":"2658281667", "pid":"1", "tid":"wrtComp_04"},
{"name":"wrt_run", "ph":"E", "ts":"2719418658", "pid":"1", "tid":"wrtComp_04"},
{"name":"wrt_run", "ph":"B", "ts":"2823699354", "pid":"1", "tid":"wrtComp_04"},
{"name":"wrt_run", "ph":"E", "ts":"2886198771", "pid":"1", "tid":"wrtComp_04"},
{"name":"wrt_run", "ph":"B", "ts":"3026623089", "pid":"1", "tid":"wrtComp_04"},
{"name":"wrt_run", "ph":"E", "ts":"3086598191", "pid":"1", "tid":"wrtComp_04"},
{"name":"wrt_run", "ph":"B", "ts":"3307004022", "pid":"1", "tid":"wrtComp_04"},
{"name":"wrt_run", "ph":"E", "ts":"3368914744", "pid":"1", "tid":"wrtComp_04"},
{"name":"wrt_run", "ph":"B", "ts":"3826368441", "pid":"1", "tid":"wrtComp_04"},
{"name":"wrt_run", "ph":"E", "ts":"3886437245", "pid":"1", "tid":"wrtComp_04"},
{"name":"wrt_run", "ph":"B", "ts":"4341869626", "pid":"1", "tid":"wrtComp_04"},
{"name":"wrt_run", "ph":"E", "ts":"4400640767", "pid":"1", "tid":"wrtComp_04"},
{"name":"wrt_run", "ph":"B", "ts":"4854440674", "pid":"1", "tid":"wrtComp_04"},
{"name":"wrt_run", "ph":"E", "ts":"4913861755", "pid":"1", "tid":"wrtComp_04"},
{"name":"wrt_run", "ph":"B", "ts":"5348360375", "pid":"1", "tid":"wrtComp_04"},
{"name":"wrt_run", "ph":"E", "ts":"5406334506", "pid":"1", "tid":"wrtComp_04"},
{"name":"wrt_run", "ph":"B", "ts":"5818782486", "pid":"1", "tid":"wrtComp_04"},
{"name":"wrt_run", "ph":"E", "ts":"5877385792", "pid":"1", "tid":"wrtComp_04"},
{"name":"wrt_run", "ph":"B", "ts":"6306867042", "pid":"1", "tid":"wrtComp_04"},
{"name":"wrt_run", "ph":"E", "ts":"6366192365", "pid":"1", "tid":"wrtComp_04"},
{"name":"wrt_run", "ph":"B", "ts":"6808635444", "pid":"1", "tid":"wrtComp_04"},
{"name":"wrt_run", "ph":"E", "ts":"6867794904", "pid":"1", "tid":"wrtComp_04"},
{"name":"wrt_run", "ph":"B", "ts":"7275183233", "pid":"1", "tid":"wrtComp_04"},
{"name":"wrt_run", "ph":"E", "ts":"7334804843", "pid":"1", "tid":"wrtComp_04"},
{"name":"wrt_run", "ph":"B", "ts":"7772188485", "pid":"1", "tid":"wrtComp_04"},
{"name":"wrt_run", "ph":"E", "ts":"7831828057", "pid":"1", "tid":"wrtComp_04"},
{"name":"wrt_run", "ph":"B", "ts":"8264551009", "pid":"1", "tid":"wrtComp_04"},
{"name":"wrt_run", "ph":"E", "ts":"8324717784", "pid":"1", "tid":"wrtComp_04"},
{"name":"wrt_finalize", "ph":"B", "ts":"8325016399", "pid":"1", "tid":"wrtComp_04"},
{"name":"wrt_finalize", "ph":"E", "ts":"8325142362", "pid":"1", "tid":"wrtComp_04"},
