{"name":"SetServices", "ph":"B", "ts":"466442785", "pid":"1", "tid":"wrtComp_03"},
{"name":"SetServices", "ph":"E", "ts":"466505341", "pid":"1", "tid":"wrtComp_03"},
{"name":"wrt_initialize_p1", "ph":"B", "ts":"466506110", "pid":"1", "tid":"wrtComp_03"},
{"name":"wrt_initialize_p1", "ph":"E", "ts":"467024830", "pid":"1", "tid":"wrtComp_03"},
{"name":"wrt_run", "ph":"B", "ts":"670886286", "pid":"1", "tid":"wrtComp_03"},
{"name":"wrt_run", "ph":"E", "ts":"730969439", "pid":"1", "tid":"wrtComp_03"},
{"name":"wrt_run", "ph":"B", "ts":"827531974", "pid":"1", "tid":"wrtComp_03"},
{"name":"wrt_run", "ph":"E", "ts":"885547267", "pid":"1", "tid":"wrtComp_03"},
{"name":"wrt_run", "ph":"B", "ts":"986138206", "pid":"1", "tid":"wrtComp_03"},
{"name":"wrt_run", "ph":"E", "ts":"1055479245", "pid":"1", "tid":"wrtComp_03"},
{"name":"wrt_run", "ph":"B", "ts":"1153809086", "pid":"1", "tid":"wrtComp_03"},
{"name":"wrt_run", "ph":"E", "ts":"1210381578", "pid":"1", "tid":"wrtComp_03"},
{"name":"wrt_run", "ph":"B", "ts":"1307815745", "pid":"1", "tid":"wrtComp_03"},
{"name":"wrt_run", "ph":"E", "ts":"1373455770", "pid":"1", "tid":"wrtComp_03"},
{"name":"wrt_run", "ph":"B", "ts":"1490682228", "pid":"1", "tid":"wrtComp_03"},
{"name":"wrt_run", "ph":"E", "ts":"1551079414", "pid":"1", "tid":"wrtComp_03"},
{"name":"wrt_run", "ph":"B", "ts":"1646719339", "pid":"1", "tid":"wrtComp_03"},
{"name":"wrt_run", "ph":"E", "ts":"1705604405", "pid":"1", "tid":"wrtComp_03"},
{"name":"wrt_run", "ph":"B", "ts":"1802157475", "pid":"1", "tid":"wrtComp_03"},
{"name":"wrt_run", "ph":"E", "ts":"1862542509", "pid":"1", "tid":"wrtComp_03"},
{"name":"wrt_run", "ph":"B", "ts":"1957855519", "pid":"1", "tid":"wrtComp_03"},
{"name":"wrt_run", "ph":"E", "ts":"2021089658", "pid":"1", "tid":"wrtComp_03"},
{"name":"wrt_run", "ph":"B", "ts":"2154924429", "pid":"1", "tid":"wrtComp_03"},
{"name":"wrt_run", "ph":"E", "ts":"2218235978", "pid":"1", "tid":"wrtComp_03"},
{"name":"wrt_run", "ph":"B", "ts":"2315085033", "pid":"1", "tid":"wrtComp_03"},
{"name":"wrt_run", "ph":"E", "ts":"2376304910", "pid":"1", "tid":"wrtComp_03"},
{"name":"wrt_run", "ph":"B", "ts":"2472430826", "pid":"1", "tid":"wrtComp_03"},
{"name":"wrt_run", "ph":"E", "ts":"2535467842", "pid":"1", "tid":"wrtComp_03"},
{"name":"wrt_run", "ph":"B", "ts":"2637779658", "pid":"1", "tid":"wrtComp_03"},
{"name":"wrt_run", "ph":"E", "ts":"2697221210", "pid":"1", "tid":"wrtComp_03"},
{"name":"wrt_run", "ph":"B", "ts":"2802862191", "pid":"1", "tid":"wrtComp_03"},
{"name":"wrt_run", "ph":"E", "ts":"2865218301", "pid":"1", "tid":"wrtComp_03"},
{"name":"wrt_run", "ph":"B", "ts":"3004527651", "pid":"1", "tid":"wrtComp_03"},
{"name":"wrt_run", "ph":"E", "ts":"3065640003", "pid":"1", "tid":"wrtComp_03"},
{"name":"wrt_run", "ph":"B", "ts":"3249192658", "pid":"1", "tid":"wrtComp_03"},
{"name":"wrt_run", "ph":"E", "ts":"3311676734", "pid":"1", "tid":"wrtComp_03"},
{"name":"wrt_run", "ph":"B", "ts":"3766441966", "pid":"1", "tid":"wrtComp_03"},
{"name":"wrt_run", "ph":"E", "ts":"3829215898", "pid":"1", "tid":"wrtComp_03"},
{"name":"wrt_run", "ph":"B", "ts":"4280172988", "pid":"1", "tid":"wrtComp_03"},
{"name":"wrt_run", "ph":"E", "ts":"4341292111", "pid":"1", "tid":"wrtComp_03"},
{"name":"wrt_run", "ph":"B", "ts":"4794687123", "pid":"1", "tid":"wrtComp_03"},
{"name":"wrt_run", "ph":"E", "ts":"4855235031", "pid":"1", "tid":"wrtComp_03"},
{"name":"wrt_run", "ph":"B", "ts":"5290426919", "pid":"1", "tid":"wrtComp_03"},
{"name":"wrt_run", "ph":"E", "ts":"5351073423", "pid":"1", "tid":"wrtComp_03"},
{"name":"wrt_run", "ph":"B", "ts":"5760653767", "pid":"1", "tid":"wrtComp_03"},
{"name":"wrt_run", "ph":"E", "ts":"5822488559", "pid":"1", "tid":"wrtComp_03"},
{"name":"wrt_run", "ph":"B", "ts":"6248102773", "pid":"1", "tid":"wrtComp_03"},
{"name":"wrt_run", "ph":"E", "ts":"6308288706", "pid":"1", "tid":"wrtComp_03"},
{"name":"wrt_run", "ph":"B", "ts":"6750119138", "pid":"1", "tid":"wrtComp_03"},
{"name":"wrt_run", "ph":"E", "ts":"6810256291", "pid":"1", "tid":"wrtComp_03"},
{"name":"wrt_run", "ph":"B", "ts":"7214448745", "pid":"1", "tid":"wrtComp_03"},
{"name":"wrt_run", "ph":"E", "ts":"7276610849", "pid":"1", "tid":"wrtComp_03"},
{"name":"wrt_run", "ph":"B", "ts":"7713537389", "pid":"1", "tid":"wrtComp_03"},
{"name":"wrt_run", "ph":"E", "ts":"7774237641", "pid":"1", "tid":"wrtComp_03"},
{"name":"wrt_run", "ph":"B", "ts":"8205234624", "pid":"1", "tid":"wrtComp_03"},
{"name":"wrt_run", "ph":"E", "ts":"8265854916", "pid":"1", "tid":"wrtComp_03"},
{"name":"wrt_finalize", "ph":"B", "ts":"8266197241", "pid":"1", "tid":"wrtComp_03"},
{"name":"wrt_finalize", "ph":"E", "ts":"8266333183", "pid":"1", "tid":"wrtComp_03"},
