{"name":"SetServices", "ph":"B", "ts":"473510585", "pid":"1", "tid":"wrtComp_08"},
{"name":"SetServices", "ph":"E", "ts":"473539622", "pid":"1", "tid":"wrtComp_08"},
{"name":"wrt_initialize_p1", "ph":"B", "ts":"473540115", "pid":"1", "tid":"wrtComp_08"},
{"name":"wrt_initialize_p1", "ph":"E", "ts":"474022557", "pid":"1", "tid":"wrtComp_08"},
{"name":"wrt_run", "ph":"B", "ts":"769497880", "pid":"1", "tid":"wrtComp_08"},
{"name":"wrt_run", "ph":"E", "ts":"829778030", "pid":"1", "tid":"wrtComp_08"},
{"name":"wrt_run", "ph":"B", "ts":"926462904", "pid":"1", "tid":"wrtComp_08"},
{"name":"wrt_run", "ph":"E", "ts":"987911465", "pid":"1", "tid":"wrtComp_08"},
{"name":"wrt_run", "ph":"B", "ts":"1094362390", "pid":"1", "tid":"wrtComp_08"},
{"name":"wrt_run", "ph":"E", "ts":"1153507514", "pid":"1", "tid":"wrtComp_08"},
{"name":"wrt_run", "ph":"B", "ts":"1250442683", "pid":"1", "tid":"wrtComp_08"},
{"name":"wrt_run", "ph":"E", "ts":"1311148190", "pid":"1", "tid":"wrtComp_08"},
{"name":"wrt_run", "ph":"B", "ts":"1433296096", "pid":"1", "tid":"wrtComp_08"},
{"name":"wrt_run", "ph":"E", "ts":"1491908343", "pid":"1", "tid":"wrtComp_08"},
{"name":"wrt_run", "ph":"B", "ts":"1588165496", "pid":"1", "tid":"wrtComp_08"},
{"name":"wrt_run", "ph":"E", "ts":"1647666672", "pid":"1", "tid":"wrtComp_08"},
{"name":"wrt_run", "ph":"B", "ts":"1744171507", "pid":"1", "tid":"wrtComp_08"},
{"name":"wrt_run", "ph":"E", "ts":"1802934506", "pid":"1", "tid":"wrtComp_08"},
{"name":"wrt_run", "ph":"B", "ts":"1900542507", "pid":"1", "tid":"wrtComp_08"},
{"name":"wrt_run", "ph":"E", "ts":"1959602841", "pid":"1", "tid":"wrtComp_08"},
{"name":"wrt_run", "ph":"B", "ts":"2056547653", "pid":"1", "tid":"wrtComp_08"},
{"name":"wrt_run", "ph":"E", "ts":"2120035903", "pid":"1", "tid":"wrtComp_08"},
{"name":"wrt_run", "ph":"B", "ts":"2256055538", "pid":"1", "tid":"wrtComp_08"},
{"name":"wrt_run", "ph":"E", "ts":"2316250689", "pid":"1", "tid":"wrtComp_08"},
{"name":"wrt_run", "ph":"B", "ts":"2415118171", "pid":"1", "tid":"wrtComp_08"},
{"name":"wrt_run", "ph":"E", "ts":"2475121625", "pid":"1", "tid":"wrtComp_08"},
{"name":"wrt_run", "ph":"B", "ts":"2575048687", "pid":"1", "tid":"wrtComp_08"},
{"name":"wrt_run", "ph":"E", "ts":"2635533909", "pid":"1", "tid":"wrtComp_08"},
{"name":"wrt_run", "ph":"B", "ts":"2741466183", "pid":"1", "tid":"wrtComp_08"},
{"name":"wrt_run", "ph":"E", "ts":"2801047523", "pid":"1", "tid":"wrtComp_08"},
{"name":"wrt_run", "ph":"B", "ts":"2939398664", "pid":"1", "tid":"wrtComp_08"},
{"name":"wrt_run", "ph":"E", "ts":"2998598172", "pid":"1", "tid":"wrtComp_08"},
{"name":"wrt_run", "ph":"B", "ts":"3108310997", "pid":"1", "tid":"wrtComp_08"},
{"name":"wrt_run", "ph":"E", "ts":"3170159458", "pid":"1", "tid":"wrtComp_08"},
{"name":"wrt_run", "ph":"B", "ts":"3542225492", "pid":"1", "tid":"wrtComp_08"},
{"name":"wrt_run", "ph":"E", "ts":"3601930126", "pid":"1", "tid":"wrtComp_08"},
{"name":"wrt_run", "ph":"B", "ts":"4062141534", "pid":"1", "tid":"wrtComp_08"},
{"name":"wrt_run", "ph":"E", "ts":"4121141742", "pid":"1", "tid":"wrtComp_08"},
{"name":"wrt_run", "ph":"B", "ts":"4617222350", "pid":"1", "tid":"wrtComp_08"},
{"name":"wrt_run", "ph":"E", "ts":"4676233465", "pid":"1", "tid":"wrtComp_08"},
{"name":"wrt_run", "ph":"B", "ts":"5085313664", "pid":"1", "tid":"wrtComp_08"},
{"name":"wrt_run", "ph":"E", "ts":"5146916995", "pid":"1", "tid":"wrtComp_08"},
{"name":"wrt_run", "ph":"B", "ts":"5584184785", "pid":"1", "tid":"wrtComp_08"},
{"name":"wrt_run", "ph":"E", "ts":"5643038463", "pid":"1", "tid":"wrtComp_08"},
{"name":"wrt_run", "ph":"B", "ts":"6076447937", "pid":"1", "tid":"wrtComp_08"},
{"name":"wrt_run", "ph":"E", "ts":"6141933857", "pid":"1", "tid":"wrtComp_08"},
{"name":"wrt_run", "ph":"B", "ts":"6541694379", "pid":"1", "tid":"wrtComp_08"},
{"name":"wrt_run", "ph":"E", "ts":"6599815785", "pid":"1", "tid":"wrtComp_08"},
{"name":"wrt_run", "ph":"B", "ts":"7038559984", "pid":"1", "tid":"wrtComp_08"},
{"name":"wrt_run", "ph":"E", "ts":"7098395756", "pid":"1", "tid":"wrtComp_08"},
{"name":"wrt_run", "ph":"B", "ts":"7537246371", "pid":"1", "tid":"wrtComp_08"},
{"name":"wrt_run", "ph":"E", "ts":"7596517783", "pid":"1", "tid":"wrtComp_08"},
{"name":"wrt_run", "ph":"B", "ts":"8002876866", "pid":"1", "tid":"wrtComp_08"},
{"name":"wrt_run", "ph":"E", "ts":"8062384695", "pid":"1", "tid":"wrtComp_08"},
{"name":"wrt_run", "ph":"B", "ts":"8493734718", "pid":"1", "tid":"wrtComp_08"},
{"name":"wrt_run", "ph":"E", "ts":"8553971517", "pid":"1", "tid":"wrtComp_08"},
{"name":"wrt_finalize", "ph":"B", "ts":"8554032406", "pid":"1", "tid":"wrtComp_08"},
{"name":"wrt_finalize", "ph":"E", "ts":"8554081132", "pid":"1", "tid":"wrtComp_08"},
