{"name":"SetServices", "ph":"B", "ts":"2526469522", "pid":"1", "tid":"wrtComp_08"},
{"name":"SetServices", "ph":"E", "ts":"2526470313", "pid":"1", "tid":"wrtComp_08"},
{"name":"wrt_initialize_p1", "ph":"B", "ts":"2526470692", "pid":"1", "tid":"wrtComp_08"},
{"name":"wrt_initialize_p1", "ph":"E", "ts":"2526995024", "pid":"1", "tid":"wrtComp_08"},
{"name":"wrt_run", "ph":"B", "ts":"2828493177", "pid":"1", "tid":"wrtComp_08"},
{"name":"wrt_run", "ph":"E", "ts":"2886767844", "pid":"1", "tid":"wrtComp_08"},
{"name":"wrt_run", "ph":"B", "ts":"2981679657", "pid":"1", "tid":"wrtComp_08"},
{"name":"wrt_run", "ph":"E", "ts":"3039267918", "pid":"1", "tid":"wrtComp_08"},
{"name":"wrt_run", "ph":"B", "ts":"3146240664", "pid":"1", "tid":"wrtComp_08"},
{"name":"wrt_run", "ph":"E", "ts":"3205152321", "pid":"1", "tid":"wrtComp_08"},
{"name":"wrt_run", "ph":"B", "ts":"3301933113", "pid":"1", "tid":"wrtComp_08"},
{"name":"wrt_run", "ph":"E", "ts":"3359051440", "pid":"1", "tid":"wrtComp_08"},
{"name":"wrt_run", "ph":"B", "ts":"3483426635", "pid":"1", "tid":"wrtComp_08"},
{"name":"wrt_run", "ph":"E", "ts":"3541265192", "pid":"1", "tid":"wrtComp_08"},
{"name":"wrt_run", "ph":"B", "ts":"3637288979", "pid":"1", "tid":"wrtComp_08"},
{"name":"wrt_run", "ph":"E", "ts":"3696240124", "pid":"1", "tid":"wrtComp_08"},
{"name":"wrt_run", "ph":"B", "ts":"3793031858", "pid":"1", "tid":"wrtComp_08"},
{"name":"wrt_run", "ph":"E", "ts":"3849962412", "pid":"1", "tid":"wrtComp_08"},
{"name":"wrt_run", "ph":"B", "ts":"3947079867", "pid":"1", "tid":"wrtComp_08"},
{"name":"wrt_run", "ph":"E", "ts":"4005013858", "pid":"1", "tid":"wrtComp_08"},
{"name":"wrt_run", "ph":"B", "ts":"4099089428", "pid":"1", "tid":"wrtComp_08"},
{"name":"wrt_run", "ph":"E", "ts":"4157272301", "pid":"1", "tid":"wrtComp_08"},
{"name":"wrt_run", "ph":"B", "ts":"4282404058", "pid":"1", "tid":"wrtComp_08"},
{"name":"wrt_run", "ph":"E", "ts":"4339737667", "pid":"1", "tid":"wrtComp_08"},
{"name":"wrt_run", "ph":"B", "ts":"4437590662", "pid":"1", "tid":"wrtComp_08"},
{"name":"wrt_run", "ph":"E", "ts":"4496000508", "pid":"1", "tid":"wrtComp_08"},
{"name":"wrt_run", "ph":"B", "ts":"4595982225", "pid":"1", "tid":"wrtComp_08"},
{"name":"wrt_run", "ph":"E", "ts":"4655067410", "pid":"1", "tid":"wrtComp_08"},
{"name":"wrt_run", "ph":"B", "ts":"4755807724", "pid":"1", "tid":"wrtComp_08"},
{"name":"wrt_run", "ph":"E", "ts":"4812888691", "pid":"1", "tid":"wrtComp_08"},
{"name":"wrt_run", "ph":"B", "ts":"4940167041", "pid":"1", "tid":"wrtComp_08"},
{"name":"wrt_run", "ph":"E", "ts":"4998045851", "pid":"1", "tid":"wrtComp_08"},
{"name":"wrt_run", "ph":"B", "ts":"5099446113", "pid":"1", "tid":"wrtComp_08"},
{"name":"wrt_run", "ph":"E", "ts":"5157922831", "pid":"1", "tid":"wrtComp_08"},
{"name":"wrt_run", "ph":"B", "ts":"5516566378", "pid":"1", "tid":"wrtComp_08"},
{"name":"wrt_run", "ph":"E", "ts":"5576269522", "pid":"1", "tid":"wrtComp_08"},
{"name":"wrt_run", "ph":"B", "ts":"6037791763", "pid":"1", "tid":"wrtComp_08"},
{"name":"wrt_run", "ph":"E", "ts":"6096695926", "pid":"1", "tid":"wrtComp_08"},
{"name":"wrt_run", "ph":"B", "ts":"6586681164", "pid":"1", "tid":"wrtComp_08"},
{"name":"wrt_run", "ph":"E", "ts":"6644655680", "pid":"1", "tid":"wrtComp_08"},
{"name":"wrt_run", "ph":"B", "ts":"7048609885", "pid":"1", "tid":"wrtComp_08"},
{"name":"wrt_run", "ph":"E", "ts":"7107040954", "pid":"1", "tid":"wrtComp_08"},
{"name":"wrt_run", "ph":"B", "ts":"7536309056", "pid":"1", "tid":"wrtComp_08"},
{"name":"wrt_run", "ph":"E", "ts":"7595118529", "pid":"1", "tid":"wrtComp_08"},
{"name":"wrt_run", "ph":"B", "ts":"8033193351", "pid":"1", "tid":"wrtComp_08"},
{"name":"wrt_run", "ph":"E", "ts":"8092125978", "pid":"1", "tid":"wrtComp_08"},
{"name":"wrt_run", "ph":"B", "ts":"8490998298", "pid":"1", "tid":"wrtComp_08"},
{"name":"wrt_run", "ph":"E", "ts":"8549483536", "pid":"1", "tid":"wrtComp_08"},
{"name":"wrt_run", "ph":"B", "ts":"8987672017", "pid":"1", "tid":"wrtComp_08"},
{"name":"wrt_run", "ph":"E", "ts":"9046002536", "pid":"1", "tid":"wrtComp_08"},
{"name":"wrt_run", "ph":"B", "ts":"9480239875", "pid":"1", "tid":"wrtComp_08"},
{"name":"wrt_run", "ph":"E", "ts":"9539380203", "pid":"1", "tid":"wrtComp_08"},
{"name":"wrt_run", "ph":"B", "ts":"9971469443", "pid":"1", "tid":"wrtComp_08"},
{"name":"wrt_run", "ph":"E", "ts":"10032795666", "pid":"1", "tid":"wrtComp_08"},
{"name":"wrt_run", "ph":"B", "ts":"10468984877", "pid":"1", "tid":"wrtComp_08"},
{"name":"wrt_run", "ph":"E", "ts":"10527923910", "pid":"1", "tid":"wrtComp_08"},
{"name":"wrt_finalize", "ph":"B", "ts":"10527984668", "pid":"1", "tid":"wrtComp_08"},
{"name":"wrt_finalize", "ph":"E", "ts":"10528017611", "pid":"1", "tid":"wrtComp_08"},
