{"name":"SetServices", "ph":"B", "ts":"1742862880", "pid":"1", "tid":"wave"},
{"name":"SetServices", "ph":"E", "ts":"1742864425", "pid":"1", "tid":"wave"},
{"name":"InitializeP0", "ph":"B", "ts":"1742868708", "pid":"1", "tid":"wave"},
{"name":"InitializeP0", "ph":"E", "ts":"1742868802", "pid":"1", "tid":"wave"},
{"name":"InitializeAdvertise", "ph":"B", "ts":"1746565634", "pid":"1", "tid":"wave"},
{"name":"InitializeAdvertise", "ph":"E", "ts":"1800251277", "pid":"1", "tid":"wave"},
{"name":"InitializeRealize", "ph":"B", "ts":"1853593281", "pid":"1", "tid":"wave"},
{"name":"InitializeRealize", "ph":"E", "ts":"1862134437", "pid":"1", "tid":"wave"},
{"name":"DataInitialize", "ph":"B", "ts":"1893028878", "pid":"1", "tid":"wave"},
{"name":"DataInitialize", "ph":"E", "ts":"1893047977", "pid":"1", "tid":"wave"},
{"name":"ModelSetRunClock", "ph":"B", "ts":"1919931535", "pid":"1", "tid":"wave"},
{"name":"ModelSetRunClock", "ph":"E", "ts":"1919940365", "pid":"1", "tid":"wave"},
{"name":"ModelAdvance", "ph":"B", "ts":"1919940445", "pid":"1", "tid":"wave"},
{"name":"ModelAdvance", "ph":"E", "ts":"1946100111", "pid":"1", "tid":"wave"},
{"name":"ModelSetRunClock", "ph":"B", "ts":"1967851962", "pid":"1", "tid":"wave"},
{"name":"ModelSetRunClock", "ph":"E", "ts":"1967852082", "pid":"1", "tid":"wave"},
{"name":"ModelAdvance", "ph":"B", "ts":"1967852222", "pid":"1", "tid":"wave"},
{"name":"ModelAdvance", "ph":"E", "ts":"2004801222", "pid":"1", "tid":"wave"},
{"name":"ModelSetRunClock", "ph":"B", "ts":"2015361902", "pid":"1", "tid":"wave"},
{"name":"ModelSetRunClock", "ph":"E", "ts":"2015361963", "pid":"1", "tid":"wave"},
{"name":"ModelAdvance", "ph":"B", "ts":"2015362038", "pid":"1", "tid":"wave"},
{"name":"ModelAdvance", "ph":"E", "ts":"2059777256", "pid":"1", "tid":"wave"},
{"name":"ModelSetRunClock", "ph":"B", "ts":"2069137175", "pid":"1", "tid":"wave"},
{"name":"ModelSetRunClock", "ph":"E", "ts":"2069137229", "pid":"1", "tid":"wave"},
{"name":"ModelAdvance", "ph":"B", "ts":"2069137324", "pid":"1", "tid":"wave"},
{"name":"ModelAdvance", "ph":"E", "ts":"2107575015", "pid":"1", "tid":"wave"},
{"name":"ModelSetRunClock", "ph":"B", "ts":"2116706903", "pid":"1", "tid":"wave"},
{"name":"ModelSetRunClock", "ph":"E", "ts":"2116706961", "pid":"1", "tid":"wave"},
{"name":"ModelAdvance", "ph":"B", "ts":"2116707042", "pid":"1", "tid":"wave"},
{"name":"ModelAdvance", "ph":"E", "ts":"2153835211", "pid":"1", "tid":"wave"},
{"name":"ModelSetRunClock", "ph":"B", "ts":"2163846102", "pid":"1", "tid":"wave"},
{"name":"ModelSetRunClock", "ph":"E", "ts":"2163846194", "pid":"1", "tid":"wave"},
{"name":"ModelAdvance", "ph":"B", "ts":"2163846305", "pid":"1", "tid":"wave"},
{"name":"ModelAdvance", "ph":"E", "ts":"2190774684", "pid":"1", "tid":"wave"},
{"name":"ModelSetRunClock", "ph":"B", "ts":"2202768277", "pid":"1", "tid":"wave"},
{"name":"ModelSetRunClock", "ph":"E", "ts":"2202768338", "pid":"1", "tid":"wave"},
{"name":"ModelAdvance", "ph":"B", "ts":"2202768421", "pid":"1", "tid":"wave"},
{"name":"ModelAdvance", "ph":"E", "ts":"2226564520", "pid":"1", "tid":"wave"},
{"name":"ModelSetRunClock", "ph":"B", "ts":"2240854903", "pid":"1", "tid":"wave"},
{"name":"ModelSetRunClock", "ph":"E", "ts":"2240854965", "pid":"1", "tid":"wave"},
{"name":"ModelAdvance", "ph":"B", "ts":"2240855065", "pid":"1", "tid":"wave"},
{"name":"ModelAdvance", "ph":"E", "ts":"2263506947", "pid":"1", "tid":"wave"},
{"name":"ModelSetRunClock", "ph":"B", "ts":"2275694608", "pid":"1", "tid":"wave"},
{"name":"ModelSetRunClock", "ph":"E", "ts":"2275694664", "pid":"1", "tid":"wave"},
{"name":"ModelAdvance", "ph":"B", "ts":"2275694747", "pid":"1", "tid":"wave"},
{"name":"ModelAdvance", "ph":"E", "ts":"2296635079", "pid":"1", "tid":"wave"},
{"name":"ModelSetRunClock", "ph":"B", "ts":"2313412802", "pid":"1", "tid":"wave"},
{"name":"ModelSetRunClock", "ph":"E", "ts":"2313412930", "pid":"1", "tid":"wave"},
{"name":"ModelAdvance", "ph":"B", "ts":"2313413015", "pid":"1", "tid":"wave"},
{"name":"ModelAdvance", "ph":"E", "ts":"2334056090", "pid":"1", "tid":"wave"},
{"name":"ModelSetRunClock", "ph":"B", "ts":"2348245869", "pid":"1", "tid":"wave"},
{"name":"ModelSetRunClock", "ph":"E", "ts":"2348246055", "pid":"1", "tid":"wave"},
{"name":"ModelAdvance", "ph":"B", "ts":"2348246148", "pid":"1", "tid":"wave"},
{"name":"ModelAdvance", "ph":"E", "ts":"2368075395", "pid":"1", "tid":"wave"},
{"name":"ModelSetRunClock", "ph":"B", "ts":"2385864490", "pid":"1", "tid":"wave"},
{"name":"ModelSetRunClock", "ph":"E", "ts":"2385864608", "pid":"1", "tid":"wave"},
{"name":"ModelAdvance", "ph":"B", "ts":"2385864690", "pid":"1", "tid":"wave"},
{"name":"ModelAdvance", "ph":"E", "ts":"2429652273", "pid":"1", "tid":"wave"},
{"name":"ModelSetRunClock", "ph":"B", "ts":"2437072170", "pid":"1", "tid":"wave"},
{"name":"ModelSetRunClock", "ph":"E", "ts":"2437072247", "pid":"1", "tid":"wave"},
{"name":"ModelAdvance", "ph":"B", "ts":"2437072345", "pid":"1", "tid":"wave"},
{"name":"ModelAdvance", "ph":"E", "ts":"2456378222", "pid":"1", "tid":"wave"},
{"name":"ModelSetRunClock", "ph":"B", "ts":"2473996845", "pid":"1", "tid":"wave"},
{"name":"ModelSetRunClock", "ph":"E", "ts":"2473996892", "pid":"1", "tid":"wave"},
{"name":"ModelAdvance", "ph":"B", "ts":"2473996971", "pid":"1", "tid":"wave"},
{"name":"ModelAdvance", "ph":"E", "ts":"2493825407", "pid":"1", "tid":"wave"},
{"name":"ModelSetRunClock", "ph":"B", "ts":"2508872257", "pid":"1", "tid":"wave"},
{"name":"ModelSetRunClock", "ph":"E", "ts":"2508872314", "pid":"1", "tid":"wave"},
{"name":"ModelAdvance", "ph":"B", "ts":"2508872396", "pid":"1", "tid":"wave"},
{"name":"ModelAdvance", "ph":"E", "ts":"2528287886", "pid":"1", "tid":"wave"},
{"name":"ModelSetRunClock", "ph":"B", "ts":"2547364611", "pid":"1", "tid":"wave"},
{"name":"ModelSetRunClock", "ph":"E", "ts":"2547364871", "pid":"1", "tid":"wave"},
{"name":"ModelAdvance", "ph":"B", "ts":"2547365046", "pid":"1", "tid":"wave"},
{"name":"ModelAdvance", "ph":"E", "ts":"2567408155", "pid":"1", "tid":"wave"},
{"name":"ModelSetRunClock", "ph":"B", "ts":"2582249033", "pid":"1", "tid":"wave"},
{"name":"ModelSetRunClock", "ph":"E", "ts":"2582249175", "pid":"1", "tid":"wave"},
{"name":"ModelAdvance", "ph":"B", "ts":"2582249292", "pid":"1", "tid":"wave"},
{"name":"ModelAdvance", "ph":"E", "ts":"2602159484", "pid":"1", "tid":"wave"},
{"name":"ModelSetRunClock", "ph":"B", "ts":"2620368940", "pid":"1", "tid":"wave"},
{"name":"ModelSetRunClock", "ph":"E", "ts":"2620369093", "pid":"1", "tid":"wave"},
{"name":"ModelAdvance", "ph":"B", "ts":"2620369178", "pid":"1", "tid":"wave"},
{"name":"ModelAdvance", "ph":"E", "ts":"2664905547", "pid":"1", "tid":"wave"},
{"name":"ModelSetRunClock", "ph":"B", "ts":"2672294007", "pid":"1", "tid":"wave"},
{"name":"ModelSetRunClock", "ph":"E", "ts":"2672294084", "pid":"1", "tid":"wave"},
{"name":"ModelAdvance", "ph":"B", "ts":"2672294181", "pid":"1", "tid":"wave"},
{"name":"ModelAdvance", "ph":"E", "ts":"2692603804", "pid":"1", "tid":"wave"},
{"name":"ModelSetRunClock", "ph":"B", "ts":"2709066817", "pid":"1", "tid":"wave"},
{"name":"ModelSetRunClock", "ph":"E", "ts":"2709066861", "pid":"1", "tid":"wave"},
{"name":"ModelAdvance", "ph":"B", "ts":"2709066946", "pid":"1", "tid":"wave"},
{"name":"ModelAdvance", "ph":"E", "ts":"2730109480", "pid":"1", "tid":"wave"},
{"name":"ModelSetRunClock", "ph":"B", "ts":"2743985119", "pid":"1", "tid":"wave"},
{"name":"ModelSetRunClock", "ph":"E", "ts":"2743985240", "pid":"1", "tid":"wave"},
{"name":"ModelAdvance", "ph":"B", "ts":"2743985329", "pid":"1", "tid":"wave"},
{"name":"ModelAdvance", "ph":"E", "ts":"2764635840", "pid":"1", "tid":"wave"},
{"name":"ModelSetRunClock", "ph":"B", "ts":"2782201047", "pid":"1", "tid":"wave"},
{"name":"ModelSetRunClock", "ph":"E", "ts":"2782201225", "pid":"1", "tid":"wave"},
{"name":"ModelAdvance", "ph":"B", "ts":"2782201367", "pid":"1", "tid":"wave"},
{"name":"ModelAdvance", "ph":"E", "ts":"2803164274", "pid":"1", "tid":"wave"},
{"name":"ModelSetRunClock", "ph":"B", "ts":"2816922185", "pid":"1", "tid":"wave"},
{"name":"ModelSetRunClock", "ph":"E", "ts":"2816922322", "pid":"1", "tid":"wave"},
{"name":"ModelAdvance", "ph":"B", "ts":"2816922410", "pid":"1", "tid":"wave"},
{"name":"ModelAdvance", "ph":"E", "ts":"2837335496", "pid":"1", "tid":"wave"},
{"name":"ModelSetRunClock", "ph":"B", "ts":"2855195956", "pid":"1", "tid":"wave"},
{"name":"ModelSetRunClock", "ph":"E", "ts":"2855196213", "pid":"1", "tid":"wave"},
{"name":"ModelAdvance", "ph":"B", "ts":"2855196370", "pid":"1", "tid":"wave"},
{"name":"ModelAdvance", "ph":"E", "ts":"2900630858", "pid":"1", "tid":"wave"},
{"name":"ModelFinalize", "ph":"B", "ts":"2900656578", "pid":"1", "tid":"wave"},
{"name":"ModelFinalize", "ph":"E", "ts":"2900656606", "pid":"1", "tid":"wave"},
