{"name":"SetServices", "ph":"B", "ts":"1742362151", "pid":"1", "tid":"mom"},
{"name":"SetServices", "ph":"E", "ts":"1742364048", "pid":"1", "tid":"mom"},
{"name":"InitializeP0", "ph":"B", "ts":"1742837587", "pid":"1", "tid":"mom"},
{"name":"InitializeP0", "ph":"E", "ts":"1742840349", "pid":"1", "tid":"mom"},
{"name":"InitializeAdvertise", "ph":"B", "ts":"1746567619", "pid":"1", "tid":"mom"},
{"name":"InitializeAdvertise", "ph":"E", "ts":"1803837215", "pid":"1", "tid":"mom"},
{"name":"InitializeRealize", "ph":"B", "ts":"1853399959", "pid":"1", "tid":"mom"},
{"name":"InitializeRealize", "ph":"E", "ts":"1856376620", "pid":"1", "tid":"mom"},
{"name":"DataInitialize", "ph":"B", "ts":"1890527961", "pid":"1", "tid":"mom"},
{"name":"DataInitialize", "ph":"E", "ts":"1890530520", "pid":"1", "tid":"mom"},
{"name":"ModelSetRunClock", "ph":"B", "ts":"1919963149", "pid":"1", "tid":"mom"},
{"name":"ModelSetRunClock", "ph":"E", "ts":"1919971992", "pid":"1", "tid":"mom"},
{"name":"ModelAdvance", "ph":"B", "ts":"1919972159", "pid":"1", "tid":"mom"},
{"name":"ModelAdvance", "ph":"E", "ts":"1936150222", "pid":"1", "tid":"mom"},
{"name":"ModelSetRunClock", "ph":"B", "ts":"1967864825", "pid":"1", "tid":"mom"},
{"name":"ModelSetRunClock", "ph":"E", "ts":"1967864915", "pid":"1", "tid":"mom"},
{"name":"ModelAdvance", "ph":"B", "ts":"1967865094", "pid":"1", "tid":"mom"},
{"name":"ModelAdvance", "ph":"E", "ts":"1982928636", "pid":"1", "tid":"mom"},
{"name":"ModelSetRunClock", "ph":"B", "ts":"2015374734", "pid":"1", "tid":"mom"},
{"name":"ModelSetRunClock", "ph":"E", "ts":"2015374805", "pid":"1", "tid":"mom"},
{"name":"ModelAdvance", "ph":"B", "ts":"2015374959", "pid":"1", "tid":"mom"},
{"name":"ModelAdvance", "ph":"E", "ts":"2040525051", "pid":"1", "tid":"mom"},
{"name":"ModelSetRunClock", "ph":"B", "ts":"2069194710", "pid":"1", "tid":"mom"},
{"name":"ModelSetRunClock", "ph":"E", "ts":"2069194798", "pid":"1", "tid":"mom"},
{"name":"ModelAdvance", "ph":"B", "ts":"2069194982", "pid":"1", "tid":"mom"},
{"name":"ModelAdvance", "ph":"E", "ts":"2084236340", "pid":"1", "tid":"mom"},
{"name":"ModelSetRunClock", "ph":"B", "ts":"2116710470", "pid":"1", "tid":"mom"},
{"name":"ModelSetRunClock", "ph":"E", "ts":"2116710543", "pid":"1", "tid":"mom"},
{"name":"ModelAdvance", "ph":"B", "ts":"2116710697", "pid":"1", "tid":"mom"},
{"name":"ModelAdvance", "ph":"E", "ts":"2141204566", "pid":"1", "tid":"mom"},
{"name":"ModelSetRunClock", "ph":"B", "ts":"2163867649", "pid":"1", "tid":"mom"},
{"name":"ModelSetRunClock", "ph":"E", "ts":"2163867730", "pid":"1", "tid":"mom"},
{"name":"ModelAdvance", "ph":"B", "ts":"2163867891", "pid":"1", "tid":"mom"},
{"name":"ModelAdvance", "ph":"E", "ts":"2179026760", "pid":"1", "tid":"mom"},
{"name":"ModelSetRunClock", "ph":"B", "ts":"2202795152", "pid":"1", "tid":"mom"},
{"name":"ModelSetRunClock", "ph":"E", "ts":"2202795236", "pid":"1", "tid":"mom"},
{"name":"ModelAdvance", "ph":"B", "ts":"2202795445", "pid":"1", "tid":"mom"},
{"name":"ModelAdvance", "ph":"E", "ts":"2225984145", "pid":"1", "tid":"mom"},
{"name":"ModelSetRunClock", "ph":"B", "ts":"2240899776", "pid":"1", "tid":"mom"},
{"name":"ModelSetRunClock", "ph":"E", "ts":"2240899855", "pid":"1", "tid":"mom"},
{"name":"ModelAdvance", "ph":"B", "ts":"2240900012", "pid":"1", "tid":"mom"},
{"name":"ModelAdvance", "ph":"E", "ts":"2255915450", "pid":"1", "tid":"mom"},
{"name":"ModelSetRunClock", "ph":"B", "ts":"2275734424", "pid":"1", "tid":"mom"},
{"name":"ModelSetRunClock", "ph":"E", "ts":"2275734629", "pid":"1", "tid":"mom"},
{"name":"ModelAdvance", "ph":"B", "ts":"2275734825", "pid":"1", "tid":"mom"},
{"name":"ModelAdvance", "ph":"E", "ts":"2298320043", "pid":"1", "tid":"mom"},
{"name":"ModelSetRunClock", "ph":"B", "ts":"2313418984", "pid":"1", "tid":"mom"},
{"name":"ModelSetRunClock", "ph":"E", "ts":"2313419203", "pid":"1", "tid":"mom"},
{"name":"ModelAdvance", "ph":"B", "ts":"2313419385", "pid":"1", "tid":"mom"},
{"name":"ModelAdvance", "ph":"E", "ts":"2328521725", "pid":"1", "tid":"mom"},
{"name":"ModelSetRunClock", "ph":"B", "ts":"2348256894", "pid":"1", "tid":"mom"},
{"name":"ModelSetRunClock", "ph":"E", "ts":"2348256971", "pid":"1", "tid":"mom"},
{"name":"ModelAdvance", "ph":"B", "ts":"2348257255", "pid":"1", "tid":"mom"},
{"name":"ModelAdvance", "ph":"E", "ts":"2371583368", "pid":"1", "tid":"mom"},
{"name":"ModelSetRunClock", "ph":"B", "ts":"2385887523", "pid":"1", "tid":"mom"},
{"name":"ModelSetRunClock", "ph":"E", "ts":"2385887605", "pid":"1", "tid":"mom"},
{"name":"ModelAdvance", "ph":"B", "ts":"2385887766", "pid":"1", "tid":"mom"},
{"name":"ModelAdvance", "ph":"E", "ts":"2421245448", "pid":"1", "tid":"mom"},
{"name":"ModelSetRunClock", "ph":"B", "ts":"2437073363", "pid":"1", "tid":"mom"},
{"name":"ModelSetRunClock", "ph":"E", "ts":"2437073532", "pid":"1", "tid":"mom"},
{"name":"ModelAdvance", "ph":"B", "ts":"2437073696", "pid":"1", "tid":"mom"},
{"name":"ModelAdvance", "ph":"E", "ts":"2460268662", "pid":"1", "tid":"mom"},
{"name":"ModelSetRunClock", "ph":"B", "ts":"2474016029", "pid":"1", "tid":"mom"},
{"name":"ModelSetRunClock", "ph":"E", "ts":"2474016245", "pid":"1", "tid":"mom"},
{"name":"ModelAdvance", "ph":"B", "ts":"2474016408", "pid":"1", "tid":"mom"},
{"name":"ModelAdvance", "ph":"E", "ts":"2488580697", "pid":"1", "tid":"mom"},
{"name":"ModelSetRunClock", "ph":"B", "ts":"2508893785", "pid":"1", "tid":"mom"},
{"name":"ModelSetRunClock", "ph":"E", "ts":"2508894011", "pid":"1", "tid":"mom"},
{"name":"ModelAdvance", "ph":"B", "ts":"2508894187", "pid":"1", "tid":"mom"},
{"name":"ModelAdvance", "ph":"E", "ts":"2531950064", "pid":"1", "tid":"mom"},
{"name":"ModelSetRunClock", "ph":"B", "ts":"2547404982", "pid":"1", "tid":"mom"},
{"name":"ModelSetRunClock", "ph":"E", "ts":"2547405192", "pid":"1", "tid":"mom"},
{"name":"ModelAdvance", "ph":"B", "ts":"2547405350", "pid":"1", "tid":"mom"},
{"name":"ModelAdvance", "ph":"E", "ts":"2561941812", "pid":"1", "tid":"mom"},
{"name":"ModelSetRunClock", "ph":"B", "ts":"2582251075", "pid":"1", "tid":"mom"},
{"name":"ModelSetRunClock", "ph":"E", "ts":"2582251281", "pid":"1", "tid":"mom"},
{"name":"ModelAdvance", "ph":"B", "ts":"2582251436", "pid":"1", "tid":"mom"},
{"name":"ModelAdvance", "ph":"E", "ts":"2605601914", "pid":"1", "tid":"mom"},
{"name":"ModelSetRunClock", "ph":"B", "ts":"2620391944", "pid":"1", "tid":"mom"},
{"name":"ModelSetRunClock", "ph":"E", "ts":"2620392157", "pid":"1", "tid":"mom"},
{"name":"ModelAdvance", "ph":"B", "ts":"2620392321", "pid":"1", "tid":"mom"},
{"name":"ModelAdvance", "ph":"E", "ts":"2656142492", "pid":"1", "tid":"mom"},
{"name":"ModelSetRunClock", "ph":"B", "ts":"2672295353", "pid":"1", "tid":"mom"},
{"name":"ModelSetRunClock", "ph":"E", "ts":"2672295427", "pid":"1", "tid":"mom"},
{"name":"ModelAdvance", "ph":"B", "ts":"2672295586", "pid":"1", "tid":"mom"},
{"name":"ModelAdvance", "ph":"E", "ts":"2695431935", "pid":"1", "tid":"mom"},
{"name":"ModelSetRunClock", "ph":"B", "ts":"2709093735", "pid":"1", "tid":"mom"},
{"name":"ModelSetRunClock", "ph":"E", "ts":"2709093919", "pid":"1", "tid":"mom"},
{"name":"ModelAdvance", "ph":"B", "ts":"2709094079", "pid":"1", "tid":"mom"},
{"name":"ModelAdvance", "ph":"E", "ts":"2723640689", "pid":"1", "tid":"mom"},
{"name":"ModelSetRunClock", "ph":"B", "ts":"2743992026", "pid":"1", "tid":"mom"},
{"name":"ModelSetRunClock", "ph":"E", "ts":"2743992254", "pid":"1", "tid":"mom"},
{"name":"ModelAdvance", "ph":"B", "ts":"2743992415", "pid":"1", "tid":"mom"},
{"name":"ModelAdvance", "ph":"E", "ts":"2767394940", "pid":"1", "tid":"mom"},
{"name":"ModelSetRunClock", "ph":"B", "ts":"2782240124", "pid":"1", "tid":"mom"},
{"name":"ModelSetRunClock", "ph":"E", "ts":"2782240355", "pid":"1", "tid":"mom"},
{"name":"ModelAdvance", "ph":"B", "ts":"2782240540", "pid":"1", "tid":"mom"},
{"name":"ModelAdvance", "ph":"E", "ts":"2797034526", "pid":"1", "tid":"mom"},
{"name":"ModelSetRunClock", "ph":"B", "ts":"2816927533", "pid":"1", "tid":"mom"},
{"name":"ModelSetRunClock", "ph":"E", "ts":"2816927745", "pid":"1", "tid":"mom"},
{"name":"ModelAdvance", "ph":"B", "ts":"2816927908", "pid":"1", "tid":"mom"},
{"name":"ModelAdvance", "ph":"E", "ts":"2840510124", "pid":"1", "tid":"mom"},
{"name":"ModelSetRunClock", "ph":"B", "ts":"2855234367", "pid":"1", "tid":"mom"},
{"name":"ModelSetRunClock", "ph":"E", "ts":"2855234598", "pid":"1", "tid":"mom"},
{"name":"ModelAdvance", "ph":"B", "ts":"2855234768", "pid":"1", "tid":"mom"},
{"name":"ModelAdvance", "ph":"E", "ts":"2892140525", "pid":"1", "tid":"mom"},
{"name":"ocean_model_finalize", "ph":"B", "ts":"2892146132", "pid":"1", "tid":"mom"},
{"name":"ocean_model_finalize", "ph":"E", "ts":"2901549086", "pid":"1", "tid":"mom"},
