{"name":"SetServices", "ph":"B", "ts":"1742387306", "pid":"1", "tid":"cice"},
{"name":"SetServices", "ph":"E", "ts":"1742794816", "pid":"1", "tid":"cice"},
{"name":"InitializeP0", "ph":"B", "ts":"1742837269", "pid":"1", "tid":"cice"},
{"name":"InitializeP0", "ph":"E", "ts":"1742837384", "pid":"1", "tid":"cice"},
{"name":"InitializeAdvertise", "ph":"B", "ts":"1746567537", "pid":"1", "tid":"cice"},
{"name":"InitializeAdvertise", "ph":"E", "ts":"1751400351", "pid":"1", "tid":"cice"},
{"name":"InitializeRealize", "ph":"B", "ts":"1853530672", "pid":"1", "tid":"cice"},
{"name":"InitializeRealize", "ph":"E", "ts":"1862261733", "pid":"1", "tid":"cice"},
{"name":"ModelAdvance", "ph":"B", "ts":"1920362354", "pid":"1", "tid":"cice"},
{"name":"ModelAdvance", "ph":"E", "ts":"1923001302", "pid":"1", "tid":"cice"},
{"name":"ModelAdvance", "ph":"B", "ts":"1936136866", "pid":"1", "tid":"cice"},
{"name":"ModelAdvance", "ph":"E", "ts":"1938670403", "pid":"1", "tid":"cice"},
{"name":"ModelAdvance", "ph":"B", "ts":"1939101978", "pid":"1", "tid":"cice"},
{"name":"ModelAdvance", "ph":"E", "ts":"1941562909", "pid":"1", "tid":"cice"},
{"name":"ModelAdvance", "ph":"B", "ts":"1941919215", "pid":"1", "tid":"cice"},
{"name":"ModelAdvance", "ph":"E", "ts":"1944421520", "pid":"1", "tid":"cice"},
{"name":"ModelAdvance", "ph":"B", "ts":"1944831237", "pid":"1", "tid":"cice"},
{"name":"ModelAdvance", "ph":"E", "ts":"1947277177", "pid":"1", "tid":"cice"},
{"name":"ModelAdvance", "ph":"B", "ts":"1947672197", "pid":"1", "tid":"cice"},
{"name":"ModelAdvance", "ph":"E", "ts":"1950234982", "pid":"1", "tid":"cice"},
{"name":"ModelAdvance", "ph":"B", "ts":"1950621303", "pid":"1", "tid":"cice"},
{"name":"ModelAdvance", "ph":"E", "ts":"1953080352", "pid":"1", "tid":"cice"},
{"name":"ModelAdvance", "ph":"B", "ts":"1953474333", "pid":"1", "tid":"cice"},
{"name":"ModelAdvance", "ph":"E", "ts":"1955921866", "pid":"1", "tid":"cice"},
{"name":"ModelAdvance", "ph":"B", "ts":"1956235562", "pid":"1", "tid":"cice"},
{"name":"ModelAdvance", "ph":"E", "ts":"1958808543", "pid":"1", "tid":"cice"},
{"name":"ModelAdvance", "ph":"B", "ts":"1959200710", "pid":"1", "tid":"cice"},
{"name":"ModelAdvance", "ph":"E", "ts":"1961641150", "pid":"1", "tid":"cice"},
{"name":"ModelAdvance", "ph":"B", "ts":"1962074534", "pid":"1", "tid":"cice"},
{"name":"ModelAdvance", "ph":"E", "ts":"1964537270", "pid":"1", "tid":"cice"},
{"name":"ModelAdvance", "ph":"B", "ts":"1964915878", "pid":"1", "tid":"cice"},
{"name":"ModelAdvance", "ph":"E", "ts":"1967363562", "pid":"1", "tid":"cice"},
{"name":"ModelAdvance", "ph":"B", "ts":"1968017637", "pid":"1", "tid":"cice"},
{"name":"ModelAdvance", "ph":"E", "ts":"1970527027", "pid":"1", "tid":"cice"},
{"name":"ModelAdvance", "ph":"B", "ts":"1970919959", "pid":"1", "tid":"cice"},
{"name":"ModelAdvance", "ph":"E", "ts":"1973443883", "pid":"1", "tid":"cice"},
{"name":"ModelAdvance", "ph":"B", "ts":"1973840150", "pid":"1", "tid":"cice"},
{"name":"ModelAdvance", "ph":"E", "ts":"1976341770", "pid":"1", "tid":"cice"},
{"name":"ModelAdvance", "ph":"B", "ts":"1976720304", "pid":"1", "tid":"cice"},
{"name":"ModelAdvance", "ph":"E", "ts":"1979168181", "pid":"1", "tid":"cice"},
{"name":"ModelAdvance", "ph":"B", "ts":"1979525058", "pid":"1", "tid":"cice"},
{"name":"ModelAdvance", "ph":"E", "ts":"1982013636", "pid":"1", "tid":"cice"},
{"name":"ModelAdvance", "ph":"B", "ts":"1982365938", "pid":"1", "tid":"cice"},
{"name":"ModelAdvance", "ph":"E", "ts":"1984860155", "pid":"1", "tid":"cice"},
{"name":"ModelAdvance", "ph":"B", "ts":"1985257113", "pid":"1", "tid":"cice"},
{"name":"ModelAdvance", "ph":"E", "ts":"1987731399", "pid":"1", "tid":"cice"},
{"name":"ModelAdvance", "ph":"B", "ts":"1988134745", "pid":"1", "tid":"cice"},
{"name":"ModelAdvance", "ph":"E", "ts":"1990604864", "pid":"1", "tid":"cice"},
{"name":"ModelAdvance", "ph":"B", "ts":"1991020474", "pid":"1", "tid":"cice"},
{"name":"ModelAdvance", "ph":"E", "ts":"1993523174", "pid":"1", "tid":"cice"},
{"name":"ModelAdvance", "ph":"B", "ts":"1993971123", "pid":"1", "tid":"cice"},
{"name":"ModelAdvance", "ph":"E", "ts":"1996378019", "pid":"1", "tid":"cice"},
{"name":"ModelAdvance", "ph":"B", "ts":"1996780342", "pid":"1", "tid":"cice"},
{"name":"ModelAdvance", "ph":"E", "ts":"1999259334", "pid":"1", "tid":"cice"},
{"name":"ModelAdvance", "ph":"B", "ts":"1999652104", "pid":"1", "tid":"cice"},
{"name":"ModelAdvance", "ph":"E", "ts":"2002110707", "pid":"1", "tid":"cice"},
{"name":"ModelAdvance", "ph":"B", "ts":"2017909463", "pid":"1", "tid":"cice"},
{"name":"ModelAdvance", "ph":"E", "ts":"2020410199", "pid":"1", "tid":"cice"},
{"name":"ModelAdvance", "ph":"B", "ts":"2023084644", "pid":"1", "tid":"cice"},
{"name":"ModelAdvance", "ph":"E", "ts":"2025595262", "pid":"1", "tid":"cice"},
{"name":"ModelAdvance", "ph":"B", "ts":"2026085691", "pid":"1", "tid":"cice"},
{"name":"ModelAdvance", "ph":"E", "ts":"2028501975", "pid":"1", "tid":"cice"},
{"name":"ModelAdvance", "ph":"B", "ts":"2028907150", "pid":"1", "tid":"cice"},
{"name":"ModelAdvance", "ph":"E", "ts":"2031395014", "pid":"1", "tid":"cice"},
{"name":"ModelAdvance", "ph":"B", "ts":"2031809013", "pid":"1", "tid":"cice"},
{"name":"ModelAdvance", "ph":"E", "ts":"2034242432", "pid":"1", "tid":"cice"},
{"name":"ModelAdvance", "ph":"B", "ts":"2034601464", "pid":"1", "tid":"cice"},
{"name":"ModelAdvance", "ph":"E", "ts":"2037048805", "pid":"1", "tid":"cice"},
{"name":"ModelAdvance", "ph":"B", "ts":"2037413375", "pid":"1", "tid":"cice"},
{"name":"ModelAdvance", "ph":"E", "ts":"2039859055", "pid":"1", "tid":"cice"},
{"name":"ModelAdvance", "ph":"B", "ts":"2040233830", "pid":"1", "tid":"cice"},
{"name":"ModelAdvance", "ph":"E", "ts":"2042702905", "pid":"1", "tid":"cice"},
{"name":"ModelAdvance", "ph":"B", "ts":"2043150530", "pid":"1", "tid":"cice"},
{"name":"ModelAdvance", "ph":"E", "ts":"2045591546", "pid":"1", "tid":"cice"},
{"name":"ModelAdvance", "ph":"B", "ts":"2046031525", "pid":"1", "tid":"cice"},
{"name":"ModelAdvance", "ph":"E", "ts":"2048449305", "pid":"1", "tid":"cice"},
{"name":"ModelAdvance", "ph":"B", "ts":"2048829269", "pid":"1", "tid":"cice"},
{"name":"ModelAdvance", "ph":"E", "ts":"2051310199", "pid":"1", "tid":"cice"},
{"name":"ModelAdvance", "ph":"B", "ts":"2051695349", "pid":"1", "tid":"cice"},
{"name":"ModelAdvance", "ph":"E", "ts":"2054167744", "pid":"1", "tid":"cice"},
{"name":"ModelAdvance", "ph":"B", "ts":"2069286978", "pid":"1", "tid":"cice"},
{"name":"ModelAdvance", "ph":"E", "ts":"2071766708", "pid":"1", "tid":"cice"},
{"name":"ModelAdvance", "ph":"B", "ts":"2072164282", "pid":"1", "tid":"cice"},
{"name":"ModelAdvance", "ph":"E", "ts":"2074660186", "pid":"1", "tid":"cice"},
{"name":"ModelAdvance", "ph":"B", "ts":"2075110256", "pid":"1", "tid":"cice"},
{"name":"ModelAdvance", "ph":"E", "ts":"2077581000", "pid":"1", "tid":"cice"},
{"name":"ModelAdvance", "ph":"B", "ts":"2077928977", "pid":"1", "tid":"cice"},
{"name":"ModelAdvance", "ph":"E", "ts":"2080436399", "pid":"1", "tid":"cice"},
{"name":"ModelAdvance", "ph":"B", "ts":"2080810249", "pid":"1", "tid":"cice"},
{"name":"ModelAdvance", "ph":"E", "ts":"2083321429", "pid":"1", "tid":"cice"},
{"name":"ModelAdvance", "ph":"B", "ts":"2083787004", "pid":"1", "tid":"cice"},
{"name":"ModelAdvance", "ph":"E", "ts":"2086199803", "pid":"1", "tid":"cice"},
{"name":"ModelAdvance", "ph":"B", "ts":"2086609524", "pid":"1", "tid":"cice"},
{"name":"ModelAdvance", "ph":"E", "ts":"2089070238", "pid":"1", "tid":"cice"},
{"name":"ModelAdvance", "ph":"B", "ts":"2089509700", "pid":"1", "tid":"cice"},
{"name":"ModelAdvance", "ph":"E", "ts":"2091987099", "pid":"1", "tid":"cice"},
{"name":"ModelAdvance", "ph":"B", "ts":"2092384157", "pid":"1", "tid":"cice"},
{"name":"ModelAdvance", "ph":"E", "ts":"2094828289", "pid":"1", "tid":"cice"},
{"name":"ModelAdvance", "ph":"B", "ts":"2095244908", "pid":"1", "tid":"cice"},
{"name":"ModelAdvance", "ph":"E", "ts":"2097719868", "pid":"1", "tid":"cice"},
{"name":"ModelAdvance", "ph":"B", "ts":"2098084427", "pid":"1", "tid":"cice"},
{"name":"ModelAdvance", "ph":"E", "ts":"2100579185", "pid":"1", "tid":"cice"},
{"name":"ModelAdvance", "ph":"B", "ts":"2101001091", "pid":"1", "tid":"cice"},
{"name":"ModelAdvance", "ph":"E", "ts":"2103508363", "pid":"1", "tid":"cice"},
{"name":"ModelAdvance", "ph":"B", "ts":"2118446662", "pid":"1", "tid":"cice"},
{"name":"ModelAdvance", "ph":"E", "ts":"2120942981", "pid":"1", "tid":"cice"},
{"name":"ModelAdvance", "ph":"B", "ts":"2123724051", "pid":"1", "tid":"cice"},
{"name":"ModelAdvance", "ph":"E", "ts":"2126214446", "pid":"1", "tid":"cice"},
{"name":"ModelAdvance", "ph":"B", "ts":"2126627333", "pid":"1", "tid":"cice"},
{"name":"ModelAdvance", "ph":"E", "ts":"2129074664", "pid":"1", "tid":"cice"},
{"name":"ModelAdvance", "ph":"B", "ts":"2129468825", "pid":"1", "tid":"cice"},
{"name":"ModelAdvance", "ph":"E", "ts":"2131945682", "pid":"1", "tid":"cice"},
{"name":"ModelAdvance", "ph":"B", "ts":"2132259242", "pid":"1", "tid":"cice"},
{"name":"ModelAdvance", "ph":"E", "ts":"2134856716", "pid":"1", "tid":"cice"},
{"name":"ModelAdvance", "ph":"B", "ts":"2135241909", "pid":"1", "tid":"cice"},
{"name":"ModelAdvance", "ph":"E", "ts":"2137654761", "pid":"1", "tid":"cice"},
{"name":"ModelAdvance", "ph":"B", "ts":"2137988302", "pid":"1", "tid":"cice"},
{"name":"ModelAdvance", "ph":"E", "ts":"2140503872", "pid":"1", "tid":"cice"},
{"name":"ModelAdvance", "ph":"B", "ts":"2140936396", "pid":"1", "tid":"cice"},
{"name":"ModelAdvance", "ph":"E", "ts":"2143344490", "pid":"1", "tid":"cice"},
{"name":"ModelAdvance", "ph":"B", "ts":"2143726369", "pid":"1", "tid":"cice"},
{"name":"ModelAdvance", "ph":"E", "ts":"2146203067", "pid":"1", "tid":"cice"},
{"name":"ModelAdvance", "ph":"B", "ts":"2146610188", "pid":"1", "tid":"cice"},
{"name":"ModelAdvance", "ph":"E", "ts":"2149048925", "pid":"1", "tid":"cice"},
{"name":"ModelAdvance", "ph":"B", "ts":"2149488408", "pid":"1", "tid":"cice"},
{"name":"ModelAdvance", "ph":"E", "ts":"2151945013", "pid":"1", "tid":"cice"},
{"name":"ModelAdvance", "ph":"B", "ts":"2152331469", "pid":"1", "tid":"cice"},
{"name":"ModelAdvance", "ph":"E", "ts":"2154817315", "pid":"1", "tid":"cice"},
{"name":"ModelAdvance", "ph":"B", "ts":"2163973435", "pid":"1", "tid":"cice"},
{"name":"ModelAdvance", "ph":"E", "ts":"2166467347", "pid":"1", "tid":"cice"},
{"name":"ModelAdvance", "ph":"B", "ts":"2166854862", "pid":"1", "tid":"cice"},
{"name":"ModelAdvance", "ph":"E", "ts":"2169347907", "pid":"1", "tid":"cice"},
{"name":"ModelAdvance", "ph":"B", "ts":"2169781844", "pid":"1", "tid":"cice"},
{"name":"ModelAdvance", "ph":"E", "ts":"2172276994", "pid":"1", "tid":"cice"},
{"name":"ModelAdvance", "ph":"B", "ts":"2172613096", "pid":"1", "tid":"cice"},
{"name":"ModelAdvance", "ph":"E", "ts":"2175104722", "pid":"1", "tid":"cice"},
{"name":"ModelAdvance", "ph":"B", "ts":"2175490465", "pid":"1", "tid":"cice"},
{"name":"ModelAdvance", "ph":"E", "ts":"2178050894", "pid":"1", "tid":"cice"},
{"name":"ModelAdvance", "ph":"B", "ts":"2178475702", "pid":"1", "tid":"cice"},
{"name":"ModelAdvance", "ph":"E", "ts":"2180909238", "pid":"1", "tid":"cice"},
{"name":"ModelAdvance", "ph":"B", "ts":"2181323956", "pid":"1", "tid":"cice"},
{"name":"ModelAdvance", "ph":"E", "ts":"2183788193", "pid":"1", "tid":"cice"},
{"name":"ModelAdvance", "ph":"B", "ts":"2184175140", "pid":"1", "tid":"cice"},
{"name":"ModelAdvance", "ph":"E", "ts":"2186650517", "pid":"1", "tid":"cice"},
{"name":"ModelAdvance", "ph":"B", "ts":"2187083070", "pid":"1", "tid":"cice"},
{"name":"ModelAdvance", "ph":"E", "ts":"2189551124", "pid":"1", "tid":"cice"},
{"name":"ModelAdvance", "ph":"B", "ts":"2189950266", "pid":"1", "tid":"cice"},
{"name":"ModelAdvance", "ph":"E", "ts":"2192445391", "pid":"1", "tid":"cice"},
{"name":"ModelAdvance", "ph":"B", "ts":"2192834644", "pid":"1", "tid":"cice"},
{"name":"ModelAdvance", "ph":"E", "ts":"2195307694", "pid":"1", "tid":"cice"},
{"name":"ModelAdvance", "ph":"B", "ts":"2195712148", "pid":"1", "tid":"cice"},
{"name":"ModelAdvance", "ph":"E", "ts":"2200919690", "pid":"1", "tid":"cice"},
{"name":"ModelAdvance", "ph":"B", "ts":"2202858596", "pid":"1", "tid":"cice"},
{"name":"ModelAdvance", "ph":"E", "ts":"2205613033", "pid":"1", "tid":"cice"},
{"name":"ModelAdvance", "ph":"B", "ts":"2209244127", "pid":"1", "tid":"cice"},
{"name":"ModelAdvance", "ph":"E", "ts":"2211649933", "pid":"1", "tid":"cice"},
{"name":"ModelAdvance", "ph":"B", "ts":"2212052835", "pid":"1", "tid":"cice"},
{"name":"ModelAdvance", "ph":"E", "ts":"2214672848", "pid":"1", "tid":"cice"},
{"name":"ModelAdvance", "ph":"B", "ts":"2215098629", "pid":"1", "tid":"cice"},
{"name":"ModelAdvance", "ph":"E", "ts":"2217668801", "pid":"1", "tid":"cice"},
{"name":"ModelAdvance", "ph":"B", "ts":"2218059107", "pid":"1", "tid":"cice"},
{"name":"ModelAdvance", "ph":"E", "ts":"2220490058", "pid":"1", "tid":"cice"},
{"name":"ModelAdvance", "ph":"B", "ts":"2220902378", "pid":"1", "tid":"cice"},
{"name":"ModelAdvance", "ph":"E", "ts":"2223350085", "pid":"1", "tid":"cice"},
{"name":"ModelAdvance", "ph":"B", "ts":"2223765643", "pid":"1", "tid":"cice"},
{"name":"ModelAdvance", "ph":"E", "ts":"2226187026", "pid":"1", "tid":"cice"},
{"name":"ModelAdvance", "ph":"B", "ts":"2226636857", "pid":"1", "tid":"cice"},
{"name":"ModelAdvance", "ph":"E", "ts":"2229067364", "pid":"1", "tid":"cice"},
{"name":"ModelAdvance", "ph":"B", "ts":"2229515751", "pid":"1", "tid":"cice"},
{"name":"ModelAdvance", "ph":"E", "ts":"2231931418", "pid":"1", "tid":"cice"},
{"name":"ModelAdvance", "ph":"B", "ts":"2232354778", "pid":"1", "tid":"cice"},
{"name":"ModelAdvance", "ph":"E", "ts":"2234814655", "pid":"1", "tid":"cice"},
{"name":"ModelAdvance", "ph":"B", "ts":"2235262751", "pid":"1", "tid":"cice"},
{"name":"ModelAdvance", "ph":"E", "ts":"2237668887", "pid":"1", "tid":"cice"},
{"name":"ModelAdvance", "ph":"B", "ts":"2238086333", "pid":"1", "tid":"cice"},
{"name":"ModelAdvance", "ph":"E", "ts":"2240524412", "pid":"1", "tid":"cice"},
{"name":"ModelAdvance", "ph":"B", "ts":"2241055284", "pid":"1", "tid":"cice"},
{"name":"ModelAdvance", "ph":"E", "ts":"2243504475", "pid":"1", "tid":"cice"},
{"name":"ModelAdvance", "ph":"B", "ts":"2243890341", "pid":"1", "tid":"cice"},
{"name":"ModelAdvance", "ph":"E", "ts":"2246376697", "pid":"1", "tid":"cice"},
{"name":"ModelAdvance", "ph":"B", "ts":"2246777157", "pid":"1", "tid":"cice"},
{"name":"ModelAdvance", "ph":"E", "ts":"2249295100", "pid":"1", "tid":"cice"},
{"name":"ModelAdvance", "ph":"B", "ts":"2249683528", "pid":"1", "tid":"cice"},
{"name":"ModelAdvance", "ph":"E", "ts":"2252181293", "pid":"1", "tid":"cice"},
{"name":"ModelAdvance", "ph":"B", "ts":"2252608692", "pid":"1", "tid":"cice"},
{"name":"ModelAdvance", "ph":"E", "ts":"2255080894", "pid":"1", "tid":"cice"},
{"name":"ModelAdvance", "ph":"B", "ts":"2255501910", "pid":"1", "tid":"cice"},
{"name":"ModelAdvance", "ph":"E", "ts":"2257949384", "pid":"1", "tid":"cice"},
{"name":"ModelAdvance", "ph":"B", "ts":"2258389313", "pid":"1", "tid":"cice"},
{"name":"ModelAdvance", "ph":"E", "ts":"2260873642", "pid":"1", "tid":"cice"},
{"name":"ModelAdvance", "ph":"B", "ts":"2261272018", "pid":"1", "tid":"cice"},
{"name":"ModelAdvance", "ph":"E", "ts":"2263749938", "pid":"1", "tid":"cice"},
{"name":"ModelAdvance", "ph":"B", "ts":"2264190979", "pid":"1", "tid":"cice"},
{"name":"ModelAdvance", "ph":"E", "ts":"2266632145", "pid":"1", "tid":"cice"},
{"name":"ModelAdvance", "ph":"B", "ts":"2267019203", "pid":"1", "tid":"cice"},
{"name":"ModelAdvance", "ph":"E", "ts":"2269518660", "pid":"1", "tid":"cice"},
{"name":"ModelAdvance", "ph":"B", "ts":"2269984934", "pid":"1", "tid":"cice"},
{"name":"ModelAdvance", "ph":"E", "ts":"2272419993", "pid":"1", "tid":"cice"},
{"name":"ModelAdvance", "ph":"B", "ts":"2272838720", "pid":"1", "tid":"cice"},
{"name":"ModelAdvance", "ph":"E", "ts":"2275321039", "pid":"1", "tid":"cice"},
{"name":"ModelAdvance", "ph":"B", "ts":"2275782423", "pid":"1", "tid":"cice"},
{"name":"ModelAdvance", "ph":"E", "ts":"2278490490", "pid":"1", "tid":"cice"},
{"name":"ModelAdvance", "ph":"B", "ts":"2281727689", "pid":"1", "tid":"cice"},
{"name":"ModelAdvance", "ph":"E", "ts":"2284251637", "pid":"1", "tid":"cice"},
{"name":"ModelAdvance", "ph":"B", "ts":"2284496903", "pid":"1", "tid":"cice"},
{"name":"ModelAdvance", "ph":"E", "ts":"2287109998", "pid":"1", "tid":"cice"},
{"name":"ModelAdvance", "ph":"B", "ts":"2287583567", "pid":"1", "tid":"cice"},
{"name":"ModelAdvance", "ph":"E", "ts":"2290063626", "pid":"1", "tid":"cice"},
{"name":"ModelAdvance", "ph":"B", "ts":"2290502151", "pid":"1", "tid":"cice"},
{"name":"ModelAdvance", "ph":"E", "ts":"2292909296", "pid":"1", "tid":"cice"},
{"name":"ModelAdvance", "ph":"B", "ts":"2293299615", "pid":"1", "tid":"cice"},
{"name":"ModelAdvance", "ph":"E", "ts":"2295780259", "pid":"1", "tid":"cice"},
{"name":"ModelAdvance", "ph":"B", "ts":"2296147189", "pid":"1", "tid":"cice"},
{"name":"ModelAdvance", "ph":"E", "ts":"2298591742", "pid":"1", "tid":"cice"},
{"name":"ModelAdvance", "ph":"B", "ts":"2299048677", "pid":"1", "tid":"cice"},
{"name":"ModelAdvance", "ph":"E", "ts":"2301474369", "pid":"1", "tid":"cice"},
{"name":"ModelAdvance", "ph":"B", "ts":"2301911893", "pid":"1", "tid":"cice"},
{"name":"ModelAdvance", "ph":"E", "ts":"2304362584", "pid":"1", "tid":"cice"},
{"name":"ModelAdvance", "ph":"B", "ts":"2304777952", "pid":"1", "tid":"cice"},
{"name":"ModelAdvance", "ph":"E", "ts":"2307305348", "pid":"1", "tid":"cice"},
{"name":"ModelAdvance", "ph":"B", "ts":"2307731903", "pid":"1", "tid":"cice"},
{"name":"ModelAdvance", "ph":"E", "ts":"2310183297", "pid":"1", "tid":"cice"},
{"name":"ModelAdvance", "ph":"B", "ts":"2310600693", "pid":"1", "tid":"cice"},
{"name":"ModelAdvance", "ph":"E", "ts":"2313077384", "pid":"1", "tid":"cice"},
{"name":"ModelAdvance", "ph":"B", "ts":"2313563368", "pid":"1", "tid":"cice"},
{"name":"ModelAdvance", "ph":"E", "ts":"2316092799", "pid":"1", "tid":"cice"},
{"name":"ModelAdvance", "ph":"B", "ts":"2316497479", "pid":"1", "tid":"cice"},
{"name":"ModelAdvance", "ph":"E", "ts":"2318969192", "pid":"1", "tid":"cice"},
{"name":"ModelAdvance", "ph":"B", "ts":"2319366131", "pid":"1", "tid":"cice"},
{"name":"ModelAdvance", "ph":"E", "ts":"2321894159", "pid":"1", "tid":"cice"},
{"name":"ModelAdvance", "ph":"B", "ts":"2322247873", "pid":"1", "tid":"cice"},
{"name":"ModelAdvance", "ph":"E", "ts":"2324785256", "pid":"1", "tid":"cice"},
{"name":"ModelAdvance", "ph":"B", "ts":"2325254828", "pid":"1", "tid":"cice"},
{"name":"ModelAdvance", "ph":"E", "ts":"2327713993", "pid":"1", "tid":"cice"},
{"name":"ModelAdvance", "ph":"B", "ts":"2328111588", "pid":"1", "tid":"cice"},
{"name":"ModelAdvance", "ph":"E", "ts":"2330554366", "pid":"1", "tid":"cice"},
{"name":"ModelAdvance", "ph":"B", "ts":"2330944227", "pid":"1", "tid":"cice"},
{"name":"ModelAdvance", "ph":"E", "ts":"2333435148", "pid":"1", "tid":"cice"},
{"name":"ModelAdvance", "ph":"B", "ts":"2333871495", "pid":"1", "tid":"cice"},
{"name":"ModelAdvance", "ph":"E", "ts":"2336328047", "pid":"1", "tid":"cice"},
{"name":"ModelAdvance", "ph":"B", "ts":"2336752900", "pid":"1", "tid":"cice"},
{"name":"ModelAdvance", "ph":"E", "ts":"2339199208", "pid":"1", "tid":"cice"},
{"name":"ModelAdvance", "ph":"B", "ts":"2339653822", "pid":"1", "tid":"cice"},
{"name":"ModelAdvance", "ph":"E", "ts":"2342083907", "pid":"1", "tid":"cice"},
{"name":"ModelAdvance", "ph":"B", "ts":"2342511950", "pid":"1", "tid":"cice"},
{"name":"ModelAdvance", "ph":"E", "ts":"2344965935", "pid":"1", "tid":"cice"},
{"name":"ModelAdvance", "ph":"B", "ts":"2345408210", "pid":"1", "tid":"cice"},
{"name":"ModelAdvance", "ph":"E", "ts":"2347840668", "pid":"1", "tid":"cice"},
{"name":"ModelAdvance", "ph":"B", "ts":"2348313053", "pid":"1", "tid":"cice"},
{"name":"ModelAdvance", "ph":"E", "ts":"2351064778", "pid":"1", "tid":"cice"},
{"name":"ModelAdvance", "ph":"B", "ts":"2354279822", "pid":"1", "tid":"cice"},
{"name":"ModelAdvance", "ph":"E", "ts":"2356825398", "pid":"1", "tid":"cice"},
{"name":"ModelAdvance", "ph":"B", "ts":"2357087658", "pid":"1", "tid":"cice"},
{"name":"ModelAdvance", "ph":"E", "ts":"2359633463", "pid":"1", "tid":"cice"},
{"name":"ModelAdvance", "ph":"B", "ts":"2360047238", "pid":"1", "tid":"cice"},
{"name":"ModelAdvance", "ph":"E", "ts":"2362569652", "pid":"1", "tid":"cice"},
{"name":"ModelAdvance", "ph":"B", "ts":"2362990456", "pid":"1", "tid":"cice"},
{"name":"ModelAdvance", "ph":"E", "ts":"2365432992", "pid":"1", "tid":"cice"},
{"name":"ModelAdvance", "ph":"B", "ts":"2365871230", "pid":"1", "tid":"cice"},
{"name":"ModelAdvance", "ph":"E", "ts":"2368260324", "pid":"1", "tid":"cice"},
{"name":"ModelAdvance", "ph":"B", "ts":"2368698395", "pid":"1", "tid":"cice"},
{"name":"ModelAdvance", "ph":"E", "ts":"2371075187", "pid":"1", "tid":"cice"},
{"name":"ModelAdvance", "ph":"B", "ts":"2371485098", "pid":"1", "tid":"cice"},
{"name":"ModelAdvance", "ph":"E", "ts":"2373940175", "pid":"1", "tid":"cice"},
{"name":"ModelAdvance", "ph":"B", "ts":"2374408540", "pid":"1", "tid":"cice"},
{"name":"ModelAdvance", "ph":"E", "ts":"2376848794", "pid":"1", "tid":"cice"},
{"name":"ModelAdvance", "ph":"B", "ts":"2377246461", "pid":"1", "tid":"cice"},
{"name":"ModelAdvance", "ph":"E", "ts":"2379733498", "pid":"1", "tid":"cice"},
{"name":"ModelAdvance", "ph":"B", "ts":"2380137945", "pid":"1", "tid":"cice"},
{"name":"ModelAdvance", "ph":"E", "ts":"2382637821", "pid":"1", "tid":"cice"},
{"name":"ModelAdvance", "ph":"B", "ts":"2383098460", "pid":"1", "tid":"cice"},
{"name":"ModelAdvance", "ph":"E", "ts":"2385522160", "pid":"1", "tid":"cice"},
{"name":"ModelAdvance", "ph":"B", "ts":"2386009865", "pid":"1", "tid":"cice"},
{"name":"ModelAdvance", "ph":"E", "ts":"2388478359", "pid":"1", "tid":"cice"},
{"name":"ModelAdvance", "ph":"B", "ts":"2388937244", "pid":"1", "tid":"cice"},
{"name":"ModelAdvance", "ph":"E", "ts":"2391404581", "pid":"1", "tid":"cice"},
{"name":"ModelAdvance", "ph":"B", "ts":"2391819981", "pid":"1", "tid":"cice"},
{"name":"ModelAdvance", "ph":"E", "ts":"2394304796", "pid":"1", "tid":"cice"},
{"name":"ModelAdvance", "ph":"B", "ts":"2394675513", "pid":"1", "tid":"cice"},
{"name":"ModelAdvance", "ph":"E", "ts":"2397166683", "pid":"1", "tid":"cice"},
{"name":"ModelAdvance", "ph":"B", "ts":"2397618729", "pid":"1", "tid":"cice"},
{"name":"ModelAdvance", "ph":"E", "ts":"2400081754", "pid":"1", "tid":"cice"},
{"name":"ModelAdvance", "ph":"B", "ts":"2400523382", "pid":"1", "tid":"cice"},
{"name":"ModelAdvance", "ph":"E", "ts":"2402975283", "pid":"1", "tid":"cice"},
{"name":"ModelAdvance", "ph":"B", "ts":"2403368151", "pid":"1", "tid":"cice"},
{"name":"ModelAdvance", "ph":"E", "ts":"2405822383", "pid":"1", "tid":"cice"},
{"name":"ModelAdvance", "ph":"B", "ts":"2406254247", "pid":"1", "tid":"cice"},
{"name":"ModelAdvance", "ph":"E", "ts":"2408644393", "pid":"1", "tid":"cice"},
{"name":"ModelAdvance", "ph":"B", "ts":"2409103198", "pid":"1", "tid":"cice"},
{"name":"ModelAdvance", "ph":"E", "ts":"2411543681", "pid":"1", "tid":"cice"},
{"name":"ModelAdvance", "ph":"B", "ts":"2411963007", "pid":"1", "tid":"cice"},
{"name":"ModelAdvance", "ph":"E", "ts":"2414362395", "pid":"1", "tid":"cice"},
{"name":"ModelAdvance", "ph":"B", "ts":"2414761832", "pid":"1", "tid":"cice"},
{"name":"ModelAdvance", "ph":"E", "ts":"2417175758", "pid":"1", "tid":"cice"},
{"name":"ModelAdvance", "ph":"B", "ts":"2417599521", "pid":"1", "tid":"cice"},
{"name":"ModelAdvance", "ph":"E", "ts":"2424532098", "pid":"1", "tid":"cice"},
{"name":"ModelAdvance", "ph":"B", "ts":"2437214560", "pid":"1", "tid":"cice"},
{"name":"ModelAdvance", "ph":"E", "ts":"2439659562", "pid":"1", "tid":"cice"},
{"name":"ModelAdvance", "ph":"B", "ts":"2442371610", "pid":"1", "tid":"cice"},
{"name":"ModelAdvance", "ph":"E", "ts":"2444834396", "pid":"1", "tid":"cice"},
{"name":"ModelAdvance", "ph":"B", "ts":"2445292284", "pid":"1", "tid":"cice"},
{"name":"ModelAdvance", "ph":"E", "ts":"2447807471", "pid":"1", "tid":"cice"},
{"name":"ModelAdvance", "ph":"B", "ts":"2448243080", "pid":"1", "tid":"cice"},
{"name":"ModelAdvance", "ph":"E", "ts":"2450659788", "pid":"1", "tid":"cice"},
{"name":"ModelAdvance", "ph":"B", "ts":"2451108000", "pid":"1", "tid":"cice"},
{"name":"ModelAdvance", "ph":"E", "ts":"2453542120", "pid":"1", "tid":"cice"},
{"name":"ModelAdvance", "ph":"B", "ts":"2453986642", "pid":"1", "tid":"cice"},
{"name":"ModelAdvance", "ph":"E", "ts":"2456364897", "pid":"1", "tid":"cice"},
{"name":"ModelAdvance", "ph":"B", "ts":"2456797844", "pid":"1", "tid":"cice"},
{"name":"ModelAdvance", "ph":"E", "ts":"2459216172", "pid":"1", "tid":"cice"},
{"name":"ModelAdvance", "ph":"B", "ts":"2459649258", "pid":"1", "tid":"cice"},
{"name":"ModelAdvance", "ph":"E", "ts":"2462065038", "pid":"1", "tid":"cice"},
{"name":"ModelAdvance", "ph":"B", "ts":"2462495228", "pid":"1", "tid":"cice"},
{"name":"ModelAdvance", "ph":"E", "ts":"2464999449", "pid":"1", "tid":"cice"},
{"name":"ModelAdvance", "ph":"B", "ts":"2465452946", "pid":"1", "tid":"cice"},
{"name":"ModelAdvance", "ph":"E", "ts":"2467877724", "pid":"1", "tid":"cice"},
{"name":"ModelAdvance", "ph":"B", "ts":"2468295578", "pid":"1", "tid":"cice"},
{"name":"ModelAdvance", "ph":"E", "ts":"2470753948", "pid":"1", "tid":"cice"},
{"name":"ModelAdvance", "ph":"B", "ts":"2471215408", "pid":"1", "tid":"cice"},
{"name":"ModelAdvance", "ph":"E", "ts":"2473643621", "pid":"1", "tid":"cice"},
{"name":"ModelAdvance", "ph":"B", "ts":"2474112900", "pid":"1", "tid":"cice"},
{"name":"ModelAdvance", "ph":"E", "ts":"2476599858", "pid":"1", "tid":"cice"},
{"name":"ModelAdvance", "ph":"B", "ts":"2476993606", "pid":"1", "tid":"cice"},
{"name":"ModelAdvance", "ph":"E", "ts":"2479521045", "pid":"1", "tid":"cice"},
{"name":"ModelAdvance", "ph":"B", "ts":"2479957909", "pid":"1", "tid":"cice"},
{"name":"ModelAdvance", "ph":"E", "ts":"2482448249", "pid":"1", "tid":"cice"},
{"name":"ModelAdvance", "ph":"B", "ts":"2482804466", "pid":"1", "tid":"cice"},
{"name":"ModelAdvance", "ph":"E", "ts":"2485303403", "pid":"1", "tid":"cice"},
{"name":"ModelAdvance", "ph":"B", "ts":"2485733843", "pid":"1", "tid":"cice"},
{"name":"ModelAdvance", "ph":"E", "ts":"2488236118", "pid":"1", "tid":"cice"},
{"name":"ModelAdvance", "ph":"B", "ts":"2488678704", "pid":"1", "tid":"cice"},
{"name":"ModelAdvance", "ph":"E", "ts":"2491129459", "pid":"1", "tid":"cice"},
{"name":"ModelAdvance", "ph":"B", "ts":"2491586627", "pid":"1", "tid":"cice"},
{"name":"ModelAdvance", "ph":"E", "ts":"2494031785", "pid":"1", "tid":"cice"},
{"name":"ModelAdvance", "ph":"B", "ts":"2494473660", "pid":"1", "tid":"cice"},
{"name":"ModelAdvance", "ph":"E", "ts":"2496910377", "pid":"1", "tid":"cice"},
{"name":"ModelAdvance", "ph":"B", "ts":"2497384567", "pid":"1", "tid":"cice"},
{"name":"ModelAdvance", "ph":"E", "ts":"2499807581", "pid":"1", "tid":"cice"},
{"name":"ModelAdvance", "ph":"B", "ts":"2500263987", "pid":"1", "tid":"cice"},
{"name":"ModelAdvance", "ph":"E", "ts":"2502682127", "pid":"1", "tid":"cice"},
{"name":"ModelAdvance", "ph":"B", "ts":"2503111509", "pid":"1", "tid":"cice"},
{"name":"ModelAdvance", "ph":"E", "ts":"2505591493", "pid":"1", "tid":"cice"},
{"name":"ModelAdvance", "ph":"B", "ts":"2506022318", "pid":"1", "tid":"cice"},
{"name":"ModelAdvance", "ph":"E", "ts":"2508478855", "pid":"1", "tid":"cice"},
{"name":"ModelAdvance", "ph":"B", "ts":"2508951127", "pid":"1", "tid":"cice"},
{"name":"ModelAdvance", "ph":"E", "ts":"2511625586", "pid":"1", "tid":"cice"},
{"name":"ModelAdvance", "ph":"B", "ts":"2515489576", "pid":"1", "tid":"cice"},
{"name":"ModelAdvance", "ph":"E", "ts":"2517919381", "pid":"1", "tid":"cice"},
{"name":"ModelAdvance", "ph":"B", "ts":"2518339260", "pid":"1", "tid":"cice"},
{"name":"ModelAdvance", "ph":"E", "ts":"2520947300", "pid":"1", "tid":"cice"},
{"name":"ModelAdvance", "ph":"B", "ts":"2521367071", "pid":"1", "tid":"cice"},
{"name":"ModelAdvance", "ph":"E", "ts":"2523884539", "pid":"1", "tid":"cice"},
{"name":"ModelAdvance", "ph":"B", "ts":"2524303302", "pid":"1", "tid":"cice"},
{"name":"ModelAdvance", "ph":"E", "ts":"2526776148", "pid":"1", "tid":"cice"},
{"name":"ModelAdvance", "ph":"B", "ts":"2527225142", "pid":"1", "tid":"cice"},
{"name":"ModelAdvance", "ph":"E", "ts":"2529628254", "pid":"1", "tid":"cice"},
{"name":"ModelAdvance", "ph":"B", "ts":"2530050495", "pid":"1", "tid":"cice"},
{"name":"ModelAdvance", "ph":"E", "ts":"2532495225", "pid":"1", "tid":"cice"},
{"name":"ModelAdvance", "ph":"B", "ts":"2532917702", "pid":"1", "tid":"cice"},
{"name":"ModelAdvance", "ph":"E", "ts":"2535390634", "pid":"1", "tid":"cice"},
{"name":"ModelAdvance", "ph":"B", "ts":"2535869849", "pid":"1", "tid":"cice"},
{"name":"ModelAdvance", "ph":"E", "ts":"2538287402", "pid":"1", "tid":"cice"},
{"name":"ModelAdvance", "ph":"B", "ts":"2538743209", "pid":"1", "tid":"cice"},
{"name":"ModelAdvance", "ph":"E", "ts":"2541183292", "pid":"1", "tid":"cice"},
{"name":"ModelAdvance", "ph":"B", "ts":"2541637584", "pid":"1", "tid":"cice"},
{"name":"ModelAdvance", "ph":"E", "ts":"2544087012", "pid":"1", "tid":"cice"},
{"name":"ModelAdvance", "ph":"B", "ts":"2544556694", "pid":"1", "tid":"cice"},
{"name":"ModelAdvance", "ph":"E", "ts":"2547004619", "pid":"1", "tid":"cice"},
{"name":"ModelAdvance", "ph":"B", "ts":"2547503963", "pid":"1", "tid":"cice"},
{"name":"ModelAdvance", "ph":"E", "ts":"2549975480", "pid":"1", "tid":"cice"},
{"name":"ModelAdvance", "ph":"B", "ts":"2550406500", "pid":"1", "tid":"cice"},
{"name":"ModelAdvance", "ph":"E", "ts":"2552852271", "pid":"1", "tid":"cice"},
{"name":"ModelAdvance", "ph":"B", "ts":"2553315003", "pid":"1", "tid":"cice"},
{"name":"ModelAdvance", "ph":"E", "ts":"2555788706", "pid":"1", "tid":"cice"},
{"name":"ModelAdvance", "ph":"B", "ts":"2556196303", "pid":"1", "tid":"cice"},
{"name":"ModelAdvance", "ph":"E", "ts":"2558628559", "pid":"1", "tid":"cice"},
{"name":"ModelAdvance", "ph":"B", "ts":"2559060728", "pid":"1", "tid":"cice"},
{"name":"ModelAdvance", "ph":"E", "ts":"2561558748", "pid":"1", "tid":"cice"},
{"name":"ModelAdvance", "ph":"B", "ts":"2561949035", "pid":"1", "tid":"cice"},
{"name":"ModelAdvance", "ph":"E", "ts":"2564422540", "pid":"1", "tid":"cice"},
{"name":"ModelAdvance", "ph":"B", "ts":"2564871956", "pid":"1", "tid":"cice"},
{"name":"ModelAdvance", "ph":"E", "ts":"2567314063", "pid":"1", "tid":"cice"},
{"name":"ModelAdvance", "ph":"B", "ts":"2567764808", "pid":"1", "tid":"cice"},
{"name":"ModelAdvance", "ph":"E", "ts":"2570211620", "pid":"1", "tid":"cice"},
{"name":"ModelAdvance", "ph":"B", "ts":"2570690499", "pid":"1", "tid":"cice"},
{"name":"ModelAdvance", "ph":"E", "ts":"2573165515", "pid":"1", "tid":"cice"},
{"name":"ModelAdvance", "ph":"B", "ts":"2573624222", "pid":"1", "tid":"cice"},
{"name":"ModelAdvance", "ph":"E", "ts":"2576048935", "pid":"1", "tid":"cice"},
{"name":"ModelAdvance", "ph":"B", "ts":"2576489345", "pid":"1", "tid":"cice"},
{"name":"ModelAdvance", "ph":"E", "ts":"2578941031", "pid":"1", "tid":"cice"},
{"name":"ModelAdvance", "ph":"B", "ts":"2579393573", "pid":"1", "tid":"cice"},
{"name":"ModelAdvance", "ph":"E", "ts":"2581828712", "pid":"1", "tid":"cice"},
{"name":"ModelAdvance", "ph":"B", "ts":"2582364154", "pid":"1", "tid":"cice"},
{"name":"ModelAdvance", "ph":"E", "ts":"2585056483", "pid":"1", "tid":"cice"},
{"name":"ModelAdvance", "ph":"B", "ts":"2588592705", "pid":"1", "tid":"cice"},
{"name":"ModelAdvance", "ph":"E", "ts":"2591031411", "pid":"1", "tid":"cice"},
{"name":"ModelAdvance", "ph":"B", "ts":"2591444288", "pid":"1", "tid":"cice"},
{"name":"ModelAdvance", "ph":"E", "ts":"2594030914", "pid":"1", "tid":"cice"},
{"name":"ModelAdvance", "ph":"B", "ts":"2594493603", "pid":"1", "tid":"cice"},
{"name":"ModelAdvance", "ph":"E", "ts":"2596923068", "pid":"1", "tid":"cice"},
{"name":"ModelAdvance", "ph":"B", "ts":"2597369901", "pid":"1", "tid":"cice"},
{"name":"ModelAdvance", "ph":"E", "ts":"2599772905", "pid":"1", "tid":"cice"},
{"name":"ModelAdvance", "ph":"B", "ts":"2600191318", "pid":"1", "tid":"cice"},
{"name":"ModelAdvance", "ph":"E", "ts":"2602629958", "pid":"1", "tid":"cice"},
{"name":"ModelAdvance", "ph":"B", "ts":"2603106702", "pid":"1", "tid":"cice"},
{"name":"ModelAdvance", "ph":"E", "ts":"2605458168", "pid":"1", "tid":"cice"},
{"name":"ModelAdvance", "ph":"B", "ts":"2605913044", "pid":"1", "tid":"cice"},
{"name":"ModelAdvance", "ph":"E", "ts":"2608350152", "pid":"1", "tid":"cice"},
{"name":"ModelAdvance", "ph":"B", "ts":"2608831580", "pid":"1", "tid":"cice"},
{"name":"ModelAdvance", "ph":"E", "ts":"2611281280", "pid":"1", "tid":"cice"},
{"name":"ModelAdvance", "ph":"B", "ts":"2611745084", "pid":"1", "tid":"cice"},
{"name":"ModelAdvance", "ph":"E", "ts":"2614183865", "pid":"1", "tid":"cice"},
{"name":"ModelAdvance", "ph":"B", "ts":"2614717297", "pid":"1", "tid":"cice"},
{"name":"ModelAdvance", "ph":"E", "ts":"2617134242", "pid":"1", "tid":"cice"},
{"name":"ModelAdvance", "ph":"B", "ts":"2617586719", "pid":"1", "tid":"cice"},
{"name":"ModelAdvance", "ph":"E", "ts":"2619997914", "pid":"1", "tid":"cice"},
{"name":"ModelAdvance", "ph":"B", "ts":"2620454966", "pid":"1", "tid":"cice"},
{"name":"ModelAdvance", "ph":"E", "ts":"2622938606", "pid":"1", "tid":"cice"},
{"name":"ModelAdvance", "ph":"B", "ts":"2623407177", "pid":"1", "tid":"cice"},
{"name":"ModelAdvance", "ph":"E", "ts":"2625877457", "pid":"1", "tid":"cice"},
{"name":"ModelAdvance", "ph":"B", "ts":"2626322417", "pid":"1", "tid":"cice"},
{"name":"ModelAdvance", "ph":"E", "ts":"2628814698", "pid":"1", "tid":"cice"},
{"name":"ModelAdvance", "ph":"B", "ts":"2629234423", "pid":"1", "tid":"cice"},
{"name":"ModelAdvance", "ph":"E", "ts":"2631653719", "pid":"1", "tid":"cice"},
{"name":"ModelAdvance", "ph":"B", "ts":"2632080312", "pid":"1", "tid":"cice"},
{"name":"ModelAdvance", "ph":"E", "ts":"2634565021", "pid":"1", "tid":"cice"},
{"name":"ModelAdvance", "ph":"B", "ts":"2634971249", "pid":"1", "tid":"cice"},
{"name":"ModelAdvance", "ph":"E", "ts":"2637388462", "pid":"1", "tid":"cice"},
{"name":"ModelAdvance", "ph":"B", "ts":"2637817848", "pid":"1", "tid":"cice"},
{"name":"ModelAdvance", "ph":"E", "ts":"2640212670", "pid":"1", "tid":"cice"},
{"name":"ModelAdvance", "ph":"B", "ts":"2640651053", "pid":"1", "tid":"cice"},
{"name":"ModelAdvance", "ph":"E", "ts":"2643038343", "pid":"1", "tid":"cice"},
{"name":"ModelAdvance", "ph":"B", "ts":"2643437799", "pid":"1", "tid":"cice"},
{"name":"ModelAdvance", "ph":"E", "ts":"2645901003", "pid":"1", "tid":"cice"},
{"name":"ModelAdvance", "ph":"B", "ts":"2646339796", "pid":"1", "tid":"cice"},
{"name":"ModelAdvance", "ph":"E", "ts":"2648739909", "pid":"1", "tid":"cice"},
{"name":"ModelAdvance", "ph":"B", "ts":"2649240243", "pid":"1", "tid":"cice"},
{"name":"ModelAdvance", "ph":"E", "ts":"2651599214", "pid":"1", "tid":"cice"},
{"name":"ModelAdvance", "ph":"B", "ts":"2652036199", "pid":"1", "tid":"cice"},
{"name":"ModelAdvance", "ph":"E", "ts":"2658793076", "pid":"1", "tid":"cice"},
{"name":"ModelAdvance", "ph":"B", "ts":"2672394138", "pid":"1", "tid":"cice"},
{"name":"ModelAdvance", "ph":"E", "ts":"2674844658", "pid":"1", "tid":"cice"},
{"name":"ModelAdvance", "ph":"B", "ts":"2677489500", "pid":"1", "tid":"cice"},
{"name":"ModelAdvance", "ph":"E", "ts":"2680001578", "pid":"1", "tid":"cice"},
{"name":"ModelAdvance", "ph":"B", "ts":"2680433388", "pid":"1", "tid":"cice"},
{"name":"ModelAdvance", "ph":"E", "ts":"2682892219", "pid":"1", "tid":"cice"},
{"name":"ModelAdvance", "ph":"B", "ts":"2683324293", "pid":"1", "tid":"cice"},
{"name":"ModelAdvance", "ph":"E", "ts":"2685771803", "pid":"1", "tid":"cice"},
{"name":"ModelAdvance", "ph":"B", "ts":"2686199143", "pid":"1", "tid":"cice"},
{"name":"ModelAdvance", "ph":"E", "ts":"2688642287", "pid":"1", "tid":"cice"},
{"name":"ModelAdvance", "ph":"B", "ts":"2689063223", "pid":"1", "tid":"cice"},
{"name":"ModelAdvance", "ph":"E", "ts":"2691470281", "pid":"1", "tid":"cice"},
{"name":"ModelAdvance", "ph":"B", "ts":"2691912768", "pid":"1", "tid":"cice"},
{"name":"ModelAdvance", "ph":"E", "ts":"2694319226", "pid":"1", "tid":"cice"},
{"name":"ModelAdvance", "ph":"B", "ts":"2694749951", "pid":"1", "tid":"cice"},
{"name":"ModelAdvance", "ph":"E", "ts":"2697154102", "pid":"1", "tid":"cice"},
{"name":"ModelAdvance", "ph":"B", "ts":"2697605151", "pid":"1", "tid":"cice"},
{"name":"ModelAdvance", "ph":"E", "ts":"2700038553", "pid":"1", "tid":"cice"},
{"name":"ModelAdvance", "ph":"B", "ts":"2700539859", "pid":"1", "tid":"cice"},
{"name":"ModelAdvance", "ph":"E", "ts":"2702931616", "pid":"1", "tid":"cice"},
{"name":"ModelAdvance", "ph":"B", "ts":"2703415846", "pid":"1", "tid":"cice"},
{"name":"ModelAdvance", "ph":"E", "ts":"2705829548", "pid":"1", "tid":"cice"},
{"name":"ModelAdvance", "ph":"B", "ts":"2706294501", "pid":"1", "tid":"cice"},
{"name":"ModelAdvance", "ph":"E", "ts":"2708702714", "pid":"1", "tid":"cice"},
{"name":"ModelAdvance", "ph":"B", "ts":"2709195882", "pid":"1", "tid":"cice"},
{"name":"ModelAdvance", "ph":"E", "ts":"2711661451", "pid":"1", "tid":"cice"},
{"name":"ModelAdvance", "ph":"B", "ts":"2712141106", "pid":"1", "tid":"cice"},
{"name":"ModelAdvance", "ph":"E", "ts":"2714548579", "pid":"1", "tid":"cice"},
{"name":"ModelAdvance", "ph":"B", "ts":"2714945449", "pid":"1", "tid":"cice"},
{"name":"ModelAdvance", "ph":"E", "ts":"2717498468", "pid":"1", "tid":"cice"},
{"name":"ModelAdvance", "ph":"B", "ts":"2717902086", "pid":"1", "tid":"cice"},
{"name":"ModelAdvance", "ph":"E", "ts":"2720379155", "pid":"1", "tid":"cice"},
{"name":"ModelAdvance", "ph":"B", "ts":"2720824053", "pid":"1", "tid":"cice"},
{"name":"ModelAdvance", "ph":"E", "ts":"2723278480", "pid":"1", "tid":"cice"},
{"name":"ModelAdvance", "ph":"B", "ts":"2723718404", "pid":"1", "tid":"cice"},
{"name":"ModelAdvance", "ph":"E", "ts":"2726184625", "pid":"1", "tid":"cice"},
{"name":"ModelAdvance", "ph":"B", "ts":"2726665130", "pid":"1", "tid":"cice"},
{"name":"ModelAdvance", "ph":"E", "ts":"2729090493", "pid":"1", "tid":"cice"},
{"name":"ModelAdvance", "ph":"B", "ts":"2729603923", "pid":"1", "tid":"cice"},
{"name":"ModelAdvance", "ph":"E", "ts":"2732006945", "pid":"1", "tid":"cice"},
{"name":"ModelAdvance", "ph":"B", "ts":"2732521021", "pid":"1", "tid":"cice"},
{"name":"ModelAdvance", "ph":"E", "ts":"2734926829", "pid":"1", "tid":"cice"},
{"name":"ModelAdvance", "ph":"B", "ts":"2735390758", "pid":"1", "tid":"cice"},
{"name":"ModelAdvance", "ph":"E", "ts":"2737802050", "pid":"1", "tid":"cice"},
{"name":"ModelAdvance", "ph":"B", "ts":"2738287314", "pid":"1", "tid":"cice"},
{"name":"ModelAdvance", "ph":"E", "ts":"2740682981", "pid":"1", "tid":"cice"},
{"name":"ModelAdvance", "ph":"B", "ts":"2741151142", "pid":"1", "tid":"cice"},
{"name":"ModelAdvance", "ph":"E", "ts":"2743564893", "pid":"1", "tid":"cice"},
{"name":"ModelAdvance", "ph":"B", "ts":"2744089216", "pid":"1", "tid":"cice"},
{"name":"ModelAdvance", "ph":"E", "ts":"2746810267", "pid":"1", "tid":"cice"},
{"name":"ModelAdvance", "ph":"B", "ts":"2750557395", "pid":"1", "tid":"cice"},
{"name":"ModelAdvance", "ph":"E", "ts":"2752977995", "pid":"1", "tid":"cice"},
{"name":"ModelAdvance", "ph":"B", "ts":"2753405905", "pid":"1", "tid":"cice"},
{"name":"ModelAdvance", "ph":"E", "ts":"2755973723", "pid":"1", "tid":"cice"},
{"name":"ModelAdvance", "ph":"B", "ts":"2756419182", "pid":"1", "tid":"cice"},
{"name":"ModelAdvance", "ph":"E", "ts":"2758869751", "pid":"1", "tid":"cice"},
{"name":"ModelAdvance", "ph":"B", "ts":"2759305119", "pid":"1", "tid":"cice"},
{"name":"ModelAdvance", "ph":"E", "ts":"2761705364", "pid":"1", "tid":"cice"},
{"name":"ModelAdvance", "ph":"B", "ts":"2762195965", "pid":"1", "tid":"cice"},
{"name":"ModelAdvance", "ph":"E", "ts":"2764571887", "pid":"1", "tid":"cice"},
{"name":"ModelAdvance", "ph":"B", "ts":"2765011779", "pid":"1", "tid":"cice"},
{"name":"ModelAdvance", "ph":"E", "ts":"2767425012", "pid":"1", "tid":"cice"},
{"name":"ModelAdvance", "ph":"B", "ts":"2767886851", "pid":"1", "tid":"cice"},
{"name":"ModelAdvance", "ph":"E", "ts":"2770312605", "pid":"1", "tid":"cice"},
{"name":"ModelAdvance", "ph":"B", "ts":"2770771630", "pid":"1", "tid":"cice"},
{"name":"ModelAdvance", "ph":"E", "ts":"2773189711", "pid":"1", "tid":"cice"},
{"name":"ModelAdvance", "ph":"B", "ts":"2773655389", "pid":"1", "tid":"cice"},
{"name":"ModelAdvance", "ph":"E", "ts":"2776065190", "pid":"1", "tid":"cice"},
{"name":"ModelAdvance", "ph":"B", "ts":"2776558608", "pid":"1", "tid":"cice"},
{"name":"ModelAdvance", "ph":"E", "ts":"2778947936", "pid":"1", "tid":"cice"},
{"name":"ModelAdvance", "ph":"B", "ts":"2779397672", "pid":"1", "tid":"cice"},
{"name":"ModelAdvance", "ph":"E", "ts":"2781818794", "pid":"1", "tid":"cice"},
{"name":"ModelAdvance", "ph":"B", "ts":"2782317898", "pid":"1", "tid":"cice"},
{"name":"ModelAdvance", "ph":"E", "ts":"2784740559", "pid":"1", "tid":"cice"},
{"name":"ModelAdvance", "ph":"B", "ts":"2785231067", "pid":"1", "tid":"cice"},
{"name":"ModelAdvance", "ph":"E", "ts":"2787647564", "pid":"1", "tid":"cice"},
{"name":"ModelAdvance", "ph":"B", "ts":"2788071675", "pid":"1", "tid":"cice"},
{"name":"ModelAdvance", "ph":"E", "ts":"2790560140", "pid":"1", "tid":"cice"},
{"name":"ModelAdvance", "ph":"B", "ts":"2791038887", "pid":"1", "tid":"cice"},
{"name":"ModelAdvance", "ph":"E", "ts":"2793494489", "pid":"1", "tid":"cice"},
{"name":"ModelAdvance", "ph":"B", "ts":"2793933223", "pid":"1", "tid":"cice"},
{"name":"ModelAdvance", "ph":"E", "ts":"2796376053", "pid":"1", "tid":"cice"},
{"name":"ModelAdvance", "ph":"B", "ts":"2796855558", "pid":"1", "tid":"cice"},
{"name":"ModelAdvance", "ph":"E", "ts":"2799243414", "pid":"1", "tid":"cice"},
{"name":"ModelAdvance", "ph":"B", "ts":"2799702423", "pid":"1", "tid":"cice"},
{"name":"ModelAdvance", "ph":"E", "ts":"2802103828", "pid":"1", "tid":"cice"},
{"name":"ModelAdvance", "ph":"B", "ts":"2802590175", "pid":"1", "tid":"cice"},
{"name":"ModelAdvance", "ph":"E", "ts":"2804992685", "pid":"1", "tid":"cice"},
{"name":"ModelAdvance", "ph":"B", "ts":"2805504923", "pid":"1", "tid":"cice"},
{"name":"ModelAdvance", "ph":"E", "ts":"2807872237", "pid":"1", "tid":"cice"},
{"name":"ModelAdvance", "ph":"B", "ts":"2808322429", "pid":"1", "tid":"cice"},
{"name":"ModelAdvance", "ph":"E", "ts":"2810726630", "pid":"1", "tid":"cice"},
{"name":"ModelAdvance", "ph":"B", "ts":"2811157804", "pid":"1", "tid":"cice"},
{"name":"ModelAdvance", "ph":"E", "ts":"2813623641", "pid":"1", "tid":"cice"},
{"name":"ModelAdvance", "ph":"B", "ts":"2814075695", "pid":"1", "tid":"cice"},
{"name":"ModelAdvance", "ph":"E", "ts":"2816518359", "pid":"1", "tid":"cice"},
{"name":"ModelAdvance", "ph":"B", "ts":"2816985752", "pid":"1", "tid":"cice"},
{"name":"ModelAdvance", "ph":"E", "ts":"2819791129", "pid":"1", "tid":"cice"},
{"name":"ModelAdvance", "ph":"B", "ts":"2823675308", "pid":"1", "tid":"cice"},
{"name":"ModelAdvance", "ph":"E", "ts":"2826048751", "pid":"1", "tid":"cice"},
{"name":"ModelAdvance", "ph":"B", "ts":"2826512991", "pid":"1", "tid":"cice"},
{"name":"ModelAdvance", "ph":"E", "ts":"2829077870", "pid":"1", "tid":"cice"},
{"name":"ModelAdvance", "ph":"B", "ts":"2829551944", "pid":"1", "tid":"cice"},
{"name":"ModelAdvance", "ph":"E", "ts":"2831994132", "pid":"1", "tid":"cice"},
{"name":"ModelAdvance", "ph":"B", "ts":"2832456723", "pid":"1", "tid":"cice"},
{"name":"ModelAdvance", "ph":"E", "ts":"2834867833", "pid":"1", "tid":"cice"},
{"name":"ModelAdvance", "ph":"B", "ts":"2835296184", "pid":"1", "tid":"cice"},
{"name":"ModelAdvance", "ph":"E", "ts":"2837684727", "pid":"1", "tid":"cice"},
{"name":"ModelAdvance", "ph":"B", "ts":"2838078461", "pid":"1", "tid":"cice"},
{"name":"ModelAdvance", "ph":"E", "ts":"2840505595", "pid":"1", "tid":"cice"},
{"name":"ModelAdvance", "ph":"B", "ts":"2840950701", "pid":"1", "tid":"cice"},
{"name":"ModelAdvance", "ph":"E", "ts":"2843371647", "pid":"1", "tid":"cice"},
{"name":"ModelAdvance", "ph":"B", "ts":"2843830581", "pid":"1", "tid":"cice"},
{"name":"ModelAdvance", "ph":"E", "ts":"2846230638", "pid":"1", "tid":"cice"},
{"name":"ModelAdvance", "ph":"B", "ts":"2846671091", "pid":"1", "tid":"cice"},
{"name":"ModelAdvance", "ph":"E", "ts":"2849100056", "pid":"1", "tid":"cice"},
{"name":"ModelAdvance", "ph":"B", "ts":"2849524508", "pid":"1", "tid":"cice"},
{"name":"ModelAdvance", "ph":"E", "ts":"2851981278", "pid":"1", "tid":"cice"},
{"name":"ModelAdvance", "ph":"B", "ts":"2852439780", "pid":"1", "tid":"cice"},
{"name":"ModelAdvance", "ph":"E", "ts":"2854866804", "pid":"1", "tid":"cice"},
{"name":"ModelAdvance", "ph":"B", "ts":"2855310312", "pid":"1", "tid":"cice"},
{"name":"ModelAdvance", "ph":"E", "ts":"2857788116", "pid":"1", "tid":"cice"},
{"name":"ModelAdvance", "ph":"B", "ts":"2858244401", "pid":"1", "tid":"cice"},
{"name":"ModelAdvance", "ph":"E", "ts":"2860711212", "pid":"1", "tid":"cice"},
{"name":"ModelAdvance", "ph":"B", "ts":"2861106857", "pid":"1", "tid":"cice"},
{"name":"ModelAdvance", "ph":"E", "ts":"2863624311", "pid":"1", "tid":"cice"},
{"name":"ModelAdvance", "ph":"B", "ts":"2863997723", "pid":"1", "tid":"cice"},
{"name":"ModelAdvance", "ph":"E", "ts":"2866492132", "pid":"1", "tid":"cice"},
{"name":"ModelAdvance", "ph":"B", "ts":"2866894046", "pid":"1", "tid":"cice"},
{"name":"ModelAdvance", "ph":"E", "ts":"2869372048", "pid":"1", "tid":"cice"},
{"name":"ModelAdvance", "ph":"B", "ts":"2869799752", "pid":"1", "tid":"cice"},
{"name":"ModelAdvance", "ph":"E", "ts":"2872197457", "pid":"1", "tid":"cice"},
{"name":"ModelAdvance", "ph":"B", "ts":"2872613755", "pid":"1", "tid":"cice"},
{"name":"ModelAdvance", "ph":"E", "ts":"2875039826", "pid":"1", "tid":"cice"},
{"name":"ModelAdvance", "ph":"B", "ts":"2875439529", "pid":"1", "tid":"cice"},
{"name":"ModelAdvance", "ph":"E", "ts":"2877857962", "pid":"1", "tid":"cice"},
{"name":"ModelAdvance", "ph":"B", "ts":"2878271686", "pid":"1", "tid":"cice"},
{"name":"ModelAdvance", "ph":"E", "ts":"2880674552", "pid":"1", "tid":"cice"},
{"name":"ModelAdvance", "ph":"B", "ts":"2881050345", "pid":"1", "tid":"cice"},
{"name":"ModelAdvance", "ph":"E", "ts":"2883505765", "pid":"1", "tid":"cice"},
{"name":"ModelAdvance", "ph":"B", "ts":"2883957472", "pid":"1", "tid":"cice"},
{"name":"ModelAdvance", "ph":"E", "ts":"2886335625", "pid":"1", "tid":"cice"},
{"name":"ModelAdvance", "ph":"B", "ts":"2886698427", "pid":"1", "tid":"cice"},
{"name":"ModelAdvance", "ph":"E", "ts":"2893669776", "pid":"1", "tid":"cice"},
{"name":"ModelFinalize", "ph":"B", "ts":"2893673691", "pid":"1", "tid":"cice"},
{"name":"ModelFinalize", "ph":"E", "ts":"2893673732", "pid":"1", "tid":"cice"},
