{"name":"SetServices", "ph":"B", "ts":"3308419762", "pid":"1", "tid":"cice"},
{"name":"SetServices", "ph":"E", "ts":"3308421409", "pid":"1", "tid":"cice"},
{"name":"InitializeP0", "ph":"B", "ts":"3308471527", "pid":"1", "tid":"cice"},
{"name":"InitializeP0", "ph":"E", "ts":"3308471648", "pid":"1", "tid":"cice"},
{"name":"InitializeAdvertise", "ph":"B", "ts":"3312419736", "pid":"1", "tid":"cice"},
{"name":"InitializeAdvertise", "ph":"E", "ts":"3317457778", "pid":"1", "tid":"cice"},
{"name":"InitializeRealize", "ph":"B", "ts":"3457361897", "pid":"1", "tid":"cice"},
{"name":"InitializeRealize", "ph":"E", "ts":"3466924929", "pid":"1", "tid":"cice"},
{"name":"ModelAdvance", "ph":"B", "ts":"3549375860", "pid":"1", "tid":"cice"},
{"name":"ModelAdvance", "ph":"E", "ts":"3552022357", "pid":"1", "tid":"cice"},
{"name":"ModelAdvance", "ph":"B", "ts":"3564165755", "pid":"1", "tid":"cice"},
{"name":"ModelAdvance", "ph":"E", "ts":"3566657562", "pid":"1", "tid":"cice"},
{"name":"ModelAdvance", "ph":"B", "ts":"3567111742", "pid":"1", "tid":"cice"},
{"name":"ModelAdvance", "ph":"E", "ts":"3569545023", "pid":"1", "tid":"cice"},
{"name":"ModelAdvance", "ph":"B", "ts":"3570018565", "pid":"1", "tid":"cice"},
{"name":"ModelAdvance", "ph":"E", "ts":"3572432866", "pid":"1", "tid":"cice"},
{"name":"ModelAdvance", "ph":"B", "ts":"3572867445", "pid":"1", "tid":"cice"},
{"name":"ModelAdvance", "ph":"E", "ts":"3575319339", "pid":"1", "tid":"cice"},
{"name":"ModelAdvance", "ph":"B", "ts":"3575728758", "pid":"1", "tid":"cice"},
{"name":"ModelAdvance", "ph":"E", "ts":"3578185072", "pid":"1", "tid":"cice"},
{"name":"ModelAdvance", "ph":"B", "ts":"3578598310", "pid":"1", "tid":"cice"},
{"name":"ModelAdvance", "ph":"E", "ts":"3581058020", "pid":"1", "tid":"cice"},
{"name":"ModelAdvance", "ph":"B", "ts":"3581468434", "pid":"1", "tid":"cice"},
{"name":"ModelAdvance", "ph":"E", "ts":"3583912985", "pid":"1", "tid":"cice"},
{"name":"ModelAdvance", "ph":"B", "ts":"3584328668", "pid":"1", "tid":"cice"},
{"name":"ModelAdvance", "ph":"E", "ts":"3586781183", "pid":"1", "tid":"cice"},
{"name":"ModelAdvance", "ph":"B", "ts":"3587152316", "pid":"1", "tid":"cice"},
{"name":"ModelAdvance", "ph":"E", "ts":"3589655903", "pid":"1", "tid":"cice"},
{"name":"ModelAdvance", "ph":"B", "ts":"3590079917", "pid":"1", "tid":"cice"},
{"name":"ModelAdvance", "ph":"E", "ts":"3592532661", "pid":"1", "tid":"cice"},
{"name":"ModelAdvance", "ph":"B", "ts":"3592916696", "pid":"1", "tid":"cice"},
{"name":"ModelAdvance", "ph":"E", "ts":"3595422505", "pid":"1", "tid":"cice"},
{"name":"ModelAdvance", "ph":"B", "ts":"3596062974", "pid":"1", "tid":"cice"},
{"name":"ModelAdvance", "ph":"E", "ts":"3598594446", "pid":"1", "tid":"cice"},
{"name":"ModelAdvance", "ph":"B", "ts":"3598989709", "pid":"1", "tid":"cice"},
{"name":"ModelAdvance", "ph":"E", "ts":"3601471963", "pid":"1", "tid":"cice"},
{"name":"ModelAdvance", "ph":"B", "ts":"3601893868", "pid":"1", "tid":"cice"},
{"name":"ModelAdvance", "ph":"E", "ts":"3604417233", "pid":"1", "tid":"cice"},
{"name":"ModelAdvance", "ph":"B", "ts":"3604767156", "pid":"1", "tid":"cice"},
{"name":"ModelAdvance", "ph":"E", "ts":"3607279049", "pid":"1", "tid":"cice"},
{"name":"ModelAdvance", "ph":"B", "ts":"3607692515", "pid":"1", "tid":"cice"},
{"name":"ModelAdvance", "ph":"E", "ts":"3610175438", "pid":"1", "tid":"cice"},
{"name":"ModelAdvance", "ph":"B", "ts":"3610561875", "pid":"1", "tid":"cice"},
{"name":"ModelAdvance", "ph":"E", "ts":"3613024497", "pid":"1", "tid":"cice"},
{"name":"ModelAdvance", "ph":"B", "ts":"3613426382", "pid":"1", "tid":"cice"},
{"name":"ModelAdvance", "ph":"E", "ts":"3615890357", "pid":"1", "tid":"cice"},
{"name":"ModelAdvance", "ph":"B", "ts":"3616299115", "pid":"1", "tid":"cice"},
{"name":"ModelAdvance", "ph":"E", "ts":"3618769694", "pid":"1", "tid":"cice"},
{"name":"ModelAdvance", "ph":"B", "ts":"3619177079", "pid":"1", "tid":"cice"},
{"name":"ModelAdvance", "ph":"E", "ts":"3621646456", "pid":"1", "tid":"cice"},
{"name":"ModelAdvance", "ph":"B", "ts":"3622055647", "pid":"1", "tid":"cice"},
{"name":"ModelAdvance", "ph":"E", "ts":"3624542350", "pid":"1", "tid":"cice"},
{"name":"ModelAdvance", "ph":"B", "ts":"3624939794", "pid":"1", "tid":"cice"},
{"name":"ModelAdvance", "ph":"E", "ts":"3627412013", "pid":"1", "tid":"cice"},
{"name":"ModelAdvance", "ph":"B", "ts":"3627888149", "pid":"1", "tid":"cice"},
{"name":"ModelAdvance", "ph":"E", "ts":"3630326885", "pid":"1", "tid":"cice"},
{"name":"ModelAdvance", "ph":"B", "ts":"3630815149", "pid":"1", "tid":"cice"},
{"name":"ModelAdvance", "ph":"E", "ts":"3633291286", "pid":"1", "tid":"cice"},
{"name":"ModelAdvance", "ph":"B", "ts":"3635909607", "pid":"1", "tid":"cice"},
{"name":"ModelAdvance", "ph":"E", "ts":"3638474160", "pid":"1", "tid":"cice"},
{"name":"ModelAdvance", "ph":"B", "ts":"3638821819", "pid":"1", "tid":"cice"},
{"name":"ModelAdvance", "ph":"E", "ts":"3641354452", "pid":"1", "tid":"cice"},
{"name":"ModelAdvance", "ph":"B", "ts":"3641744596", "pid":"1", "tid":"cice"},
{"name":"ModelAdvance", "ph":"E", "ts":"3644250541", "pid":"1", "tid":"cice"},
{"name":"ModelAdvance", "ph":"B", "ts":"3644676715", "pid":"1", "tid":"cice"},
{"name":"ModelAdvance", "ph":"E", "ts":"3647104078", "pid":"1", "tid":"cice"},
{"name":"ModelAdvance", "ph":"B", "ts":"3647568357", "pid":"1", "tid":"cice"},
{"name":"ModelAdvance", "ph":"E", "ts":"3649947707", "pid":"1", "tid":"cice"},
{"name":"ModelAdvance", "ph":"B", "ts":"3650389414", "pid":"1", "tid":"cice"},
{"name":"ModelAdvance", "ph":"E", "ts":"3652805916", "pid":"1", "tid":"cice"},
{"name":"ModelAdvance", "ph":"B", "ts":"3653201681", "pid":"1", "tid":"cice"},
{"name":"ModelAdvance", "ph":"E", "ts":"3655638724", "pid":"1", "tid":"cice"},
{"name":"ModelAdvance", "ph":"B", "ts":"3656055920", "pid":"1", "tid":"cice"},
{"name":"ModelAdvance", "ph":"E", "ts":"3658516213", "pid":"1", "tid":"cice"},
{"name":"ModelAdvance", "ph":"B", "ts":"3658934085", "pid":"1", "tid":"cice"},
{"name":"ModelAdvance", "ph":"E", "ts":"3661393533", "pid":"1", "tid":"cice"},
{"name":"ModelAdvance", "ph":"B", "ts":"3661809460", "pid":"1", "tid":"cice"},
{"name":"ModelAdvance", "ph":"E", "ts":"3664263268", "pid":"1", "tid":"cice"},
{"name":"ModelAdvance", "ph":"B", "ts":"3664692474", "pid":"1", "tid":"cice"},
{"name":"ModelAdvance", "ph":"E", "ts":"3667143256", "pid":"1", "tid":"cice"},
{"name":"ModelAdvance", "ph":"B", "ts":"3667608126", "pid":"1", "tid":"cice"},
{"name":"ModelAdvance", "ph":"E", "ts":"3670132952", "pid":"1", "tid":"cice"},
{"name":"ModelAdvance", "ph":"B", "ts":"3670559673", "pid":"1", "tid":"cice"},
{"name":"ModelAdvance", "ph":"E", "ts":"3673023480", "pid":"1", "tid":"cice"},
{"name":"ModelAdvance", "ph":"B", "ts":"3673584437", "pid":"1", "tid":"cice"},
{"name":"ModelAdvance", "ph":"E", "ts":"3676072733", "pid":"1", "tid":"cice"},
{"name":"ModelAdvance", "ph":"B", "ts":"3676445915", "pid":"1", "tid":"cice"},
{"name":"ModelAdvance", "ph":"E", "ts":"3678939898", "pid":"1", "tid":"cice"},
{"name":"ModelAdvance", "ph":"B", "ts":"3679378505", "pid":"1", "tid":"cice"},
{"name":"ModelAdvance", "ph":"E", "ts":"3681830423", "pid":"1", "tid":"cice"},
{"name":"ModelAdvance", "ph":"B", "ts":"3682272533", "pid":"1", "tid":"cice"},
{"name":"ModelAdvance", "ph":"E", "ts":"3684699454", "pid":"1", "tid":"cice"},
{"name":"ModelAdvance", "ph":"B", "ts":"3685127076", "pid":"1", "tid":"cice"},
{"name":"ModelAdvance", "ph":"E", "ts":"3687576811", "pid":"1", "tid":"cice"},
{"name":"ModelAdvance", "ph":"B", "ts":"3688031745", "pid":"1", "tid":"cice"},
{"name":"ModelAdvance", "ph":"E", "ts":"3690463253", "pid":"1", "tid":"cice"},
{"name":"ModelAdvance", "ph":"B", "ts":"3690882269", "pid":"1", "tid":"cice"},
{"name":"ModelAdvance", "ph":"E", "ts":"3693367985", "pid":"1", "tid":"cice"},
{"name":"ModelAdvance", "ph":"B", "ts":"3693775093", "pid":"1", "tid":"cice"},
{"name":"ModelAdvance", "ph":"E", "ts":"3696243039", "pid":"1", "tid":"cice"},
{"name":"ModelAdvance", "ph":"B", "ts":"3696650085", "pid":"1", "tid":"cice"},
{"name":"ModelAdvance", "ph":"E", "ts":"3699133715", "pid":"1", "tid":"cice"},
{"name":"ModelAdvance", "ph":"B", "ts":"3699552784", "pid":"1", "tid":"cice"},
{"name":"ModelAdvance", "ph":"E", "ts":"3702011894", "pid":"1", "tid":"cice"},
{"name":"ModelAdvance", "ph":"B", "ts":"3702525176", "pid":"1", "tid":"cice"},
{"name":"ModelAdvance", "ph":"E", "ts":"3704997518", "pid":"1", "tid":"cice"},
{"name":"ModelAdvance", "ph":"B", "ts":"3707690272", "pid":"1", "tid":"cice"},
{"name":"ModelAdvance", "ph":"E", "ts":"3710243802", "pid":"1", "tid":"cice"},
{"name":"ModelAdvance", "ph":"B", "ts":"3710697930", "pid":"1", "tid":"cice"},
{"name":"ModelAdvance", "ph":"E", "ts":"3713207242", "pid":"1", "tid":"cice"},
{"name":"ModelAdvance", "ph":"B", "ts":"3713590780", "pid":"1", "tid":"cice"},
{"name":"ModelAdvance", "ph":"E", "ts":"3716080546", "pid":"1", "tid":"cice"},
{"name":"ModelAdvance", "ph":"B", "ts":"3716470814", "pid":"1", "tid":"cice"},
{"name":"ModelAdvance", "ph":"E", "ts":"3718934112", "pid":"1", "tid":"cice"},
{"name":"ModelAdvance", "ph":"B", "ts":"3719353487", "pid":"1", "tid":"cice"},
{"name":"ModelAdvance", "ph":"E", "ts":"3721752855", "pid":"1", "tid":"cice"},
{"name":"ModelAdvance", "ph":"B", "ts":"3722157644", "pid":"1", "tid":"cice"},
{"name":"ModelAdvance", "ph":"E", "ts":"3724641880", "pid":"1", "tid":"cice"},
{"name":"ModelAdvance", "ph":"B", "ts":"3725018750", "pid":"1", "tid":"cice"},
{"name":"ModelAdvance", "ph":"E", "ts":"3727463303", "pid":"1", "tid":"cice"},
{"name":"ModelAdvance", "ph":"B", "ts":"3727887781", "pid":"1", "tid":"cice"},
{"name":"ModelAdvance", "ph":"E", "ts":"3730344179", "pid":"1", "tid":"cice"},
{"name":"ModelAdvance", "ph":"B", "ts":"3730789353", "pid":"1", "tid":"cice"},
{"name":"ModelAdvance", "ph":"E", "ts":"3733296995", "pid":"1", "tid":"cice"},
{"name":"ModelAdvance", "ph":"B", "ts":"3733732082", "pid":"1", "tid":"cice"},
{"name":"ModelAdvance", "ph":"E", "ts":"3736208499", "pid":"1", "tid":"cice"},
{"name":"ModelAdvance", "ph":"B", "ts":"3736661136", "pid":"1", "tid":"cice"},
{"name":"ModelAdvance", "ph":"E", "ts":"3739095950", "pid":"1", "tid":"cice"},
{"name":"ModelAdvance", "ph":"B", "ts":"3739573412", "pid":"1", "tid":"cice"},
{"name":"ModelAdvance", "ph":"E", "ts":"3742066749", "pid":"1", "tid":"cice"},
{"name":"ModelAdvance", "ph":"B", "ts":"3742481509", "pid":"1", "tid":"cice"},
{"name":"ModelAdvance", "ph":"E", "ts":"3744975961", "pid":"1", "tid":"cice"},
{"name":"ModelAdvance", "ph":"B", "ts":"3745406432", "pid":"1", "tid":"cice"},
{"name":"ModelAdvance", "ph":"E", "ts":"3747987920", "pid":"1", "tid":"cice"},
{"name":"ModelAdvance", "ph":"B", "ts":"3748308693", "pid":"1", "tid":"cice"},
{"name":"ModelAdvance", "ph":"E", "ts":"3750829145", "pid":"1", "tid":"cice"},
{"name":"ModelAdvance", "ph":"B", "ts":"3751236435", "pid":"1", "tid":"cice"},
{"name":"ModelAdvance", "ph":"E", "ts":"3753725196", "pid":"1", "tid":"cice"},
{"name":"ModelAdvance", "ph":"B", "ts":"3754135096", "pid":"1", "tid":"cice"},
{"name":"ModelAdvance", "ph":"E", "ts":"3756609784", "pid":"1", "tid":"cice"},
{"name":"ModelAdvance", "ph":"B", "ts":"3757086958", "pid":"1", "tid":"cice"},
{"name":"ModelAdvance", "ph":"E", "ts":"3759510047", "pid":"1", "tid":"cice"},
{"name":"ModelAdvance", "ph":"B", "ts":"3759990114", "pid":"1", "tid":"cice"},
{"name":"ModelAdvance", "ph":"E", "ts":"3762413703", "pid":"1", "tid":"cice"},
{"name":"ModelAdvance", "ph":"B", "ts":"3762822103", "pid":"1", "tid":"cice"},
{"name":"ModelAdvance", "ph":"E", "ts":"3765299669", "pid":"1", "tid":"cice"},
{"name":"ModelAdvance", "ph":"B", "ts":"3765730942", "pid":"1", "tid":"cice"},
{"name":"ModelAdvance", "ph":"E", "ts":"3768209656", "pid":"1", "tid":"cice"},
{"name":"ModelAdvance", "ph":"B", "ts":"3768672626", "pid":"1", "tid":"cice"},
{"name":"ModelAdvance", "ph":"E", "ts":"3771119459", "pid":"1", "tid":"cice"},
{"name":"ModelAdvance", "ph":"B", "ts":"3771571398", "pid":"1", "tid":"cice"},
{"name":"ModelAdvance", "ph":"E", "ts":"3776188114", "pid":"1", "tid":"cice"},
{"name":"ModelAdvance", "ph":"B", "ts":"3778383065", "pid":"1", "tid":"cice"},
{"name":"ModelAdvance", "ph":"E", "ts":"3781220328", "pid":"1", "tid":"cice"},
{"name":"ModelAdvance", "ph":"B", "ts":"3785005955", "pid":"1", "tid":"cice"},
{"name":"ModelAdvance", "ph":"E", "ts":"3787508335", "pid":"1", "tid":"cice"},
{"name":"ModelAdvance", "ph":"B", "ts":"3787883260", "pid":"1", "tid":"cice"},
{"name":"ModelAdvance", "ph":"E", "ts":"3790525302", "pid":"1", "tid":"cice"},
{"name":"ModelAdvance", "ph":"B", "ts":"3790984994", "pid":"1", "tid":"cice"},
{"name":"ModelAdvance", "ph":"E", "ts":"3793539622", "pid":"1", "tid":"cice"},
{"name":"ModelAdvance", "ph":"B", "ts":"3793950912", "pid":"1", "tid":"cice"},
{"name":"ModelAdvance", "ph":"E", "ts":"3796387504", "pid":"1", "tid":"cice"},
{"name":"ModelAdvance", "ph":"B", "ts":"3796794821", "pid":"1", "tid":"cice"},
{"name":"ModelAdvance", "ph":"E", "ts":"3799232058", "pid":"1", "tid":"cice"},
{"name":"ModelAdvance", "ph":"B", "ts":"3799690485", "pid":"1", "tid":"cice"},
{"name":"ModelAdvance", "ph":"E", "ts":"3802109391", "pid":"1", "tid":"cice"},
{"name":"ModelAdvance", "ph":"B", "ts":"3802528500", "pid":"1", "tid":"cice"},
{"name":"ModelAdvance", "ph":"E", "ts":"3805004666", "pid":"1", "tid":"cice"},
{"name":"ModelAdvance", "ph":"B", "ts":"3805494907", "pid":"1", "tid":"cice"},
{"name":"ModelAdvance", "ph":"E", "ts":"3807927255", "pid":"1", "tid":"cice"},
{"name":"ModelAdvance", "ph":"B", "ts":"3808269215", "pid":"1", "tid":"cice"},
{"name":"ModelAdvance", "ph":"E", "ts":"3810814245", "pid":"1", "tid":"cice"},
{"name":"ModelAdvance", "ph":"B", "ts":"3811263860", "pid":"1", "tid":"cice"},
{"name":"ModelAdvance", "ph":"E", "ts":"3813700728", "pid":"1", "tid":"cice"},
{"name":"ModelAdvance", "ph":"B", "ts":"3814155184", "pid":"1", "tid":"cice"},
{"name":"ModelAdvance", "ph":"E", "ts":"3816628403", "pid":"1", "tid":"cice"},
{"name":"ModelAdvance", "ph":"B", "ts":"3817115817", "pid":"1", "tid":"cice"},
{"name":"ModelAdvance", "ph":"E", "ts":"3819601500", "pid":"1", "tid":"cice"},
{"name":"ModelAdvance", "ph":"B", "ts":"3819980134", "pid":"1", "tid":"cice"},
{"name":"ModelAdvance", "ph":"E", "ts":"3822492513", "pid":"1", "tid":"cice"},
{"name":"ModelAdvance", "ph":"B", "ts":"3822953975", "pid":"1", "tid":"cice"},
{"name":"ModelAdvance", "ph":"E", "ts":"3825403122", "pid":"1", "tid":"cice"},
{"name":"ModelAdvance", "ph":"B", "ts":"3825813613", "pid":"1", "tid":"cice"},
{"name":"ModelAdvance", "ph":"E", "ts":"3828331182", "pid":"1", "tid":"cice"},
{"name":"ModelAdvance", "ph":"B", "ts":"3828768886", "pid":"1", "tid":"cice"},
{"name":"ModelAdvance", "ph":"E", "ts":"3831226609", "pid":"1", "tid":"cice"},
{"name":"ModelAdvance", "ph":"B", "ts":"3831645958", "pid":"1", "tid":"cice"},
{"name":"ModelAdvance", "ph":"E", "ts":"3834111399", "pid":"1", "tid":"cice"},
{"name":"ModelAdvance", "ph":"B", "ts":"3834592912", "pid":"1", "tid":"cice"},
{"name":"ModelAdvance", "ph":"E", "ts":"3837025186", "pid":"1", "tid":"cice"},
{"name":"ModelAdvance", "ph":"B", "ts":"3837453067", "pid":"1", "tid":"cice"},
{"name":"ModelAdvance", "ph":"E", "ts":"3839929815", "pid":"1", "tid":"cice"},
{"name":"ModelAdvance", "ph":"B", "ts":"3840363575", "pid":"1", "tid":"cice"},
{"name":"ModelAdvance", "ph":"E", "ts":"3842831551", "pid":"1", "tid":"cice"},
{"name":"ModelAdvance", "ph":"B", "ts":"3843231987", "pid":"1", "tid":"cice"},
{"name":"ModelAdvance", "ph":"E", "ts":"3845704618", "pid":"1", "tid":"cice"},
{"name":"ModelAdvance", "ph":"B", "ts":"3846184695", "pid":"1", "tid":"cice"},
{"name":"ModelAdvance", "ph":"E", "ts":"3848645951", "pid":"1", "tid":"cice"},
{"name":"ModelAdvance", "ph":"B", "ts":"3849072392", "pid":"1", "tid":"cice"},
{"name":"ModelAdvance", "ph":"E", "ts":"3851536106", "pid":"1", "tid":"cice"},
{"name":"ModelAdvance", "ph":"B", "ts":"3852001037", "pid":"1", "tid":"cice"},
{"name":"ModelAdvance", "ph":"E", "ts":"3854745074", "pid":"1", "tid":"cice"},
{"name":"ModelAdvance", "ph":"B", "ts":"3858282940", "pid":"1", "tid":"cice"},
{"name":"ModelAdvance", "ph":"E", "ts":"3860695503", "pid":"1", "tid":"cice"},
{"name":"ModelAdvance", "ph":"B", "ts":"3861087426", "pid":"1", "tid":"cice"},
{"name":"ModelAdvance", "ph":"E", "ts":"3863710699", "pid":"1", "tid":"cice"},
{"name":"ModelAdvance", "ph":"B", "ts":"3864163966", "pid":"1", "tid":"cice"},
{"name":"ModelAdvance", "ph":"E", "ts":"3866671943", "pid":"1", "tid":"cice"},
{"name":"ModelAdvance", "ph":"B", "ts":"3867099998", "pid":"1", "tid":"cice"},
{"name":"ModelAdvance", "ph":"E", "ts":"3869522860", "pid":"1", "tid":"cice"},
{"name":"ModelAdvance", "ph":"B", "ts":"3869939740", "pid":"1", "tid":"cice"},
{"name":"ModelAdvance", "ph":"E", "ts":"3872406326", "pid":"1", "tid":"cice"},
{"name":"ModelAdvance", "ph":"B", "ts":"3872834616", "pid":"1", "tid":"cice"},
{"name":"ModelAdvance", "ph":"E", "ts":"3875204654", "pid":"1", "tid":"cice"},
{"name":"ModelAdvance", "ph":"B", "ts":"3875649526", "pid":"1", "tid":"cice"},
{"name":"ModelAdvance", "ph":"E", "ts":"3878133977", "pid":"1", "tid":"cice"},
{"name":"ModelAdvance", "ph":"B", "ts":"3878620036", "pid":"1", "tid":"cice"},
{"name":"ModelAdvance", "ph":"E", "ts":"3881065215", "pid":"1", "tid":"cice"},
{"name":"ModelAdvance", "ph":"B", "ts":"3881554890", "pid":"1", "tid":"cice"},
{"name":"ModelAdvance", "ph":"E", "ts":"3883998509", "pid":"1", "tid":"cice"},
{"name":"ModelAdvance", "ph":"B", "ts":"3884460321", "pid":"1", "tid":"cice"},
{"name":"ModelAdvance", "ph":"E", "ts":"3886902597", "pid":"1", "tid":"cice"},
{"name":"ModelAdvance", "ph":"B", "ts":"3887347948", "pid":"1", "tid":"cice"},
{"name":"ModelAdvance", "ph":"E", "ts":"3889800035", "pid":"1", "tid":"cice"},
{"name":"ModelAdvance", "ph":"B", "ts":"3890239876", "pid":"1", "tid":"cice"},
{"name":"ModelAdvance", "ph":"E", "ts":"3892761067", "pid":"1", "tid":"cice"},
{"name":"ModelAdvance", "ph":"B", "ts":"3893229352", "pid":"1", "tid":"cice"},
{"name":"ModelAdvance", "ph":"E", "ts":"3895665462", "pid":"1", "tid":"cice"},
{"name":"ModelAdvance", "ph":"B", "ts":"3896075348", "pid":"1", "tid":"cice"},
{"name":"ModelAdvance", "ph":"E", "ts":"3898611920", "pid":"1", "tid":"cice"},
{"name":"ModelAdvance", "ph":"B", "ts":"3899015264", "pid":"1", "tid":"cice"},
{"name":"ModelAdvance", "ph":"E", "ts":"3901466349", "pid":"1", "tid":"cice"},
{"name":"ModelAdvance", "ph":"B", "ts":"3901921029", "pid":"1", "tid":"cice"},
{"name":"ModelAdvance", "ph":"E", "ts":"3904376471", "pid":"1", "tid":"cice"},
{"name":"ModelAdvance", "ph":"B", "ts":"3904816016", "pid":"1", "tid":"cice"},
{"name":"ModelAdvance", "ph":"E", "ts":"3907350022", "pid":"1", "tid":"cice"},
{"name":"ModelAdvance", "ph":"B", "ts":"3907844140", "pid":"1", "tid":"cice"},
{"name":"ModelAdvance", "ph":"E", "ts":"3910286993", "pid":"1", "tid":"cice"},
{"name":"ModelAdvance", "ph":"B", "ts":"3910764983", "pid":"1", "tid":"cice"},
{"name":"ModelAdvance", "ph":"E", "ts":"3913198771", "pid":"1", "tid":"cice"},
{"name":"ModelAdvance", "ph":"B", "ts":"3913629391", "pid":"1", "tid":"cice"},
{"name":"ModelAdvance", "ph":"E", "ts":"3916096514", "pid":"1", "tid":"cice"},
{"name":"ModelAdvance", "ph":"B", "ts":"3916545334", "pid":"1", "tid":"cice"},
{"name":"ModelAdvance", "ph":"E", "ts":"3919008261", "pid":"1", "tid":"cice"},
{"name":"ModelAdvance", "ph":"B", "ts":"3919464426", "pid":"1", "tid":"cice"},
{"name":"ModelAdvance", "ph":"E", "ts":"3921935036", "pid":"1", "tid":"cice"},
{"name":"ModelAdvance", "ph":"B", "ts":"3922401081", "pid":"1", "tid":"cice"},
{"name":"ModelAdvance", "ph":"E", "ts":"3924848032", "pid":"1", "tid":"cice"},
{"name":"ModelAdvance", "ph":"B", "ts":"3925318366", "pid":"1", "tid":"cice"},
{"name":"ModelAdvance", "ph":"E", "ts":"3928065477", "pid":"1", "tid":"cice"},
{"name":"ModelAdvance", "ph":"B", "ts":"3931458866", "pid":"1", "tid":"cice"},
{"name":"ModelAdvance", "ph":"E", "ts":"3933925849", "pid":"1", "tid":"cice"},
{"name":"ModelAdvance", "ph":"B", "ts":"3934278251", "pid":"1", "tid":"cice"},
{"name":"ModelAdvance", "ph":"E", "ts":"3936873171", "pid":"1", "tid":"cice"},
{"name":"ModelAdvance", "ph":"B", "ts":"3937293390", "pid":"1", "tid":"cice"},
{"name":"ModelAdvance", "ph":"E", "ts":"3939839305", "pid":"1", "tid":"cice"},
{"name":"ModelAdvance", "ph":"B", "ts":"3940263193", "pid":"1", "tid":"cice"},
{"name":"ModelAdvance", "ph":"E", "ts":"3942678940", "pid":"1", "tid":"cice"},
{"name":"ModelAdvance", "ph":"B", "ts":"3943053646", "pid":"1", "tid":"cice"},
{"name":"ModelAdvance", "ph":"E", "ts":"3945529132", "pid":"1", "tid":"cice"},
{"name":"ModelAdvance", "ph":"B", "ts":"3945953524", "pid":"1", "tid":"cice"},
{"name":"ModelAdvance", "ph":"E", "ts":"3948370140", "pid":"1", "tid":"cice"},
{"name":"ModelAdvance", "ph":"B", "ts":"3948794912", "pid":"1", "tid":"cice"},
{"name":"ModelAdvance", "ph":"E", "ts":"3951233800", "pid":"1", "tid":"cice"},
{"name":"ModelAdvance", "ph":"B", "ts":"3951676004", "pid":"1", "tid":"cice"},
{"name":"ModelAdvance", "ph":"E", "ts":"3954133740", "pid":"1", "tid":"cice"},
{"name":"ModelAdvance", "ph":"B", "ts":"3954593464", "pid":"1", "tid":"cice"},
{"name":"ModelAdvance", "ph":"E", "ts":"3957040995", "pid":"1", "tid":"cice"},
{"name":"ModelAdvance", "ph":"B", "ts":"3957481566", "pid":"1", "tid":"cice"},
{"name":"ModelAdvance", "ph":"E", "ts":"3959945209", "pid":"1", "tid":"cice"},
{"name":"ModelAdvance", "ph":"B", "ts":"3960362043", "pid":"1", "tid":"cice"},
{"name":"ModelAdvance", "ph":"E", "ts":"3962843334", "pid":"1", "tid":"cice"},
{"name":"ModelAdvance", "ph":"B", "ts":"3963341780", "pid":"1", "tid":"cice"},
{"name":"ModelAdvance", "ph":"E", "ts":"3965840589", "pid":"1", "tid":"cice"},
{"name":"ModelAdvance", "ph":"B", "ts":"3966284927", "pid":"1", "tid":"cice"},
{"name":"ModelAdvance", "ph":"E", "ts":"3968747739", "pid":"1", "tid":"cice"},
{"name":"ModelAdvance", "ph":"B", "ts":"3969196114", "pid":"1", "tid":"cice"},
{"name":"ModelAdvance", "ph":"E", "ts":"3971690942", "pid":"1", "tid":"cice"},
{"name":"ModelAdvance", "ph":"B", "ts":"3972114952", "pid":"1", "tid":"cice"},
{"name":"ModelAdvance", "ph":"E", "ts":"3974575137", "pid":"1", "tid":"cice"},
{"name":"ModelAdvance", "ph":"B", "ts":"3975019293", "pid":"1", "tid":"cice"},
{"name":"ModelAdvance", "ph":"E", "ts":"3977507100", "pid":"1", "tid":"cice"},
{"name":"ModelAdvance", "ph":"B", "ts":"3977906631", "pid":"1", "tid":"cice"},
{"name":"ModelAdvance", "ph":"E", "ts":"3980350137", "pid":"1", "tid":"cice"},
{"name":"ModelAdvance", "ph":"B", "ts":"3980784729", "pid":"1", "tid":"cice"},
{"name":"ModelAdvance", "ph":"E", "ts":"3983197618", "pid":"1", "tid":"cice"},
{"name":"ModelAdvance", "ph":"B", "ts":"3983593061", "pid":"1", "tid":"cice"},
{"name":"ModelAdvance", "ph":"E", "ts":"3986016225", "pid":"1", "tid":"cice"},
{"name":"ModelAdvance", "ph":"B", "ts":"3986465510", "pid":"1", "tid":"cice"},
{"name":"ModelAdvance", "ph":"E", "ts":"3988854435", "pid":"1", "tid":"cice"},
{"name":"ModelAdvance", "ph":"B", "ts":"3989336080", "pid":"1", "tid":"cice"},
{"name":"ModelAdvance", "ph":"E", "ts":"3991697763", "pid":"1", "tid":"cice"},
{"name":"ModelAdvance", "ph":"B", "ts":"3992114698", "pid":"1", "tid":"cice"},
{"name":"ModelAdvance", "ph":"E", "ts":"3994523123", "pid":"1", "tid":"cice"},
{"name":"ModelAdvance", "ph":"B", "ts":"3994950007", "pid":"1", "tid":"cice"},
{"name":"ModelAdvance", "ph":"E", "ts":"4002092833", "pid":"1", "tid":"cice"},
{"name":"ModelAdvance", "ph":"B", "ts":"4013778017", "pid":"1", "tid":"cice"},
{"name":"ModelAdvance", "ph":"E", "ts":"4016286770", "pid":"1", "tid":"cice"},
{"name":"ModelAdvance", "ph":"B", "ts":"4018954971", "pid":"1", "tid":"cice"},
{"name":"ModelAdvance", "ph":"E", "ts":"4021477308", "pid":"1", "tid":"cice"},
{"name":"ModelAdvance", "ph":"B", "ts":"4021897622", "pid":"1", "tid":"cice"},
{"name":"ModelAdvance", "ph":"E", "ts":"4024400294", "pid":"1", "tid":"cice"},
{"name":"ModelAdvance", "ph":"B", "ts":"4024881139", "pid":"1", "tid":"cice"},
{"name":"ModelAdvance", "ph":"E", "ts":"4027329042", "pid":"1", "tid":"cice"},
{"name":"ModelAdvance", "ph":"B", "ts":"4027802982", "pid":"1", "tid":"cice"},
{"name":"ModelAdvance", "ph":"E", "ts":"4030290776", "pid":"1", "tid":"cice"},
{"name":"ModelAdvance", "ph":"B", "ts":"4030771877", "pid":"1", "tid":"cice"},
{"name":"ModelAdvance", "ph":"E", "ts":"4033141955", "pid":"1", "tid":"cice"},
{"name":"ModelAdvance", "ph":"B", "ts":"4033564026", "pid":"1", "tid":"cice"},
{"name":"ModelAdvance", "ph":"E", "ts":"4036005723", "pid":"1", "tid":"cice"},
{"name":"ModelAdvance", "ph":"B", "ts":"4036492657", "pid":"1", "tid":"cice"},
{"name":"ModelAdvance", "ph":"E", "ts":"4038887333", "pid":"1", "tid":"cice"},
{"name":"ModelAdvance", "ph":"B", "ts":"4039356666", "pid":"1", "tid":"cice"},
{"name":"ModelAdvance", "ph":"E", "ts":"4041792178", "pid":"1", "tid":"cice"},
{"name":"ModelAdvance", "ph":"B", "ts":"4042263767", "pid":"1", "tid":"cice"},
{"name":"ModelAdvance", "ph":"E", "ts":"4044735536", "pid":"1", "tid":"cice"},
{"name":"ModelAdvance", "ph":"B", "ts":"4045194841", "pid":"1", "tid":"cice"},
{"name":"ModelAdvance", "ph":"E", "ts":"4047653784", "pid":"1", "tid":"cice"},
{"name":"ModelAdvance", "ph":"B", "ts":"4048119517", "pid":"1", "tid":"cice"},
{"name":"ModelAdvance", "ph":"E", "ts":"4050544953", "pid":"1", "tid":"cice"},
{"name":"ModelAdvance", "ph":"B", "ts":"4051027967", "pid":"1", "tid":"cice"},
{"name":"ModelAdvance", "ph":"E", "ts":"4053504677", "pid":"1", "tid":"cice"},
{"name":"ModelAdvance", "ph":"B", "ts":"4053924402", "pid":"1", "tid":"cice"},
{"name":"ModelAdvance", "ph":"E", "ts":"4056417491", "pid":"1", "tid":"cice"},
{"name":"ModelAdvance", "ph":"B", "ts":"4056856034", "pid":"1", "tid":"cice"},
{"name":"ModelAdvance", "ph":"E", "ts":"4059381732", "pid":"1", "tid":"cice"},
{"name":"ModelAdvance", "ph":"B", "ts":"4059787278", "pid":"1", "tid":"cice"},
{"name":"ModelAdvance", "ph":"E", "ts":"4062255781", "pid":"1", "tid":"cice"},
{"name":"ModelAdvance", "ph":"B", "ts":"4062728320", "pid":"1", "tid":"cice"},
{"name":"ModelAdvance", "ph":"E", "ts":"4065218547", "pid":"1", "tid":"cice"},
{"name":"ModelAdvance", "ph":"B", "ts":"4065642395", "pid":"1", "tid":"cice"},
{"name":"ModelAdvance", "ph":"E", "ts":"4068107947", "pid":"1", "tid":"cice"},
{"name":"ModelAdvance", "ph":"B", "ts":"4068542030", "pid":"1", "tid":"cice"},
{"name":"ModelAdvance", "ph":"E", "ts":"4071016331", "pid":"1", "tid":"cice"},
{"name":"ModelAdvance", "ph":"B", "ts":"4071448421", "pid":"1", "tid":"cice"},
{"name":"ModelAdvance", "ph":"E", "ts":"4073926551", "pid":"1", "tid":"cice"},
{"name":"ModelAdvance", "ph":"B", "ts":"4074400252", "pid":"1", "tid":"cice"},
{"name":"ModelAdvance", "ph":"E", "ts":"4076825879", "pid":"1", "tid":"cice"},
{"name":"ModelAdvance", "ph":"B", "ts":"4077285225", "pid":"1", "tid":"cice"},
{"name":"ModelAdvance", "ph":"E", "ts":"4079728841", "pid":"1", "tid":"cice"},
{"name":"ModelAdvance", "ph":"B", "ts":"4080190188", "pid":"1", "tid":"cice"},
{"name":"ModelAdvance", "ph":"E", "ts":"4082656228", "pid":"1", "tid":"cice"},
{"name":"ModelAdvance", "ph":"B", "ts":"4083143632", "pid":"1", "tid":"cice"},
{"name":"ModelAdvance", "ph":"E", "ts":"4085562230", "pid":"1", "tid":"cice"},
{"name":"ModelAdvance", "ph":"B", "ts":"4086050086", "pid":"1", "tid":"cice"},
{"name":"ModelAdvance", "ph":"E", "ts":"4088786632", "pid":"1", "tid":"cice"},
{"name":"ModelAdvance", "ph":"B", "ts":"4092642791", "pid":"1", "tid":"cice"},
{"name":"ModelAdvance", "ph":"E", "ts":"4095086608", "pid":"1", "tid":"cice"},
{"name":"ModelAdvance", "ph":"B", "ts":"4095519595", "pid":"1", "tid":"cice"},
{"name":"ModelAdvance", "ph":"E", "ts":"4098125706", "pid":"1", "tid":"cice"},
{"name":"ModelAdvance", "ph":"B", "ts":"4098568451", "pid":"1", "tid":"cice"},
{"name":"ModelAdvance", "ph":"E", "ts":"4101072103", "pid":"1", "tid":"cice"},
{"name":"ModelAdvance", "ph":"B", "ts":"4101508915", "pid":"1", "tid":"cice"},
{"name":"ModelAdvance", "ph":"E", "ts":"4103894277", "pid":"1", "tid":"cice"},
{"name":"ModelAdvance", "ph":"B", "ts":"4104393371", "pid":"1", "tid":"cice"},
{"name":"ModelAdvance", "ph":"E", "ts":"4106822676", "pid":"1", "tid":"cice"},
{"name":"ModelAdvance", "ph":"B", "ts":"4107279711", "pid":"1", "tid":"cice"},
{"name":"ModelAdvance", "ph":"E", "ts":"4109657277", "pid":"1", "tid":"cice"},
{"name":"ModelAdvance", "ph":"B", "ts":"4110122419", "pid":"1", "tid":"cice"},
{"name":"ModelAdvance", "ph":"E", "ts":"4112543934", "pid":"1", "tid":"cice"},
{"name":"ModelAdvance", "ph":"B", "ts":"4113019523", "pid":"1", "tid":"cice"},
{"name":"ModelAdvance", "ph":"E", "ts":"4115472847", "pid":"1", "tid":"cice"},
{"name":"ModelAdvance", "ph":"B", "ts":"4115952720", "pid":"1", "tid":"cice"},
{"name":"ModelAdvance", "ph":"E", "ts":"4118430464", "pid":"1", "tid":"cice"},
{"name":"ModelAdvance", "ph":"B", "ts":"4118893394", "pid":"1", "tid":"cice"},
{"name":"ModelAdvance", "ph":"E", "ts":"4121366800", "pid":"1", "tid":"cice"},
{"name":"ModelAdvance", "ph":"B", "ts":"4121844170", "pid":"1", "tid":"cice"},
{"name":"ModelAdvance", "ph":"E", "ts":"4124277536", "pid":"1", "tid":"cice"},
{"name":"ModelAdvance", "ph":"B", "ts":"4124769871", "pid":"1", "tid":"cice"},
{"name":"ModelAdvance", "ph":"E", "ts":"4127249146", "pid":"1", "tid":"cice"},
{"name":"ModelAdvance", "ph":"B", "ts":"4127697977", "pid":"1", "tid":"cice"},
{"name":"ModelAdvance", "ph":"E", "ts":"4130178810", "pid":"1", "tid":"cice"},
{"name":"ModelAdvance", "ph":"B", "ts":"4130622886", "pid":"1", "tid":"cice"},
{"name":"ModelAdvance", "ph":"E", "ts":"4133166893", "pid":"1", "tid":"cice"},
{"name":"ModelAdvance", "ph":"B", "ts":"4133546843", "pid":"1", "tid":"cice"},
{"name":"ModelAdvance", "ph":"E", "ts":"4135986936", "pid":"1", "tid":"cice"},
{"name":"ModelAdvance", "ph":"B", "ts":"4136459159", "pid":"1", "tid":"cice"},
{"name":"ModelAdvance", "ph":"E", "ts":"4138967330", "pid":"1", "tid":"cice"},
{"name":"ModelAdvance", "ph":"B", "ts":"4139378044", "pid":"1", "tid":"cice"},
{"name":"ModelAdvance", "ph":"E", "ts":"4141830019", "pid":"1", "tid":"cice"},
{"name":"ModelAdvance", "ph":"B", "ts":"4142356954", "pid":"1", "tid":"cice"},
{"name":"ModelAdvance", "ph":"E", "ts":"4144746044", "pid":"1", "tid":"cice"},
{"name":"ModelAdvance", "ph":"B", "ts":"4145229553", "pid":"1", "tid":"cice"},
{"name":"ModelAdvance", "ph":"E", "ts":"4147641401", "pid":"1", "tid":"cice"},
{"name":"ModelAdvance", "ph":"B", "ts":"4148067764", "pid":"1", "tid":"cice"},
{"name":"ModelAdvance", "ph":"E", "ts":"4150542892", "pid":"1", "tid":"cice"},
{"name":"ModelAdvance", "ph":"B", "ts":"4151034630", "pid":"1", "tid":"cice"},
{"name":"ModelAdvance", "ph":"E", "ts":"4153462100", "pid":"1", "tid":"cice"},
{"name":"ModelAdvance", "ph":"B", "ts":"4153964566", "pid":"1", "tid":"cice"},
{"name":"ModelAdvance", "ph":"E", "ts":"4156386424", "pid":"1", "tid":"cice"},
{"name":"ModelAdvance", "ph":"B", "ts":"4156869079", "pid":"1", "tid":"cice"},
{"name":"ModelAdvance", "ph":"E", "ts":"4159301973", "pid":"1", "tid":"cice"},
{"name":"ModelAdvance", "ph":"B", "ts":"4159811943", "pid":"1", "tid":"cice"},
{"name":"ModelAdvance", "ph":"E", "ts":"4162494991", "pid":"1", "tid":"cice"},
{"name":"ModelAdvance", "ph":"B", "ts":"4165970939", "pid":"1", "tid":"cice"},
{"name":"ModelAdvance", "ph":"E", "ts":"4168377436", "pid":"1", "tid":"cice"},
{"name":"ModelAdvance", "ph":"B", "ts":"4168793873", "pid":"1", "tid":"cice"},
{"name":"ModelAdvance", "ph":"E", "ts":"4171383604", "pid":"1", "tid":"cice"},
{"name":"ModelAdvance", "ph":"B", "ts":"4171916922", "pid":"1", "tid":"cice"},
{"name":"ModelAdvance", "ph":"E", "ts":"4174342503", "pid":"1", "tid":"cice"},
{"name":"ModelAdvance", "ph":"B", "ts":"4174825240", "pid":"1", "tid":"cice"},
{"name":"ModelAdvance", "ph":"E", "ts":"4177183235", "pid":"1", "tid":"cice"},
{"name":"ModelAdvance", "ph":"B", "ts":"4177662828", "pid":"1", "tid":"cice"},
{"name":"ModelAdvance", "ph":"E", "ts":"4180066344", "pid":"1", "tid":"cice"},
{"name":"ModelAdvance", "ph":"B", "ts":"4180587216", "pid":"1", "tid":"cice"},
{"name":"ModelAdvance", "ph":"E", "ts":"4182933074", "pid":"1", "tid":"cice"},
{"name":"ModelAdvance", "ph":"B", "ts":"4183435004", "pid":"1", "tid":"cice"},
{"name":"ModelAdvance", "ph":"E", "ts":"4185795877", "pid":"1", "tid":"cice"},
{"name":"ModelAdvance", "ph":"B", "ts":"4186303552", "pid":"1", "tid":"cice"},
{"name":"ModelAdvance", "ph":"E", "ts":"4188746202", "pid":"1", "tid":"cice"},
{"name":"ModelAdvance", "ph":"B", "ts":"4189244507", "pid":"1", "tid":"cice"},
{"name":"ModelAdvance", "ph":"E", "ts":"4191658029", "pid":"1", "tid":"cice"},
{"name":"ModelAdvance", "ph":"B", "ts":"4192199777", "pid":"1", "tid":"cice"},
{"name":"ModelAdvance", "ph":"E", "ts":"4194599062", "pid":"1", "tid":"cice"},
{"name":"ModelAdvance", "ph":"B", "ts":"4195104232", "pid":"1", "tid":"cice"},
{"name":"ModelAdvance", "ph":"E", "ts":"4197531528", "pid":"1", "tid":"cice"},
{"name":"ModelAdvance", "ph":"B", "ts":"4198048782", "pid":"1", "tid":"cice"},
{"name":"ModelAdvance", "ph":"E", "ts":"4200499820", "pid":"1", "tid":"cice"},
{"name":"ModelAdvance", "ph":"B", "ts":"4200988797", "pid":"1", "tid":"cice"},
{"name":"ModelAdvance", "ph":"E", "ts":"4203416020", "pid":"1", "tid":"cice"},
{"name":"ModelAdvance", "ph":"B", "ts":"4203898030", "pid":"1", "tid":"cice"},
{"name":"ModelAdvance", "ph":"E", "ts":"4206348214", "pid":"1", "tid":"cice"},
{"name":"ModelAdvance", "ph":"B", "ts":"4206809570", "pid":"1", "tid":"cice"},
{"name":"ModelAdvance", "ph":"E", "ts":"4209228472", "pid":"1", "tid":"cice"},
{"name":"ModelAdvance", "ph":"B", "ts":"4209687894", "pid":"1", "tid":"cice"},
{"name":"ModelAdvance", "ph":"E", "ts":"4212153136", "pid":"1", "tid":"cice"},
{"name":"ModelAdvance", "ph":"B", "ts":"4212600925", "pid":"1", "tid":"cice"},
{"name":"ModelAdvance", "ph":"E", "ts":"4215009538", "pid":"1", "tid":"cice"},
{"name":"ModelAdvance", "ph":"B", "ts":"4215488640", "pid":"1", "tid":"cice"},
{"name":"ModelAdvance", "ph":"E", "ts":"4217899809", "pid":"1", "tid":"cice"},
{"name":"ModelAdvance", "ph":"B", "ts":"4218380624", "pid":"1", "tid":"cice"},
{"name":"ModelAdvance", "ph":"E", "ts":"4220781513", "pid":"1", "tid":"cice"},
{"name":"ModelAdvance", "ph":"B", "ts":"4221254040", "pid":"1", "tid":"cice"},
{"name":"ModelAdvance", "ph":"E", "ts":"4223629905", "pid":"1", "tid":"cice"},
{"name":"ModelAdvance", "ph":"B", "ts":"4224112067", "pid":"1", "tid":"cice"},
{"name":"ModelAdvance", "ph":"E", "ts":"4226506224", "pid":"1", "tid":"cice"},
{"name":"ModelAdvance", "ph":"B", "ts":"4227006698", "pid":"1", "tid":"cice"},
{"name":"ModelAdvance", "ph":"E", "ts":"4229369296", "pid":"1", "tid":"cice"},
{"name":"ModelAdvance", "ph":"B", "ts":"4229843395", "pid":"1", "tid":"cice"},
{"name":"ModelAdvance", "ph":"E", "ts":"4236415051", "pid":"1", "tid":"cice"},
{"name":"ModelAdvance", "ph":"B", "ts":"4247700723", "pid":"1", "tid":"cice"},
{"name":"ModelAdvance", "ph":"E", "ts":"4250135069", "pid":"1", "tid":"cice"},
{"name":"ModelAdvance", "ph":"B", "ts":"4252756553", "pid":"1", "tid":"cice"},
{"name":"ModelAdvance", "ph":"E", "ts":"4255250794", "pid":"1", "tid":"cice"},
{"name":"ModelAdvance", "ph":"B", "ts":"4255726173", "pid":"1", "tid":"cice"},
{"name":"ModelAdvance", "ph":"E", "ts":"4258142148", "pid":"1", "tid":"cice"},
{"name":"ModelAdvance", "ph":"B", "ts":"4258566423", "pid":"1", "tid":"cice"},
{"name":"ModelAdvance", "ph":"E", "ts":"4261049977", "pid":"1", "tid":"cice"},
{"name":"ModelAdvance", "ph":"B", "ts":"4261528346", "pid":"1", "tid":"cice"},
{"name":"ModelAdvance", "ph":"E", "ts":"4263986384", "pid":"1", "tid":"cice"},
{"name":"ModelAdvance", "ph":"B", "ts":"4264426716", "pid":"1", "tid":"cice"},
{"name":"ModelAdvance", "ph":"E", "ts":"4266817041", "pid":"1", "tid":"cice"},
{"name":"ModelAdvance", "ph":"B", "ts":"4267251956", "pid":"1", "tid":"cice"},
{"name":"ModelAdvance", "ph":"E", "ts":"4269658199", "pid":"1", "tid":"cice"},
{"name":"ModelAdvance", "ph":"B", "ts":"4270120952", "pid":"1", "tid":"cice"},
{"name":"ModelAdvance", "ph":"E", "ts":"4272548499", "pid":"1", "tid":"cice"},
{"name":"ModelAdvance", "ph":"B", "ts":"4273037838", "pid":"1", "tid":"cice"},
{"name":"ModelAdvance", "ph":"E", "ts":"4275450566", "pid":"1", "tid":"cice"},
{"name":"ModelAdvance", "ph":"B", "ts":"4275952399", "pid":"1", "tid":"cice"},
{"name":"ModelAdvance", "ph":"E", "ts":"4278361056", "pid":"1", "tid":"cice"},
{"name":"ModelAdvance", "ph":"B", "ts":"4278865443", "pid":"1", "tid":"cice"},
{"name":"ModelAdvance", "ph":"E", "ts":"4281253998", "pid":"1", "tid":"cice"},
{"name":"ModelAdvance", "ph":"B", "ts":"4281771057", "pid":"1", "tid":"cice"},
{"name":"ModelAdvance", "ph":"E", "ts":"4284162203", "pid":"1", "tid":"cice"},
{"name":"ModelAdvance", "ph":"B", "ts":"4284726189", "pid":"1", "tid":"cice"},
{"name":"ModelAdvance", "ph":"E", "ts":"4287149069", "pid":"1", "tid":"cice"},
{"name":"ModelAdvance", "ph":"B", "ts":"4287643750", "pid":"1", "tid":"cice"},
{"name":"ModelAdvance", "ph":"E", "ts":"4290030078", "pid":"1", "tid":"cice"},
{"name":"ModelAdvance", "ph":"B", "ts":"4290525910", "pid":"1", "tid":"cice"},
{"name":"ModelAdvance", "ph":"E", "ts":"4293003457", "pid":"1", "tid":"cice"},
{"name":"ModelAdvance", "ph":"B", "ts":"4293471996", "pid":"1", "tid":"cice"},
{"name":"ModelAdvance", "ph":"E", "ts":"4295887570", "pid":"1", "tid":"cice"},
{"name":"ModelAdvance", "ph":"B", "ts":"4296409922", "pid":"1", "tid":"cice"},
{"name":"ModelAdvance", "ph":"E", "ts":"4298820921", "pid":"1", "tid":"cice"},
{"name":"ModelAdvance", "ph":"B", "ts":"4299290080", "pid":"1", "tid":"cice"},
{"name":"ModelAdvance", "ph":"E", "ts":"4301719580", "pid":"1", "tid":"cice"},
{"name":"ModelAdvance", "ph":"B", "ts":"4302222739", "pid":"1", "tid":"cice"},
{"name":"ModelAdvance", "ph":"E", "ts":"4304626902", "pid":"1", "tid":"cice"},
{"name":"ModelAdvance", "ph":"B", "ts":"4305102228", "pid":"1", "tid":"cice"},
{"name":"ModelAdvance", "ph":"E", "ts":"4307538301", "pid":"1", "tid":"cice"},
{"name":"ModelAdvance", "ph":"B", "ts":"4308080644", "pid":"1", "tid":"cice"},
{"name":"ModelAdvance", "ph":"E", "ts":"4310468126", "pid":"1", "tid":"cice"},
{"name":"ModelAdvance", "ph":"B", "ts":"4310967802", "pid":"1", "tid":"cice"},
{"name":"ModelAdvance", "ph":"E", "ts":"4313380705", "pid":"1", "tid":"cice"},
{"name":"ModelAdvance", "ph":"B", "ts":"4313862851", "pid":"1", "tid":"cice"},
{"name":"ModelAdvance", "ph":"E", "ts":"4316260502", "pid":"1", "tid":"cice"},
{"name":"ModelAdvance", "ph":"B", "ts":"4316753948", "pid":"1", "tid":"cice"},
{"name":"ModelAdvance", "ph":"E", "ts":"4319178019", "pid":"1", "tid":"cice"},
{"name":"ModelAdvance", "ph":"B", "ts":"4319702337", "pid":"1", "tid":"cice"},
{"name":"ModelAdvance", "ph":"E", "ts":"4322375998", "pid":"1", "tid":"cice"},
{"name":"ModelAdvance", "ph":"B", "ts":"4326140465", "pid":"1", "tid":"cice"},
{"name":"ModelAdvance", "ph":"E", "ts":"4328590159", "pid":"1", "tid":"cice"},
{"name":"ModelAdvance", "ph":"B", "ts":"4329059126", "pid":"1", "tid":"cice"},
{"name":"ModelAdvance", "ph":"E", "ts":"4331620085", "pid":"1", "tid":"cice"},
{"name":"ModelAdvance", "ph":"B", "ts":"4332126973", "pid":"1", "tid":"cice"},
{"name":"ModelAdvance", "ph":"E", "ts":"4334639439", "pid":"1", "tid":"cice"},
{"name":"ModelAdvance", "ph":"B", "ts":"4335088709", "pid":"1", "tid":"cice"},
{"name":"ModelAdvance", "ph":"E", "ts":"4337496176", "pid":"1", "tid":"cice"},
{"name":"ModelAdvance", "ph":"B", "ts":"4337951341", "pid":"1", "tid":"cice"},
{"name":"ModelAdvance", "ph":"E", "ts":"4340357112", "pid":"1", "tid":"cice"},
{"name":"ModelAdvance", "ph":"B", "ts":"4340852070", "pid":"1", "tid":"cice"},
{"name":"ModelAdvance", "ph":"E", "ts":"4343188692", "pid":"1", "tid":"cice"},
{"name":"ModelAdvance", "ph":"B", "ts":"4343675584", "pid":"1", "tid":"cice"},
{"name":"ModelAdvance", "ph":"E", "ts":"4346036713", "pid":"1", "tid":"cice"},
{"name":"ModelAdvance", "ph":"B", "ts":"4346548744", "pid":"1", "tid":"cice"},
{"name":"ModelAdvance", "ph":"E", "ts":"4348934634", "pid":"1", "tid":"cice"},
{"name":"ModelAdvance", "ph":"B", "ts":"4349460174", "pid":"1", "tid":"cice"},
{"name":"ModelAdvance", "ph":"E", "ts":"4351817362", "pid":"1", "tid":"cice"},
{"name":"ModelAdvance", "ph":"B", "ts":"4352320502", "pid":"1", "tid":"cice"},
{"name":"ModelAdvance", "ph":"E", "ts":"4354718109", "pid":"1", "tid":"cice"},
{"name":"ModelAdvance", "ph":"B", "ts":"4355222512", "pid":"1", "tid":"cice"},
{"name":"ModelAdvance", "ph":"E", "ts":"4357622869", "pid":"1", "tid":"cice"},
{"name":"ModelAdvance", "ph":"B", "ts":"4358137701", "pid":"1", "tid":"cice"},
{"name":"ModelAdvance", "ph":"E", "ts":"4360559893", "pid":"1", "tid":"cice"},
{"name":"ModelAdvance", "ph":"B", "ts":"4361013067", "pid":"1", "tid":"cice"},
{"name":"ModelAdvance", "ph":"E", "ts":"4363475574", "pid":"1", "tid":"cice"},
{"name":"ModelAdvance", "ph":"B", "ts":"4363951658", "pid":"1", "tid":"cice"},
{"name":"ModelAdvance", "ph":"E", "ts":"4366404259", "pid":"1", "tid":"cice"},
{"name":"ModelAdvance", "ph":"B", "ts":"4366915183", "pid":"1", "tid":"cice"},
{"name":"ModelAdvance", "ph":"E", "ts":"4369336225", "pid":"1", "tid":"cice"},
{"name":"ModelAdvance", "ph":"B", "ts":"4369820036", "pid":"1", "tid":"cice"},
{"name":"ModelAdvance", "ph":"E", "ts":"4372241780", "pid":"1", "tid":"cice"},
{"name":"ModelAdvance", "ph":"B", "ts":"4372708047", "pid":"1", "tid":"cice"},
{"name":"ModelAdvance", "ph":"E", "ts":"4375116295", "pid":"1", "tid":"cice"},
{"name":"ModelAdvance", "ph":"B", "ts":"4375613571", "pid":"1", "tid":"cice"},
{"name":"ModelAdvance", "ph":"E", "ts":"4378005862", "pid":"1", "tid":"cice"},
{"name":"ModelAdvance", "ph":"B", "ts":"4378555349", "pid":"1", "tid":"cice"},
{"name":"ModelAdvance", "ph":"E", "ts":"4380940117", "pid":"1", "tid":"cice"},
{"name":"ModelAdvance", "ph":"B", "ts":"4381436660", "pid":"1", "tid":"cice"},
{"name":"ModelAdvance", "ph":"E", "ts":"4383838381", "pid":"1", "tid":"cice"},
{"name":"ModelAdvance", "ph":"B", "ts":"4384308577", "pid":"1", "tid":"cice"},
{"name":"ModelAdvance", "ph":"E", "ts":"4386730922", "pid":"1", "tid":"cice"},
{"name":"ModelAdvance", "ph":"B", "ts":"4387192870", "pid":"1", "tid":"cice"},
{"name":"ModelAdvance", "ph":"E", "ts":"4389691655", "pid":"1", "tid":"cice"},
{"name":"ModelAdvance", "ph":"B", "ts":"4390169900", "pid":"1", "tid":"cice"},
{"name":"ModelAdvance", "ph":"E", "ts":"4392584458", "pid":"1", "tid":"cice"},
{"name":"ModelAdvance", "ph":"B", "ts":"4393127425", "pid":"1", "tid":"cice"},
{"name":"ModelAdvance", "ph":"E", "ts":"4395800007", "pid":"1", "tid":"cice"},
{"name":"ModelAdvance", "ph":"B", "ts":"4399803424", "pid":"1", "tid":"cice"},
{"name":"ModelAdvance", "ph":"E", "ts":"4402205786", "pid":"1", "tid":"cice"},
{"name":"ModelAdvance", "ph":"B", "ts":"4402636926", "pid":"1", "tid":"cice"},
{"name":"ModelAdvance", "ph":"E", "ts":"4405266064", "pid":"1", "tid":"cice"},
{"name":"ModelAdvance", "ph":"B", "ts":"4405737252", "pid":"1", "tid":"cice"},
{"name":"ModelAdvance", "ph":"E", "ts":"4408150673", "pid":"1", "tid":"cice"},
{"name":"ModelAdvance", "ph":"B", "ts":"4408574611", "pid":"1", "tid":"cice"},
{"name":"ModelAdvance", "ph":"E", "ts":"4410952451", "pid":"1", "tid":"cice"},
{"name":"ModelAdvance", "ph":"B", "ts":"4411413616", "pid":"1", "tid":"cice"},
{"name":"ModelAdvance", "ph":"E", "ts":"4413825049", "pid":"1", "tid":"cice"},
{"name":"ModelAdvance", "ph":"B", "ts":"4414256468", "pid":"1", "tid":"cice"},
{"name":"ModelAdvance", "ph":"E", "ts":"4416690290", "pid":"1", "tid":"cice"},
{"name":"ModelAdvance", "ph":"B", "ts":"4417124584", "pid":"1", "tid":"cice"},
{"name":"ModelAdvance", "ph":"E", "ts":"4419611668", "pid":"1", "tid":"cice"},
{"name":"ModelAdvance", "ph":"B", "ts":"4420094250", "pid":"1", "tid":"cice"},
{"name":"ModelAdvance", "ph":"E", "ts":"4422499072", "pid":"1", "tid":"cice"},
{"name":"ModelAdvance", "ph":"B", "ts":"4422973096", "pid":"1", "tid":"cice"},
{"name":"ModelAdvance", "ph":"E", "ts":"4425388418", "pid":"1", "tid":"cice"},
{"name":"ModelAdvance", "ph":"B", "ts":"4425854564", "pid":"1", "tid":"cice"},
{"name":"ModelAdvance", "ph":"E", "ts":"4428290454", "pid":"1", "tid":"cice"},
{"name":"ModelAdvance", "ph":"B", "ts":"4428728740", "pid":"1", "tid":"cice"},
{"name":"ModelAdvance", "ph":"E", "ts":"4431157879", "pid":"1", "tid":"cice"},
{"name":"ModelAdvance", "ph":"B", "ts":"4431626822", "pid":"1", "tid":"cice"},
{"name":"ModelAdvance", "ph":"E", "ts":"4434099515", "pid":"1", "tid":"cice"},
{"name":"ModelAdvance", "ph":"B", "ts":"4434543666", "pid":"1", "tid":"cice"},
{"name":"ModelAdvance", "ph":"E", "ts":"4437016060", "pid":"1", "tid":"cice"},
{"name":"ModelAdvance", "ph":"B", "ts":"4437439517", "pid":"1", "tid":"cice"},
{"name":"ModelAdvance", "ph":"E", "ts":"4439928152", "pid":"1", "tid":"cice"},
{"name":"ModelAdvance", "ph":"B", "ts":"4440348105", "pid":"1", "tid":"cice"},
{"name":"ModelAdvance", "ph":"E", "ts":"4442822922", "pid":"1", "tid":"cice"},
{"name":"ModelAdvance", "ph":"B", "ts":"4443292166", "pid":"1", "tid":"cice"},
{"name":"ModelAdvance", "ph":"E", "ts":"4445737849", "pid":"1", "tid":"cice"},
{"name":"ModelAdvance", "ph":"B", "ts":"4446186020", "pid":"1", "tid":"cice"},
{"name":"ModelAdvance", "ph":"E", "ts":"4448600055", "pid":"1", "tid":"cice"},
{"name":"ModelAdvance", "ph":"B", "ts":"4449041690", "pid":"1", "tid":"cice"},
{"name":"ModelAdvance", "ph":"E", "ts":"4451432957", "pid":"1", "tid":"cice"},
{"name":"ModelAdvance", "ph":"B", "ts":"4451854011", "pid":"1", "tid":"cice"},
{"name":"ModelAdvance", "ph":"E", "ts":"4454315818", "pid":"1", "tid":"cice"},
{"name":"ModelAdvance", "ph":"B", "ts":"4454717858", "pid":"1", "tid":"cice"},
{"name":"ModelAdvance", "ph":"E", "ts":"4457158926", "pid":"1", "tid":"cice"},
{"name":"ModelAdvance", "ph":"B", "ts":"4457592786", "pid":"1", "tid":"cice"},
{"name":"ModelAdvance", "ph":"E", "ts":"4460010187", "pid":"1", "tid":"cice"},
{"name":"ModelAdvance", "ph":"B", "ts":"4460454251", "pid":"1", "tid":"cice"},
{"name":"ModelAdvance", "ph":"E", "ts":"4462828399", "pid":"1", "tid":"cice"},
{"name":"ModelAdvance", "ph":"B", "ts":"4463339465", "pid":"1", "tid":"cice"},
{"name":"ModelAdvance", "ph":"E", "ts":"4470110630", "pid":"1", "tid":"cice"},
{"name":"ModelFinalize", "ph":"B", "ts":"4470114415", "pid":"1", "tid":"cice"},
{"name":"ModelFinalize", "ph":"E", "ts":"4470114458", "pid":"1", "tid":"cice"},
