{"name":"SetServices", "ph":"B", "ts":"3308394376", "pid":"1", "tid":"mom"},
{"name":"SetServices", "ph":"E", "ts":"3308396100", "pid":"1", "tid":"mom"},
{"name":"InitializeP0", "ph":"B", "ts":"3308472419", "pid":"1", "tid":"mom"},
{"name":"InitializeP0", "ph":"E", "ts":"3308475238", "pid":"1", "tid":"mom"},
{"name":"InitializeAdvertise", "ph":"B", "ts":"3312420009", "pid":"1", "tid":"mom"},
{"name":"InitializeAdvertise", "ph":"E", "ts":"3359381474", "pid":"1", "tid":"mom"},
{"name":"InitializeRealize", "ph":"B", "ts":"3457234317", "pid":"1", "tid":"mom"},
{"name":"InitializeRealize", "ph":"E", "ts":"3460325968", "pid":"1", "tid":"mom"},
{"name":"DataInitialize", "ph":"B", "ts":"3495507564", "pid":"1", "tid":"mom"},
{"name":"DataInitialize", "ph":"E", "ts":"3495510055", "pid":"1", "tid":"mom"},
{"name":"ModelSetRunClock", "ph":"B", "ts":"3549022571", "pid":"1", "tid":"mom"},
{"name":"ModelSetRunClock", "ph":"E", "ts":"3549031447", "pid":"1", "tid":"mom"},
{"name":"ModelAdvance", "ph":"B", "ts":"3549031629", "pid":"1", "tid":"mom"},
{"name":"ModelAdvance", "ph":"E", "ts":"3564722665", "pid":"1", "tid":"mom"},
{"name":"ModelSetRunClock", "ph":"B", "ts":"3595930631", "pid":"1", "tid":"mom"},
{"name":"ModelSetRunClock", "ph":"E", "ts":"3595930860", "pid":"1", "tid":"mom"},
{"name":"ModelAdvance", "ph":"B", "ts":"3595931044", "pid":"1", "tid":"mom"},
{"name":"ModelAdvance", "ph":"E", "ts":"3610982125", "pid":"1", "tid":"mom"},
{"name":"ModelSetRunClock", "ph":"B", "ts":"3630656865", "pid":"1", "tid":"mom"},
{"name":"ModelSetRunClock", "ph":"E", "ts":"3630657090", "pid":"1", "tid":"mom"},
{"name":"ModelAdvance", "ph":"B", "ts":"3630657273", "pid":"1", "tid":"mom"},
{"name":"ModelAdvance", "ph":"E", "ts":"3654111758", "pid":"1", "tid":"mom"},
{"name":"ModelSetRunClock", "ph":"B", "ts":"3667473603", "pid":"1", "tid":"mom"},
{"name":"ModelSetRunClock", "ph":"E", "ts":"3667473803", "pid":"1", "tid":"mom"},
{"name":"ModelAdvance", "ph":"B", "ts":"3667473973", "pid":"1", "tid":"mom"},
{"name":"ModelAdvance", "ph":"E", "ts":"3682494227", "pid":"1", "tid":"mom"},
{"name":"ModelSetRunClock", "ph":"B", "ts":"3702334076", "pid":"1", "tid":"mom"},
{"name":"ModelSetRunClock", "ph":"E", "ts":"3702334291", "pid":"1", "tid":"mom"},
{"name":"ModelAdvance", "ph":"B", "ts":"3702334482", "pid":"1", "tid":"mom"},
{"name":"ModelAdvance", "ph":"E", "ts":"3725885331", "pid":"1", "tid":"mom"},
{"name":"ModelSetRunClock", "ph":"B", "ts":"3739475530", "pid":"1", "tid":"mom"},
{"name":"ModelSetRunClock", "ph":"E", "ts":"3739475907", "pid":"1", "tid":"mom"},
{"name":"ModelAdvance", "ph":"B", "ts":"3739476128", "pid":"1", "tid":"mom"},
{"name":"ModelAdvance", "ph":"E", "ts":"3754668129", "pid":"1", "tid":"mom"},
{"name":"ModelSetRunClock", "ph":"B", "ts":"3778310119", "pid":"1", "tid":"mom"},
{"name":"ModelSetRunClock", "ph":"E", "ts":"3778310324", "pid":"1", "tid":"mom"},
{"name":"ModelAdvance", "ph":"B", "ts":"3778310486", "pid":"1", "tid":"mom"},
{"name":"ModelAdvance", "ph":"E", "ts":"3801978298", "pid":"1", "tid":"mom"},
{"name":"ModelSetRunClock", "ph":"B", "ts":"3816960197", "pid":"1", "tid":"mom"},
{"name":"ModelSetRunClock", "ph":"E", "ts":"3816960426", "pid":"1", "tid":"mom"},
{"name":"ModelAdvance", "ph":"B", "ts":"3816960598", "pid":"1", "tid":"mom"},
{"name":"ModelAdvance", "ph":"E", "ts":"3832086727", "pid":"1", "tid":"mom"},
{"name":"ModelSetRunClock", "ph":"B", "ts":"3851930093", "pid":"1", "tid":"mom"},
{"name":"ModelSetRunClock", "ph":"E", "ts":"3851930308", "pid":"1", "tid":"mom"},
{"name":"ModelAdvance", "ph":"B", "ts":"3851930472", "pid":"1", "tid":"mom"},
{"name":"ModelAdvance", "ph":"E", "ts":"3875338616", "pid":"1", "tid":"mom"},
{"name":"ModelSetRunClock", "ph":"B", "ts":"3890165683", "pid":"1", "tid":"mom"},
{"name":"ModelSetRunClock", "ph":"E", "ts":"3890165939", "pid":"1", "tid":"mom"},
{"name":"ModelAdvance", "ph":"B", "ts":"3890166119", "pid":"1", "tid":"mom"},
{"name":"ModelAdvance", "ph":"E", "ts":"3905221439", "pid":"1", "tid":"mom"},
{"name":"ModelSetRunClock", "ph":"B", "ts":"3925263633", "pid":"1", "tid":"mom"},
{"name":"ModelSetRunClock", "ph":"E", "ts":"3925263877", "pid":"1", "tid":"mom"},
{"name":"ModelAdvance", "ph":"B", "ts":"3925264115", "pid":"1", "tid":"mom"},
{"name":"ModelAdvance", "ph":"E", "ts":"3948698495", "pid":"1", "tid":"mom"},
{"name":"ModelSetRunClock", "ph":"B", "ts":"3963192191", "pid":"1", "tid":"mom"},
{"name":"ModelSetRunClock", "ph":"E", "ts":"3963192394", "pid":"1", "tid":"mom"},
{"name":"ModelAdvance", "ph":"B", "ts":"3963192562", "pid":"1", "tid":"mom"},
{"name":"ModelAdvance", "ph":"E", "ts":"3998212107", "pid":"1", "tid":"mom"},
{"name":"ModelSetRunClock", "ph":"B", "ts":"4013673614", "pid":"1", "tid":"mom"},
{"name":"ModelSetRunClock", "ph":"E", "ts":"4013673695", "pid":"1", "tid":"mom"},
{"name":"ModelAdvance", "ph":"B", "ts":"4013673857", "pid":"1", "tid":"mom"},
{"name":"ModelAdvance", "ph":"E", "ts":"4038115528", "pid":"1", "tid":"mom"},
{"name":"ModelSetRunClock", "ph":"B", "ts":"4050939022", "pid":"1", "tid":"mom"},
{"name":"ModelSetRunClock", "ph":"E", "ts":"4050939114", "pid":"1", "tid":"mom"},
{"name":"ModelAdvance", "ph":"B", "ts":"4050939297", "pid":"1", "tid":"mom"},
{"name":"ModelAdvance", "ph":"E", "ts":"4065501061", "pid":"1", "tid":"mom"},
{"name":"ModelSetRunClock", "ph":"B", "ts":"4086014847", "pid":"1", "tid":"mom"},
{"name":"ModelSetRunClock", "ph":"E", "ts":"4086014936", "pid":"1", "tid":"mom"},
{"name":"ModelAdvance", "ph":"B", "ts":"4086015118", "pid":"1", "tid":"mom"},
{"name":"ModelAdvance", "ph":"E", "ts":"4110673093", "pid":"1", "tid":"mom"},
{"name":"ModelSetRunClock", "ph":"B", "ts":"4124677616", "pid":"1", "tid":"mom"},
{"name":"ModelSetRunClock", "ph":"E", "ts":"4124677719", "pid":"1", "tid":"mom"},
{"name":"ModelAdvance", "ph":"B", "ts":"4124677894", "pid":"1", "tid":"mom"},
{"name":"ModelAdvance", "ph":"E", "ts":"4139287048", "pid":"1", "tid":"mom"},
{"name":"ModelSetRunClock", "ph":"B", "ts":"4159748222", "pid":"1", "tid":"mom"},
{"name":"ModelSetRunClock", "ph":"E", "ts":"4159748453", "pid":"1", "tid":"mom"},
{"name":"ModelAdvance", "ph":"B", "ts":"4159748641", "pid":"1", "tid":"mom"},
{"name":"ModelAdvance", "ph":"E", "ts":"4184091839", "pid":"1", "tid":"mom"},
{"name":"ModelSetRunClock", "ph":"B", "ts":"4197939860", "pid":"1", "tid":"mom"},
{"name":"ModelSetRunClock", "ph":"E", "ts":"4197940078", "pid":"1", "tid":"mom"},
{"name":"ModelAdvance", "ph":"B", "ts":"4197940315", "pid":"1", "tid":"mom"},
{"name":"ModelAdvance", "ph":"E", "ts":"4233005305", "pid":"1", "tid":"mom"},
{"name":"ModelSetRunClock", "ph":"B", "ts":"4247591289", "pid":"1", "tid":"mom"},
{"name":"ModelSetRunClock", "ph":"E", "ts":"4247591370", "pid":"1", "tid":"mom"},
{"name":"ModelAdvance", "ph":"B", "ts":"4247591538", "pid":"1", "tid":"mom"},
{"name":"ModelAdvance", "ph":"E", "ts":"4272067851", "pid":"1", "tid":"mom"},
{"name":"ModelSetRunClock", "ph":"B", "ts":"4284573181", "pid":"1", "tid":"mom"},
{"name":"ModelSetRunClock", "ph":"E", "ts":"4284573378", "pid":"1", "tid":"mom"},
{"name":"ModelAdvance", "ph":"B", "ts":"4284573549", "pid":"1", "tid":"mom"},
{"name":"ModelAdvance", "ph":"E", "ts":"4299202905", "pid":"1", "tid":"mom"},
{"name":"ModelSetRunClock", "ph":"B", "ts":"4319629340", "pid":"1", "tid":"mom"},
{"name":"ModelSetRunClock", "ph":"E", "ts":"4319629562", "pid":"1", "tid":"mom"},
{"name":"ModelAdvance", "ph":"B", "ts":"4319629730", "pid":"1", "tid":"mom"},
{"name":"ModelAdvance", "ph":"E", "ts":"4344075421", "pid":"1", "tid":"mom"},
{"name":"ModelSetRunClock", "ph":"B", "ts":"4358070563", "pid":"1", "tid":"mom"},
{"name":"ModelSetRunClock", "ph":"E", "ts":"4358070807", "pid":"1", "tid":"mom"},
{"name":"ModelAdvance", "ph":"B", "ts":"4358071009", "pid":"1", "tid":"mom"},
{"name":"ModelAdvance", "ph":"E", "ts":"4372677021", "pid":"1", "tid":"mom"},
{"name":"ModelSetRunClock", "ph":"B", "ts":"4393065467", "pid":"1", "tid":"mom"},
{"name":"ModelSetRunClock", "ph":"E", "ts":"4393066064", "pid":"1", "tid":"mom"},
{"name":"ModelAdvance", "ph":"B", "ts":"4393066484", "pid":"1", "tid":"mom"},
{"name":"ModelAdvance", "ph":"E", "ts":"4417361711", "pid":"1", "tid":"mom"},
{"name":"ModelSetRunClock", "ph":"B", "ts":"4431525734", "pid":"1", "tid":"mom"},
{"name":"ModelSetRunClock", "ph":"E", "ts":"4431525986", "pid":"1", "tid":"mom"},
{"name":"ModelAdvance", "ph":"B", "ts":"4431526162", "pid":"1", "tid":"mom"},
{"name":"ModelAdvance", "ph":"E", "ts":"4467806648", "pid":"1", "tid":"mom"},
{"name":"ocean_model_finalize", "ph":"B", "ts":"4467812538", "pid":"1", "tid":"mom"},
{"name":"ocean_model_finalize", "ph":"E", "ts":"4477877579", "pid":"1", "tid":"mom"},
