{"name":"SetServices", "ph":"B", "ts":"3308477500", "pid":"1", "tid":"wave"},
{"name":"SetServices", "ph":"E", "ts":"3308479199", "pid":"1", "tid":"wave"},
{"name":"InitializeP0", "ph":"B", "ts":"3308483560", "pid":"1", "tid":"wave"},
{"name":"InitializeP0", "ph":"E", "ts":"3308483650", "pid":"1", "tid":"wave"},
{"name":"InitializeAdvertise", "ph":"B", "ts":"3312417659", "pid":"1", "tid":"wave"},
{"name":"InitializeAdvertise", "ph":"E", "ts":"3361938606", "pid":"1", "tid":"wave"},
{"name":"InitializeRealize", "ph":"B", "ts":"3457422870", "pid":"1", "tid":"wave"},
{"name":"InitializeRealize", "ph":"E", "ts":"3465358618", "pid":"1", "tid":"wave"},
{"name":"DataInitialize", "ph":"B", "ts":"3498108497", "pid":"1", "tid":"wave"},
{"name":"DataInitialize", "ph":"E", "ts":"3498127654", "pid":"1", "tid":"wave"},
{"name":"ModelSetRunClock", "ph":"B", "ts":"3549002982", "pid":"1", "tid":"wave"},
{"name":"ModelSetRunClock", "ph":"E", "ts":"3549012663", "pid":"1", "tid":"wave"},
{"name":"ModelAdvance", "ph":"B", "ts":"3549012762", "pid":"1", "tid":"wave"},
{"name":"ModelAdvance", "ph":"E", "ts":"3575668032", "pid":"1", "tid":"wave"},
{"name":"ModelSetRunClock", "ph":"B", "ts":"3595917454", "pid":"1", "tid":"wave"},
{"name":"ModelSetRunClock", "ph":"E", "ts":"3595917567", "pid":"1", "tid":"wave"},
{"name":"ModelAdvance", "ph":"B", "ts":"3595917719", "pid":"1", "tid":"wave"},
{"name":"ModelAdvance", "ph":"E", "ts":"3615250898", "pid":"1", "tid":"wave"},
{"name":"ModelSetRunClock", "ph":"B", "ts":"3630643280", "pid":"1", "tid":"wave"},
{"name":"ModelSetRunClock", "ph":"E", "ts":"3630643346", "pid":"1", "tid":"wave"},
{"name":"ModelAdvance", "ph":"B", "ts":"3630643431", "pid":"1", "tid":"wave"},
{"name":"ModelAdvance", "ph":"E", "ts":"3649488385", "pid":"1", "tid":"wave"},
{"name":"ModelSetRunClock", "ph":"B", "ts":"3667470038", "pid":"1", "tid":"wave"},
{"name":"ModelSetRunClock", "ph":"E", "ts":"3667470104", "pid":"1", "tid":"wave"},
{"name":"ModelAdvance", "ph":"B", "ts":"3667470186", "pid":"1", "tid":"wave"},
{"name":"ModelAdvance", "ph":"E", "ts":"3686793064", "pid":"1", "tid":"wave"},
{"name":"ModelSetRunClock", "ph":"B", "ts":"3702331965", "pid":"1", "tid":"wave"},
{"name":"ModelSetRunClock", "ph":"E", "ts":"3702332031", "pid":"1", "tid":"wave"},
{"name":"ModelAdvance", "ph":"B", "ts":"3702332118", "pid":"1", "tid":"wave"},
{"name":"ModelAdvance", "ph":"E", "ts":"3721239678", "pid":"1", "tid":"wave"},
{"name":"ModelSetRunClock", "ph":"B", "ts":"3739418863", "pid":"1", "tid":"wave"},
{"name":"ModelSetRunClock", "ph":"E", "ts":"3739419913", "pid":"1", "tid":"wave"},
{"name":"ModelAdvance", "ph":"B", "ts":"3739420100", "pid":"1", "tid":"wave"},
{"name":"ModelAdvance", "ph":"E", "ts":"3758532806", "pid":"1", "tid":"wave"},
{"name":"ModelSetRunClock", "ph":"B", "ts":"3778302805", "pid":"1", "tid":"wave"},
{"name":"ModelSetRunClock", "ph":"E", "ts":"3778302877", "pid":"1", "tid":"wave"},
{"name":"ModelAdvance", "ph":"B", "ts":"3778302968", "pid":"1", "tid":"wave"},
{"name":"ModelAdvance", "ph":"E", "ts":"3796632521", "pid":"1", "tid":"wave"},
{"name":"ModelSetRunClock", "ph":"B", "ts":"3816956580", "pid":"1", "tid":"wave"},
{"name":"ModelSetRunClock", "ph":"E", "ts":"3816956656", "pid":"1", "tid":"wave"},
{"name":"ModelAdvance", "ph":"B", "ts":"3816956747", "pid":"1", "tid":"wave"},
{"name":"ModelAdvance", "ph":"E", "ts":"3835367087", "pid":"1", "tid":"wave"},
{"name":"ModelSetRunClock", "ph":"B", "ts":"3851898163", "pid":"1", "tid":"wave"},
{"name":"ModelSetRunClock", "ph":"E", "ts":"3851898234", "pid":"1", "tid":"wave"},
{"name":"ModelAdvance", "ph":"B", "ts":"3851898327", "pid":"1", "tid":"wave"},
{"name":"ModelAdvance", "ph":"E", "ts":"3869596370", "pid":"1", "tid":"wave"},
{"name":"ModelSetRunClock", "ph":"B", "ts":"3890136047", "pid":"1", "tid":"wave"},
{"name":"ModelSetRunClock", "ph":"E", "ts":"3890136134", "pid":"1", "tid":"wave"},
{"name":"ModelAdvance", "ph":"B", "ts":"3890136241", "pid":"1", "tid":"wave"},
{"name":"ModelAdvance", "ph":"E", "ts":"3908106735", "pid":"1", "tid":"wave"},
{"name":"ModelSetRunClock", "ph":"B", "ts":"3925254639", "pid":"1", "tid":"wave"},
{"name":"ModelSetRunClock", "ph":"E", "ts":"3925254898", "pid":"1", "tid":"wave"},
{"name":"ModelAdvance", "ph":"B", "ts":"3925255002", "pid":"1", "tid":"wave"},
{"name":"ModelAdvance", "ph":"E", "ts":"3942463946", "pid":"1", "tid":"wave"},
{"name":"ModelSetRunClock", "ph":"B", "ts":"3963189824", "pid":"1", "tid":"wave"},
{"name":"ModelSetRunClock", "ph":"E", "ts":"3963189892", "pid":"1", "tid":"wave"},
{"name":"ModelAdvance", "ph":"B", "ts":"3963189970", "pid":"1", "tid":"wave"},
{"name":"ModelAdvance", "ph":"E", "ts":"4005210798", "pid":"1", "tid":"wave"},
{"name":"ModelSetRunClock", "ph":"B", "ts":"4013672247", "pid":"1", "tid":"wave"},
{"name":"ModelSetRunClock", "ph":"E", "ts":"4013672340", "pid":"1", "tid":"wave"},
{"name":"ModelAdvance", "ph":"B", "ts":"4013672441", "pid":"1", "tid":"wave"},
{"name":"ModelAdvance", "ph":"E", "ts":"4030429728", "pid":"1", "tid":"wave"},
{"name":"ModelSetRunClock", "ph":"B", "ts":"4050899866", "pid":"1", "tid":"wave"},
{"name":"ModelSetRunClock", "ph":"E", "ts":"4050900219", "pid":"1", "tid":"wave"},
{"name":"ModelAdvance", "ph":"B", "ts":"4050900382", "pid":"1", "tid":"wave"},
{"name":"ModelAdvance", "ph":"E", "ts":"4067875457", "pid":"1", "tid":"wave"},
{"name":"ModelSetRunClock", "ph":"B", "ts":"4085985117", "pid":"1", "tid":"wave"},
{"name":"ModelSetRunClock", "ph":"E", "ts":"4085985190", "pid":"1", "tid":"wave"},
{"name":"ModelAdvance", "ph":"B", "ts":"4085985282", "pid":"1", "tid":"wave"},
{"name":"ModelAdvance", "ph":"E", "ts":"4102306947", "pid":"1", "tid":"wave"},
{"name":"ModelSetRunClock", "ph":"B", "ts":"4124649487", "pid":"1", "tid":"wave"},
{"name":"ModelSetRunClock", "ph":"E", "ts":"4124649569", "pid":"1", "tid":"wave"},
{"name":"ModelAdvance", "ph":"B", "ts":"4124649666", "pid":"1", "tid":"wave"},
{"name":"ModelAdvance", "ph":"E", "ts":"4141118588", "pid":"1", "tid":"wave"},
{"name":"ModelSetRunClock", "ph":"B", "ts":"4159726357", "pid":"1", "tid":"wave"},
{"name":"ModelSetRunClock", "ph":"E", "ts":"4159726531", "pid":"1", "tid":"wave"},
{"name":"ModelAdvance", "ph":"B", "ts":"4159726626", "pid":"1", "tid":"wave"},
{"name":"ModelAdvance", "ph":"E", "ts":"4175860133", "pid":"1", "tid":"wave"},
{"name":"ModelSetRunClock", "ph":"B", "ts":"4197928318", "pid":"1", "tid":"wave"},
{"name":"ModelSetRunClock", "ph":"E", "ts":"4197928674", "pid":"1", "tid":"wave"},
{"name":"ModelAdvance", "ph":"B", "ts":"4197928804", "pid":"1", "tid":"wave"},
{"name":"ModelAdvance", "ph":"E", "ts":"4239003897", "pid":"1", "tid":"wave"},
{"name":"ModelSetRunClock", "ph":"B", "ts":"4247589997", "pid":"1", "tid":"wave"},
{"name":"ModelSetRunClock", "ph":"E", "ts":"4247590090", "pid":"1", "tid":"wave"},
{"name":"ModelAdvance", "ph":"B", "ts":"4247590194", "pid":"1", "tid":"wave"},
{"name":"ModelAdvance", "ph":"E", "ts":"4263749442", "pid":"1", "tid":"wave"},
{"name":"ModelSetRunClock", "ph":"B", "ts":"4284562228", "pid":"1", "tid":"wave"},
{"name":"ModelSetRunClock", "ph":"E", "ts":"4284562297", "pid":"1", "tid":"wave"},
{"name":"ModelAdvance", "ph":"B", "ts":"4284562383", "pid":"1", "tid":"wave"},
{"name":"ModelAdvance", "ph":"E", "ts":"4301253443", "pid":"1", "tid":"wave"},
{"name":"ModelSetRunClock", "ph":"B", "ts":"4319625113", "pid":"1", "tid":"wave"},
{"name":"ModelSetRunClock", "ph":"E", "ts":"4319625180", "pid":"1", "tid":"wave"},
{"name":"ModelAdvance", "ph":"B", "ts":"4319625272", "pid":"1", "tid":"wave"},
{"name":"ModelAdvance", "ph":"E", "ts":"4335922930", "pid":"1", "tid":"wave"},
{"name":"ModelSetRunClock", "ph":"B", "ts":"4358013978", "pid":"1", "tid":"wave"},
{"name":"ModelSetRunClock", "ph":"E", "ts":"4358014151", "pid":"1", "tid":"wave"},
{"name":"ModelAdvance", "ph":"B", "ts":"4358014253", "pid":"1", "tid":"wave"},
{"name":"ModelAdvance", "ph":"E", "ts":"4374624129", "pid":"1", "tid":"wave"},
{"name":"ModelSetRunClock", "ph":"B", "ts":"4393035759", "pid":"1", "tid":"wave"},
{"name":"ModelSetRunClock", "ph":"E", "ts":"4393035940", "pid":"1", "tid":"wave"},
{"name":"ModelAdvance", "ph":"B", "ts":"4393036023", "pid":"1", "tid":"wave"},
{"name":"ModelAdvance", "ph":"E", "ts":"4409215783", "pid":"1", "tid":"wave"},
{"name":"ModelSetRunClock", "ph":"B", "ts":"4431505737", "pid":"1", "tid":"wave"},
{"name":"ModelSetRunClock", "ph":"E", "ts":"4431505917", "pid":"1", "tid":"wave"},
{"name":"ModelAdvance", "ph":"B", "ts":"4431506017", "pid":"1", "tid":"wave"},
{"name":"ModelAdvance", "ph":"E", "ts":"4472523717", "pid":"1", "tid":"wave"},
{"name":"ModelFinalize", "ph":"B", "ts":"4472529731", "pid":"1", "tid":"wave"},
{"name":"ModelFinalize", "ph":"E", "ts":"4472529768", "pid":"1", "tid":"wave"},
