{"name":"SetServices", "ph":"B", "ts":"1057242195", "pid":"1", "tid":"wave"},
{"name":"SetServices", "ph":"E", "ts":"1057244794", "pid":"1", "tid":"wave"},
{"name":"InitializeP0", "ph":"B", "ts":"1057248709", "pid":"1", "tid":"wave"},
{"name":"InitializeP0", "ph":"E", "ts":"1057248785", "pid":"1", "tid":"wave"},
{"name":"InitializeAdvertise", "ph":"B", "ts":"1090733276", "pid":"1", "tid":"wave"},
{"name":"InitializeAdvertise", "ph":"E", "ts":"1175972669", "pid":"1", "tid":"wave"},
{"name":"InitializeRealize", "ph":"B", "ts":"1300098782", "pid":"1", "tid":"wave"},
{"name":"InitializeRealize", "ph":"E", "ts":"1312074403", "pid":"1", "tid":"wave"},
{"name":"DataInitialize", "ph":"B", "ts":"1342074642", "pid":"1", "tid":"wave"},
{"name":"DataInitialize", "ph":"E", "ts":"1342079568", "pid":"1", "tid":"wave"},
{"name":"ModelSetRunClock", "ph":"B", "ts":"1367764784", "pid":"1", "tid":"wave"},
{"name":"ModelSetRunClock", "ph":"E", "ts":"1367773462", "pid":"1", "tid":"wave"},
{"name":"ModelAdvance", "ph":"B", "ts":"1367773590", "pid":"1", "tid":"wave"},
{"name":"ModelAdvance", "ph":"E", "ts":"1380153746", "pid":"1", "tid":"wave"},
{"name":"ModelSetRunClock", "ph":"B", "ts":"1381394211", "pid":"1", "tid":"wave"},
{"name":"ModelSetRunClock", "ph":"E", "ts":"1381394303", "pid":"1", "tid":"wave"},
{"name":"ModelAdvance", "ph":"B", "ts":"1381394397", "pid":"1", "tid":"wave"},
{"name":"ModelAdvance", "ph":"E", "ts":"1394399750", "pid":"1", "tid":"wave"},
{"name":"ModelSetRunClock", "ph":"B", "ts":"1398133805", "pid":"1", "tid":"wave"},
{"name":"ModelSetRunClock", "ph":"E", "ts":"1398133893", "pid":"1", "tid":"wave"},
{"name":"ModelAdvance", "ph":"B", "ts":"1398133985", "pid":"1", "tid":"wave"},
{"name":"ModelAdvance", "ph":"E", "ts":"1412997378", "pid":"1", "tid":"wave"},
{"name":"ModelSetRunClock", "ph":"B", "ts":"1417084961", "pid":"1", "tid":"wave"},
{"name":"ModelSetRunClock", "ph":"E", "ts":"1417085007", "pid":"1", "tid":"wave"},
{"name":"ModelAdvance", "ph":"B", "ts":"1417085087", "pid":"1", "tid":"wave"},
{"name":"ModelAdvance", "ph":"E", "ts":"1431661095", "pid":"1", "tid":"wave"},
{"name":"ModelSetRunClock", "ph":"B", "ts":"1437212367", "pid":"1", "tid":"wave"},
{"name":"ModelSetRunClock", "ph":"E", "ts":"1437212480", "pid":"1", "tid":"wave"},
{"name":"ModelAdvance", "ph":"B", "ts":"1437212595", "pid":"1", "tid":"wave"},
{"name":"ModelAdvance", "ph":"E", "ts":"1451881719", "pid":"1", "tid":"wave"},
{"name":"ModelSetRunClock", "ph":"B", "ts":"1455130300", "pid":"1", "tid":"wave"},
{"name":"ModelSetRunClock", "ph":"E", "ts":"1455130352", "pid":"1", "tid":"wave"},
{"name":"ModelAdvance", "ph":"B", "ts":"1455130434", "pid":"1", "tid":"wave"},
{"name":"ModelAdvance", "ph":"E", "ts":"1465338709", "pid":"1", "tid":"wave"},
{"name":"ModelSetRunClock", "ph":"B", "ts":"1479020262", "pid":"1", "tid":"wave"},
{"name":"ModelSetRunClock", "ph":"E", "ts":"1479020326", "pid":"1", "tid":"wave"},
{"name":"ModelAdvance", "ph":"B", "ts":"1479020406", "pid":"1", "tid":"wave"},
{"name":"ModelAdvance", "ph":"E", "ts":"1488066317", "pid":"1", "tid":"wave"},
{"name":"ModelSetRunClock", "ph":"B", "ts":"1490146996", "pid":"1", "tid":"wave"},
{"name":"ModelSetRunClock", "ph":"E", "ts":"1490147105", "pid":"1", "tid":"wave"},
{"name":"ModelAdvance", "ph":"B", "ts":"1490147224", "pid":"1", "tid":"wave"},
{"name":"ModelAdvance", "ph":"E", "ts":"1498395622", "pid":"1", "tid":"wave"},
{"name":"ModelSetRunClock", "ph":"B", "ts":"1500694162", "pid":"1", "tid":"wave"},
{"name":"ModelSetRunClock", "ph":"E", "ts":"1500694234", "pid":"1", "tid":"wave"},
{"name":"ModelAdvance", "ph":"B", "ts":"1500694323", "pid":"1", "tid":"wave"},
{"name":"ModelAdvance", "ph":"E", "ts":"1509805459", "pid":"1", "tid":"wave"},
{"name":"ModelSetRunClock", "ph":"B", "ts":"1511415690", "pid":"1", "tid":"wave"},
{"name":"ModelSetRunClock", "ph":"E", "ts":"1511415725", "pid":"1", "tid":"wave"},
{"name":"ModelAdvance", "ph":"B", "ts":"1511415803", "pid":"1", "tid":"wave"},
{"name":"ModelAdvance", "ph":"E", "ts":"1518980804", "pid":"1", "tid":"wave"},
{"name":"ModelSetRunClock", "ph":"B", "ts":"1521132533", "pid":"1", "tid":"wave"},
{"name":"ModelSetRunClock", "ph":"E", "ts":"1521132697", "pid":"1", "tid":"wave"},
{"name":"ModelAdvance", "ph":"B", "ts":"1521132800", "pid":"1", "tid":"wave"},
{"name":"ModelAdvance", "ph":"E", "ts":"1529736754", "pid":"1", "tid":"wave"},
{"name":"ModelSetRunClock", "ph":"B", "ts":"1531669008", "pid":"1", "tid":"wave"},
{"name":"ModelSetRunClock", "ph":"E", "ts":"1531669048", "pid":"1", "tid":"wave"},
{"name":"ModelAdvance", "ph":"B", "ts":"1531669126", "pid":"1", "tid":"wave"},
{"name":"ModelAdvance", "ph":"E", "ts":"1538971523", "pid":"1", "tid":"wave"},
{"name":"ModelSetRunClock", "ph":"B", "ts":"1541425071", "pid":"1", "tid":"wave"},
{"name":"ModelSetRunClock", "ph":"E", "ts":"1541425157", "pid":"1", "tid":"wave"},
{"name":"ModelAdvance", "ph":"B", "ts":"1541425246", "pid":"1", "tid":"wave"},
{"name":"ModelAdvance", "ph":"E", "ts":"1550070190", "pid":"1", "tid":"wave"},
{"name":"ModelSetRunClock", "ph":"B", "ts":"1551923360", "pid":"1", "tid":"wave"},
{"name":"ModelSetRunClock", "ph":"E", "ts":"1551923399", "pid":"1", "tid":"wave"},
{"name":"ModelAdvance", "ph":"B", "ts":"1551923485", "pid":"1", "tid":"wave"},
{"name":"ModelAdvance", "ph":"E", "ts":"1559167052", "pid":"1", "tid":"wave"},
{"name":"ModelSetRunClock", "ph":"B", "ts":"1561238930", "pid":"1", "tid":"wave"},
{"name":"ModelSetRunClock", "ph":"E", "ts":"1561238988", "pid":"1", "tid":"wave"},
{"name":"ModelAdvance", "ph":"B", "ts":"1561239060", "pid":"1", "tid":"wave"},
{"name":"ModelAdvance", "ph":"E", "ts":"1569804090", "pid":"1", "tid":"wave"},
{"name":"ModelSetRunClock", "ph":"B", "ts":"1571945185", "pid":"1", "tid":"wave"},
{"name":"ModelSetRunClock", "ph":"E", "ts":"1571945230", "pid":"1", "tid":"wave"},
{"name":"ModelAdvance", "ph":"B", "ts":"1571945310", "pid":"1", "tid":"wave"},
{"name":"ModelAdvance", "ph":"E", "ts":"1579078949", "pid":"1", "tid":"wave"},
{"name":"ModelSetRunClock", "ph":"B", "ts":"1581039705", "pid":"1", "tid":"wave"},
{"name":"ModelSetRunClock", "ph":"E", "ts":"1581039767", "pid":"1", "tid":"wave"},
{"name":"ModelAdvance", "ph":"B", "ts":"1581039861", "pid":"1", "tid":"wave"},
{"name":"ModelAdvance", "ph":"E", "ts":"1589482996", "pid":"1", "tid":"wave"},
{"name":"ModelSetRunClock", "ph":"B", "ts":"1591931543", "pid":"1", "tid":"wave"},
{"name":"ModelSetRunClock", "ph":"E", "ts":"1591931581", "pid":"1", "tid":"wave"},
{"name":"ModelAdvance", "ph":"B", "ts":"1591931659", "pid":"1", "tid":"wave"},
{"name":"ModelAdvance", "ph":"E", "ts":"1598875748", "pid":"1", "tid":"wave"},
{"name":"ModelSetRunClock", "ph":"B", "ts":"1601927268", "pid":"1", "tid":"wave"},
{"name":"ModelSetRunClock", "ph":"E", "ts":"1601927331", "pid":"1", "tid":"wave"},
{"name":"ModelAdvance", "ph":"B", "ts":"1601927415", "pid":"1", "tid":"wave"},
{"name":"ModelAdvance", "ph":"E", "ts":"1609255029", "pid":"1", "tid":"wave"},
{"name":"ModelSetRunClock", "ph":"B", "ts":"1612914631", "pid":"1", "tid":"wave"},
{"name":"ModelSetRunClock", "ph":"E", "ts":"1612914679", "pid":"1", "tid":"wave"},
{"name":"ModelAdvance", "ph":"B", "ts":"1612914764", "pid":"1", "tid":"wave"},
{"name":"ModelAdvance", "ph":"E", "ts":"1619721391", "pid":"1", "tid":"wave"},
{"name":"ModelSetRunClock", "ph":"B", "ts":"1621629064", "pid":"1", "tid":"wave"},
{"name":"ModelSetRunClock", "ph":"E", "ts":"1621629122", "pid":"1", "tid":"wave"},
{"name":"ModelAdvance", "ph":"B", "ts":"1621629203", "pid":"1", "tid":"wave"},
{"name":"ModelAdvance", "ph":"E", "ts":"1631220370", "pid":"1", "tid":"wave"},
{"name":"ModelSetRunClock", "ph":"B", "ts":"1633352414", "pid":"1", "tid":"wave"},
{"name":"ModelSetRunClock", "ph":"E", "ts":"1633352461", "pid":"1", "tid":"wave"},
{"name":"ModelAdvance", "ph":"B", "ts":"1633352546", "pid":"1", "tid":"wave"},
{"name":"ModelAdvance", "ph":"E", "ts":"1640001128", "pid":"1", "tid":"wave"},
{"name":"ModelSetRunClock", "ph":"B", "ts":"1641852490", "pid":"1", "tid":"wave"},
{"name":"ModelSetRunClock", "ph":"E", "ts":"1641852551", "pid":"1", "tid":"wave"},
{"name":"ModelAdvance", "ph":"B", "ts":"1641852643", "pid":"1", "tid":"wave"},
{"name":"ModelAdvance", "ph":"E", "ts":"1649882122", "pid":"1", "tid":"wave"},
{"name":"ModelSetRunClock", "ph":"B", "ts":"1652864389", "pid":"1", "tid":"wave"},
{"name":"ModelSetRunClock", "ph":"E", "ts":"1652864435", "pid":"1", "tid":"wave"},
{"name":"ModelAdvance", "ph":"B", "ts":"1652864520", "pid":"1", "tid":"wave"},
{"name":"ModelAdvance", "ph":"E", "ts":"1659669807", "pid":"1", "tid":"wave"},
{"name":"ModelSetRunClock", "ph":"B", "ts":"1661699403", "pid":"1", "tid":"wave"},
{"name":"ModelSetRunClock", "ph":"E", "ts":"1661699451", "pid":"1", "tid":"wave"},
{"name":"ModelAdvance", "ph":"B", "ts":"1661699525", "pid":"1", "tid":"wave"},
{"name":"ModelAdvance", "ph":"E", "ts":"1669807757", "pid":"1", "tid":"wave"},
{"name":"ModelSetRunClock", "ph":"B", "ts":"1672756494", "pid":"1", "tid":"wave"},
{"name":"ModelSetRunClock", "ph":"E", "ts":"1672756540", "pid":"1", "tid":"wave"},
{"name":"ModelAdvance", "ph":"B", "ts":"1672756621", "pid":"1", "tid":"wave"},
{"name":"ModelAdvance", "ph":"E", "ts":"1679807039", "pid":"1", "tid":"wave"},
{"name":"ModelSetRunClock", "ph":"B", "ts":"1681893281", "pid":"1", "tid":"wave"},
{"name":"ModelSetRunClock", "ph":"E", "ts":"1681893348", "pid":"1", "tid":"wave"},
{"name":"ModelAdvance", "ph":"B", "ts":"1681893444", "pid":"1", "tid":"wave"},
{"name":"ModelAdvance", "ph":"E", "ts":"1690232570", "pid":"1", "tid":"wave"},
{"name":"ModelSetRunClock", "ph":"B", "ts":"1692867185", "pid":"1", "tid":"wave"},
{"name":"ModelSetRunClock", "ph":"E", "ts":"1692867224", "pid":"1", "tid":"wave"},
{"name":"ModelAdvance", "ph":"B", "ts":"1692867308", "pid":"1", "tid":"wave"},
{"name":"ModelAdvance", "ph":"E", "ts":"1700111984", "pid":"1", "tid":"wave"},
{"name":"ModelSetRunClock", "ph":"B", "ts":"1702218414", "pid":"1", "tid":"wave"},
{"name":"ModelSetRunClock", "ph":"E", "ts":"1702218472", "pid":"1", "tid":"wave"},
{"name":"ModelAdvance", "ph":"B", "ts":"1702218548", "pid":"1", "tid":"wave"},
{"name":"ModelAdvance", "ph":"E", "ts":"1710702332", "pid":"1", "tid":"wave"},
{"name":"ModelSetRunClock", "ph":"B", "ts":"1712995066", "pid":"1", "tid":"wave"},
{"name":"ModelSetRunClock", "ph":"E", "ts":"1712995111", "pid":"1", "tid":"wave"},
{"name":"ModelAdvance", "ph":"B", "ts":"1712995199", "pid":"1", "tid":"wave"},
{"name":"ModelAdvance", "ph":"E", "ts":"1720232699", "pid":"1", "tid":"wave"},
{"name":"ModelSetRunClock", "ph":"B", "ts":"1722933803", "pid":"1", "tid":"wave"},
{"name":"ModelSetRunClock", "ph":"E", "ts":"1722933861", "pid":"1", "tid":"wave"},
{"name":"ModelAdvance", "ph":"B", "ts":"1722933956", "pid":"1", "tid":"wave"},
{"name":"ModelAdvance", "ph":"E", "ts":"1730721887", "pid":"1", "tid":"wave"},
{"name":"ModelSetRunClock", "ph":"B", "ts":"1742478598", "pid":"1", "tid":"wave"},
{"name":"ModelSetRunClock", "ph":"E", "ts":"1742478671", "pid":"1", "tid":"wave"},
{"name":"ModelAdvance", "ph":"B", "ts":"1742478764", "pid":"1", "tid":"wave"},
{"name":"ModelAdvance", "ph":"E", "ts":"1749657387", "pid":"1", "tid":"wave"},
{"name":"ModelSetRunClock", "ph":"B", "ts":"1751695479", "pid":"1", "tid":"wave"},
{"name":"ModelSetRunClock", "ph":"E", "ts":"1751695543", "pid":"1", "tid":"wave"},
{"name":"ModelAdvance", "ph":"B", "ts":"1751695622", "pid":"1", "tid":"wave"},
{"name":"ModelAdvance", "ph":"E", "ts":"1760427517", "pid":"1", "tid":"wave"},
{"name":"ModelSetRunClock", "ph":"B", "ts":"1763124881", "pid":"1", "tid":"wave"},
{"name":"ModelSetRunClock", "ph":"E", "ts":"1763124924", "pid":"1", "tid":"wave"},
{"name":"ModelAdvance", "ph":"B", "ts":"1763125004", "pid":"1", "tid":"wave"},
{"name":"ModelAdvance", "ph":"E", "ts":"1770079979", "pid":"1", "tid":"wave"},
{"name":"ModelSetRunClock", "ph":"B", "ts":"1771968090", "pid":"1", "tid":"wave"},
{"name":"ModelSetRunClock", "ph":"E", "ts":"1771968270", "pid":"1", "tid":"wave"},
{"name":"ModelAdvance", "ph":"B", "ts":"1771968365", "pid":"1", "tid":"wave"},
{"name":"ModelAdvance", "ph":"E", "ts":"1780116269", "pid":"1", "tid":"wave"},
{"name":"ModelSetRunClock", "ph":"B", "ts":"1782860272", "pid":"1", "tid":"wave"},
{"name":"ModelSetRunClock", "ph":"E", "ts":"1782860306", "pid":"1", "tid":"wave"},
{"name":"ModelAdvance", "ph":"B", "ts":"1782860637", "pid":"1", "tid":"wave"},
{"name":"ModelAdvance", "ph":"E", "ts":"1789800885", "pid":"1", "tid":"wave"},
{"name":"ModelSetRunClock", "ph":"B", "ts":"1791553610", "pid":"1", "tid":"wave"},
{"name":"ModelSetRunClock", "ph":"E", "ts":"1791553661", "pid":"1", "tid":"wave"},
{"name":"ModelAdvance", "ph":"B", "ts":"1791553735", "pid":"1", "tid":"wave"},
{"name":"ModelAdvance", "ph":"E", "ts":"1799710634", "pid":"1", "tid":"wave"},
{"name":"ModelSetRunClock", "ph":"B", "ts":"1802639268", "pid":"1", "tid":"wave"},
{"name":"ModelSetRunClock", "ph":"E", "ts":"1802639444", "pid":"1", "tid":"wave"},
{"name":"ModelAdvance", "ph":"B", "ts":"1802639529", "pid":"1", "tid":"wave"},
{"name":"ModelAdvance", "ph":"E", "ts":"1809567183", "pid":"1", "tid":"wave"},
{"name":"ModelSetRunClock", "ph":"B", "ts":"1811361902", "pid":"1", "tid":"wave"},
{"name":"ModelSetRunClock", "ph":"E", "ts":"1811362007", "pid":"1", "tid":"wave"},
{"name":"ModelAdvance", "ph":"B", "ts":"1811362125", "pid":"1", "tid":"wave"},
{"name":"ModelAdvance", "ph":"E", "ts":"1819838843", "pid":"1", "tid":"wave"},
{"name":"ModelSetRunClock", "ph":"B", "ts":"1822667689", "pid":"1", "tid":"wave"},
{"name":"ModelSetRunClock", "ph":"E", "ts":"1822667738", "pid":"1", "tid":"wave"},
{"name":"ModelAdvance", "ph":"B", "ts":"1822667825", "pid":"1", "tid":"wave"},
{"name":"ModelAdvance", "ph":"E", "ts":"1829807178", "pid":"1", "tid":"wave"},
{"name":"ModelSetRunClock", "ph":"B", "ts":"1831477516", "pid":"1", "tid":"wave"},
{"name":"ModelSetRunClock", "ph":"E", "ts":"1831477572", "pid":"1", "tid":"wave"},
{"name":"ModelAdvance", "ph":"B", "ts":"1831477649", "pid":"1", "tid":"wave"},
{"name":"ModelAdvance", "ph":"E", "ts":"1848193309", "pid":"1", "tid":"wave"},
{"name":"ModelSetRunClock", "ph":"B", "ts":"1849499769", "pid":"1", "tid":"wave"},
{"name":"ModelSetRunClock", "ph":"E", "ts":"1849499857", "pid":"1", "tid":"wave"},
{"name":"ModelAdvance", "ph":"B", "ts":"1849499960", "pid":"1", "tid":"wave"},
{"name":"ModelAdvance", "ph":"E", "ts":"1856869391", "pid":"1", "tid":"wave"},
{"name":"ModelSetRunClock", "ph":"B", "ts":"1863987174", "pid":"1", "tid":"wave"},
{"name":"ModelSetRunClock", "ph":"E", "ts":"1863987231", "pid":"1", "tid":"wave"},
{"name":"ModelAdvance", "ph":"B", "ts":"1863987306", "pid":"1", "tid":"wave"},
{"name":"ModelAdvance", "ph":"E", "ts":"1871129792", "pid":"1", "tid":"wave"},
{"name":"ModelSetRunClock", "ph":"B", "ts":"1886009005", "pid":"1", "tid":"wave"},
{"name":"ModelSetRunClock", "ph":"E", "ts":"1886009163", "pid":"1", "tid":"wave"},
{"name":"ModelAdvance", "ph":"B", "ts":"1886009251", "pid":"1", "tid":"wave"},
{"name":"ModelAdvance", "ph":"E", "ts":"1893471515", "pid":"1", "tid":"wave"},
{"name":"ModelSetRunClock", "ph":"B", "ts":"1894914410", "pid":"1", "tid":"wave"},
{"name":"ModelSetRunClock", "ph":"E", "ts":"1894914469", "pid":"1", "tid":"wave"},
{"name":"ModelAdvance", "ph":"B", "ts":"1894914549", "pid":"1", "tid":"wave"},
{"name":"ModelAdvance", "ph":"E", "ts":"1906242465", "pid":"1", "tid":"wave"},
{"name":"ModelSetRunClock", "ph":"B", "ts":"1907933301", "pid":"1", "tid":"wave"},
{"name":"ModelSetRunClock", "ph":"E", "ts":"1907933345", "pid":"1", "tid":"wave"},
{"name":"ModelAdvance", "ph":"B", "ts":"1907933423", "pid":"1", "tid":"wave"},
{"name":"ModelAdvance", "ph":"E", "ts":"1915442525", "pid":"1", "tid":"wave"},
{"name":"ModelSetRunClock", "ph":"B", "ts":"1916670629", "pid":"1", "tid":"wave"},
{"name":"ModelSetRunClock", "ph":"E", "ts":"1916670690", "pid":"1", "tid":"wave"},
{"name":"ModelAdvance", "ph":"B", "ts":"1916670769", "pid":"1", "tid":"wave"},
{"name":"ModelAdvance", "ph":"E", "ts":"1929797484", "pid":"1", "tid":"wave"},
{"name":"ModelSetRunClock", "ph":"B", "ts":"1931697158", "pid":"1", "tid":"wave"},
{"name":"ModelSetRunClock", "ph":"E", "ts":"1931697200", "pid":"1", "tid":"wave"},
{"name":"ModelAdvance", "ph":"B", "ts":"1931697273", "pid":"1", "tid":"wave"},
{"name":"ModelAdvance", "ph":"E", "ts":"1939465193", "pid":"1", "tid":"wave"},
{"name":"ModelSetRunClock", "ph":"B", "ts":"1940518534", "pid":"1", "tid":"wave"},
{"name":"ModelSetRunClock", "ph":"E", "ts":"1940518928", "pid":"1", "tid":"wave"},
{"name":"ModelAdvance", "ph":"B", "ts":"1940519158", "pid":"1", "tid":"wave"},
{"name":"ModelAdvance", "ph":"E", "ts":"1948742601", "pid":"1", "tid":"wave"},
{"name":"ModelSetRunClock", "ph":"B", "ts":"1951258479", "pid":"1", "tid":"wave"},
{"name":"ModelSetRunClock", "ph":"E", "ts":"1951258527", "pid":"1", "tid":"wave"},
{"name":"ModelAdvance", "ph":"B", "ts":"1951258612", "pid":"1", "tid":"wave"},
{"name":"ModelAdvance", "ph":"E", "ts":"1959188202", "pid":"1", "tid":"wave"},
{"name":"ModelSetRunClock", "ph":"B", "ts":"1960084706", "pid":"1", "tid":"wave"},
{"name":"ModelSetRunClock", "ph":"E", "ts":"1960084764", "pid":"1", "tid":"wave"},
{"name":"ModelAdvance", "ph":"B", "ts":"1960084842", "pid":"1", "tid":"wave"},
{"name":"ModelAdvance", "ph":"E", "ts":"1977557013", "pid":"1", "tid":"wave"},
{"name":"ModelSetRunClock", "ph":"B", "ts":"1979226152", "pid":"1", "tid":"wave"},
{"name":"ModelSetRunClock", "ph":"E", "ts":"1979226267", "pid":"1", "tid":"wave"},
{"name":"ModelAdvance", "ph":"B", "ts":"1979226347", "pid":"1", "tid":"wave"},
{"name":"ModelAdvance", "ph":"E", "ts":"1987105064", "pid":"1", "tid":"wave"},
{"name":"ModelSetRunClock", "ph":"B", "ts":"1988067122", "pid":"1", "tid":"wave"},
{"name":"ModelSetRunClock", "ph":"E", "ts":"1988067200", "pid":"1", "tid":"wave"},
{"name":"ModelAdvance", "ph":"B", "ts":"1988067306", "pid":"1", "tid":"wave"},
{"name":"ModelAdvance", "ph":"E", "ts":"1999603682", "pid":"1", "tid":"wave"},
{"name":"ModelSetRunClock", "ph":"B", "ts":"2001366279", "pid":"1", "tid":"wave"},
{"name":"ModelSetRunClock", "ph":"E", "ts":"2001366322", "pid":"1", "tid":"wave"},
{"name":"ModelAdvance", "ph":"B", "ts":"2001366411", "pid":"1", "tid":"wave"},
{"name":"ModelAdvance", "ph":"E", "ts":"2009052579", "pid":"1", "tid":"wave"},
{"name":"ModelSetRunClock", "ph":"B", "ts":"2011498465", "pid":"1", "tid":"wave"},
{"name":"ModelSetRunClock", "ph":"E", "ts":"2011498818", "pid":"1", "tid":"wave"},
{"name":"ModelAdvance", "ph":"B", "ts":"2011499056", "pid":"1", "tid":"wave"},
{"name":"ModelAdvance", "ph":"E", "ts":"2022424223", "pid":"1", "tid":"wave"},
{"name":"ModelSetRunClock", "ph":"B", "ts":"2028829991", "pid":"1", "tid":"wave"},
{"name":"ModelSetRunClock", "ph":"E", "ts":"2028830039", "pid":"1", "tid":"wave"},
{"name":"ModelAdvance", "ph":"B", "ts":"2028830124", "pid":"1", "tid":"wave"},
{"name":"ModelAdvance", "ph":"E", "ts":"2036672084", "pid":"1", "tid":"wave"},
{"name":"ModelSetRunClock", "ph":"B", "ts":"2037741412", "pid":"1", "tid":"wave"},
{"name":"ModelSetRunClock", "ph":"E", "ts":"2037741472", "pid":"1", "tid":"wave"},
{"name":"ModelAdvance", "ph":"B", "ts":"2037741566", "pid":"1", "tid":"wave"},
{"name":"ModelAdvance", "ph":"E", "ts":"2046826185", "pid":"1", "tid":"wave"},
{"name":"ModelSetRunClock", "ph":"B", "ts":"2049517613", "pid":"1", "tid":"wave"},
{"name":"ModelSetRunClock", "ph":"E", "ts":"2049517649", "pid":"1", "tid":"wave"},
{"name":"ModelAdvance", "ph":"B", "ts":"2049517719", "pid":"1", "tid":"wave"},
{"name":"ModelAdvance", "ph":"E", "ts":"2057406153", "pid":"1", "tid":"wave"},
{"name":"ModelSetRunClock", "ph":"B", "ts":"2058531512", "pid":"1", "tid":"wave"},
{"name":"ModelSetRunClock", "ph":"E", "ts":"2058531569", "pid":"1", "tid":"wave"},
{"name":"ModelAdvance", "ph":"B", "ts":"2058531647", "pid":"1", "tid":"wave"},
{"name":"ModelAdvance", "ph":"E", "ts":"2066857689", "pid":"1", "tid":"wave"},
{"name":"ModelSetRunClock", "ph":"B", "ts":"2069614824", "pid":"1", "tid":"wave"},
{"name":"ModelSetRunClock", "ph":"E", "ts":"2069615016", "pid":"1", "tid":"wave"},
{"name":"ModelAdvance", "ph":"B", "ts":"2069615270", "pid":"1", "tid":"wave"},
{"name":"ModelAdvance", "ph":"E", "ts":"2077612583", "pid":"1", "tid":"wave"},
{"name":"ModelSetRunClock", "ph":"B", "ts":"2078716579", "pid":"1", "tid":"wave"},
{"name":"ModelSetRunClock", "ph":"E", "ts":"2078716654", "pid":"1", "tid":"wave"},
{"name":"ModelAdvance", "ph":"B", "ts":"2078716742", "pid":"1", "tid":"wave"},
{"name":"ModelAdvance", "ph":"E", "ts":"2087180403", "pid":"1", "tid":"wave"},
{"name":"ModelSetRunClock", "ph":"B", "ts":"2089674196", "pid":"1", "tid":"wave"},
{"name":"ModelSetRunClock", "ph":"E", "ts":"2089674231", "pid":"1", "tid":"wave"},
{"name":"ModelAdvance", "ph":"B", "ts":"2089674312", "pid":"1", "tid":"wave"},
{"name":"ModelAdvance", "ph":"E", "ts":"2097661843", "pid":"1", "tid":"wave"},
{"name":"ModelSetRunClock", "ph":"B", "ts":"2098767007", "pid":"1", "tid":"wave"},
{"name":"ModelSetRunClock", "ph":"E", "ts":"2098767078", "pid":"1", "tid":"wave"},
{"name":"ModelAdvance", "ph":"B", "ts":"2098767168", "pid":"1", "tid":"wave"},
{"name":"ModelAdvance", "ph":"E", "ts":"2107341550", "pid":"1", "tid":"wave"},
{"name":"ModelSetRunClock", "ph":"B", "ts":"2109846613", "pid":"1", "tid":"wave"},
{"name":"ModelSetRunClock", "ph":"E", "ts":"2109846653", "pid":"1", "tid":"wave"},
{"name":"ModelAdvance", "ph":"B", "ts":"2109846739", "pid":"1", "tid":"wave"},
{"name":"ModelAdvance", "ph":"E", "ts":"2117752592", "pid":"1", "tid":"wave"},
{"name":"ModelSetRunClock", "ph":"B", "ts":"2118884568", "pid":"1", "tid":"wave"},
{"name":"ModelSetRunClock", "ph":"E", "ts":"2118884626", "pid":"1", "tid":"wave"},
{"name":"ModelAdvance", "ph":"B", "ts":"2118884697", "pid":"1", "tid":"wave"},
{"name":"ModelAdvance", "ph":"E", "ts":"2127770968", "pid":"1", "tid":"wave"},
{"name":"ModelSetRunClock", "ph":"B", "ts":"2130573008", "pid":"1", "tid":"wave"},
{"name":"ModelSetRunClock", "ph":"E", "ts":"2130573050", "pid":"1", "tid":"wave"},
{"name":"ModelAdvance", "ph":"B", "ts":"2130573124", "pid":"1", "tid":"wave"},
{"name":"ModelAdvance", "ph":"E", "ts":"2138428496", "pid":"1", "tid":"wave"},
{"name":"ModelSetRunClock", "ph":"B", "ts":"2140809315", "pid":"1", "tid":"wave"},
{"name":"ModelSetRunClock", "ph":"E", "ts":"2140809375", "pid":"1", "tid":"wave"},
{"name":"ModelAdvance", "ph":"B", "ts":"2140809458", "pid":"1", "tid":"wave"},
{"name":"ModelAdvance", "ph":"E", "ts":"2149693822", "pid":"1", "tid":"wave"},
{"name":"ModelSetRunClock", "ph":"B", "ts":"2152832411", "pid":"1", "tid":"wave"},
{"name":"ModelSetRunClock", "ph":"E", "ts":"2152832451", "pid":"1", "tid":"wave"},
{"name":"ModelAdvance", "ph":"B", "ts":"2152832525", "pid":"1", "tid":"wave"},
{"name":"ModelAdvance", "ph":"E", "ts":"2160648807", "pid":"1", "tid":"wave"},
{"name":"ModelSetRunClock", "ph":"B", "ts":"2161833518", "pid":"1", "tid":"wave"},
{"name":"ModelSetRunClock", "ph":"E", "ts":"2161833579", "pid":"1", "tid":"wave"},
{"name":"ModelAdvance", "ph":"B", "ts":"2161833665", "pid":"1", "tid":"wave"},
{"name":"ModelAdvance", "ph":"E", "ts":"2172836754", "pid":"1", "tid":"wave"},
{"name":"ModelSetRunClock", "ph":"B", "ts":"2174529227", "pid":"1", "tid":"wave"},
{"name":"ModelSetRunClock", "ph":"E", "ts":"2174529268", "pid":"1", "tid":"wave"},
{"name":"ModelAdvance", "ph":"B", "ts":"2174529350", "pid":"1", "tid":"wave"},
{"name":"ModelAdvance", "ph":"E", "ts":"2182294607", "pid":"1", "tid":"wave"},
{"name":"ModelSetRunClock", "ph":"B", "ts":"2183530894", "pid":"1", "tid":"wave"},
{"name":"ModelSetRunClock", "ph":"E", "ts":"2183531020", "pid":"1", "tid":"wave"},
{"name":"ModelAdvance", "ph":"B", "ts":"2183531172", "pid":"1", "tid":"wave"},
{"name":"ModelAdvance", "ph":"E", "ts":"2191906392", "pid":"1", "tid":"wave"},
{"name":"ModelSetRunClock", "ph":"B", "ts":"2194520920", "pid":"1", "tid":"wave"},
{"name":"ModelSetRunClock", "ph":"E", "ts":"2194521155", "pid":"1", "tid":"wave"},
{"name":"ModelAdvance", "ph":"B", "ts":"2194521424", "pid":"1", "tid":"wave"},
{"name":"ModelAdvance", "ph":"E", "ts":"2202353781", "pid":"1", "tid":"wave"},
{"name":"ModelSetRunClock", "ph":"B", "ts":"2203625218", "pid":"1", "tid":"wave"},
{"name":"ModelSetRunClock", "ph":"E", "ts":"2203625292", "pid":"1", "tid":"wave"},
{"name":"ModelAdvance", "ph":"B", "ts":"2203625389", "pid":"1", "tid":"wave"},
{"name":"ModelAdvance", "ph":"E", "ts":"2211924683", "pid":"1", "tid":"wave"},
{"name":"ModelSetRunClock", "ph":"B", "ts":"2214622536", "pid":"1", "tid":"wave"},
{"name":"ModelSetRunClock", "ph":"E", "ts":"2214622577", "pid":"1", "tid":"wave"},
{"name":"ModelAdvance", "ph":"B", "ts":"2214622728", "pid":"1", "tid":"wave"},
{"name":"ModelAdvance", "ph":"E", "ts":"2222523869", "pid":"1", "tid":"wave"},
{"name":"ModelSetRunClock", "ph":"B", "ts":"2223751933", "pid":"1", "tid":"wave"},
{"name":"ModelSetRunClock", "ph":"E", "ts":"2223752002", "pid":"1", "tid":"wave"},
{"name":"ModelAdvance", "ph":"B", "ts":"2223752102", "pid":"1", "tid":"wave"},
{"name":"ModelAdvance", "ph":"E", "ts":"2233297416", "pid":"1", "tid":"wave"},
{"name":"ModelSetRunClock", "ph":"B", "ts":"2235024271", "pid":"1", "tid":"wave"},
{"name":"ModelSetRunClock", "ph":"E", "ts":"2235024317", "pid":"1", "tid":"wave"},
{"name":"ModelAdvance", "ph":"B", "ts":"2235024408", "pid":"1", "tid":"wave"},
{"name":"ModelAdvance", "ph":"E", "ts":"2243020148", "pid":"1", "tid":"wave"},
{"name":"ModelSetRunClock", "ph":"B", "ts":"2244205429", "pid":"1", "tid":"wave"},
{"name":"ModelSetRunClock", "ph":"E", "ts":"2244205490", "pid":"1", "tid":"wave"},
{"name":"ModelAdvance", "ph":"B", "ts":"2244205572", "pid":"1", "tid":"wave"},
{"name":"ModelAdvance", "ph":"E", "ts":"2252714225", "pid":"1", "tid":"wave"},
{"name":"ModelSetRunClock", "ph":"B", "ts":"2255084876", "pid":"1", "tid":"wave"},
{"name":"ModelSetRunClock", "ph":"E", "ts":"2255084919", "pid":"1", "tid":"wave"},
{"name":"ModelAdvance", "ph":"B", "ts":"2255084996", "pid":"1", "tid":"wave"},
{"name":"ModelAdvance", "ph":"E", "ts":"2285654584", "pid":"1", "tid":"wave"},
{"name":"ModelSetRunClock", "ph":"B", "ts":"2293883467", "pid":"1", "tid":"wave"},
{"name":"ModelSetRunClock", "ph":"E", "ts":"2293883585", "pid":"1", "tid":"wave"},
{"name":"ModelAdvance", "ph":"B", "ts":"2293883698", "pid":"1", "tid":"wave"},
{"name":"ModelAdvance", "ph":"E", "ts":"2301135924", "pid":"1", "tid":"wave"},
{"name":"ModelSetRunClock", "ph":"B", "ts":"2303948878", "pid":"1", "tid":"wave"},
{"name":"ModelSetRunClock", "ph":"E", "ts":"2303949056", "pid":"1", "tid":"wave"},
{"name":"ModelAdvance", "ph":"B", "ts":"2303949174", "pid":"1", "tid":"wave"},
{"name":"ModelAdvance", "ph":"E", "ts":"2312119601", "pid":"1", "tid":"wave"},
{"name":"ModelSetRunClock", "ph":"B", "ts":"2313247067", "pid":"1", "tid":"wave"},
{"name":"ModelSetRunClock", "ph":"E", "ts":"2313247130", "pid":"1", "tid":"wave"},
{"name":"ModelAdvance", "ph":"B", "ts":"2313247224", "pid":"1", "tid":"wave"},
{"name":"ModelAdvance", "ph":"E", "ts":"2321955599", "pid":"1", "tid":"wave"},
{"name":"ModelSetRunClock", "ph":"B", "ts":"2324092546", "pid":"1", "tid":"wave"},
{"name":"ModelSetRunClock", "ph":"E", "ts":"2324092582", "pid":"1", "tid":"wave"},
{"name":"ModelAdvance", "ph":"B", "ts":"2324092655", "pid":"1", "tid":"wave"},
{"name":"ModelAdvance", "ph":"E", "ts":"2332214595", "pid":"1", "tid":"wave"},
{"name":"ModelSetRunClock", "ph":"B", "ts":"2333287131", "pid":"1", "tid":"wave"},
{"name":"ModelSetRunClock", "ph":"E", "ts":"2333287317", "pid":"1", "tid":"wave"},
{"name":"ModelAdvance", "ph":"B", "ts":"2333287404", "pid":"1", "tid":"wave"},
{"name":"ModelAdvance", "ph":"E", "ts":"2341912551", "pid":"1", "tid":"wave"},
{"name":"ModelSetRunClock", "ph":"B", "ts":"2344215803", "pid":"1", "tid":"wave"},
{"name":"ModelSetRunClock", "ph":"E", "ts":"2344215851", "pid":"1", "tid":"wave"},
{"name":"ModelAdvance", "ph":"B", "ts":"2344215937", "pid":"1", "tid":"wave"},
{"name":"ModelAdvance", "ph":"E", "ts":"2352340518", "pid":"1", "tid":"wave"},
{"name":"ModelSetRunClock", "ph":"B", "ts":"2353357287", "pid":"1", "tid":"wave"},
{"name":"ModelSetRunClock", "ph":"E", "ts":"2353357351", "pid":"1", "tid":"wave"},
{"name":"ModelAdvance", "ph":"B", "ts":"2353357495", "pid":"1", "tid":"wave"},
{"name":"ModelAdvance", "ph":"E", "ts":"2362100892", "pid":"1", "tid":"wave"},
{"name":"ModelSetRunClock", "ph":"B", "ts":"2364548624", "pid":"1", "tid":"wave"},
{"name":"ModelSetRunClock", "ph":"E", "ts":"2364548817", "pid":"1", "tid":"wave"},
{"name":"ModelAdvance", "ph":"B", "ts":"2364548903", "pid":"1", "tid":"wave"},
{"name":"ModelAdvance", "ph":"E", "ts":"2372535331", "pid":"1", "tid":"wave"},
{"name":"ModelSetRunClock", "ph":"B", "ts":"2373575569", "pid":"1", "tid":"wave"},
{"name":"ModelSetRunClock", "ph":"E", "ts":"2373575646", "pid":"1", "tid":"wave"},
{"name":"ModelAdvance", "ph":"B", "ts":"2373575749", "pid":"1", "tid":"wave"},
{"name":"ModelAdvance", "ph":"E", "ts":"2382241930", "pid":"1", "tid":"wave"},
{"name":"ModelSetRunClock", "ph":"B", "ts":"2384576089", "pid":"1", "tid":"wave"},
{"name":"ModelSetRunClock", "ph":"E", "ts":"2384576131", "pid":"1", "tid":"wave"},
{"name":"ModelAdvance", "ph":"B", "ts":"2384576204", "pid":"1", "tid":"wave"},
{"name":"ModelAdvance", "ph":"E", "ts":"2392380751", "pid":"1", "tid":"wave"},
{"name":"ModelSetRunClock", "ph":"B", "ts":"2393389529", "pid":"1", "tid":"wave"},
{"name":"ModelSetRunClock", "ph":"E", "ts":"2393389587", "pid":"1", "tid":"wave"},
{"name":"ModelAdvance", "ph":"B", "ts":"2393389664", "pid":"1", "tid":"wave"},
{"name":"ModelAdvance", "ph":"E", "ts":"2402093817", "pid":"1", "tid":"wave"},
{"name":"ModelSetRunClock", "ph":"B", "ts":"2404611103", "pid":"1", "tid":"wave"},
{"name":"ModelSetRunClock", "ph":"E", "ts":"2404611137", "pid":"1", "tid":"wave"},
{"name":"ModelAdvance", "ph":"B", "ts":"2404611210", "pid":"1", "tid":"wave"},
{"name":"ModelAdvance", "ph":"E", "ts":"2412333325", "pid":"1", "tid":"wave"},
{"name":"ModelSetRunClock", "ph":"B", "ts":"2414871265", "pid":"1", "tid":"wave"},
{"name":"ModelSetRunClock", "ph":"E", "ts":"2414871340", "pid":"1", "tid":"wave"},
{"name":"ModelAdvance", "ph":"B", "ts":"2414871461", "pid":"1", "tid":"wave"},
{"name":"ModelAdvance", "ph":"E", "ts":"2421750415", "pid":"1", "tid":"wave"},
{"name":"ModelSetRunClock", "ph":"B", "ts":"2424991624", "pid":"1", "tid":"wave"},
{"name":"ModelSetRunClock", "ph":"E", "ts":"2424991772", "pid":"1", "tid":"wave"},
{"name":"ModelAdvance", "ph":"B", "ts":"2424991870", "pid":"1", "tid":"wave"},
{"name":"ModelAdvance", "ph":"E", "ts":"2432480034", "pid":"1", "tid":"wave"},
{"name":"ModelSetRunClock", "ph":"B", "ts":"2433469430", "pid":"1", "tid":"wave"},
{"name":"ModelSetRunClock", "ph":"E", "ts":"2433469489", "pid":"1", "tid":"wave"},
{"name":"ModelAdvance", "ph":"B", "ts":"2433469562", "pid":"1", "tid":"wave"},
{"name":"ModelAdvance", "ph":"E", "ts":"2441467809", "pid":"1", "tid":"wave"},
{"name":"ModelSetRunClock", "ph":"B", "ts":"2444071183", "pid":"1", "tid":"wave"},
{"name":"ModelSetRunClock", "ph":"E", "ts":"2444071217", "pid":"1", "tid":"wave"},
{"name":"ModelAdvance", "ph":"B", "ts":"2444071288", "pid":"1", "tid":"wave"},
{"name":"ModelAdvance", "ph":"E", "ts":"2451395500", "pid":"1", "tid":"wave"},
{"name":"ModelSetRunClock", "ph":"B", "ts":"2452448287", "pid":"1", "tid":"wave"},
{"name":"ModelSetRunClock", "ph":"E", "ts":"2452448549", "pid":"1", "tid":"wave"},
{"name":"ModelAdvance", "ph":"B", "ts":"2452448844", "pid":"1", "tid":"wave"},
{"name":"ModelAdvance", "ph":"E", "ts":"2460959442", "pid":"1", "tid":"wave"},
{"name":"ModelSetRunClock", "ph":"B", "ts":"2463959629", "pid":"1", "tid":"wave"},
{"name":"ModelSetRunClock", "ph":"E", "ts":"2463959666", "pid":"1", "tid":"wave"},
{"name":"ModelAdvance", "ph":"B", "ts":"2463959745", "pid":"1", "tid":"wave"},
{"name":"ModelAdvance", "ph":"E", "ts":"2471182286", "pid":"1", "tid":"wave"},
{"name":"ModelSetRunClock", "ph":"B", "ts":"2472222541", "pid":"1", "tid":"wave"},
{"name":"ModelSetRunClock", "ph":"E", "ts":"2472222617", "pid":"1", "tid":"wave"},
{"name":"ModelAdvance", "ph":"B", "ts":"2472222728", "pid":"1", "tid":"wave"},
{"name":"ModelAdvance", "ph":"E", "ts":"2480374206", "pid":"1", "tid":"wave"},
{"name":"ModelSetRunClock", "ph":"B", "ts":"2482977419", "pid":"1", "tid":"wave"},
{"name":"ModelSetRunClock", "ph":"E", "ts":"2482977452", "pid":"1", "tid":"wave"},
{"name":"ModelAdvance", "ph":"B", "ts":"2482977522", "pid":"1", "tid":"wave"},
{"name":"ModelAdvance", "ph":"E", "ts":"2490303243", "pid":"1", "tid":"wave"},
{"name":"ModelSetRunClock", "ph":"B", "ts":"2491377544", "pid":"1", "tid":"wave"},
{"name":"ModelSetRunClock", "ph":"E", "ts":"2491377606", "pid":"1", "tid":"wave"},
{"name":"ModelAdvance", "ph":"B", "ts":"2491377691", "pid":"1", "tid":"wave"},
{"name":"ModelAdvance", "ph":"E", "ts":"2499485197", "pid":"1", "tid":"wave"},
{"name":"ModelSetRunClock", "ph":"B", "ts":"2501961290", "pid":"1", "tid":"wave"},
{"name":"ModelSetRunClock", "ph":"E", "ts":"2501961325", "pid":"1", "tid":"wave"},
{"name":"ModelAdvance", "ph":"B", "ts":"2501961401", "pid":"1", "tid":"wave"},
{"name":"ModelAdvance", "ph":"E", "ts":"2509335602", "pid":"1", "tid":"wave"},
{"name":"ModelSetRunClock", "ph":"B", "ts":"2510554189", "pid":"1", "tid":"wave"},
{"name":"ModelSetRunClock", "ph":"E", "ts":"2510554247", "pid":"1", "tid":"wave"},
{"name":"ModelAdvance", "ph":"B", "ts":"2510554319", "pid":"1", "tid":"wave"},
{"name":"ModelAdvance", "ph":"E", "ts":"2519782517", "pid":"1", "tid":"wave"},
{"name":"ModelSetRunClock", "ph":"B", "ts":"2522241451", "pid":"1", "tid":"wave"},
{"name":"ModelSetRunClock", "ph":"E", "ts":"2522241486", "pid":"1", "tid":"wave"},
{"name":"ModelAdvance", "ph":"B", "ts":"2522241557", "pid":"1", "tid":"wave"},
{"name":"ModelAdvance", "ph":"E", "ts":"2529654486", "pid":"1", "tid":"wave"},
{"name":"ModelSetRunClock", "ph":"B", "ts":"2532798127", "pid":"1", "tid":"wave"},
{"name":"ModelSetRunClock", "ph":"E", "ts":"2532798211", "pid":"1", "tid":"wave"},
{"name":"ModelAdvance", "ph":"B", "ts":"2532798321", "pid":"1", "tid":"wave"},
{"name":"ModelAdvance", "ph":"E", "ts":"2539687321", "pid":"1", "tid":"wave"},
{"name":"ModelSetRunClock", "ph":"B", "ts":"2542842671", "pid":"1", "tid":"wave"},
{"name":"ModelSetRunClock", "ph":"E", "ts":"2542842714", "pid":"1", "tid":"wave"},
{"name":"ModelAdvance", "ph":"B", "ts":"2542842803", "pid":"1", "tid":"wave"},
{"name":"ModelAdvance", "ph":"E", "ts":"2550295339", "pid":"1", "tid":"wave"},
{"name":"ModelSetRunClock", "ph":"B", "ts":"2551647194", "pid":"1", "tid":"wave"},
{"name":"ModelSetRunClock", "ph":"E", "ts":"2551647267", "pid":"1", "tid":"wave"},
{"name":"ModelAdvance", "ph":"B", "ts":"2551647361", "pid":"1", "tid":"wave"},
{"name":"ModelAdvance", "ph":"E", "ts":"2560334771", "pid":"1", "tid":"wave"},
{"name":"ModelSetRunClock", "ph":"B", "ts":"2562922827", "pid":"1", "tid":"wave"},
{"name":"ModelSetRunClock", "ph":"E", "ts":"2562922862", "pid":"1", "tid":"wave"},
{"name":"ModelAdvance", "ph":"B", "ts":"2562922933", "pid":"1", "tid":"wave"},
{"name":"ModelAdvance", "ph":"E", "ts":"2570444151", "pid":"1", "tid":"wave"},
{"name":"ModelSetRunClock", "ph":"B", "ts":"2571916204", "pid":"1", "tid":"wave"},
{"name":"ModelSetRunClock", "ph":"E", "ts":"2571916261", "pid":"1", "tid":"wave"},
{"name":"ModelAdvance", "ph":"B", "ts":"2571916338", "pid":"1", "tid":"wave"},
{"name":"ModelAdvance", "ph":"E", "ts":"2581318740", "pid":"1", "tid":"wave"},
{"name":"ModelSetRunClock", "ph":"B", "ts":"2583335556", "pid":"1", "tid":"wave"},
{"name":"ModelSetRunClock", "ph":"E", "ts":"2583335590", "pid":"1", "tid":"wave"},
{"name":"ModelAdvance", "ph":"B", "ts":"2583335663", "pid":"1", "tid":"wave"},
{"name":"ModelAdvance", "ph":"E", "ts":"2590830885", "pid":"1", "tid":"wave"},
{"name":"ModelSetRunClock", "ph":"B", "ts":"2592402981", "pid":"1", "tid":"wave"},
{"name":"ModelSetRunClock", "ph":"E", "ts":"2592403049", "pid":"1", "tid":"wave"},
{"name":"ModelAdvance", "ph":"B", "ts":"2592403131", "pid":"1", "tid":"wave"},
{"name":"ModelAdvance", "ph":"E", "ts":"2600674910", "pid":"1", "tid":"wave"},
{"name":"ModelSetRunClock", "ph":"B", "ts":"2603505295", "pid":"1", "tid":"wave"},
{"name":"ModelSetRunClock", "ph":"E", "ts":"2603505332", "pid":"1", "tid":"wave"},
{"name":"ModelAdvance", "ph":"B", "ts":"2603505416", "pid":"1", "tid":"wave"},
{"name":"ModelAdvance", "ph":"E", "ts":"2610823355", "pid":"1", "tid":"wave"},
{"name":"ModelSetRunClock", "ph":"B", "ts":"2612404972", "pid":"1", "tid":"wave"},
{"name":"ModelSetRunClock", "ph":"E", "ts":"2612405051", "pid":"1", "tid":"wave"},
{"name":"ModelAdvance", "ph":"B", "ts":"2612405155", "pid":"1", "tid":"wave"},
{"name":"ModelAdvance", "ph":"E", "ts":"2623997866", "pid":"1", "tid":"wave"},
{"name":"ModelSetRunClock", "ph":"B", "ts":"2625829850", "pid":"1", "tid":"wave"},
{"name":"ModelSetRunClock", "ph":"E", "ts":"2625829888", "pid":"1", "tid":"wave"},
{"name":"ModelAdvance", "ph":"B", "ts":"2625830188", "pid":"1", "tid":"wave"},
{"name":"ModelAdvance", "ph":"E", "ts":"2633056750", "pid":"1", "tid":"wave"},
{"name":"ModelSetRunClock", "ph":"B", "ts":"2634665911", "pid":"1", "tid":"wave"},
{"name":"ModelSetRunClock", "ph":"E", "ts":"2634665965", "pid":"1", "tid":"wave"},
{"name":"ModelAdvance", "ph":"B", "ts":"2634666047", "pid":"1", "tid":"wave"},
{"name":"ModelAdvance", "ph":"E", "ts":"2642928712", "pid":"1", "tid":"wave"},
{"name":"ModelSetRunClock", "ph":"B", "ts":"2645920593", "pid":"1", "tid":"wave"},
{"name":"ModelSetRunClock", "ph":"E", "ts":"2645920796", "pid":"1", "tid":"wave"},
{"name":"ModelAdvance", "ph":"B", "ts":"2645920961", "pid":"1", "tid":"wave"},
{"name":"ModelAdvance", "ph":"E", "ts":"2653016017", "pid":"1", "tid":"wave"},
{"name":"ModelSetRunClock", "ph":"B", "ts":"2656345046", "pid":"1", "tid":"wave"},
{"name":"ModelSetRunClock", "ph":"E", "ts":"2656345102", "pid":"1", "tid":"wave"},
{"name":"ModelAdvance", "ph":"B", "ts":"2656345179", "pid":"1", "tid":"wave"},
{"name":"ModelAdvance", "ph":"E", "ts":"2662914568", "pid":"1", "tid":"wave"},
{"name":"ModelSetRunClock", "ph":"B", "ts":"2666447403", "pid":"1", "tid":"wave"},
{"name":"ModelSetRunClock", "ph":"E", "ts":"2666447447", "pid":"1", "tid":"wave"},
{"name":"ModelAdvance", "ph":"B", "ts":"2666447533", "pid":"1", "tid":"wave"},
{"name":"ModelAdvance", "ph":"E", "ts":"2673421336", "pid":"1", "tid":"wave"},
{"name":"ModelSetRunClock", "ph":"B", "ts":"2675069026", "pid":"1", "tid":"wave"},
{"name":"ModelSetRunClock", "ph":"E", "ts":"2675069086", "pid":"1", "tid":"wave"},
{"name":"ModelAdvance", "ph":"B", "ts":"2675069161", "pid":"1", "tid":"wave"},
{"name":"ModelAdvance", "ph":"E", "ts":"2682958539", "pid":"1", "tid":"wave"},
{"name":"ModelSetRunClock", "ph":"B", "ts":"2686431405", "pid":"1", "tid":"wave"},
{"name":"ModelSetRunClock", "ph":"E", "ts":"2686431442", "pid":"1", "tid":"wave"},
{"name":"ModelAdvance", "ph":"B", "ts":"2686431520", "pid":"1", "tid":"wave"},
{"name":"ModelAdvance", "ph":"E", "ts":"2693429530", "pid":"1", "tid":"wave"},
{"name":"ModelSetRunClock", "ph":"B", "ts":"2694995415", "pid":"1", "tid":"wave"},
{"name":"ModelSetRunClock", "ph":"E", "ts":"2694995478", "pid":"1", "tid":"wave"},
{"name":"ModelAdvance", "ph":"B", "ts":"2694995563", "pid":"1", "tid":"wave"},
{"name":"ModelAdvance", "ph":"E", "ts":"2702922222", "pid":"1", "tid":"wave"},
{"name":"ModelSetRunClock", "ph":"B", "ts":"2706121792", "pid":"1", "tid":"wave"},
{"name":"ModelSetRunClock", "ph":"E", "ts":"2706121834", "pid":"1", "tid":"wave"},
{"name":"ModelAdvance", "ph":"B", "ts":"2706121919", "pid":"1", "tid":"wave"},
{"name":"ModelAdvance", "ph":"E", "ts":"2712983241", "pid":"1", "tid":"wave"},
{"name":"ModelSetRunClock", "ph":"B", "ts":"2714504249", "pid":"1", "tid":"wave"},
{"name":"ModelSetRunClock", "ph":"E", "ts":"2714504318", "pid":"1", "tid":"wave"},
{"name":"ModelAdvance", "ph":"B", "ts":"2714504406", "pid":"1", "tid":"wave"},
{"name":"ModelAdvance", "ph":"E", "ts":"2722196441", "pid":"1", "tid":"wave"},
{"name":"ModelSetRunClock", "ph":"B", "ts":"2725305531", "pid":"1", "tid":"wave"},
{"name":"ModelSetRunClock", "ph":"E", "ts":"2725305575", "pid":"1", "tid":"wave"},
{"name":"ModelAdvance", "ph":"B", "ts":"2725305651", "pid":"1", "tid":"wave"},
{"name":"ModelAdvance", "ph":"E", "ts":"2732192588", "pid":"1", "tid":"wave"},
{"name":"ModelSetRunClock", "ph":"B", "ts":"2733746199", "pid":"1", "tid":"wave"},
{"name":"ModelSetRunClock", "ph":"E", "ts":"2733746284", "pid":"1", "tid":"wave"},
{"name":"ModelAdvance", "ph":"B", "ts":"2733746430", "pid":"1", "tid":"wave"},
{"name":"ModelAdvance", "ph":"E", "ts":"2741521302", "pid":"1", "tid":"wave"},
{"name":"ModelSetRunClock", "ph":"B", "ts":"2744448604", "pid":"1", "tid":"wave"},
{"name":"ModelSetRunClock", "ph":"E", "ts":"2744448637", "pid":"1", "tid":"wave"},
{"name":"ModelAdvance", "ph":"B", "ts":"2744448709", "pid":"1", "tid":"wave"},
{"name":"ModelAdvance", "ph":"E", "ts":"2751443019", "pid":"1", "tid":"wave"},
{"name":"ModelSetRunClock", "ph":"B", "ts":"2752969903", "pid":"1", "tid":"wave"},
{"name":"ModelSetRunClock", "ph":"E", "ts":"2752970045", "pid":"1", "tid":"wave"},
{"name":"ModelAdvance", "ph":"B", "ts":"2752970220", "pid":"1", "tid":"wave"},
{"name":"ModelAdvance", "ph":"E", "ts":"2761641785", "pid":"1", "tid":"wave"},
{"name":"ModelSetRunClock", "ph":"B", "ts":"2764709256", "pid":"1", "tid":"wave"},
{"name":"ModelSetRunClock", "ph":"E", "ts":"2764709302", "pid":"1", "tid":"wave"},
{"name":"ModelAdvance", "ph":"B", "ts":"2764709384", "pid":"1", "tid":"wave"},
{"name":"ModelAdvance", "ph":"E", "ts":"2771704951", "pid":"1", "tid":"wave"},
{"name":"ModelSetRunClock", "ph":"B", "ts":"2775369969", "pid":"1", "tid":"wave"},
{"name":"ModelSetRunClock", "ph":"E", "ts":"2775370027", "pid":"1", "tid":"wave"},
{"name":"ModelAdvance", "ph":"B", "ts":"2775370115", "pid":"1", "tid":"wave"},
{"name":"ModelAdvance", "ph":"E", "ts":"2781951246", "pid":"1", "tid":"wave"},
{"name":"ModelSetRunClock", "ph":"B", "ts":"2785484826", "pid":"1", "tid":"wave"},
{"name":"ModelSetRunClock", "ph":"E", "ts":"2785485232", "pid":"1", "tid":"wave"},
{"name":"ModelAdvance", "ph":"B", "ts":"2785485465", "pid":"1", "tid":"wave"},
{"name":"ModelAdvance", "ph":"E", "ts":"2792950904", "pid":"1", "tid":"wave"},
{"name":"ModelSetRunClock", "ph":"B", "ts":"2794568428", "pid":"1", "tid":"wave"},
{"name":"ModelSetRunClock", "ph":"E", "ts":"2794568483", "pid":"1", "tid":"wave"},
{"name":"ModelAdvance", "ph":"B", "ts":"2794568561", "pid":"1", "tid":"wave"},
{"name":"ModelAdvance", "ph":"E", "ts":"2803327145", "pid":"1", "tid":"wave"},
{"name":"ModelSetRunClock", "ph":"B", "ts":"2805957055", "pid":"1", "tid":"wave"},
{"name":"ModelSetRunClock", "ph":"E", "ts":"2805957129", "pid":"1", "tid":"wave"},
{"name":"ModelAdvance", "ph":"B", "ts":"2805957235", "pid":"1", "tid":"wave"},
{"name":"ModelAdvance", "ph":"E", "ts":"2813374870", "pid":"1", "tid":"wave"},
{"name":"ModelSetRunClock", "ph":"B", "ts":"2814998244", "pid":"1", "tid":"wave"},
{"name":"ModelSetRunClock", "ph":"E", "ts":"2814998399", "pid":"1", "tid":"wave"},
{"name":"ModelAdvance", "ph":"B", "ts":"2814998485", "pid":"1", "tid":"wave"},
{"name":"ModelAdvance", "ph":"E", "ts":"2823154691", "pid":"1", "tid":"wave"},
{"name":"ModelSetRunClock", "ph":"B", "ts":"2826062778", "pid":"1", "tid":"wave"},
{"name":"ModelSetRunClock", "ph":"E", "ts":"2826062871", "pid":"1", "tid":"wave"},
{"name":"ModelAdvance", "ph":"B", "ts":"2826062980", "pid":"1", "tid":"wave"},
{"name":"ModelAdvance", "ph":"E", "ts":"2833214962", "pid":"1", "tid":"wave"},
{"name":"ModelSetRunClock", "ph":"B", "ts":"2834770572", "pid":"1", "tid":"wave"},
{"name":"ModelSetRunClock", "ph":"E", "ts":"2834770634", "pid":"1", "tid":"wave"},
{"name":"ModelAdvance", "ph":"B", "ts":"2834770715", "pid":"1", "tid":"wave"},
{"name":"ModelAdvance", "ph":"E", "ts":"2842708755", "pid":"1", "tid":"wave"},
{"name":"ModelSetRunClock", "ph":"B", "ts":"2846151393", "pid":"1", "tid":"wave"},
{"name":"ModelSetRunClock", "ph":"E", "ts":"2846151562", "pid":"1", "tid":"wave"},
{"name":"ModelAdvance", "ph":"B", "ts":"2846151674", "pid":"1", "tid":"wave"},
{"name":"ModelAdvance", "ph":"E", "ts":"2853112640", "pid":"1", "tid":"wave"},
{"name":"ModelSetRunClock", "ph":"B", "ts":"2854580731", "pid":"1", "tid":"wave"},
{"name":"ModelSetRunClock", "ph":"E", "ts":"2854580805", "pid":"1", "tid":"wave"},
{"name":"ModelAdvance", "ph":"B", "ts":"2854580907", "pid":"1", "tid":"wave"},
{"name":"ModelAdvance", "ph":"E", "ts":"2862587977", "pid":"1", "tid":"wave"},
{"name":"ModelSetRunClock", "ph":"B", "ts":"2865919042", "pid":"1", "tid":"wave"},
{"name":"ModelSetRunClock", "ph":"E", "ts":"2865919080", "pid":"1", "tid":"wave"},
{"name":"ModelAdvance", "ph":"B", "ts":"2865919168", "pid":"1", "tid":"wave"},
{"name":"ModelAdvance", "ph":"E", "ts":"2872747143", "pid":"1", "tid":"wave"},
{"name":"ModelSetRunClock", "ph":"B", "ts":"2874148544", "pid":"1", "tid":"wave"},
{"name":"ModelSetRunClock", "ph":"E", "ts":"2874148629", "pid":"1", "tid":"wave"},
{"name":"ModelAdvance", "ph":"B", "ts":"2874148746", "pid":"1", "tid":"wave"},
{"name":"ModelAdvance", "ph":"E", "ts":"2882141201", "pid":"1", "tid":"wave"},
{"name":"ModelSetRunClock", "ph":"B", "ts":"2885494256", "pid":"1", "tid":"wave"},
{"name":"ModelSetRunClock", "ph":"E", "ts":"2885494291", "pid":"1", "tid":"wave"},
{"name":"ModelAdvance", "ph":"B", "ts":"2885494361", "pid":"1", "tid":"wave"},
{"name":"ModelAdvance", "ph":"E", "ts":"2892251661", "pid":"1", "tid":"wave"},
{"name":"ModelSetRunClock", "ph":"B", "ts":"2895824584", "pid":"1", "tid":"wave"},
{"name":"ModelSetRunClock", "ph":"E", "ts":"2895824646", "pid":"1", "tid":"wave"},
{"name":"ModelAdvance", "ph":"B", "ts":"2895824724", "pid":"1", "tid":"wave"},
{"name":"ModelAdvance", "ph":"E", "ts":"2902079118", "pid":"1", "tid":"wave"},
{"name":"ModelSetRunClock", "ph":"B", "ts":"2906164635", "pid":"1", "tid":"wave"},
{"name":"ModelSetRunClock", "ph":"E", "ts":"2906164671", "pid":"1", "tid":"wave"},
{"name":"ModelAdvance", "ph":"B", "ts":"2906164745", "pid":"1", "tid":"wave"},
{"name":"ModelAdvance", "ph":"E", "ts":"2912809649", "pid":"1", "tid":"wave"},
{"name":"ModelSetRunClock", "ph":"B", "ts":"2914244708", "pid":"1", "tid":"wave"},
{"name":"ModelSetRunClock", "ph":"E", "ts":"2914244791", "pid":"1", "tid":"wave"},
{"name":"ModelAdvance", "ph":"B", "ts":"2914244898", "pid":"1", "tid":"wave"},
{"name":"ModelAdvance", "ph":"E", "ts":"2921976909", "pid":"1", "tid":"wave"},
{"name":"ModelSetRunClock", "ph":"B", "ts":"2925116125", "pid":"1", "tid":"wave"},
{"name":"ModelSetRunClock", "ph":"E", "ts":"2925116161", "pid":"1", "tid":"wave"},
{"name":"ModelAdvance", "ph":"B", "ts":"2925116246", "pid":"1", "tid":"wave"},
{"name":"ModelAdvance", "ph":"E", "ts":"2932071630", "pid":"1", "tid":"wave"},
{"name":"ModelSetRunClock", "ph":"B", "ts":"2933515020", "pid":"1", "tid":"wave"},
{"name":"ModelSetRunClock", "ph":"E", "ts":"2933515093", "pid":"1", "tid":"wave"},
{"name":"ModelAdvance", "ph":"B", "ts":"2933515205", "pid":"1", "tid":"wave"},
{"name":"ModelAdvance", "ph":"E", "ts":"2941866337", "pid":"1", "tid":"wave"},
{"name":"ModelSetRunClock", "ph":"B", "ts":"2944847750", "pid":"1", "tid":"wave"},
{"name":"ModelSetRunClock", "ph":"E", "ts":"2944847788", "pid":"1", "tid":"wave"},
{"name":"ModelAdvance", "ph":"B", "ts":"2944847871", "pid":"1", "tid":"wave"},
{"name":"ModelAdvance", "ph":"E", "ts":"2951874434", "pid":"1", "tid":"wave"},
{"name":"ModelSetRunClock", "ph":"B", "ts":"2953447981", "pid":"1", "tid":"wave"},
{"name":"ModelSetRunClock", "ph":"E", "ts":"2953448040", "pid":"1", "tid":"wave"},
{"name":"ModelAdvance", "ph":"B", "ts":"2953448115", "pid":"1", "tid":"wave"},
{"name":"ModelAdvance", "ph":"E", "ts":"2961973596", "pid":"1", "tid":"wave"},
{"name":"ModelSetRunClock", "ph":"B", "ts":"2964934607", "pid":"1", "tid":"wave"},
{"name":"ModelSetRunClock", "ph":"E", "ts":"2964934641", "pid":"1", "tid":"wave"},
{"name":"ModelAdvance", "ph":"B", "ts":"2964934712", "pid":"1", "tid":"wave"},
{"name":"ModelAdvance", "ph":"E", "ts":"2971884291", "pid":"1", "tid":"wave"},
{"name":"ModelSetRunClock", "ph":"B", "ts":"2973521839", "pid":"1", "tid":"wave"},
{"name":"ModelSetRunClock", "ph":"E", "ts":"2973521896", "pid":"1", "tid":"wave"},
{"name":"ModelAdvance", "ph":"B", "ts":"2973521976", "pid":"1", "tid":"wave"},
{"name":"ModelAdvance", "ph":"E", "ts":"2981698549", "pid":"1", "tid":"wave"},
{"name":"ModelSetRunClock", "ph":"B", "ts":"2984525052", "pid":"1", "tid":"wave"},
{"name":"ModelSetRunClock", "ph":"E", "ts":"2984525087", "pid":"1", "tid":"wave"},
{"name":"ModelAdvance", "ph":"B", "ts":"2984525162", "pid":"1", "tid":"wave"},
{"name":"ModelAdvance", "ph":"E", "ts":"2991350094", "pid":"1", "tid":"wave"},
{"name":"ModelSetRunClock", "ph":"B", "ts":"2993068214", "pid":"1", "tid":"wave"},
{"name":"ModelSetRunClock", "ph":"E", "ts":"2993068283", "pid":"1", "tid":"wave"},
{"name":"ModelAdvance", "ph":"B", "ts":"2993068390", "pid":"1", "tid":"wave"},
{"name":"ModelAdvance", "ph":"E", "ts":"3001294564", "pid":"1", "tid":"wave"},
{"name":"ModelSetRunClock", "ph":"B", "ts":"3004116278", "pid":"1", "tid":"wave"},
{"name":"ModelSetRunClock", "ph":"E", "ts":"3004116471", "pid":"1", "tid":"wave"},
{"name":"ModelAdvance", "ph":"B", "ts":"3004116590", "pid":"1", "tid":"wave"},
{"name":"ModelAdvance", "ph":"E", "ts":"3034135109", "pid":"1", "tid":"wave"},
{"name":"ModelSetRunClock", "ph":"B", "ts":"3045427110", "pid":"1", "tid":"wave"},
{"name":"ModelSetRunClock", "ph":"E", "ts":"3045427278", "pid":"1", "tid":"wave"},
{"name":"ModelAdvance", "ph":"B", "ts":"3045427416", "pid":"1", "tid":"wave"},
{"name":"ModelAdvance", "ph":"E", "ts":"3052236149", "pid":"1", "tid":"wave"},
{"name":"ModelSetRunClock", "ph":"B", "ts":"3056909870", "pid":"1", "tid":"wave"},
{"name":"ModelSetRunClock", "ph":"E", "ts":"3056909904", "pid":"1", "tid":"wave"},
{"name":"ModelAdvance", "ph":"B", "ts":"3056909979", "pid":"1", "tid":"wave"},
{"name":"ModelAdvance", "ph":"E", "ts":"3063650429", "pid":"1", "tid":"wave"},
{"name":"ModelSetRunClock", "ph":"B", "ts":"3065403494", "pid":"1", "tid":"wave"},
{"name":"ModelSetRunClock", "ph":"E", "ts":"3065403551", "pid":"1", "tid":"wave"},
{"name":"ModelAdvance", "ph":"B", "ts":"3065403627", "pid":"1", "tid":"wave"},
{"name":"ModelAdvance", "ph":"E", "ts":"3074482747", "pid":"1", "tid":"wave"},
{"name":"ModelSetRunClock", "ph":"B", "ts":"3077204295", "pid":"1", "tid":"wave"},
{"name":"ModelSetRunClock", "ph":"E", "ts":"3077204339", "pid":"1", "tid":"wave"},
{"name":"ModelAdvance", "ph":"B", "ts":"3077204428", "pid":"1", "tid":"wave"},
{"name":"ModelAdvance", "ph":"E", "ts":"3083852136", "pid":"1", "tid":"wave"},
{"name":"ModelSetRunClock", "ph":"B", "ts":"3085543461", "pid":"1", "tid":"wave"},
{"name":"ModelSetRunClock", "ph":"E", "ts":"3085543522", "pid":"1", "tid":"wave"},
{"name":"ModelAdvance", "ph":"B", "ts":"3085543597", "pid":"1", "tid":"wave"},
{"name":"ModelAdvance", "ph":"E", "ts":"3093560719", "pid":"1", "tid":"wave"},
{"name":"ModelSetRunClock", "ph":"B", "ts":"3096274823", "pid":"1", "tid":"wave"},
{"name":"ModelSetRunClock", "ph":"E", "ts":"3096274861", "pid":"1", "tid":"wave"},
{"name":"ModelAdvance", "ph":"B", "ts":"3096274947", "pid":"1", "tid":"wave"},
{"name":"ModelAdvance", "ph":"E", "ts":"3102893164", "pid":"1", "tid":"wave"},
{"name":"ModelSetRunClock", "ph":"B", "ts":"3104618907", "pid":"1", "tid":"wave"},
{"name":"ModelSetRunClock", "ph":"E", "ts":"3104618962", "pid":"1", "tid":"wave"},
{"name":"ModelAdvance", "ph":"B", "ts":"3104619039", "pid":"1", "tid":"wave"},
{"name":"ModelAdvance", "ph":"E", "ts":"3112474616", "pid":"1", "tid":"wave"},
{"name":"ModelSetRunClock", "ph":"B", "ts":"3115326080", "pid":"1", "tid":"wave"},
{"name":"ModelSetRunClock", "ph":"E", "ts":"3115326117", "pid":"1", "tid":"wave"},
{"name":"ModelAdvance", "ph":"B", "ts":"3115326191", "pid":"1", "tid":"wave"},
{"name":"ModelAdvance", "ph":"E", "ts":"3121880768", "pid":"1", "tid":"wave"},
{"name":"ModelSetRunClock", "ph":"B", "ts":"3123716678", "pid":"1", "tid":"wave"},
{"name":"ModelSetRunClock", "ph":"E", "ts":"3123716738", "pid":"1", "tid":"wave"},
{"name":"ModelAdvance", "ph":"B", "ts":"3123716839", "pid":"1", "tid":"wave"},
{"name":"ModelAdvance", "ph":"E", "ts":"3132595625", "pid":"1", "tid":"wave"},
{"name":"ModelSetRunClock", "ph":"B", "ts":"3135567840", "pid":"1", "tid":"wave"},
{"name":"ModelSetRunClock", "ph":"E", "ts":"3135567876", "pid":"1", "tid":"wave"},
{"name":"ModelAdvance", "ph":"B", "ts":"3135567956", "pid":"1", "tid":"wave"},
{"name":"ModelAdvance", "ph":"E", "ts":"3142148674", "pid":"1", "tid":"wave"},
{"name":"ModelSetRunClock", "ph":"B", "ts":"3144058328", "pid":"1", "tid":"wave"},
{"name":"ModelSetRunClock", "ph":"E", "ts":"3144058412", "pid":"1", "tid":"wave"},
{"name":"ModelAdvance", "ph":"B", "ts":"3144058532", "pid":"1", "tid":"wave"},
{"name":"ModelAdvance", "ph":"E", "ts":"3152758631", "pid":"1", "tid":"wave"},
{"name":"ModelSetRunClock", "ph":"B", "ts":"3155764924", "pid":"1", "tid":"wave"},
{"name":"ModelSetRunClock", "ph":"E", "ts":"3155764961", "pid":"1", "tid":"wave"},
{"name":"ModelAdvance", "ph":"B", "ts":"3155765040", "pid":"1", "tid":"wave"},
{"name":"ModelAdvance", "ph":"E", "ts":"3162547777", "pid":"1", "tid":"wave"},
{"name":"ModelSetRunClock", "ph":"B", "ts":"3166045278", "pid":"1", "tid":"wave"},
{"name":"ModelSetRunClock", "ph":"E", "ts":"3166045342", "pid":"1", "tid":"wave"},
{"name":"ModelAdvance", "ph":"B", "ts":"3166045458", "pid":"1", "tid":"wave"},
{"name":"ModelAdvance", "ph":"E", "ts":"3173616394", "pid":"1", "tid":"wave"},
{"name":"ModelSetRunClock", "ph":"B", "ts":"3177453128", "pid":"1", "tid":"wave"},
{"name":"ModelSetRunClock", "ph":"E", "ts":"3177453170", "pid":"1", "tid":"wave"},
{"name":"ModelAdvance", "ph":"B", "ts":"3177453256", "pid":"1", "tid":"wave"},
{"name":"ModelAdvance", "ph":"E", "ts":"3184581502", "pid":"1", "tid":"wave"},
{"name":"ModelSetRunClock", "ph":"B", "ts":"3186574758", "pid":"1", "tid":"wave"},
{"name":"ModelSetRunClock", "ph":"E", "ts":"3186574831", "pid":"1", "tid":"wave"},
{"name":"ModelAdvance", "ph":"B", "ts":"3186574937", "pid":"1", "tid":"wave"},
{"name":"ModelAdvance", "ph":"E", "ts":"3194994684", "pid":"1", "tid":"wave"},
{"name":"ModelSetRunClock", "ph":"B", "ts":"3197750339", "pid":"1", "tid":"wave"},
{"name":"ModelSetRunClock", "ph":"E", "ts":"3197750375", "pid":"1", "tid":"wave"},
{"name":"ModelAdvance", "ph":"B", "ts":"3197750448", "pid":"1", "tid":"wave"},
{"name":"ModelAdvance", "ph":"E", "ts":"3204939756", "pid":"1", "tid":"wave"},
{"name":"ModelSetRunClock", "ph":"B", "ts":"3206975314", "pid":"1", "tid":"wave"},
{"name":"ModelSetRunClock", "ph":"E", "ts":"3206975394", "pid":"1", "tid":"wave"},
{"name":"ModelAdvance", "ph":"B", "ts":"3206975498", "pid":"1", "tid":"wave"},
{"name":"ModelAdvance", "ph":"E", "ts":"3215289350", "pid":"1", "tid":"wave"},
{"name":"ModelSetRunClock", "ph":"B", "ts":"3217912216", "pid":"1", "tid":"wave"},
{"name":"ModelSetRunClock", "ph":"E", "ts":"3217912254", "pid":"1", "tid":"wave"},
{"name":"ModelAdvance", "ph":"B", "ts":"3217912341", "pid":"1", "tid":"wave"},
{"name":"ModelAdvance", "ph":"E", "ts":"3225275514", "pid":"1", "tid":"wave"},
{"name":"ModelSetRunClock", "ph":"B", "ts":"3227345771", "pid":"1", "tid":"wave"},
{"name":"ModelSetRunClock", "ph":"E", "ts":"3227345846", "pid":"1", "tid":"wave"},
{"name":"ModelAdvance", "ph":"B", "ts":"3227345932", "pid":"1", "tid":"wave"},
{"name":"ModelAdvance", "ph":"E", "ts":"3236096150", "pid":"1", "tid":"wave"},
{"name":"ModelSetRunClock", "ph":"B", "ts":"3238467806", "pid":"1", "tid":"wave"},
{"name":"ModelSetRunClock", "ph":"E", "ts":"3238467843", "pid":"1", "tid":"wave"},
{"name":"ModelAdvance", "ph":"B", "ts":"3238467920", "pid":"1", "tid":"wave"},
{"name":"ModelAdvance", "ph":"E", "ts":"3245928195", "pid":"1", "tid":"wave"},
{"name":"ModelSetRunClock", "ph":"B", "ts":"3248028421", "pid":"1", "tid":"wave"},
{"name":"ModelSetRunClock", "ph":"E", "ts":"3248028480", "pid":"1", "tid":"wave"},
{"name":"ModelAdvance", "ph":"B", "ts":"3248028580", "pid":"1", "tid":"wave"},
{"name":"ModelAdvance", "ph":"E", "ts":"3256683692", "pid":"1", "tid":"wave"},
{"name":"ModelSetRunClock", "ph":"B", "ts":"3259394554", "pid":"1", "tid":"wave"},
{"name":"ModelSetRunClock", "ph":"E", "ts":"3259394624", "pid":"1", "tid":"wave"},
{"name":"ModelAdvance", "ph":"B", "ts":"3259394715", "pid":"1", "tid":"wave"},
{"name":"ModelAdvance", "ph":"E", "ts":"3266886945", "pid":"1", "tid":"wave"},
{"name":"ModelSetRunClock", "ph":"B", "ts":"3269021862", "pid":"1", "tid":"wave"},
{"name":"ModelSetRunClock", "ph":"E", "ts":"3269021938", "pid":"1", "tid":"wave"},
{"name":"ModelAdvance", "ph":"B", "ts":"3269022039", "pid":"1", "tid":"wave"},
{"name":"ModelAdvance", "ph":"E", "ts":"3277633292", "pid":"1", "tid":"wave"},
{"name":"ModelSetRunClock", "ph":"B", "ts":"3279837149", "pid":"1", "tid":"wave"},
{"name":"ModelSetRunClock", "ph":"E", "ts":"3279837186", "pid":"1", "tid":"wave"},
{"name":"ModelAdvance", "ph":"B", "ts":"3279837271", "pid":"1", "tid":"wave"},
{"name":"ModelAdvance", "ph":"E", "ts":"3287295666", "pid":"1", "tid":"wave"},
{"name":"ModelSetRunClock", "ph":"B", "ts":"3290404082", "pid":"1", "tid":"wave"},
{"name":"ModelSetRunClock", "ph":"E", "ts":"3290404138", "pid":"1", "tid":"wave"},
{"name":"ModelAdvance", "ph":"B", "ts":"3290404412", "pid":"1", "tid":"wave"},
{"name":"ModelAdvance", "ph":"E", "ts":"3298412820", "pid":"1", "tid":"wave"},
{"name":"ModelSetRunClock", "ph":"B", "ts":"3302410434", "pid":"1", "tid":"wave"},
{"name":"ModelSetRunClock", "ph":"E", "ts":"3302410470", "pid":"1", "tid":"wave"},
{"name":"ModelAdvance", "ph":"B", "ts":"3302410550", "pid":"1", "tid":"wave"},
{"name":"ModelAdvance", "ph":"E", "ts":"3309816954", "pid":"1", "tid":"wave"},
{"name":"ModelSetRunClock", "ph":"B", "ts":"3311965389", "pid":"1", "tid":"wave"},
{"name":"ModelSetRunClock", "ph":"E", "ts":"3311965439", "pid":"1", "tid":"wave"},
{"name":"ModelAdvance", "ph":"B", "ts":"3311965512", "pid":"1", "tid":"wave"},
{"name":"ModelAdvance", "ph":"E", "ts":"3320560351", "pid":"1", "tid":"wave"},
{"name":"ModelSetRunClock", "ph":"B", "ts":"3322952580", "pid":"1", "tid":"wave"},
{"name":"ModelSetRunClock", "ph":"E", "ts":"3322952613", "pid":"1", "tid":"wave"},
{"name":"ModelAdvance", "ph":"B", "ts":"3322952689", "pid":"1", "tid":"wave"},
{"name":"ModelAdvance", "ph":"E", "ts":"3330320406", "pid":"1", "tid":"wave"},
{"name":"ModelSetRunClock", "ph":"B", "ts":"3332399707", "pid":"1", "tid":"wave"},
{"name":"ModelSetRunClock", "ph":"E", "ts":"3332399767", "pid":"1", "tid":"wave"},
{"name":"ModelAdvance", "ph":"B", "ts":"3332399839", "pid":"1", "tid":"wave"},
{"name":"ModelAdvance", "ph":"E", "ts":"3341313525", "pid":"1", "tid":"wave"},
{"name":"ModelSetRunClock", "ph":"B", "ts":"3344062763", "pid":"1", "tid":"wave"},
{"name":"ModelSetRunClock", "ph":"E", "ts":"3344062838", "pid":"1", "tid":"wave"},
{"name":"ModelAdvance", "ph":"B", "ts":"3344062941", "pid":"1", "tid":"wave"},
{"name":"ModelAdvance", "ph":"E", "ts":"3351402249", "pid":"1", "tid":"wave"},
{"name":"ModelSetRunClock", "ph":"B", "ts":"3353453568", "pid":"1", "tid":"wave"},
{"name":"ModelSetRunClock", "ph":"E", "ts":"3353453631", "pid":"1", "tid":"wave"},
{"name":"ModelAdvance", "ph":"B", "ts":"3353453730", "pid":"1", "tid":"wave"},
{"name":"ModelAdvance", "ph":"E", "ts":"3362003068", "pid":"1", "tid":"wave"},
{"name":"ModelSetRunClock", "ph":"B", "ts":"3365024887", "pid":"1", "tid":"wave"},
{"name":"ModelSetRunClock", "ph":"E", "ts":"3365024927", "pid":"1", "tid":"wave"},
{"name":"ModelAdvance", "ph":"B", "ts":"3365025006", "pid":"1", "tid":"wave"},
{"name":"ModelAdvance", "ph":"E", "ts":"3372307441", "pid":"1", "tid":"wave"},
{"name":"ModelSetRunClock", "ph":"B", "ts":"3374352996", "pid":"1", "tid":"wave"},
{"name":"ModelSetRunClock", "ph":"E", "ts":"3374353054", "pid":"1", "tid":"wave"},
{"name":"ModelAdvance", "ph":"B", "ts":"3374353132", "pid":"1", "tid":"wave"},
{"name":"ModelAdvance", "ph":"E", "ts":"3389516003", "pid":"1", "tid":"wave"},
{"name":"ModelSetRunClock", "ph":"B", "ts":"3391190960", "pid":"1", "tid":"wave"},
{"name":"ModelSetRunClock", "ph":"E", "ts":"3391191005", "pid":"1", "tid":"wave"},
{"name":"ModelAdvance", "ph":"B", "ts":"3391191091", "pid":"1", "tid":"wave"},
{"name":"ModelAdvance", "ph":"E", "ts":"3398451186", "pid":"1", "tid":"wave"},
{"name":"ModelSetRunClock", "ph":"B", "ts":"3400484798", "pid":"1", "tid":"wave"},
{"name":"ModelSetRunClock", "ph":"E", "ts":"3400484865", "pid":"1", "tid":"wave"},
{"name":"ModelAdvance", "ph":"B", "ts":"3400484944", "pid":"1", "tid":"wave"},
{"name":"ModelAdvance", "ph":"E", "ts":"3410004593", "pid":"1", "tid":"wave"},
{"name":"ModelSetRunClock", "ph":"B", "ts":"3411642156", "pid":"1", "tid":"wave"},
{"name":"ModelSetRunClock", "ph":"E", "ts":"3411642190", "pid":"1", "tid":"wave"},
{"name":"ModelAdvance", "ph":"B", "ts":"3411642265", "pid":"1", "tid":"wave"},
{"name":"ModelAdvance", "ph":"E", "ts":"3418842033", "pid":"1", "tid":"wave"},
{"name":"ModelSetRunClock", "ph":"B", "ts":"3422508875", "pid":"1", "tid":"wave"},
{"name":"ModelSetRunClock", "ph":"E", "ts":"3422508929", "pid":"1", "tid":"wave"},
{"name":"ModelAdvance", "ph":"B", "ts":"3422509012", "pid":"1", "tid":"wave"},
{"name":"ModelAdvance", "ph":"E", "ts":"3432463212", "pid":"1", "tid":"wave"},
{"name":"ModelSetRunClock", "ph":"B", "ts":"3435970739", "pid":"1", "tid":"wave"},
{"name":"ModelSetRunClock", "ph":"E", "ts":"3435970988", "pid":"1", "tid":"wave"},
{"name":"ModelAdvance", "ph":"B", "ts":"3435971089", "pid":"1", "tid":"wave"},
{"name":"ModelAdvance", "ph":"E", "ts":"3443135936", "pid":"1", "tid":"wave"},
{"name":"ModelSetRunClock", "ph":"B", "ts":"3445112156", "pid":"1", "tid":"wave"},
{"name":"ModelSetRunClock", "ph":"E", "ts":"3445112213", "pid":"1", "tid":"wave"},
{"name":"ModelAdvance", "ph":"B", "ts":"3445112293", "pid":"1", "tid":"wave"},
{"name":"ModelAdvance", "ph":"E", "ts":"3453697068", "pid":"1", "tid":"wave"},
{"name":"ModelSetRunClock", "ph":"B", "ts":"3456739302", "pid":"1", "tid":"wave"},
{"name":"ModelSetRunClock", "ph":"E", "ts":"3456739540", "pid":"1", "tid":"wave"},
{"name":"ModelAdvance", "ph":"B", "ts":"3456739809", "pid":"1", "tid":"wave"},
{"name":"ModelAdvance", "ph":"E", "ts":"3464233369", "pid":"1", "tid":"wave"},
{"name":"ModelSetRunClock", "ph":"B", "ts":"3465920498", "pid":"1", "tid":"wave"},
{"name":"ModelSetRunClock", "ph":"E", "ts":"3465920530", "pid":"1", "tid":"wave"},
{"name":"ModelAdvance", "ph":"B", "ts":"3465920611", "pid":"1", "tid":"wave"},
{"name":"ModelAdvance", "ph":"E", "ts":"3477155780", "pid":"1", "tid":"wave"},
{"name":"ModelSetRunClock", "ph":"B", "ts":"3478795645", "pid":"1", "tid":"wave"},
{"name":"ModelSetRunClock", "ph":"E", "ts":"3478795684", "pid":"1", "tid":"wave"},
{"name":"ModelAdvance", "ph":"B", "ts":"3478795771", "pid":"1", "tid":"wave"},
{"name":"ModelAdvance", "ph":"E", "ts":"3486123589", "pid":"1", "tid":"wave"},
{"name":"ModelSetRunClock", "ph":"B", "ts":"3488125041", "pid":"1", "tid":"wave"},
{"name":"ModelSetRunClock", "ph":"E", "ts":"3488125097", "pid":"1", "tid":"wave"},
{"name":"ModelAdvance", "ph":"B", "ts":"3488125195", "pid":"1", "tid":"wave"},
{"name":"ModelAdvance", "ph":"E", "ts":"3498431323", "pid":"1", "tid":"wave"},
{"name":"ModelSetRunClock", "ph":"B", "ts":"3500175984", "pid":"1", "tid":"wave"},
{"name":"ModelSetRunClock", "ph":"E", "ts":"3500176017", "pid":"1", "tid":"wave"},
{"name":"ModelAdvance", "ph":"B", "ts":"3500176101", "pid":"1", "tid":"wave"},
{"name":"ModelAdvance", "ph":"E", "ts":"3507699678", "pid":"1", "tid":"wave"},
{"name":"ModelSetRunClock", "ph":"B", "ts":"3509721185", "pid":"1", "tid":"wave"},
{"name":"ModelSetRunClock", "ph":"E", "ts":"3509721240", "pid":"1", "tid":"wave"},
{"name":"ModelAdvance", "ph":"B", "ts":"3509721320", "pid":"1", "tid":"wave"},
{"name":"ModelAdvance", "ph":"E", "ts":"3519389647", "pid":"1", "tid":"wave"},
{"name":"ModelSetRunClock", "ph":"B", "ts":"3521226372", "pid":"1", "tid":"wave"},
{"name":"ModelSetRunClock", "ph":"E", "ts":"3521226406", "pid":"1", "tid":"wave"},
{"name":"ModelAdvance", "ph":"B", "ts":"3521226478", "pid":"1", "tid":"wave"},
{"name":"ModelAdvance", "ph":"E", "ts":"3528808629", "pid":"1", "tid":"wave"},
{"name":"ModelSetRunClock", "ph":"B", "ts":"3530873474", "pid":"1", "tid":"wave"},
{"name":"ModelSetRunClock", "ph":"E", "ts":"3530873528", "pid":"1", "tid":"wave"},
{"name":"ModelAdvance", "ph":"B", "ts":"3530873603", "pid":"1", "tid":"wave"},
{"name":"ModelAdvance", "ph":"E", "ts":"3539914446", "pid":"1", "tid":"wave"},
{"name":"ModelSetRunClock", "ph":"B", "ts":"3542436154", "pid":"1", "tid":"wave"},
{"name":"ModelSetRunClock", "ph":"E", "ts":"3542436193", "pid":"1", "tid":"wave"},
{"name":"ModelAdvance", "ph":"B", "ts":"3542436278", "pid":"1", "tid":"wave"},
{"name":"ModelAdvance", "ph":"E", "ts":"3549972670", "pid":"1", "tid":"wave"},
{"name":"ModelSetRunClock", "ph":"B", "ts":"3553430710", "pid":"1", "tid":"wave"},
{"name":"ModelSetRunClock", "ph":"E", "ts":"3553430770", "pid":"1", "tid":"wave"},
{"name":"ModelAdvance", "ph":"B", "ts":"3553430851", "pid":"1", "tid":"wave"},
{"name":"ModelAdvance", "ph":"E", "ts":"3561571763", "pid":"1", "tid":"wave"},
{"name":"ModelSetRunClock", "ph":"B", "ts":"3564429639", "pid":"1", "tid":"wave"},
{"name":"ModelSetRunClock", "ph":"E", "ts":"3564429676", "pid":"1", "tid":"wave"},
{"name":"ModelAdvance", "ph":"B", "ts":"3564429760", "pid":"1", "tid":"wave"},
{"name":"ModelAdvance", "ph":"E", "ts":"3571877210", "pid":"1", "tid":"wave"},
{"name":"ModelSetRunClock", "ph":"B", "ts":"3573927332", "pid":"1", "tid":"wave"},
{"name":"ModelSetRunClock", "ph":"E", "ts":"3573927386", "pid":"1", "tid":"wave"},
{"name":"ModelAdvance", "ph":"B", "ts":"3573927458", "pid":"1", "tid":"wave"},
{"name":"ModelAdvance", "ph":"E", "ts":"3583715669", "pid":"1", "tid":"wave"},
{"name":"ModelSetRunClock", "ph":"B", "ts":"3585433907", "pid":"1", "tid":"wave"},
{"name":"ModelSetRunClock", "ph":"E", "ts":"3585434008", "pid":"1", "tid":"wave"},
{"name":"ModelAdvance", "ph":"B", "ts":"3585434125", "pid":"1", "tid":"wave"},
{"name":"ModelAdvance", "ph":"E", "ts":"3593008169", "pid":"1", "tid":"wave"},
{"name":"ModelSetRunClock", "ph":"B", "ts":"3595083479", "pid":"1", "tid":"wave"},
{"name":"ModelSetRunClock", "ph":"E", "ts":"3595083531", "pid":"1", "tid":"wave"},
{"name":"ModelAdvance", "ph":"B", "ts":"3595083603", "pid":"1", "tid":"wave"},
{"name":"ModelAdvance", "ph":"E", "ts":"3603942859", "pid":"1", "tid":"wave"},
{"name":"ModelSetRunClock", "ph":"B", "ts":"3605922945", "pid":"1", "tid":"wave"},
{"name":"ModelSetRunClock", "ph":"E", "ts":"3605922981", "pid":"1", "tid":"wave"},
{"name":"ModelAdvance", "ph":"B", "ts":"3605923062", "pid":"1", "tid":"wave"},
{"name":"ModelAdvance", "ph":"E", "ts":"3613726910", "pid":"1", "tid":"wave"},
{"name":"ModelSetRunClock", "ph":"B", "ts":"3615778833", "pid":"1", "tid":"wave"},
{"name":"ModelSetRunClock", "ph":"E", "ts":"3615778902", "pid":"1", "tid":"wave"},
{"name":"ModelAdvance", "ph":"B", "ts":"3615778998", "pid":"1", "tid":"wave"},
{"name":"ModelAdvance", "ph":"E", "ts":"3625853338", "pid":"1", "tid":"wave"},
{"name":"ModelSetRunClock", "ph":"B", "ts":"3627814294", "pid":"1", "tid":"wave"},
{"name":"ModelSetRunClock", "ph":"E", "ts":"3627814328", "pid":"1", "tid":"wave"},
{"name":"ModelAdvance", "ph":"B", "ts":"3627814406", "pid":"1", "tid":"wave"},
{"name":"ModelAdvance", "ph":"E", "ts":"3635425756", "pid":"1", "tid":"wave"},
{"name":"ModelSetRunClock", "ph":"B", "ts":"3637511549", "pid":"1", "tid":"wave"},
{"name":"ModelSetRunClock", "ph":"E", "ts":"3637511615", "pid":"1", "tid":"wave"},
{"name":"ModelAdvance", "ph":"B", "ts":"3637511731", "pid":"1", "tid":"wave"},
{"name":"ModelAdvance", "ph":"E", "ts":"3646332983", "pid":"1", "tid":"wave"},
{"name":"ModelSetRunClock", "ph":"B", "ts":"3648323046", "pid":"1", "tid":"wave"},
{"name":"ModelSetRunClock", "ph":"E", "ts":"3648323091", "pid":"1", "tid":"wave"},
{"name":"ModelAdvance", "ph":"B", "ts":"3648323170", "pid":"1", "tid":"wave"},
{"name":"ModelAdvance", "ph":"E", "ts":"3655814710", "pid":"1", "tid":"wave"},
{"name":"ModelSetRunClock", "ph":"B", "ts":"3657926334", "pid":"1", "tid":"wave"},
{"name":"ModelSetRunClock", "ph":"E", "ts":"3657926403", "pid":"1", "tid":"wave"},
{"name":"ModelAdvance", "ph":"B", "ts":"3657926491", "pid":"1", "tid":"wave"},
{"name":"ModelAdvance", "ph":"E", "ts":"3666647187", "pid":"1", "tid":"wave"},
{"name":"ModelSetRunClock", "ph":"B", "ts":"3668912034", "pid":"1", "tid":"wave"},
{"name":"ModelSetRunClock", "ph":"E", "ts":"3668912098", "pid":"1", "tid":"wave"},
{"name":"ModelAdvance", "ph":"B", "ts":"3668912178", "pid":"1", "tid":"wave"},
{"name":"ModelAdvance", "ph":"E", "ts":"3676356854", "pid":"1", "tid":"wave"},
{"name":"ModelSetRunClock", "ph":"B", "ts":"3680880616", "pid":"1", "tid":"wave"},
{"name":"ModelSetRunClock", "ph":"E", "ts":"3680880701", "pid":"1", "tid":"wave"},
{"name":"ModelAdvance", "ph":"B", "ts":"3680880840", "pid":"1", "tid":"wave"},
{"name":"ModelAdvance", "ph":"E", "ts":"3687989313", "pid":"1", "tid":"wave"},
{"name":"ModelSetRunClock", "ph":"B", "ts":"3691432858", "pid":"1", "tid":"wave"},
{"name":"ModelSetRunClock", "ph":"E", "ts":"3691432970", "pid":"1", "tid":"wave"},
{"name":"ModelAdvance", "ph":"B", "ts":"3691433129", "pid":"1", "tid":"wave"},
{"name":"ModelAdvance", "ph":"E", "ts":"3698915513", "pid":"1", "tid":"wave"},
{"name":"ModelSetRunClock", "ph":"B", "ts":"3701037384", "pid":"1", "tid":"wave"},
{"name":"ModelSetRunClock", "ph":"E", "ts":"3701037451", "pid":"1", "tid":"wave"},
{"name":"ModelAdvance", "ph":"B", "ts":"3701037835", "pid":"1", "tid":"wave"},
{"name":"ModelAdvance", "ph":"E", "ts":"3709433491", "pid":"1", "tid":"wave"},
{"name":"ModelSetRunClock", "ph":"B", "ts":"3711898362", "pid":"1", "tid":"wave"},
{"name":"ModelSetRunClock", "ph":"E", "ts":"3711898430", "pid":"1", "tid":"wave"},
{"name":"ModelAdvance", "ph":"B", "ts":"3711898526", "pid":"1", "tid":"wave"},
{"name":"ModelAdvance", "ph":"E", "ts":"3719319940", "pid":"1", "tid":"wave"},
{"name":"ModelSetRunClock", "ph":"B", "ts":"3721404980", "pid":"1", "tid":"wave"},
{"name":"ModelSetRunClock", "ph":"E", "ts":"3721405041", "pid":"1", "tid":"wave"},
{"name":"ModelAdvance", "ph":"B", "ts":"3721405164", "pid":"1", "tid":"wave"},
{"name":"ModelAdvance", "ph":"E", "ts":"3729886138", "pid":"1", "tid":"wave"},
{"name":"ModelSetRunClock", "ph":"B", "ts":"3732526301", "pid":"1", "tid":"wave"},
{"name":"ModelSetRunClock", "ph":"E", "ts":"3732526372", "pid":"1", "tid":"wave"},
{"name":"ModelAdvance", "ph":"B", "ts":"3732526496", "pid":"1", "tid":"wave"},
{"name":"ModelAdvance", "ph":"E", "ts":"3739954410", "pid":"1", "tid":"wave"},
{"name":"ModelSetRunClock", "ph":"B", "ts":"3742011421", "pid":"1", "tid":"wave"},
{"name":"ModelSetRunClock", "ph":"E", "ts":"3742011504", "pid":"1", "tid":"wave"},
{"name":"ModelAdvance", "ph":"B", "ts":"3742011602", "pid":"1", "tid":"wave"},
{"name":"ModelAdvance", "ph":"E", "ts":"3750400632", "pid":"1", "tid":"wave"},
{"name":"ModelSetRunClock", "ph":"B", "ts":"3752891363", "pid":"1", "tid":"wave"},
{"name":"ModelSetRunClock", "ph":"E", "ts":"3752891442", "pid":"1", "tid":"wave"},
{"name":"ModelAdvance", "ph":"B", "ts":"3752891539", "pid":"1", "tid":"wave"},
{"name":"ModelAdvance", "ph":"E", "ts":"3760382479", "pid":"1", "tid":"wave"},
{"name":"ModelSetRunClock", "ph":"B", "ts":"3762379999", "pid":"1", "tid":"wave"},
{"name":"ModelSetRunClock", "ph":"E", "ts":"3762380063", "pid":"1", "tid":"wave"},
{"name":"ModelAdvance", "ph":"B", "ts":"3762380165", "pid":"1", "tid":"wave"},
{"name":"ModelAdvance", "ph":"E", "ts":"3772887927", "pid":"1", "tid":"wave"},
{"name":"ModelSetRunClock", "ph":"B", "ts":"3774746363", "pid":"1", "tid":"wave"},
{"name":"ModelSetRunClock", "ph":"E", "ts":"3774746397", "pid":"1", "tid":"wave"},
{"name":"ModelAdvance", "ph":"B", "ts":"3774746479", "pid":"1", "tid":"wave"},
{"name":"ModelAdvance", "ph":"E", "ts":"3782090482", "pid":"1", "tid":"wave"},
{"name":"ModelSetRunClock", "ph":"B", "ts":"3784069497", "pid":"1", "tid":"wave"},
{"name":"ModelSetRunClock", "ph":"E", "ts":"3784069581", "pid":"1", "tid":"wave"},
{"name":"ModelAdvance", "ph":"B", "ts":"3784069703", "pid":"1", "tid":"wave"},
{"name":"ModelAdvance", "ph":"E", "ts":"3793235747", "pid":"1", "tid":"wave"},
{"name":"ModelSetRunClock", "ph":"B", "ts":"3795268670", "pid":"1", "tid":"wave"},
{"name":"ModelSetRunClock", "ph":"E", "ts":"3795268703", "pid":"1", "tid":"wave"},
{"name":"ModelAdvance", "ph":"B", "ts":"3795268782", "pid":"1", "tid":"wave"},
{"name":"ModelAdvance", "ph":"E", "ts":"3826355497", "pid":"1", "tid":"wave"},
{"name":"ModelSetRunClock", "ph":"B", "ts":"3837858563", "pid":"1", "tid":"wave"},
{"name":"ModelSetRunClock", "ph":"E", "ts":"3837858718", "pid":"1", "tid":"wave"},
{"name":"ModelAdvance", "ph":"B", "ts":"3837858868", "pid":"1", "tid":"wave"},
{"name":"ModelAdvance", "ph":"E", "ts":"3845178946", "pid":"1", "tid":"wave"},
{"name":"ModelSetRunClock", "ph":"B", "ts":"3848420313", "pid":"1", "tid":"wave"},
{"name":"ModelSetRunClock", "ph":"E", "ts":"3848420487", "pid":"1", "tid":"wave"},
{"name":"ModelAdvance", "ph":"B", "ts":"3848420600", "pid":"1", "tid":"wave"},
{"name":"ModelAdvance", "ph":"E", "ts":"3856201776", "pid":"1", "tid":"wave"},
{"name":"ModelSetRunClock", "ph":"B", "ts":"3858264532", "pid":"1", "tid":"wave"},
{"name":"ModelSetRunClock", "ph":"E", "ts":"3858264614", "pid":"1", "tid":"wave"},
{"name":"ModelAdvance", "ph":"B", "ts":"3858264715", "pid":"1", "tid":"wave"},
{"name":"ModelAdvance", "ph":"E", "ts":"3869533905", "pid":"1", "tid":"wave"},
{"name":"ModelSetRunClock", "ph":"B", "ts":"3871633605", "pid":"1", "tid":"wave"},
{"name":"ModelSetRunClock", "ph":"E", "ts":"3871633785", "pid":"1", "tid":"wave"},
{"name":"ModelAdvance", "ph":"B", "ts":"3871633865", "pid":"1", "tid":"wave"},
{"name":"ModelAdvance", "ph":"E", "ts":"3879690391", "pid":"1", "tid":"wave"},
{"name":"ModelSetRunClock", "ph":"B", "ts":"3881861332", "pid":"1", "tid":"wave"},
{"name":"ModelSetRunClock", "ph":"E", "ts":"3881861395", "pid":"1", "tid":"wave"},
{"name":"ModelAdvance", "ph":"B", "ts":"3881861497", "pid":"1", "tid":"wave"},
{"name":"ModelAdvance", "ph":"E", "ts":"3891197208", "pid":"1", "tid":"wave"},
{"name":"ModelSetRunClock", "ph":"B", "ts":"3893350442", "pid":"1", "tid":"wave"},
{"name":"ModelSetRunClock", "ph":"E", "ts":"3893350477", "pid":"1", "tid":"wave"},
{"name":"ModelAdvance", "ph":"B", "ts":"3893350564", "pid":"1", "tid":"wave"},
{"name":"ModelAdvance", "ph":"E", "ts":"3901400058", "pid":"1", "tid":"wave"},
{"name":"ModelSetRunClock", "ph":"B", "ts":"3903457389", "pid":"1", "tid":"wave"},
{"name":"ModelSetRunClock", "ph":"E", "ts":"3903457450", "pid":"1", "tid":"wave"},
{"name":"ModelAdvance", "ph":"B", "ts":"3903457544", "pid":"1", "tid":"wave"},
{"name":"ModelAdvance", "ph":"E", "ts":"3912704666", "pid":"1", "tid":"wave"},
{"name":"ModelSetRunClock", "ph":"B", "ts":"3914777674", "pid":"1", "tid":"wave"},
{"name":"ModelSetRunClock", "ph":"E", "ts":"3914777710", "pid":"1", "tid":"wave"},
{"name":"ModelAdvance", "ph":"B", "ts":"3914777791", "pid":"1", "tid":"wave"},
{"name":"ModelAdvance", "ph":"E", "ts":"3922849339", "pid":"1", "tid":"wave"},
{"name":"ModelSetRunClock", "ph":"B", "ts":"3924804222", "pid":"1", "tid":"wave"},
{"name":"ModelSetRunClock", "ph":"E", "ts":"3924804299", "pid":"1", "tid":"wave"},
{"name":"ModelAdvance", "ph":"B", "ts":"3924804409", "pid":"1", "tid":"wave"},
{"name":"ModelAdvance", "ph":"E", "ts":"3934079918", "pid":"1", "tid":"wave"},
{"name":"ModelSetRunClock", "ph":"B", "ts":"3936076153", "pid":"1", "tid":"wave"},
{"name":"ModelSetRunClock", "ph":"E", "ts":"3936076190", "pid":"1", "tid":"wave"},
{"name":"ModelAdvance", "ph":"B", "ts":"3936076268", "pid":"1", "tid":"wave"},
{"name":"ModelAdvance", "ph":"E", "ts":"3944203432", "pid":"1", "tid":"wave"},
{"name":"ModelSetRunClock", "ph":"B", "ts":"3946117692", "pid":"1", "tid":"wave"},
{"name":"ModelSetRunClock", "ph":"E", "ts":"3946117780", "pid":"1", "tid":"wave"},
{"name":"ModelAdvance", "ph":"B", "ts":"3946117897", "pid":"1", "tid":"wave"},
{"name":"ModelAdvance", "ph":"E", "ts":"3955071282", "pid":"1", "tid":"wave"},
{"name":"ModelSetRunClock", "ph":"B", "ts":"3957099182", "pid":"1", "tid":"wave"},
{"name":"ModelSetRunClock", "ph":"E", "ts":"3957099214", "pid":"1", "tid":"wave"},
{"name":"ModelAdvance", "ph":"B", "ts":"3957099287", "pid":"1", "tid":"wave"},
{"name":"ModelAdvance", "ph":"E", "ts":"3965312093", "pid":"1", "tid":"wave"},
{"name":"ModelSetRunClock", "ph":"B", "ts":"3968095731", "pid":"1", "tid":"wave"},
{"name":"ModelSetRunClock", "ph":"E", "ts":"3968095790", "pid":"1", "tid":"wave"},
{"name":"ModelAdvance", "ph":"B", "ts":"3968095864", "pid":"1", "tid":"wave"},
{"name":"ModelAdvance", "ph":"E", "ts":"3976627196", "pid":"1", "tid":"wave"},
{"name":"ModelSetRunClock", "ph":"B", "ts":"3979414843", "pid":"1", "tid":"wave"},
{"name":"ModelSetRunClock", "ph":"E", "ts":"3979414922", "pid":"1", "tid":"wave"},
{"name":"ModelAdvance", "ph":"B", "ts":"3979415023", "pid":"1", "tid":"wave"},
{"name":"ModelAdvance", "ph":"E", "ts":"3987700578", "pid":"1", "tid":"wave"},
{"name":"ModelSetRunClock", "ph":"B", "ts":"3989562901", "pid":"1", "tid":"wave"},
{"name":"ModelSetRunClock", "ph":"E", "ts":"3989562977", "pid":"1", "tid":"wave"},
{"name":"ModelAdvance", "ph":"B", "ts":"3989563082", "pid":"1", "tid":"wave"},
{"name":"ModelAdvance", "ph":"E", "ts":"3998857451", "pid":"1", "tid":"wave"},
{"name":"ModelSetRunClock", "ph":"B", "ts":"4000960472", "pid":"1", "tid":"wave"},
{"name":"ModelSetRunClock", "ph":"E", "ts":"4000960507", "pid":"1", "tid":"wave"},
{"name":"ModelAdvance", "ph":"B", "ts":"4000960585", "pid":"1", "tid":"wave"},
{"name":"ModelAdvance", "ph":"E", "ts":"4009264305", "pid":"1", "tid":"wave"},
{"name":"ModelSetRunClock", "ph":"B", "ts":"4011117359", "pid":"1", "tid":"wave"},
{"name":"ModelSetRunClock", "ph":"E", "ts":"4011117429", "pid":"1", "tid":"wave"},
{"name":"ModelAdvance", "ph":"B", "ts":"4011117524", "pid":"1", "tid":"wave"},
{"name":"ModelAdvance", "ph":"E", "ts":"4020913790", "pid":"1", "tid":"wave"},
{"name":"ModelSetRunClock", "ph":"B", "ts":"4023019280", "pid":"1", "tid":"wave"},
{"name":"ModelSetRunClock", "ph":"E", "ts":"4023019314", "pid":"1", "tid":"wave"},
{"name":"ModelAdvance", "ph":"B", "ts":"4023019391", "pid":"1", "tid":"wave"},
{"name":"ModelAdvance", "ph":"E", "ts":"4031343792", "pid":"1", "tid":"wave"},
{"name":"ModelSetRunClock", "ph":"B", "ts":"4033167680", "pid":"1", "tid":"wave"},
{"name":"ModelSetRunClock", "ph":"E", "ts":"4033167742", "pid":"1", "tid":"wave"},
{"name":"ModelAdvance", "ph":"B", "ts":"4033167824", "pid":"1", "tid":"wave"},
{"name":"ModelAdvance", "ph":"E", "ts":"4042595483", "pid":"1", "tid":"wave"},
{"name":"ModelSetRunClock", "ph":"B", "ts":"4044668105", "pid":"1", "tid":"wave"},
{"name":"ModelSetRunClock", "ph":"E", "ts":"4044668141", "pid":"1", "tid":"wave"},
{"name":"ModelAdvance", "ph":"B", "ts":"4044668221", "pid":"1", "tid":"wave"},
{"name":"ModelAdvance", "ph":"E", "ts":"4052984552", "pid":"1", "tid":"wave"},
{"name":"ModelSetRunClock", "ph":"B", "ts":"4054773767", "pid":"1", "tid":"wave"},
{"name":"ModelSetRunClock", "ph":"E", "ts":"4054773821", "pid":"1", "tid":"wave"},
{"name":"ModelAdvance", "ph":"B", "ts":"4054773908", "pid":"1", "tid":"wave"},
{"name":"ModelAdvance", "ph":"E", "ts":"4064028053", "pid":"1", "tid":"wave"},
{"name":"ModelSetRunClock", "ph":"B", "ts":"4066094603", "pid":"1", "tid":"wave"},
{"name":"ModelSetRunClock", "ph":"E", "ts":"4066094645", "pid":"1", "tid":"wave"},
{"name":"ModelAdvance", "ph":"B", "ts":"4066094735", "pid":"1", "tid":"wave"},
{"name":"ModelAdvance", "ph":"E", "ts":"4074363877", "pid":"1", "tid":"wave"},
{"name":"ModelSetRunClock", "ph":"B", "ts":"4076120327", "pid":"1", "tid":"wave"},
{"name":"ModelSetRunClock", "ph":"E", "ts":"4076120405", "pid":"1", "tid":"wave"},
{"name":"ModelAdvance", "ph":"B", "ts":"4076120551", "pid":"1", "tid":"wave"},
{"name":"ModelAdvance", "ph":"E", "ts":"4085024799", "pid":"1", "tid":"wave"},
{"name":"ModelSetRunClock", "ph":"B", "ts":"4087039180", "pid":"1", "tid":"wave"},
{"name":"ModelSetRunClock", "ph":"E", "ts":"4087039217", "pid":"1", "tid":"wave"},
{"name":"ModelAdvance", "ph":"B", "ts":"4087039304", "pid":"1", "tid":"wave"},
{"name":"ModelAdvance", "ph":"E", "ts":"4095274089", "pid":"1", "tid":"wave"},
{"name":"ModelSetRunClock", "ph":"B", "ts":"4097390948", "pid":"1", "tid":"wave"},
{"name":"ModelSetRunClock", "ph":"E", "ts":"4097391024", "pid":"1", "tid":"wave"},
{"name":"ModelAdvance", "ph":"B", "ts":"4097391117", "pid":"1", "tid":"wave"},
{"name":"ModelAdvance", "ph":"E", "ts":"4105847752", "pid":"1", "tid":"wave"},
{"name":"ModelSetRunClock", "ph":"B", "ts":"4108912430", "pid":"1", "tid":"wave"},
{"name":"ModelSetRunClock", "ph":"E", "ts":"4108912466", "pid":"1", "tid":"wave"},
{"name":"ModelAdvance", "ph":"B", "ts":"4108912544", "pid":"1", "tid":"wave"},
{"name":"ModelAdvance", "ph":"E", "ts":"4117135314", "pid":"1", "tid":"wave"},
{"name":"ModelSetRunClock", "ph":"B", "ts":"4118801910", "pid":"1", "tid":"wave"},
{"name":"ModelSetRunClock", "ph":"E", "ts":"4118801991", "pid":"1", "tid":"wave"},
{"name":"ModelAdvance", "ph":"B", "ts":"4118802120", "pid":"1", "tid":"wave"},
{"name":"ModelAdvance", "ph":"E", "ts":"4128762176", "pid":"1", "tid":"wave"},
{"name":"ModelSetRunClock", "ph":"B", "ts":"4130717616", "pid":"1", "tid":"wave"},
{"name":"ModelSetRunClock", "ph":"E", "ts":"4130717650", "pid":"1", "tid":"wave"},
{"name":"ModelAdvance", "ph":"B", "ts":"4130717735", "pid":"1", "tid":"wave"},
{"name":"ModelAdvance", "ph":"E", "ts":"4138769601", "pid":"1", "tid":"wave"},
{"name":"ModelSetRunClock", "ph":"B", "ts":"4140487486", "pid":"1", "tid":"wave"},
{"name":"ModelSetRunClock", "ph":"E", "ts":"4140487564", "pid":"1", "tid":"wave"},
{"name":"ModelAdvance", "ph":"B", "ts":"4140487956", "pid":"1", "tid":"wave"},
{"name":"ModelAdvance", "ph":"E", "ts":"4149309386", "pid":"1", "tid":"wave"},
{"name":"ModelSetRunClock", "ph":"B", "ts":"4151219541", "pid":"1", "tid":"wave"},
{"name":"ModelSetRunClock", "ph":"E", "ts":"4151219576", "pid":"1", "tid":"wave"},
{"name":"ModelAdvance", "ph":"B", "ts":"4151219660", "pid":"1", "tid":"wave"},
{"name":"ModelAdvance", "ph":"E", "ts":"4159156244", "pid":"1", "tid":"wave"},
{"name":"ModelSetRunClock", "ph":"B", "ts":"4160886137", "pid":"1", "tid":"wave"},
{"name":"ModelSetRunClock", "ph":"E", "ts":"4160886400", "pid":"1", "tid":"wave"},
{"name":"ModelAdvance", "ph":"B", "ts":"4160886616", "pid":"1", "tid":"wave"},
{"name":"ModelAdvance", "ph":"E", "ts":"4169677714", "pid":"1", "tid":"wave"},
