{"name":"SetServices", "ph":"B", "ts":"1289239350", "pid":"1", "tid":"wrtComp_03"},
{"name":"SetServices", "ph":"E", "ts":"1289240233", "pid":"1", "tid":"wrtComp_03"},
{"name":"wrt_initialize_p1", "ph":"B", "ts":"1289240604", "pid":"1", "tid":"wrtComp_03"},
{"name":"wrt_initialize_p1", "ph":"E", "ts":"1289730827", "pid":"1", "tid":"wrtComp_03"},
{"name":"wrt_run", "ph":"B", "ts":"1523190861", "pid":"1", "tid":"wrtComp_03"},
{"name":"wrt_run", "ph":"E", "ts":"1584486787", "pid":"1", "tid":"wrtComp_03"},
{"name":"wrt_run", "ph":"B", "ts":"1684475137", "pid":"1", "tid":"wrtComp_03"},
{"name":"wrt_run", "ph":"E", "ts":"1759107036", "pid":"1", "tid":"wrtComp_03"},
{"name":"wrt_run", "ph":"B", "ts":"1861191811", "pid":"1", "tid":"wrtComp_03"},
{"name":"wrt_run", "ph":"E", "ts":"1993464671", "pid":"1", "tid":"wrtComp_03"},
{"name":"wrt_run", "ph":"B", "ts":"2061249987", "pid":"1", "tid":"wrtComp_03"},
{"name":"wrt_run", "ph":"E", "ts":"2122982532", "pid":"1", "tid":"wrtComp_03"},
{"name":"wrt_run", "ph":"B", "ts":"2226405050", "pid":"1", "tid":"wrtComp_03"},
{"name":"wrt_run", "ph":"E", "ts":"2290119717", "pid":"1", "tid":"wrtComp_03"},
{"name":"wrt_run", "ph":"B", "ts":"2416307612", "pid":"1", "tid":"wrtComp_03"},
{"name":"wrt_run", "ph":"E", "ts":"2479763567", "pid":"1", "tid":"wrtComp_03"},
{"name":"wrt_run", "ph":"B", "ts":"2574660492", "pid":"1", "tid":"wrtComp_03"},
{"name":"wrt_run", "ph":"E", "ts":"2644148827", "pid":"1", "tid":"wrtComp_03"},
{"name":"wrt_run", "ph":"B", "ts":"2737146952", "pid":"1", "tid":"wrtComp_03"},
{"name":"wrt_run", "ph":"E", "ts":"2804221724", "pid":"1", "tid":"wrtComp_03"},
{"name":"wrt_run", "ph":"B", "ts":"2897268156", "pid":"1", "tid":"wrtComp_03"},
{"name":"wrt_run", "ph":"E", "ts":"2961522203", "pid":"1", "tid":"wrtComp_03"},
{"name":"wrt_run", "ph":"B", "ts":"3089190285", "pid":"1", "tid":"wrtComp_03"},
{"name":"wrt_run", "ph":"E", "ts":"3154691953", "pid":"1", "tid":"wrtComp_03"},
{"name":"wrt_run", "ph":"B", "ts":"3250539123", "pid":"1", "tid":"wrtComp_03"},
{"name":"wrt_run", "ph":"E", "ts":"3312954363", "pid":"1", "tid":"wrtComp_03"},
{"name":"wrt_run", "ph":"B", "ts":"3423573560", "pid":"1", "tid":"wrtComp_03"},
{"name":"wrt_run", "ph":"E", "ts":"3492946331", "pid":"1", "tid":"wrtComp_03"},
{"name":"wrt_run", "ph":"B", "ts":"3597336860", "pid":"1", "tid":"wrtComp_03"},
{"name":"wrt_run", "ph":"E", "ts":"3659076234", "pid":"1", "tid":"wrtComp_03"},
{"name":"wrt_run", "ph":"B", "ts":"3764863831", "pid":"1", "tid":"wrtComp_03"},
{"name":"wrt_run", "ph":"E", "ts":"3827886729", "pid":"1", "tid":"wrtComp_03"},
{"name":"wrt_run", "ph":"B", "ts":"3968996172", "pid":"1", "tid":"wrtComp_03"},
{"name":"wrt_run", "ph":"E", "ts":"4035745578", "pid":"1", "tid":"wrtComp_03"},
