{"name":"SetServices", "ph":"B", "ts":"1250313557", "pid":"1", "tid":"wrtComp_01"},
{"name":"SetServices", "ph":"E", "ts":"1250314495", "pid":"1", "tid":"wrtComp_01"},
{"name":"wrt_initialize_p1", "ph":"B", "ts":"1250314898", "pid":"1", "tid":"wrtComp_01"},
{"name":"wrt_initialize_p1", "ph":"E", "ts":"1250790230", "pid":"1", "tid":"wrtComp_01"},
{"name":"wrt_run", "ph":"B", "ts":"1482928498", "pid":"1", "tid":"wrtComp_01"},
{"name":"wrt_run", "ph":"E", "ts":"1542428526", "pid":"1", "tid":"wrtComp_01"},
{"name":"wrt_run", "ph":"B", "ts":"1646144500", "pid":"1", "tid":"wrtComp_01"},
{"name":"wrt_run", "ph":"E", "ts":"1713176419", "pid":"1", "tid":"wrtComp_01"},
{"name":"wrt_run", "ph":"B", "ts":"1814341842", "pid":"1", "tid":"wrtComp_01"},
{"name":"wrt_run", "ph":"E", "ts":"1902508347", "pid":"1", "tid":"wrtComp_01"},
{"name":"wrt_run", "ph":"B", "ts":"2013055341", "pid":"1", "tid":"wrtComp_01"},
{"name":"wrt_run", "ph":"E", "ts":"2084270143", "pid":"1", "tid":"wrtComp_01"},
{"name":"wrt_run", "ph":"B", "ts":"2186176913", "pid":"1", "tid":"wrtComp_01"},
{"name":"wrt_run", "ph":"E", "ts":"2250780705", "pid":"1", "tid":"wrtComp_01"},
{"name":"wrt_run", "ph":"B", "ts":"2376157179", "pid":"1", "tid":"wrtComp_01"},
{"name":"wrt_run", "ph":"E", "ts":"2442675323", "pid":"1", "tid":"wrtComp_01"},
{"name":"wrt_run", "ph":"B", "ts":"2533922166", "pid":"1", "tid":"wrtComp_01"},
{"name":"wrt_run", "ph":"E", "ts":"2598051164", "pid":"1", "tid":"wrtComp_01"},
{"name":"wrt_run", "ph":"B", "ts":"2698002105", "pid":"1", "tid":"wrtComp_01"},
{"name":"wrt_run", "ph":"E", "ts":"2770058099", "pid":"1", "tid":"wrtComp_01"},
{"name":"wrt_run", "ph":"B", "ts":"2857737903", "pid":"1", "tid":"wrtComp_01"},
{"name":"wrt_run", "ph":"E", "ts":"2922838746", "pid":"1", "tid":"wrtComp_01"},
{"name":"wrt_run", "ph":"B", "ts":"3017288543", "pid":"1", "tid":"wrtComp_01"},
{"name":"wrt_run", "ph":"E", "ts":"3143900221", "pid":"1", "tid":"wrtComp_01"},
{"name":"wrt_run", "ph":"B", "ts":"3209346989", "pid":"1", "tid":"wrtComp_01"},
{"name":"wrt_run", "ph":"E", "ts":"3271719083", "pid":"1", "tid":"wrtComp_01"},
{"name":"wrt_run", "ph":"B", "ts":"3376947282", "pid":"1", "tid":"wrtComp_01"},
{"name":"wrt_run", "ph":"E", "ts":"3452247743", "pid":"1", "tid":"wrtComp_01"},
{"name":"wrt_run", "ph":"B", "ts":"3554558578", "pid":"1", "tid":"wrtComp_01"},
{"name":"wrt_run", "ph":"E", "ts":"3621900348", "pid":"1", "tid":"wrtComp_01"},
{"name":"wrt_run", "ph":"B", "ts":"3723912441", "pid":"1", "tid":"wrtComp_01"},
{"name":"wrt_run", "ph":"E", "ts":"3790043900", "pid":"1", "tid":"wrtComp_01"},
{"name":"wrt_run", "ph":"B", "ts":"3926523949", "pid":"1", "tid":"wrtComp_01"},
{"name":"wrt_run", "ph":"E", "ts":"4013709178", "pid":"1", "tid":"wrtComp_01"},
{"name":"wrt_run", "ph":"B", "ts":"4098837240", "pid":"1", "tid":"wrtComp_01"},
{"name":"wrt_run", "ph":"E", "ts":"4168302146", "pid":"1", "tid":"wrtComp_01"},
