{"name":"SetServices", "ph":"B", "ts":"1055780446", "pid":"1", "tid":"mom"},
{"name":"SetServices", "ph":"E", "ts":"1055782089", "pid":"1", "tid":"mom"},
{"name":"InitializeP0", "ph":"B", "ts":"1057221434", "pid":"1", "tid":"mom"},
{"name":"InitializeP0", "ph":"E", "ts":"1057221996", "pid":"1", "tid":"mom"},
{"name":"InitializeAdvertise", "ph":"B", "ts":"1090733559", "pid":"1", "tid":"mom"},
{"name":"InitializeAdvertise", "ph":"E", "ts":"1160796160", "pid":"1", "tid":"mom"},
{"name":"InitializeRealize", "ph":"B", "ts":"1299892817", "pid":"1", "tid":"mom"},
{"name":"InitializeRealize", "ph":"E", "ts":"1305158248", "pid":"1", "tid":"mom"},
{"name":"DataInitialize", "ph":"B", "ts":"1340344245", "pid":"1", "tid":"mom"},
{"name":"DataInitialize", "ph":"E", "ts":"1340345411", "pid":"1", "tid":"mom"},
{"name":"ModelSetRunClock", "ph":"B", "ts":"1367826447", "pid":"1", "tid":"mom"},
{"name":"ModelSetRunClock", "ph":"E", "ts":"1367835533", "pid":"1", "tid":"mom"},
{"name":"ModelAdvance", "ph":"B", "ts":"1367835719", "pid":"1", "tid":"mom"},
{"name":"ModelAdvance", "ph":"E", "ts":"1374632633", "pid":"1", "tid":"mom"},
{"name":"ModelSetRunClock", "ph":"B", "ts":"1381401754", "pid":"1", "tid":"mom"},
{"name":"ModelSetRunClock", "ph":"E", "ts":"1381401823", "pid":"1", "tid":"mom"},
{"name":"ModelAdvance", "ph":"B", "ts":"1381401999", "pid":"1", "tid":"mom"},
{"name":"ModelAdvance", "ph":"E", "ts":"1387683116", "pid":"1", "tid":"mom"},
{"name":"ModelSetRunClock", "ph":"B", "ts":"1398136612", "pid":"1", "tid":"mom"},
{"name":"ModelSetRunClock", "ph":"E", "ts":"1398136759", "pid":"1", "tid":"mom"},
{"name":"ModelAdvance", "ph":"B", "ts":"1398136927", "pid":"1", "tid":"mom"},
{"name":"ModelAdvance", "ph":"E", "ts":"1405800736", "pid":"1", "tid":"mom"},
{"name":"ModelSetRunClock", "ph":"B", "ts":"1417092833", "pid":"1", "tid":"mom"},
{"name":"ModelSetRunClock", "ph":"E", "ts":"1417092897", "pid":"1", "tid":"mom"},
{"name":"ModelAdvance", "ph":"B", "ts":"1417093051", "pid":"1", "tid":"mom"},
{"name":"ModelAdvance", "ph":"E", "ts":"1423374567", "pid":"1", "tid":"mom"},
{"name":"ModelSetRunClock", "ph":"B", "ts":"1437214033", "pid":"1", "tid":"mom"},
{"name":"ModelSetRunClock", "ph":"E", "ts":"1437214205", "pid":"1", "tid":"mom"},
{"name":"ModelAdvance", "ph":"B", "ts":"1437214372", "pid":"1", "tid":"mom"},
{"name":"ModelAdvance", "ph":"E", "ts":"1445314941", "pid":"1", "tid":"mom"},
{"name":"ModelSetRunClock", "ph":"B", "ts":"1455140735", "pid":"1", "tid":"mom"},
{"name":"ModelSetRunClock", "ph":"E", "ts":"1455140811", "pid":"1", "tid":"mom"},
{"name":"ModelAdvance", "ph":"B", "ts":"1455141002", "pid":"1", "tid":"mom"},
{"name":"ModelAdvance", "ph":"E", "ts":"1461490289", "pid":"1", "tid":"mom"},
{"name":"ModelSetRunClock", "ph":"B", "ts":"1479033560", "pid":"1", "tid":"mom"},
{"name":"ModelSetRunClock", "ph":"E", "ts":"1479033730", "pid":"1", "tid":"mom"},
{"name":"ModelAdvance", "ph":"B", "ts":"1479033899", "pid":"1", "tid":"mom"},
{"name":"ModelAdvance", "ph":"E", "ts":"1485316438", "pid":"1", "tid":"mom"},
{"name":"ModelSetRunClock", "ph":"B", "ts":"1490149313", "pid":"1", "tid":"mom"},
{"name":"ModelSetRunClock", "ph":"E", "ts":"1490149385", "pid":"1", "tid":"mom"},
{"name":"ModelAdvance", "ph":"B", "ts":"1490149556", "pid":"1", "tid":"mom"},
{"name":"ModelAdvance", "ph":"E", "ts":"1496500716", "pid":"1", "tid":"mom"},
{"name":"ModelSetRunClock", "ph":"B", "ts":"1500696278", "pid":"1", "tid":"mom"},
{"name":"ModelSetRunClock", "ph":"E", "ts":"1500696328", "pid":"1", "tid":"mom"},
{"name":"ModelAdvance", "ph":"B", "ts":"1500696484", "pid":"1", "tid":"mom"},
{"name":"ModelAdvance", "ph":"E", "ts":"1508397040", "pid":"1", "tid":"mom"},
{"name":"ModelSetRunClock", "ph":"B", "ts":"1511426195", "pid":"1", "tid":"mom"},
{"name":"ModelSetRunClock", "ph":"E", "ts":"1511426403", "pid":"1", "tid":"mom"},
{"name":"ModelAdvance", "ph":"B", "ts":"1511426617", "pid":"1", "tid":"mom"},
{"name":"ModelAdvance", "ph":"E", "ts":"1517784844", "pid":"1", "tid":"mom"},
{"name":"ModelSetRunClock", "ph":"B", "ts":"1521134168", "pid":"1", "tid":"mom"},
{"name":"ModelSetRunClock", "ph":"E", "ts":"1521134222", "pid":"1", "tid":"mom"},
{"name":"ModelAdvance", "ph":"B", "ts":"1521134487", "pid":"1", "tid":"mom"},
{"name":"ModelAdvance", "ph":"E", "ts":"1528920727", "pid":"1", "tid":"mom"},
{"name":"ModelSetRunClock", "ph":"B", "ts":"1531674285", "pid":"1", "tid":"mom"},
{"name":"ModelSetRunClock", "ph":"E", "ts":"1531674350", "pid":"1", "tid":"mom"},
{"name":"ModelAdvance", "ph":"B", "ts":"1531674522", "pid":"1", "tid":"mom"},
{"name":"ModelAdvance", "ph":"E", "ts":"1537946826", "pid":"1", "tid":"mom"},
{"name":"ModelSetRunClock", "ph":"B", "ts":"1541426775", "pid":"1", "tid":"mom"},
{"name":"ModelSetRunClock", "ph":"E", "ts":"1541426935", "pid":"1", "tid":"mom"},
{"name":"ModelAdvance", "ph":"B", "ts":"1541427096", "pid":"1", "tid":"mom"},
{"name":"ModelAdvance", "ph":"E", "ts":"1549145694", "pid":"1", "tid":"mom"},
{"name":"ModelSetRunClock", "ph":"B", "ts":"1551933228", "pid":"1", "tid":"mom"},
{"name":"ModelSetRunClock", "ph":"E", "ts":"1551933308", "pid":"1", "tid":"mom"},
{"name":"ModelAdvance", "ph":"B", "ts":"1551933494", "pid":"1", "tid":"mom"},
{"name":"ModelAdvance", "ph":"E", "ts":"1558099052", "pid":"1", "tid":"mom"},
{"name":"ModelSetRunClock", "ph":"B", "ts":"1561241262", "pid":"1", "tid":"mom"},
{"name":"ModelSetRunClock", "ph":"E", "ts":"1561241318", "pid":"1", "tid":"mom"},
{"name":"ModelAdvance", "ph":"B", "ts":"1561241472", "pid":"1", "tid":"mom"},
{"name":"ModelAdvance", "ph":"E", "ts":"1568871946", "pid":"1", "tid":"mom"},
{"name":"ModelSetRunClock", "ph":"B", "ts":"1571957249", "pid":"1", "tid":"mom"},
{"name":"ModelSetRunClock", "ph":"E", "ts":"1571957545", "pid":"1", "tid":"mom"},
{"name":"ModelAdvance", "ph":"B", "ts":"1571957750", "pid":"1", "tid":"mom"},
{"name":"ModelAdvance", "ph":"E", "ts":"1578099935", "pid":"1", "tid":"mom"},
{"name":"ModelSetRunClock", "ph":"B", "ts":"1581040967", "pid":"1", "tid":"mom"},
{"name":"ModelSetRunClock", "ph":"E", "ts":"1581041020", "pid":"1", "tid":"mom"},
{"name":"ModelAdvance", "ph":"B", "ts":"1581041172", "pid":"1", "tid":"mom"},
{"name":"ModelAdvance", "ph":"E", "ts":"1588744680", "pid":"1", "tid":"mom"},
{"name":"ModelSetRunClock", "ph":"B", "ts":"1591942288", "pid":"1", "tid":"mom"},
{"name":"ModelSetRunClock", "ph":"E", "ts":"1591942370", "pid":"1", "tid":"mom"},
{"name":"ModelAdvance", "ph":"B", "ts":"1591942573", "pid":"1", "tid":"mom"},
{"name":"ModelAdvance", "ph":"E", "ts":"1598148434", "pid":"1", "tid":"mom"},
{"name":"ModelSetRunClock", "ph":"B", "ts":"1601929370", "pid":"1", "tid":"mom"},
{"name":"ModelSetRunClock", "ph":"E", "ts":"1601929417", "pid":"1", "tid":"mom"},
{"name":"ModelAdvance", "ph":"B", "ts":"1601929577", "pid":"1", "tid":"mom"},
{"name":"ModelAdvance", "ph":"E", "ts":"1612903257", "pid":"1", "tid":"mom"},
{"name":"ModelSetRunClock", "ph":"B", "ts":"1612918937", "pid":"1", "tid":"mom"},
{"name":"ModelSetRunClock", "ph":"E", "ts":"1612918990", "pid":"1", "tid":"mom"},
{"name":"ModelAdvance", "ph":"B", "ts":"1612919148", "pid":"1", "tid":"mom"},
{"name":"ModelAdvance", "ph":"E", "ts":"1619013508", "pid":"1", "tid":"mom"},
{"name":"ModelSetRunClock", "ph":"B", "ts":"1621631089", "pid":"1", "tid":"mom"},
{"name":"ModelSetRunClock", "ph":"E", "ts":"1621631146", "pid":"1", "tid":"mom"},
{"name":"ModelAdvance", "ph":"B", "ts":"1621631301", "pid":"1", "tid":"mom"},
{"name":"ModelAdvance", "ph":"E", "ts":"1630716727", "pid":"1", "tid":"mom"},
{"name":"ModelSetRunClock", "ph":"B", "ts":"1633362111", "pid":"1", "tid":"mom"},
{"name":"ModelSetRunClock", "ph":"E", "ts":"1633362212", "pid":"1", "tid":"mom"},
{"name":"ModelAdvance", "ph":"B", "ts":"1633362414", "pid":"1", "tid":"mom"},
{"name":"ModelAdvance", "ph":"E", "ts":"1639432535", "pid":"1", "tid":"mom"},
{"name":"ModelSetRunClock", "ph":"B", "ts":"1641853554", "pid":"1", "tid":"mom"},
{"name":"ModelSetRunClock", "ph":"E", "ts":"1641853610", "pid":"1", "tid":"mom"},
{"name":"ModelAdvance", "ph":"B", "ts":"1641853764", "pid":"1", "tid":"mom"},
{"name":"ModelAdvance", "ph":"E", "ts":"1649370537", "pid":"1", "tid":"mom"},
{"name":"ModelSetRunClock", "ph":"B", "ts":"1652872830", "pid":"1", "tid":"mom"},
{"name":"ModelSetRunClock", "ph":"E", "ts":"1652873001", "pid":"1", "tid":"mom"},
{"name":"ModelAdvance", "ph":"B", "ts":"1652873178", "pid":"1", "tid":"mom"},
{"name":"ModelAdvance", "ph":"E", "ts":"1659005387", "pid":"1", "tid":"mom"},
{"name":"ModelSetRunClock", "ph":"B", "ts":"1661705279", "pid":"1", "tid":"mom"},
{"name":"ModelSetRunClock", "ph":"E", "ts":"1661705328", "pid":"1", "tid":"mom"},
{"name":"ModelAdvance", "ph":"B", "ts":"1661705487", "pid":"1", "tid":"mom"},
{"name":"ModelAdvance", "ph":"E", "ts":"1669039256", "pid":"1", "tid":"mom"},
{"name":"ModelSetRunClock", "ph":"B", "ts":"1672768713", "pid":"1", "tid":"mom"},
{"name":"ModelSetRunClock", "ph":"E", "ts":"1672768813", "pid":"1", "tid":"mom"},
{"name":"ModelAdvance", "ph":"B", "ts":"1672768991", "pid":"1", "tid":"mom"},
{"name":"ModelAdvance", "ph":"E", "ts":"1678788177", "pid":"1", "tid":"mom"},
{"name":"ModelSetRunClock", "ph":"B", "ts":"1681894372", "pid":"1", "tid":"mom"},
{"name":"ModelSetRunClock", "ph":"E", "ts":"1681894426", "pid":"1", "tid":"mom"},
{"name":"ModelAdvance", "ph":"B", "ts":"1681894587", "pid":"1", "tid":"mom"},
{"name":"ModelAdvance", "ph":"E", "ts":"1689333166", "pid":"1", "tid":"mom"},
{"name":"ModelSetRunClock", "ph":"B", "ts":"1692873261", "pid":"1", "tid":"mom"},
{"name":"ModelSetRunClock", "ph":"E", "ts":"1692873341", "pid":"1", "tid":"mom"},
{"name":"ModelAdvance", "ph":"B", "ts":"1692873523", "pid":"1", "tid":"mom"},
{"name":"ModelAdvance", "ph":"E", "ts":"1698923332", "pid":"1", "tid":"mom"},
{"name":"ModelSetRunClock", "ph":"B", "ts":"1702219864", "pid":"1", "tid":"mom"},
{"name":"ModelSetRunClock", "ph":"E", "ts":"1702219923", "pid":"1", "tid":"mom"},
{"name":"ModelAdvance", "ph":"B", "ts":"1702220084", "pid":"1", "tid":"mom"},
{"name":"ModelAdvance", "ph":"E", "ts":"1709690738", "pid":"1", "tid":"mom"},
{"name":"ModelSetRunClock", "ph":"B", "ts":"1713006130", "pid":"1", "tid":"mom"},
{"name":"ModelSetRunClock", "ph":"E", "ts":"1713006213", "pid":"1", "tid":"mom"},
{"name":"ModelAdvance", "ph":"B", "ts":"1713006408", "pid":"1", "tid":"mom"},
{"name":"ModelAdvance", "ph":"E", "ts":"1719112538", "pid":"1", "tid":"mom"},
{"name":"ModelSetRunClock", "ph":"B", "ts":"1722934960", "pid":"1", "tid":"mom"},
{"name":"ModelSetRunClock", "ph":"E", "ts":"1722935004", "pid":"1", "tid":"mom"},
{"name":"ModelAdvance", "ph":"B", "ts":"1722935159", "pid":"1", "tid":"mom"},
{"name":"ModelAdvance", "ph":"E", "ts":"1742466612", "pid":"1", "tid":"mom"},
{"name":"ModelSetRunClock", "ph":"B", "ts":"1742486580", "pid":"1", "tid":"mom"},
{"name":"ModelSetRunClock", "ph":"E", "ts":"1742486642", "pid":"1", "tid":"mom"},
{"name":"ModelAdvance", "ph":"B", "ts":"1742486801", "pid":"1", "tid":"mom"},
{"name":"ModelAdvance", "ph":"E", "ts":"1748505038", "pid":"1", "tid":"mom"},
{"name":"ModelSetRunClock", "ph":"B", "ts":"1751696996", "pid":"1", "tid":"mom"},
{"name":"ModelSetRunClock", "ph":"E", "ts":"1751697050", "pid":"1", "tid":"mom"},
{"name":"ModelAdvance", "ph":"B", "ts":"1751697212", "pid":"1", "tid":"mom"},
{"name":"ModelAdvance", "ph":"E", "ts":"1759435949", "pid":"1", "tid":"mom"},
{"name":"ModelSetRunClock", "ph":"B", "ts":"1763131890", "pid":"1", "tid":"mom"},
{"name":"ModelSetRunClock", "ph":"E", "ts":"1763131961", "pid":"1", "tid":"mom"},
{"name":"ModelAdvance", "ph":"B", "ts":"1763132127", "pid":"1", "tid":"mom"},
{"name":"ModelAdvance", "ph":"E", "ts":"1769180224", "pid":"1", "tid":"mom"},
{"name":"ModelSetRunClock", "ph":"B", "ts":"1771971993", "pid":"1", "tid":"mom"},
{"name":"ModelSetRunClock", "ph":"E", "ts":"1771972051", "pid":"1", "tid":"mom"},
{"name":"ModelAdvance", "ph":"B", "ts":"1771972206", "pid":"1", "tid":"mom"},
{"name":"ModelAdvance", "ph":"E", "ts":"1779390890", "pid":"1", "tid":"mom"},
{"name":"ModelSetRunClock", "ph":"B", "ts":"1782868315", "pid":"1", "tid":"mom"},
{"name":"ModelSetRunClock", "ph":"E", "ts":"1782868379", "pid":"1", "tid":"mom"},
{"name":"ModelAdvance", "ph":"B", "ts":"1782868537", "pid":"1", "tid":"mom"},
{"name":"ModelAdvance", "ph":"E", "ts":"1788999848", "pid":"1", "tid":"mom"},
{"name":"ModelSetRunClock", "ph":"B", "ts":"1791557600", "pid":"1", "tid":"mom"},
{"name":"ModelSetRunClock", "ph":"E", "ts":"1791557653", "pid":"1", "tid":"mom"},
{"name":"ModelAdvance", "ph":"B", "ts":"1791557811", "pid":"1", "tid":"mom"},
{"name":"ModelAdvance", "ph":"E", "ts":"1798901143", "pid":"1", "tid":"mom"},
{"name":"ModelSetRunClock", "ph":"B", "ts":"1802648042", "pid":"1", "tid":"mom"},
{"name":"ModelSetRunClock", "ph":"E", "ts":"1802648112", "pid":"1", "tid":"mom"},
{"name":"ModelAdvance", "ph":"B", "ts":"1802648276", "pid":"1", "tid":"mom"},
{"name":"ModelAdvance", "ph":"E", "ts":"1808691249", "pid":"1", "tid":"mom"},
{"name":"ModelSetRunClock", "ph":"B", "ts":"1811369436", "pid":"1", "tid":"mom"},
{"name":"ModelSetRunClock", "ph":"E", "ts":"1811369492", "pid":"1", "tid":"mom"},
{"name":"ModelAdvance", "ph":"B", "ts":"1811369647", "pid":"1", "tid":"mom"},
{"name":"ModelAdvance", "ph":"E", "ts":"1818979264", "pid":"1", "tid":"mom"},
{"name":"ModelSetRunClock", "ph":"B", "ts":"1822679218", "pid":"1", "tid":"mom"},
{"name":"ModelSetRunClock", "ph":"E", "ts":"1822679327", "pid":"1", "tid":"mom"},
{"name":"ModelAdvance", "ph":"B", "ts":"1822679570", "pid":"1", "tid":"mom"},
{"name":"ModelAdvance", "ph":"E", "ts":"1828744197", "pid":"1", "tid":"mom"},
{"name":"ModelSetRunClock", "ph":"B", "ts":"1831481542", "pid":"1", "tid":"mom"},
{"name":"ModelSetRunClock", "ph":"E", "ts":"1831481595", "pid":"1", "tid":"mom"},
{"name":"ModelAdvance", "ph":"B", "ts":"1831481753", "pid":"1", "tid":"mom"},
{"name":"ModelAdvance", "ph":"E", "ts":"1846995187", "pid":"1", "tid":"mom"},
{"name":"ModelSetRunClock", "ph":"B", "ts":"1849509488", "pid":"1", "tid":"mom"},
{"name":"ModelSetRunClock", "ph":"E", "ts":"1849509574", "pid":"1", "tid":"mom"},
{"name":"ModelAdvance", "ph":"B", "ts":"1849509762", "pid":"1", "tid":"mom"},
{"name":"ModelAdvance", "ph":"E", "ts":"1855645369", "pid":"1", "tid":"mom"},
{"name":"ModelSetRunClock", "ph":"B", "ts":"1863994382", "pid":"1", "tid":"mom"},
{"name":"ModelSetRunClock", "ph":"E", "ts":"1863994450", "pid":"1", "tid":"mom"},
{"name":"ModelAdvance", "ph":"B", "ts":"1863994612", "pid":"1", "tid":"mom"},
{"name":"ModelAdvance", "ph":"E", "ts":"1881789612", "pid":"1", "tid":"mom"},
{"name":"ModelSetRunClock", "ph":"B", "ts":"1886022108", "pid":"1", "tid":"mom"},
{"name":"ModelSetRunClock", "ph":"E", "ts":"1886022205", "pid":"1", "tid":"mom"},
{"name":"ModelAdvance", "ph":"B", "ts":"1886022420", "pid":"1", "tid":"mom"},
{"name":"ModelAdvance", "ph":"E", "ts":"1892099544", "pid":"1", "tid":"mom"},
{"name":"ModelSetRunClock", "ph":"B", "ts":"1894919843", "pid":"1", "tid":"mom"},
{"name":"ModelSetRunClock", "ph":"E", "ts":"1894919899", "pid":"1", "tid":"mom"},
{"name":"ModelAdvance", "ph":"B", "ts":"1894920056", "pid":"1", "tid":"mom"},
{"name":"ModelAdvance", "ph":"E", "ts":"1905380305", "pid":"1", "tid":"mom"},
{"name":"ModelSetRunClock", "ph":"B", "ts":"1907946088", "pid":"1", "tid":"mom"},
{"name":"ModelSetRunClock", "ph":"E", "ts":"1907946180", "pid":"1", "tid":"mom"},
{"name":"ModelAdvance", "ph":"B", "ts":"1907946404", "pid":"1", "tid":"mom"},
{"name":"ModelAdvance", "ph":"E", "ts":"1914028819", "pid":"1", "tid":"mom"},
{"name":"ModelSetRunClock", "ph":"B", "ts":"1916672146", "pid":"1", "tid":"mom"},
{"name":"ModelSetRunClock", "ph":"E", "ts":"1916672316", "pid":"1", "tid":"mom"},
{"name":"ModelAdvance", "ph":"B", "ts":"1916672477", "pid":"1", "tid":"mom"},
{"name":"ModelAdvance", "ph":"E", "ts":"1929064294", "pid":"1", "tid":"mom"},
{"name":"ModelSetRunClock", "ph":"B", "ts":"1931707740", "pid":"1", "tid":"mom"},
{"name":"ModelSetRunClock", "ph":"E", "ts":"1931707837", "pid":"1", "tid":"mom"},
{"name":"ModelAdvance", "ph":"B", "ts":"1931708033", "pid":"1", "tid":"mom"},
{"name":"ModelAdvance", "ph":"E", "ts":"1937897158", "pid":"1", "tid":"mom"},
{"name":"ModelSetRunClock", "ph":"B", "ts":"1940520540", "pid":"1", "tid":"mom"},
{"name":"ModelSetRunClock", "ph":"E", "ts":"1940520591", "pid":"1", "tid":"mom"},
{"name":"ModelAdvance", "ph":"B", "ts":"1940520745", "pid":"1", "tid":"mom"},
{"name":"ModelAdvance", "ph":"E", "ts":"1947997931", "pid":"1", "tid":"mom"},
{"name":"ModelSetRunClock", "ph":"B", "ts":"1951260766", "pid":"1", "tid":"mom"},
{"name":"ModelSetRunClock", "ph":"E", "ts":"1951260948", "pid":"1", "tid":"mom"},
{"name":"ModelAdvance", "ph":"B", "ts":"1951261112", "pid":"1", "tid":"mom"},
{"name":"ModelAdvance", "ph":"E", "ts":"1957357160", "pid":"1", "tid":"mom"},
{"name":"ModelSetRunClock", "ph":"B", "ts":"1960089938", "pid":"1", "tid":"mom"},
{"name":"ModelSetRunClock", "ph":"E", "ts":"1960089989", "pid":"1", "tid":"mom"},
{"name":"ModelAdvance", "ph":"B", "ts":"1960090144", "pid":"1", "tid":"mom"},
{"name":"ModelAdvance", "ph":"E", "ts":"1976686841", "pid":"1", "tid":"mom"},
{"name":"ModelSetRunClock", "ph":"B", "ts":"1979235368", "pid":"1", "tid":"mom"},
{"name":"ModelSetRunClock", "ph":"E", "ts":"1979235443", "pid":"1", "tid":"mom"},
{"name":"ModelAdvance", "ph":"B", "ts":"1979235626", "pid":"1", "tid":"mom"},
{"name":"ModelAdvance", "ph":"E", "ts":"1985290868", "pid":"1", "tid":"mom"},
{"name":"ModelSetRunClock", "ph":"B", "ts":"1988070586", "pid":"1", "tid":"mom"},
{"name":"ModelSetRunClock", "ph":"E", "ts":"1988070640", "pid":"1", "tid":"mom"},
{"name":"ModelAdvance", "ph":"B", "ts":"1988070793", "pid":"1", "tid":"mom"},
{"name":"ModelAdvance", "ph":"E", "ts":"1998914346", "pid":"1", "tid":"mom"},
{"name":"ModelSetRunClock", "ph":"B", "ts":"2001374493", "pid":"1", "tid":"mom"},
{"name":"ModelSetRunClock", "ph":"E", "ts":"2001374568", "pid":"1", "tid":"mom"},
{"name":"ModelAdvance", "ph":"B", "ts":"2001374742", "pid":"1", "tid":"mom"},
{"name":"ModelAdvance", "ph":"E", "ts":"2007519277", "pid":"1", "tid":"mom"},
{"name":"ModelSetRunClock", "ph":"B", "ts":"2011499910", "pid":"1", "tid":"mom"},
{"name":"ModelSetRunClock", "ph":"E", "ts":"2011499958", "pid":"1", "tid":"mom"},
{"name":"ModelAdvance", "ph":"B", "ts":"2011500114", "pid":"1", "tid":"mom"},
{"name":"ModelAdvance", "ph":"E", "ts":"2028818369", "pid":"1", "tid":"mom"},
{"name":"ModelSetRunClock", "ph":"B", "ts":"2028843309", "pid":"1", "tid":"mom"},
{"name":"ModelSetRunClock", "ph":"E", "ts":"2028843421", "pid":"1", "tid":"mom"},
{"name":"ModelAdvance", "ph":"B", "ts":"2028843644", "pid":"1", "tid":"mom"},
{"name":"ModelAdvance", "ph":"E", "ts":"2034922796", "pid":"1", "tid":"mom"},
{"name":"ModelSetRunClock", "ph":"B", "ts":"2037744227", "pid":"1", "tid":"mom"},
{"name":"ModelSetRunClock", "ph":"E", "ts":"2037744290", "pid":"1", "tid":"mom"},
{"name":"ModelAdvance", "ph":"B", "ts":"2037744449", "pid":"1", "tid":"mom"},
{"name":"ModelAdvance", "ph":"E", "ts":"2045972725", "pid":"1", "tid":"mom"},
{"name":"ModelSetRunClock", "ph":"B", "ts":"2049529780", "pid":"1", "tid":"mom"},
{"name":"ModelSetRunClock", "ph":"E", "ts":"2049529883", "pid":"1", "tid":"mom"},
{"name":"ModelAdvance", "ph":"B", "ts":"2049530125", "pid":"1", "tid":"mom"},
{"name":"ModelAdvance", "ph":"E", "ts":"2055621119", "pid":"1", "tid":"mom"},
{"name":"ModelSetRunClock", "ph":"B", "ts":"2058533303", "pid":"1", "tid":"mom"},
{"name":"ModelSetRunClock", "ph":"E", "ts":"2058533364", "pid":"1", "tid":"mom"},
{"name":"ModelAdvance", "ph":"B", "ts":"2058533519", "pid":"1", "tid":"mom"},
{"name":"ModelAdvance", "ph":"E", "ts":"2065925991", "pid":"1", "tid":"mom"},
{"name":"ModelSetRunClock", "ph":"B", "ts":"2069624931", "pid":"1", "tid":"mom"},
{"name":"ModelSetRunClock", "ph":"E", "ts":"2069625008", "pid":"1", "tid":"mom"},
{"name":"ModelAdvance", "ph":"B", "ts":"2069625195", "pid":"1", "tid":"mom"},
{"name":"ModelAdvance", "ph":"E", "ts":"2075828540", "pid":"1", "tid":"mom"},
{"name":"ModelSetRunClock", "ph":"B", "ts":"2078717783", "pid":"1", "tid":"mom"},
{"name":"ModelSetRunClock", "ph":"E", "ts":"2078717832", "pid":"1", "tid":"mom"},
{"name":"ModelAdvance", "ph":"B", "ts":"2078717995", "pid":"1", "tid":"mom"},
{"name":"ModelAdvance", "ph":"E", "ts":"2086189418", "pid":"1", "tid":"mom"},
{"name":"ModelSetRunClock", "ph":"B", "ts":"2089681501", "pid":"1", "tid":"mom"},
{"name":"ModelSetRunClock", "ph":"E", "ts":"2089681572", "pid":"1", "tid":"mom"},
{"name":"ModelAdvance", "ph":"B", "ts":"2089681849", "pid":"1", "tid":"mom"},
{"name":"ModelAdvance", "ph":"E", "ts":"2095809411", "pid":"1", "tid":"mom"},
{"name":"ModelSetRunClock", "ph":"B", "ts":"2098768436", "pid":"1", "tid":"mom"},
{"name":"ModelSetRunClock", "ph":"E", "ts":"2098768495", "pid":"1", "tid":"mom"},
{"name":"ModelAdvance", "ph":"B", "ts":"2098768650", "pid":"1", "tid":"mom"},
{"name":"ModelAdvance", "ph":"E", "ts":"2106293086", "pid":"1", "tid":"mom"},
{"name":"ModelSetRunClock", "ph":"B", "ts":"2109856026", "pid":"1", "tid":"mom"},
{"name":"ModelSetRunClock", "ph":"E", "ts":"2109856097", "pid":"1", "tid":"mom"},
{"name":"ModelAdvance", "ph":"B", "ts":"2109856274", "pid":"1", "tid":"mom"},
{"name":"ModelAdvance", "ph":"E", "ts":"2115942682", "pid":"1", "tid":"mom"},
{"name":"ModelSetRunClock", "ph":"B", "ts":"2118888910", "pid":"1", "tid":"mom"},
{"name":"ModelSetRunClock", "ph":"E", "ts":"2118888973", "pid":"1", "tid":"mom"},
{"name":"ModelAdvance", "ph":"B", "ts":"2118889130", "pid":"1", "tid":"mom"},
{"name":"ModelAdvance", "ph":"E", "ts":"2126804920", "pid":"1", "tid":"mom"},
{"name":"ModelSetRunClock", "ph":"B", "ts":"2130583459", "pid":"1", "tid":"mom"},
{"name":"ModelSetRunClock", "ph":"E", "ts":"2130583540", "pid":"1", "tid":"mom"},
{"name":"ModelAdvance", "ph":"B", "ts":"2130583743", "pid":"1", "tid":"mom"},
{"name":"ModelAdvance", "ph":"E", "ts":"2136725949", "pid":"1", "tid":"mom"},
{"name":"ModelSetRunClock", "ph":"B", "ts":"2140810580", "pid":"1", "tid":"mom"},
{"name":"ModelSetRunClock", "ph":"E", "ts":"2140810628", "pid":"1", "tid":"mom"},
{"name":"ModelAdvance", "ph":"B", "ts":"2140810783", "pid":"1", "tid":"mom"},
{"name":"ModelAdvance", "ph":"E", "ts":"2152821685", "pid":"1", "tid":"mom"},
{"name":"ModelSetRunClock", "ph":"B", "ts":"2152836101", "pid":"1", "tid":"mom"},
{"name":"ModelSetRunClock", "ph":"E", "ts":"2152836184", "pid":"1", "tid":"mom"},
{"name":"ModelAdvance", "ph":"B", "ts":"2152836446", "pid":"1", "tid":"mom"},
{"name":"ModelAdvance", "ph":"E", "ts":"2158911590", "pid":"1", "tid":"mom"},
{"name":"ModelSetRunClock", "ph":"B", "ts":"2161834808", "pid":"1", "tid":"mom"},
{"name":"ModelSetRunClock", "ph":"E", "ts":"2161834864", "pid":"1", "tid":"mom"},
{"name":"ModelAdvance", "ph":"B", "ts":"2161835023", "pid":"1", "tid":"mom"},
{"name":"ModelAdvance", "ph":"E", "ts":"2171958422", "pid":"1", "tid":"mom"},
{"name":"ModelSetRunClock", "ph":"B", "ts":"2174541479", "pid":"1", "tid":"mom"},
{"name":"ModelSetRunClock", "ph":"E", "ts":"2174541583", "pid":"1", "tid":"mom"},
{"name":"ModelAdvance", "ph":"B", "ts":"2174541788", "pid":"1", "tid":"mom"},
{"name":"ModelAdvance", "ph":"E", "ts":"2180624731", "pid":"1", "tid":"mom"},
{"name":"ModelSetRunClock", "ph":"B", "ts":"2183531683", "pid":"1", "tid":"mom"},
{"name":"ModelSetRunClock", "ph":"E", "ts":"2183531745", "pid":"1", "tid":"mom"},
{"name":"ModelAdvance", "ph":"B", "ts":"2183531922", "pid":"1", "tid":"mom"},
{"name":"ModelAdvance", "ph":"E", "ts":"2191034155", "pid":"1", "tid":"mom"},
{"name":"ModelSetRunClock", "ph":"B", "ts":"2194521392", "pid":"1", "tid":"mom"},
{"name":"ModelSetRunClock", "ph":"E", "ts":"2194521544", "pid":"1", "tid":"mom"},
{"name":"ModelAdvance", "ph":"B", "ts":"2194521708", "pid":"1", "tid":"mom"},
{"name":"ModelAdvance", "ph":"E", "ts":"2200703258", "pid":"1", "tid":"mom"},
{"name":"ModelSetRunClock", "ph":"B", "ts":"2203626628", "pid":"1", "tid":"mom"},
{"name":"ModelSetRunClock", "ph":"E", "ts":"2203626676", "pid":"1", "tid":"mom"},
{"name":"ModelAdvance", "ph":"B", "ts":"2203626832", "pid":"1", "tid":"mom"},
{"name":"ModelAdvance", "ph":"E", "ts":"2211029159", "pid":"1", "tid":"mom"},
{"name":"ModelSetRunClock", "ph":"B", "ts":"2214632830", "pid":"1", "tid":"mom"},
{"name":"ModelSetRunClock", "ph":"E", "ts":"2214632911", "pid":"1", "tid":"mom"},
{"name":"ModelAdvance", "ph":"B", "ts":"2214633087", "pid":"1", "tid":"mom"},
{"name":"ModelAdvance", "ph":"E", "ts":"2220730228", "pid":"1", "tid":"mom"},
{"name":"ModelSetRunClock", "ph":"B", "ts":"2223753137", "pid":"1", "tid":"mom"},
{"name":"ModelSetRunClock", "ph":"E", "ts":"2223753276", "pid":"1", "tid":"mom"},
{"name":"ModelAdvance", "ph":"B", "ts":"2223753465", "pid":"1", "tid":"mom"},
{"name":"ModelAdvance", "ph":"E", "ts":"2232272098", "pid":"1", "tid":"mom"},
{"name":"ModelSetRunClock", "ph":"B", "ts":"2235034977", "pid":"1", "tid":"mom"},
{"name":"ModelSetRunClock", "ph":"E", "ts":"2235035052", "pid":"1", "tid":"mom"},
{"name":"ModelAdvance", "ph":"B", "ts":"2235035226", "pid":"1", "tid":"mom"},
{"name":"ModelAdvance", "ph":"E", "ts":"2241127435", "pid":"1", "tid":"mom"},
{"name":"ModelSetRunClock", "ph":"B", "ts":"2244206739", "pid":"1", "tid":"mom"},
{"name":"ModelSetRunClock", "ph":"E", "ts":"2244206798", "pid":"1", "tid":"mom"},
{"name":"ModelAdvance", "ph":"B", "ts":"2244206953", "pid":"1", "tid":"mom"},
{"name":"ModelAdvance", "ph":"E", "ts":"2251637886", "pid":"1", "tid":"mom"},
{"name":"ModelSetRunClock", "ph":"B", "ts":"2255094897", "pid":"1", "tid":"mom"},
{"name":"ModelSetRunClock", "ph":"E", "ts":"2255095109", "pid":"1", "tid":"mom"},
{"name":"ModelAdvance", "ph":"B", "ts":"2255095304", "pid":"1", "tid":"mom"},
{"name":"ModelAdvance", "ph":"E", "ts":"2281886724", "pid":"1", "tid":"mom"},
{"name":"ModelSetRunClock", "ph":"B", "ts":"2293893941", "pid":"1", "tid":"mom"},
{"name":"ModelSetRunClock", "ph":"E", "ts":"2293894175", "pid":"1", "tid":"mom"},
{"name":"ModelAdvance", "ph":"B", "ts":"2293894357", "pid":"1", "tid":"mom"},
{"name":"ModelAdvance", "ph":"E", "ts":"2303937492", "pid":"1", "tid":"mom"},
{"name":"ModelSetRunClock", "ph":"B", "ts":"2303959876", "pid":"1", "tid":"mom"},
{"name":"ModelSetRunClock", "ph":"E", "ts":"2303959956", "pid":"1", "tid":"mom"},
{"name":"ModelAdvance", "ph":"B", "ts":"2303960167", "pid":"1", "tid":"mom"},
{"name":"ModelAdvance", "ph":"E", "ts":"2310030652", "pid":"1", "tid":"mom"},
{"name":"ModelSetRunClock", "ph":"B", "ts":"2313248240", "pid":"1", "tid":"mom"},
{"name":"ModelSetRunClock", "ph":"E", "ts":"2313248295", "pid":"1", "tid":"mom"},
{"name":"ModelAdvance", "ph":"B", "ts":"2313248456", "pid":"1", "tid":"mom"},
{"name":"ModelAdvance", "ph":"E", "ts":"2320743621", "pid":"1", "tid":"mom"},
{"name":"ModelSetRunClock", "ph":"B", "ts":"2324097003", "pid":"1", "tid":"mom"},
{"name":"ModelSetRunClock", "ph":"E", "ts":"2324097063", "pid":"1", "tid":"mom"},
{"name":"ModelAdvance", "ph":"B", "ts":"2324097222", "pid":"1", "tid":"mom"},
{"name":"ModelAdvance", "ph":"E", "ts":"2330181070", "pid":"1", "tid":"mom"},
{"name":"ModelSetRunClock", "ph":"B", "ts":"2333289154", "pid":"1", "tid":"mom"},
{"name":"ModelSetRunClock", "ph":"E", "ts":"2333289210", "pid":"1", "tid":"mom"},
{"name":"ModelAdvance", "ph":"B", "ts":"2333289368", "pid":"1", "tid":"mom"},
{"name":"ModelAdvance", "ph":"E", "ts":"2340710804", "pid":"1", "tid":"mom"},
{"name":"ModelSetRunClock", "ph":"B", "ts":"2344217467", "pid":"1", "tid":"mom"},
{"name":"ModelSetRunClock", "ph":"E", "ts":"2344217533", "pid":"1", "tid":"mom"},
{"name":"ModelAdvance", "ph":"B", "ts":"2344217691", "pid":"1", "tid":"mom"},
{"name":"ModelAdvance", "ph":"E", "ts":"2350340134", "pid":"1", "tid":"mom"},
{"name":"ModelSetRunClock", "ph":"B", "ts":"2353358653", "pid":"1", "tid":"mom"},
{"name":"ModelSetRunClock", "ph":"E", "ts":"2353358718", "pid":"1", "tid":"mom"},
{"name":"ModelAdvance", "ph":"B", "ts":"2353358881", "pid":"1", "tid":"mom"},
{"name":"ModelAdvance", "ph":"E", "ts":"2360907336", "pid":"1", "tid":"mom"},
{"name":"ModelSetRunClock", "ph":"B", "ts":"2364550377", "pid":"1", "tid":"mom"},
{"name":"ModelSetRunClock", "ph":"E", "ts":"2364550439", "pid":"1", "tid":"mom"},
{"name":"ModelAdvance", "ph":"B", "ts":"2364550602", "pid":"1", "tid":"mom"},
{"name":"ModelAdvance", "ph":"E", "ts":"2370602237", "pid":"1", "tid":"mom"},
{"name":"ModelSetRunClock", "ph":"B", "ts":"2373576719", "pid":"1", "tid":"mom"},
{"name":"ModelSetRunClock", "ph":"E", "ts":"2373576774", "pid":"1", "tid":"mom"},
{"name":"ModelAdvance", "ph":"B", "ts":"2373576929", "pid":"1", "tid":"mom"},
{"name":"ModelAdvance", "ph":"E", "ts":"2381110771", "pid":"1", "tid":"mom"},
{"name":"ModelSetRunClock", "ph":"B", "ts":"2384580252", "pid":"1", "tid":"mom"},
{"name":"ModelSetRunClock", "ph":"E", "ts":"2384580413", "pid":"1", "tid":"mom"},
{"name":"ModelAdvance", "ph":"B", "ts":"2384580586", "pid":"1", "tid":"mom"},
{"name":"ModelAdvance", "ph":"E", "ts":"2390635192", "pid":"1", "tid":"mom"},
{"name":"ModelSetRunClock", "ph":"B", "ts":"2393394226", "pid":"1", "tid":"mom"},
{"name":"ModelSetRunClock", "ph":"E", "ts":"2393394288", "pid":"1", "tid":"mom"},
{"name":"ModelAdvance", "ph":"B", "ts":"2393394453", "pid":"1", "tid":"mom"},
{"name":"ModelAdvance", "ph":"E", "ts":"2401091023", "pid":"1", "tid":"mom"},
{"name":"ModelSetRunClock", "ph":"B", "ts":"2404617551", "pid":"1", "tid":"mom"},
{"name":"ModelSetRunClock", "ph":"E", "ts":"2404617623", "pid":"1", "tid":"mom"},
{"name":"ModelAdvance", "ph":"B", "ts":"2404617795", "pid":"1", "tid":"mom"},
{"name":"ModelAdvance", "ph":"E", "ts":"2410746246", "pid":"1", "tid":"mom"},
{"name":"ModelSetRunClock", "ph":"B", "ts":"2414872858", "pid":"1", "tid":"mom"},
{"name":"ModelSetRunClock", "ph":"E", "ts":"2414872911", "pid":"1", "tid":"mom"},
{"name":"ModelAdvance", "ph":"B", "ts":"2414873066", "pid":"1", "tid":"mom"},
{"name":"ModelAdvance", "ph":"E", "ts":"2424981595", "pid":"1", "tid":"mom"},
{"name":"ModelSetRunClock", "ph":"B", "ts":"2425001167", "pid":"1", "tid":"mom"},
{"name":"ModelSetRunClock", "ph":"E", "ts":"2425001232", "pid":"1", "tid":"mom"},
{"name":"ModelAdvance", "ph":"B", "ts":"2425001405", "pid":"1", "tid":"mom"},
{"name":"ModelAdvance", "ph":"E", "ts":"2431069151", "pid":"1", "tid":"mom"},
{"name":"ModelSetRunClock", "ph":"B", "ts":"2433478325", "pid":"1", "tid":"mom"},
{"name":"ModelSetRunClock", "ph":"E", "ts":"2433478394", "pid":"1", "tid":"mom"},
{"name":"ModelAdvance", "ph":"B", "ts":"2433478558", "pid":"1", "tid":"mom"},
{"name":"ModelAdvance", "ph":"E", "ts":"2440878845", "pid":"1", "tid":"mom"},
{"name":"ModelSetRunClock", "ph":"B", "ts":"2444082413", "pid":"1", "tid":"mom"},
{"name":"ModelSetRunClock", "ph":"E", "ts":"2444082508", "pid":"1", "tid":"mom"},
{"name":"ModelAdvance", "ph":"B", "ts":"2444082786", "pid":"1", "tid":"mom"},
{"name":"ModelAdvance", "ph":"E", "ts":"2450126557", "pid":"1", "tid":"mom"},
{"name":"ModelSetRunClock", "ph":"B", "ts":"2452448412", "pid":"1", "tid":"mom"},
{"name":"ModelSetRunClock", "ph":"E", "ts":"2452448472", "pid":"1", "tid":"mom"},
{"name":"ModelAdvance", "ph":"B", "ts":"2452448633", "pid":"1", "tid":"mom"},
{"name":"ModelAdvance", "ph":"E", "ts":"2460363968", "pid":"1", "tid":"mom"},
{"name":"ModelSetRunClock", "ph":"B", "ts":"2463968546", "pid":"1", "tid":"mom"},
{"name":"ModelSetRunClock", "ph":"E", "ts":"2463968620", "pid":"1", "tid":"mom"},
{"name":"ModelAdvance", "ph":"B", "ts":"2463968785", "pid":"1", "tid":"mom"},
{"name":"ModelAdvance", "ph":"E", "ts":"2470108301", "pid":"1", "tid":"mom"},
{"name":"ModelSetRunClock", "ph":"B", "ts":"2472223558", "pid":"1", "tid":"mom"},
{"name":"ModelSetRunClock", "ph":"E", "ts":"2472223620", "pid":"1", "tid":"mom"},
{"name":"ModelAdvance", "ph":"B", "ts":"2472223796", "pid":"1", "tid":"mom"},
{"name":"ModelAdvance", "ph":"E", "ts":"2479847726", "pid":"1", "tid":"mom"},
{"name":"ModelSetRunClock", "ph":"B", "ts":"2482990482", "pid":"1", "tid":"mom"},
{"name":"ModelSetRunClock", "ph":"E", "ts":"2482990582", "pid":"1", "tid":"mom"},
{"name":"ModelAdvance", "ph":"B", "ts":"2482990780", "pid":"1", "tid":"mom"},
{"name":"ModelAdvance", "ph":"E", "ts":"2489096839", "pid":"1", "tid":"mom"},
{"name":"ModelSetRunClock", "ph":"B", "ts":"2491378840", "pid":"1", "tid":"mom"},
{"name":"ModelSetRunClock", "ph":"E", "ts":"2491378901", "pid":"1", "tid":"mom"},
{"name":"ModelAdvance", "ph":"B", "ts":"2491379055", "pid":"1", "tid":"mom"},
{"name":"ModelAdvance", "ph":"E", "ts":"2498847668", "pid":"1", "tid":"mom"},
{"name":"ModelSetRunClock", "ph":"B", "ts":"2501973643", "pid":"1", "tid":"mom"},
{"name":"ModelSetRunClock", "ph":"E", "ts":"2501973729", "pid":"1", "tid":"mom"},
{"name":"ModelAdvance", "ph":"B", "ts":"2501973908", "pid":"1", "tid":"mom"},
{"name":"ModelAdvance", "ph":"E", "ts":"2508103112", "pid":"1", "tid":"mom"},
{"name":"ModelSetRunClock", "ph":"B", "ts":"2510555544", "pid":"1", "tid":"mom"},
{"name":"ModelSetRunClock", "ph":"E", "ts":"2510555604", "pid":"1", "tid":"mom"},
{"name":"ModelAdvance", "ph":"B", "ts":"2510555771", "pid":"1", "tid":"mom"},
{"name":"ModelAdvance", "ph":"E", "ts":"2519170195", "pid":"1", "tid":"mom"},
{"name":"ModelSetRunClock", "ph":"B", "ts":"2522253595", "pid":"1", "tid":"mom"},
{"name":"ModelSetRunClock", "ph":"E", "ts":"2522253696", "pid":"1", "tid":"mom"},
{"name":"ModelAdvance", "ph":"B", "ts":"2522253900", "pid":"1", "tid":"mom"},
{"name":"ModelAdvance", "ph":"E", "ts":"2528469537", "pid":"1", "tid":"mom"},
{"name":"ModelSetRunClock", "ph":"B", "ts":"2532806183", "pid":"1", "tid":"mom"},
{"name":"ModelSetRunClock", "ph":"E", "ts":"2532806340", "pid":"1", "tid":"mom"},
{"name":"ModelAdvance", "ph":"B", "ts":"2532806496", "pid":"1", "tid":"mom"},
{"name":"ModelAdvance", "ph":"E", "ts":"2542832193", "pid":"1", "tid":"mom"},
{"name":"ModelSetRunClock", "ph":"B", "ts":"2542852322", "pid":"1", "tid":"mom"},
{"name":"ModelSetRunClock", "ph":"E", "ts":"2542852418", "pid":"1", "tid":"mom"},
{"name":"ModelAdvance", "ph":"B", "ts":"2542852649", "pid":"1", "tid":"mom"},
{"name":"ModelAdvance", "ph":"E", "ts":"2548975225", "pid":"1", "tid":"mom"},
{"name":"ModelSetRunClock", "ph":"B", "ts":"2551648338", "pid":"1", "tid":"mom"},
{"name":"ModelSetRunClock", "ph":"E", "ts":"2551648397", "pid":"1", "tid":"mom"},
{"name":"ModelAdvance", "ph":"B", "ts":"2551648552", "pid":"1", "tid":"mom"},
{"name":"ModelAdvance", "ph":"E", "ts":"2559490548", "pid":"1", "tid":"mom"},
{"name":"ModelSetRunClock", "ph":"B", "ts":"2562934519", "pid":"1", "tid":"mom"},
{"name":"ModelSetRunClock", "ph":"E", "ts":"2562934892", "pid":"1", "tid":"mom"},
{"name":"ModelAdvance", "ph":"B", "ts":"2562935128", "pid":"1", "tid":"mom"},
{"name":"ModelAdvance", "ph":"E", "ts":"2569038226", "pid":"1", "tid":"mom"},
{"name":"ModelSetRunClock", "ph":"B", "ts":"2571921936", "pid":"1", "tid":"mom"},
{"name":"ModelSetRunClock", "ph":"E", "ts":"2571921999", "pid":"1", "tid":"mom"},
{"name":"ModelAdvance", "ph":"B", "ts":"2571922154", "pid":"1", "tid":"mom"},
{"name":"ModelAdvance", "ph":"E", "ts":"2580396755", "pid":"1", "tid":"mom"},
{"name":"ModelSetRunClock", "ph":"B", "ts":"2583347690", "pid":"1", "tid":"mom"},
{"name":"ModelSetRunClock", "ph":"E", "ts":"2583347819", "pid":"1", "tid":"mom"},
{"name":"ModelAdvance", "ph":"B", "ts":"2583348064", "pid":"1", "tid":"mom"},
{"name":"ModelAdvance", "ph":"E", "ts":"2589516778", "pid":"1", "tid":"mom"},
{"name":"ModelSetRunClock", "ph":"B", "ts":"2592404560", "pid":"1", "tid":"mom"},
{"name":"ModelSetRunClock", "ph":"E", "ts":"2592404614", "pid":"1", "tid":"mom"},
{"name":"ModelAdvance", "ph":"B", "ts":"2592404770", "pid":"1", "tid":"mom"},
{"name":"ModelAdvance", "ph":"E", "ts":"2599920982", "pid":"1", "tid":"mom"},
{"name":"ModelSetRunClock", "ph":"B", "ts":"2603511802", "pid":"1", "tid":"mom"},
{"name":"ModelSetRunClock", "ph":"E", "ts":"2603511867", "pid":"1", "tid":"mom"},
{"name":"ModelAdvance", "ph":"B", "ts":"2603512025", "pid":"1", "tid":"mom"},
{"name":"ModelAdvance", "ph":"E", "ts":"2609585063", "pid":"1", "tid":"mom"},
{"name":"ModelSetRunClock", "ph":"B", "ts":"2612406372", "pid":"1", "tid":"mom"},
{"name":"ModelSetRunClock", "ph":"E", "ts":"2612406438", "pid":"1", "tid":"mom"},
{"name":"ModelAdvance", "ph":"B", "ts":"2612406604", "pid":"1", "tid":"mom"},
{"name":"ModelAdvance", "ph":"E", "ts":"2623337543", "pid":"1", "tid":"mom"},
{"name":"ModelSetRunClock", "ph":"B", "ts":"2625842654", "pid":"1", "tid":"mom"},
{"name":"ModelSetRunClock", "ph":"E", "ts":"2625842760", "pid":"1", "tid":"mom"},
{"name":"ModelAdvance", "ph":"B", "ts":"2625843015", "pid":"1", "tid":"mom"},
{"name":"ModelAdvance", "ph":"E", "ts":"2631922273", "pid":"1", "tid":"mom"},
{"name":"ModelSetRunClock", "ph":"B", "ts":"2634672324", "pid":"1", "tid":"mom"},
{"name":"ModelSetRunClock", "ph":"E", "ts":"2634672384", "pid":"1", "tid":"mom"},
{"name":"ModelAdvance", "ph":"B", "ts":"2634672538", "pid":"1", "tid":"mom"},
{"name":"ModelAdvance", "ph":"E", "ts":"2642296176", "pid":"1", "tid":"mom"},
{"name":"ModelSetRunClock", "ph":"B", "ts":"2645931957", "pid":"1", "tid":"mom"},
{"name":"ModelSetRunClock", "ph":"E", "ts":"2645932037", "pid":"1", "tid":"mom"},
{"name":"ModelAdvance", "ph":"B", "ts":"2645932229", "pid":"1", "tid":"mom"},
{"name":"ModelAdvance", "ph":"E", "ts":"2652085531", "pid":"1", "tid":"mom"},
{"name":"ModelSetRunClock", "ph":"B", "ts":"2656356330", "pid":"1", "tid":"mom"},
{"name":"ModelSetRunClock", "ph":"E", "ts":"2656356415", "pid":"1", "tid":"mom"},
{"name":"ModelAdvance", "ph":"B", "ts":"2656356623", "pid":"1", "tid":"mom"},
{"name":"ModelAdvance", "ph":"E", "ts":"2666436947", "pid":"1", "tid":"mom"},
{"name":"ModelSetRunClock", "ph":"B", "ts":"2666457543", "pid":"1", "tid":"mom"},
{"name":"ModelSetRunClock", "ph":"E", "ts":"2666457618", "pid":"1", "tid":"mom"},
{"name":"ModelAdvance", "ph":"B", "ts":"2666457798", "pid":"1", "tid":"mom"},
{"name":"ModelAdvance", "ph":"E", "ts":"2672550252", "pid":"1", "tid":"mom"},
{"name":"ModelSetRunClock", "ph":"B", "ts":"2675070359", "pid":"1", "tid":"mom"},
{"name":"ModelSetRunClock", "ph":"E", "ts":"2675070417", "pid":"1", "tid":"mom"},
{"name":"ModelAdvance", "ph":"B", "ts":"2675070572", "pid":"1", "tid":"mom"},
{"name":"ModelAdvance", "ph":"E", "ts":"2682598869", "pid":"1", "tid":"mom"},
{"name":"ModelSetRunClock", "ph":"B", "ts":"2686437759", "pid":"1", "tid":"mom"},
{"name":"ModelSetRunClock", "ph":"E", "ts":"2686437828", "pid":"1", "tid":"mom"},
{"name":"ModelAdvance", "ph":"B", "ts":"2686437994", "pid":"1", "tid":"mom"},
{"name":"ModelAdvance", "ph":"E", "ts":"2692558338", "pid":"1", "tid":"mom"},
{"name":"ModelSetRunClock", "ph":"B", "ts":"2694996725", "pid":"1", "tid":"mom"},
{"name":"ModelSetRunClock", "ph":"E", "ts":"2694996789", "pid":"1", "tid":"mom"},
{"name":"ModelAdvance", "ph":"B", "ts":"2694996941", "pid":"1", "tid":"mom"},
{"name":"ModelAdvance", "ph":"E", "ts":"2702616628", "pid":"1", "tid":"mom"},
{"name":"ModelSetRunClock", "ph":"B", "ts":"2706132301", "pid":"1", "tid":"mom"},
{"name":"ModelSetRunClock", "ph":"E", "ts":"2706132372", "pid":"1", "tid":"mom"},
{"name":"ModelAdvance", "ph":"B", "ts":"2706132543", "pid":"1", "tid":"mom"},
{"name":"ModelAdvance", "ph":"E", "ts":"2712325627", "pid":"1", "tid":"mom"},
{"name":"ModelSetRunClock", "ph":"B", "ts":"2714505301", "pid":"1", "tid":"mom"},
{"name":"ModelSetRunClock", "ph":"E", "ts":"2714505352", "pid":"1", "tid":"mom"},
{"name":"ModelAdvance", "ph":"B", "ts":"2714505508", "pid":"1", "tid":"mom"},
{"name":"ModelAdvance", "ph":"E", "ts":"2721966076", "pid":"1", "tid":"mom"},
{"name":"ModelSetRunClock", "ph":"B", "ts":"2725314938", "pid":"1", "tid":"mom"},
{"name":"ModelSetRunClock", "ph":"E", "ts":"2725315033", "pid":"1", "tid":"mom"},
{"name":"ModelAdvance", "ph":"B", "ts":"2725315262", "pid":"1", "tid":"mom"},
{"name":"ModelAdvance", "ph":"E", "ts":"2731409585", "pid":"1", "tid":"mom"},
{"name":"ModelSetRunClock", "ph":"B", "ts":"2733747146", "pid":"1", "tid":"mom"},
{"name":"ModelSetRunClock", "ph":"E", "ts":"2733747208", "pid":"1", "tid":"mom"},
{"name":"ModelAdvance", "ph":"B", "ts":"2733747370", "pid":"1", "tid":"mom"},
{"name":"ModelAdvance", "ph":"E", "ts":"2741220647", "pid":"1", "tid":"mom"},
{"name":"ModelSetRunClock", "ph":"B", "ts":"2744457847", "pid":"1", "tid":"mom"},
{"name":"ModelSetRunClock", "ph":"E", "ts":"2744457917", "pid":"1", "tid":"mom"},
{"name":"ModelAdvance", "ph":"B", "ts":"2744458090", "pid":"1", "tid":"mom"},
{"name":"ModelAdvance", "ph":"E", "ts":"2750544442", "pid":"1", "tid":"mom"},
{"name":"ModelSetRunClock", "ph":"B", "ts":"2752971131", "pid":"1", "tid":"mom"},
{"name":"ModelSetRunClock", "ph":"E", "ts":"2752971193", "pid":"1", "tid":"mom"},
{"name":"ModelAdvance", "ph":"B", "ts":"2752971349", "pid":"1", "tid":"mom"},
{"name":"ModelAdvance", "ph":"E", "ts":"2761310042", "pid":"1", "tid":"mom"},
{"name":"ModelSetRunClock", "ph":"B", "ts":"2764720330", "pid":"1", "tid":"mom"},
{"name":"ModelSetRunClock", "ph":"E", "ts":"2764720407", "pid":"1", "tid":"mom"},
{"name":"ModelAdvance", "ph":"B", "ts":"2764720794", "pid":"1", "tid":"mom"},
{"name":"ModelAdvance", "ph":"E", "ts":"2770893762", "pid":"1", "tid":"mom"},
{"name":"ModelSetRunClock", "ph":"B", "ts":"2775379782", "pid":"1", "tid":"mom"},
{"name":"ModelSetRunClock", "ph":"E", "ts":"2775379860", "pid":"1", "tid":"mom"},
{"name":"ModelAdvance", "ph":"B", "ts":"2775380044", "pid":"1", "tid":"mom"},
{"name":"ModelAdvance", "ph":"E", "ts":"2785474251", "pid":"1", "tid":"mom"},
{"name":"ModelSetRunClock", "ph":"B", "ts":"2785496442", "pid":"1", "tid":"mom"},
{"name":"ModelSetRunClock", "ph":"E", "ts":"2785496582", "pid":"1", "tid":"mom"},
{"name":"ModelAdvance", "ph":"B", "ts":"2785496842", "pid":"1", "tid":"mom"},
{"name":"ModelAdvance", "ph":"E", "ts":"2791615229", "pid":"1", "tid":"mom"},
{"name":"ModelSetRunClock", "ph":"B", "ts":"2794573587", "pid":"1", "tid":"mom"},
{"name":"ModelSetRunClock", "ph":"E", "ts":"2794573646", "pid":"1", "tid":"mom"},
{"name":"ModelAdvance", "ph":"B", "ts":"2794573801", "pid":"1", "tid":"mom"},
{"name":"ModelAdvance", "ph":"E", "ts":"2802580869", "pid":"1", "tid":"mom"},
{"name":"ModelSetRunClock", "ph":"B", "ts":"2805965993", "pid":"1", "tid":"mom"},
{"name":"ModelSetRunClock", "ph":"E", "ts":"2805966065", "pid":"1", "tid":"mom"},
{"name":"ModelAdvance", "ph":"B", "ts":"2805966240", "pid":"1", "tid":"mom"},
{"name":"ModelAdvance", "ph":"E", "ts":"2812102722", "pid":"1", "tid":"mom"},
{"name":"ModelSetRunClock", "ph":"B", "ts":"2815002597", "pid":"1", "tid":"mom"},
{"name":"ModelSetRunClock", "ph":"E", "ts":"2815002659", "pid":"1", "tid":"mom"},
{"name":"ModelAdvance", "ph":"B", "ts":"2815002818", "pid":"1", "tid":"mom"},
{"name":"ModelAdvance", "ph":"E", "ts":"2822564204", "pid":"1", "tid":"mom"},
{"name":"ModelSetRunClock", "ph":"B", "ts":"2826073793", "pid":"1", "tid":"mom"},
{"name":"ModelSetRunClock", "ph":"E", "ts":"2826073859", "pid":"1", "tid":"mom"},
{"name":"ModelAdvance", "ph":"B", "ts":"2826074044", "pid":"1", "tid":"mom"},
{"name":"ModelAdvance", "ph":"E", "ts":"2832247622", "pid":"1", "tid":"mom"},
{"name":"ModelSetRunClock", "ph":"B", "ts":"2834771639", "pid":"1", "tid":"mom"},
{"name":"ModelSetRunClock", "ph":"E", "ts":"2834771689", "pid":"1", "tid":"mom"},
{"name":"ModelAdvance", "ph":"B", "ts":"2834771872", "pid":"1", "tid":"mom"},
{"name":"ModelAdvance", "ph":"E", "ts":"2842406497", "pid":"1", "tid":"mom"},
{"name":"ModelSetRunClock", "ph":"B", "ts":"2846161172", "pid":"1", "tid":"mom"},
{"name":"ModelSetRunClock", "ph":"E", "ts":"2846161243", "pid":"1", "tid":"mom"},
{"name":"ModelAdvance", "ph":"B", "ts":"2846161413", "pid":"1", "tid":"mom"},
{"name":"ModelAdvance", "ph":"E", "ts":"2852278987", "pid":"1", "tid":"mom"},
{"name":"ModelSetRunClock", "ph":"B", "ts":"2854581867", "pid":"1", "tid":"mom"},
{"name":"ModelSetRunClock", "ph":"E", "ts":"2854581929", "pid":"1", "tid":"mom"},
{"name":"ModelAdvance", "ph":"B", "ts":"2854582082", "pid":"1", "tid":"mom"},
{"name":"ModelAdvance", "ph":"E", "ts":"2862326377", "pid":"1", "tid":"mom"},
{"name":"ModelSetRunClock", "ph":"B", "ts":"2865928500", "pid":"1", "tid":"mom"},
{"name":"ModelSetRunClock", "ph":"E", "ts":"2865928572", "pid":"1", "tid":"mom"},
{"name":"ModelAdvance", "ph":"B", "ts":"2865928742", "pid":"1", "tid":"mom"},
{"name":"ModelAdvance", "ph":"E", "ts":"2872014849", "pid":"1", "tid":"mom"},
{"name":"ModelSetRunClock", "ph":"B", "ts":"2874150302", "pid":"1", "tid":"mom"},
{"name":"ModelSetRunClock", "ph":"E", "ts":"2874150469", "pid":"1", "tid":"mom"},
{"name":"ModelAdvance", "ph":"B", "ts":"2874150643", "pid":"1", "tid":"mom"},
{"name":"ModelAdvance", "ph":"E", "ts":"2881993809", "pid":"1", "tid":"mom"},
{"name":"ModelSetRunClock", "ph":"B", "ts":"2885506729", "pid":"1", "tid":"mom"},
{"name":"ModelSetRunClock", "ph":"E", "ts":"2885506819", "pid":"1", "tid":"mom"},
{"name":"ModelAdvance", "ph":"B", "ts":"2885507018", "pid":"1", "tid":"mom"},
{"name":"ModelAdvance", "ph":"E", "ts":"2891674379", "pid":"1", "tid":"mom"},
{"name":"ModelSetRunClock", "ph":"B", "ts":"2895837964", "pid":"1", "tid":"mom"},
{"name":"ModelSetRunClock", "ph":"E", "ts":"2895838058", "pid":"1", "tid":"mom"},
{"name":"ModelAdvance", "ph":"B", "ts":"2895838506", "pid":"1", "tid":"mom"},
{"name":"ModelAdvance", "ph":"E", "ts":"2906153550", "pid":"1", "tid":"mom"},
{"name":"ModelSetRunClock", "ph":"B", "ts":"2906174343", "pid":"1", "tid":"mom"},
{"name":"ModelSetRunClock", "ph":"E", "ts":"2906174408", "pid":"1", "tid":"mom"},
{"name":"ModelAdvance", "ph":"B", "ts":"2906174588", "pid":"1", "tid":"mom"},
{"name":"ModelAdvance", "ph":"E", "ts":"2912274313", "pid":"1", "tid":"mom"},
{"name":"ModelSetRunClock", "ph":"B", "ts":"2914245997", "pid":"1", "tid":"mom"},
{"name":"ModelSetRunClock", "ph":"E", "ts":"2914246069", "pid":"1", "tid":"mom"},
{"name":"ModelAdvance", "ph":"B", "ts":"2914246237", "pid":"1", "tid":"mom"},
{"name":"ModelAdvance", "ph":"E", "ts":"2921627358", "pid":"1", "tid":"mom"},
{"name":"ModelSetRunClock", "ph":"B", "ts":"2925128959", "pid":"1", "tid":"mom"},
{"name":"ModelSetRunClock", "ph":"E", "ts":"2925129049", "pid":"1", "tid":"mom"},
{"name":"ModelAdvance", "ph":"B", "ts":"2925129245", "pid":"1", "tid":"mom"},
{"name":"ModelAdvance", "ph":"E", "ts":"2931207617", "pid":"1", "tid":"mom"},
{"name":"ModelSetRunClock", "ph":"B", "ts":"2933516037", "pid":"1", "tid":"mom"},
{"name":"ModelSetRunClock", "ph":"E", "ts":"2933516092", "pid":"1", "tid":"mom"},
{"name":"ModelAdvance", "ph":"B", "ts":"2933516248", "pid":"1", "tid":"mom"},
{"name":"ModelAdvance", "ph":"E", "ts":"2941195630", "pid":"1", "tid":"mom"},
{"name":"ModelSetRunClock", "ph":"B", "ts":"2944859571", "pid":"1", "tid":"mom"},
{"name":"ModelSetRunClock", "ph":"E", "ts":"2944859666", "pid":"1", "tid":"mom"},
{"name":"ModelAdvance", "ph":"B", "ts":"2944859894", "pid":"1", "tid":"mom"},
{"name":"ModelAdvance", "ph":"E", "ts":"2951038358", "pid":"1", "tid":"mom"},
{"name":"ModelSetRunClock", "ph":"B", "ts":"2953449294", "pid":"1", "tid":"mom"},
{"name":"ModelSetRunClock", "ph":"E", "ts":"2953449343", "pid":"1", "tid":"mom"},
{"name":"ModelAdvance", "ph":"B", "ts":"2953449496", "pid":"1", "tid":"mom"},
{"name":"ModelAdvance", "ph":"E", "ts":"2961275913", "pid":"1", "tid":"mom"},
{"name":"ModelSetRunClock", "ph":"B", "ts":"2964941674", "pid":"1", "tid":"mom"},
{"name":"ModelSetRunClock", "ph":"E", "ts":"2964941834", "pid":"1", "tid":"mom"},
{"name":"ModelAdvance", "ph":"B", "ts":"2964942005", "pid":"1", "tid":"mom"},
{"name":"ModelAdvance", "ph":"E", "ts":"2971007624", "pid":"1", "tid":"mom"},
{"name":"ModelSetRunClock", "ph":"B", "ts":"2973523837", "pid":"1", "tid":"mom"},
{"name":"ModelSetRunClock", "ph":"E", "ts":"2973523902", "pid":"1", "tid":"mom"},
{"name":"ModelAdvance", "ph":"B", "ts":"2973524057", "pid":"1", "tid":"mom"},
{"name":"ModelAdvance", "ph":"E", "ts":"2981012479", "pid":"1", "tid":"mom"},
{"name":"ModelSetRunClock", "ph":"B", "ts":"2984537146", "pid":"1", "tid":"mom"},
{"name":"ModelSetRunClock", "ph":"E", "ts":"2984537243", "pid":"1", "tid":"mom"},
{"name":"ModelAdvance", "ph":"B", "ts":"2984537440", "pid":"1", "tid":"mom"},
{"name":"ModelAdvance", "ph":"E", "ts":"2990603542", "pid":"1", "tid":"mom"},
{"name":"ModelSetRunClock", "ph":"B", "ts":"2993069290", "pid":"1", "tid":"mom"},
{"name":"ModelSetRunClock", "ph":"E", "ts":"2993069345", "pid":"1", "tid":"mom"},
{"name":"ModelAdvance", "ph":"B", "ts":"2993069500", "pid":"1", "tid":"mom"},
{"name":"ModelAdvance", "ph":"E", "ts":"3000585438", "pid":"1", "tid":"mom"},
{"name":"ModelSetRunClock", "ph":"B", "ts":"3004125090", "pid":"1", "tid":"mom"},
{"name":"ModelSetRunClock", "ph":"E", "ts":"3004125165", "pid":"1", "tid":"mom"},
{"name":"ModelAdvance", "ph":"B", "ts":"3004125332", "pid":"1", "tid":"mom"},
{"name":"ModelAdvance", "ph":"E", "ts":"3030477902", "pid":"1", "tid":"mom"},
{"name":"ModelSetRunClock", "ph":"B", "ts":"3045437367", "pid":"1", "tid":"mom"},
{"name":"ModelSetRunClock", "ph":"E", "ts":"3045437510", "pid":"1", "tid":"mom"},
{"name":"ModelAdvance", "ph":"B", "ts":"3045437763", "pid":"1", "tid":"mom"},
{"name":"ModelAdvance", "ph":"E", "ts":"3056898220", "pid":"1", "tid":"mom"},
{"name":"ModelSetRunClock", "ph":"B", "ts":"3056922437", "pid":"1", "tid":"mom"},
{"name":"ModelSetRunClock", "ph":"E", "ts":"3056922750", "pid":"1", "tid":"mom"},
{"name":"ModelAdvance", "ph":"B", "ts":"3056922955", "pid":"1", "tid":"mom"},
{"name":"ModelAdvance", "ph":"E", "ts":"3063011278", "pid":"1", "tid":"mom"},
{"name":"ModelSetRunClock", "ph":"B", "ts":"3065404941", "pid":"1", "tid":"mom"},
{"name":"ModelSetRunClock", "ph":"E", "ts":"3065405003", "pid":"1", "tid":"mom"},
{"name":"ModelAdvance", "ph":"B", "ts":"3065405160", "pid":"1", "tid":"mom"},
{"name":"ModelAdvance", "ph":"E", "ts":"3074100137", "pid":"1", "tid":"mom"},
{"name":"ModelSetRunClock", "ph":"B", "ts":"3077213411", "pid":"1", "tid":"mom"},
{"name":"ModelSetRunClock", "ph":"E", "ts":"3077213490", "pid":"1", "tid":"mom"},
{"name":"ModelAdvance", "ph":"B", "ts":"3077213691", "pid":"1", "tid":"mom"},
{"name":"ModelAdvance", "ph":"E", "ts":"3083314308", "pid":"1", "tid":"mom"},
{"name":"ModelSetRunClock", "ph":"B", "ts":"3085545791", "pid":"1", "tid":"mom"},
{"name":"ModelSetRunClock", "ph":"E", "ts":"3085545850", "pid":"1", "tid":"mom"},
{"name":"ModelAdvance", "ph":"B", "ts":"3085546007", "pid":"1", "tid":"mom"},
{"name":"ModelAdvance", "ph":"E", "ts":"3093148011", "pid":"1", "tid":"mom"},
{"name":"ModelSetRunClock", "ph":"B", "ts":"3096280395", "pid":"1", "tid":"mom"},
{"name":"ModelSetRunClock", "ph":"E", "ts":"3096280466", "pid":"1", "tid":"mom"},
{"name":"ModelAdvance", "ph":"B", "ts":"3096280638", "pid":"1", "tid":"mom"},
{"name":"ModelAdvance", "ph":"E", "ts":"3102472487", "pid":"1", "tid":"mom"},
{"name":"ModelSetRunClock", "ph":"B", "ts":"3104620584", "pid":"1", "tid":"mom"},
{"name":"ModelSetRunClock", "ph":"E", "ts":"3104620633", "pid":"1", "tid":"mom"},
{"name":"ModelAdvance", "ph":"B", "ts":"3104620791", "pid":"1", "tid":"mom"},
{"name":"ModelAdvance", "ph":"E", "ts":"3112060421", "pid":"1", "tid":"mom"},
{"name":"ModelSetRunClock", "ph":"B", "ts":"3115338729", "pid":"1", "tid":"mom"},
{"name":"ModelSetRunClock", "ph":"E", "ts":"3115338847", "pid":"1", "tid":"mom"},
{"name":"ModelAdvance", "ph":"B", "ts":"3115339084", "pid":"1", "tid":"mom"},
{"name":"ModelAdvance", "ph":"E", "ts":"3121399207", "pid":"1", "tid":"mom"},
{"name":"ModelSetRunClock", "ph":"B", "ts":"3123718462", "pid":"1", "tid":"mom"},
{"name":"ModelSetRunClock", "ph":"E", "ts":"3123718520", "pid":"1", "tid":"mom"},
{"name":"ModelAdvance", "ph":"B", "ts":"3123718677", "pid":"1", "tid":"mom"},
{"name":"ModelAdvance", "ph":"E", "ts":"3132238265", "pid":"1", "tid":"mom"},
{"name":"ModelSetRunClock", "ph":"B", "ts":"3135574911", "pid":"1", "tid":"mom"},
{"name":"ModelSetRunClock", "ph":"E", "ts":"3135574981", "pid":"1", "tid":"mom"},
{"name":"ModelAdvance", "ph":"B", "ts":"3135575149", "pid":"1", "tid":"mom"},
{"name":"ModelAdvance", "ph":"E", "ts":"3141665751", "pid":"1", "tid":"mom"},
{"name":"ModelSetRunClock", "ph":"B", "ts":"3144059292", "pid":"1", "tid":"mom"},
{"name":"ModelSetRunClock", "ph":"E", "ts":"3144059352", "pid":"1", "tid":"mom"},
{"name":"ModelAdvance", "ph":"B", "ts":"3144059507", "pid":"1", "tid":"mom"},
{"name":"ModelAdvance", "ph":"E", "ts":"3152325601", "pid":"1", "tid":"mom"},
{"name":"ModelSetRunClock", "ph":"B", "ts":"3155766200", "pid":"1", "tid":"mom"},
{"name":"ModelSetRunClock", "ph":"E", "ts":"3155766271", "pid":"1", "tid":"mom"},
{"name":"ModelAdvance", "ph":"B", "ts":"3155766429", "pid":"1", "tid":"mom"},
{"name":"ModelAdvance", "ph":"E", "ts":"3161933061", "pid":"1", "tid":"mom"},
{"name":"ModelSetRunClock", "ph":"B", "ts":"3166046458", "pid":"1", "tid":"mom"},
{"name":"ModelSetRunClock", "ph":"E", "ts":"3166046512", "pid":"1", "tid":"mom"},
{"name":"ModelAdvance", "ph":"B", "ts":"3166046664", "pid":"1", "tid":"mom"},
{"name":"ModelAdvance", "ph":"E", "ts":"3177441069", "pid":"1", "tid":"mom"},
{"name":"ModelSetRunClock", "ph":"B", "ts":"3177461324", "pid":"1", "tid":"mom"},
{"name":"ModelSetRunClock", "ph":"E", "ts":"3177461383", "pid":"1", "tid":"mom"},
{"name":"ModelAdvance", "ph":"B", "ts":"3177461546", "pid":"1", "tid":"mom"},
{"name":"ModelAdvance", "ph":"E", "ts":"3183525121", "pid":"1", "tid":"mom"},
{"name":"ModelSetRunClock", "ph":"B", "ts":"3186576031", "pid":"1", "tid":"mom"},
{"name":"ModelSetRunClock", "ph":"E", "ts":"3186576090", "pid":"1", "tid":"mom"},
{"name":"ModelAdvance", "ph":"B", "ts":"3186576245", "pid":"1", "tid":"mom"},
{"name":"ModelAdvance", "ph":"E", "ts":"3194079697", "pid":"1", "tid":"mom"},
{"name":"ModelSetRunClock", "ph":"B", "ts":"3197763511", "pid":"1", "tid":"mom"},
{"name":"ModelSetRunClock", "ph":"E", "ts":"3197763672", "pid":"1", "tid":"mom"},
{"name":"ModelAdvance", "ph":"B", "ts":"3197764032", "pid":"1", "tid":"mom"},
{"name":"ModelAdvance", "ph":"E", "ts":"3203811256", "pid":"1", "tid":"mom"},
{"name":"ModelSetRunClock", "ph":"B", "ts":"3206976294", "pid":"1", "tid":"mom"},
{"name":"ModelSetRunClock", "ph":"E", "ts":"3206976353", "pid":"1", "tid":"mom"},
{"name":"ModelAdvance", "ph":"B", "ts":"3206976507", "pid":"1", "tid":"mom"},
{"name":"ModelAdvance", "ph":"E", "ts":"3214303264", "pid":"1", "tid":"mom"},
{"name":"ModelSetRunClock", "ph":"B", "ts":"3217923150", "pid":"1", "tid":"mom"},
{"name":"ModelSetRunClock", "ph":"E", "ts":"3217923231", "pid":"1", "tid":"mom"},
{"name":"ModelAdvance", "ph":"B", "ts":"3217923415", "pid":"1", "tid":"mom"},
{"name":"ModelAdvance", "ph":"E", "ts":"3224064096", "pid":"1", "tid":"mom"},
{"name":"ModelSetRunClock", "ph":"B", "ts":"3227346857", "pid":"1", "tid":"mom"},
{"name":"ModelSetRunClock", "ph":"E", "ts":"3227346923", "pid":"1", "tid":"mom"},
{"name":"ModelAdvance", "ph":"B", "ts":"3227347088", "pid":"1", "tid":"mom"},
{"name":"ModelAdvance", "ph":"E", "ts":"3234960104", "pid":"1", "tid":"mom"},
{"name":"ModelSetRunClock", "ph":"B", "ts":"3238471298", "pid":"1", "tid":"mom"},
{"name":"ModelSetRunClock", "ph":"E", "ts":"3238471364", "pid":"1", "tid":"mom"},
{"name":"ModelAdvance", "ph":"B", "ts":"3238471529", "pid":"1", "tid":"mom"},
{"name":"ModelAdvance", "ph":"E", "ts":"3244534994", "pid":"1", "tid":"mom"},
{"name":"ModelSetRunClock", "ph":"B", "ts":"3248029629", "pid":"1", "tid":"mom"},
{"name":"ModelSetRunClock", "ph":"E", "ts":"3248029687", "pid":"1", "tid":"mom"},
{"name":"ModelAdvance", "ph":"B", "ts":"3248029841", "pid":"1", "tid":"mom"},
{"name":"ModelAdvance", "ph":"E", "ts":"3255448668", "pid":"1", "tid":"mom"},
{"name":"ModelSetRunClock", "ph":"B", "ts":"3259403336", "pid":"1", "tid":"mom"},
{"name":"ModelSetRunClock", "ph":"E", "ts":"3259403410", "pid":"1", "tid":"mom"},
{"name":"ModelAdvance", "ph":"B", "ts":"3259403590", "pid":"1", "tid":"mom"},
{"name":"ModelAdvance", "ph":"E", "ts":"3265454229", "pid":"1", "tid":"mom"},
{"name":"ModelSetRunClock", "ph":"B", "ts":"3269022879", "pid":"1", "tid":"mom"},
{"name":"ModelSetRunClock", "ph":"E", "ts":"3269022937", "pid":"1", "tid":"mom"},
{"name":"ModelAdvance", "ph":"B", "ts":"3269023099", "pid":"1", "tid":"mom"},
{"name":"ModelAdvance", "ph":"E", "ts":"3276402206", "pid":"1", "tid":"mom"},
{"name":"ModelSetRunClock", "ph":"B", "ts":"3279840803", "pid":"1", "tid":"mom"},
{"name":"ModelSetRunClock", "ph":"E", "ts":"3279840864", "pid":"1", "tid":"mom"},
{"name":"ModelAdvance", "ph":"B", "ts":"3279841028", "pid":"1", "tid":"mom"},
{"name":"ModelAdvance", "ph":"E", "ts":"3285984310", "pid":"1", "tid":"mom"},
{"name":"ModelSetRunClock", "ph":"B", "ts":"3290405989", "pid":"1", "tid":"mom"},
{"name":"ModelSetRunClock", "ph":"E", "ts":"3290406038", "pid":"1", "tid":"mom"},
{"name":"ModelAdvance", "ph":"B", "ts":"3290406192", "pid":"1", "tid":"mom"},
{"name":"ModelAdvance", "ph":"E", "ts":"3302399817", "pid":"1", "tid":"mom"},
{"name":"ModelSetRunClock", "ph":"B", "ts":"3302418632", "pid":"1", "tid":"mom"},
{"name":"ModelSetRunClock", "ph":"E", "ts":"3302418689", "pid":"1", "tid":"mom"},
{"name":"ModelAdvance", "ph":"B", "ts":"3302418840", "pid":"1", "tid":"mom"},
{"name":"ModelAdvance", "ph":"E", "ts":"3308492805", "pid":"1", "tid":"mom"},
{"name":"ModelSetRunClock", "ph":"B", "ts":"3311966646", "pid":"1", "tid":"mom"},
{"name":"ModelSetRunClock", "ph":"E", "ts":"3311966704", "pid":"1", "tid":"mom"},
{"name":"ModelAdvance", "ph":"B", "ts":"3311966861", "pid":"1", "tid":"mom"},
{"name":"ModelAdvance", "ph":"E", "ts":"3319419741", "pid":"1", "tid":"mom"},
{"name":"ModelSetRunClock", "ph":"B", "ts":"3322965111", "pid":"1", "tid":"mom"},
{"name":"ModelSetRunClock", "ph":"E", "ts":"3322965245", "pid":"1", "tid":"mom"},
{"name":"ModelAdvance", "ph":"B", "ts":"3322965481", "pid":"1", "tid":"mom"},
{"name":"ModelAdvance", "ph":"E", "ts":"3329044852", "pid":"1", "tid":"mom"},
{"name":"ModelSetRunClock", "ph":"B", "ts":"3332404193", "pid":"1", "tid":"mom"},
{"name":"ModelSetRunClock", "ph":"E", "ts":"3332404249", "pid":"1", "tid":"mom"},
{"name":"ModelAdvance", "ph":"B", "ts":"3332404402", "pid":"1", "tid":"mom"},
{"name":"ModelAdvance", "ph":"E", "ts":"3340208127", "pid":"1", "tid":"mom"},
{"name":"ModelSetRunClock", "ph":"B", "ts":"3344071566", "pid":"1", "tid":"mom"},
{"name":"ModelSetRunClock", "ph":"E", "ts":"3344071642", "pid":"1", "tid":"mom"},
{"name":"ModelAdvance", "ph":"B", "ts":"3344071830", "pid":"1", "tid":"mom"},
{"name":"ModelAdvance", "ph":"E", "ts":"3350216142", "pid":"1", "tid":"mom"},
{"name":"ModelSetRunClock", "ph":"B", "ts":"3353454732", "pid":"1", "tid":"mom"},
{"name":"ModelSetRunClock", "ph":"E", "ts":"3353454782", "pid":"1", "tid":"mom"},
{"name":"ModelAdvance", "ph":"B", "ts":"3353454935", "pid":"1", "tid":"mom"},
{"name":"ModelAdvance", "ph":"E", "ts":"3360918211", "pid":"1", "tid":"mom"},
{"name":"ModelSetRunClock", "ph":"B", "ts":"3365030406", "pid":"1", "tid":"mom"},
{"name":"ModelSetRunClock", "ph":"E", "ts":"3365124672", "pid":"1", "tid":"mom"},
{"name":"ModelAdvance", "ph":"B", "ts":"3365124858", "pid":"1", "tid":"mom"},
{"name":"ModelAdvance", "ph":"E", "ts":"3371183730", "pid":"1", "tid":"mom"},
{"name":"ModelSetRunClock", "ph":"B", "ts":"3374354240", "pid":"1", "tid":"mom"},
{"name":"ModelSetRunClock", "ph":"E", "ts":"3374354301", "pid":"1", "tid":"mom"},
{"name":"ModelAdvance", "ph":"B", "ts":"3374354457", "pid":"1", "tid":"mom"},
{"name":"ModelAdvance", "ph":"E", "ts":"3388422466", "pid":"1", "tid":"mom"},
{"name":"ModelSetRunClock", "ph":"B", "ts":"3391202751", "pid":"1", "tid":"mom"},
{"name":"ModelSetRunClock", "ph":"E", "ts":"3391202850", "pid":"1", "tid":"mom"},
{"name":"ModelAdvance", "ph":"B", "ts":"3391203056", "pid":"1", "tid":"mom"},
{"name":"ModelAdvance", "ph":"E", "ts":"3397254680", "pid":"1", "tid":"mom"},
{"name":"ModelSetRunClock", "ph":"B", "ts":"3400485504", "pid":"1", "tid":"mom"},
{"name":"ModelSetRunClock", "ph":"E", "ts":"3400485672", "pid":"1", "tid":"mom"},
{"name":"ModelAdvance", "ph":"B", "ts":"3400485834", "pid":"1", "tid":"mom"},
{"name":"ModelAdvance", "ph":"E", "ts":"3408909112", "pid":"1", "tid":"mom"},
{"name":"ModelSetRunClock", "ph":"B", "ts":"3411654340", "pid":"1", "tid":"mom"},
{"name":"ModelSetRunClock", "ph":"E", "ts":"3411654440", "pid":"1", "tid":"mom"},
{"name":"ModelAdvance", "ph":"B", "ts":"3411654661", "pid":"1", "tid":"mom"},
{"name":"ModelAdvance", "ph":"E", "ts":"3417792305", "pid":"1", "tid":"mom"},
{"name":"ModelSetRunClock", "ph":"B", "ts":"3422510155", "pid":"1", "tid":"mom"},
{"name":"ModelSetRunClock", "ph":"E", "ts":"3422510206", "pid":"1", "tid":"mom"},
{"name":"ModelAdvance", "ph":"B", "ts":"3422510360", "pid":"1", "tid":"mom"},
{"name":"ModelAdvance", "ph":"E", "ts":"3435959823", "pid":"1", "tid":"mom"},
{"name":"ModelSetRunClock", "ph":"B", "ts":"3435979200", "pid":"1", "tid":"mom"},
{"name":"ModelSetRunClock", "ph":"E", "ts":"3435979263", "pid":"1", "tid":"mom"},
{"name":"ModelAdvance", "ph":"B", "ts":"3435979435", "pid":"1", "tid":"mom"},
{"name":"ModelAdvance", "ph":"E", "ts":"3442037462", "pid":"1", "tid":"mom"},
{"name":"ModelSetRunClock", "ph":"B", "ts":"3445113359", "pid":"1", "tid":"mom"},
{"name":"ModelSetRunClock", "ph":"E", "ts":"3445113421", "pid":"1", "tid":"mom"},
{"name":"ModelAdvance", "ph":"B", "ts":"3445113574", "pid":"1", "tid":"mom"},
{"name":"ModelAdvance", "ph":"E", "ts":"3452685561", "pid":"1", "tid":"mom"},
{"name":"ModelSetRunClock", "ph":"B", "ts":"3456744845", "pid":"1", "tid":"mom"},
{"name":"ModelSetRunClock", "ph":"E", "ts":"3456744908", "pid":"1", "tid":"mom"},
{"name":"ModelAdvance", "ph":"B", "ts":"3456745192", "pid":"1", "tid":"mom"},
{"name":"ModelAdvance", "ph":"E", "ts":"3462844547", "pid":"1", "tid":"mom"},
{"name":"ModelSetRunClock", "ph":"B", "ts":"3465921592", "pid":"1", "tid":"mom"},
{"name":"ModelSetRunClock", "ph":"E", "ts":"3465921648", "pid":"1", "tid":"mom"},
{"name":"ModelAdvance", "ph":"B", "ts":"3465921803", "pid":"1", "tid":"mom"},
{"name":"ModelAdvance", "ph":"E", "ts":"3476146055", "pid":"1", "tid":"mom"},
{"name":"ModelSetRunClock", "ph":"B", "ts":"3478808265", "pid":"1", "tid":"mom"},
{"name":"ModelSetRunClock", "ph":"E", "ts":"3478808412", "pid":"1", "tid":"mom"},
{"name":"ModelAdvance", "ph":"B", "ts":"3478808690", "pid":"1", "tid":"mom"},
{"name":"ModelAdvance", "ph":"E", "ts":"3485029691", "pid":"1", "tid":"mom"},
{"name":"ModelSetRunClock", "ph":"B", "ts":"3488126155", "pid":"1", "tid":"mom"},
{"name":"ModelSetRunClock", "ph":"E", "ts":"3488126205", "pid":"1", "tid":"mom"},
{"name":"ModelAdvance", "ph":"B", "ts":"3488126363", "pid":"1", "tid":"mom"},
{"name":"ModelAdvance", "ph":"E", "ts":"3497217546", "pid":"1", "tid":"mom"},
{"name":"ModelSetRunClock", "ph":"B", "ts":"3500183984", "pid":"1", "tid":"mom"},
{"name":"ModelSetRunClock", "ph":"E", "ts":"3500184051", "pid":"1", "tid":"mom"},
{"name":"ModelAdvance", "ph":"B", "ts":"3500184225", "pid":"1", "tid":"mom"},
{"name":"ModelAdvance", "ph":"E", "ts":"3506336686", "pid":"1", "tid":"mom"},
{"name":"ModelSetRunClock", "ph":"B", "ts":"3509723215", "pid":"1", "tid":"mom"},
{"name":"ModelSetRunClock", "ph":"E", "ts":"3509723275", "pid":"1", "tid":"mom"},
{"name":"ModelAdvance", "ph":"B", "ts":"3509723429", "pid":"1", "tid":"mom"},
{"name":"ModelAdvance", "ph":"E", "ts":"3518053153", "pid":"1", "tid":"mom"},
{"name":"ModelSetRunClock", "ph":"B", "ts":"3521239595", "pid":"1", "tid":"mom"},
{"name":"ModelSetRunClock", "ph":"E", "ts":"3521239705", "pid":"1", "tid":"mom"},
{"name":"ModelAdvance", "ph":"B", "ts":"3521239992", "pid":"1", "tid":"mom"},
{"name":"ModelAdvance", "ph":"E", "ts":"3527406725", "pid":"1", "tid":"mom"},
{"name":"ModelSetRunClock", "ph":"B", "ts":"3530874729", "pid":"1", "tid":"mom"},
{"name":"ModelSetRunClock", "ph":"E", "ts":"3530874903", "pid":"1", "tid":"mom"},
{"name":"ModelAdvance", "ph":"B", "ts":"3530875060", "pid":"1", "tid":"mom"},
{"name":"ModelAdvance", "ph":"E", "ts":"3538606605", "pid":"1", "tid":"mom"},
{"name":"ModelSetRunClock", "ph":"B", "ts":"3542444880", "pid":"1", "tid":"mom"},
{"name":"ModelSetRunClock", "ph":"E", "ts":"3542444950", "pid":"1", "tid":"mom"},
{"name":"ModelAdvance", "ph":"B", "ts":"3542445122", "pid":"1", "tid":"mom"},
{"name":"ModelAdvance", "ph":"E", "ts":"3548686676", "pid":"1", "tid":"mom"},
{"name":"ModelSetRunClock", "ph":"B", "ts":"3553431793", "pid":"1", "tid":"mom"},
{"name":"ModelSetRunClock", "ph":"E", "ts":"3553431848", "pid":"1", "tid":"mom"},
{"name":"ModelAdvance", "ph":"B", "ts":"3553432002", "pid":"1", "tid":"mom"},
{"name":"ModelAdvance", "ph":"E", "ts":"3564419050", "pid":"1", "tid":"mom"},
{"name":"ModelSetRunClock", "ph":"B", "ts":"3564442168", "pid":"1", "tid":"mom"},
{"name":"ModelSetRunClock", "ph":"E", "ts":"3564442283", "pid":"1", "tid":"mom"},
{"name":"ModelAdvance", "ph":"B", "ts":"3564442500", "pid":"1", "tid":"mom"},
{"name":"ModelAdvance", "ph":"E", "ts":"3570569184", "pid":"1", "tid":"mom"},
{"name":"ModelSetRunClock", "ph":"B", "ts":"3573928595", "pid":"1", "tid":"mom"},
{"name":"ModelSetRunClock", "ph":"E", "ts":"3573928652", "pid":"1", "tid":"mom"},
{"name":"ModelAdvance", "ph":"B", "ts":"3573928806", "pid":"1", "tid":"mom"},
{"name":"ModelAdvance", "ph":"E", "ts":"3582551097", "pid":"1", "tid":"mom"},
{"name":"ModelSetRunClock", "ph":"B", "ts":"3585445571", "pid":"1", "tid":"mom"},
{"name":"ModelSetRunClock", "ph":"E", "ts":"3585445687", "pid":"1", "tid":"mom"},
{"name":"ModelAdvance", "ph":"B", "ts":"3585445919", "pid":"1", "tid":"mom"},
{"name":"ModelAdvance", "ph":"E", "ts":"3591569428", "pid":"1", "tid":"mom"},
{"name":"ModelSetRunClock", "ph":"B", "ts":"3595085359", "pid":"1", "tid":"mom"},
{"name":"ModelSetRunClock", "ph":"E", "ts":"3595085414", "pid":"1", "tid":"mom"},
{"name":"ModelAdvance", "ph":"B", "ts":"3595085657", "pid":"1", "tid":"mom"},
{"name":"ModelAdvance", "ph":"E", "ts":"3602513169", "pid":"1", "tid":"mom"},
{"name":"ModelSetRunClock", "ph":"B", "ts":"3605934724", "pid":"1", "tid":"mom"},
{"name":"ModelSetRunClock", "ph":"E", "ts":"3605934859", "pid":"1", "tid":"mom"},
{"name":"ModelAdvance", "ph":"B", "ts":"3605935056", "pid":"1", "tid":"mom"},
{"name":"ModelAdvance", "ph":"E", "ts":"3612124836", "pid":"1", "tid":"mom"},
{"name":"ModelSetRunClock", "ph":"B", "ts":"3615779903", "pid":"1", "tid":"mom"},
{"name":"ModelSetRunClock", "ph":"E", "ts":"3615779954", "pid":"1", "tid":"mom"},
{"name":"ModelAdvance", "ph":"B", "ts":"3615780106", "pid":"1", "tid":"mom"},
{"name":"ModelAdvance", "ph":"E", "ts":"3624506634", "pid":"1", "tid":"mom"},
{"name":"ModelSetRunClock", "ph":"B", "ts":"3627826721", "pid":"1", "tid":"mom"},
{"name":"ModelSetRunClock", "ph":"E", "ts":"3627826835", "pid":"1", "tid":"mom"},
{"name":"ModelAdvance", "ph":"B", "ts":"3627827081", "pid":"1", "tid":"mom"},
{"name":"ModelAdvance", "ph":"E", "ts":"3633922032", "pid":"1", "tid":"mom"},
{"name":"ModelSetRunClock", "ph":"B", "ts":"3637512663", "pid":"1", "tid":"mom"},
{"name":"ModelSetRunClock", "ph":"E", "ts":"3637512721", "pid":"1", "tid":"mom"},
{"name":"ModelAdvance", "ph":"B", "ts":"3637512876", "pid":"1", "tid":"mom"},
{"name":"ModelAdvance", "ph":"E", "ts":"3645208682", "pid":"1", "tid":"mom"},
{"name":"ModelSetRunClock", "ph":"B", "ts":"3648336520", "pid":"1", "tid":"mom"},
{"name":"ModelSetRunClock", "ph":"E", "ts":"3648336610", "pid":"1", "tid":"mom"},
{"name":"ModelAdvance", "ph":"B", "ts":"3648336801", "pid":"1", "tid":"mom"},
{"name":"ModelAdvance", "ph":"E", "ts":"3654412052", "pid":"1", "tid":"mom"},
{"name":"ModelSetRunClock", "ph":"B", "ts":"3657927421", "pid":"1", "tid":"mom"},
{"name":"ModelSetRunClock", "ph":"E", "ts":"3657927481", "pid":"1", "tid":"mom"},
{"name":"ModelAdvance", "ph":"B", "ts":"3657927636", "pid":"1", "tid":"mom"},
{"name":"ModelAdvance", "ph":"E", "ts":"3665620964", "pid":"1", "tid":"mom"},
{"name":"ModelSetRunClock", "ph":"B", "ts":"3668921931", "pid":"1", "tid":"mom"},
{"name":"ModelSetRunClock", "ph":"E", "ts":"3668922000", "pid":"1", "tid":"mom"},
{"name":"ModelAdvance", "ph":"B", "ts":"3668922169", "pid":"1", "tid":"mom"},
{"name":"ModelAdvance", "ph":"E", "ts":"3675079384", "pid":"1", "tid":"mom"},
{"name":"ModelSetRunClock", "ph":"B", "ts":"3680891908", "pid":"1", "tid":"mom"},
{"name":"ModelSetRunClock", "ph":"E", "ts":"3680891996", "pid":"1", "tid":"mom"},
{"name":"ModelAdvance", "ph":"B", "ts":"3680892207", "pid":"1", "tid":"mom"},
{"name":"ModelAdvance", "ph":"E", "ts":"3691420661", "pid":"1", "tid":"mom"},
{"name":"ModelSetRunClock", "ph":"B", "ts":"3691434147", "pid":"1", "tid":"mom"},
{"name":"ModelSetRunClock", "ph":"E", "ts":"3691434210", "pid":"1", "tid":"mom"},
{"name":"ModelAdvance", "ph":"B", "ts":"3691434363", "pid":"1", "tid":"mom"},
{"name":"ModelAdvance", "ph":"E", "ts":"3697544946", "pid":"1", "tid":"mom"},
{"name":"ModelSetRunClock", "ph":"B", "ts":"3701038596", "pid":"1", "tid":"mom"},
{"name":"ModelSetRunClock", "ph":"E", "ts":"3701038656", "pid":"1", "tid":"mom"},
{"name":"ModelAdvance", "ph":"B", "ts":"3701038816", "pid":"1", "tid":"mom"},
{"name":"ModelAdvance", "ph":"E", "ts":"3708509829", "pid":"1", "tid":"mom"},
{"name":"ModelSetRunClock", "ph":"B", "ts":"3711909855", "pid":"1", "tid":"mom"},
{"name":"ModelSetRunClock", "ph":"E", "ts":"3711909947", "pid":"1", "tid":"mom"},
{"name":"ModelAdvance", "ph":"B", "ts":"3711910154", "pid":"1", "tid":"mom"},
{"name":"ModelAdvance", "ph":"E", "ts":"3718048587", "pid":"1", "tid":"mom"},
{"name":"ModelSetRunClock", "ph":"B", "ts":"3721406184", "pid":"1", "tid":"mom"},
{"name":"ModelSetRunClock", "ph":"E", "ts":"3721406244", "pid":"1", "tid":"mom"},
{"name":"ModelAdvance", "ph":"B", "ts":"3721406402", "pid":"1", "tid":"mom"},
{"name":"ModelAdvance", "ph":"E", "ts":"3728992011", "pid":"1", "tid":"mom"},
{"name":"ModelSetRunClock", "ph":"B", "ts":"3732538152", "pid":"1", "tid":"mom"},
{"name":"ModelSetRunClock", "ph":"E", "ts":"3732538414", "pid":"1", "tid":"mom"},
{"name":"ModelAdvance", "ph":"B", "ts":"3732538662", "pid":"1", "tid":"mom"},
{"name":"ModelAdvance", "ph":"E", "ts":"3738742299", "pid":"1", "tid":"mom"},
{"name":"ModelSetRunClock", "ph":"B", "ts":"3742012438", "pid":"1", "tid":"mom"},
{"name":"ModelSetRunClock", "ph":"E", "ts":"3742012487", "pid":"1", "tid":"mom"},
{"name":"ModelAdvance", "ph":"B", "ts":"3742012638", "pid":"1", "tid":"mom"},
{"name":"ModelAdvance", "ph":"E", "ts":"3749439867", "pid":"1", "tid":"mom"},
{"name":"ModelSetRunClock", "ph":"B", "ts":"3752902249", "pid":"1", "tid":"mom"},
{"name":"ModelSetRunClock", "ph":"E", "ts":"3752939300", "pid":"1", "tid":"mom"},
{"name":"ModelAdvance", "ph":"B", "ts":"3752939484", "pid":"1", "tid":"mom"},
{"name":"ModelAdvance", "ph":"E", "ts":"3759021879", "pid":"1", "tid":"mom"},
{"name":"ModelSetRunClock", "ph":"B", "ts":"3762381126", "pid":"1", "tid":"mom"},
{"name":"ModelSetRunClock", "ph":"E", "ts":"3762381189", "pid":"1", "tid":"mom"},
{"name":"ModelAdvance", "ph":"B", "ts":"3762381344", "pid":"1", "tid":"mom"},
{"name":"ModelAdvance", "ph":"E", "ts":"3771905833", "pid":"1", "tid":"mom"},
{"name":"ModelSetRunClock", "ph":"B", "ts":"3774756569", "pid":"1", "tid":"mom"},
{"name":"ModelSetRunClock", "ph":"E", "ts":"3774756644", "pid":"1", "tid":"mom"},
{"name":"ModelAdvance", "ph":"B", "ts":"3774756832", "pid":"1", "tid":"mom"},
{"name":"ModelAdvance", "ph":"E", "ts":"3780836727", "pid":"1", "tid":"mom"},
{"name":"ModelSetRunClock", "ph":"B", "ts":"3784070526", "pid":"1", "tid":"mom"},
{"name":"ModelSetRunClock", "ph":"E", "ts":"3784070702", "pid":"1", "tid":"mom"},
{"name":"ModelAdvance", "ph":"B", "ts":"3784070859", "pid":"1", "tid":"mom"},
{"name":"ModelAdvance", "ph":"E", "ts":"3792275980", "pid":"1", "tid":"mom"},
{"name":"ModelSetRunClock", "ph":"B", "ts":"3795281376", "pid":"1", "tid":"mom"},
{"name":"ModelSetRunClock", "ph":"E", "ts":"3795281459", "pid":"1", "tid":"mom"},
{"name":"ModelAdvance", "ph":"B", "ts":"3795281634", "pid":"1", "tid":"mom"},
{"name":"ModelAdvance", "ph":"E", "ts":"3822251509", "pid":"1", "tid":"mom"},
{"name":"ModelSetRunClock", "ph":"B", "ts":"3837868133", "pid":"1", "tid":"mom"},
{"name":"ModelSetRunClock", "ph":"E", "ts":"3837868260", "pid":"1", "tid":"mom"},
{"name":"ModelAdvance", "ph":"B", "ts":"3837868506", "pid":"1", "tid":"mom"},
{"name":"ModelAdvance", "ph":"E", "ts":"3848407149", "pid":"1", "tid":"mom"},
{"name":"ModelSetRunClock", "ph":"B", "ts":"3848430172", "pid":"1", "tid":"mom"},
{"name":"ModelSetRunClock", "ph":"E", "ts":"3848430245", "pid":"1", "tid":"mom"},
{"name":"ModelAdvance", "ph":"B", "ts":"3848430473", "pid":"1", "tid":"mom"},
{"name":"ModelAdvance", "ph":"E", "ts":"3854497051", "pid":"1", "tid":"mom"},
{"name":"ModelSetRunClock", "ph":"B", "ts":"3858265577", "pid":"1", "tid":"mom"},
{"name":"ModelSetRunClock", "ph":"E", "ts":"3858265636", "pid":"1", "tid":"mom"},
{"name":"ModelAdvance", "ph":"B", "ts":"3858265791", "pid":"1", "tid":"mom"},
{"name":"ModelAdvance", "ph":"E", "ts":"3868069986", "pid":"1", "tid":"mom"},
{"name":"ModelSetRunClock", "ph":"B", "ts":"3871641970", "pid":"1", "tid":"mom"},
{"name":"ModelSetRunClock", "ph":"E", "ts":"3871642037", "pid":"1", "tid":"mom"},
{"name":"ModelAdvance", "ph":"B", "ts":"3871642203", "pid":"1", "tid":"mom"},
{"name":"ModelAdvance", "ph":"E", "ts":"3877706330", "pid":"1", "tid":"mom"},
{"name":"ModelSetRunClock", "ph":"B", "ts":"3881862522", "pid":"1", "tid":"mom"},
{"name":"ModelSetRunClock", "ph":"E", "ts":"3881862597", "pid":"1", "tid":"mom"},
{"name":"ModelAdvance", "ph":"B", "ts":"3881862760", "pid":"1", "tid":"mom"},
{"name":"ModelAdvance", "ph":"E", "ts":"3889654120", "pid":"1", "tid":"mom"},
{"name":"ModelSetRunClock", "ph":"B", "ts":"3893361098", "pid":"1", "tid":"mom"},
{"name":"ModelSetRunClock", "ph":"E", "ts":"3893361176", "pid":"1", "tid":"mom"},
{"name":"ModelAdvance", "ph":"B", "ts":"3893361347", "pid":"1", "tid":"mom"},
{"name":"ModelAdvance", "ph":"E", "ts":"3899541522", "pid":"1", "tid":"mom"},
{"name":"ModelSetRunClock", "ph":"B", "ts":"3903458524", "pid":"1", "tid":"mom"},
{"name":"ModelSetRunClock", "ph":"E", "ts":"3903458571", "pid":"1", "tid":"mom"},
{"name":"ModelAdvance", "ph":"B", "ts":"3903458724", "pid":"1", "tid":"mom"},
{"name":"ModelAdvance", "ph":"E", "ts":"3911202023", "pid":"1", "tid":"mom"},
{"name":"ModelSetRunClock", "ph":"B", "ts":"3914789773", "pid":"1", "tid":"mom"},
{"name":"ModelSetRunClock", "ph":"E", "ts":"3914790028", "pid":"1", "tid":"mom"},
{"name":"ModelAdvance", "ph":"B", "ts":"3914790214", "pid":"1", "tid":"mom"},
{"name":"ModelAdvance", "ph":"E", "ts":"3920882286", "pid":"1", "tid":"mom"},
{"name":"ModelSetRunClock", "ph":"B", "ts":"3924805635", "pid":"1", "tid":"mom"},
{"name":"ModelSetRunClock", "ph":"E", "ts":"3924805691", "pid":"1", "tid":"mom"},
{"name":"ModelAdvance", "ph":"B", "ts":"3924805846", "pid":"1", "tid":"mom"},
{"name":"ModelAdvance", "ph":"E", "ts":"3932583860", "pid":"1", "tid":"mom"},
{"name":"ModelSetRunClock", "ph":"B", "ts":"3936088346", "pid":"1", "tid":"mom"},
{"name":"ModelSetRunClock", "ph":"E", "ts":"3936088427", "pid":"1", "tid":"mom"},
{"name":"ModelAdvance", "ph":"B", "ts":"3936088617", "pid":"1", "tid":"mom"},
{"name":"ModelAdvance", "ph":"E", "ts":"3942198849", "pid":"1", "tid":"mom"},
{"name":"ModelSetRunClock", "ph":"B", "ts":"3946119001", "pid":"1", "tid":"mom"},
{"name":"ModelSetRunClock", "ph":"E", "ts":"3946119178", "pid":"1", "tid":"mom"},
{"name":"ModelAdvance", "ph":"B", "ts":"3946119340", "pid":"1", "tid":"mom"},
{"name":"ModelAdvance", "ph":"E", "ts":"3953552825", "pid":"1", "tid":"mom"},
{"name":"ModelSetRunClock", "ph":"B", "ts":"3957110969", "pid":"1", "tid":"mom"},
{"name":"ModelSetRunClock", "ph":"E", "ts":"3957111055", "pid":"1", "tid":"mom"},
{"name":"ModelAdvance", "ph":"B", "ts":"3957111261", "pid":"1", "tid":"mom"},
{"name":"ModelAdvance", "ph":"E", "ts":"3963329754", "pid":"1", "tid":"mom"},
{"name":"ModelSetRunClock", "ph":"B", "ts":"3968096989", "pid":"1", "tid":"mom"},
{"name":"ModelSetRunClock", "ph":"E", "ts":"3968097036", "pid":"1", "tid":"mom"},
{"name":"ModelAdvance", "ph":"B", "ts":"3968097188", "pid":"1", "tid":"mom"},
{"name":"ModelAdvance", "ph":"E", "ts":"3979404176", "pid":"1", "tid":"mom"},
{"name":"ModelSetRunClock", "ph":"B", "ts":"3979425846", "pid":"1", "tid":"mom"},
{"name":"ModelSetRunClock", "ph":"E", "ts":"3979425931", "pid":"1", "tid":"mom"},
{"name":"ModelAdvance", "ph":"B", "ts":"3979426126", "pid":"1", "tid":"mom"},
{"name":"ModelAdvance", "ph":"E", "ts":"3985547545", "pid":"1", "tid":"mom"},
{"name":"ModelSetRunClock", "ph":"B", "ts":"3989564083", "pid":"1", "tid":"mom"},
{"name":"ModelSetRunClock", "ph":"E", "ts":"3989564141", "pid":"1", "tid":"mom"},
{"name":"ModelAdvance", "ph":"B", "ts":"3989564296", "pid":"1", "tid":"mom"},
{"name":"ModelAdvance", "ph":"E", "ts":"3997369550", "pid":"1", "tid":"mom"},
{"name":"ModelSetRunClock", "ph":"B", "ts":"4000970688", "pid":"1", "tid":"mom"},
{"name":"ModelSetRunClock", "ph":"E", "ts":"4000970760", "pid":"1", "tid":"mom"},
{"name":"ModelAdvance", "ph":"B", "ts":"4000970932", "pid":"1", "tid":"mom"},
{"name":"ModelAdvance", "ph":"E", "ts":"4007097769", "pid":"1", "tid":"mom"},
{"name":"ModelSetRunClock", "ph":"B", "ts":"4011118676", "pid":"1", "tid":"mom"},
{"name":"ModelSetRunClock", "ph":"E", "ts":"4011118855", "pid":"1", "tid":"mom"},
{"name":"ModelAdvance", "ph":"B", "ts":"4011119013", "pid":"1", "tid":"mom"},
{"name":"ModelAdvance", "ph":"E", "ts":"4019378572", "pid":"1", "tid":"mom"},
{"name":"ModelSetRunClock", "ph":"B", "ts":"4023032038", "pid":"1", "tid":"mom"},
{"name":"ModelSetRunClock", "ph":"E", "ts":"4023032140", "pid":"1", "tid":"mom"},
{"name":"ModelAdvance", "ph":"B", "ts":"4023032344", "pid":"1", "tid":"mom"},
{"name":"ModelAdvance", "ph":"E", "ts":"4029241478", "pid":"1", "tid":"mom"},
{"name":"ModelSetRunClock", "ph":"B", "ts":"4033168865", "pid":"1", "tid":"mom"},
{"name":"ModelSetRunClock", "ph":"E", "ts":"4033168914", "pid":"1", "tid":"mom"},
{"name":"ModelAdvance", "ph":"B", "ts":"4033169068", "pid":"1", "tid":"mom"},
{"name":"ModelAdvance", "ph":"E", "ts":"4041085219", "pid":"1", "tid":"mom"},
{"name":"ModelSetRunClock", "ph":"B", "ts":"4044681124", "pid":"1", "tid":"mom"},
{"name":"ModelSetRunClock", "ph":"E", "ts":"4044681420", "pid":"1", "tid":"mom"},
{"name":"ModelAdvance", "ph":"B", "ts":"4044681655", "pid":"1", "tid":"mom"},
{"name":"ModelAdvance", "ph":"E", "ts":"4050782669", "pid":"1", "tid":"mom"},
{"name":"ModelSetRunClock", "ph":"B", "ts":"4054774826", "pid":"1", "tid":"mom"},
{"name":"ModelSetRunClock", "ph":"E", "ts":"4054774887", "pid":"1", "tid":"mom"},
{"name":"ModelAdvance", "ph":"B", "ts":"4054775043", "pid":"1", "tid":"mom"},
{"name":"ModelAdvance", "ph":"E", "ts":"4062544590", "pid":"1", "tid":"mom"},
{"name":"ModelSetRunClock", "ph":"B", "ts":"4066105579", "pid":"1", "tid":"mom"},
{"name":"ModelSetRunClock", "ph":"E", "ts":"4066105661", "pid":"1", "tid":"mom"},
{"name":"ModelAdvance", "ph":"B", "ts":"4066105873", "pid":"1", "tid":"mom"},
{"name":"ModelAdvance", "ph":"E", "ts":"4072192280", "pid":"1", "tid":"mom"},
{"name":"ModelSetRunClock", "ph":"B", "ts":"4076121468", "pid":"1", "tid":"mom"},
{"name":"ModelSetRunClock", "ph":"E", "ts":"4076121647", "pid":"1", "tid":"mom"},
{"name":"ModelAdvance", "ph":"B", "ts":"4076121804", "pid":"1", "tid":"mom"},
{"name":"ModelAdvance", "ph":"E", "ts":"4083556332", "pid":"1", "tid":"mom"},
{"name":"ModelSetRunClock", "ph":"B", "ts":"4087049907", "pid":"1", "tid":"mom"},
{"name":"ModelSetRunClock", "ph":"E", "ts":"4087049990", "pid":"1", "tid":"mom"},
{"name":"ModelAdvance", "ph":"B", "ts":"4087050180", "pid":"1", "tid":"mom"},
{"name":"ModelAdvance", "ph":"E", "ts":"4093201259", "pid":"1", "tid":"mom"},
{"name":"ModelSetRunClock", "ph":"B", "ts":"4097392124", "pid":"1", "tid":"mom"},
{"name":"ModelSetRunClock", "ph":"E", "ts":"4097392174", "pid":"1", "tid":"mom"},
{"name":"ModelAdvance", "ph":"B", "ts":"4097392326", "pid":"1", "tid":"mom"},
{"name":"ModelAdvance", "ph":"E", "ts":"4108902059", "pid":"1", "tid":"mom"},
{"name":"ModelSetRunClock", "ph":"B", "ts":"4108919105", "pid":"1", "tid":"mom"},
{"name":"ModelSetRunClock", "ph":"E", "ts":"4108919191", "pid":"1", "tid":"mom"},
{"name":"ModelAdvance", "ph":"B", "ts":"4108919508", "pid":"1", "tid":"mom"},
{"name":"ModelAdvance", "ph":"E", "ts":"4115027487", "pid":"1", "tid":"mom"},
{"name":"ModelSetRunClock", "ph":"B", "ts":"4118803095", "pid":"1", "tid":"mom"},
{"name":"ModelSetRunClock", "ph":"E", "ts":"4118803152", "pid":"1", "tid":"mom"},
{"name":"ModelAdvance", "ph":"B", "ts":"4118803305", "pid":"1", "tid":"mom"},
{"name":"ModelAdvance", "ph":"E", "ts":"4127454808", "pid":"1", "tid":"mom"},
{"name":"ModelSetRunClock", "ph":"B", "ts":"4130729798", "pid":"1", "tid":"mom"},
{"name":"ModelSetRunClock", "ph":"E", "ts":"4130729889", "pid":"1", "tid":"mom"},
{"name":"ModelAdvance", "ph":"B", "ts":"4130730096", "pid":"1", "tid":"mom"},
{"name":"ModelAdvance", "ph":"E", "ts":"4136805556", "pid":"1", "tid":"mom"},
{"name":"ModelSetRunClock", "ph":"B", "ts":"4140488533", "pid":"1", "tid":"mom"},
{"name":"ModelSetRunClock", "ph":"E", "ts":"4140488590", "pid":"1", "tid":"mom"},
{"name":"ModelAdvance", "ph":"B", "ts":"4140488744", "pid":"1", "tid":"mom"},
{"name":"ModelAdvance", "ph":"E", "ts":"4148026176", "pid":"1", "tid":"mom"},
{"name":"ModelSetRunClock", "ph":"B", "ts":"4151232382", "pid":"1", "tid":"mom"},
{"name":"ModelSetRunClock", "ph":"E", "ts":"4151232484", "pid":"1", "tid":"mom"},
{"name":"ModelAdvance", "ph":"B", "ts":"4151232703", "pid":"1", "tid":"mom"},
{"name":"ModelAdvance", "ph":"E", "ts":"4157393893", "pid":"1", "tid":"mom"},
{"name":"ModelSetRunClock", "ph":"B", "ts":"4160887212", "pid":"1", "tid":"mom"},
{"name":"ModelSetRunClock", "ph":"E", "ts":"4160887265", "pid":"1", "tid":"mom"},
{"name":"ModelAdvance", "ph":"B", "ts":"4160887417", "pid":"1", "tid":"mom"},
{"name":"ModelAdvance", "ph":"E", "ts":"4168388123", "pid":"1", "tid":"mom"},
