{"name":"SetServices", "ph":"B", "ts":"1293370045", "pid":"1", "tid":"wrtComp_06"},
{"name":"SetServices", "ph":"E", "ts":"1293370848", "pid":"1", "tid":"wrtComp_06"},
{"name":"wrt_initialize_p1", "ph":"B", "ts":"1293371377", "pid":"1", "tid":"wrtComp_06"},
{"name":"wrt_initialize_p1", "ph":"E", "ts":"1293856814", "pid":"1", "tid":"wrtComp_06"},
{"name":"wrt_run", "ph":"B", "ts":"1583663877", "pid":"1", "tid":"wrtComp_06"},
{"name":"wrt_run", "ph":"E", "ts":"1651034272", "pid":"1", "tid":"wrtComp_06"},
{"name":"wrt_run", "ph":"B", "ts":"1754541570", "pid":"1", "tid":"wrtComp_06"},
{"name":"wrt_run", "ph":"E", "ts":"1816090506", "pid":"1", "tid":"wrtComp_06"},
{"name":"wrt_run", "ph":"B", "ts":"1943933065", "pid":"1", "tid":"wrtComp_06"},
{"name":"wrt_run", "ph":"E", "ts":"2040007899", "pid":"1", "tid":"wrtComp_06"},
{"name":"wrt_run", "ph":"B", "ts":"2121632635", "pid":"1", "tid":"wrtComp_06"},
{"name":"wrt_run", "ph":"E", "ts":"2192476888", "pid":"1", "tid":"wrtComp_06"},
{"name":"wrt_run", "ph":"B", "ts":"2315428244", "pid":"1", "tid":"wrtComp_06"},
{"name":"wrt_run", "ph":"E", "ts":"2376272152", "pid":"1", "tid":"wrtComp_06"},
{"name":"wrt_run", "ph":"B", "ts":"2475736549", "pid":"1", "tid":"wrtComp_06"},
{"name":"wrt_run", "ph":"E", "ts":"2538042382", "pid":"1", "tid":"wrtComp_06"},
{"name":"wrt_run", "ph":"B", "ts":"2637388058", "pid":"1", "tid":"wrtComp_06"},
{"name":"wrt_run", "ph":"E", "ts":"2698952364", "pid":"1", "tid":"wrtComp_06"},
{"name":"wrt_run", "ph":"B", "ts":"2797160134", "pid":"1", "tid":"wrtComp_06"},
{"name":"wrt_run", "ph":"E", "ts":"2863355436", "pid":"1", "tid":"wrtComp_06"},
{"name":"wrt_run", "ph":"B", "ts":"2956435975", "pid":"1", "tid":"wrtComp_06"},
{"name":"wrt_run", "ph":"E", "ts":"3021812390", "pid":"1", "tid":"wrtComp_06"},
{"name":"wrt_run", "ph":"B", "ts":"3147173448", "pid":"1", "tid":"wrtComp_06"},
{"name":"wrt_run", "ph":"E", "ts":"3211770956", "pid":"1", "tid":"wrtComp_06"},
{"name":"wrt_run", "ph":"B", "ts":"3314018887", "pid":"1", "tid":"wrtComp_06"},
{"name":"wrt_run", "ph":"E", "ts":"3382239831", "pid":"1", "tid":"wrtComp_06"},
{"name":"wrt_run", "ph":"B", "ts":"3490305220", "pid":"1", "tid":"wrtComp_06"},
{"name":"wrt_run", "ph":"E", "ts":"3563105196", "pid":"1", "tid":"wrtComp_06"},
{"name":"wrt_run", "ph":"B", "ts":"3659983042", "pid":"1", "tid":"wrtComp_06"},
{"name":"wrt_run", "ph":"E", "ts":"3727492841", "pid":"1", "tid":"wrtComp_06"},
{"name":"wrt_run", "ph":"B", "ts":"3860128989", "pid":"1", "tid":"wrtComp_06"},
{"name":"wrt_run", "ph":"E", "ts":"3927634032", "pid":"1", "tid":"wrtComp_06"},
{"name":"wrt_run", "ph":"B", "ts":"4034636512", "pid":"1", "tid":"wrtComp_06"},
{"name":"wrt_run", "ph":"E", "ts":"4100567001", "pid":"1", "tid":"wrtComp_06"},
