{"name":"SetServices", "ph":"B", "ts":"805694178", "pid":"1", "tid":"mom"},
{"name":"SetServices", "ph":"E", "ts":"805696876", "pid":"1", "tid":"mom"},
{"name":"InitializeP0", "ph":"B", "ts":"805773648", "pid":"1", "tid":"mom"},
{"name":"InitializeP0", "ph":"E", "ts":"805776401", "pid":"1", "tid":"mom"},
{"name":"InitializeAdvertise", "ph":"B", "ts":"809651120", "pid":"1", "tid":"mom"},
{"name":"InitializeAdvertise", "ph":"E", "ts":"888751521", "pid":"1", "tid":"mom"},
{"name":"InitializeRealize", "ph":"B", "ts":"949068261", "pid":"1", "tid":"mom"},
{"name":"InitializeRealize", "ph":"E", "ts":"952010019", "pid":"1", "tid":"mom"},
{"name":"DataInitialize", "ph":"B", "ts":"989813371", "pid":"1", "tid":"mom"},
{"name":"DataInitialize", "ph":"E", "ts":"989815711", "pid":"1", "tid":"mom"},
{"name":"ModelSetRunClock", "ph":"B", "ts":"1028845796", "pid":"1", "tid":"mom"},
{"name":"ModelSetRunClock", "ph":"E", "ts":"1028854931", "pid":"1", "tid":"mom"},
{"name":"ModelAdvance", "ph":"B", "ts":"1028855103", "pid":"1", "tid":"mom"},
{"name":"ModelAdvance", "ph":"E", "ts":"1046989429", "pid":"1", "tid":"mom"},
{"name":"ModelSetRunClock", "ph":"B", "ts":"1077962978", "pid":"1", "tid":"mom"},
{"name":"ModelSetRunClock", "ph":"E", "ts":"1077963192", "pid":"1", "tid":"mom"},
{"name":"ModelAdvance", "ph":"B", "ts":"1077963370", "pid":"1", "tid":"mom"},
{"name":"ModelAdvance", "ph":"E", "ts":"1092893168", "pid":"1", "tid":"mom"},
{"name":"ModelSetRunClock", "ph":"B", "ts":"1124167525", "pid":"1", "tid":"mom"},
{"name":"ModelSetRunClock", "ph":"E", "ts":"1124167733", "pid":"1", "tid":"mom"},
{"name":"ModelAdvance", "ph":"B", "ts":"1124167891", "pid":"1", "tid":"mom"},
{"name":"ModelAdvance", "ph":"E", "ts":"1151042244", "pid":"1", "tid":"mom"},
{"name":"ModelSetRunClock", "ph":"B", "ts":"1180252394", "pid":"1", "tid":"mom"},
{"name":"ModelSetRunClock", "ph":"E", "ts":"1180252608", "pid":"1", "tid":"mom"},
{"name":"ModelAdvance", "ph":"B", "ts":"1180252776", "pid":"1", "tid":"mom"},
{"name":"ModelAdvance", "ph":"E", "ts":"1195264156", "pid":"1", "tid":"mom"},
{"name":"ModelSetRunClock", "ph":"B", "ts":"1231408162", "pid":"1", "tid":"mom"},
{"name":"ModelSetRunClock", "ph":"E", "ts":"1231408372", "pid":"1", "tid":"mom"},
{"name":"ModelAdvance", "ph":"B", "ts":"1231408538", "pid":"1", "tid":"mom"},
{"name":"ModelAdvance", "ph":"E", "ts":"1257172717", "pid":"1", "tid":"mom"},
{"name":"ModelSetRunClock", "ph":"B", "ts":"1275518944", "pid":"1", "tid":"mom"},
{"name":"ModelSetRunClock", "ph":"E", "ts":"1275519157", "pid":"1", "tid":"mom"},
{"name":"ModelAdvance", "ph":"B", "ts":"1275519323", "pid":"1", "tid":"mom"},
{"name":"ModelAdvance", "ph":"E", "ts":"1290644043", "pid":"1", "tid":"mom"},
{"name":"ModelSetRunClock", "ph":"B", "ts":"1316786679", "pid":"1", "tid":"mom"},
{"name":"ModelSetRunClock", "ph":"E", "ts":"1316786933", "pid":"1", "tid":"mom"},
{"name":"ModelAdvance", "ph":"B", "ts":"1316787161", "pid":"1", "tid":"mom"},
{"name":"ModelAdvance", "ph":"E", "ts":"1340472964", "pid":"1", "tid":"mom"},
{"name":"ModelSetRunClock", "ph":"B", "ts":"1354840209", "pid":"1", "tid":"mom"},
{"name":"ModelSetRunClock", "ph":"E", "ts":"1354840478", "pid":"1", "tid":"mom"},
{"name":"ModelAdvance", "ph":"B", "ts":"1354840695", "pid":"1", "tid":"mom"},
{"name":"ModelAdvance", "ph":"E", "ts":"1369829458", "pid":"1", "tid":"mom"},
{"name":"ModelSetRunClock", "ph":"B", "ts":"1389485695", "pid":"1", "tid":"mom"},
{"name":"ModelSetRunClock", "ph":"E", "ts":"1389485897", "pid":"1", "tid":"mom"},
{"name":"ModelAdvance", "ph":"B", "ts":"1389486055", "pid":"1", "tid":"mom"},
{"name":"ModelAdvance", "ph":"E", "ts":"1413783826", "pid":"1", "tid":"mom"},
{"name":"ModelSetRunClock", "ph":"B", "ts":"1427040502", "pid":"1", "tid":"mom"},
{"name":"ModelSetRunClock", "ph":"E", "ts":"1427040709", "pid":"1", "tid":"mom"},
{"name":"ModelAdvance", "ph":"B", "ts":"1427040869", "pid":"1", "tid":"mom"},
{"name":"ModelAdvance", "ph":"E", "ts":"1442101682", "pid":"1", "tid":"mom"},
{"name":"ModelSetRunClock", "ph":"B", "ts":"1461833225", "pid":"1", "tid":"mom"},
{"name":"ModelSetRunClock", "ph":"E", "ts":"1461833435", "pid":"1", "tid":"mom"},
{"name":"ModelAdvance", "ph":"B", "ts":"1461833656", "pid":"1", "tid":"mom"},
{"name":"ModelAdvance", "ph":"E", "ts":"1485240894", "pid":"1", "tid":"mom"},
{"name":"ModelSetRunClock", "ph":"B", "ts":"1499722467", "pid":"1", "tid":"mom"},
{"name":"ModelSetRunClock", "ph":"E", "ts":"1499723014", "pid":"1", "tid":"mom"},
{"name":"ModelAdvance", "ph":"B", "ts":"1499723266", "pid":"1", "tid":"mom"},
{"name":"ModelAdvance", "ph":"E", "ts":"1537208173", "pid":"1", "tid":"mom"},
{"name":"ModelSetRunClock", "ph":"B", "ts":"1559267078", "pid":"1", "tid":"mom"},
{"name":"ModelSetRunClock", "ph":"E", "ts":"1559267150", "pid":"1", "tid":"mom"},
{"name":"ModelAdvance", "ph":"B", "ts":"1559267306", "pid":"1", "tid":"mom"},
{"name":"ModelAdvance", "ph":"E", "ts":"1583367796", "pid":"1", "tid":"mom"},
{"name":"ModelSetRunClock", "ph":"B", "ts":"1596110694", "pid":"1", "tid":"mom"},
{"name":"ModelSetRunClock", "ph":"E", "ts":"1596110768", "pid":"1", "tid":"mom"},
{"name":"ModelAdvance", "ph":"B", "ts":"1596110920", "pid":"1", "tid":"mom"},
{"name":"ModelAdvance", "ph":"E", "ts":"1610660648", "pid":"1", "tid":"mom"},
{"name":"ModelSetRunClock", "ph":"B", "ts":"1630816698", "pid":"1", "tid":"mom"},
{"name":"ModelSetRunClock", "ph":"E", "ts":"1630816895", "pid":"1", "tid":"mom"},
{"name":"ModelAdvance", "ph":"B", "ts":"1630817106", "pid":"1", "tid":"mom"},
{"name":"ModelAdvance", "ph":"E", "ts":"1654759531", "pid":"1", "tid":"mom"},
{"name":"ModelSetRunClock", "ph":"B", "ts":"1669111069", "pid":"1", "tid":"mom"},
{"name":"ModelSetRunClock", "ph":"E", "ts":"1669111279", "pid":"1", "tid":"mom"},
{"name":"ModelAdvance", "ph":"B", "ts":"1669111445", "pid":"1", "tid":"mom"},
{"name":"ModelAdvance", "ph":"E", "ts":"1683610002", "pid":"1", "tid":"mom"},
{"name":"ModelSetRunClock", "ph":"B", "ts":"1703892004", "pid":"1", "tid":"mom"},
{"name":"ModelSetRunClock", "ph":"E", "ts":"1703892214", "pid":"1", "tid":"mom"},
{"name":"ModelAdvance", "ph":"B", "ts":"1703892372", "pid":"1", "tid":"mom"},
{"name":"ModelAdvance", "ph":"E", "ts":"1740250138", "pid":"1", "tid":"mom"},
{"name":"ModelSetRunClock", "ph":"B", "ts":"1741508294", "pid":"1", "tid":"mom"},
{"name":"ModelSetRunClock", "ph":"E", "ts":"1741508363", "pid":"1", "tid":"mom"},
{"name":"ModelAdvance", "ph":"B", "ts":"1741508509", "pid":"1", "tid":"mom"},
{"name":"ModelAdvance", "ph":"E", "ts":"1786473453", "pid":"1", "tid":"mom"},
{"name":"ModelSetRunClock", "ph":"B", "ts":"1795610584", "pid":"1", "tid":"mom"},
{"name":"ModelSetRunClock", "ph":"E", "ts":"1795610662", "pid":"1", "tid":"mom"},
{"name":"ModelAdvance", "ph":"B", "ts":"1795610828", "pid":"1", "tid":"mom"},
{"name":"ModelAdvance", "ph":"E", "ts":"1819419754", "pid":"1", "tid":"mom"},
{"name":"ModelSetRunClock", "ph":"B", "ts":"1832374604", "pid":"1", "tid":"mom"},
{"name":"ModelSetRunClock", "ph":"E", "ts":"1832374777", "pid":"1", "tid":"mom"},
{"name":"ModelAdvance", "ph":"B", "ts":"1832374957", "pid":"1", "tid":"mom"},
{"name":"ModelAdvance", "ph":"E", "ts":"1846967935", "pid":"1", "tid":"mom"},
{"name":"ModelSetRunClock", "ph":"B", "ts":"1867164958", "pid":"1", "tid":"mom"},
{"name":"ModelSetRunClock", "ph":"E", "ts":"1867165160", "pid":"1", "tid":"mom"},
{"name":"ModelAdvance", "ph":"B", "ts":"1867165325", "pid":"1", "tid":"mom"},
{"name":"ModelAdvance", "ph":"E", "ts":"1891579505", "pid":"1", "tid":"mom"},
{"name":"ModelSetRunClock", "ph":"B", "ts":"1905065586", "pid":"1", "tid":"mom"},
{"name":"ModelSetRunClock", "ph":"E", "ts":"1905065802", "pid":"1", "tid":"mom"},
{"name":"ModelAdvance", "ph":"B", "ts":"1905065974", "pid":"1", "tid":"mom"},
{"name":"ModelAdvance", "ph":"E", "ts":"1919632726", "pid":"1", "tid":"mom"},
{"name":"ModelSetRunClock", "ph":"B", "ts":"1939697444", "pid":"1", "tid":"mom"},
{"name":"ModelSetRunClock", "ph":"E", "ts":"1939697647", "pid":"1", "tid":"mom"},
{"name":"ModelAdvance", "ph":"B", "ts":"1939697808", "pid":"1", "tid":"mom"},
{"name":"ModelAdvance", "ph":"E", "ts":"1963774244", "pid":"1", "tid":"mom"},
{"name":"ModelSetRunClock", "ph":"B", "ts":"1977712480", "pid":"1", "tid":"mom"},
{"name":"ModelSetRunClock", "ph":"E", "ts":"1977712736", "pid":"1", "tid":"mom"},
{"name":"ModelAdvance", "ph":"B", "ts":"1977712998", "pid":"1", "tid":"mom"},
{"name":"ModelAdvance", "ph":"E", "ts":"2013131889", "pid":"1", "tid":"mom"},
{"name":"ocean_model_finalize", "ph":"B", "ts":"2013137597", "pid":"1", "tid":"mom"},
{"name":"ocean_model_finalize", "ph":"E", "ts":"2023336924", "pid":"1", "tid":"mom"},
