{"name":"SetServices", "ph":"B", "ts":"805797089", "pid":"1", "tid":"wave"},
{"name":"SetServices", "ph":"E", "ts":"805799531", "pid":"1", "tid":"wave"},
{"name":"InitializeP0", "ph":"B", "ts":"805803818", "pid":"1", "tid":"wave"},
{"name":"InitializeP0", "ph":"E", "ts":"805803909", "pid":"1", "tid":"wave"},
{"name":"InitializeAdvertise", "ph":"B", "ts":"809649804", "pid":"1", "tid":"wave"},
{"name":"InitializeAdvertise", "ph":"E", "ts":"862668763", "pid":"1", "tid":"wave"},
{"name":"InitializeRealize", "ph":"B", "ts":"949259389", "pid":"1", "tid":"wave"},
{"name":"InitializeRealize", "ph":"E", "ts":"959315679", "pid":"1", "tid":"wave"},
{"name":"DataInitialize", "ph":"B", "ts":"992536965", "pid":"1", "tid":"wave"},
{"name":"DataInitialize", "ph":"E", "ts":"992556632", "pid":"1", "tid":"wave"},
{"name":"ModelSetRunClock", "ph":"B", "ts":"1028816547", "pid":"1", "tid":"wave"},
{"name":"ModelSetRunClock", "ph":"E", "ts":"1028830350", "pid":"1", "tid":"wave"},
{"name":"ModelAdvance", "ph":"B", "ts":"1028830487", "pid":"1", "tid":"wave"},
{"name":"ModelAdvance", "ph":"E", "ts":"1055676329", "pid":"1", "tid":"wave"},
{"name":"ModelSetRunClock", "ph":"B", "ts":"1077949653", "pid":"1", "tid":"wave"},
{"name":"ModelSetRunClock", "ph":"E", "ts":"1077949738", "pid":"1", "tid":"wave"},
{"name":"ModelAdvance", "ph":"B", "ts":"1077949842", "pid":"1", "tid":"wave"},
{"name":"ModelAdvance", "ph":"E", "ts":"1113245066", "pid":"1", "tid":"wave"},
{"name":"ModelSetRunClock", "ph":"B", "ts":"1124162451", "pid":"1", "tid":"wave"},
{"name":"ModelSetRunClock", "ph":"E", "ts":"1124162541", "pid":"1", "tid":"wave"},
{"name":"ModelAdvance", "ph":"B", "ts":"1124162649", "pid":"1", "tid":"wave"},
{"name":"ModelAdvance", "ph":"E", "ts":"1166884851", "pid":"1", "tid":"wave"},
{"name":"ModelSetRunClock", "ph":"B", "ts":"1178748111", "pid":"1", "tid":"wave"},
{"name":"ModelSetRunClock", "ph":"E", "ts":"1178748172", "pid":"1", "tid":"wave"},
{"name":"ModelAdvance", "ph":"B", "ts":"1178748255", "pid":"1", "tid":"wave"},
{"name":"ModelAdvance", "ph":"E", "ts":"1219221710", "pid":"1", "tid":"wave"},
{"name":"ModelSetRunClock", "ph":"B", "ts":"1231398753", "pid":"1", "tid":"wave"},
{"name":"ModelSetRunClock", "ph":"E", "ts":"1231398818", "pid":"1", "tid":"wave"},
{"name":"ModelAdvance", "ph":"B", "ts":"1231398897", "pid":"1", "tid":"wave"},
{"name":"ModelAdvance", "ph":"E", "ts":"1266540961", "pid":"1", "tid":"wave"},
{"name":"ModelSetRunClock", "ph":"B", "ts":"1275491463", "pid":"1", "tid":"wave"},
{"name":"ModelSetRunClock", "ph":"E", "ts":"1275491547", "pid":"1", "tid":"wave"},
{"name":"ModelAdvance", "ph":"B", "ts":"1275491656", "pid":"1", "tid":"wave"},
{"name":"ModelAdvance", "ph":"E", "ts":"1302936223", "pid":"1", "tid":"wave"},
{"name":"ModelSetRunClock", "ph":"B", "ts":"1316778596", "pid":"1", "tid":"wave"},
{"name":"ModelSetRunClock", "ph":"E", "ts":"1316778738", "pid":"1", "tid":"wave"},
{"name":"ModelAdvance", "ph":"B", "ts":"1316778866", "pid":"1", "tid":"wave"},
{"name":"ModelAdvance", "ph":"E", "ts":"1340785989", "pid":"1", "tid":"wave"},
{"name":"ModelSetRunClock", "ph":"B", "ts":"1354782943", "pid":"1", "tid":"wave"},
{"name":"ModelSetRunClock", "ph":"E", "ts":"1354783086", "pid":"1", "tid":"wave"},
{"name":"ModelAdvance", "ph":"B", "ts":"1354783229", "pid":"1", "tid":"wave"},
{"name":"ModelAdvance", "ph":"E", "ts":"1377855119", "pid":"1", "tid":"wave"},
{"name":"ModelSetRunClock", "ph":"B", "ts":"1389484139", "pid":"1", "tid":"wave"},
{"name":"ModelSetRunClock", "ph":"E", "ts":"1389484212", "pid":"1", "tid":"wave"},
{"name":"ModelAdvance", "ph":"B", "ts":"1389484308", "pid":"1", "tid":"wave"},
{"name":"ModelAdvance", "ph":"E", "ts":"1410953147", "pid":"1", "tid":"wave"},
{"name":"ModelSetRunClock", "ph":"B", "ts":"1427018447", "pid":"1", "tid":"wave"},
{"name":"ModelSetRunClock", "ph":"E", "ts":"1427018631", "pid":"1", "tid":"wave"},
{"name":"ModelAdvance", "ph":"B", "ts":"1427018732", "pid":"1", "tid":"wave"},
{"name":"ModelAdvance", "ph":"E", "ts":"1448037504", "pid":"1", "tid":"wave"},
{"name":"ModelSetRunClock", "ph":"B", "ts":"1461807738", "pid":"1", "tid":"wave"},
{"name":"ModelSetRunClock", "ph":"E", "ts":"1461807931", "pid":"1", "tid":"wave"},
{"name":"ModelAdvance", "ph":"B", "ts":"1461808038", "pid":"1", "tid":"wave"},
{"name":"ModelAdvance", "ph":"E", "ts":"1481757996", "pid":"1", "tid":"wave"},
{"name":"ModelSetRunClock", "ph":"B", "ts":"1499663774", "pid":"1", "tid":"wave"},
{"name":"ModelSetRunClock", "ph":"E", "ts":"1499663958", "pid":"1", "tid":"wave"},
{"name":"ModelAdvance", "ph":"B", "ts":"1499664066", "pid":"1", "tid":"wave"},
{"name":"ModelAdvance", "ph":"E", "ts":"1545776218", "pid":"1", "tid":"wave"},
{"name":"ModelSetRunClock", "ph":"B", "ts":"1559265827", "pid":"1", "tid":"wave"},
{"name":"ModelSetRunClock", "ph":"E", "ts":"1559265905", "pid":"1", "tid":"wave"},
{"name":"ModelAdvance", "ph":"B", "ts":"1559266010", "pid":"1", "tid":"wave"},
{"name":"ModelAdvance", "ph":"E", "ts":"1578740509", "pid":"1", "tid":"wave"},
{"name":"ModelSetRunClock", "ph":"B", "ts":"1596108254", "pid":"1", "tid":"wave"},
{"name":"ModelSetRunClock", "ph":"E", "ts":"1596108320", "pid":"1", "tid":"wave"},
{"name":"ModelAdvance", "ph":"B", "ts":"1596108401", "pid":"1", "tid":"wave"},
{"name":"ModelAdvance", "ph":"E", "ts":"1615851510", "pid":"1", "tid":"wave"},
{"name":"ModelSetRunClock", "ph":"B", "ts":"1630815272", "pid":"1", "tid":"wave"},
{"name":"ModelSetRunClock", "ph":"E", "ts":"1630815373", "pid":"1", "tid":"wave"},
{"name":"ModelAdvance", "ph":"B", "ts":"1630815485", "pid":"1", "tid":"wave"},
{"name":"ModelAdvance", "ph":"E", "ts":"1650035371", "pid":"1", "tid":"wave"},
{"name":"ModelSetRunClock", "ph":"B", "ts":"1669077114", "pid":"1", "tid":"wave"},
{"name":"ModelSetRunClock", "ph":"E", "ts":"1669077189", "pid":"1", "tid":"wave"},
{"name":"ModelAdvance", "ph":"B", "ts":"1669077282", "pid":"1", "tid":"wave"},
{"name":"ModelAdvance", "ph":"E", "ts":"1688712418", "pid":"1", "tid":"wave"},
{"name":"ModelSetRunClock", "ph":"B", "ts":"1703890964", "pid":"1", "tid":"wave"},
{"name":"ModelSetRunClock", "ph":"E", "ts":"1703891120", "pid":"1", "tid":"wave"},
{"name":"ModelAdvance", "ph":"B", "ts":"1703891291", "pid":"1", "tid":"wave"},
{"name":"ModelAdvance", "ph":"E", "ts":"1723211994", "pid":"1", "tid":"wave"},
{"name":"ModelSetRunClock", "ph":"B", "ts":"1741469876", "pid":"1", "tid":"wave"},
{"name":"ModelSetRunClock", "ph":"E", "ts":"1741469956", "pid":"1", "tid":"wave"},
{"name":"ModelAdvance", "ph":"B", "ts":"1741470068", "pid":"1", "tid":"wave"},
{"name":"ModelAdvance", "ph":"E", "ts":"1787180622", "pid":"1", "tid":"wave"},
{"name":"ModelSetRunClock", "ph":"B", "ts":"1795609242", "pid":"1", "tid":"wave"},
{"name":"ModelSetRunClock", "ph":"E", "ts":"1795609342", "pid":"1", "tid":"wave"},
{"name":"ModelAdvance", "ph":"B", "ts":"1795609448", "pid":"1", "tid":"wave"},
{"name":"ModelAdvance", "ph":"E", "ts":"1814480988", "pid":"1", "tid":"wave"},
{"name":"ModelSetRunClock", "ph":"B", "ts":"1832372111", "pid":"1", "tid":"wave"},
{"name":"ModelSetRunClock", "ph":"E", "ts":"1832372354", "pid":"1", "tid":"wave"},
{"name":"ModelAdvance", "ph":"B", "ts":"1832372467", "pid":"1", "tid":"wave"},
{"name":"ModelAdvance", "ph":"E", "ts":"1851617532", "pid":"1", "tid":"wave"},
{"name":"ModelSetRunClock", "ph":"B", "ts":"1867135789", "pid":"1", "tid":"wave"},
{"name":"ModelSetRunClock", "ph":"E", "ts":"1867135988", "pid":"1", "tid":"wave"},
{"name":"ModelAdvance", "ph":"B", "ts":"1867136095", "pid":"1", "tid":"wave"},
{"name":"ModelAdvance", "ph":"E", "ts":"1885805994", "pid":"1", "tid":"wave"},
{"name":"ModelSetRunClock", "ph":"B", "ts":"1905011182", "pid":"1", "tid":"wave"},
{"name":"ModelSetRunClock", "ph":"E", "ts":"1905011614", "pid":"1", "tid":"wave"},
{"name":"ModelAdvance", "ph":"B", "ts":"1905011797", "pid":"1", "tid":"wave"},
{"name":"ModelAdvance", "ph":"E", "ts":"1923897915", "pid":"1", "tid":"wave"},
{"name":"ModelSetRunClock", "ph":"B", "ts":"1939695639", "pid":"1", "tid":"wave"},
{"name":"ModelSetRunClock", "ph":"E", "ts":"1939695703", "pid":"1", "tid":"wave"},
{"name":"ModelAdvance", "ph":"B", "ts":"1939695790", "pid":"1", "tid":"wave"},
{"name":"ModelAdvance", "ph":"E", "ts":"1958014074", "pid":"1", "tid":"wave"},
{"name":"ModelSetRunClock", "ph":"B", "ts":"1977707114", "pid":"1", "tid":"wave"},
{"name":"ModelSetRunClock", "ph":"E", "ts":"1977707188", "pid":"1", "tid":"wave"},
{"name":"ModelAdvance", "ph":"B", "ts":"1977707269", "pid":"1", "tid":"wave"},
{"name":"ModelAdvance", "ph":"E", "ts":"2021014698", "pid":"1", "tid":"wave"},
{"name":"ModelFinalize", "ph":"B", "ts":"2021020589", "pid":"1", "tid":"wave"},
{"name":"ModelFinalize", "ph":"E", "ts":"2021020655", "pid":"1", "tid":"wave"},
