{"name":"SetServices", "ph":"B", "ts":"805720200", "pid":"1", "tid":"cice"},
{"name":"SetServices", "ph":"E", "ts":"805721958", "pid":"1", "tid":"cice"},
{"name":"InitializeP0", "ph":"B", "ts":"805772934", "pid":"1", "tid":"cice"},
{"name":"InitializeP0", "ph":"E", "ts":"805773050", "pid":"1", "tid":"cice"},
{"name":"InitializeAdvertise", "ph":"B", "ts":"809650936", "pid":"1", "tid":"cice"},
{"name":"InitializeAdvertise", "ph":"E", "ts":"815098655", "pid":"1", "tid":"cice"},
{"name":"InitializeRealize", "ph":"B", "ts":"949196152", "pid":"1", "tid":"cice"},
{"name":"InitializeRealize", "ph":"E", "ts":"961182284", "pid":"1", "tid":"cice"},
{"name":"ModelAdvance", "ph":"B", "ts":"1029338759", "pid":"1", "tid":"cice"},
{"name":"ModelAdvance", "ph":"E", "ts":"1031904747", "pid":"1", "tid":"cice"},
{"name":"ModelAdvance", "ph":"B", "ts":"1046478914", "pid":"1", "tid":"cice"},
{"name":"ModelAdvance", "ph":"E", "ts":"1048905792", "pid":"1", "tid":"cice"},
{"name":"ModelAdvance", "ph":"B", "ts":"1049316350", "pid":"1", "tid":"cice"},
{"name":"ModelAdvance", "ph":"E", "ts":"1051734182", "pid":"1", "tid":"cice"},
{"name":"ModelAdvance", "ph":"B", "ts":"1052224712", "pid":"1", "tid":"cice"},
{"name":"ModelAdvance", "ph":"E", "ts":"1054638006", "pid":"1", "tid":"cice"},
{"name":"ModelAdvance", "ph":"B", "ts":"1055046189", "pid":"1", "tid":"cice"},
{"name":"ModelAdvance", "ph":"E", "ts":"1057478332", "pid":"1", "tid":"cice"},
{"name":"ModelAdvance", "ph":"B", "ts":"1057900018", "pid":"1", "tid":"cice"},
{"name":"ModelAdvance", "ph":"E", "ts":"1060331967", "pid":"1", "tid":"cice"},
{"name":"ModelAdvance", "ph":"B", "ts":"1060744404", "pid":"1", "tid":"cice"},
{"name":"ModelAdvance", "ph":"E", "ts":"1063168313", "pid":"1", "tid":"cice"},
{"name":"ModelAdvance", "ph":"B", "ts":"1063576892", "pid":"1", "tid":"cice"},
{"name":"ModelAdvance", "ph":"E", "ts":"1066023949", "pid":"1", "tid":"cice"},
{"name":"ModelAdvance", "ph":"B", "ts":"1066461102", "pid":"1", "tid":"cice"},
{"name":"ModelAdvance", "ph":"E", "ts":"1068853796", "pid":"1", "tid":"cice"},
{"name":"ModelAdvance", "ph":"B", "ts":"1069246163", "pid":"1", "tid":"cice"},
{"name":"ModelAdvance", "ph":"E", "ts":"1071676156", "pid":"1", "tid":"cice"},
{"name":"ModelAdvance", "ph":"B", "ts":"1072086752", "pid":"1", "tid":"cice"},
{"name":"ModelAdvance", "ph":"E", "ts":"1074629029", "pid":"1", "tid":"cice"},
{"name":"ModelAdvance", "ph":"B", "ts":"1074997192", "pid":"1", "tid":"cice"},
{"name":"ModelAdvance", "ph":"E", "ts":"1077457486", "pid":"1", "tid":"cice"},
{"name":"ModelAdvance", "ph":"B", "ts":"1078119059", "pid":"1", "tid":"cice"},
{"name":"ModelAdvance", "ph":"E", "ts":"1080610516", "pid":"1", "tid":"cice"},
{"name":"ModelAdvance", "ph":"B", "ts":"1080950989", "pid":"1", "tid":"cice"},
{"name":"ModelAdvance", "ph":"E", "ts":"1083444155", "pid":"1", "tid":"cice"},
{"name":"ModelAdvance", "ph":"B", "ts":"1083833119", "pid":"1", "tid":"cice"},
{"name":"ModelAdvance", "ph":"E", "ts":"1086339196", "pid":"1", "tid":"cice"},
{"name":"ModelAdvance", "ph":"B", "ts":"1086673842", "pid":"1", "tid":"cice"},
{"name":"ModelAdvance", "ph":"E", "ts":"1089130099", "pid":"1", "tid":"cice"},
{"name":"ModelAdvance", "ph":"B", "ts":"1089490282", "pid":"1", "tid":"cice"},
{"name":"ModelAdvance", "ph":"E", "ts":"1091976532", "pid":"1", "tid":"cice"},
{"name":"ModelAdvance", "ph":"B", "ts":"1092395845", "pid":"1", "tid":"cice"},
{"name":"ModelAdvance", "ph":"E", "ts":"1094839292", "pid":"1", "tid":"cice"},
{"name":"ModelAdvance", "ph":"B", "ts":"1095206124", "pid":"1", "tid":"cice"},
{"name":"ModelAdvance", "ph":"E", "ts":"1097684590", "pid":"1", "tid":"cice"},
{"name":"ModelAdvance", "ph":"B", "ts":"1098085670", "pid":"1", "tid":"cice"},
{"name":"ModelAdvance", "ph":"E", "ts":"1100526348", "pid":"1", "tid":"cice"},
{"name":"ModelAdvance", "ph":"B", "ts":"1100879267", "pid":"1", "tid":"cice"},
{"name":"ModelAdvance", "ph":"E", "ts":"1103362018", "pid":"1", "tid":"cice"},
{"name":"ModelAdvance", "ph":"B", "ts":"1103743196", "pid":"1", "tid":"cice"},
{"name":"ModelAdvance", "ph":"E", "ts":"1106195460", "pid":"1", "tid":"cice"},
{"name":"ModelAdvance", "ph":"B", "ts":"1106633514", "pid":"1", "tid":"cice"},
{"name":"ModelAdvance", "ph":"E", "ts":"1109065325", "pid":"1", "tid":"cice"},
{"name":"ModelAdvance", "ph":"B", "ts":"1109429596", "pid":"1", "tid":"cice"},
{"name":"ModelAdvance", "ph":"E", "ts":"1111908581", "pid":"1", "tid":"cice"},
{"name":"ModelAdvance", "ph":"B", "ts":"1127846570", "pid":"1", "tid":"cice"},
{"name":"ModelAdvance", "ph":"E", "ts":"1130360004", "pid":"1", "tid":"cice"},
{"name":"ModelAdvance", "ph":"B", "ts":"1133005623", "pid":"1", "tid":"cice"},
{"name":"ModelAdvance", "ph":"E", "ts":"1135509616", "pid":"1", "tid":"cice"},
{"name":"ModelAdvance", "ph":"B", "ts":"1135915148", "pid":"1", "tid":"cice"},
{"name":"ModelAdvance", "ph":"E", "ts":"1138357148", "pid":"1", "tid":"cice"},
{"name":"ModelAdvance", "ph":"B", "ts":"1138750469", "pid":"1", "tid":"cice"},
{"name":"ModelAdvance", "ph":"E", "ts":"1141193268", "pid":"1", "tid":"cice"},
{"name":"ModelAdvance", "ph":"B", "ts":"1141605764", "pid":"1", "tid":"cice"},
{"name":"ModelAdvance", "ph":"E", "ts":"1144009482", "pid":"1", "tid":"cice"},
{"name":"ModelAdvance", "ph":"B", "ts":"1144372333", "pid":"1", "tid":"cice"},
{"name":"ModelAdvance", "ph":"E", "ts":"1146822145", "pid":"1", "tid":"cice"},
{"name":"ModelAdvance", "ph":"B", "ts":"1147207213", "pid":"1", "tid":"cice"},
{"name":"ModelAdvance", "ph":"E", "ts":"1149628746", "pid":"1", "tid":"cice"},
{"name":"ModelAdvance", "ph":"B", "ts":"1150053161", "pid":"1", "tid":"cice"},
{"name":"ModelAdvance", "ph":"E", "ts":"1152468756", "pid":"1", "tid":"cice"},
{"name":"ModelAdvance", "ph":"B", "ts":"1152903414", "pid":"1", "tid":"cice"},
{"name":"ModelAdvance", "ph":"E", "ts":"1155351663", "pid":"1", "tid":"cice"},
{"name":"ModelAdvance", "ph":"B", "ts":"1155740966", "pid":"1", "tid":"cice"},
{"name":"ModelAdvance", "ph":"E", "ts":"1158198961", "pid":"1", "tid":"cice"},
{"name":"ModelAdvance", "ph":"B", "ts":"1158578040", "pid":"1", "tid":"cice"},
{"name":"ModelAdvance", "ph":"E", "ts":"1161018252", "pid":"1", "tid":"cice"},
{"name":"ModelAdvance", "ph":"B", "ts":"1161394013", "pid":"1", "tid":"cice"},
{"name":"ModelAdvance", "ph":"E", "ts":"1163914105", "pid":"1", "tid":"cice"},
{"name":"ModelAdvance", "ph":"B", "ts":"1180359432", "pid":"1", "tid":"cice"},
{"name":"ModelAdvance", "ph":"E", "ts":"1182824813", "pid":"1", "tid":"cice"},
{"name":"ModelAdvance", "ph":"B", "ts":"1183212083", "pid":"1", "tid":"cice"},
{"name":"ModelAdvance", "ph":"E", "ts":"1185687487", "pid":"1", "tid":"cice"},
{"name":"ModelAdvance", "ph":"B", "ts":"1186030869", "pid":"1", "tid":"cice"},
{"name":"ModelAdvance", "ph":"E", "ts":"1188568181", "pid":"1", "tid":"cice"},
{"name":"ModelAdvance", "ph":"B", "ts":"1188896245", "pid":"1", "tid":"cice"},
{"name":"ModelAdvance", "ph":"E", "ts":"1191387579", "pid":"1", "tid":"cice"},
{"name":"ModelAdvance", "ph":"B", "ts":"1191803494", "pid":"1", "tid":"cice"},
{"name":"ModelAdvance", "ph":"E", "ts":"1194267942", "pid":"1", "tid":"cice"},
{"name":"ModelAdvance", "ph":"B", "ts":"1194627469", "pid":"1", "tid":"cice"},
{"name":"ModelAdvance", "ph":"E", "ts":"1197072317", "pid":"1", "tid":"cice"},
{"name":"ModelAdvance", "ph":"B", "ts":"1197514058", "pid":"1", "tid":"cice"},
{"name":"ModelAdvance", "ph":"E", "ts":"1199970642", "pid":"1", "tid":"cice"},
{"name":"ModelAdvance", "ph":"B", "ts":"1200424709", "pid":"1", "tid":"cice"},
{"name":"ModelAdvance", "ph":"E", "ts":"1202817862", "pid":"1", "tid":"cice"},
{"name":"ModelAdvance", "ph":"B", "ts":"1203203917", "pid":"1", "tid":"cice"},
{"name":"ModelAdvance", "ph":"E", "ts":"1205675535", "pid":"1", "tid":"cice"},
{"name":"ModelAdvance", "ph":"B", "ts":"1206127934", "pid":"1", "tid":"cice"},
{"name":"ModelAdvance", "ph":"E", "ts":"1208570204", "pid":"1", "tid":"cice"},
{"name":"ModelAdvance", "ph":"B", "ts":"1209019975", "pid":"1", "tid":"cice"},
{"name":"ModelAdvance", "ph":"E", "ts":"1211428863", "pid":"1", "tid":"cice"},
{"name":"ModelAdvance", "ph":"B", "ts":"1211840525", "pid":"1", "tid":"cice"},
{"name":"ModelAdvance", "ph":"E", "ts":"1214290768", "pid":"1", "tid":"cice"},
{"name":"ModelAdvance", "ph":"B", "ts":"1233762421", "pid":"1", "tid":"cice"},
{"name":"ModelAdvance", "ph":"E", "ts":"1236245313", "pid":"1", "tid":"cice"},
{"name":"ModelAdvance", "ph":"B", "ts":"1239016843", "pid":"1", "tid":"cice"},
{"name":"ModelAdvance", "ph":"E", "ts":"1241547187", "pid":"1", "tid":"cice"},
{"name":"ModelAdvance", "ph":"B", "ts":"1241930124", "pid":"1", "tid":"cice"},
{"name":"ModelAdvance", "ph":"E", "ts":"1244442286", "pid":"1", "tid":"cice"},
{"name":"ModelAdvance", "ph":"B", "ts":"1244786055", "pid":"1", "tid":"cice"},
{"name":"ModelAdvance", "ph":"E", "ts":"1247233602", "pid":"1", "tid":"cice"},
{"name":"ModelAdvance", "ph":"B", "ts":"1247639763", "pid":"1", "tid":"cice"},
{"name":"ModelAdvance", "ph":"E", "ts":"1250098655", "pid":"1", "tid":"cice"},
{"name":"ModelAdvance", "ph":"B", "ts":"1250500676", "pid":"1", "tid":"cice"},
{"name":"ModelAdvance", "ph":"E", "ts":"1252885055", "pid":"1", "tid":"cice"},
{"name":"ModelAdvance", "ph":"B", "ts":"1253335564", "pid":"1", "tid":"cice"},
{"name":"ModelAdvance", "ph":"E", "ts":"1255715418", "pid":"1", "tid":"cice"},
{"name":"ModelAdvance", "ph":"B", "ts":"1256135524", "pid":"1", "tid":"cice"},
{"name":"ModelAdvance", "ph":"E", "ts":"1258531626", "pid":"1", "tid":"cice"},
{"name":"ModelAdvance", "ph":"B", "ts":"1258960876", "pid":"1", "tid":"cice"},
{"name":"ModelAdvance", "ph":"E", "ts":"1261373475", "pid":"1", "tid":"cice"},
{"name":"ModelAdvance", "ph":"B", "ts":"1261804131", "pid":"1", "tid":"cice"},
{"name":"ModelAdvance", "ph":"E", "ts":"1264257717", "pid":"1", "tid":"cice"},
{"name":"ModelAdvance", "ph":"B", "ts":"1264696013", "pid":"1", "tid":"cice"},
{"name":"ModelAdvance", "ph":"E", "ts":"1267135395", "pid":"1", "tid":"cice"},
{"name":"ModelAdvance", "ph":"B", "ts":"1267597934", "pid":"1", "tid":"cice"},
{"name":"ModelAdvance", "ph":"E", "ts":"1270039320", "pid":"1", "tid":"cice"},
{"name":"ModelAdvance", "ph":"B", "ts":"1275608865", "pid":"1", "tid":"cice"},
{"name":"ModelAdvance", "ph":"E", "ts":"1278138148", "pid":"1", "tid":"cice"},
{"name":"ModelAdvance", "ph":"B", "ts":"1278496160", "pid":"1", "tid":"cice"},
{"name":"ModelAdvance", "ph":"E", "ts":"1280987943", "pid":"1", "tid":"cice"},
{"name":"ModelAdvance", "ph":"B", "ts":"1281392294", "pid":"1", "tid":"cice"},
{"name":"ModelAdvance", "ph":"E", "ts":"1283883649", "pid":"1", "tid":"cice"},
{"name":"ModelAdvance", "ph":"B", "ts":"1284238813", "pid":"1", "tid":"cice"},
{"name":"ModelAdvance", "ph":"E", "ts":"1286699933", "pid":"1", "tid":"cice"},
{"name":"ModelAdvance", "ph":"B", "ts":"1287094595", "pid":"1", "tid":"cice"},
{"name":"ModelAdvance", "ph":"E", "ts":"1289604239", "pid":"1", "tid":"cice"},
{"name":"ModelAdvance", "ph":"B", "ts":"1289975705", "pid":"1", "tid":"cice"},
{"name":"ModelAdvance", "ph":"E", "ts":"1292419867", "pid":"1", "tid":"cice"},
{"name":"ModelAdvance", "ph":"B", "ts":"1292828780", "pid":"1", "tid":"cice"},
{"name":"ModelAdvance", "ph":"E", "ts":"1295275348", "pid":"1", "tid":"cice"},
{"name":"ModelAdvance", "ph":"B", "ts":"1295688757", "pid":"1", "tid":"cice"},
{"name":"ModelAdvance", "ph":"E", "ts":"1298146339", "pid":"1", "tid":"cice"},
{"name":"ModelAdvance", "ph":"B", "ts":"1298552878", "pid":"1", "tid":"cice"},
{"name":"ModelAdvance", "ph":"E", "ts":"1301076291", "pid":"1", "tid":"cice"},
{"name":"ModelAdvance", "ph":"B", "ts":"1301531042", "pid":"1", "tid":"cice"},
{"name":"ModelAdvance", "ph":"E", "ts":"1303961955", "pid":"1", "tid":"cice"},
{"name":"ModelAdvance", "ph":"B", "ts":"1304433273", "pid":"1", "tid":"cice"},
{"name":"ModelAdvance", "ph":"E", "ts":"1306844591", "pid":"1", "tid":"cice"},
{"name":"ModelAdvance", "ph":"B", "ts":"1307306073", "pid":"1", "tid":"cice"},
{"name":"ModelAdvance", "ph":"E", "ts":"1311921650", "pid":"1", "tid":"cice"},
{"name":"ModelAdvance", "ph":"B", "ts":"1316855787", "pid":"1", "tid":"cice"},
{"name":"ModelAdvance", "ph":"E", "ts":"1319623347", "pid":"1", "tid":"cice"},
{"name":"ModelAdvance", "ph":"B", "ts":"1323370036", "pid":"1", "tid":"cice"},
{"name":"ModelAdvance", "ph":"E", "ts":"1325767971", "pid":"1", "tid":"cice"},
{"name":"ModelAdvance", "ph":"B", "ts":"1326144067", "pid":"1", "tid":"cice"},
{"name":"ModelAdvance", "ph":"E", "ts":"1328726886", "pid":"1", "tid":"cice"},
{"name":"ModelAdvance", "ph":"B", "ts":"1329231143", "pid":"1", "tid":"cice"},
{"name":"ModelAdvance", "ph":"E", "ts":"1331661633", "pid":"1", "tid":"cice"},
{"name":"ModelAdvance", "ph":"B", "ts":"1332081330", "pid":"1", "tid":"cice"},
{"name":"ModelAdvance", "ph":"E", "ts":"1334456209", "pid":"1", "tid":"cice"},
{"name":"ModelAdvance", "ph":"B", "ts":"1334889515", "pid":"1", "tid":"cice"},
{"name":"ModelAdvance", "ph":"E", "ts":"1337278487", "pid":"1", "tid":"cice"},
{"name":"ModelAdvance", "ph":"B", "ts":"1337686807", "pid":"1", "tid":"cice"},
{"name":"ModelAdvance", "ph":"E", "ts":"1340093814", "pid":"1", "tid":"cice"},
{"name":"ModelAdvance", "ph":"B", "ts":"1340536027", "pid":"1", "tid":"cice"},
{"name":"ModelAdvance", "ph":"E", "ts":"1342944583", "pid":"1", "tid":"cice"},
{"name":"ModelAdvance", "ph":"B", "ts":"1343391405", "pid":"1", "tid":"cice"},
{"name":"ModelAdvance", "ph":"E", "ts":"1345833409", "pid":"1", "tid":"cice"},
{"name":"ModelAdvance", "ph":"B", "ts":"1346250897", "pid":"1", "tid":"cice"},
{"name":"ModelAdvance", "ph":"E", "ts":"1348684720", "pid":"1", "tid":"cice"},
{"name":"ModelAdvance", "ph":"B", "ts":"1349075424", "pid":"1", "tid":"cice"},
{"name":"ModelAdvance", "ph":"E", "ts":"1351551390", "pid":"1", "tid":"cice"},
{"name":"ModelAdvance", "ph":"B", "ts":"1352024085", "pid":"1", "tid":"cice"},
{"name":"ModelAdvance", "ph":"E", "ts":"1354450290", "pid":"1", "tid":"cice"},
{"name":"ModelAdvance", "ph":"B", "ts":"1354902148", "pid":"1", "tid":"cice"},
{"name":"ModelAdvance", "ph":"E", "ts":"1357391617", "pid":"1", "tid":"cice"},
{"name":"ModelAdvance", "ph":"B", "ts":"1357838684", "pid":"1", "tid":"cice"},
{"name":"ModelAdvance", "ph":"E", "ts":"1360287140", "pid":"1", "tid":"cice"},
{"name":"ModelAdvance", "ph":"B", "ts":"1360692882", "pid":"1", "tid":"cice"},
{"name":"ModelAdvance", "ph":"E", "ts":"1363186414", "pid":"1", "tid":"cice"},
{"name":"ModelAdvance", "ph":"B", "ts":"1363547952", "pid":"1", "tid":"cice"},
{"name":"ModelAdvance", "ph":"E", "ts":"1366027636", "pid":"1", "tid":"cice"},
{"name":"ModelAdvance", "ph":"B", "ts":"1366451541", "pid":"1", "tid":"cice"},
{"name":"ModelAdvance", "ph":"E", "ts":"1368900707", "pid":"1", "tid":"cice"},
{"name":"ModelAdvance", "ph":"B", "ts":"1369317534", "pid":"1", "tid":"cice"},
{"name":"ModelAdvance", "ph":"E", "ts":"1371714755", "pid":"1", "tid":"cice"},
{"name":"ModelAdvance", "ph":"B", "ts":"1372156857", "pid":"1", "tid":"cice"},
{"name":"ModelAdvance", "ph":"E", "ts":"1374598947", "pid":"1", "tid":"cice"},
{"name":"ModelAdvance", "ph":"B", "ts":"1374993618", "pid":"1", "tid":"cice"},
{"name":"ModelAdvance", "ph":"E", "ts":"1377468685", "pid":"1", "tid":"cice"},
{"name":"ModelAdvance", "ph":"B", "ts":"1377897665", "pid":"1", "tid":"cice"},
{"name":"ModelAdvance", "ph":"E", "ts":"1380364562", "pid":"1", "tid":"cice"},
{"name":"ModelAdvance", "ph":"B", "ts":"1380791927", "pid":"1", "tid":"cice"},
{"name":"ModelAdvance", "ph":"E", "ts":"1383238457", "pid":"1", "tid":"cice"},
{"name":"ModelAdvance", "ph":"B", "ts":"1383674561", "pid":"1", "tid":"cice"},
{"name":"ModelAdvance", "ph":"E", "ts":"1386136380", "pid":"1", "tid":"cice"},
{"name":"ModelAdvance", "ph":"B", "ts":"1386552608", "pid":"1", "tid":"cice"},
{"name":"ModelAdvance", "ph":"E", "ts":"1389110066", "pid":"1", "tid":"cice"},
{"name":"ModelAdvance", "ph":"B", "ts":"1389545885", "pid":"1", "tid":"cice"},
{"name":"ModelAdvance", "ph":"E", "ts":"1392232744", "pid":"1", "tid":"cice"},
{"name":"ModelAdvance", "ph":"B", "ts":"1395591884", "pid":"1", "tid":"cice"},
{"name":"ModelAdvance", "ph":"E", "ts":"1398047323", "pid":"1", "tid":"cice"},
{"name":"ModelAdvance", "ph":"B", "ts":"1398364053", "pid":"1", "tid":"cice"},
{"name":"ModelAdvance", "ph":"E", "ts":"1400967604", "pid":"1", "tid":"cice"},
{"name":"ModelAdvance", "ph":"B", "ts":"1401399913", "pid":"1", "tid":"cice"},
{"name":"ModelAdvance", "ph":"E", "ts":"1403832367", "pid":"1", "tid":"cice"},
{"name":"ModelAdvance", "ph":"B", "ts":"1404238994", "pid":"1", "tid":"cice"},
{"name":"ModelAdvance", "ph":"E", "ts":"1406657658", "pid":"1", "tid":"cice"},
{"name":"ModelAdvance", "ph":"B", "ts":"1407080607", "pid":"1", "tid":"cice"},
{"name":"ModelAdvance", "ph":"E", "ts":"1409529125", "pid":"1", "tid":"cice"},
{"name":"ModelAdvance", "ph":"B", "ts":"1409940295", "pid":"1", "tid":"cice"},
{"name":"ModelAdvance", "ph":"E", "ts":"1412370910", "pid":"1", "tid":"cice"},
{"name":"ModelAdvance", "ph":"B", "ts":"1412757582", "pid":"1", "tid":"cice"},
{"name":"ModelAdvance", "ph":"E", "ts":"1415223894", "pid":"1", "tid":"cice"},
{"name":"ModelAdvance", "ph":"B", "ts":"1415622259", "pid":"1", "tid":"cice"},
{"name":"ModelAdvance", "ph":"E", "ts":"1418065166", "pid":"1", "tid":"cice"},
{"name":"ModelAdvance", "ph":"B", "ts":"1418514545", "pid":"1", "tid":"cice"},
{"name":"ModelAdvance", "ph":"E", "ts":"1420938817", "pid":"1", "tid":"cice"},
{"name":"ModelAdvance", "ph":"B", "ts":"1421381048", "pid":"1", "tid":"cice"},
{"name":"ModelAdvance", "ph":"E", "ts":"1423809212", "pid":"1", "tid":"cice"},
{"name":"ModelAdvance", "ph":"B", "ts":"1424276286", "pid":"1", "tid":"cice"},
{"name":"ModelAdvance", "ph":"E", "ts":"1426690825", "pid":"1", "tid":"cice"},
{"name":"ModelAdvance", "ph":"B", "ts":"1427135585", "pid":"1", "tid":"cice"},
{"name":"ModelAdvance", "ph":"E", "ts":"1429627204", "pid":"1", "tid":"cice"},
{"name":"ModelAdvance", "ph":"B", "ts":"1430013969", "pid":"1", "tid":"cice"},
{"name":"ModelAdvance", "ph":"E", "ts":"1432515036", "pid":"1", "tid":"cice"},
{"name":"ModelAdvance", "ph":"B", "ts":"1432966577", "pid":"1", "tid":"cice"},
{"name":"ModelAdvance", "ph":"E", "ts":"1435458737", "pid":"1", "tid":"cice"},
{"name":"ModelAdvance", "ph":"B", "ts":"1435790414", "pid":"1", "tid":"cice"},
{"name":"ModelAdvance", "ph":"E", "ts":"1438316674", "pid":"1", "tid":"cice"},
{"name":"ModelAdvance", "ph":"B", "ts":"1438732651", "pid":"1", "tid":"cice"},
{"name":"ModelAdvance", "ph":"E", "ts":"1441229367", "pid":"1", "tid":"cice"},
{"name":"ModelAdvance", "ph":"B", "ts":"1441663162", "pid":"1", "tid":"cice"},
{"name":"ModelAdvance", "ph":"E", "ts":"1444071252", "pid":"1", "tid":"cice"},
{"name":"ModelAdvance", "ph":"B", "ts":"1444518613", "pid":"1", "tid":"cice"},
{"name":"ModelAdvance", "ph":"E", "ts":"1446985627", "pid":"1", "tid":"cice"},
{"name":"ModelAdvance", "ph":"B", "ts":"1447431541", "pid":"1", "tid":"cice"},
{"name":"ModelAdvance", "ph":"E", "ts":"1449863918", "pid":"1", "tid":"cice"},
{"name":"ModelAdvance", "ph":"B", "ts":"1450307036", "pid":"1", "tid":"cice"},
{"name":"ModelAdvance", "ph":"E", "ts":"1452734755", "pid":"1", "tid":"cice"},
{"name":"ModelAdvance", "ph":"B", "ts":"1453148992", "pid":"1", "tid":"cice"},
{"name":"ModelAdvance", "ph":"E", "ts":"1455607604", "pid":"1", "tid":"cice"},
{"name":"ModelAdvance", "ph":"B", "ts":"1456070775", "pid":"1", "tid":"cice"},
{"name":"ModelAdvance", "ph":"E", "ts":"1458510449", "pid":"1", "tid":"cice"},
{"name":"ModelAdvance", "ph":"B", "ts":"1458978447", "pid":"1", "tid":"cice"},
{"name":"ModelAdvance", "ph":"E", "ts":"1461396111", "pid":"1", "tid":"cice"},
{"name":"ModelAdvance", "ph":"B", "ts":"1461884701", "pid":"1", "tid":"cice"},
{"name":"ModelAdvance", "ph":"E", "ts":"1464624673", "pid":"1", "tid":"cice"},
{"name":"ModelAdvance", "ph":"B", "ts":"1468067791", "pid":"1", "tid":"cice"},
{"name":"ModelAdvance", "ph":"E", "ts":"1470489100", "pid":"1", "tid":"cice"},
{"name":"ModelAdvance", "ph":"B", "ts":"1470871123", "pid":"1", "tid":"cice"},
{"name":"ModelAdvance", "ph":"E", "ts":"1473410320", "pid":"1", "tid":"cice"},
{"name":"ModelAdvance", "ph":"B", "ts":"1473905357", "pid":"1", "tid":"cice"},
{"name":"ModelAdvance", "ph":"E", "ts":"1476397986", "pid":"1", "tid":"cice"},
{"name":"ModelAdvance", "ph":"B", "ts":"1476852311", "pid":"1", "tid":"cice"},
{"name":"ModelAdvance", "ph":"E", "ts":"1479229434", "pid":"1", "tid":"cice"},
{"name":"ModelAdvance", "ph":"B", "ts":"1479649269", "pid":"1", "tid":"cice"},
{"name":"ModelAdvance", "ph":"E", "ts":"1482084781", "pid":"1", "tid":"cice"},
{"name":"ModelAdvance", "ph":"B", "ts":"1482524085", "pid":"1", "tid":"cice"},
{"name":"ModelAdvance", "ph":"E", "ts":"1484904529", "pid":"1", "tid":"cice"},
{"name":"ModelAdvance", "ph":"B", "ts":"1485290516", "pid":"1", "tid":"cice"},
{"name":"ModelAdvance", "ph":"E", "ts":"1487765366", "pid":"1", "tid":"cice"},
{"name":"ModelAdvance", "ph":"B", "ts":"1488243187", "pid":"1", "tid":"cice"},
{"name":"ModelAdvance", "ph":"E", "ts":"1490685932", "pid":"1", "tid":"cice"},
{"name":"ModelAdvance", "ph":"B", "ts":"1491118117", "pid":"1", "tid":"cice"},
{"name":"ModelAdvance", "ph":"E", "ts":"1493550493", "pid":"1", "tid":"cice"},
{"name":"ModelAdvance", "ph":"B", "ts":"1493980581", "pid":"1", "tid":"cice"},
{"name":"ModelAdvance", "ph":"E", "ts":"1496418273", "pid":"1", "tid":"cice"},
{"name":"ModelAdvance", "ph":"B", "ts":"1496897323", "pid":"1", "tid":"cice"},
{"name":"ModelAdvance", "ph":"E", "ts":"1499329740", "pid":"1", "tid":"cice"},
{"name":"ModelAdvance", "ph":"B", "ts":"1499840601", "pid":"1", "tid":"cice"},
{"name":"ModelAdvance", "ph":"E", "ts":"1502297676", "pid":"1", "tid":"cice"},
{"name":"ModelAdvance", "ph":"B", "ts":"1502749885", "pid":"1", "tid":"cice"},
{"name":"ModelAdvance", "ph":"E", "ts":"1505184702", "pid":"1", "tid":"cice"},
{"name":"ModelAdvance", "ph":"B", "ts":"1505609599", "pid":"1", "tid":"cice"},
{"name":"ModelAdvance", "ph":"E", "ts":"1508112409", "pid":"1", "tid":"cice"},
{"name":"ModelAdvance", "ph":"B", "ts":"1508468054", "pid":"1", "tid":"cice"},
{"name":"ModelAdvance", "ph":"E", "ts":"1510929659", "pid":"1", "tid":"cice"},
{"name":"ModelAdvance", "ph":"B", "ts":"1511352941", "pid":"1", "tid":"cice"},
{"name":"ModelAdvance", "ph":"E", "ts":"1513809263", "pid":"1", "tid":"cice"},
{"name":"ModelAdvance", "ph":"B", "ts":"1514182527", "pid":"1", "tid":"cice"},
{"name":"ModelAdvance", "ph":"E", "ts":"1516635308", "pid":"1", "tid":"cice"},
{"name":"ModelAdvance", "ph":"B", "ts":"1517057820", "pid":"1", "tid":"cice"},
{"name":"ModelAdvance", "ph":"E", "ts":"1519473329", "pid":"1", "tid":"cice"},
{"name":"ModelAdvance", "ph":"B", "ts":"1519904919", "pid":"1", "tid":"cice"},
{"name":"ModelAdvance", "ph":"E", "ts":"1522299277", "pid":"1", "tid":"cice"},
{"name":"ModelAdvance", "ph":"B", "ts":"1522723176", "pid":"1", "tid":"cice"},
{"name":"ModelAdvance", "ph":"E", "ts":"1525169956", "pid":"1", "tid":"cice"},
{"name":"ModelAdvance", "ph":"B", "ts":"1525564385", "pid":"1", "tid":"cice"},
{"name":"ModelAdvance", "ph":"E", "ts":"1527956433", "pid":"1", "tid":"cice"},
{"name":"ModelAdvance", "ph":"B", "ts":"1528366458", "pid":"1", "tid":"cice"},
{"name":"ModelAdvance", "ph":"E", "ts":"1530791781", "pid":"1", "tid":"cice"},
{"name":"ModelAdvance", "ph":"B", "ts":"1531192246", "pid":"1", "tid":"cice"},
{"name":"ModelAdvance", "ph":"E", "ts":"1540309784", "pid":"1", "tid":"cice"},
{"name":"ModelAdvance", "ph":"B", "ts":"1559381862", "pid":"1", "tid":"cice"},
{"name":"ModelAdvance", "ph":"E", "ts":"1561827426", "pid":"1", "tid":"cice"},
{"name":"ModelAdvance", "ph":"B", "ts":"1564561565", "pid":"1", "tid":"cice"},
{"name":"ModelAdvance", "ph":"E", "ts":"1567049230", "pid":"1", "tid":"cice"},
{"name":"ModelAdvance", "ph":"B", "ts":"1567486261", "pid":"1", "tid":"cice"},
{"name":"ModelAdvance", "ph":"E", "ts":"1570006875", "pid":"1", "tid":"cice"},
{"name":"ModelAdvance", "ph":"B", "ts":"1570416803", "pid":"1", "tid":"cice"},
{"name":"ModelAdvance", "ph":"E", "ts":"1572861815", "pid":"1", "tid":"cice"},
{"name":"ModelAdvance", "ph":"B", "ts":"1573325577", "pid":"1", "tid":"cice"},
{"name":"ModelAdvance", "ph":"E", "ts":"1575714479", "pid":"1", "tid":"cice"},
{"name":"ModelAdvance", "ph":"B", "ts":"1576154084", "pid":"1", "tid":"cice"},
{"name":"ModelAdvance", "ph":"E", "ts":"1578533770", "pid":"1", "tid":"cice"},
{"name":"ModelAdvance", "ph":"B", "ts":"1578953176", "pid":"1", "tid":"cice"},
{"name":"ModelAdvance", "ph":"E", "ts":"1581340534", "pid":"1", "tid":"cice"},
{"name":"ModelAdvance", "ph":"B", "ts":"1581790414", "pid":"1", "tid":"cice"},
{"name":"ModelAdvance", "ph":"E", "ts":"1584246144", "pid":"1", "tid":"cice"},
{"name":"ModelAdvance", "ph":"B", "ts":"1584681989", "pid":"1", "tid":"cice"},
{"name":"ModelAdvance", "ph":"E", "ts":"1587137787", "pid":"1", "tid":"cice"},
{"name":"ModelAdvance", "ph":"B", "ts":"1587563576", "pid":"1", "tid":"cice"},
{"name":"ModelAdvance", "ph":"E", "ts":"1590027442", "pid":"1", "tid":"cice"},
{"name":"ModelAdvance", "ph":"B", "ts":"1590481635", "pid":"1", "tid":"cice"},
{"name":"ModelAdvance", "ph":"E", "ts":"1592899087", "pid":"1", "tid":"cice"},
{"name":"ModelAdvance", "ph":"B", "ts":"1593340927", "pid":"1", "tid":"cice"},
{"name":"ModelAdvance", "ph":"E", "ts":"1595768536", "pid":"1", "tid":"cice"},
{"name":"ModelAdvance", "ph":"B", "ts":"1596239748", "pid":"1", "tid":"cice"},
{"name":"ModelAdvance", "ph":"E", "ts":"1598698236", "pid":"1", "tid":"cice"},
{"name":"ModelAdvance", "ph":"B", "ts":"1599131330", "pid":"1", "tid":"cice"},
{"name":"ModelAdvance", "ph":"E", "ts":"1601597219", "pid":"1", "tid":"cice"},
{"name":"ModelAdvance", "ph":"B", "ts":"1601999054", "pid":"1", "tid":"cice"},
{"name":"ModelAdvance", "ph":"E", "ts":"1604554612", "pid":"1", "tid":"cice"},
{"name":"ModelAdvance", "ph":"B", "ts":"1604884968", "pid":"1", "tid":"cice"},
{"name":"ModelAdvance", "ph":"E", "ts":"1607378714", "pid":"1", "tid":"cice"},
{"name":"ModelAdvance", "ph":"B", "ts":"1607821639", "pid":"1", "tid":"cice"},
{"name":"ModelAdvance", "ph":"E", "ts":"1610312884", "pid":"1", "tid":"cice"},
{"name":"ModelAdvance", "ph":"B", "ts":"1610683401", "pid":"1", "tid":"cice"},
{"name":"ModelAdvance", "ph":"E", "ts":"1613151910", "pid":"1", "tid":"cice"},
{"name":"ModelAdvance", "ph":"B", "ts":"1613599466", "pid":"1", "tid":"cice"},
{"name":"ModelAdvance", "ph":"E", "ts":"1616022076", "pid":"1", "tid":"cice"},
{"name":"ModelAdvance", "ph":"B", "ts":"1616489360", "pid":"1", "tid":"cice"},
{"name":"ModelAdvance", "ph":"E", "ts":"1618891712", "pid":"1", "tid":"cice"},
{"name":"ModelAdvance", "ph":"B", "ts":"1619305954", "pid":"1", "tid":"cice"},
{"name":"ModelAdvance", "ph":"E", "ts":"1621757252", "pid":"1", "tid":"cice"},
{"name":"ModelAdvance", "ph":"B", "ts":"1622228716", "pid":"1", "tid":"cice"},
{"name":"ModelAdvance", "ph":"E", "ts":"1624634067", "pid":"1", "tid":"cice"},
{"name":"ModelAdvance", "ph":"B", "ts":"1625094213", "pid":"1", "tid":"cice"},
{"name":"ModelAdvance", "ph":"E", "ts":"1627521544", "pid":"1", "tid":"cice"},
{"name":"ModelAdvance", "ph":"B", "ts":"1627974404", "pid":"1", "tid":"cice"},
{"name":"ModelAdvance", "ph":"E", "ts":"1630407925", "pid":"1", "tid":"cice"},
{"name":"ModelAdvance", "ph":"B", "ts":"1630877265", "pid":"1", "tid":"cice"},
{"name":"ModelAdvance", "ph":"E", "ts":"1633685830", "pid":"1", "tid":"cice"},
{"name":"ModelAdvance", "ph":"B", "ts":"1637327764", "pid":"1", "tid":"cice"},
{"name":"ModelAdvance", "ph":"E", "ts":"1639769338", "pid":"1", "tid":"cice"},
{"name":"ModelAdvance", "ph":"B", "ts":"1640259777", "pid":"1", "tid":"cice"},
{"name":"ModelAdvance", "ph":"E", "ts":"1642853650", "pid":"1", "tid":"cice"},
{"name":"ModelAdvance", "ph":"B", "ts":"1643302136", "pid":"1", "tid":"cice"},
{"name":"ModelAdvance", "ph":"E", "ts":"1645800341", "pid":"1", "tid":"cice"},
{"name":"ModelAdvance", "ph":"B", "ts":"1646223334", "pid":"1", "tid":"cice"},
{"name":"ModelAdvance", "ph":"E", "ts":"1648648567", "pid":"1", "tid":"cice"},
{"name":"ModelAdvance", "ph":"B", "ts":"1649062086", "pid":"1", "tid":"cice"},
{"name":"ModelAdvance", "ph":"E", "ts":"1651483914", "pid":"1", "tid":"cice"},
{"name":"ModelAdvance", "ph":"B", "ts":"1651898261", "pid":"1", "tid":"cice"},
{"name":"ModelAdvance", "ph":"E", "ts":"1654284701", "pid":"1", "tid":"cice"},
{"name":"ModelAdvance", "ph":"B", "ts":"1654712201", "pid":"1", "tid":"cice"},
{"name":"ModelAdvance", "ph":"E", "ts":"1657124982", "pid":"1", "tid":"cice"},
{"name":"ModelAdvance", "ph":"B", "ts":"1657589632", "pid":"1", "tid":"cice"},
{"name":"ModelAdvance", "ph":"E", "ts":"1660004333", "pid":"1", "tid":"cice"},
{"name":"ModelAdvance", "ph":"B", "ts":"1660431059", "pid":"1", "tid":"cice"},
{"name":"ModelAdvance", "ph":"E", "ts":"1662886431", "pid":"1", "tid":"cice"},
{"name":"ModelAdvance", "ph":"B", "ts":"1663349323", "pid":"1", "tid":"cice"},
{"name":"ModelAdvance", "ph":"E", "ts":"1665808436", "pid":"1", "tid":"cice"},
{"name":"ModelAdvance", "ph":"B", "ts":"1666260749", "pid":"1", "tid":"cice"},
{"name":"ModelAdvance", "ph":"E", "ts":"1668721188", "pid":"1", "tid":"cice"},
{"name":"ModelAdvance", "ph":"B", "ts":"1669195276", "pid":"1", "tid":"cice"},
{"name":"ModelAdvance", "ph":"E", "ts":"1671657047", "pid":"1", "tid":"cice"},
{"name":"ModelAdvance", "ph":"B", "ts":"1672103414", "pid":"1", "tid":"cice"},
{"name":"ModelAdvance", "ph":"E", "ts":"1674544522", "pid":"1", "tid":"cice"},
{"name":"ModelAdvance", "ph":"B", "ts":"1674954388", "pid":"1", "tid":"cice"},
{"name":"ModelAdvance", "ph":"E", "ts":"1677452088", "pid":"1", "tid":"cice"},
{"name":"ModelAdvance", "ph":"B", "ts":"1677898597", "pid":"1", "tid":"cice"},
{"name":"ModelAdvance", "ph":"E", "ts":"1680348135", "pid":"1", "tid":"cice"},
{"name":"ModelAdvance", "ph":"B", "ts":"1680829427", "pid":"1", "tid":"cice"},
{"name":"ModelAdvance", "ph":"E", "ts":"1683302257", "pid":"1", "tid":"cice"},
{"name":"ModelAdvance", "ph":"B", "ts":"1683727705", "pid":"1", "tid":"cice"},
{"name":"ModelAdvance", "ph":"E", "ts":"1686149275", "pid":"1", "tid":"cice"},
{"name":"ModelAdvance", "ph":"B", "ts":"1686598221", "pid":"1", "tid":"cice"},
{"name":"ModelAdvance", "ph":"E", "ts":"1689007538", "pid":"1", "tid":"cice"},
{"name":"ModelAdvance", "ph":"B", "ts":"1689478081", "pid":"1", "tid":"cice"},
{"name":"ModelAdvance", "ph":"E", "ts":"1691921160", "pid":"1", "tid":"cice"},
{"name":"ModelAdvance", "ph":"B", "ts":"1692340667", "pid":"1", "tid":"cice"},
{"name":"ModelAdvance", "ph":"E", "ts":"1694815955", "pid":"1", "tid":"cice"},
{"name":"ModelAdvance", "ph":"B", "ts":"1695307665", "pid":"1", "tid":"cice"},
{"name":"ModelAdvance", "ph":"E", "ts":"1697726103", "pid":"1", "tid":"cice"},
{"name":"ModelAdvance", "ph":"B", "ts":"1698158438", "pid":"1", "tid":"cice"},
{"name":"ModelAdvance", "ph":"E", "ts":"1700608485", "pid":"1", "tid":"cice"},
{"name":"ModelAdvance", "ph":"B", "ts":"1701058430", "pid":"1", "tid":"cice"},
{"name":"ModelAdvance", "ph":"E", "ts":"1703467652", "pid":"1", "tid":"cice"},
{"name":"ModelAdvance", "ph":"B", "ts":"1703962427", "pid":"1", "tid":"cice"},
{"name":"ModelAdvance", "ph":"E", "ts":"1706650340", "pid":"1", "tid":"cice"},
{"name":"ModelAdvance", "ph":"B", "ts":"1710225143", "pid":"1", "tid":"cice"},
{"name":"ModelAdvance", "ph":"E", "ts":"1712645777", "pid":"1", "tid":"cice"},
{"name":"ModelAdvance", "ph":"B", "ts":"1713062085", "pid":"1", "tid":"cice"},
{"name":"ModelAdvance", "ph":"E", "ts":"1715623892", "pid":"1", "tid":"cice"},
{"name":"ModelAdvance", "ph":"B", "ts":"1716102964", "pid":"1", "tid":"cice"},
{"name":"ModelAdvance", "ph":"E", "ts":"1718527083", "pid":"1", "tid":"cice"},
{"name":"ModelAdvance", "ph":"B", "ts":"1718950700", "pid":"1", "tid":"cice"},
{"name":"ModelAdvance", "ph":"E", "ts":"1721363830", "pid":"1", "tid":"cice"},
{"name":"ModelAdvance", "ph":"B", "ts":"1721806511", "pid":"1", "tid":"cice"},
{"name":"ModelAdvance", "ph":"E", "ts":"1724187539", "pid":"1", "tid":"cice"},
{"name":"ModelAdvance", "ph":"B", "ts":"1724629675", "pid":"1", "tid":"cice"},
{"name":"ModelAdvance", "ph":"E", "ts":"1726968544", "pid":"1", "tid":"cice"},
{"name":"ModelAdvance", "ph":"B", "ts":"1727364331", "pid":"1", "tid":"cice"},
{"name":"ModelAdvance", "ph":"E", "ts":"1729757045", "pid":"1", "tid":"cice"},
{"name":"ModelAdvance", "ph":"B", "ts":"1730236089", "pid":"1", "tid":"cice"},
{"name":"ModelAdvance", "ph":"E", "ts":"1732626463", "pid":"1", "tid":"cice"},
{"name":"ModelAdvance", "ph":"B", "ts":"1733074570", "pid":"1", "tid":"cice"},
{"name":"ModelAdvance", "ph":"E", "ts":"1735434358", "pid":"1", "tid":"cice"},
{"name":"ModelAdvance", "ph":"B", "ts":"1735822721", "pid":"1", "tid":"cice"},
{"name":"ModelAdvance", "ph":"E", "ts":"1738282675", "pid":"1", "tid":"cice"},
{"name":"ModelAdvance", "ph":"B", "ts":"1738700944", "pid":"1", "tid":"cice"},
{"name":"ModelAdvance", "ph":"E", "ts":"1741106474", "pid":"1", "tid":"cice"},
{"name":"ModelAdvance", "ph":"B", "ts":"1741588034", "pid":"1", "tid":"cice"},
{"name":"ModelAdvance", "ph":"E", "ts":"1744043069", "pid":"1", "tid":"cice"},
{"name":"ModelAdvance", "ph":"B", "ts":"1744459395", "pid":"1", "tid":"cice"},
{"name":"ModelAdvance", "ph":"E", "ts":"1746929128", "pid":"1", "tid":"cice"},
{"name":"ModelAdvance", "ph":"B", "ts":"1747372422", "pid":"1", "tid":"cice"},
{"name":"ModelAdvance", "ph":"E", "ts":"1749819500", "pid":"1", "tid":"cice"},
{"name":"ModelAdvance", "ph":"B", "ts":"1750255168", "pid":"1", "tid":"cice"},
{"name":"ModelAdvance", "ph":"E", "ts":"1752711450", "pid":"1", "tid":"cice"},
{"name":"ModelAdvance", "ph":"B", "ts":"1753216837", "pid":"1", "tid":"cice"},
{"name":"ModelAdvance", "ph":"E", "ts":"1755992534", "pid":"1", "tid":"cice"},
{"name":"ModelAdvance", "ph":"B", "ts":"1756495887", "pid":"1", "tid":"cice"},
{"name":"ModelAdvance", "ph":"E", "ts":"1758909199", "pid":"1", "tid":"cice"},
{"name":"ModelAdvance", "ph":"B", "ts":"1759332077", "pid":"1", "tid":"cice"},
{"name":"ModelAdvance", "ph":"E", "ts":"1761731603", "pid":"1", "tid":"cice"},
{"name":"ModelAdvance", "ph":"B", "ts":"1762157550", "pid":"1", "tid":"cice"},
{"name":"ModelAdvance", "ph":"E", "ts":"1764535096", "pid":"1", "tid":"cice"},
{"name":"ModelAdvance", "ph":"B", "ts":"1765016109", "pid":"1", "tid":"cice"},
{"name":"ModelAdvance", "ph":"E", "ts":"1767408284", "pid":"1", "tid":"cice"},
{"name":"ModelAdvance", "ph":"B", "ts":"1767862602", "pid":"1", "tid":"cice"},
{"name":"ModelAdvance", "ph":"E", "ts":"1770225656", "pid":"1", "tid":"cice"},
{"name":"ModelAdvance", "ph":"B", "ts":"1770624565", "pid":"1", "tid":"cice"},
{"name":"ModelAdvance", "ph":"E", "ts":"1773067519", "pid":"1", "tid":"cice"},
{"name":"ModelAdvance", "ph":"B", "ts":"1773497623", "pid":"1", "tid":"cice"},
{"name":"ModelAdvance", "ph":"E", "ts":"1782267362", "pid":"1", "tid":"cice"},
{"name":"ModelAdvance", "ph":"B", "ts":"1795719864", "pid":"1", "tid":"cice"},
{"name":"ModelAdvance", "ph":"E", "ts":"1798119427", "pid":"1", "tid":"cice"},
{"name":"ModelAdvance", "ph":"B", "ts":"1800783627", "pid":"1", "tid":"cice"},
{"name":"ModelAdvance", "ph":"E", "ts":"1803261583", "pid":"1", "tid":"cice"},
{"name":"ModelAdvance", "ph":"B", "ts":"1803787226", "pid":"1", "tid":"cice"},
{"name":"ModelAdvance", "ph":"E", "ts":"1806212413", "pid":"1", "tid":"cice"},
{"name":"ModelAdvance", "ph":"B", "ts":"1806703531", "pid":"1", "tid":"cice"},
{"name":"ModelAdvance", "ph":"E", "ts":"1809110633", "pid":"1", "tid":"cice"},
{"name":"ModelAdvance", "ph":"B", "ts":"1809602533", "pid":"1", "tid":"cice"},
{"name":"ModelAdvance", "ph":"E", "ts":"1812027883", "pid":"1", "tid":"cice"},
{"name":"ModelAdvance", "ph":"B", "ts":"1812482787", "pid":"1", "tid":"cice"},
{"name":"ModelAdvance", "ph":"E", "ts":"1814834047", "pid":"1", "tid":"cice"},
{"name":"ModelAdvance", "ph":"B", "ts":"1815258602", "pid":"1", "tid":"cice"},
{"name":"ModelAdvance", "ph":"E", "ts":"1817682424", "pid":"1", "tid":"cice"},
{"name":"ModelAdvance", "ph":"B", "ts":"1818104612", "pid":"1", "tid":"cice"},
{"name":"ModelAdvance", "ph":"E", "ts":"1820509145", "pid":"1", "tid":"cice"},
{"name":"ModelAdvance", "ph":"B", "ts":"1820928885", "pid":"1", "tid":"cice"},
{"name":"ModelAdvance", "ph":"E", "ts":"1823387980", "pid":"1", "tid":"cice"},
{"name":"ModelAdvance", "ph":"B", "ts":"1823844839", "pid":"1", "tid":"cice"},
{"name":"ModelAdvance", "ph":"E", "ts":"1826239731", "pid":"1", "tid":"cice"},
{"name":"ModelAdvance", "ph":"B", "ts":"1826713626", "pid":"1", "tid":"cice"},
{"name":"ModelAdvance", "ph":"E", "ts":"1829120517", "pid":"1", "tid":"cice"},
{"name":"ModelAdvance", "ph":"B", "ts":"1829626273", "pid":"1", "tid":"cice"},
{"name":"ModelAdvance", "ph":"E", "ts":"1832002745", "pid":"1", "tid":"cice"},
{"name":"ModelAdvance", "ph":"B", "ts":"1832509276", "pid":"1", "tid":"cice"},
{"name":"ModelAdvance", "ph":"E", "ts":"1834958866", "pid":"1", "tid":"cice"},
{"name":"ModelAdvance", "ph":"B", "ts":"1835361899", "pid":"1", "tid":"cice"},
{"name":"ModelAdvance", "ph":"E", "ts":"1837823635", "pid":"1", "tid":"cice"},
{"name":"ModelAdvance", "ph":"B", "ts":"1838291898", "pid":"1", "tid":"cice"},
{"name":"ModelAdvance", "ph":"E", "ts":"1840721863", "pid":"1", "tid":"cice"},
{"name":"ModelAdvance", "ph":"B", "ts":"1841143509", "pid":"1", "tid":"cice"},
{"name":"ModelAdvance", "ph":"E", "ts":"1843593142", "pid":"1", "tid":"cice"},
{"name":"ModelAdvance", "ph":"B", "ts":"1844029056", "pid":"1", "tid":"cice"},
{"name":"ModelAdvance", "ph":"E", "ts":"1846458632", "pid":"1", "tid":"cice"},
{"name":"ModelAdvance", "ph":"B", "ts":"1846963849", "pid":"1", "tid":"cice"},
{"name":"ModelAdvance", "ph":"E", "ts":"1849397926", "pid":"1", "tid":"cice"},
{"name":"ModelAdvance", "ph":"B", "ts":"1849863902", "pid":"1", "tid":"cice"},
{"name":"ModelAdvance", "ph":"E", "ts":"1852265164", "pid":"1", "tid":"cice"},
{"name":"ModelAdvance", "ph":"B", "ts":"1852771991", "pid":"1", "tid":"cice"},
{"name":"ModelAdvance", "ph":"E", "ts":"1855174324", "pid":"1", "tid":"cice"},
{"name":"ModelAdvance", "ph":"B", "ts":"1855663183", "pid":"1", "tid":"cice"},
{"name":"ModelAdvance", "ph":"E", "ts":"1858056133", "pid":"1", "tid":"cice"},
{"name":"ModelAdvance", "ph":"B", "ts":"1858529092", "pid":"1", "tid":"cice"},
{"name":"ModelAdvance", "ph":"E", "ts":"1860927528", "pid":"1", "tid":"cice"},
{"name":"ModelAdvance", "ph":"B", "ts":"1861418246", "pid":"1", "tid":"cice"},
{"name":"ModelAdvance", "ph":"E", "ts":"1863831923", "pid":"1", "tid":"cice"},
{"name":"ModelAdvance", "ph":"B", "ts":"1864263733", "pid":"1", "tid":"cice"},
{"name":"ModelAdvance", "ph":"E", "ts":"1866680603", "pid":"1", "tid":"cice"},
{"name":"ModelAdvance", "ph":"B", "ts":"1867254531", "pid":"1", "tid":"cice"},
{"name":"ModelAdvance", "ph":"E", "ts":"1869894881", "pid":"1", "tid":"cice"},
{"name":"ModelAdvance", "ph":"B", "ts":"1873575478", "pid":"1", "tid":"cice"},
{"name":"ModelAdvance", "ph":"E", "ts":"1875977506", "pid":"1", "tid":"cice"},
{"name":"ModelAdvance", "ph":"B", "ts":"1876408243", "pid":"1", "tid":"cice"},
{"name":"ModelAdvance", "ph":"E", "ts":"1878970623", "pid":"1", "tid":"cice"},
{"name":"ModelAdvance", "ph":"B", "ts":"1879496181", "pid":"1", "tid":"cice"},
{"name":"ModelAdvance", "ph":"E", "ts":"1881889686", "pid":"1", "tid":"cice"},
{"name":"ModelAdvance", "ph":"B", "ts":"1882343700", "pid":"1", "tid":"cice"},
{"name":"ModelAdvance", "ph":"E", "ts":"1884732569", "pid":"1", "tid":"cice"},
{"name":"ModelAdvance", "ph":"B", "ts":"1885144057", "pid":"1", "tid":"cice"},
{"name":"ModelAdvance", "ph":"E", "ts":"1887523932", "pid":"1", "tid":"cice"},
{"name":"ModelAdvance", "ph":"B", "ts":"1888001181", "pid":"1", "tid":"cice"},
{"name":"ModelAdvance", "ph":"E", "ts":"1890351871", "pid":"1", "tid":"cice"},
{"name":"ModelAdvance", "ph":"B", "ts":"1890775535", "pid":"1", "tid":"cice"},
{"name":"ModelAdvance", "ph":"E", "ts":"1893175755", "pid":"1", "tid":"cice"},
{"name":"ModelAdvance", "ph":"B", "ts":"1893635903", "pid":"1", "tid":"cice"},
{"name":"ModelAdvance", "ph":"E", "ts":"1896028390", "pid":"1", "tid":"cice"},
{"name":"ModelAdvance", "ph":"B", "ts":"1896533946", "pid":"1", "tid":"cice"},
{"name":"ModelAdvance", "ph":"E", "ts":"1898895344", "pid":"1", "tid":"cice"},
{"name":"ModelAdvance", "ph":"B", "ts":"1899389664", "pid":"1", "tid":"cice"},
{"name":"ModelAdvance", "ph":"E", "ts":"1901750733", "pid":"1", "tid":"cice"},
{"name":"ModelAdvance", "ph":"B", "ts":"1902243040", "pid":"1", "tid":"cice"},
{"name":"ModelAdvance", "ph":"E", "ts":"1904627774", "pid":"1", "tid":"cice"},
{"name":"ModelAdvance", "ph":"B", "ts":"1905158637", "pid":"1", "tid":"cice"},
{"name":"ModelAdvance", "ph":"E", "ts":"1907549580", "pid":"1", "tid":"cice"},
{"name":"ModelAdvance", "ph":"B", "ts":"1908059167", "pid":"1", "tid":"cice"},
{"name":"ModelAdvance", "ph":"E", "ts":"1910427533", "pid":"1", "tid":"cice"},
{"name":"ModelAdvance", "ph":"B", "ts":"1910828326", "pid":"1", "tid":"cice"},
{"name":"ModelAdvance", "ph":"E", "ts":"1913332348", "pid":"1", "tid":"cice"},
{"name":"ModelAdvance", "ph":"B", "ts":"1913805451", "pid":"1", "tid":"cice"},
{"name":"ModelAdvance", "ph":"E", "ts":"1916196336", "pid":"1", "tid":"cice"},
{"name":"ModelAdvance", "ph":"B", "ts":"1916677000", "pid":"1", "tid":"cice"},
{"name":"ModelAdvance", "ph":"E", "ts":"1919146605", "pid":"1", "tid":"cice"},
{"name":"ModelAdvance", "ph":"B", "ts":"1919610793", "pid":"1", "tid":"cice"},
{"name":"ModelAdvance", "ph":"E", "ts":"1922054608", "pid":"1", "tid":"cice"},
{"name":"ModelAdvance", "ph":"B", "ts":"1922510009", "pid":"1", "tid":"cice"},
{"name":"ModelAdvance", "ph":"E", "ts":"1924907262", "pid":"1", "tid":"cice"},
{"name":"ModelAdvance", "ph":"B", "ts":"1925390566", "pid":"1", "tid":"cice"},
{"name":"ModelAdvance", "ph":"E", "ts":"1927785912", "pid":"1", "tid":"cice"},
{"name":"ModelAdvance", "ph":"B", "ts":"1928223006", "pid":"1", "tid":"cice"},
{"name":"ModelAdvance", "ph":"E", "ts":"1930637504", "pid":"1", "tid":"cice"},
{"name":"ModelAdvance", "ph":"B", "ts":"1931076001", "pid":"1", "tid":"cice"},
{"name":"ModelAdvance", "ph":"E", "ts":"1933519252", "pid":"1", "tid":"cice"},
{"name":"ModelAdvance", "ph":"B", "ts":"1934018545", "pid":"1", "tid":"cice"},
{"name":"ModelAdvance", "ph":"E", "ts":"1936406449", "pid":"1", "tid":"cice"},
{"name":"ModelAdvance", "ph":"B", "ts":"1936914276", "pid":"1", "tid":"cice"},
{"name":"ModelAdvance", "ph":"E", "ts":"1939284799", "pid":"1", "tid":"cice"},
{"name":"ModelAdvance", "ph":"B", "ts":"1939775204", "pid":"1", "tid":"cice"},
{"name":"ModelAdvance", "ph":"E", "ts":"1942450389", "pid":"1", "tid":"cice"},
{"name":"ModelAdvance", "ph":"B", "ts":"1946223093", "pid":"1", "tid":"cice"},
{"name":"ModelAdvance", "ph":"E", "ts":"1948593121", "pid":"1", "tid":"cice"},
{"name":"ModelAdvance", "ph":"B", "ts":"1949088714", "pid":"1", "tid":"cice"},
{"name":"ModelAdvance", "ph":"E", "ts":"1951676008", "pid":"1", "tid":"cice"},
{"name":"ModelAdvance", "ph":"B", "ts":"1952160920", "pid":"1", "tid":"cice"},
{"name":"ModelAdvance", "ph":"E", "ts":"1954557002", "pid":"1", "tid":"cice"},
{"name":"ModelAdvance", "ph":"B", "ts":"1955018903", "pid":"1", "tid":"cice"},
{"name":"ModelAdvance", "ph":"E", "ts":"1957381151", "pid":"1", "tid":"cice"},
{"name":"ModelAdvance", "ph":"B", "ts":"1957825526", "pid":"1", "tid":"cice"},
{"name":"ModelAdvance", "ph":"E", "ts":"1960201906", "pid":"1", "tid":"cice"},
{"name":"ModelAdvance", "ph":"B", "ts":"1960671636", "pid":"1", "tid":"cice"},
{"name":"ModelAdvance", "ph":"E", "ts":"1963045518", "pid":"1", "tid":"cice"},
{"name":"ModelAdvance", "ph":"B", "ts":"1963444683", "pid":"1", "tid":"cice"},
{"name":"ModelAdvance", "ph":"E", "ts":"1965869775", "pid":"1", "tid":"cice"},
{"name":"ModelAdvance", "ph":"B", "ts":"1966319328", "pid":"1", "tid":"cice"},
{"name":"ModelAdvance", "ph":"E", "ts":"1968734822", "pid":"1", "tid":"cice"},
{"name":"ModelAdvance", "ph":"B", "ts":"1969179476", "pid":"1", "tid":"cice"},
{"name":"ModelAdvance", "ph":"E", "ts":"1971603673", "pid":"1", "tid":"cice"},
{"name":"ModelAdvance", "ph":"B", "ts":"1971994810", "pid":"1", "tid":"cice"},
{"name":"ModelAdvance", "ph":"E", "ts":"1974453419", "pid":"1", "tid":"cice"},
{"name":"ModelAdvance", "ph":"B", "ts":"1974918514", "pid":"1", "tid":"cice"},
{"name":"ModelAdvance", "ph":"E", "ts":"1977356496", "pid":"1", "tid":"cice"},
{"name":"ModelAdvance", "ph":"B", "ts":"1977811832", "pid":"1", "tid":"cice"},
{"name":"ModelAdvance", "ph":"E", "ts":"1980282139", "pid":"1", "tid":"cice"},
{"name":"ModelAdvance", "ph":"B", "ts":"1980693243", "pid":"1", "tid":"cice"},
{"name":"ModelAdvance", "ph":"E", "ts":"1983159936", "pid":"1", "tid":"cice"},
{"name":"ModelAdvance", "ph":"B", "ts":"1983589678", "pid":"1", "tid":"cice"},
{"name":"ModelAdvance", "ph":"E", "ts":"1986060552", "pid":"1", "tid":"cice"},
{"name":"ModelAdvance", "ph":"B", "ts":"1986447971", "pid":"1", "tid":"cice"},
{"name":"ModelAdvance", "ph":"E", "ts":"1988880891", "pid":"1", "tid":"cice"},
{"name":"ModelAdvance", "ph":"B", "ts":"1989314242", "pid":"1", "tid":"cice"},
{"name":"ModelAdvance", "ph":"E", "ts":"1991765526", "pid":"1", "tid":"cice"},
{"name":"ModelAdvance", "ph":"B", "ts":"1992182859", "pid":"1", "tid":"cice"},
{"name":"ModelAdvance", "ph":"E", "ts":"1994625396", "pid":"1", "tid":"cice"},
{"name":"ModelAdvance", "ph":"B", "ts":"1995028992", "pid":"1", "tid":"cice"},
{"name":"ModelAdvance", "ph":"E", "ts":"1997456437", "pid":"1", "tid":"cice"},
{"name":"ModelAdvance", "ph":"B", "ts":"1997874894", "pid":"1", "tid":"cice"},
{"name":"ModelAdvance", "ph":"E", "ts":"2000241750", "pid":"1", "tid":"cice"},
{"name":"ModelAdvance", "ph":"B", "ts":"2000658995", "pid":"1", "tid":"cice"},
{"name":"ModelAdvance", "ph":"E", "ts":"2003068362", "pid":"1", "tid":"cice"},
{"name":"ModelAdvance", "ph":"B", "ts":"2003468209", "pid":"1", "tid":"cice"},
{"name":"ModelAdvance", "ph":"E", "ts":"2005910116", "pid":"1", "tid":"cice"},
{"name":"ModelAdvance", "ph":"B", "ts":"2006311217", "pid":"1", "tid":"cice"},
{"name":"ModelAdvance", "ph":"E", "ts":"2008708877", "pid":"1", "tid":"cice"},
{"name":"ModelAdvance", "ph":"B", "ts":"2009083158", "pid":"1", "tid":"cice"},
{"name":"ModelAdvance", "ph":"E", "ts":"2016449722", "pid":"1", "tid":"cice"},
{"name":"ModelFinalize", "ph":"B", "ts":"2016453313", "pid":"1", "tid":"cice"},
{"name":"ModelFinalize", "ph":"E", "ts":"2016453358", "pid":"1", "tid":"cice"},
