{"name":"SetServices", "ph":"B", "ts":"2431162673", "pid":"1", "tid":"mom"},
{"name":"SetServices", "ph":"E", "ts":"2431164437", "pid":"1", "tid":"mom"},
{"name":"InitializeP0", "ph":"B", "ts":"2431243555", "pid":"1", "tid":"mom"},
{"name":"InitializeP0", "ph":"E", "ts":"2431246187", "pid":"1", "tid":"mom"},
{"name":"InitializeAdvertise", "ph":"B", "ts":"2435058742", "pid":"1", "tid":"mom"},
{"name":"InitializeAdvertise", "ph":"E", "ts":"2506751688", "pid":"1", "tid":"mom"},
{"name":"InitializeRealize", "ph":"B", "ts":"2575242397", "pid":"1", "tid":"mom"},
{"name":"InitializeRealize", "ph":"E", "ts":"2578234485", "pid":"1", "tid":"mom"},
{"name":"DataInitialize", "ph":"B", "ts":"2617577205", "pid":"1", "tid":"mom"},
{"name":"DataInitialize", "ph":"E", "ts":"2617579497", "pid":"1", "tid":"mom"},
{"name":"ModelSetRunClock", "ph":"B", "ts":"2651718452", "pid":"1", "tid":"mom"},
{"name":"ModelSetRunClock", "ph":"E", "ts":"2651727646", "pid":"1", "tid":"mom"},
{"name":"ModelAdvance", "ph":"B", "ts":"2651727809", "pid":"1", "tid":"mom"},
{"name":"ModelAdvance", "ph":"E", "ts":"2668298214", "pid":"1", "tid":"mom"},
{"name":"ModelSetRunClock", "ph":"B", "ts":"2699971277", "pid":"1", "tid":"mom"},
{"name":"ModelSetRunClock", "ph":"E", "ts":"2699971360", "pid":"1", "tid":"mom"},
{"name":"ModelAdvance", "ph":"B", "ts":"2699971546", "pid":"1", "tid":"mom"},
{"name":"ModelAdvance", "ph":"E", "ts":"2715040354", "pid":"1", "tid":"mom"},
{"name":"ModelSetRunClock", "ph":"B", "ts":"2739088334", "pid":"1", "tid":"mom"},
{"name":"ModelSetRunClock", "ph":"E", "ts":"2739088400", "pid":"1", "tid":"mom"},
{"name":"ModelAdvance", "ph":"B", "ts":"2739088552", "pid":"1", "tid":"mom"},
{"name":"ModelAdvance", "ph":"E", "ts":"2765329372", "pid":"1", "tid":"mom"},
{"name":"ModelSetRunClock", "ph":"B", "ts":"2790604492", "pid":"1", "tid":"mom"},
{"name":"ModelSetRunClock", "ph":"E", "ts":"2790604571", "pid":"1", "tid":"mom"},
{"name":"ModelAdvance", "ph":"B", "ts":"2790604757", "pid":"1", "tid":"mom"},
{"name":"ModelAdvance", "ph":"E", "ts":"2805659750", "pid":"1", "tid":"mom"},
{"name":"ModelSetRunClock", "ph":"B", "ts":"2839074289", "pid":"1", "tid":"mom"},
{"name":"ModelSetRunClock", "ph":"E", "ts":"2839074474", "pid":"1", "tid":"mom"},
{"name":"ModelAdvance", "ph":"B", "ts":"2839074631", "pid":"1", "tid":"mom"},
{"name":"ModelAdvance", "ph":"E", "ts":"2865052847", "pid":"1", "tid":"mom"},
{"name":"ModelSetRunClock", "ph":"B", "ts":"2882050370", "pid":"1", "tid":"mom"},
{"name":"ModelSetRunClock", "ph":"E", "ts":"2882050574", "pid":"1", "tid":"mom"},
{"name":"ModelAdvance", "ph":"B", "ts":"2882050736", "pid":"1", "tid":"mom"},
{"name":"ModelAdvance", "ph":"E", "ts":"2897341756", "pid":"1", "tid":"mom"},
{"name":"ModelSetRunClock", "ph":"B", "ts":"2921125917", "pid":"1", "tid":"mom"},
{"name":"ModelSetRunClock", "ph":"E", "ts":"2921126138", "pid":"1", "tid":"mom"},
{"name":"ModelAdvance", "ph":"B", "ts":"2921126306", "pid":"1", "tid":"mom"},
{"name":"ModelAdvance", "ph":"E", "ts":"2944869142", "pid":"1", "tid":"mom"},
{"name":"ModelSetRunClock", "ph":"B", "ts":"2959106239", "pid":"1", "tid":"mom"},
{"name":"ModelSetRunClock", "ph":"E", "ts":"2959106473", "pid":"1", "tid":"mom"},
{"name":"ModelAdvance", "ph":"B", "ts":"2959106643", "pid":"1", "tid":"mom"},
{"name":"ModelAdvance", "ph":"E", "ts":"2974245717", "pid":"1", "tid":"mom"},
{"name":"ModelSetRunClock", "ph":"B", "ts":"2993923009", "pid":"1", "tid":"mom"},
{"name":"ModelSetRunClock", "ph":"E", "ts":"2993923234", "pid":"1", "tid":"mom"},
{"name":"ModelAdvance", "ph":"B", "ts":"2993923392", "pid":"1", "tid":"mom"},
{"name":"ModelAdvance", "ph":"E", "ts":"3017605671", "pid":"1", "tid":"mom"},
{"name":"ModelSetRunClock", "ph":"B", "ts":"3031686376", "pid":"1", "tid":"mom"},
{"name":"ModelSetRunClock", "ph":"E", "ts":"3031686593", "pid":"1", "tid":"mom"},
{"name":"ModelAdvance", "ph":"B", "ts":"3031686767", "pid":"1", "tid":"mom"},
{"name":"ModelAdvance", "ph":"E", "ts":"3046814376", "pid":"1", "tid":"mom"},
{"name":"ModelSetRunClock", "ph":"B", "ts":"3066497228", "pid":"1", "tid":"mom"},
{"name":"ModelSetRunClock", "ph":"E", "ts":"3066497451", "pid":"1", "tid":"mom"},
{"name":"ModelAdvance", "ph":"B", "ts":"3066497663", "pid":"1", "tid":"mom"},
{"name":"ModelAdvance", "ph":"E", "ts":"3089981283", "pid":"1", "tid":"mom"},
{"name":"ModelSetRunClock", "ph":"B", "ts":"3104477099", "pid":"1", "tid":"mom"},
{"name":"ModelSetRunClock", "ph":"E", "ts":"3104477186", "pid":"1", "tid":"mom"},
{"name":"ModelAdvance", "ph":"B", "ts":"3104477362", "pid":"1", "tid":"mom"},
{"name":"ModelAdvance", "ph":"E", "ts":"3140203848", "pid":"1", "tid":"mom"},
{"name":"ModelSetRunClock", "ph":"B", "ts":"3169442984", "pid":"1", "tid":"mom"},
{"name":"ModelSetRunClock", "ph":"E", "ts":"3169443156", "pid":"1", "tid":"mom"},
{"name":"ModelAdvance", "ph":"B", "ts":"3169443321", "pid":"1", "tid":"mom"},
{"name":"ModelAdvance", "ph":"E", "ts":"3206819993", "pid":"1", "tid":"mom"},
{"name":"ModelSetRunClock", "ph":"B", "ts":"3206834063", "pid":"1", "tid":"mom"},
{"name":"ModelSetRunClock", "ph":"E", "ts":"3206834131", "pid":"1", "tid":"mom"},
{"name":"ModelAdvance", "ph":"B", "ts":"3206834280", "pid":"1", "tid":"mom"},
{"name":"ModelAdvance", "ph":"E", "ts":"3221473250", "pid":"1", "tid":"mom"},
{"name":"ModelSetRunClock", "ph":"B", "ts":"3241670356", "pid":"1", "tid":"mom"},
{"name":"ModelSetRunClock", "ph":"E", "ts":"3241670552", "pid":"1", "tid":"mom"},
{"name":"ModelAdvance", "ph":"B", "ts":"3241670711", "pid":"1", "tid":"mom"},
{"name":"ModelAdvance", "ph":"E", "ts":"3266113235", "pid":"1", "tid":"mom"},
{"name":"ModelSetRunClock", "ph":"B", "ts":"3280066408", "pid":"1", "tid":"mom"},
{"name":"ModelSetRunClock", "ph":"E", "ts":"3280066638", "pid":"1", "tid":"mom"},
{"name":"ModelAdvance", "ph":"B", "ts":"3280066815", "pid":"1", "tid":"mom"},
{"name":"ModelAdvance", "ph":"E", "ts":"3294741345", "pid":"1", "tid":"mom"},
{"name":"ModelSetRunClock", "ph":"B", "ts":"3315000011", "pid":"1", "tid":"mom"},
{"name":"ModelSetRunClock", "ph":"E", "ts":"3315000223", "pid":"1", "tid":"mom"},
{"name":"ModelAdvance", "ph":"B", "ts":"3315000388", "pid":"1", "tid":"mom"},
{"name":"ModelAdvance", "ph":"E", "ts":"3339084158", "pid":"1", "tid":"mom"},
{"name":"ModelSetRunClock", "ph":"B", "ts":"3353016025", "pid":"1", "tid":"mom"},
{"name":"ModelSetRunClock", "ph":"E", "ts":"3353016103", "pid":"1", "tid":"mom"},
{"name":"ModelAdvance", "ph":"B", "ts":"3353016267", "pid":"1", "tid":"mom"},
{"name":"ModelAdvance", "ph":"E", "ts":"3388403451", "pid":"1", "tid":"mom"},
{"name":"ModelSetRunClock", "ph":"B", "ts":"3404757684", "pid":"1", "tid":"mom"},
{"name":"ModelSetRunClock", "ph":"E", "ts":"3404757893", "pid":"1", "tid":"mom"},
{"name":"ModelAdvance", "ph":"B", "ts":"3404758057", "pid":"1", "tid":"mom"},
{"name":"ModelAdvance", "ph":"E", "ts":"3428819073", "pid":"1", "tid":"mom"},
{"name":"ModelSetRunClock", "ph":"B", "ts":"3441509540", "pid":"1", "tid":"mom"},
{"name":"ModelSetRunClock", "ph":"E", "ts":"3441509754", "pid":"1", "tid":"mom"},
{"name":"ModelAdvance", "ph":"B", "ts":"3441509923", "pid":"1", "tid":"mom"},
{"name":"ModelAdvance", "ph":"E", "ts":"3456182299", "pid":"1", "tid":"mom"},
{"name":"ModelSetRunClock", "ph":"B", "ts":"3476250614", "pid":"1", "tid":"mom"},
{"name":"ModelSetRunClock", "ph":"E", "ts":"3476251001", "pid":"1", "tid":"mom"},
{"name":"ModelAdvance", "ph":"B", "ts":"3476251160", "pid":"1", "tid":"mom"},
{"name":"ModelAdvance", "ph":"E", "ts":"3500855859", "pid":"1", "tid":"mom"},
{"name":"ModelSetRunClock", "ph":"B", "ts":"3514366946", "pid":"1", "tid":"mom"},
{"name":"ModelSetRunClock", "ph":"E", "ts":"3514367158", "pid":"1", "tid":"mom"},
{"name":"ModelAdvance", "ph":"B", "ts":"3514367316", "pid":"1", "tid":"mom"},
{"name":"ModelAdvance", "ph":"E", "ts":"3529187360", "pid":"1", "tid":"mom"},
{"name":"ModelSetRunClock", "ph":"B", "ts":"3549137708", "pid":"1", "tid":"mom"},
{"name":"ModelSetRunClock", "ph":"E", "ts":"3549137905", "pid":"1", "tid":"mom"},
{"name":"ModelAdvance", "ph":"B", "ts":"3549138064", "pid":"1", "tid":"mom"},
{"name":"ModelAdvance", "ph":"E", "ts":"3573432784", "pid":"1", "tid":"mom"},
{"name":"ModelSetRunClock", "ph":"B", "ts":"3587136218", "pid":"1", "tid":"mom"},
{"name":"ModelSetRunClock", "ph":"E", "ts":"3587136460", "pid":"1", "tid":"mom"},
{"name":"ModelAdvance", "ph":"B", "ts":"3587136647", "pid":"1", "tid":"mom"},
{"name":"ModelAdvance", "ph":"E", "ts":"3625673645", "pid":"1", "tid":"mom"},
{"name":"ocean_model_finalize", "ph":"B", "ts":"3625680635", "pid":"1", "tid":"mom"},
{"name":"ocean_model_finalize", "ph":"E", "ts":"3636051042", "pid":"1", "tid":"mom"},
