{"name":"SetServices", "ph":"B", "ts":"2431190023", "pid":"1", "tid":"cice"},
{"name":"SetServices", "ph":"E", "ts":"2431191726", "pid":"1", "tid":"cice"},
{"name":"InitializeP0", "ph":"B", "ts":"2431242975", "pid":"1", "tid":"cice"},
{"name":"InitializeP0", "ph":"E", "ts":"2431243093", "pid":"1", "tid":"cice"},
{"name":"InitializeAdvertise", "ph":"B", "ts":"2435058750", "pid":"1", "tid":"cice"},
{"name":"InitializeAdvertise", "ph":"E", "ts":"2440190487", "pid":"1", "tid":"cice"},
{"name":"InitializeRealize", "ph":"B", "ts":"2575371620", "pid":"1", "tid":"cice"},
{"name":"InitializeRealize", "ph":"E", "ts":"2588921305", "pid":"1", "tid":"cice"},
{"name":"ModelAdvance", "ph":"B", "ts":"2652197997", "pid":"1", "tid":"cice"},
{"name":"ModelAdvance", "ph":"E", "ts":"2654802838", "pid":"1", "tid":"cice"},
{"name":"ModelAdvance", "ph":"B", "ts":"2668352697", "pid":"1", "tid":"cice"},
{"name":"ModelAdvance", "ph":"E", "ts":"2670857227", "pid":"1", "tid":"cice"},
{"name":"ModelAdvance", "ph":"B", "ts":"2671317979", "pid":"1", "tid":"cice"},
{"name":"ModelAdvance", "ph":"E", "ts":"2673738498", "pid":"1", "tid":"cice"},
{"name":"ModelAdvance", "ph":"B", "ts":"2674110307", "pid":"1", "tid":"cice"},
{"name":"ModelAdvance", "ph":"E", "ts":"2676584434", "pid":"1", "tid":"cice"},
{"name":"ModelAdvance", "ph":"B", "ts":"2676985852", "pid":"1", "tid":"cice"},
{"name":"ModelAdvance", "ph":"E", "ts":"2679453999", "pid":"1", "tid":"cice"},
{"name":"ModelAdvance", "ph":"B", "ts":"2679853653", "pid":"1", "tid":"cice"},
{"name":"ModelAdvance", "ph":"E", "ts":"2682299490", "pid":"1", "tid":"cice"},
{"name":"ModelAdvance", "ph":"B", "ts":"2682675114", "pid":"1", "tid":"cice"},
{"name":"ModelAdvance", "ph":"E", "ts":"2685137926", "pid":"1", "tid":"cice"},
{"name":"ModelAdvance", "ph":"B", "ts":"2685553048", "pid":"1", "tid":"cice"},
{"name":"ModelAdvance", "ph":"E", "ts":"2687995286", "pid":"1", "tid":"cice"},
{"name":"ModelAdvance", "ph":"B", "ts":"2688382952", "pid":"1", "tid":"cice"},
{"name":"ModelAdvance", "ph":"E", "ts":"2690875217", "pid":"1", "tid":"cice"},
{"name":"ModelAdvance", "ph":"B", "ts":"2691265407", "pid":"1", "tid":"cice"},
{"name":"ModelAdvance", "ph":"E", "ts":"2693737681", "pid":"1", "tid":"cice"},
{"name":"ModelAdvance", "ph":"B", "ts":"2694099992", "pid":"1", "tid":"cice"},
{"name":"ModelAdvance", "ph":"E", "ts":"2696583959", "pid":"1", "tid":"cice"},
{"name":"ModelAdvance", "ph":"B", "ts":"2697030986", "pid":"1", "tid":"cice"},
{"name":"ModelAdvance", "ph":"E", "ts":"2699438228", "pid":"1", "tid":"cice"},
{"name":"ModelAdvance", "ph":"B", "ts":"2700097895", "pid":"1", "tid":"cice"},
{"name":"ModelAdvance", "ph":"E", "ts":"2702585188", "pid":"1", "tid":"cice"},
{"name":"ModelAdvance", "ph":"B", "ts":"2702978810", "pid":"1", "tid":"cice"},
{"name":"ModelAdvance", "ph":"E", "ts":"2705470952", "pid":"1", "tid":"cice"},
{"name":"ModelAdvance", "ph":"B", "ts":"2705875900", "pid":"1", "tid":"cice"},
{"name":"ModelAdvance", "ph":"E", "ts":"2708394650", "pid":"1", "tid":"cice"},
{"name":"ModelAdvance", "ph":"B", "ts":"2708744592", "pid":"1", "tid":"cice"},
{"name":"ModelAdvance", "ph":"E", "ts":"2711210242", "pid":"1", "tid":"cice"},
{"name":"ModelAdvance", "ph":"B", "ts":"2711599104", "pid":"1", "tid":"cice"},
{"name":"ModelAdvance", "ph":"E", "ts":"2714084374", "pid":"1", "tid":"cice"},
{"name":"ModelAdvance", "ph":"B", "ts":"2714516855", "pid":"1", "tid":"cice"},
{"name":"ModelAdvance", "ph":"E", "ts":"2716948036", "pid":"1", "tid":"cice"},
{"name":"ModelAdvance", "ph":"B", "ts":"2717343529", "pid":"1", "tid":"cice"},
{"name":"ModelAdvance", "ph":"E", "ts":"2719819384", "pid":"1", "tid":"cice"},
{"name":"ModelAdvance", "ph":"B", "ts":"2720269010", "pid":"1", "tid":"cice"},
{"name":"ModelAdvance", "ph":"E", "ts":"2722725521", "pid":"1", "tid":"cice"},
{"name":"ModelAdvance", "ph":"B", "ts":"2723113056", "pid":"1", "tid":"cice"},
{"name":"ModelAdvance", "ph":"E", "ts":"2725569372", "pid":"1", "tid":"cice"},
{"name":"ModelAdvance", "ph":"B", "ts":"2726006071", "pid":"1", "tid":"cice"},
{"name":"ModelAdvance", "ph":"E", "ts":"2728451772", "pid":"1", "tid":"cice"},
{"name":"ModelAdvance", "ph":"B", "ts":"2728874642", "pid":"1", "tid":"cice"},
{"name":"ModelAdvance", "ph":"E", "ts":"2731314959", "pid":"1", "tid":"cice"},
{"name":"ModelAdvance", "ph":"B", "ts":"2731772136", "pid":"1", "tid":"cice"},
{"name":"ModelAdvance", "ph":"E", "ts":"2734220247", "pid":"1", "tid":"cice"},
{"name":"ModelAdvance", "ph":"B", "ts":"2741799130", "pid":"1", "tid":"cice"},
{"name":"ModelAdvance", "ph":"E", "ts":"2744325013", "pid":"1", "tid":"cice"},
{"name":"ModelAdvance", "ph":"B", "ts":"2746966417", "pid":"1", "tid":"cice"},
{"name":"ModelAdvance", "ph":"E", "ts":"2749487352", "pid":"1", "tid":"cice"},
{"name":"ModelAdvance", "ph":"B", "ts":"2749885353", "pid":"1", "tid":"cice"},
{"name":"ModelAdvance", "ph":"E", "ts":"2752344587", "pid":"1", "tid":"cice"},
{"name":"ModelAdvance", "ph":"B", "ts":"2752771281", "pid":"1", "tid":"cice"},
{"name":"ModelAdvance", "ph":"E", "ts":"2755205755", "pid":"1", "tid":"cice"},
{"name":"ModelAdvance", "ph":"B", "ts":"2755646750", "pid":"1", "tid":"cice"},
{"name":"ModelAdvance", "ph":"E", "ts":"2758074471", "pid":"1", "tid":"cice"},
{"name":"ModelAdvance", "ph":"B", "ts":"2758479797", "pid":"1", "tid":"cice"},
{"name":"ModelAdvance", "ph":"E", "ts":"2760896844", "pid":"1", "tid":"cice"},
{"name":"ModelAdvance", "ph":"B", "ts":"2761324101", "pid":"1", "tid":"cice"},
{"name":"ModelAdvance", "ph":"E", "ts":"2763730356", "pid":"1", "tid":"cice"},
{"name":"ModelAdvance", "ph":"B", "ts":"2764156594", "pid":"1", "tid":"cice"},
{"name":"ModelAdvance", "ph":"E", "ts":"2766557803", "pid":"1", "tid":"cice"},
{"name":"ModelAdvance", "ph":"B", "ts":"2766970841", "pid":"1", "tid":"cice"},
{"name":"ModelAdvance", "ph":"E", "ts":"2769437283", "pid":"1", "tid":"cice"},
{"name":"ModelAdvance", "ph":"B", "ts":"2769824756", "pid":"1", "tid":"cice"},
{"name":"ModelAdvance", "ph":"E", "ts":"2772288036", "pid":"1", "tid":"cice"},
{"name":"ModelAdvance", "ph":"B", "ts":"2772664218", "pid":"1", "tid":"cice"},
{"name":"ModelAdvance", "ph":"E", "ts":"2775176862", "pid":"1", "tid":"cice"},
{"name":"ModelAdvance", "ph":"B", "ts":"2775600154", "pid":"1", "tid":"cice"},
{"name":"ModelAdvance", "ph":"E", "ts":"2778048357", "pid":"1", "tid":"cice"},
{"name":"ModelAdvance", "ph":"B", "ts":"2790689815", "pid":"1", "tid":"cice"},
{"name":"ModelAdvance", "ph":"E", "ts":"2793181311", "pid":"1", "tid":"cice"},
{"name":"ModelAdvance", "ph":"B", "ts":"2793613627", "pid":"1", "tid":"cice"},
{"name":"ModelAdvance", "ph":"E", "ts":"2796094518", "pid":"1", "tid":"cice"},
{"name":"ModelAdvance", "ph":"B", "ts":"2796478143", "pid":"1", "tid":"cice"},
{"name":"ModelAdvance", "ph":"E", "ts":"2799000306", "pid":"1", "tid":"cice"},
{"name":"ModelAdvance", "ph":"B", "ts":"2799351244", "pid":"1", "tid":"cice"},
{"name":"ModelAdvance", "ph":"E", "ts":"2801830300", "pid":"1", "tid":"cice"},
{"name":"ModelAdvance", "ph":"B", "ts":"2802222163", "pid":"1", "tid":"cice"},
{"name":"ModelAdvance", "ph":"E", "ts":"2804709377", "pid":"1", "tid":"cice"},
{"name":"ModelAdvance", "ph":"B", "ts":"2805098631", "pid":"1", "tid":"cice"},
{"name":"ModelAdvance", "ph":"E", "ts":"2807585265", "pid":"1", "tid":"cice"},
{"name":"ModelAdvance", "ph":"B", "ts":"2807971219", "pid":"1", "tid":"cice"},
{"name":"ModelAdvance", "ph":"E", "ts":"2810456619", "pid":"1", "tid":"cice"},
{"name":"ModelAdvance", "ph":"B", "ts":"2810868432", "pid":"1", "tid":"cice"},
{"name":"ModelAdvance", "ph":"E", "ts":"2813310539", "pid":"1", "tid":"cice"},
{"name":"ModelAdvance", "ph":"B", "ts":"2813753800", "pid":"1", "tid":"cice"},
{"name":"ModelAdvance", "ph":"E", "ts":"2816219429", "pid":"1", "tid":"cice"},
{"name":"ModelAdvance", "ph":"B", "ts":"2816626297", "pid":"1", "tid":"cice"},
{"name":"ModelAdvance", "ph":"E", "ts":"2819140120", "pid":"1", "tid":"cice"},
{"name":"ModelAdvance", "ph":"B", "ts":"2819624191", "pid":"1", "tid":"cice"},
{"name":"ModelAdvance", "ph":"E", "ts":"2822059374", "pid":"1", "tid":"cice"},
{"name":"ModelAdvance", "ph":"B", "ts":"2822459177", "pid":"1", "tid":"cice"},
{"name":"ModelAdvance", "ph":"E", "ts":"2824930694", "pid":"1", "tid":"cice"},
{"name":"ModelAdvance", "ph":"B", "ts":"2841498740", "pid":"1", "tid":"cice"},
{"name":"ModelAdvance", "ph":"E", "ts":"2844021857", "pid":"1", "tid":"cice"},
{"name":"ModelAdvance", "ph":"B", "ts":"2846769568", "pid":"1", "tid":"cice"},
{"name":"ModelAdvance", "ph":"E", "ts":"2849267660", "pid":"1", "tid":"cice"},
{"name":"ModelAdvance", "ph":"B", "ts":"2849684551", "pid":"1", "tid":"cice"},
{"name":"ModelAdvance", "ph":"E", "ts":"2852132998", "pid":"1", "tid":"cice"},
{"name":"ModelAdvance", "ph":"B", "ts":"2852530512", "pid":"1", "tid":"cice"},
{"name":"ModelAdvance", "ph":"E", "ts":"2855002494", "pid":"1", "tid":"cice"},
{"name":"ModelAdvance", "ph":"B", "ts":"2855394325", "pid":"1", "tid":"cice"},
{"name":"ModelAdvance", "ph":"E", "ts":"2857890741", "pid":"1", "tid":"cice"},
{"name":"ModelAdvance", "ph":"B", "ts":"2858340547", "pid":"1", "tid":"cice"},
{"name":"ModelAdvance", "ph":"E", "ts":"2860737795", "pid":"1", "tid":"cice"},
{"name":"ModelAdvance", "ph":"B", "ts":"2861176776", "pid":"1", "tid":"cice"},
{"name":"ModelAdvance", "ph":"E", "ts":"2863601876", "pid":"1", "tid":"cice"},
{"name":"ModelAdvance", "ph":"B", "ts":"2863985344", "pid":"1", "tid":"cice"},
{"name":"ModelAdvance", "ph":"E", "ts":"2866422958", "pid":"1", "tid":"cice"},
{"name":"ModelAdvance", "ph":"B", "ts":"2866843622", "pid":"1", "tid":"cice"},
{"name":"ModelAdvance", "ph":"E", "ts":"2869285307", "pid":"1", "tid":"cice"},
{"name":"ModelAdvance", "ph":"B", "ts":"2869714097", "pid":"1", "tid":"cice"},
{"name":"ModelAdvance", "ph":"E", "ts":"2872180596", "pid":"1", "tid":"cice"},
{"name":"ModelAdvance", "ph":"B", "ts":"2872646387", "pid":"1", "tid":"cice"},
{"name":"ModelAdvance", "ph":"E", "ts":"2875070909", "pid":"1", "tid":"cice"},
{"name":"ModelAdvance", "ph":"B", "ts":"2875460204", "pid":"1", "tid":"cice"},
{"name":"ModelAdvance", "ph":"E", "ts":"2877943986", "pid":"1", "tid":"cice"},
{"name":"ModelAdvance", "ph":"B", "ts":"2882103948", "pid":"1", "tid":"cice"},
{"name":"ModelAdvance", "ph":"E", "ts":"2884715576", "pid":"1", "tid":"cice"},
{"name":"ModelAdvance", "ph":"B", "ts":"2885078561", "pid":"1", "tid":"cice"},
{"name":"ModelAdvance", "ph":"E", "ts":"2887584926", "pid":"1", "tid":"cice"},
{"name":"ModelAdvance", "ph":"B", "ts":"2887970946", "pid":"1", "tid":"cice"},
{"name":"ModelAdvance", "ph":"E", "ts":"2890504352", "pid":"1", "tid":"cice"},
{"name":"ModelAdvance", "ph":"B", "ts":"2890896342", "pid":"1", "tid":"cice"},
{"name":"ModelAdvance", "ph":"E", "ts":"2893394531", "pid":"1", "tid":"cice"},
{"name":"ModelAdvance", "ph":"B", "ts":"2893853226", "pid":"1", "tid":"cice"},
{"name":"ModelAdvance", "ph":"E", "ts":"2896329502", "pid":"1", "tid":"cice"},
{"name":"ModelAdvance", "ph":"B", "ts":"2896751864", "pid":"1", "tid":"cice"},
{"name":"ModelAdvance", "ph":"E", "ts":"2899189176", "pid":"1", "tid":"cice"},
{"name":"ModelAdvance", "ph":"B", "ts":"2899595024", "pid":"1", "tid":"cice"},
{"name":"ModelAdvance", "ph":"E", "ts":"2902063162", "pid":"1", "tid":"cice"},
{"name":"ModelAdvance", "ph":"B", "ts":"2902504226", "pid":"1", "tid":"cice"},
{"name":"ModelAdvance", "ph":"E", "ts":"2904969996", "pid":"1", "tid":"cice"},
{"name":"ModelAdvance", "ph":"B", "ts":"2905442836", "pid":"1", "tid":"cice"},
{"name":"ModelAdvance", "ph":"E", "ts":"2907860487", "pid":"1", "tid":"cice"},
{"name":"ModelAdvance", "ph":"B", "ts":"2908302953", "pid":"1", "tid":"cice"},
{"name":"ModelAdvance", "ph":"E", "ts":"2910718196", "pid":"1", "tid":"cice"},
{"name":"ModelAdvance", "ph":"B", "ts":"2911167798", "pid":"1", "tid":"cice"},
{"name":"ModelAdvance", "ph":"E", "ts":"2913617608", "pid":"1", "tid":"cice"},
{"name":"ModelAdvance", "ph":"B", "ts":"2914064668", "pid":"1", "tid":"cice"},
{"name":"ModelAdvance", "ph":"E", "ts":"2919271615", "pid":"1", "tid":"cice"},
{"name":"ModelAdvance", "ph":"B", "ts":"2921175026", "pid":"1", "tid":"cice"},
{"name":"ModelAdvance", "ph":"E", "ts":"2923889534", "pid":"1", "tid":"cice"},
{"name":"ModelAdvance", "ph":"B", "ts":"2927443570", "pid":"1", "tid":"cice"},
{"name":"ModelAdvance", "ph":"E", "ts":"2929884206", "pid":"1", "tid":"cice"},
{"name":"ModelAdvance", "ph":"B", "ts":"2930254840", "pid":"1", "tid":"cice"},
{"name":"ModelAdvance", "ph":"E", "ts":"2932876403", "pid":"1", "tid":"cice"},
{"name":"ModelAdvance", "ph":"B", "ts":"2933331173", "pid":"1", "tid":"cice"},
{"name":"ModelAdvance", "ph":"E", "ts":"2935833696", "pid":"1", "tid":"cice"},
{"name":"ModelAdvance", "ph":"B", "ts":"2936218457", "pid":"1", "tid":"cice"},
{"name":"ModelAdvance", "ph":"E", "ts":"2938654390", "pid":"1", "tid":"cice"},
{"name":"ModelAdvance", "ph":"B", "ts":"2939030451", "pid":"1", "tid":"cice"},
{"name":"ModelAdvance", "ph":"E", "ts":"2941487980", "pid":"1", "tid":"cice"},
{"name":"ModelAdvance", "ph":"B", "ts":"2941905115", "pid":"1", "tid":"cice"},
{"name":"ModelAdvance", "ph":"E", "ts":"2944318795", "pid":"1", "tid":"cice"},
{"name":"ModelAdvance", "ph":"B", "ts":"2944761997", "pid":"1", "tid":"cice"},
{"name":"ModelAdvance", "ph":"E", "ts":"2947188247", "pid":"1", "tid":"cice"},
{"name":"ModelAdvance", "ph":"B", "ts":"2947616511", "pid":"1", "tid":"cice"},
{"name":"ModelAdvance", "ph":"E", "ts":"2950069327", "pid":"1", "tid":"cice"},
{"name":"ModelAdvance", "ph":"B", "ts":"2950537699", "pid":"1", "tid":"cice"},
{"name":"ModelAdvance", "ph":"E", "ts":"2952966337", "pid":"1", "tid":"cice"},
{"name":"ModelAdvance", "ph":"B", "ts":"2953368422", "pid":"1", "tid":"cice"},
{"name":"ModelAdvance", "ph":"E", "ts":"2955828269", "pid":"1", "tid":"cice"},
{"name":"ModelAdvance", "ph":"B", "ts":"2956265836", "pid":"1", "tid":"cice"},
{"name":"ModelAdvance", "ph":"E", "ts":"2958696536", "pid":"1", "tid":"cice"},
{"name":"ModelAdvance", "ph":"B", "ts":"2959185995", "pid":"1", "tid":"cice"},
{"name":"ModelAdvance", "ph":"E", "ts":"2961681797", "pid":"1", "tid":"cice"},
{"name":"ModelAdvance", "ph":"B", "ts":"2962079624", "pid":"1", "tid":"cice"},
{"name":"ModelAdvance", "ph":"E", "ts":"2964531637", "pid":"1", "tid":"cice"},
{"name":"ModelAdvance", "ph":"B", "ts":"2964994736", "pid":"1", "tid":"cice"},
{"name":"ModelAdvance", "ph":"E", "ts":"2967505058", "pid":"1", "tid":"cice"},
{"name":"ModelAdvance", "ph":"B", "ts":"2967850183", "pid":"1", "tid":"cice"},
{"name":"ModelAdvance", "ph":"E", "ts":"2970370000", "pid":"1", "tid":"cice"},
{"name":"ModelAdvance", "ph":"B", "ts":"2970792920", "pid":"1", "tid":"cice"},
{"name":"ModelAdvance", "ph":"E", "ts":"2973258314", "pid":"1", "tid":"cice"},
{"name":"ModelAdvance", "ph":"B", "ts":"2973661774", "pid":"1", "tid":"cice"},
{"name":"ModelAdvance", "ph":"E", "ts":"2976091666", "pid":"1", "tid":"cice"},
{"name":"ModelAdvance", "ph":"B", "ts":"2976564329", "pid":"1", "tid":"cice"},
{"name":"ModelAdvance", "ph":"E", "ts":"2979020347", "pid":"1", "tid":"cice"},
{"name":"ModelAdvance", "ph":"B", "ts":"2979440308", "pid":"1", "tid":"cice"},
{"name":"ModelAdvance", "ph":"E", "ts":"2981929071", "pid":"1", "tid":"cice"},
{"name":"ModelAdvance", "ph":"B", "ts":"2982373126", "pid":"1", "tid":"cice"},
{"name":"ModelAdvance", "ph":"E", "ts":"2984818673", "pid":"1", "tid":"cice"},
{"name":"ModelAdvance", "ph":"B", "ts":"2985287460", "pid":"1", "tid":"cice"},
{"name":"ModelAdvance", "ph":"E", "ts":"2987730389", "pid":"1", "tid":"cice"},
{"name":"ModelAdvance", "ph":"B", "ts":"2988146937", "pid":"1", "tid":"cice"},
{"name":"ModelAdvance", "ph":"E", "ts":"2990613632", "pid":"1", "tid":"cice"},
{"name":"ModelAdvance", "ph":"B", "ts":"2991037266", "pid":"1", "tid":"cice"},
{"name":"ModelAdvance", "ph":"E", "ts":"2993516469", "pid":"1", "tid":"cice"},
{"name":"ModelAdvance", "ph":"B", "ts":"2993975783", "pid":"1", "tid":"cice"},
{"name":"ModelAdvance", "ph":"E", "ts":"2996727621", "pid":"1", "tid":"cice"},
{"name":"ModelAdvance", "ph":"B", "ts":"3000027315", "pid":"1", "tid":"cice"},
{"name":"ModelAdvance", "ph":"E", "ts":"3002546881", "pid":"1", "tid":"cice"},
{"name":"ModelAdvance", "ph":"B", "ts":"3002872559", "pid":"1", "tid":"cice"},
{"name":"ModelAdvance", "ph":"E", "ts":"3005411943", "pid":"1", "tid":"cice"},
{"name":"ModelAdvance", "ph":"B", "ts":"3005793728", "pid":"1", "tid":"cice"},
{"name":"ModelAdvance", "ph":"E", "ts":"3008352079", "pid":"1", "tid":"cice"},
{"name":"ModelAdvance", "ph":"B", "ts":"3008785725", "pid":"1", "tid":"cice"},
{"name":"ModelAdvance", "ph":"E", "ts":"3011194185", "pid":"1", "tid":"cice"},
{"name":"ModelAdvance", "ph":"B", "ts":"3011606605", "pid":"1", "tid":"cice"},
{"name":"ModelAdvance", "ph":"E", "ts":"3014034140", "pid":"1", "tid":"cice"},
{"name":"ModelAdvance", "ph":"B", "ts":"3014489915", "pid":"1", "tid":"cice"},
{"name":"ModelAdvance", "ph":"E", "ts":"3016882400", "pid":"1", "tid":"cice"},
{"name":"ModelAdvance", "ph":"B", "ts":"3017286367", "pid":"1", "tid":"cice"},
{"name":"ModelAdvance", "ph":"E", "ts":"3019758789", "pid":"1", "tid":"cice"},
{"name":"ModelAdvance", "ph":"B", "ts":"3020202862", "pid":"1", "tid":"cice"},
{"name":"ModelAdvance", "ph":"E", "ts":"3022650375", "pid":"1", "tid":"cice"},
{"name":"ModelAdvance", "ph":"B", "ts":"3023097350", "pid":"1", "tid":"cice"},
{"name":"ModelAdvance", "ph":"E", "ts":"3025523308", "pid":"1", "tid":"cice"},
{"name":"ModelAdvance", "ph":"B", "ts":"3025961075", "pid":"1", "tid":"cice"},
{"name":"ModelAdvance", "ph":"E", "ts":"3028415560", "pid":"1", "tid":"cice"},
{"name":"ModelAdvance", "ph":"B", "ts":"3028879118", "pid":"1", "tid":"cice"},
{"name":"ModelAdvance", "ph":"E", "ts":"3031307809", "pid":"1", "tid":"cice"},
{"name":"ModelAdvance", "ph":"B", "ts":"3031797114", "pid":"1", "tid":"cice"},
{"name":"ModelAdvance", "ph":"E", "ts":"3034265008", "pid":"1", "tid":"cice"},
{"name":"ModelAdvance", "ph":"B", "ts":"3034625273", "pid":"1", "tid":"cice"},
{"name":"ModelAdvance", "ph":"E", "ts":"3037121953", "pid":"1", "tid":"cice"},
{"name":"ModelAdvance", "ph":"B", "ts":"3037543745", "pid":"1", "tid":"cice"},
{"name":"ModelAdvance", "ph":"E", "ts":"3040070822", "pid":"1", "tid":"cice"},
{"name":"ModelAdvance", "ph":"B", "ts":"3040466420", "pid":"1", "tid":"cice"},
{"name":"ModelAdvance", "ph":"E", "ts":"3042939746", "pid":"1", "tid":"cice"},
{"name":"ModelAdvance", "ph":"B", "ts":"3043349919", "pid":"1", "tid":"cice"},
{"name":"ModelAdvance", "ph":"E", "ts":"3045838134", "pid":"1", "tid":"cice"},
{"name":"ModelAdvance", "ph":"B", "ts":"3046283065", "pid":"1", "tid":"cice"},
{"name":"ModelAdvance", "ph":"E", "ts":"3048705735", "pid":"1", "tid":"cice"},
{"name":"ModelAdvance", "ph":"B", "ts":"3049168883", "pid":"1", "tid":"cice"},
{"name":"ModelAdvance", "ph":"E", "ts":"3051621278", "pid":"1", "tid":"cice"},
{"name":"ModelAdvance", "ph":"B", "ts":"3052006795", "pid":"1", "tid":"cice"},
{"name":"ModelAdvance", "ph":"E", "ts":"3054477026", "pid":"1", "tid":"cice"},
{"name":"ModelAdvance", "ph":"B", "ts":"3054953002", "pid":"1", "tid":"cice"},
{"name":"ModelAdvance", "ph":"E", "ts":"3057386628", "pid":"1", "tid":"cice"},
{"name":"ModelAdvance", "ph":"B", "ts":"3057847851", "pid":"1", "tid":"cice"},
{"name":"ModelAdvance", "ph":"E", "ts":"3060289852", "pid":"1", "tid":"cice"},
{"name":"ModelAdvance", "ph":"B", "ts":"3060744973", "pid":"1", "tid":"cice"},
{"name":"ModelAdvance", "ph":"E", "ts":"3063213004", "pid":"1", "tid":"cice"},
{"name":"ModelAdvance", "ph":"B", "ts":"3063623859", "pid":"1", "tid":"cice"},
{"name":"ModelAdvance", "ph":"E", "ts":"3066090912", "pid":"1", "tid":"cice"},
{"name":"ModelAdvance", "ph":"B", "ts":"3066546432", "pid":"1", "tid":"cice"},
{"name":"ModelAdvance", "ph":"E", "ts":"3069278532", "pid":"1", "tid":"cice"},
{"name":"ModelAdvance", "ph":"B", "ts":"3072638788", "pid":"1", "tid":"cice"},
{"name":"ModelAdvance", "ph":"E", "ts":"3075139588", "pid":"1", "tid":"cice"},
{"name":"ModelAdvance", "ph":"B", "ts":"3075494389", "pid":"1", "tid":"cice"},
{"name":"ModelAdvance", "ph":"E", "ts":"3078037513", "pid":"1", "tid":"cice"},
{"name":"ModelAdvance", "ph":"B", "ts":"3078489899", "pid":"1", "tid":"cice"},
{"name":"ModelAdvance", "ph":"E", "ts":"3081026300", "pid":"1", "tid":"cice"},
{"name":"ModelAdvance", "ph":"B", "ts":"3081478647", "pid":"1", "tid":"cice"},
{"name":"ModelAdvance", "ph":"E", "ts":"3083899947", "pid":"1", "tid":"cice"},
{"name":"ModelAdvance", "ph":"B", "ts":"3084359902", "pid":"1", "tid":"cice"},
{"name":"ModelAdvance", "ph":"E", "ts":"3086779210", "pid":"1", "tid":"cice"},
{"name":"ModelAdvance", "ph":"B", "ts":"3087190901", "pid":"1", "tid":"cice"},
{"name":"ModelAdvance", "ph":"E", "ts":"3089622497", "pid":"1", "tid":"cice"},
{"name":"ModelAdvance", "ph":"B", "ts":"3090023659", "pid":"1", "tid":"cice"},
{"name":"ModelAdvance", "ph":"E", "ts":"3092462539", "pid":"1", "tid":"cice"},
{"name":"ModelAdvance", "ph":"B", "ts":"3092881456", "pid":"1", "tid":"cice"},
{"name":"ModelAdvance", "ph":"E", "ts":"3095351037", "pid":"1", "tid":"cice"},
{"name":"ModelAdvance", "ph":"B", "ts":"3095787691", "pid":"1", "tid":"cice"},
{"name":"ModelAdvance", "ph":"E", "ts":"3098239985", "pid":"1", "tid":"cice"},
{"name":"ModelAdvance", "ph":"B", "ts":"3098723080", "pid":"1", "tid":"cice"},
{"name":"ModelAdvance", "ph":"E", "ts":"3101149379", "pid":"1", "tid":"cice"},
{"name":"ModelAdvance", "ph":"B", "ts":"3101599724", "pid":"1", "tid":"cice"},
{"name":"ModelAdvance", "ph":"E", "ts":"3104093523", "pid":"1", "tid":"cice"},
{"name":"ModelAdvance", "ph":"B", "ts":"3104565738", "pid":"1", "tid":"cice"},
{"name":"ModelAdvance", "ph":"E", "ts":"3107050366", "pid":"1", "tid":"cice"},
{"name":"ModelAdvance", "ph":"B", "ts":"3107485042", "pid":"1", "tid":"cice"},
{"name":"ModelAdvance", "ph":"E", "ts":"3109942099", "pid":"1", "tid":"cice"},
{"name":"ModelAdvance", "ph":"B", "ts":"3110345638", "pid":"1", "tid":"cice"},
{"name":"ModelAdvance", "ph":"E", "ts":"3112848944", "pid":"1", "tid":"cice"},
{"name":"ModelAdvance", "ph":"B", "ts":"3113223329", "pid":"1", "tid":"cice"},
{"name":"ModelAdvance", "ph":"E", "ts":"3115718296", "pid":"1", "tid":"cice"},
{"name":"ModelAdvance", "ph":"B", "ts":"3116189354", "pid":"1", "tid":"cice"},
{"name":"ModelAdvance", "ph":"E", "ts":"3118613823", "pid":"1", "tid":"cice"},
{"name":"ModelAdvance", "ph":"B", "ts":"3119031341", "pid":"1", "tid":"cice"},
{"name":"ModelAdvance", "ph":"E", "ts":"3121446262", "pid":"1", "tid":"cice"},
{"name":"ModelAdvance", "ph":"B", "ts":"3121862760", "pid":"1", "tid":"cice"},
{"name":"ModelAdvance", "ph":"E", "ts":"3124288146", "pid":"1", "tid":"cice"},
{"name":"ModelAdvance", "ph":"B", "ts":"3124723339", "pid":"1", "tid":"cice"},
{"name":"ModelAdvance", "ph":"E", "ts":"3127109954", "pid":"1", "tid":"cice"},
{"name":"ModelAdvance", "ph":"B", "ts":"3127544591", "pid":"1", "tid":"cice"},
{"name":"ModelAdvance", "ph":"E", "ts":"3130006327", "pid":"1", "tid":"cice"},
{"name":"ModelAdvance", "ph":"B", "ts":"3130439553", "pid":"1", "tid":"cice"},
{"name":"ModelAdvance", "ph":"E", "ts":"3132847440", "pid":"1", "tid":"cice"},
{"name":"ModelAdvance", "ph":"B", "ts":"3133272262", "pid":"1", "tid":"cice"},
{"name":"ModelAdvance", "ph":"E", "ts":"3135684685", "pid":"1", "tid":"cice"},
{"name":"ModelAdvance", "ph":"B", "ts":"3136089494", "pid":"1", "tid":"cice"},
{"name":"ModelAdvance", "ph":"E", "ts":"3143463918", "pid":"1", "tid":"cice"},
{"name":"ModelAdvance", "ph":"B", "ts":"3169526473", "pid":"1", "tid":"cice"},
{"name":"ModelAdvance", "ph":"E", "ts":"3172020817", "pid":"1", "tid":"cice"},
{"name":"ModelAdvance", "ph":"B", "ts":"3174713539", "pid":"1", "tid":"cice"},
{"name":"ModelAdvance", "ph":"E", "ts":"3177226880", "pid":"1", "tid":"cice"},
{"name":"ModelAdvance", "ph":"B", "ts":"3177641011", "pid":"1", "tid":"cice"},
{"name":"ModelAdvance", "ph":"E", "ts":"3180125053", "pid":"1", "tid":"cice"},
{"name":"ModelAdvance", "ph":"B", "ts":"3180591411", "pid":"1", "tid":"cice"},
{"name":"ModelAdvance", "ph":"E", "ts":"3183025648", "pid":"1", "tid":"cice"},
{"name":"ModelAdvance", "ph":"B", "ts":"3183449748", "pid":"1", "tid":"cice"},
{"name":"ModelAdvance", "ph":"E", "ts":"3185823453", "pid":"1", "tid":"cice"},
{"name":"ModelAdvance", "ph":"B", "ts":"3186304693", "pid":"1", "tid":"cice"},
{"name":"ModelAdvance", "ph":"E", "ts":"3188682838", "pid":"1", "tid":"cice"},
{"name":"ModelAdvance", "ph":"B", "ts":"3189093108", "pid":"1", "tid":"cice"},
{"name":"ModelAdvance", "ph":"E", "ts":"3191480687", "pid":"1", "tid":"cice"},
{"name":"ModelAdvance", "ph":"B", "ts":"3191888965", "pid":"1", "tid":"cice"},
{"name":"ModelAdvance", "ph":"E", "ts":"3194285759", "pid":"1", "tid":"cice"},
{"name":"ModelAdvance", "ph":"B", "ts":"3194746713", "pid":"1", "tid":"cice"},
{"name":"ModelAdvance", "ph":"E", "ts":"3197149424", "pid":"1", "tid":"cice"},
{"name":"ModelAdvance", "ph":"B", "ts":"3197618362", "pid":"1", "tid":"cice"},
{"name":"ModelAdvance", "ph":"E", "ts":"3199990218", "pid":"1", "tid":"cice"},
{"name":"ModelAdvance", "ph":"B", "ts":"3200365563", "pid":"1", "tid":"cice"},
{"name":"ModelAdvance", "ph":"E", "ts":"3202791809", "pid":"1", "tid":"cice"},
{"name":"ModelAdvance", "ph":"B", "ts":"3203233879", "pid":"1", "tid":"cice"},
{"name":"ModelAdvance", "ph":"E", "ts":"3205601151", "pid":"1", "tid":"cice"},
{"name":"ModelAdvance", "ph":"B", "ts":"3206955006", "pid":"1", "tid":"cice"},
{"name":"ModelAdvance", "ph":"E", "ts":"3209420514", "pid":"1", "tid":"cice"},
{"name":"ModelAdvance", "ph":"B", "ts":"3209833897", "pid":"1", "tid":"cice"},
{"name":"ModelAdvance", "ph":"E", "ts":"3212331327", "pid":"1", "tid":"cice"},
{"name":"ModelAdvance", "ph":"B", "ts":"3212776350", "pid":"1", "tid":"cice"},
{"name":"ModelAdvance", "ph":"E", "ts":"3215238636", "pid":"1", "tid":"cice"},
{"name":"ModelAdvance", "ph":"B", "ts":"3215649969", "pid":"1", "tid":"cice"},
{"name":"ModelAdvance", "ph":"E", "ts":"3218121428", "pid":"1", "tid":"cice"},
{"name":"ModelAdvance", "ph":"B", "ts":"3218554725", "pid":"1", "tid":"cice"},
{"name":"ModelAdvance", "ph":"E", "ts":"3221020138", "pid":"1", "tid":"cice"},
{"name":"ModelAdvance", "ph":"B", "ts":"3221443891", "pid":"1", "tid":"cice"},
{"name":"ModelAdvance", "ph":"E", "ts":"3223883541", "pid":"1", "tid":"cice"},
{"name":"ModelAdvance", "ph":"B", "ts":"3224370187", "pid":"1", "tid":"cice"},
{"name":"ModelAdvance", "ph":"E", "ts":"3226810628", "pid":"1", "tid":"cice"},
{"name":"ModelAdvance", "ph":"B", "ts":"3227273923", "pid":"1", "tid":"cice"},
{"name":"ModelAdvance", "ph":"E", "ts":"3229694926", "pid":"1", "tid":"cice"},
{"name":"ModelAdvance", "ph":"B", "ts":"3230158845", "pid":"1", "tid":"cice"},
{"name":"ModelAdvance", "ph":"E", "ts":"3232599450", "pid":"1", "tid":"cice"},
{"name":"ModelAdvance", "ph":"B", "ts":"3233077133", "pid":"1", "tid":"cice"},
{"name":"ModelAdvance", "ph":"E", "ts":"3235498139", "pid":"1", "tid":"cice"},
{"name":"ModelAdvance", "ph":"B", "ts":"3235970452", "pid":"1", "tid":"cice"},
{"name":"ModelAdvance", "ph":"E", "ts":"3238404943", "pid":"1", "tid":"cice"},
{"name":"ModelAdvance", "ph":"B", "ts":"3238854213", "pid":"1", "tid":"cice"},
{"name":"ModelAdvance", "ph":"E", "ts":"3241274986", "pid":"1", "tid":"cice"},
{"name":"ModelAdvance", "ph":"B", "ts":"3241746309", "pid":"1", "tid":"cice"},
{"name":"ModelAdvance", "ph":"E", "ts":"3244450869", "pid":"1", "tid":"cice"},
{"name":"ModelAdvance", "ph":"B", "ts":"3248352077", "pid":"1", "tid":"cice"},
{"name":"ModelAdvance", "ph":"E", "ts":"3250798960", "pid":"1", "tid":"cice"},
{"name":"ModelAdvance", "ph":"B", "ts":"3251206764", "pid":"1", "tid":"cice"},
{"name":"ModelAdvance", "ph":"E", "ts":"3253786073", "pid":"1", "tid":"cice"},
{"name":"ModelAdvance", "ph":"B", "ts":"3254286356", "pid":"1", "tid":"cice"},
{"name":"ModelAdvance", "ph":"E", "ts":"3256687462", "pid":"1", "tid":"cice"},
{"name":"ModelAdvance", "ph":"B", "ts":"3257147346", "pid":"1", "tid":"cice"},
{"name":"ModelAdvance", "ph":"E", "ts":"3259564794", "pid":"1", "tid":"cice"},
{"name":"ModelAdvance", "ph":"B", "ts":"3260018296", "pid":"1", "tid":"cice"},
{"name":"ModelAdvance", "ph":"E", "ts":"3262438525", "pid":"1", "tid":"cice"},
{"name":"ModelAdvance", "ph":"B", "ts":"3262852125", "pid":"1", "tid":"cice"},
{"name":"ModelAdvance", "ph":"E", "ts":"3265265475", "pid":"1", "tid":"cice"},
{"name":"ModelAdvance", "ph":"B", "ts":"3265694677", "pid":"1", "tid":"cice"},
{"name":"ModelAdvance", "ph":"E", "ts":"3268078964", "pid":"1", "tid":"cice"},
{"name":"ModelAdvance", "ph":"B", "ts":"3268524507", "pid":"1", "tid":"cice"},
{"name":"ModelAdvance", "ph":"E", "ts":"3270958834", "pid":"1", "tid":"cice"},
{"name":"ModelAdvance", "ph":"B", "ts":"3271424903", "pid":"1", "tid":"cice"},
{"name":"ModelAdvance", "ph":"E", "ts":"3273846278", "pid":"1", "tid":"cice"},
{"name":"ModelAdvance", "ph":"B", "ts":"3274351169", "pid":"1", "tid":"cice"},
{"name":"ModelAdvance", "ph":"E", "ts":"3276754907", "pid":"1", "tid":"cice"},
{"name":"ModelAdvance", "ph":"B", "ts":"3277199860", "pid":"1", "tid":"cice"},
{"name":"ModelAdvance", "ph":"E", "ts":"3279687816", "pid":"1", "tid":"cice"},
{"name":"ModelAdvance", "ph":"B", "ts":"3280150109", "pid":"1", "tid":"cice"},
{"name":"ModelAdvance", "ph":"E", "ts":"3282624213", "pid":"1", "tid":"cice"},
{"name":"ModelAdvance", "ph":"B", "ts":"3283053194", "pid":"1", "tid":"cice"},
{"name":"ModelAdvance", "ph":"E", "ts":"3285525019", "pid":"1", "tid":"cice"},
{"name":"ModelAdvance", "ph":"B", "ts":"3286008879", "pid":"1", "tid":"cice"},
{"name":"ModelAdvance", "ph":"E", "ts":"3288482941", "pid":"1", "tid":"cice"},
{"name":"ModelAdvance", "ph":"B", "ts":"3288905225", "pid":"1", "tid":"cice"},
{"name":"ModelAdvance", "ph":"E", "ts":"3291371491", "pid":"1", "tid":"cice"},
{"name":"ModelAdvance", "ph":"B", "ts":"3291836122", "pid":"1", "tid":"cice"},
{"name":"ModelAdvance", "ph":"E", "ts":"3294286315", "pid":"1", "tid":"cice"},
{"name":"ModelAdvance", "ph":"B", "ts":"3294749094", "pid":"1", "tid":"cice"},
{"name":"ModelAdvance", "ph":"E", "ts":"3297180732", "pid":"1", "tid":"cice"},
{"name":"ModelAdvance", "ph":"B", "ts":"3297611902", "pid":"1", "tid":"cice"},
{"name":"ModelAdvance", "ph":"E", "ts":"3300069284", "pid":"1", "tid":"cice"},
{"name":"ModelAdvance", "ph":"B", "ts":"3300514437", "pid":"1", "tid":"cice"},
{"name":"ModelAdvance", "ph":"E", "ts":"3302967198", "pid":"1", "tid":"cice"},
{"name":"ModelAdvance", "ph":"B", "ts":"3303426476", "pid":"1", "tid":"cice"},
{"name":"ModelAdvance", "ph":"E", "ts":"3305865260", "pid":"1", "tid":"cice"},
{"name":"ModelAdvance", "ph":"B", "ts":"3306341035", "pid":"1", "tid":"cice"},
{"name":"ModelAdvance", "ph":"E", "ts":"3308750069", "pid":"1", "tid":"cice"},
{"name":"ModelAdvance", "ph":"B", "ts":"3309214773", "pid":"1", "tid":"cice"},
{"name":"ModelAdvance", "ph":"E", "ts":"3311646789", "pid":"1", "tid":"cice"},
{"name":"ModelAdvance", "ph":"B", "ts":"3312104434", "pid":"1", "tid":"cice"},
{"name":"ModelAdvance", "ph":"E", "ts":"3314536717", "pid":"1", "tid":"cice"},
{"name":"ModelAdvance", "ph":"B", "ts":"3315067353", "pid":"1", "tid":"cice"},
{"name":"ModelAdvance", "ph":"E", "ts":"3317732896", "pid":"1", "tid":"cice"},
{"name":"ModelAdvance", "ph":"B", "ts":"3321261159", "pid":"1", "tid":"cice"},
{"name":"ModelAdvance", "ph":"E", "ts":"3323666187", "pid":"1", "tid":"cice"},
{"name":"ModelAdvance", "ph":"B", "ts":"3324080807", "pid":"1", "tid":"cice"},
{"name":"ModelAdvance", "ph":"E", "ts":"3326653420", "pid":"1", "tid":"cice"},
{"name":"ModelAdvance", "ph":"B", "ts":"3327152923", "pid":"1", "tid":"cice"},
{"name":"ModelAdvance", "ph":"E", "ts":"3329575328", "pid":"1", "tid":"cice"},
{"name":"ModelAdvance", "ph":"B", "ts":"3330047830", "pid":"1", "tid":"cice"},
{"name":"ModelAdvance", "ph":"E", "ts":"3332472423", "pid":"1", "tid":"cice"},
{"name":"ModelAdvance", "ph":"B", "ts":"3332933932", "pid":"1", "tid":"cice"},
{"name":"ModelAdvance", "ph":"E", "ts":"3335368344", "pid":"1", "tid":"cice"},
{"name":"ModelAdvance", "ph":"B", "ts":"3335839933", "pid":"1", "tid":"cice"},
{"name":"ModelAdvance", "ph":"E", "ts":"3338214724", "pid":"1", "tid":"cice"},
{"name":"ModelAdvance", "ph":"B", "ts":"3338661216", "pid":"1", "tid":"cice"},
{"name":"ModelAdvance", "ph":"E", "ts":"3341057286", "pid":"1", "tid":"cice"},
{"name":"ModelAdvance", "ph":"B", "ts":"3341495243", "pid":"1", "tid":"cice"},
{"name":"ModelAdvance", "ph":"E", "ts":"3343923007", "pid":"1", "tid":"cice"},
{"name":"ModelAdvance", "ph":"B", "ts":"3344359805", "pid":"1", "tid":"cice"},
{"name":"ModelAdvance", "ph":"E", "ts":"3346872411", "pid":"1", "tid":"cice"},
{"name":"ModelAdvance", "ph":"B", "ts":"3347328964", "pid":"1", "tid":"cice"},
{"name":"ModelAdvance", "ph":"E", "ts":"3349735527", "pid":"1", "tid":"cice"},
{"name":"ModelAdvance", "ph":"B", "ts":"3350202295", "pid":"1", "tid":"cice"},
{"name":"ModelAdvance", "ph":"E", "ts":"3352647705", "pid":"1", "tid":"cice"},
{"name":"ModelAdvance", "ph":"B", "ts":"3353130915", "pid":"1", "tid":"cice"},
{"name":"ModelAdvance", "ph":"E", "ts":"3355558792", "pid":"1", "tid":"cice"},
{"name":"ModelAdvance", "ph":"B", "ts":"3355929402", "pid":"1", "tid":"cice"},
{"name":"ModelAdvance", "ph":"E", "ts":"3358478332", "pid":"1", "tid":"cice"},
{"name":"ModelAdvance", "ph":"B", "ts":"3358937806", "pid":"1", "tid":"cice"},
{"name":"ModelAdvance", "ph":"E", "ts":"3361402353", "pid":"1", "tid":"cice"},
{"name":"ModelAdvance", "ph":"B", "ts":"3361844875", "pid":"1", "tid":"cice"},
{"name":"ModelAdvance", "ph":"E", "ts":"3364280918", "pid":"1", "tid":"cice"},
{"name":"ModelAdvance", "ph":"B", "ts":"3364728931", "pid":"1", "tid":"cice"},
{"name":"ModelAdvance", "ph":"E", "ts":"3367155534", "pid":"1", "tid":"cice"},
{"name":"ModelAdvance", "ph":"B", "ts":"3367602731", "pid":"1", "tid":"cice"},
{"name":"ModelAdvance", "ph":"E", "ts":"3370016368", "pid":"1", "tid":"cice"},
{"name":"ModelAdvance", "ph":"B", "ts":"3370518194", "pid":"1", "tid":"cice"},
{"name":"ModelAdvance", "ph":"E", "ts":"3372905884", "pid":"1", "tid":"cice"},
{"name":"ModelAdvance", "ph":"B", "ts":"3373354747", "pid":"1", "tid":"cice"},
{"name":"ModelAdvance", "ph":"E", "ts":"3375722959", "pid":"1", "tid":"cice"},
{"name":"ModelAdvance", "ph":"B", "ts":"3376114133", "pid":"1", "tid":"cice"},
{"name":"ModelAdvance", "ph":"E", "ts":"3378586717", "pid":"1", "tid":"cice"},
{"name":"ModelAdvance", "ph":"B", "ts":"3378967918", "pid":"1", "tid":"cice"},
{"name":"ModelAdvance", "ph":"E", "ts":"3381446810", "pid":"1", "tid":"cice"},
{"name":"ModelAdvance", "ph":"B", "ts":"3381904361", "pid":"1", "tid":"cice"},
{"name":"ModelAdvance", "ph":"E", "ts":"3384329829", "pid":"1", "tid":"cice"},
{"name":"ModelAdvance", "ph":"B", "ts":"3384781719", "pid":"1", "tid":"cice"},
{"name":"ModelAdvance", "ph":"E", "ts":"3392000029", "pid":"1", "tid":"cice"},
{"name":"ModelAdvance", "ph":"B", "ts":"3404898552", "pid":"1", "tid":"cice"},
{"name":"ModelAdvance", "ph":"E", "ts":"3407312989", "pid":"1", "tid":"cice"},
{"name":"ModelAdvance", "ph":"B", "ts":"3409871299", "pid":"1", "tid":"cice"},
{"name":"ModelAdvance", "ph":"E", "ts":"3412321820", "pid":"1", "tid":"cice"},
{"name":"ModelAdvance", "ph":"B", "ts":"3412788574", "pid":"1", "tid":"cice"},
{"name":"ModelAdvance", "ph":"E", "ts":"3415232654", "pid":"1", "tid":"cice"},
{"name":"ModelAdvance", "ph":"B", "ts":"3415676522", "pid":"1", "tid":"cice"},
{"name":"ModelAdvance", "ph":"E", "ts":"3418127003", "pid":"1", "tid":"cice"},
{"name":"ModelAdvance", "ph":"B", "ts":"3418533586", "pid":"1", "tid":"cice"},
{"name":"ModelAdvance", "ph":"E", "ts":"3420998506", "pid":"1", "tid":"cice"},
{"name":"ModelAdvance", "ph":"B", "ts":"3421436039", "pid":"1", "tid":"cice"},
{"name":"ModelAdvance", "ph":"E", "ts":"3423829869", "pid":"1", "tid":"cice"},
{"name":"ModelAdvance", "ph":"B", "ts":"3424233454", "pid":"1", "tid":"cice"},
{"name":"ModelAdvance", "ph":"E", "ts":"3426646597", "pid":"1", "tid":"cice"},
{"name":"ModelAdvance", "ph":"B", "ts":"3427018181", "pid":"1", "tid":"cice"},
{"name":"ModelAdvance", "ph":"E", "ts":"3429501303", "pid":"1", "tid":"cice"},
{"name":"ModelAdvance", "ph":"B", "ts":"3430017181", "pid":"1", "tid":"cice"},
{"name":"ModelAdvance", "ph":"E", "ts":"3432407391", "pid":"1", "tid":"cice"},
{"name":"ModelAdvance", "ph":"B", "ts":"3432871998", "pid":"1", "tid":"cice"},
{"name":"ModelAdvance", "ph":"E", "ts":"3435313848", "pid":"1", "tid":"cice"},
{"name":"ModelAdvance", "ph":"B", "ts":"3435772391", "pid":"1", "tid":"cice"},
{"name":"ModelAdvance", "ph":"E", "ts":"3438210459", "pid":"1", "tid":"cice"},
{"name":"ModelAdvance", "ph":"B", "ts":"3438692246", "pid":"1", "tid":"cice"},
{"name":"ModelAdvance", "ph":"E", "ts":"3441119724", "pid":"1", "tid":"cice"},
{"name":"ModelAdvance", "ph":"B", "ts":"3441590434", "pid":"1", "tid":"cice"},
{"name":"ModelAdvance", "ph":"E", "ts":"3444066622", "pid":"1", "tid":"cice"},
{"name":"ModelAdvance", "ph":"B", "ts":"3444553808", "pid":"1", "tid":"cice"},
{"name":"ModelAdvance", "ph":"E", "ts":"3447013176", "pid":"1", "tid":"cice"},
{"name":"ModelAdvance", "ph":"B", "ts":"3447446792", "pid":"1", "tid":"cice"},
{"name":"ModelAdvance", "ph":"E", "ts":"3449883681", "pid":"1", "tid":"cice"},
{"name":"ModelAdvance", "ph":"B", "ts":"3450326850", "pid":"1", "tid":"cice"},
{"name":"ModelAdvance", "ph":"E", "ts":"3452781860", "pid":"1", "tid":"cice"},
{"name":"ModelAdvance", "ph":"B", "ts":"3453227008", "pid":"1", "tid":"cice"},
{"name":"ModelAdvance", "ph":"E", "ts":"3455675952", "pid":"1", "tid":"cice"},
{"name":"ModelAdvance", "ph":"B", "ts":"3456137389", "pid":"1", "tid":"cice"},
{"name":"ModelAdvance", "ph":"E", "ts":"3458588854", "pid":"1", "tid":"cice"},
{"name":"ModelAdvance", "ph":"B", "ts":"3459073844", "pid":"1", "tid":"cice"},
{"name":"ModelAdvance", "ph":"E", "ts":"3461439078", "pid":"1", "tid":"cice"},
{"name":"ModelAdvance", "ph":"B", "ts":"3461918558", "pid":"1", "tid":"cice"},
{"name":"ModelAdvance", "ph":"E", "ts":"3464326679", "pid":"1", "tid":"cice"},
{"name":"ModelAdvance", "ph":"B", "ts":"3464774600", "pid":"1", "tid":"cice"},
{"name":"ModelAdvance", "ph":"E", "ts":"3467205004", "pid":"1", "tid":"cice"},
{"name":"ModelAdvance", "ph":"B", "ts":"3467675052", "pid":"1", "tid":"cice"},
{"name":"ModelAdvance", "ph":"E", "ts":"3470077612", "pid":"1", "tid":"cice"},
{"name":"ModelAdvance", "ph":"B", "ts":"3470568549", "pid":"1", "tid":"cice"},
{"name":"ModelAdvance", "ph":"E", "ts":"3472971370", "pid":"1", "tid":"cice"},
{"name":"ModelAdvance", "ph":"B", "ts":"3473429187", "pid":"1", "tid":"cice"},
{"name":"ModelAdvance", "ph":"E", "ts":"3475844498", "pid":"1", "tid":"cice"},
{"name":"ModelAdvance", "ph":"B", "ts":"3476312310", "pid":"1", "tid":"cice"},
{"name":"ModelAdvance", "ph":"E", "ts":"3479020280", "pid":"1", "tid":"cice"},
{"name":"ModelAdvance", "ph":"B", "ts":"3482767784", "pid":"1", "tid":"cice"},
{"name":"ModelAdvance", "ph":"E", "ts":"3485193263", "pid":"1", "tid":"cice"},
{"name":"ModelAdvance", "ph":"B", "ts":"3485624419", "pid":"1", "tid":"cice"},
{"name":"ModelAdvance", "ph":"E", "ts":"3488168343", "pid":"1", "tid":"cice"},
{"name":"ModelAdvance", "ph":"B", "ts":"3488653314", "pid":"1", "tid":"cice"},
{"name":"ModelAdvance", "ph":"E", "ts":"3491130302", "pid":"1", "tid":"cice"},
{"name":"ModelAdvance", "ph":"B", "ts":"3491597862", "pid":"1", "tid":"cice"},
{"name":"ModelAdvance", "ph":"E", "ts":"3493961783", "pid":"1", "tid":"cice"},
{"name":"ModelAdvance", "ph":"B", "ts":"3494411441", "pid":"1", "tid":"cice"},
{"name":"ModelAdvance", "ph":"E", "ts":"3496792802", "pid":"1", "tid":"cice"},
{"name":"ModelAdvance", "ph":"B", "ts":"3497242818", "pid":"1", "tid":"cice"},
{"name":"ModelAdvance", "ph":"E", "ts":"3499606248", "pid":"1", "tid":"cice"},
{"name":"ModelAdvance", "ph":"B", "ts":"3500072189", "pid":"1", "tid":"cice"},
{"name":"ModelAdvance", "ph":"E", "ts":"3502435761", "pid":"1", "tid":"cice"},
{"name":"ModelAdvance", "ph":"B", "ts":"3502886108", "pid":"1", "tid":"cice"},
{"name":"ModelAdvance", "ph":"E", "ts":"3505312125", "pid":"1", "tid":"cice"},
{"name":"ModelAdvance", "ph":"B", "ts":"3505808298", "pid":"1", "tid":"cice"},
{"name":"ModelAdvance", "ph":"E", "ts":"3508206043", "pid":"1", "tid":"cice"},
{"name":"ModelAdvance", "ph":"B", "ts":"3508690255", "pid":"1", "tid":"cice"},
{"name":"ModelAdvance", "ph":"E", "ts":"3511072493", "pid":"1", "tid":"cice"},
{"name":"ModelAdvance", "ph":"B", "ts":"3511587894", "pid":"1", "tid":"cice"},
{"name":"ModelAdvance", "ph":"E", "ts":"3513980876", "pid":"1", "tid":"cice"},
{"name":"ModelAdvance", "ph":"B", "ts":"3514514549", "pid":"1", "tid":"cice"},
{"name":"ModelAdvance", "ph":"E", "ts":"3516944965", "pid":"1", "tid":"cice"},
{"name":"ModelAdvance", "ph":"B", "ts":"3517419621", "pid":"1", "tid":"cice"},
{"name":"ModelAdvance", "ph":"E", "ts":"3519825686", "pid":"1", "tid":"cice"},
{"name":"ModelAdvance", "ph":"B", "ts":"3520336308", "pid":"1", "tid":"cice"},
{"name":"ModelAdvance", "ph":"E", "ts":"3522751542", "pid":"1", "tid":"cice"},
{"name":"ModelAdvance", "ph":"B", "ts":"3523210434", "pid":"1", "tid":"cice"},
{"name":"ModelAdvance", "ph":"E", "ts":"3525627270", "pid":"1", "tid":"cice"},
{"name":"ModelAdvance", "ph":"B", "ts":"3526113661", "pid":"1", "tid":"cice"},
{"name":"ModelAdvance", "ph":"E", "ts":"3528526169", "pid":"1", "tid":"cice"},
{"name":"ModelAdvance", "ph":"B", "ts":"3529017078", "pid":"1", "tid":"cice"},
{"name":"ModelAdvance", "ph":"E", "ts":"3531411801", "pid":"1", "tid":"cice"},
{"name":"ModelAdvance", "ph":"B", "ts":"3531883504", "pid":"1", "tid":"cice"},
{"name":"ModelAdvance", "ph":"E", "ts":"3534305807", "pid":"1", "tid":"cice"},
{"name":"ModelAdvance", "ph":"B", "ts":"3534778125", "pid":"1", "tid":"cice"},
{"name":"ModelAdvance", "ph":"E", "ts":"3537181478", "pid":"1", "tid":"cice"},
{"name":"ModelAdvance", "ph":"B", "ts":"3537664971", "pid":"1", "tid":"cice"},
{"name":"ModelAdvance", "ph":"E", "ts":"3540068333", "pid":"1", "tid":"cice"},
{"name":"ModelAdvance", "ph":"B", "ts":"3540563038", "pid":"1", "tid":"cice"},
{"name":"ModelAdvance", "ph":"E", "ts":"3542966087", "pid":"1", "tid":"cice"},
{"name":"ModelAdvance", "ph":"B", "ts":"3543445822", "pid":"1", "tid":"cice"},
{"name":"ModelAdvance", "ph":"E", "ts":"3545817917", "pid":"1", "tid":"cice"},
{"name":"ModelAdvance", "ph":"B", "ts":"3546337855", "pid":"1", "tid":"cice"},
{"name":"ModelAdvance", "ph":"E", "ts":"3548735977", "pid":"1", "tid":"cice"},
{"name":"ModelAdvance", "ph":"B", "ts":"3549200308", "pid":"1", "tid":"cice"},
{"name":"ModelAdvance", "ph":"E", "ts":"3551850983", "pid":"1", "tid":"cice"},
{"name":"ModelAdvance", "ph":"B", "ts":"3555615823", "pid":"1", "tid":"cice"},
{"name":"ModelAdvance", "ph":"E", "ts":"3558007388", "pid":"1", "tid":"cice"},
{"name":"ModelAdvance", "ph":"B", "ts":"3558429690", "pid":"1", "tid":"cice"},
{"name":"ModelAdvance", "ph":"E", "ts":"3561022950", "pid":"1", "tid":"cice"},
{"name":"ModelAdvance", "ph":"B", "ts":"3561479937", "pid":"1", "tid":"cice"},
{"name":"ModelAdvance", "ph":"E", "ts":"3563883571", "pid":"1", "tid":"cice"},
{"name":"ModelAdvance", "ph":"B", "ts":"3564372818", "pid":"1", "tid":"cice"},
{"name":"ModelAdvance", "ph":"E", "ts":"3566737930", "pid":"1", "tid":"cice"},
{"name":"ModelAdvance", "ph":"B", "ts":"3567174130", "pid":"1", "tid":"cice"},
{"name":"ModelAdvance", "ph":"E", "ts":"3569561960", "pid":"1", "tid":"cice"},
{"name":"ModelAdvance", "ph":"B", "ts":"3570005580", "pid":"1", "tid":"cice"},
{"name":"ModelAdvance", "ph":"E", "ts":"3572395922", "pid":"1", "tid":"cice"},
{"name":"ModelAdvance", "ph":"B", "ts":"3572830094", "pid":"1", "tid":"cice"},
{"name":"ModelAdvance", "ph":"E", "ts":"3575215240", "pid":"1", "tid":"cice"},
{"name":"ModelAdvance", "ph":"B", "ts":"3575644984", "pid":"1", "tid":"cice"},
{"name":"ModelAdvance", "ph":"E", "ts":"3578113349", "pid":"1", "tid":"cice"},
{"name":"ModelAdvance", "ph":"B", "ts":"3578597112", "pid":"1", "tid":"cice"},
{"name":"ModelAdvance", "ph":"E", "ts":"3581020266", "pid":"1", "tid":"cice"},
{"name":"ModelAdvance", "ph":"B", "ts":"3581459456", "pid":"1", "tid":"cice"},
{"name":"ModelAdvance", "ph":"E", "ts":"3583889587", "pid":"1", "tid":"cice"},
{"name":"ModelAdvance", "ph":"B", "ts":"3584334299", "pid":"1", "tid":"cice"},
{"name":"ModelAdvance", "ph":"E", "ts":"3586755537", "pid":"1", "tid":"cice"},
{"name":"ModelAdvance", "ph":"B", "ts":"3587219463", "pid":"1", "tid":"cice"},
{"name":"ModelAdvance", "ph":"E", "ts":"3589700185", "pid":"1", "tid":"cice"},
{"name":"ModelAdvance", "ph":"B", "ts":"3590122761", "pid":"1", "tid":"cice"},
{"name":"ModelAdvance", "ph":"E", "ts":"3592609327", "pid":"1", "tid":"cice"},
{"name":"ModelAdvance", "ph":"B", "ts":"3592980972", "pid":"1", "tid":"cice"},
{"name":"ModelAdvance", "ph":"E", "ts":"3595505826", "pid":"1", "tid":"cice"},
{"name":"ModelAdvance", "ph":"B", "ts":"3595912597", "pid":"1", "tid":"cice"},
{"name":"ModelAdvance", "ph":"E", "ts":"3598374643", "pid":"1", "tid":"cice"},
{"name":"ModelAdvance", "ph":"B", "ts":"3598823921", "pid":"1", "tid":"cice"},
{"name":"ModelAdvance", "ph":"E", "ts":"3601279413", "pid":"1", "tid":"cice"},
{"name":"ModelAdvance", "ph":"B", "ts":"3601690286", "pid":"1", "tid":"cice"},
{"name":"ModelAdvance", "ph":"E", "ts":"3604088502", "pid":"1", "tid":"cice"},
{"name":"ModelAdvance", "ph":"B", "ts":"3604496509", "pid":"1", "tid":"cice"},
{"name":"ModelAdvance", "ph":"E", "ts":"3606907087", "pid":"1", "tid":"cice"},
{"name":"ModelAdvance", "ph":"B", "ts":"3607308073", "pid":"1", "tid":"cice"},
{"name":"ModelAdvance", "ph":"E", "ts":"3609707055", "pid":"1", "tid":"cice"},
{"name":"ModelAdvance", "ph":"B", "ts":"3610140334", "pid":"1", "tid":"cice"},
{"name":"ModelAdvance", "ph":"E", "ts":"3612559369", "pid":"1", "tid":"cice"},
{"name":"ModelAdvance", "ph":"B", "ts":"3612986040", "pid":"1", "tid":"cice"},
{"name":"ModelAdvance", "ph":"E", "ts":"3615420475", "pid":"1", "tid":"cice"},
{"name":"ModelAdvance", "ph":"B", "ts":"3615849916", "pid":"1", "tid":"cice"},
{"name":"ModelAdvance", "ph":"E", "ts":"3618233843", "pid":"1", "tid":"cice"},
{"name":"ModelAdvance", "ph":"B", "ts":"3618615665", "pid":"1", "tid":"cice"},
{"name":"ModelAdvance", "ph":"E", "ts":"3625798879", "pid":"1", "tid":"cice"},
{"name":"ModelFinalize", "ph":"B", "ts":"3625802607", "pid":"1", "tid":"cice"},
{"name":"ModelFinalize", "ph":"E", "ts":"3625802654", "pid":"1", "tid":"cice"},
