{"name":"SetServices", "ph":"B", "ts":"2431272022", "pid":"1", "tid":"wave"},
{"name":"SetServices", "ph":"E", "ts":"2431274298", "pid":"1", "tid":"wave"},
{"name":"InitializeP0", "ph":"B", "ts":"2431278564", "pid":"1", "tid":"wave"},
{"name":"InitializeP0", "ph":"E", "ts":"2431278647", "pid":"1", "tid":"wave"},
{"name":"InitializeAdvertise", "ph":"B", "ts":"2435057327", "pid":"1", "tid":"wave"},
{"name":"InitializeAdvertise", "ph":"E", "ts":"2486096498", "pid":"1", "tid":"wave"},
{"name":"InitializeRealize", "ph":"B", "ts":"2575433056", "pid":"1", "tid":"wave"},
{"name":"InitializeRealize", "ph":"E", "ts":"2584676289", "pid":"1", "tid":"wave"},
{"name":"DataInitialize", "ph":"B", "ts":"2620327100", "pid":"1", "tid":"wave"},
{"name":"DataInitialize", "ph":"E", "ts":"2620345554", "pid":"1", "tid":"wave"},
{"name":"ModelSetRunClock", "ph":"B", "ts":"2651689159", "pid":"1", "tid":"wave"},
{"name":"ModelSetRunClock", "ph":"E", "ts":"2651701525", "pid":"1", "tid":"wave"},
{"name":"ModelAdvance", "ph":"B", "ts":"2651701654", "pid":"1", "tid":"wave"},
{"name":"ModelAdvance", "ph":"E", "ts":"2678803716", "pid":"1", "tid":"wave"},
{"name":"ModelSetRunClock", "ph":"B", "ts":"2699932810", "pid":"1", "tid":"wave"},
{"name":"ModelSetRunClock", "ph":"E", "ts":"2699932896", "pid":"1", "tid":"wave"},
{"name":"ModelAdvance", "ph":"B", "ts":"2699933000", "pid":"1", "tid":"wave"},
{"name":"ModelAdvance", "ph":"E", "ts":"2736505250", "pid":"1", "tid":"wave"},
{"name":"ModelSetRunClock", "ph":"B", "ts":"2739083820", "pid":"1", "tid":"wave"},
{"name":"ModelSetRunClock", "ph":"E", "ts":"2739083907", "pid":"1", "tid":"wave"},
{"name":"ModelAdvance", "ph":"B", "ts":"2739084029", "pid":"1", "tid":"wave"},
{"name":"ModelAdvance", "ph":"E", "ts":"2786661045", "pid":"1", "tid":"wave"},
{"name":"ModelSetRunClock", "ph":"B", "ts":"2788766448", "pid":"1", "tid":"wave"},
{"name":"ModelSetRunClock", "ph":"E", "ts":"2788766490", "pid":"1", "tid":"wave"},
{"name":"ModelAdvance", "ph":"B", "ts":"2788766574", "pid":"1", "tid":"wave"},
{"name":"ModelAdvance", "ph":"E", "ts":"2834040343", "pid":"1", "tid":"wave"},
{"name":"ModelSetRunClock", "ph":"B", "ts":"2839070714", "pid":"1", "tid":"wave"},
{"name":"ModelSetRunClock", "ph":"E", "ts":"2839070778", "pid":"1", "tid":"wave"},
{"name":"ModelAdvance", "ph":"B", "ts":"2839070868", "pid":"1", "tid":"wave"},
{"name":"ModelAdvance", "ph":"E", "ts":"2877779303", "pid":"1", "tid":"wave"},
{"name":"ModelSetRunClock", "ph":"B", "ts":"2882040993", "pid":"1", "tid":"wave"},
{"name":"ModelSetRunClock", "ph":"E", "ts":"2882041035", "pid":"1", "tid":"wave"},
{"name":"ModelAdvance", "ph":"B", "ts":"2882041118", "pid":"1", "tid":"wave"},
{"name":"ModelAdvance", "ph":"E", "ts":"2912450530", "pid":"1", "tid":"wave"},
{"name":"ModelSetRunClock", "ph":"B", "ts":"2921118381", "pid":"1", "tid":"wave"},
{"name":"ModelSetRunClock", "ph":"E", "ts":"2921118522", "pid":"1", "tid":"wave"},
{"name":"ModelAdvance", "ph":"B", "ts":"2921118684", "pid":"1", "tid":"wave"},
{"name":"ModelAdvance", "ph":"E", "ts":"2946710641", "pid":"1", "tid":"wave"},
{"name":"ModelSetRunClock", "ph":"B", "ts":"2959026524", "pid":"1", "tid":"wave"},
{"name":"ModelSetRunClock", "ph":"E", "ts":"2959026570", "pid":"1", "tid":"wave"},
{"name":"ModelAdvance", "ph":"B", "ts":"2959026659", "pid":"1", "tid":"wave"},
{"name":"ModelAdvance", "ph":"E", "ts":"2982689033", "pid":"1", "tid":"wave"},
{"name":"ModelSetRunClock", "ph":"B", "ts":"2993907018", "pid":"1", "tid":"wave"},
{"name":"ModelSetRunClock", "ph":"E", "ts":"2993907083", "pid":"1", "tid":"wave"},
{"name":"ModelAdvance", "ph":"B", "ts":"2993907174", "pid":"1", "tid":"wave"},
{"name":"ModelAdvance", "ph":"E", "ts":"3016050954", "pid":"1", "tid":"wave"},
{"name":"ModelSetRunClock", "ph":"B", "ts":"3031649024", "pid":"1", "tid":"wave"},
{"name":"ModelSetRunClock", "ph":"E", "ts":"3031649240", "pid":"1", "tid":"wave"},
{"name":"ModelAdvance", "ph":"B", "ts":"3031649358", "pid":"1", "tid":"wave"},
{"name":"ModelAdvance", "ph":"E", "ts":"3053660444", "pid":"1", "tid":"wave"},
{"name":"ModelSetRunClock", "ph":"B", "ts":"3066480825", "pid":"1", "tid":"wave"},
{"name":"ModelSetRunClock", "ph":"E", "ts":"3066481051", "pid":"1", "tid":"wave"},
{"name":"ModelAdvance", "ph":"B", "ts":"3066481154", "pid":"1", "tid":"wave"},
{"name":"ModelAdvance", "ph":"E", "ts":"3087856211", "pid":"1", "tid":"wave"},
{"name":"ModelSetRunClock", "ph":"B", "ts":"3104439691", "pid":"1", "tid":"wave"},
{"name":"ModelSetRunClock", "ph":"E", "ts":"3104439887", "pid":"1", "tid":"wave"},
{"name":"ModelAdvance", "ph":"B", "ts":"3104439980", "pid":"1", "tid":"wave"},
{"name":"ModelAdvance", "ph":"E", "ts":"3156213715", "pid":"1", "tid":"wave"},
{"name":"ModelSetRunClock", "ph":"B", "ts":"3169441854", "pid":"1", "tid":"wave"},
{"name":"ModelSetRunClock", "ph":"E", "ts":"3169442053", "pid":"1", "tid":"wave"},
{"name":"ModelAdvance", "ph":"B", "ts":"3169442161", "pid":"1", "tid":"wave"},
{"name":"ModelAdvance", "ph":"E", "ts":"3189719687", "pid":"1", "tid":"wave"},
{"name":"ModelSetRunClock", "ph":"B", "ts":"3206831561", "pid":"1", "tid":"wave"},
{"name":"ModelSetRunClock", "ph":"E", "ts":"3206831766", "pid":"1", "tid":"wave"},
{"name":"ModelAdvance", "ph":"B", "ts":"3206831855", "pid":"1", "tid":"wave"},
{"name":"ModelAdvance", "ph":"E", "ts":"3227350789", "pid":"1", "tid":"wave"},
{"name":"ModelSetRunClock", "ph":"B", "ts":"3241660433", "pid":"1", "tid":"wave"},
{"name":"ModelSetRunClock", "ph":"E", "ts":"3241660501", "pid":"1", "tid":"wave"},
{"name":"ModelAdvance", "ph":"B", "ts":"3241660604", "pid":"1", "tid":"wave"},
{"name":"ModelAdvance", "ph":"E", "ts":"3261679870", "pid":"1", "tid":"wave"},
{"name":"ModelSetRunClock", "ph":"B", "ts":"3280044165", "pid":"1", "tid":"wave"},
{"name":"ModelSetRunClock", "ph":"E", "ts":"3280044233", "pid":"1", "tid":"wave"},
{"name":"ModelAdvance", "ph":"B", "ts":"3280044347", "pid":"1", "tid":"wave"},
{"name":"ModelAdvance", "ph":"E", "ts":"3300390421", "pid":"1", "tid":"wave"},
{"name":"ModelSetRunClock", "ph":"B", "ts":"3314988791", "pid":"1", "tid":"wave"},
{"name":"ModelSetRunClock", "ph":"E", "ts":"3314988866", "pid":"1", "tid":"wave"},
{"name":"ModelAdvance", "ph":"B", "ts":"3314988964", "pid":"1", "tid":"wave"},
{"name":"ModelAdvance", "ph":"E", "ts":"3334803626", "pid":"1", "tid":"wave"},
{"name":"ModelSetRunClock", "ph":"B", "ts":"3352976983", "pid":"1", "tid":"wave"},
{"name":"ModelSetRunClock", "ph":"E", "ts":"3352977028", "pid":"1", "tid":"wave"},
{"name":"ModelAdvance", "ph":"B", "ts":"3352977106", "pid":"1", "tid":"wave"},
{"name":"ModelAdvance", "ph":"E", "ts":"3396374599", "pid":"1", "tid":"wave"},
{"name":"ModelSetRunClock", "ph":"B", "ts":"3404756527", "pid":"1", "tid":"wave"},
{"name":"ModelSetRunClock", "ph":"E", "ts":"3404756616", "pid":"1", "tid":"wave"},
{"name":"ModelAdvance", "ph":"B", "ts":"3404756716", "pid":"1", "tid":"wave"},
{"name":"ModelAdvance", "ph":"E", "ts":"3424056176", "pid":"1", "tid":"wave"},
{"name":"ModelSetRunClock", "ph":"B", "ts":"3441488487", "pid":"1", "tid":"wave"},
{"name":"ModelSetRunClock", "ph":"E", "ts":"3441488718", "pid":"1", "tid":"wave"},
{"name":"ModelAdvance", "ph":"B", "ts":"3441488835", "pid":"1", "tid":"wave"},
{"name":"ModelAdvance", "ph":"E", "ts":"3460777231", "pid":"1", "tid":"wave"},
{"name":"ModelSetRunClock", "ph":"B", "ts":"3476241433", "pid":"1", "tid":"wave"},
{"name":"ModelSetRunClock", "ph":"E", "ts":"3476241495", "pid":"1", "tid":"wave"},
{"name":"ModelAdvance", "ph":"B", "ts":"3476241581", "pid":"1", "tid":"wave"},
{"name":"ModelAdvance", "ph":"E", "ts":"3494669489", "pid":"1", "tid":"wave"},
{"name":"ModelSetRunClock", "ph":"B", "ts":"3514363795", "pid":"1", "tid":"wave"},
{"name":"ModelSetRunClock", "ph":"E", "ts":"3514363844", "pid":"1", "tid":"wave"},
{"name":"ModelAdvance", "ph":"B", "ts":"3514363920", "pid":"1", "tid":"wave"},
{"name":"ModelAdvance", "ph":"E", "ts":"3532853539", "pid":"1", "tid":"wave"},
{"name":"ModelSetRunClock", "ph":"B", "ts":"3549128171", "pid":"1", "tid":"wave"},
{"name":"ModelSetRunClock", "ph":"E", "ts":"3549128236", "pid":"1", "tid":"wave"},
{"name":"ModelAdvance", "ph":"B", "ts":"3549128320", "pid":"1", "tid":"wave"},
{"name":"ModelAdvance", "ph":"E", "ts":"3567182471", "pid":"1", "tid":"wave"},
{"name":"ModelSetRunClock", "ph":"B", "ts":"3587098199", "pid":"1", "tid":"wave"},
{"name":"ModelSetRunClock", "ph":"E", "ts":"3587098252", "pid":"1", "tid":"wave"},
{"name":"ModelAdvance", "ph":"B", "ts":"3587098338", "pid":"1", "tid":"wave"},
{"name":"ModelAdvance", "ph":"E", "ts":"3628602069", "pid":"1", "tid":"wave"},
{"name":"ModelFinalize", "ph":"B", "ts":"3628632575", "pid":"1", "tid":"wave"},
{"name":"ModelFinalize", "ph":"E", "ts":"3628632606", "pid":"1", "tid":"wave"},
