{"name":"SetServices", "ph":"B", "ts":"1958108821", "pid":"1", "tid":"mom"},
{"name":"SetServices", "ph":"E", "ts":"1958111766", "pid":"1", "tid":"mom"},
{"name":"InitializeP0", "ph":"B", "ts":"1959563280", "pid":"1", "tid":"mom"},
{"name":"InitializeP0", "ph":"E", "ts":"1959563856", "pid":"1", "tid":"mom"},
{"name":"InitializeAdvertise", "ph":"B", "ts":"1991191883", "pid":"1", "tid":"mom"},
{"name":"InitializeAdvertise", "ph":"E", "ts":"2021445474", "pid":"1", "tid":"mom"},
{"name":"InitializeRealize", "ph":"B", "ts":"2254193933", "pid":"1", "tid":"mom"},
{"name":"InitializeRealize", "ph":"E", "ts":"2258532018", "pid":"1", "tid":"mom"},
{"name":"DataInitialize", "ph":"B", "ts":"2293941825", "pid":"1", "tid":"mom"},
{"name":"DataInitialize", "ph":"E", "ts":"2293942827", "pid":"1", "tid":"mom"},
{"name":"ModelSetRunClock", "ph":"B", "ts":"2303579768", "pid":"1", "tid":"mom"},
{"name":"ModelSetRunClock", "ph":"E", "ts":"2303588524", "pid":"1", "tid":"mom"},
{"name":"ModelAdvance", "ph":"B", "ts":"2303588690", "pid":"1", "tid":"mom"},
{"name":"ModelAdvance", "ph":"E", "ts":"2309518422", "pid":"1", "tid":"mom"},
{"name":"ModelSetRunClock", "ph":"B", "ts":"2316819021", "pid":"1", "tid":"mom"},
{"name":"ModelSetRunClock", "ph":"E", "ts":"2316819211", "pid":"1", "tid":"mom"},
{"name":"ModelAdvance", "ph":"B", "ts":"2316819393", "pid":"1", "tid":"mom"},
{"name":"ModelAdvance", "ph":"E", "ts":"2322502217", "pid":"1", "tid":"mom"},
{"name":"ModelSetRunClock", "ph":"B", "ts":"2332935982", "pid":"1", "tid":"mom"},
{"name":"ModelSetRunClock", "ph":"E", "ts":"2332936047", "pid":"1", "tid":"mom"},
{"name":"ModelAdvance", "ph":"B", "ts":"2332936200", "pid":"1", "tid":"mom"},
{"name":"ModelAdvance", "ph":"E", "ts":"2338626657", "pid":"1", "tid":"mom"},
{"name":"ModelSetRunClock", "ph":"B", "ts":"2346610731", "pid":"1", "tid":"mom"},
{"name":"ModelSetRunClock", "ph":"E", "ts":"2346610940", "pid":"1", "tid":"mom"},
{"name":"ModelAdvance", "ph":"B", "ts":"2346611126", "pid":"1", "tid":"mom"},
{"name":"ModelAdvance", "ph":"E", "ts":"2352303173", "pid":"1", "tid":"mom"},
{"name":"ModelSetRunClock", "ph":"B", "ts":"2363232362", "pid":"1", "tid":"mom"},
{"name":"ModelSetRunClock", "ph":"E", "ts":"2363232438", "pid":"1", "tid":"mom"},
{"name":"ModelAdvance", "ph":"B", "ts":"2363232622", "pid":"1", "tid":"mom"},
{"name":"ModelAdvance", "ph":"E", "ts":"2368913312", "pid":"1", "tid":"mom"},
{"name":"ModelSetRunClock", "ph":"B", "ts":"2374983699", "pid":"1", "tid":"mom"},
{"name":"ModelSetRunClock", "ph":"E", "ts":"2374983766", "pid":"1", "tid":"mom"},
{"name":"ModelAdvance", "ph":"B", "ts":"2374983945", "pid":"1", "tid":"mom"},
{"name":"ModelAdvance", "ph":"E", "ts":"2380758446", "pid":"1", "tid":"mom"},
{"name":"ModelSetRunClock", "ph":"B", "ts":"2387443262", "pid":"1", "tid":"mom"},
{"name":"ModelSetRunClock", "ph":"E", "ts":"2387443336", "pid":"1", "tid":"mom"},
{"name":"ModelAdvance", "ph":"B", "ts":"2387443530", "pid":"1", "tid":"mom"},
{"name":"ModelAdvance", "ph":"E", "ts":"2393154653", "pid":"1", "tid":"mom"},
{"name":"ModelSetRunClock", "ph":"B", "ts":"2397251799", "pid":"1", "tid":"mom"},
{"name":"ModelSetRunClock", "ph":"E", "ts":"2397251863", "pid":"1", "tid":"mom"},
{"name":"ModelAdvance", "ph":"B", "ts":"2397252019", "pid":"1", "tid":"mom"},
{"name":"ModelAdvance", "ph":"E", "ts":"2402991595", "pid":"1", "tid":"mom"},
{"name":"ModelSetRunClock", "ph":"B", "ts":"2408222818", "pid":"1", "tid":"mom"},
{"name":"ModelSetRunClock", "ph":"E", "ts":"2408222962", "pid":"1", "tid":"mom"},
{"name":"ModelAdvance", "ph":"B", "ts":"2408223134", "pid":"1", "tid":"mom"},
{"name":"ModelAdvance", "ph":"E", "ts":"2413937280", "pid":"1", "tid":"mom"},
{"name":"ModelSetRunClock", "ph":"B", "ts":"2418122501", "pid":"1", "tid":"mom"},
{"name":"ModelSetRunClock", "ph":"E", "ts":"2418122574", "pid":"1", "tid":"mom"},
{"name":"ModelAdvance", "ph":"B", "ts":"2418122744", "pid":"1", "tid":"mom"},
{"name":"ModelAdvance", "ph":"E", "ts":"2423863996", "pid":"1", "tid":"mom"},
{"name":"ModelSetRunClock", "ph":"B", "ts":"2428896278", "pid":"1", "tid":"mom"},
{"name":"ModelSetRunClock", "ph":"E", "ts":"2428896333", "pid":"1", "tid":"mom"},
{"name":"ModelAdvance", "ph":"B", "ts":"2428896639", "pid":"1", "tid":"mom"},
{"name":"ModelAdvance", "ph":"E", "ts":"2434643704", "pid":"1", "tid":"mom"},
{"name":"ModelSetRunClock", "ph":"B", "ts":"2439189031", "pid":"1", "tid":"mom"},
{"name":"ModelSetRunClock", "ph":"E", "ts":"2439189368", "pid":"1", "tid":"mom"},
{"name":"ModelAdvance", "ph":"B", "ts":"2439189630", "pid":"1", "tid":"mom"},
{"name":"ModelAdvance", "ph":"E", "ts":"2444802589", "pid":"1", "tid":"mom"},
{"name":"ModelSetRunClock", "ph":"B", "ts":"2450556362", "pid":"1", "tid":"mom"},
{"name":"ModelSetRunClock", "ph":"E", "ts":"2450556427", "pid":"1", "tid":"mom"},
{"name":"ModelAdvance", "ph":"B", "ts":"2450556578", "pid":"1", "tid":"mom"},
{"name":"ModelAdvance", "ph":"E", "ts":"2456146304", "pid":"1", "tid":"mom"},
{"name":"ModelSetRunClock", "ph":"B", "ts":"2460246470", "pid":"1", "tid":"mom"},
{"name":"ModelSetRunClock", "ph":"E", "ts":"2460246561", "pid":"1", "tid":"mom"},
{"name":"ModelAdvance", "ph":"B", "ts":"2460246762", "pid":"1", "tid":"mom"},
{"name":"ModelAdvance", "ph":"E", "ts":"2465836549", "pid":"1", "tid":"mom"},
{"name":"ModelSetRunClock", "ph":"B", "ts":"2470986195", "pid":"1", "tid":"mom"},
{"name":"ModelSetRunClock", "ph":"E", "ts":"2470986360", "pid":"1", "tid":"mom"},
{"name":"ModelAdvance", "ph":"B", "ts":"2470986523", "pid":"1", "tid":"mom"},
{"name":"ModelAdvance", "ph":"E", "ts":"2476576472", "pid":"1", "tid":"mom"},
{"name":"ModelSetRunClock", "ph":"B", "ts":"2481055872", "pid":"1", "tid":"mom"},
{"name":"ModelSetRunClock", "ph":"E", "ts":"2481055944", "pid":"1", "tid":"mom"},
{"name":"ModelAdvance", "ph":"B", "ts":"2481056139", "pid":"1", "tid":"mom"},
{"name":"ModelAdvance", "ph":"E", "ts":"2486635675", "pid":"1", "tid":"mom"},
{"name":"ModelSetRunClock", "ph":"B", "ts":"2491504233", "pid":"1", "tid":"mom"},
{"name":"ModelSetRunClock", "ph":"E", "ts":"2491504299", "pid":"1", "tid":"mom"},
{"name":"ModelAdvance", "ph":"B", "ts":"2491504475", "pid":"1", "tid":"mom"},
{"name":"ModelAdvance", "ph":"E", "ts":"2497088862", "pid":"1", "tid":"mom"},
{"name":"ModelSetRunClock", "ph":"B", "ts":"2501334047", "pid":"1", "tid":"mom"},
{"name":"ModelSetRunClock", "ph":"E", "ts":"2501334349", "pid":"1", "tid":"mom"},
{"name":"ModelAdvance", "ph":"B", "ts":"2501334560", "pid":"1", "tid":"mom"},
{"name":"ModelAdvance", "ph":"E", "ts":"2506988144", "pid":"1", "tid":"mom"},
{"name":"ModelSetRunClock", "ph":"B", "ts":"2511875982", "pid":"1", "tid":"mom"},
{"name":"ModelSetRunClock", "ph":"E", "ts":"2511876035", "pid":"1", "tid":"mom"},
{"name":"ModelAdvance", "ph":"B", "ts":"2511876194", "pid":"1", "tid":"mom"},
{"name":"ModelAdvance", "ph":"E", "ts":"2521815517", "pid":"1", "tid":"mom"},
{"name":"ModelSetRunClock", "ph":"B", "ts":"2521840744", "pid":"1", "tid":"mom"},
{"name":"ModelSetRunClock", "ph":"E", "ts":"2521840839", "pid":"1", "tid":"mom"},
{"name":"ModelAdvance", "ph":"B", "ts":"2521841135", "pid":"1", "tid":"mom"},
{"name":"ModelAdvance", "ph":"E", "ts":"2527394318", "pid":"1", "tid":"mom"},
{"name":"ModelSetRunClock", "ph":"B", "ts":"2531994745", "pid":"1", "tid":"mom"},
{"name":"ModelSetRunClock", "ph":"E", "ts":"2531994963", "pid":"1", "tid":"mom"},
{"name":"ModelAdvance", "ph":"B", "ts":"2531995159", "pid":"1", "tid":"mom"},
{"name":"ModelAdvance", "ph":"E", "ts":"2537540906", "pid":"1", "tid":"mom"},
{"name":"ModelSetRunClock", "ph":"B", "ts":"2542390276", "pid":"1", "tid":"mom"},
{"name":"ModelSetRunClock", "ph":"E", "ts":"2542390385", "pid":"1", "tid":"mom"},
{"name":"ModelAdvance", "ph":"B", "ts":"2542390653", "pid":"1", "tid":"mom"},
{"name":"ModelAdvance", "ph":"E", "ts":"2547905991", "pid":"1", "tid":"mom"},
{"name":"ModelSetRunClock", "ph":"B", "ts":"2552390215", "pid":"1", "tid":"mom"},
{"name":"ModelSetRunClock", "ph":"E", "ts":"2552390291", "pid":"1", "tid":"mom"},
{"name":"ModelAdvance", "ph":"B", "ts":"2552390483", "pid":"1", "tid":"mom"},
{"name":"ModelAdvance", "ph":"E", "ts":"2557920031", "pid":"1", "tid":"mom"},
{"name":"ModelSetRunClock", "ph":"B", "ts":"2562897341", "pid":"1", "tid":"mom"},
{"name":"ModelSetRunClock", "ph":"E", "ts":"2562897697", "pid":"1", "tid":"mom"},
{"name":"ModelAdvance", "ph":"B", "ts":"2562897995", "pid":"1", "tid":"mom"},
{"name":"ModelAdvance", "ph":"E", "ts":"2568487507", "pid":"1", "tid":"mom"},
{"name":"ModelSetRunClock", "ph":"B", "ts":"2572820406", "pid":"1", "tid":"mom"},
{"name":"ModelSetRunClock", "ph":"E", "ts":"2572820470", "pid":"1", "tid":"mom"},
{"name":"ModelAdvance", "ph":"B", "ts":"2572820658", "pid":"1", "tid":"mom"},
{"name":"ModelAdvance", "ph":"E", "ts":"2578332610", "pid":"1", "tid":"mom"},
{"name":"ModelSetRunClock", "ph":"B", "ts":"2582741800", "pid":"1", "tid":"mom"},
{"name":"ModelSetRunClock", "ph":"E", "ts":"2582741904", "pid":"1", "tid":"mom"},
{"name":"ModelAdvance", "ph":"B", "ts":"2582742121", "pid":"1", "tid":"mom"},
{"name":"ModelAdvance", "ph":"E", "ts":"2588237416", "pid":"1", "tid":"mom"},
{"name":"ModelSetRunClock", "ph":"B", "ts":"2592583193", "pid":"1", "tid":"mom"},
{"name":"ModelSetRunClock", "ph":"E", "ts":"2592583377", "pid":"1", "tid":"mom"},
{"name":"ModelAdvance", "ph":"B", "ts":"2592583561", "pid":"1", "tid":"mom"},
{"name":"ModelAdvance", "ph":"E", "ts":"2598086675", "pid":"1", "tid":"mom"},
{"name":"ModelSetRunClock", "ph":"B", "ts":"2602206706", "pid":"1", "tid":"mom"},
{"name":"ModelSetRunClock", "ph":"E", "ts":"2602206766", "pid":"1", "tid":"mom"},
{"name":"ModelAdvance", "ph":"B", "ts":"2602206930", "pid":"1", "tid":"mom"},
{"name":"ModelAdvance", "ph":"E", "ts":"2607688406", "pid":"1", "tid":"mom"},
{"name":"ModelSetRunClock", "ph":"B", "ts":"2612051333", "pid":"1", "tid":"mom"},
{"name":"ModelSetRunClock", "ph":"E", "ts":"2612051428", "pid":"1", "tid":"mom"},
{"name":"ModelAdvance", "ph":"B", "ts":"2612051645", "pid":"1", "tid":"mom"},
{"name":"ModelAdvance", "ph":"E", "ts":"2617550537", "pid":"1", "tid":"mom"},
{"name":"ModelSetRunClock", "ph":"B", "ts":"2621903719", "pid":"1", "tid":"mom"},
{"name":"ModelSetRunClock", "ph":"E", "ts":"2621903810", "pid":"1", "tid":"mom"},
{"name":"ModelAdvance", "ph":"B", "ts":"2621904029", "pid":"1", "tid":"mom"},
{"name":"ModelAdvance", "ph":"E", "ts":"2627488076", "pid":"1", "tid":"mom"},
{"name":"ModelSetRunClock", "ph":"B", "ts":"2632359197", "pid":"1", "tid":"mom"},
{"name":"ModelSetRunClock", "ph":"E", "ts":"2632359264", "pid":"1", "tid":"mom"},
{"name":"ModelAdvance", "ph":"B", "ts":"2632359461", "pid":"1", "tid":"mom"},
{"name":"ModelAdvance", "ph":"E", "ts":"2642318647", "pid":"1", "tid":"mom"},
{"name":"ModelSetRunClock", "ph":"B", "ts":"2642453926", "pid":"1", "tid":"mom"},
{"name":"ModelSetRunClock", "ph":"E", "ts":"2642454028", "pid":"1", "tid":"mom"},
{"name":"ModelAdvance", "ph":"B", "ts":"2642454289", "pid":"1", "tid":"mom"},
{"name":"ModelAdvance", "ph":"E", "ts":"2647939119", "pid":"1", "tid":"mom"},
{"name":"ModelSetRunClock", "ph":"B", "ts":"2652015911", "pid":"1", "tid":"mom"},
{"name":"ModelSetRunClock", "ph":"E", "ts":"2652016004", "pid":"1", "tid":"mom"},
{"name":"ModelAdvance", "ph":"B", "ts":"2652016219", "pid":"1", "tid":"mom"},
{"name":"ModelAdvance", "ph":"E", "ts":"2657518857", "pid":"1", "tid":"mom"},
{"name":"ModelSetRunClock", "ph":"B", "ts":"2661788039", "pid":"1", "tid":"mom"},
{"name":"ModelSetRunClock", "ph":"E", "ts":"2661788106", "pid":"1", "tid":"mom"},
{"name":"ModelAdvance", "ph":"B", "ts":"2661788281", "pid":"1", "tid":"mom"},
{"name":"ModelAdvance", "ph":"E", "ts":"2667302712", "pid":"1", "tid":"mom"},
{"name":"ModelSetRunClock", "ph":"B", "ts":"2671297230", "pid":"1", "tid":"mom"},
{"name":"ModelSetRunClock", "ph":"E", "ts":"2671297332", "pid":"1", "tid":"mom"},
{"name":"ModelAdvance", "ph":"B", "ts":"2671297537", "pid":"1", "tid":"mom"},
{"name":"ModelAdvance", "ph":"E", "ts":"2676818279", "pid":"1", "tid":"mom"},
{"name":"ModelSetRunClock", "ph":"B", "ts":"2680874499", "pid":"1", "tid":"mom"},
{"name":"ModelSetRunClock", "ph":"E", "ts":"2680874629", "pid":"1", "tid":"mom"},
{"name":"ModelAdvance", "ph":"B", "ts":"2680874846", "pid":"1", "tid":"mom"},
{"name":"ModelAdvance", "ph":"E", "ts":"2686460728", "pid":"1", "tid":"mom"},
{"name":"ModelSetRunClock", "ph":"B", "ts":"2690351146", "pid":"1", "tid":"mom"},
{"name":"ModelSetRunClock", "ph":"E", "ts":"2690351238", "pid":"1", "tid":"mom"},
{"name":"ModelAdvance", "ph":"B", "ts":"2690351430", "pid":"1", "tid":"mom"},
{"name":"ModelAdvance", "ph":"E", "ts":"2695881076", "pid":"1", "tid":"mom"},
{"name":"ModelSetRunClock", "ph":"B", "ts":"2700450659", "pid":"1", "tid":"mom"},
{"name":"ModelSetRunClock", "ph":"E", "ts":"2700450775", "pid":"1", "tid":"mom"},
{"name":"ModelAdvance", "ph":"B", "ts":"2700451000", "pid":"1", "tid":"mom"},
{"name":"ModelAdvance", "ph":"E", "ts":"2706000405", "pid":"1", "tid":"mom"},
{"name":"ModelSetRunClock", "ph":"B", "ts":"2709859426", "pid":"1", "tid":"mom"},
{"name":"ModelSetRunClock", "ph":"E", "ts":"2709859484", "pid":"1", "tid":"mom"},
{"name":"ModelAdvance", "ph":"B", "ts":"2709859641", "pid":"1", "tid":"mom"},
{"name":"ModelAdvance", "ph":"E", "ts":"2715374415", "pid":"1", "tid":"mom"},
{"name":"ModelSetRunClock", "ph":"B", "ts":"2720314075", "pid":"1", "tid":"mom"},
{"name":"ModelSetRunClock", "ph":"E", "ts":"2720314191", "pid":"1", "tid":"mom"},
{"name":"ModelAdvance", "ph":"B", "ts":"2720314472", "pid":"1", "tid":"mom"},
{"name":"ModelAdvance", "ph":"E", "ts":"2725836911", "pid":"1", "tid":"mom"},
{"name":"ModelSetRunClock", "ph":"B", "ts":"2729659892", "pid":"1", "tid":"mom"},
{"name":"ModelSetRunClock", "ph":"E", "ts":"2729659984", "pid":"1", "tid":"mom"},
{"name":"ModelAdvance", "ph":"B", "ts":"2729660214", "pid":"1", "tid":"mom"},
{"name":"ModelAdvance", "ph":"E", "ts":"2735177791", "pid":"1", "tid":"mom"},
{"name":"ModelSetRunClock", "ph":"B", "ts":"2740555946", "pid":"1", "tid":"mom"},
{"name":"ModelSetRunClock", "ph":"E", "ts":"2740556028", "pid":"1", "tid":"mom"},
{"name":"ModelAdvance", "ph":"B", "ts":"2740556243", "pid":"1", "tid":"mom"},
{"name":"ModelAdvance", "ph":"E", "ts":"2746132113", "pid":"1", "tid":"mom"},
{"name":"ModelSetRunClock", "ph":"B", "ts":"2751548175", "pid":"1", "tid":"mom"},
{"name":"ModelSetRunClock", "ph":"E", "ts":"2751548261", "pid":"1", "tid":"mom"},
{"name":"ModelAdvance", "ph":"B", "ts":"2751548473", "pid":"1", "tid":"mom"},
{"name":"ModelAdvance", "ph":"E", "ts":"2761703109", "pid":"1", "tid":"mom"},
{"name":"ModelSetRunClock", "ph":"B", "ts":"2772245236", "pid":"1", "tid":"mom"},
{"name":"ModelSetRunClock", "ph":"E", "ts":"2772245346", "pid":"1", "tid":"mom"},
{"name":"ModelAdvance", "ph":"B", "ts":"2772245562", "pid":"1", "tid":"mom"},
{"name":"ModelAdvance", "ph":"E", "ts":"2777702577", "pid":"1", "tid":"mom"},
{"name":"ModelSetRunClock", "ph":"B", "ts":"2781358797", "pid":"1", "tid":"mom"},
{"name":"ModelSetRunClock", "ph":"E", "ts":"2781358883", "pid":"1", "tid":"mom"},
{"name":"ModelAdvance", "ph":"B", "ts":"2781359079", "pid":"1", "tid":"mom"},
{"name":"ModelAdvance", "ph":"E", "ts":"2786825631", "pid":"1", "tid":"mom"},
{"name":"ModelSetRunClock", "ph":"B", "ts":"2791881354", "pid":"1", "tid":"mom"},
{"name":"ModelSetRunClock", "ph":"E", "ts":"2791881478", "pid":"1", "tid":"mom"},
{"name":"ModelAdvance", "ph":"B", "ts":"2791881706", "pid":"1", "tid":"mom"},
{"name":"ModelAdvance", "ph":"E", "ts":"2797364573", "pid":"1", "tid":"mom"},
{"name":"ModelSetRunClock", "ph":"B", "ts":"2800861477", "pid":"1", "tid":"mom"},
{"name":"ModelSetRunClock", "ph":"E", "ts":"2800861566", "pid":"1", "tid":"mom"},
{"name":"ModelAdvance", "ph":"B", "ts":"2800861736", "pid":"1", "tid":"mom"},
{"name":"ModelAdvance", "ph":"E", "ts":"2806339452", "pid":"1", "tid":"mom"},
{"name":"ModelSetRunClock", "ph":"B", "ts":"2811122011", "pid":"1", "tid":"mom"},
{"name":"ModelSetRunClock", "ph":"E", "ts":"2811122119", "pid":"1", "tid":"mom"},
{"name":"ModelAdvance", "ph":"B", "ts":"2811122341", "pid":"1", "tid":"mom"},
{"name":"ModelAdvance", "ph":"E", "ts":"2816688692", "pid":"1", "tid":"mom"},
{"name":"ModelSetRunClock", "ph":"B", "ts":"2819970219", "pid":"1", "tid":"mom"},
{"name":"ModelSetRunClock", "ph":"E", "ts":"2819970379", "pid":"1", "tid":"mom"},
{"name":"ModelAdvance", "ph":"B", "ts":"2819970552", "pid":"1", "tid":"mom"},
{"name":"ModelAdvance", "ph":"E", "ts":"2825478376", "pid":"1", "tid":"mom"},
{"name":"ModelSetRunClock", "ph":"B", "ts":"2830708882", "pid":"1", "tid":"mom"},
{"name":"ModelSetRunClock", "ph":"E", "ts":"2830708967", "pid":"1", "tid":"mom"},
{"name":"ModelAdvance", "ph":"B", "ts":"2830709197", "pid":"1", "tid":"mom"},
{"name":"ModelAdvance", "ph":"E", "ts":"2836238078", "pid":"1", "tid":"mom"},
{"name":"ModelSetRunClock", "ph":"B", "ts":"2839385955", "pid":"1", "tid":"mom"},
{"name":"ModelSetRunClock", "ph":"E", "ts":"2839386068", "pid":"1", "tid":"mom"},
{"name":"ModelAdvance", "ph":"B", "ts":"2839386294", "pid":"1", "tid":"mom"},
{"name":"ModelAdvance", "ph":"E", "ts":"2844902470", "pid":"1", "tid":"mom"},
{"name":"ModelSetRunClock", "ph":"B", "ts":"2850193076", "pid":"1", "tid":"mom"},
{"name":"ModelSetRunClock", "ph":"E", "ts":"2850193390", "pid":"1", "tid":"mom"},
{"name":"ModelAdvance", "ph":"B", "ts":"2850193619", "pid":"1", "tid":"mom"},
{"name":"ModelAdvance", "ph":"E", "ts":"2855738182", "pid":"1", "tid":"mom"},
{"name":"ModelSetRunClock", "ph":"B", "ts":"2858631416", "pid":"1", "tid":"mom"},
{"name":"ModelSetRunClock", "ph":"E", "ts":"2858631510", "pid":"1", "tid":"mom"},
{"name":"ModelAdvance", "ph":"B", "ts":"2858631777", "pid":"1", "tid":"mom"},
{"name":"ModelAdvance", "ph":"E", "ts":"2864142377", "pid":"1", "tid":"mom"},
{"name":"ModelSetRunClock", "ph":"B", "ts":"2869871358", "pid":"1", "tid":"mom"},
{"name":"ModelSetRunClock", "ph":"E", "ts":"2869871438", "pid":"1", "tid":"mom"},
{"name":"ModelAdvance", "ph":"B", "ts":"2869871693", "pid":"1", "tid":"mom"},
{"name":"ModelAdvance", "ph":"E", "ts":"2875474969", "pid":"1", "tid":"mom"},
{"name":"ModelSetRunClock", "ph":"B", "ts":"2880307521", "pid":"1", "tid":"mom"},
{"name":"ModelSetRunClock", "ph":"E", "ts":"2880307870", "pid":"1", "tid":"mom"},
{"name":"ModelAdvance", "ph":"B", "ts":"2880308097", "pid":"1", "tid":"mom"},
{"name":"ModelAdvance", "ph":"E", "ts":"2890307829", "pid":"1", "tid":"mom"},
{"name":"ModelSetRunClock", "ph":"B", "ts":"2890641188", "pid":"1", "tid":"mom"},
{"name":"ModelSetRunClock", "ph":"E", "ts":"2890641274", "pid":"1", "tid":"mom"},
{"name":"ModelAdvance", "ph":"B", "ts":"2890641495", "pid":"1", "tid":"mom"},
{"name":"ModelAdvance", "ph":"E", "ts":"2896157181", "pid":"1", "tid":"mom"},
{"name":"ModelSetRunClock", "ph":"B", "ts":"2899222081", "pid":"1", "tid":"mom"},
{"name":"ModelSetRunClock", "ph":"E", "ts":"2899222180", "pid":"1", "tid":"mom"},
{"name":"ModelAdvance", "ph":"B", "ts":"2899222378", "pid":"1", "tid":"mom"},
{"name":"ModelAdvance", "ph":"E", "ts":"2904726509", "pid":"1", "tid":"mom"},
{"name":"ModelSetRunClock", "ph":"B", "ts":"2910437582", "pid":"1", "tid":"mom"},
{"name":"ModelSetRunClock", "ph":"E", "ts":"2910437879", "pid":"1", "tid":"mom"},
{"name":"ModelAdvance", "ph":"B", "ts":"2910438084", "pid":"1", "tid":"mom"},
{"name":"ModelAdvance", "ph":"E", "ts":"2915944833", "pid":"1", "tid":"mom"},
{"name":"ModelSetRunClock", "ph":"B", "ts":"2918975926", "pid":"1", "tid":"mom"},
{"name":"ModelSetRunClock", "ph":"E", "ts":"2918975992", "pid":"1", "tid":"mom"},
{"name":"ModelAdvance", "ph":"B", "ts":"2918976168", "pid":"1", "tid":"mom"},
{"name":"ModelAdvance", "ph":"E", "ts":"2924515331", "pid":"1", "tid":"mom"},
{"name":"ModelSetRunClock", "ph":"B", "ts":"2929213687", "pid":"1", "tid":"mom"},
{"name":"ModelSetRunClock", "ph":"E", "ts":"2929213748", "pid":"1", "tid":"mom"},
{"name":"ModelAdvance", "ph":"B", "ts":"2929213912", "pid":"1", "tid":"mom"},
{"name":"ModelAdvance", "ph":"E", "ts":"2934772038", "pid":"1", "tid":"mom"},
{"name":"ModelSetRunClock", "ph":"B", "ts":"2937757172", "pid":"1", "tid":"mom"},
{"name":"ModelSetRunClock", "ph":"E", "ts":"2937757260", "pid":"1", "tid":"mom"},
{"name":"ModelAdvance", "ph":"B", "ts":"2937757458", "pid":"1", "tid":"mom"},
{"name":"ModelAdvance", "ph":"E", "ts":"2943213947", "pid":"1", "tid":"mom"},
{"name":"ModelSetRunClock", "ph":"B", "ts":"2948060028", "pid":"1", "tid":"mom"},
{"name":"ModelSetRunClock", "ph":"E", "ts":"2948060090", "pid":"1", "tid":"mom"},
{"name":"ModelAdvance", "ph":"B", "ts":"2948060357", "pid":"1", "tid":"mom"},
{"name":"ModelAdvance", "ph":"E", "ts":"2953551326", "pid":"1", "tid":"mom"},
{"name":"ModelSetRunClock", "ph":"B", "ts":"2956787275", "pid":"1", "tid":"mom"},
{"name":"ModelSetRunClock", "ph":"E", "ts":"2956787344", "pid":"1", "tid":"mom"},
{"name":"ModelAdvance", "ph":"B", "ts":"2956787517", "pid":"1", "tid":"mom"},
{"name":"ModelAdvance", "ph":"E", "ts":"2962293298", "pid":"1", "tid":"mom"},
{"name":"ModelSetRunClock", "ph":"B", "ts":"2967382829", "pid":"1", "tid":"mom"},
{"name":"ModelSetRunClock", "ph":"E", "ts":"2967382934", "pid":"1", "tid":"mom"},
{"name":"ModelAdvance", "ph":"B", "ts":"2967383145", "pid":"1", "tid":"mom"},
{"name":"ModelAdvance", "ph":"E", "ts":"2972881397", "pid":"1", "tid":"mom"},
{"name":"ModelSetRunClock", "ph":"B", "ts":"2976346221", "pid":"1", "tid":"mom"},
{"name":"ModelSetRunClock", "ph":"E", "ts":"2976346292", "pid":"1", "tid":"mom"},
{"name":"ModelAdvance", "ph":"B", "ts":"2976346469", "pid":"1", "tid":"mom"},
{"name":"ModelAdvance", "ph":"E", "ts":"2981829275", "pid":"1", "tid":"mom"},
{"name":"ModelSetRunClock", "ph":"B", "ts":"2986853228", "pid":"1", "tid":"mom"},
{"name":"ModelSetRunClock", "ph":"E", "ts":"2986853351", "pid":"1", "tid":"mom"},
{"name":"ModelAdvance", "ph":"B", "ts":"2986853587", "pid":"1", "tid":"mom"},
{"name":"ModelAdvance", "ph":"E", "ts":"2992415284", "pid":"1", "tid":"mom"},
{"name":"ModelSetRunClock", "ph":"B", "ts":"2996963472", "pid":"1", "tid":"mom"},
{"name":"ModelSetRunClock", "ph":"E", "ts":"2996963591", "pid":"1", "tid":"mom"},
{"name":"ModelAdvance", "ph":"B", "ts":"2996963900", "pid":"1", "tid":"mom"},
{"name":"ModelAdvance", "ph":"E", "ts":"3006998865", "pid":"1", "tid":"mom"},
{"name":"ModelSetRunClock", "ph":"B", "ts":"3007025257", "pid":"1", "tid":"mom"},
{"name":"ModelSetRunClock", "ph":"E", "ts":"3007025386", "pid":"1", "tid":"mom"},
{"name":"ModelAdvance", "ph":"B", "ts":"3007025616", "pid":"1", "tid":"mom"},
{"name":"ModelAdvance", "ph":"E", "ts":"3012518190", "pid":"1", "tid":"mom"},
{"name":"ModelSetRunClock", "ph":"B", "ts":"3016336833", "pid":"1", "tid":"mom"},
{"name":"ModelSetRunClock", "ph":"E", "ts":"3016336961", "pid":"1", "tid":"mom"},
{"name":"ModelAdvance", "ph":"B", "ts":"3016337258", "pid":"1", "tid":"mom"},
{"name":"ModelAdvance", "ph":"E", "ts":"3021836829", "pid":"1", "tid":"mom"},
