{"name":"SetServices", "ph":"B", "ts":"1959833096", "pid":"1", "tid":"wave"},
{"name":"SetServices", "ph":"E", "ts":"1959834764", "pid":"1", "tid":"wave"},
{"name":"InitializeP0", "ph":"B", "ts":"1959838913", "pid":"1", "tid":"wave"},
{"name":"InitializeP0", "ph":"E", "ts":"1959838995", "pid":"1", "tid":"wave"},
{"name":"InitializeAdvertise", "ph":"B", "ts":"1991191716", "pid":"1", "tid":"wave"},
{"name":"InitializeAdvertise", "ph":"E", "ts":"2080906900", "pid":"1", "tid":"wave"},
{"name":"InitializeRealize", "ph":"B", "ts":"2254378904", "pid":"1", "tid":"wave"},
{"name":"InitializeRealize", "ph":"E", "ts":"2266515851", "pid":"1", "tid":"wave"},
{"name":"DataInitialize", "ph":"B", "ts":"2295318119", "pid":"1", "tid":"wave"},
{"name":"DataInitialize", "ph":"E", "ts":"2295322289", "pid":"1", "tid":"wave"},
{"name":"ModelSetRunClock", "ph":"B", "ts":"2303497268", "pid":"1", "tid":"wave"},
{"name":"ModelSetRunClock", "ph":"E", "ts":"2303505929", "pid":"1", "tid":"wave"},
{"name":"ModelAdvance", "ph":"B", "ts":"2303506022", "pid":"1", "tid":"wave"},
{"name":"ModelAdvance", "ph":"E", "ts":"2315152467", "pid":"1", "tid":"wave"},
{"name":"ModelSetRunClock", "ph":"B", "ts":"2316786368", "pid":"1", "tid":"wave"},
{"name":"ModelSetRunClock", "ph":"E", "ts":"2316786445", "pid":"1", "tid":"wave"},
{"name":"ModelAdvance", "ph":"B", "ts":"2316786542", "pid":"1", "tid":"wave"},
{"name":"ModelAdvance", "ph":"E", "ts":"2329233763", "pid":"1", "tid":"wave"},
{"name":"ModelSetRunClock", "ph":"B", "ts":"2332897971", "pid":"1", "tid":"wave"},
{"name":"ModelSetRunClock", "ph":"E", "ts":"2332898029", "pid":"1", "tid":"wave"},
{"name":"ModelAdvance", "ph":"B", "ts":"2332898102", "pid":"1", "tid":"wave"},
{"name":"ModelAdvance", "ph":"E", "ts":"2343620138", "pid":"1", "tid":"wave"},
{"name":"ModelSetRunClock", "ph":"B", "ts":"2346598231", "pid":"1", "tid":"wave"},
{"name":"ModelSetRunClock", "ph":"E", "ts":"2346598283", "pid":"1", "tid":"wave"},
{"name":"ModelAdvance", "ph":"B", "ts":"2346598361", "pid":"1", "tid":"wave"},
{"name":"ModelAdvance", "ph":"E", "ts":"2358634966", "pid":"1", "tid":"wave"},
{"name":"ModelSetRunClock", "ph":"B", "ts":"2363220382", "pid":"1", "tid":"wave"},
{"name":"ModelSetRunClock", "ph":"E", "ts":"2363220442", "pid":"1", "tid":"wave"},
{"name":"ModelAdvance", "ph":"B", "ts":"2363220524", "pid":"1", "tid":"wave"},
{"name":"ModelAdvance", "ph":"E", "ts":"2372503550", "pid":"1", "tid":"wave"},
{"name":"ModelSetRunClock", "ph":"B", "ts":"2374973539", "pid":"1", "tid":"wave"},
{"name":"ModelSetRunClock", "ph":"E", "ts":"2374973606", "pid":"1", "tid":"wave"},
{"name":"ModelAdvance", "ph":"B", "ts":"2374973702", "pid":"1", "tid":"wave"},
{"name":"ModelAdvance", "ph":"E", "ts":"2384123935", "pid":"1", "tid":"wave"},
{"name":"ModelSetRunClock", "ph":"B", "ts":"2387430743", "pid":"1", "tid":"wave"},
{"name":"ModelSetRunClock", "ph":"E", "ts":"2387430829", "pid":"1", "tid":"wave"},
{"name":"ModelAdvance", "ph":"B", "ts":"2387430950", "pid":"1", "tid":"wave"},
{"name":"ModelAdvance", "ph":"E", "ts":"2394482333", "pid":"1", "tid":"wave"},
{"name":"ModelSetRunClock", "ph":"B", "ts":"2397244873", "pid":"1", "tid":"wave"},
{"name":"ModelSetRunClock", "ph":"E", "ts":"2397244937", "pid":"1", "tid":"wave"},
{"name":"ModelAdvance", "ph":"B", "ts":"2397245035", "pid":"1", "tid":"wave"},
{"name":"ModelAdvance", "ph":"E", "ts":"2405420160", "pid":"1", "tid":"wave"},
{"name":"ModelSetRunClock", "ph":"B", "ts":"2408213858", "pid":"1", "tid":"wave"},
{"name":"ModelSetRunClock", "ph":"E", "ts":"2408213931", "pid":"1", "tid":"wave"},
{"name":"ModelAdvance", "ph":"B", "ts":"2408214034", "pid":"1", "tid":"wave"},
{"name":"ModelAdvance", "ph":"E", "ts":"2414799948", "pid":"1", "tid":"wave"},
{"name":"ModelSetRunClock", "ph":"B", "ts":"2418112510", "pid":"1", "tid":"wave"},
{"name":"ModelSetRunClock", "ph":"E", "ts":"2418112577", "pid":"1", "tid":"wave"},
{"name":"ModelAdvance", "ph":"B", "ts":"2418112671", "pid":"1", "tid":"wave"},
{"name":"ModelAdvance", "ph":"E", "ts":"2426100195", "pid":"1", "tid":"wave"},
{"name":"ModelSetRunClock", "ph":"B", "ts":"2428887696", "pid":"1", "tid":"wave"},
{"name":"ModelSetRunClock", "ph":"E", "ts":"2428887875", "pid":"1", "tid":"wave"},
{"name":"ModelAdvance", "ph":"B", "ts":"2428887968", "pid":"1", "tid":"wave"},
{"name":"ModelAdvance", "ph":"E", "ts":"2435357349", "pid":"1", "tid":"wave"},
{"name":"ModelSetRunClock", "ph":"B", "ts":"2439179740", "pid":"1", "tid":"wave"},
{"name":"ModelSetRunClock", "ph":"E", "ts":"2439179816", "pid":"1", "tid":"wave"},
{"name":"ModelAdvance", "ph":"B", "ts":"2439179921", "pid":"1", "tid":"wave"},
{"name":"ModelAdvance", "ph":"E", "ts":"2446813541", "pid":"1", "tid":"wave"},
{"name":"ModelSetRunClock", "ph":"B", "ts":"2450524318", "pid":"1", "tid":"wave"},
{"name":"ModelSetRunClock", "ph":"E", "ts":"2450524385", "pid":"1", "tid":"wave"},
{"name":"ModelAdvance", "ph":"B", "ts":"2450524482", "pid":"1", "tid":"wave"},
{"name":"ModelAdvance", "ph":"E", "ts":"2456980542", "pid":"1", "tid":"wave"},
{"name":"ModelSetRunClock", "ph":"B", "ts":"2460233813", "pid":"1", "tid":"wave"},
{"name":"ModelSetRunClock", "ph":"E", "ts":"2460233989", "pid":"1", "tid":"wave"},
{"name":"ModelAdvance", "ph":"B", "ts":"2460234150", "pid":"1", "tid":"wave"},
{"name":"ModelAdvance", "ph":"E", "ts":"2467785033", "pid":"1", "tid":"wave"},
{"name":"ModelSetRunClock", "ph":"B", "ts":"2470983361", "pid":"1", "tid":"wave"},
{"name":"ModelSetRunClock", "ph":"E", "ts":"2470983420", "pid":"1", "tid":"wave"},
{"name":"ModelAdvance", "ph":"B", "ts":"2470983507", "pid":"1", "tid":"wave"},
{"name":"ModelAdvance", "ph":"E", "ts":"2477305327", "pid":"1", "tid":"wave"},
{"name":"ModelSetRunClock", "ph":"B", "ts":"2481045352", "pid":"1", "tid":"wave"},
{"name":"ModelSetRunClock", "ph":"E", "ts":"2481045423", "pid":"1", "tid":"wave"},
{"name":"ModelAdvance", "ph":"B", "ts":"2481045515", "pid":"1", "tid":"wave"},
{"name":"ModelAdvance", "ph":"E", "ts":"2488447427", "pid":"1", "tid":"wave"},
{"name":"ModelSetRunClock", "ph":"B", "ts":"2491495725", "pid":"1", "tid":"wave"},
{"name":"ModelSetRunClock", "ph":"E", "ts":"2491495907", "pid":"1", "tid":"wave"},
{"name":"ModelAdvance", "ph":"B", "ts":"2491496124", "pid":"1", "tid":"wave"},
{"name":"ModelAdvance", "ph":"E", "ts":"2497755379", "pid":"1", "tid":"wave"},
{"name":"ModelSetRunClock", "ph":"B", "ts":"2501322028", "pid":"1", "tid":"wave"},
{"name":"ModelSetRunClock", "ph":"E", "ts":"2501322091", "pid":"1", "tid":"wave"},
{"name":"ModelAdvance", "ph":"B", "ts":"2501322172", "pid":"1", "tid":"wave"},
{"name":"ModelAdvance", "ph":"E", "ts":"2508550562", "pid":"1", "tid":"wave"},
{"name":"ModelSetRunClock", "ph":"B", "ts":"2511868572", "pid":"1", "tid":"wave"},
{"name":"ModelSetRunClock", "ph":"E", "ts":"2511868630", "pid":"1", "tid":"wave"},
{"name":"ModelAdvance", "ph":"B", "ts":"2511868718", "pid":"1", "tid":"wave"},
{"name":"ModelAdvance", "ph":"E", "ts":"2518086634", "pid":"1", "tid":"wave"},
{"name":"ModelSetRunClock", "ph":"B", "ts":"2521828562", "pid":"1", "tid":"wave"},
{"name":"ModelSetRunClock", "ph":"E", "ts":"2521828764", "pid":"1", "tid":"wave"},
{"name":"ModelAdvance", "ph":"B", "ts":"2521828935", "pid":"1", "tid":"wave"},
{"name":"ModelAdvance", "ph":"E", "ts":"2529035505", "pid":"1", "tid":"wave"},
{"name":"ModelSetRunClock", "ph":"B", "ts":"2531980665", "pid":"1", "tid":"wave"},
{"name":"ModelSetRunClock", "ph":"E", "ts":"2531980737", "pid":"1", "tid":"wave"},
{"name":"ModelAdvance", "ph":"B", "ts":"2531980829", "pid":"1", "tid":"wave"},
{"name":"ModelAdvance", "ph":"E", "ts":"2538197923", "pid":"1", "tid":"wave"},
{"name":"ModelSetRunClock", "ph":"B", "ts":"2542379643", "pid":"1", "tid":"wave"},
{"name":"ModelSetRunClock", "ph":"E", "ts":"2542379722", "pid":"1", "tid":"wave"},
{"name":"ModelAdvance", "ph":"B", "ts":"2542379829", "pid":"1", "tid":"wave"},
{"name":"ModelAdvance", "ph":"E", "ts":"2549509618", "pid":"1", "tid":"wave"},
{"name":"ModelSetRunClock", "ph":"B", "ts":"2552380421", "pid":"1", "tid":"wave"},
{"name":"ModelSetRunClock", "ph":"E", "ts":"2552380608", "pid":"1", "tid":"wave"},
{"name":"ModelAdvance", "ph":"B", "ts":"2552380704", "pid":"1", "tid":"wave"},
{"name":"ModelAdvance", "ph":"E", "ts":"2558550610", "pid":"1", "tid":"wave"},
{"name":"ModelSetRunClock", "ph":"B", "ts":"2562883602", "pid":"1", "tid":"wave"},
{"name":"ModelSetRunClock", "ph":"E", "ts":"2562883659", "pid":"1", "tid":"wave"},
{"name":"ModelAdvance", "ph":"B", "ts":"2562883751", "pid":"1", "tid":"wave"},
{"name":"ModelAdvance", "ph":"E", "ts":"2570003152", "pid":"1", "tid":"wave"},
{"name":"ModelSetRunClock", "ph":"B", "ts":"2572810880", "pid":"1", "tid":"wave"},
{"name":"ModelSetRunClock", "ph":"E", "ts":"2572810944", "pid":"1", "tid":"wave"},
{"name":"ModelAdvance", "ph":"B", "ts":"2572811031", "pid":"1", "tid":"wave"},
{"name":"ModelAdvance", "ph":"E", "ts":"2578958579", "pid":"1", "tid":"wave"},
{"name":"ModelSetRunClock", "ph":"B", "ts":"2582729852", "pid":"1", "tid":"wave"},
{"name":"ModelSetRunClock", "ph":"E", "ts":"2582730029", "pid":"1", "tid":"wave"},
{"name":"ModelAdvance", "ph":"B", "ts":"2582730206", "pid":"1", "tid":"wave"},
{"name":"ModelAdvance", "ph":"E", "ts":"2589786444", "pid":"1", "tid":"wave"},
{"name":"ModelSetRunClock", "ph":"B", "ts":"2592572406", "pid":"1", "tid":"wave"},
{"name":"ModelSetRunClock", "ph":"E", "ts":"2592572469", "pid":"1", "tid":"wave"},
{"name":"ModelAdvance", "ph":"B", "ts":"2592572547", "pid":"1", "tid":"wave"},
{"name":"ModelAdvance", "ph":"E", "ts":"2598695962", "pid":"1", "tid":"wave"},
{"name":"ModelSetRunClock", "ph":"B", "ts":"2602199612", "pid":"1", "tid":"wave"},
{"name":"ModelSetRunClock", "ph":"E", "ts":"2602199661", "pid":"1", "tid":"wave"},
{"name":"ModelAdvance", "ph":"B", "ts":"2602199744", "pid":"1", "tid":"wave"},
{"name":"ModelAdvance", "ph":"E", "ts":"2609311915", "pid":"1", "tid":"wave"},
{"name":"ModelSetRunClock", "ph":"B", "ts":"2612040554", "pid":"1", "tid":"wave"},
{"name":"ModelSetRunClock", "ph":"E", "ts":"2612040618", "pid":"1", "tid":"wave"},
{"name":"ModelAdvance", "ph":"B", "ts":"2612040694", "pid":"1", "tid":"wave"},
{"name":"ModelAdvance", "ph":"E", "ts":"2618059022", "pid":"1", "tid":"wave"},
{"name":"ModelSetRunClock", "ph":"B", "ts":"2621892572", "pid":"1", "tid":"wave"},
{"name":"ModelSetRunClock", "ph":"E", "ts":"2621892643", "pid":"1", "tid":"wave"},
{"name":"ModelAdvance", "ph":"B", "ts":"2621892734", "pid":"1", "tid":"wave"},
{"name":"ModelAdvance", "ph":"E", "ts":"2628866179", "pid":"1", "tid":"wave"},
{"name":"ModelSetRunClock", "ph":"B", "ts":"2632348550", "pid":"1", "tid":"wave"},
{"name":"ModelSetRunClock", "ph":"E", "ts":"2632348608", "pid":"1", "tid":"wave"},
{"name":"ModelAdvance", "ph":"B", "ts":"2632348684", "pid":"1", "tid":"wave"},
{"name":"ModelAdvance", "ph":"E", "ts":"2638350144", "pid":"1", "tid":"wave"},
{"name":"ModelSetRunClock", "ph":"B", "ts":"2642441608", "pid":"1", "tid":"wave"},
{"name":"ModelSetRunClock", "ph":"E", "ts":"2642441672", "pid":"1", "tid":"wave"},
{"name":"ModelAdvance", "ph":"B", "ts":"2642441752", "pid":"1", "tid":"wave"},
{"name":"ModelAdvance", "ph":"E", "ts":"2649411689", "pid":"1", "tid":"wave"},
{"name":"ModelSetRunClock", "ph":"B", "ts":"2652004777", "pid":"1", "tid":"wave"},
{"name":"ModelSetRunClock", "ph":"E", "ts":"2652004847", "pid":"1", "tid":"wave"},
{"name":"ModelAdvance", "ph":"B", "ts":"2652004931", "pid":"1", "tid":"wave"},
{"name":"ModelAdvance", "ph":"E", "ts":"2657954048", "pid":"1", "tid":"wave"},
{"name":"ModelSetRunClock", "ph":"B", "ts":"2661777382", "pid":"1", "tid":"wave"},
{"name":"ModelSetRunClock", "ph":"E", "ts":"2661777428", "pid":"1", "tid":"wave"},
{"name":"ModelAdvance", "ph":"B", "ts":"2661777512", "pid":"1", "tid":"wave"},
{"name":"ModelAdvance", "ph":"E", "ts":"2668694505", "pid":"1", "tid":"wave"},
{"name":"ModelSetRunClock", "ph":"B", "ts":"2671285192", "pid":"1", "tid":"wave"},
{"name":"ModelSetRunClock", "ph":"E", "ts":"2671285252", "pid":"1", "tid":"wave"},
{"name":"ModelAdvance", "ph":"B", "ts":"2671285328", "pid":"1", "tid":"wave"},
{"name":"ModelAdvance", "ph":"E", "ts":"2677232906", "pid":"1", "tid":"wave"},
{"name":"ModelSetRunClock", "ph":"B", "ts":"2680864110", "pid":"1", "tid":"wave"},
{"name":"ModelSetRunClock", "ph":"E", "ts":"2680864176", "pid":"1", "tid":"wave"},
{"name":"ModelAdvance", "ph":"B", "ts":"2680864389", "pid":"1", "tid":"wave"},
{"name":"ModelAdvance", "ph":"E", "ts":"2687759403", "pid":"1", "tid":"wave"},
{"name":"ModelSetRunClock", "ph":"B", "ts":"2690339547", "pid":"1", "tid":"wave"},
{"name":"ModelSetRunClock", "ph":"E", "ts":"2690339602", "pid":"1", "tid":"wave"},
{"name":"ModelAdvance", "ph":"B", "ts":"2690339677", "pid":"1", "tid":"wave"},
{"name":"ModelAdvance", "ph":"E", "ts":"2696226332", "pid":"1", "tid":"wave"},
{"name":"ModelSetRunClock", "ph":"B", "ts":"2700437641", "pid":"1", "tid":"wave"},
{"name":"ModelSetRunClock", "ph":"E", "ts":"2700437702", "pid":"1", "tid":"wave"},
{"name":"ModelAdvance", "ph":"B", "ts":"2700437785", "pid":"1", "tid":"wave"},
{"name":"ModelAdvance", "ph":"E", "ts":"2707299911", "pid":"1", "tid":"wave"},
{"name":"ModelSetRunClock", "ph":"B", "ts":"2709854837", "pid":"1", "tid":"wave"},
{"name":"ModelSetRunClock", "ph":"E", "ts":"2709854909", "pid":"1", "tid":"wave"},
{"name":"ModelAdvance", "ph":"B", "ts":"2709855003", "pid":"1", "tid":"wave"},
{"name":"ModelAdvance", "ph":"E", "ts":"2715754120", "pid":"1", "tid":"wave"},
{"name":"ModelSetRunClock", "ph":"B", "ts":"2720302680", "pid":"1", "tid":"wave"},
{"name":"ModelSetRunClock", "ph":"E", "ts":"2720302738", "pid":"1", "tid":"wave"},
{"name":"ModelAdvance", "ph":"B", "ts":"2720302816", "pid":"1", "tid":"wave"},
{"name":"ModelAdvance", "ph":"E", "ts":"2727154509", "pid":"1", "tid":"wave"},
{"name":"ModelSetRunClock", "ph":"B", "ts":"2729647500", "pid":"1", "tid":"wave"},
{"name":"ModelSetRunClock", "ph":"E", "ts":"2729647557", "pid":"1", "tid":"wave"},
{"name":"ModelAdvance", "ph":"B", "ts":"2729647631", "pid":"1", "tid":"wave"},
{"name":"ModelAdvance", "ph":"E", "ts":"2735493902", "pid":"1", "tid":"wave"},
{"name":"ModelSetRunClock", "ph":"B", "ts":"2740546320", "pid":"1", "tid":"wave"},
{"name":"ModelSetRunClock", "ph":"E", "ts":"2740546497", "pid":"1", "tid":"wave"},
{"name":"ModelAdvance", "ph":"B", "ts":"2740546595", "pid":"1", "tid":"wave"},
{"name":"ModelAdvance", "ph":"E", "ts":"2747386731", "pid":"1", "tid":"wave"},
{"name":"ModelSetRunClock", "ph":"B", "ts":"2751537521", "pid":"1", "tid":"wave"},
{"name":"ModelSetRunClock", "ph":"E", "ts":"2751537600", "pid":"1", "tid":"wave"},
{"name":"ModelAdvance", "ph":"B", "ts":"2751537712", "pid":"1", "tid":"wave"},
{"name":"ModelAdvance", "ph":"E", "ts":"2757345459", "pid":"1", "tid":"wave"},
{"name":"ModelSetRunClock", "ph":"B", "ts":"2772234846", "pid":"1", "tid":"wave"},
{"name":"ModelSetRunClock", "ph":"E", "ts":"2772235026", "pid":"1", "tid":"wave"},
{"name":"ModelAdvance", "ph":"B", "ts":"2772235185", "pid":"1", "tid":"wave"},
{"name":"ModelAdvance", "ph":"E", "ts":"2778927012", "pid":"1", "tid":"wave"},
{"name":"ModelSetRunClock", "ph":"B", "ts":"2781347163", "pid":"1", "tid":"wave"},
{"name":"ModelSetRunClock", "ph":"E", "ts":"2781347223", "pid":"1", "tid":"wave"},
{"name":"ModelAdvance", "ph":"B", "ts":"2781347301", "pid":"1", "tid":"wave"},
{"name":"ModelAdvance", "ph":"E", "ts":"2787015135", "pid":"1", "tid":"wave"},
{"name":"ModelSetRunClock", "ph":"B", "ts":"2791869396", "pid":"1", "tid":"wave"},
{"name":"ModelSetRunClock", "ph":"E", "ts":"2791869440", "pid":"1", "tid":"wave"},
{"name":"ModelAdvance", "ph":"B", "ts":"2791869516", "pid":"1", "tid":"wave"},
{"name":"ModelAdvance", "ph":"E", "ts":"2798489953", "pid":"1", "tid":"wave"},
{"name":"ModelSetRunClock", "ph":"B", "ts":"2800849348", "pid":"1", "tid":"wave"},
{"name":"ModelSetRunClock", "ph":"E", "ts":"2800849409", "pid":"1", "tid":"wave"},
{"name":"ModelAdvance", "ph":"B", "ts":"2800849487", "pid":"1", "tid":"wave"},
{"name":"ModelAdvance", "ph":"E", "ts":"2806444164", "pid":"1", "tid":"wave"},
{"name":"ModelSetRunClock", "ph":"B", "ts":"2811109998", "pid":"1", "tid":"wave"},
{"name":"ModelSetRunClock", "ph":"E", "ts":"2811110063", "pid":"1", "tid":"wave"},
{"name":"ModelAdvance", "ph":"B", "ts":"2811110144", "pid":"1", "tid":"wave"},
{"name":"ModelAdvance", "ph":"E", "ts":"2817666794", "pid":"1", "tid":"wave"},
{"name":"ModelSetRunClock", "ph":"B", "ts":"2819961304", "pid":"1", "tid":"wave"},
{"name":"ModelSetRunClock", "ph":"E", "ts":"2819961499", "pid":"1", "tid":"wave"},
{"name":"ModelAdvance", "ph":"B", "ts":"2819961599", "pid":"1", "tid":"wave"},
{"name":"ModelAdvance", "ph":"E", "ts":"2825461690", "pid":"1", "tid":"wave"},
{"name":"ModelSetRunClock", "ph":"B", "ts":"2830698174", "pid":"1", "tid":"wave"},
{"name":"ModelSetRunClock", "ph":"E", "ts":"2830698221", "pid":"1", "tid":"wave"},
{"name":"ModelAdvance", "ph":"B", "ts":"2830698296", "pid":"1", "tid":"wave"},
{"name":"ModelAdvance", "ph":"E", "ts":"2837165909", "pid":"1", "tid":"wave"},
{"name":"ModelSetRunClock", "ph":"B", "ts":"2839373203", "pid":"1", "tid":"wave"},
{"name":"ModelSetRunClock", "ph":"E", "ts":"2839373276", "pid":"1", "tid":"wave"},
{"name":"ModelAdvance", "ph":"B", "ts":"2839373360", "pid":"1", "tid":"wave"},
{"name":"ModelAdvance", "ph":"E", "ts":"2844881219", "pid":"1", "tid":"wave"},
{"name":"ModelSetRunClock", "ph":"B", "ts":"2850181784", "pid":"1", "tid":"wave"},
{"name":"ModelSetRunClock", "ph":"E", "ts":"2850181851", "pid":"1", "tid":"wave"},
{"name":"ModelAdvance", "ph":"B", "ts":"2850181975", "pid":"1", "tid":"wave"},
{"name":"ModelAdvance", "ph":"E", "ts":"2856652543", "pid":"1", "tid":"wave"},
{"name":"ModelSetRunClock", "ph":"B", "ts":"2858618790", "pid":"1", "tid":"wave"},
{"name":"ModelSetRunClock", "ph":"E", "ts":"2858618849", "pid":"1", "tid":"wave"},
{"name":"ModelAdvance", "ph":"B", "ts":"2858618927", "pid":"1", "tid":"wave"},
{"name":"ModelAdvance", "ph":"E", "ts":"2864088774", "pid":"1", "tid":"wave"},
{"name":"ModelSetRunClock", "ph":"B", "ts":"2869858837", "pid":"1", "tid":"wave"},
{"name":"ModelSetRunClock", "ph":"E", "ts":"2869858898", "pid":"1", "tid":"wave"},
{"name":"ModelAdvance", "ph":"B", "ts":"2869858979", "pid":"1", "tid":"wave"},
{"name":"ModelAdvance", "ph":"E", "ts":"2876369330", "pid":"1", "tid":"wave"},
{"name":"ModelSetRunClock", "ph":"B", "ts":"2880295630", "pid":"1", "tid":"wave"},
{"name":"ModelSetRunClock", "ph":"E", "ts":"2880295693", "pid":"1", "tid":"wave"},
{"name":"ModelAdvance", "ph":"B", "ts":"2880295780", "pid":"1", "tid":"wave"},
{"name":"ModelAdvance", "ph":"E", "ts":"2885747877", "pid":"1", "tid":"wave"},
{"name":"ModelSetRunClock", "ph":"B", "ts":"2890629120", "pid":"1", "tid":"wave"},
{"name":"ModelSetRunClock", "ph":"E", "ts":"2890629180", "pid":"1", "tid":"wave"},
{"name":"ModelAdvance", "ph":"B", "ts":"2890629268", "pid":"1", "tid":"wave"},
{"name":"ModelAdvance", "ph":"E", "ts":"2897120943", "pid":"1", "tid":"wave"},
{"name":"ModelSetRunClock", "ph":"B", "ts":"2899209644", "pid":"1", "tid":"wave"},
{"name":"ModelSetRunClock", "ph":"E", "ts":"2899209701", "pid":"1", "tid":"wave"},
{"name":"ModelAdvance", "ph":"B", "ts":"2899209780", "pid":"1", "tid":"wave"},
{"name":"ModelAdvance", "ph":"E", "ts":"2904582946", "pid":"1", "tid":"wave"},
{"name":"ModelSetRunClock", "ph":"B", "ts":"2910425694", "pid":"1", "tid":"wave"},
{"name":"ModelSetRunClock", "ph":"E", "ts":"2910425759", "pid":"1", "tid":"wave"},
{"name":"ModelAdvance", "ph":"B", "ts":"2910425844", "pid":"1", "tid":"wave"},
{"name":"ModelAdvance", "ph":"E", "ts":"2916870837", "pid":"1", "tid":"wave"},
{"name":"ModelSetRunClock", "ph":"B", "ts":"2918974207", "pid":"1", "tid":"wave"},
{"name":"ModelSetRunClock", "ph":"E", "ts":"2918974271", "pid":"1", "tid":"wave"},
{"name":"ModelAdvance", "ph":"B", "ts":"2918974356", "pid":"1", "tid":"wave"},
{"name":"ModelAdvance", "ph":"E", "ts":"2924414689", "pid":"1", "tid":"wave"},
{"name":"ModelSetRunClock", "ph":"B", "ts":"2929205801", "pid":"1", "tid":"wave"},
{"name":"ModelSetRunClock", "ph":"E", "ts":"2929205976", "pid":"1", "tid":"wave"},
{"name":"ModelAdvance", "ph":"B", "ts":"2929206069", "pid":"1", "tid":"wave"},
{"name":"ModelAdvance", "ph":"E", "ts":"2935648852", "pid":"1", "tid":"wave"},
{"name":"ModelSetRunClock", "ph":"B", "ts":"2937746107", "pid":"1", "tid":"wave"},
{"name":"ModelSetRunClock", "ph":"E", "ts":"2937746166", "pid":"1", "tid":"wave"},
{"name":"ModelAdvance", "ph":"B", "ts":"2937746243", "pid":"1", "tid":"wave"},
{"name":"ModelAdvance", "ph":"E", "ts":"2943203254", "pid":"1", "tid":"wave"},
{"name":"ModelSetRunClock", "ph":"B", "ts":"2948050084", "pid":"1", "tid":"wave"},
{"name":"ModelSetRunClock", "ph":"E", "ts":"2948050149", "pid":"1", "tid":"wave"},
{"name":"ModelAdvance", "ph":"B", "ts":"2948050239", "pid":"1", "tid":"wave"},
{"name":"ModelAdvance", "ph":"E", "ts":"2954617548", "pid":"1", "tid":"wave"},
{"name":"ModelSetRunClock", "ph":"B", "ts":"2956784500", "pid":"1", "tid":"wave"},
{"name":"ModelSetRunClock", "ph":"E", "ts":"2956784671", "pid":"1", "tid":"wave"},
{"name":"ModelAdvance", "ph":"B", "ts":"2956784758", "pid":"1", "tid":"wave"},
{"name":"ModelAdvance", "ph":"E", "ts":"2962433432", "pid":"1", "tid":"wave"},
{"name":"ModelSetRunClock", "ph":"B", "ts":"2967369583", "pid":"1", "tid":"wave"},
{"name":"ModelSetRunClock", "ph":"E", "ts":"2967369647", "pid":"1", "tid":"wave"},
{"name":"ModelAdvance", "ph":"B", "ts":"2967369729", "pid":"1", "tid":"wave"},
{"name":"ModelAdvance", "ph":"E", "ts":"2974035631", "pid":"1", "tid":"wave"},
{"name":"ModelSetRunClock", "ph":"B", "ts":"2976336575", "pid":"1", "tid":"wave"},
{"name":"ModelSetRunClock", "ph":"E", "ts":"2976336640", "pid":"1", "tid":"wave"},
{"name":"ModelAdvance", "ph":"B", "ts":"2976336752", "pid":"1", "tid":"wave"},
{"name":"ModelAdvance", "ph":"E", "ts":"2982076232", "pid":"1", "tid":"wave"},
{"name":"ModelSetRunClock", "ph":"B", "ts":"2986841392", "pid":"1", "tid":"wave"},
{"name":"ModelSetRunClock", "ph":"E", "ts":"2986841571", "pid":"1", "tid":"wave"},
{"name":"ModelAdvance", "ph":"B", "ts":"2986841654", "pid":"1", "tid":"wave"},
{"name":"ModelAdvance", "ph":"E", "ts":"2993645301", "pid":"1", "tid":"wave"},
{"name":"ModelSetRunClock", "ph":"B", "ts":"2996951025", "pid":"1", "tid":"wave"},
{"name":"ModelSetRunClock", "ph":"E", "ts":"2996951084", "pid":"1", "tid":"wave"},
{"name":"ModelAdvance", "ph":"B", "ts":"2996951166", "pid":"1", "tid":"wave"},
{"name":"ModelAdvance", "ph":"E", "ts":"3002740354", "pid":"1", "tid":"wave"},
{"name":"ModelSetRunClock", "ph":"B", "ts":"3007013920", "pid":"1", "tid":"wave"},
{"name":"ModelSetRunClock", "ph":"E", "ts":"3007013986", "pid":"1", "tid":"wave"},
{"name":"ModelAdvance", "ph":"B", "ts":"3007014071", "pid":"1", "tid":"wave"},
{"name":"ModelAdvance", "ph":"E", "ts":"3013925621", "pid":"1", "tid":"wave"},
{"name":"ModelSetRunClock", "ph":"B", "ts":"3016324258", "pid":"1", "tid":"wave"},
{"name":"ModelSetRunClock", "ph":"E", "ts":"3016324318", "pid":"1", "tid":"wave"},
{"name":"ModelAdvance", "ph":"B", "ts":"3016324394", "pid":"1", "tid":"wave"},
{"name":"ModelAdvance", "ph":"E", "ts":"3022243636", "pid":"1", "tid":"wave"},
