{"name":"SetServices", "ph":"B", "ts":"2229151840", "pid":"1", "tid":"wrtComp_07"},
{"name":"SetServices", "ph":"E", "ts":"2229153880", "pid":"1", "tid":"wrtComp_07"},
{"name":"wrt_initialize_p1", "ph":"B", "ts":"2229154280", "pid":"1", "tid":"wrtComp_07"},
{"name":"wrt_initialize_p1", "ph":"E", "ts":"2229682305", "pid":"1", "tid":"wrtComp_07"},
{"name":"wrt_run", "ph":"B", "ts":"2527826057", "pid":"1", "tid":"wrtComp_07"},
{"name":"wrt_run", "ph":"E", "ts":"2599117097", "pid":"1", "tid":"wrtComp_07"},
{"name":"wrt_run", "ph":"B", "ts":"2689593269", "pid":"1", "tid":"wrtComp_07"},
{"name":"wrt_run", "ph":"E", "ts":"2754114467", "pid":"1", "tid":"wrtComp_07"},
{"name":"wrt_run", "ph":"B", "ts":"2859918339", "pid":"1", "tid":"wrtComp_07"},
{"name":"wrt_run", "ph":"E", "ts":"2926355762", "pid":"1", "tid":"wrtComp_07"},
{"name":"wrt_run", "ph":"B", "ts":"3023632036", "pid":"1", "tid":"wrtComp_07"},
{"name":"wrt_run", "ph":"E", "ts":"3093368113", "pid":"1", "tid":"wrtComp_07"},
{"name":"wrt_run", "ph":"B", "ts":"3216261725", "pid":"1", "tid":"wrtComp_07"},
{"name":"wrt_run", "ph":"E", "ts":"3281866316", "pid":"1", "tid":"wrtComp_07"},
{"name":"wrt_run", "ph":"B", "ts":"3381247379", "pid":"1", "tid":"wrtComp_07"},
{"name":"wrt_run", "ph":"E", "ts":"3467329712", "pid":"1", "tid":"wrtComp_07"},
{"name":"wrt_run", "ph":"B", "ts":"3546166273", "pid":"1", "tid":"wrtComp_07"},
{"name":"wrt_run", "ph":"E", "ts":"3633527652", "pid":"1", "tid":"wrtComp_07"},
{"name":"wrt_run", "ph":"B", "ts":"3707887005", "pid":"1", "tid":"wrtComp_07"},
{"name":"wrt_run", "ph":"E", "ts":"3771801998", "pid":"1", "tid":"wrtComp_07"},
{"name":"wrt_run", "ph":"B", "ts":"3880989378", "pid":"1", "tid":"wrtComp_07"},
{"name":"wrt_run", "ph":"E", "ts":"3954096155", "pid":"1", "tid":"wrtComp_07"},
{"name":"wrt_run", "ph":"B", "ts":"4071280241", "pid":"1", "tid":"wrtComp_07"},
{"name":"wrt_run", "ph":"E", "ts":"4136067444", "pid":"1", "tid":"wrtComp_07"},
{"name":"wrt_run", "ph":"B", "ts":"4237905119", "pid":"1", "tid":"wrtComp_07"},
{"name":"wrt_run", "ph":"E", "ts":"4323489669", "pid":"1", "tid":"wrtComp_07"},
{"name":"wrt_run", "ph":"B", "ts":"4413081984", "pid":"1", "tid":"wrtComp_07"},
{"name":"wrt_run", "ph":"E", "ts":"4481260782", "pid":"1", "tid":"wrtComp_07"},
{"name":"wrt_run", "ph":"B", "ts":"4578441837", "pid":"1", "tid":"wrtComp_07"},
{"name":"wrt_run", "ph":"E", "ts":"4645115786", "pid":"1", "tid":"wrtComp_07"},
{"name":"wrt_run", "ph":"B", "ts":"4785640804", "pid":"1", "tid":"wrtComp_07"},
{"name":"wrt_run", "ph":"E", "ts":"4860602460", "pid":"1", "tid":"wrtComp_07"},
{"name":"wrt_run", "ph":"B", "ts":"4952377944", "pid":"1", "tid":"wrtComp_07"},
{"name":"wrt_run", "ph":"E", "ts":"5016467322", "pid":"1", "tid":"wrtComp_07"},
{"name":"wrt_run", "ph":"B", "ts":"5349635213", "pid":"1", "tid":"wrtComp_07"},
{"name":"wrt_run", "ph":"E", "ts":"5422188507", "pid":"1", "tid":"wrtComp_07"},
{"name":"wrt_run", "ph":"B", "ts":"5899038651", "pid":"1", "tid":"wrtComp_07"},
{"name":"wrt_run", "ph":"E", "ts":"5970861370", "pid":"1", "tid":"wrtComp_07"},
{"name":"wrt_run", "ph":"B", "ts":"6476481422", "pid":"1", "tid":"wrtComp_07"},
{"name":"wrt_run", "ph":"E", "ts":"6554496034", "pid":"1", "tid":"wrtComp_07"},
{"name":"wrt_run", "ph":"B", "ts":"6965700794", "pid":"1", "tid":"wrtComp_07"},
{"name":"wrt_run", "ph":"E", "ts":"7049411542", "pid":"1", "tid":"wrtComp_07"},
{"name":"wrt_run", "ph":"B", "ts":"7497600919", "pid":"1", "tid":"wrtComp_07"},
{"name":"wrt_run", "ph":"E", "ts":"7612810733", "pid":"1", "tid":"wrtComp_07"},
{"name":"wrt_run", "ph":"B", "ts":"8067923125", "pid":"1", "tid":"wrtComp_07"},
{"name":"wrt_run", "ph":"E", "ts":"8158648981", "pid":"1", "tid":"wrtComp_07"},
{"name":"wrt_run", "ph":"B", "ts":"8586463858", "pid":"1", "tid":"wrtComp_07"},
{"name":"wrt_run", "ph":"E", "ts":"8665449392", "pid":"1", "tid":"wrtComp_07"},
{"name":"wrt_run", "ph":"B", "ts":"9122818595", "pid":"1", "tid":"wrtComp_07"},
{"name":"wrt_run", "ph":"E", "ts":"9205518874", "pid":"1", "tid":"wrtComp_07"},
{"name":"wrt_run", "ph":"B", "ts":"9770861018", "pid":"1", "tid":"wrtComp_07"},
{"name":"wrt_run", "ph":"E", "ts":"9869600469", "pid":"1", "tid":"wrtComp_07"},
{"name":"wrt_run", "ph":"B", "ts":"10306062320", "pid":"1", "tid":"wrtComp_07"},
{"name":"wrt_run", "ph":"E", "ts":"10380565386", "pid":"1", "tid":"wrtComp_07"},
{"name":"wrt_run", "ph":"B", "ts":"10882726038", "pid":"1", "tid":"wrtComp_07"},
{"name":"wrt_run", "ph":"E", "ts":"11000561500", "pid":"1", "tid":"wrtComp_07"},
{"name":"wrt_finalize", "ph":"B", "ts":"11000676530", "pid":"1", "tid":"wrtComp_07"},
{"name":"wrt_finalize", "ph":"E", "ts":"11000893627", "pid":"1", "tid":"wrtComp_07"},
