{"name":"SetServices", "ph":"B", "ts":"2226352737", "pid":"1", "tid":"wrtComp_05"},
{"name":"SetServices", "ph":"E", "ts":"2226355003", "pid":"1", "tid":"wrtComp_05"},
{"name":"wrt_initialize_p1", "ph":"B", "ts":"2226355384", "pid":"1", "tid":"wrtComp_05"},
{"name":"wrt_initialize_p1", "ph":"E", "ts":"2226875209", "pid":"1", "tid":"wrtComp_05"},
{"name":"wrt_run", "ph":"B", "ts":"2487787049", "pid":"1", "tid":"wrtComp_05"},
{"name":"wrt_run", "ph":"E", "ts":"2555970049", "pid":"1", "tid":"wrtComp_05"},
{"name":"wrt_run", "ph":"B", "ts":"2647802169", "pid":"1", "tid":"wrtComp_05"},
{"name":"wrt_run", "ph":"E", "ts":"2717614405", "pid":"1", "tid":"wrtComp_05"},
{"name":"wrt_run", "ph":"B", "ts":"2820888685", "pid":"1", "tid":"wrtComp_05"},
{"name":"wrt_run", "ph":"E", "ts":"2910823943", "pid":"1", "tid":"wrtComp_05"},
{"name":"wrt_run", "ph":"B", "ts":"2982938364", "pid":"1", "tid":"wrtComp_05"},
{"name":"wrt_run", "ph":"E", "ts":"3045722826", "pid":"1", "tid":"wrtComp_05"},
{"name":"wrt_run", "ph":"B", "ts":"3146179353", "pid":"1", "tid":"wrtComp_05"},
{"name":"wrt_run", "ph":"E", "ts":"3279452793", "pid":"1", "tid":"wrtComp_05"},
{"name":"wrt_run", "ph":"B", "ts":"3341131515", "pid":"1", "tid":"wrtComp_05"},
{"name":"wrt_run", "ph":"E", "ts":"3411202016", "pid":"1", "tid":"wrtComp_05"},
{"name":"wrt_run", "ph":"B", "ts":"3505882244", "pid":"1", "tid":"wrtComp_05"},
{"name":"wrt_run", "ph":"E", "ts":"3573725772", "pid":"1", "tid":"wrtComp_05"},
{"name":"wrt_run", "ph":"B", "ts":"3664294732", "pid":"1", "tid":"wrtComp_05"},
{"name":"wrt_run", "ph":"E", "ts":"3751275212", "pid":"1", "tid":"wrtComp_05"},
{"name":"wrt_run", "ph":"B", "ts":"3838937945", "pid":"1", "tid":"wrtComp_05"},
{"name":"wrt_run", "ph":"E", "ts":"3924271824", "pid":"1", "tid":"wrtComp_05"},
{"name":"wrt_run", "ph":"B", "ts":"4030220364", "pid":"1", "tid":"wrtComp_05"},
{"name":"wrt_run", "ph":"E", "ts":"4102872746", "pid":"1", "tid":"wrtComp_05"},
{"name":"wrt_run", "ph":"B", "ts":"4194360428", "pid":"1", "tid":"wrtComp_05"},
{"name":"wrt_run", "ph":"E", "ts":"4319757904", "pid":"1", "tid":"wrtComp_05"},
{"name":"wrt_run", "ph":"B", "ts":"4370170850", "pid":"1", "tid":"wrtComp_05"},
{"name":"wrt_run", "ph":"E", "ts":"4437465484", "pid":"1", "tid":"wrtComp_05"},
{"name":"wrt_run", "ph":"B", "ts":"4538928397", "pid":"1", "tid":"wrtComp_05"},
{"name":"wrt_run", "ph":"E", "ts":"4606680557", "pid":"1", "tid":"wrtComp_05"},
{"name":"wrt_run", "ph":"B", "ts":"4705850955", "pid":"1", "tid":"wrtComp_05"},
{"name":"wrt_run", "ph":"E", "ts":"4884901111", "pid":"1", "tid":"wrtComp_05"},
{"name":"wrt_run", "ph":"B", "ts":"4911866726", "pid":"1", "tid":"wrtComp_05"},
{"name":"wrt_run", "ph":"E", "ts":"5006336959", "pid":"1", "tid":"wrtComp_05"},
{"name":"wrt_run", "ph":"B", "ts":"5227856408", "pid":"1", "tid":"wrtComp_05"},
{"name":"wrt_run", "ph":"E", "ts":"5313184741", "pid":"1", "tid":"wrtComp_05"},
{"name":"wrt_run", "ph":"B", "ts":"5757171643", "pid":"1", "tid":"wrtComp_05"},
{"name":"wrt_run", "ph":"E", "ts":"5853879516", "pid":"1", "tid":"wrtComp_05"},
{"name":"wrt_run", "ph":"B", "ts":"6323695336", "pid":"1", "tid":"wrtComp_05"},
{"name":"wrt_run", "ph":"E", "ts":"6493538410", "pid":"1", "tid":"wrtComp_05"},
{"name":"wrt_run", "ph":"B", "ts":"6841501830", "pid":"1", "tid":"wrtComp_05"},
{"name":"wrt_run", "ph":"E", "ts":"6916534956", "pid":"1", "tid":"wrtComp_05"},
{"name":"wrt_run", "ph":"B", "ts":"7375913686", "pid":"1", "tid":"wrtComp_05"},
{"name":"wrt_run", "ph":"E", "ts":"7451980169", "pid":"1", "tid":"wrtComp_05"},
{"name":"wrt_run", "ph":"B", "ts":"7909709028", "pid":"1", "tid":"wrtComp_05"},
{"name":"wrt_run", "ph":"E", "ts":"8133438166", "pid":"1", "tid":"wrtComp_05"},
{"name":"wrt_run", "ph":"B", "ts":"8460057997", "pid":"1", "tid":"wrtComp_05"},
{"name":"wrt_run", "ph":"E", "ts":"8532272212", "pid":"1", "tid":"wrtComp_05"},
{"name":"wrt_run", "ph":"B", "ts":"8989090469", "pid":"1", "tid":"wrtComp_05"},
{"name":"wrt_run", "ph":"E", "ts":"9069836700", "pid":"1", "tid":"wrtComp_05"},
{"name":"wrt_run", "ph":"B", "ts":"9544681597", "pid":"1", "tid":"wrtComp_05"},
{"name":"wrt_run", "ph":"E", "ts":"9811786619", "pid":"1", "tid":"wrtComp_05"},
{"name":"wrt_run", "ph":"B", "ts":"10182746150", "pid":"1", "tid":"wrtComp_05"},
{"name":"wrt_run", "ph":"E", "ts":"10296235605", "pid":"1", "tid":"wrtComp_05"},
{"name":"wrt_run", "ph":"B", "ts":"10750309522", "pid":"1", "tid":"wrtComp_05"},
{"name":"wrt_run", "ph":"E", "ts":"10845695565", "pid":"1", "tid":"wrtComp_05"},
{"name":"wrt_finalize", "ph":"B", "ts":"10845936518", "pid":"1", "tid":"wrtComp_05"},
{"name":"wrt_finalize", "ph":"E", "ts":"10846062487", "pid":"1", "tid":"wrtComp_05"},
