{"name":"SetServices", "ph":"B", "ts":"2221961195", "pid":"1", "tid":"wrtComp_02"},
{"name":"SetServices", "ph":"E", "ts":"2221962881", "pid":"1", "tid":"wrtComp_02"},
{"name":"wrt_initialize_p1", "ph":"B", "ts":"2221963242", "pid":"1", "tid":"wrtComp_02"},
{"name":"wrt_initialize_p1", "ph":"E", "ts":"2222599445", "pid":"1", "tid":"wrtComp_02"},
{"name":"wrt_run", "ph":"B", "ts":"2429303412", "pid":"1", "tid":"wrtComp_02"},
{"name":"wrt_run", "ph":"E", "ts":"2497145881", "pid":"1", "tid":"wrtComp_02"},
{"name":"wrt_run", "ph":"B", "ts":"2587099653", "pid":"1", "tid":"wrtComp_02"},
{"name":"wrt_run", "ph":"E", "ts":"2652309429", "pid":"1", "tid":"wrtComp_02"},
{"name":"wrt_run", "ph":"B", "ts":"2748835912", "pid":"1", "tid":"wrtComp_02"},
{"name":"wrt_run", "ph":"E", "ts":"2817604626", "pid":"1", "tid":"wrtComp_02"},
{"name":"wrt_run", "ph":"B", "ts":"2922864498", "pid":"1", "tid":"wrtComp_02"},
{"name":"wrt_run", "ph":"E", "ts":"2987388757", "pid":"1", "tid":"wrtComp_02"},
{"name":"wrt_run", "ph":"B", "ts":"3085169986", "pid":"1", "tid":"wrtComp_02"},
{"name":"wrt_run", "ph":"E", "ts":"3154380658", "pid":"1", "tid":"wrtComp_02"},
{"name":"wrt_run", "ph":"B", "ts":"3280193683", "pid":"1", "tid":"wrtComp_02"},
{"name":"wrt_run", "ph":"E", "ts":"3349834752", "pid":"1", "tid":"wrtComp_02"},
{"name":"wrt_run", "ph":"B", "ts":"3445288032", "pid":"1", "tid":"wrtComp_02"},
{"name":"wrt_run", "ph":"E", "ts":"3517293726", "pid":"1", "tid":"wrtComp_02"},
{"name":"wrt_run", "ph":"B", "ts":"3607133953", "pid":"1", "tid":"wrtComp_02"},
{"name":"wrt_run", "ph":"E", "ts":"3677797151", "pid":"1", "tid":"wrtComp_02"},
{"name":"wrt_run", "ph":"B", "ts":"3767556756", "pid":"1", "tid":"wrtComp_02"},
{"name":"wrt_run", "ph":"E", "ts":"3859564156", "pid":"1", "tid":"wrtComp_02"},
{"name":"wrt_run", "ph":"B", "ts":"3970602195", "pid":"1", "tid":"wrtComp_02"},
{"name":"wrt_run", "ph":"E", "ts":"4040380733", "pid":"1", "tid":"wrtComp_02"},
{"name":"wrt_run", "ph":"B", "ts":"4133975115", "pid":"1", "tid":"wrtComp_02"},
{"name":"wrt_run", "ph":"E", "ts":"4199759481", "pid":"1", "tid":"wrtComp_02"},
{"name":"wrt_run", "ph":"B", "ts":"4305626839", "pid":"1", "tid":"wrtComp_02"},
{"name":"wrt_run", "ph":"E", "ts":"4406351658", "pid":"1", "tid":"wrtComp_02"},
{"name":"wrt_run", "ph":"B", "ts":"4475509097", "pid":"1", "tid":"wrtComp_02"},
{"name":"wrt_run", "ph":"E", "ts":"4539295252", "pid":"1", "tid":"wrtComp_02"},
{"name":"wrt_run", "ph":"B", "ts":"4641221043", "pid":"1", "tid":"wrtComp_02"},
{"name":"wrt_run", "ph":"E", "ts":"4714005778", "pid":"1", "tid":"wrtComp_02"},
{"name":"wrt_run", "ph":"B", "ts":"4847018390", "pid":"1", "tid":"wrtComp_02"},
{"name":"wrt_run", "ph":"E", "ts":"4913479054", "pid":"1", "tid":"wrtComp_02"},
{"name":"wrt_run", "ph":"B", "ts":"5052647184", "pid":"1", "tid":"wrtComp_02"},
{"name":"wrt_run", "ph":"E", "ts":"5115344434", "pid":"1", "tid":"wrtComp_02"},
{"name":"wrt_run", "ph":"B", "ts":"5574241117", "pid":"1", "tid":"wrtComp_02"},
{"name":"wrt_run", "ph":"E", "ts":"5638683140", "pid":"1", "tid":"wrtComp_02"},
{"name":"wrt_run", "ph":"B", "ts":"6132812083", "pid":"1", "tid":"wrtComp_02"},
{"name":"wrt_run", "ph":"E", "ts":"6209310188", "pid":"1", "tid":"wrtComp_02"},
{"name":"wrt_run", "ph":"B", "ts":"6660846684", "pid":"1", "tid":"wrtComp_02"},
{"name":"wrt_run", "ph":"E", "ts":"6732755834", "pid":"1", "tid":"wrtComp_02"},
{"name":"wrt_run", "ph":"B", "ts":"7190653333", "pid":"1", "tid":"wrtComp_02"},
{"name":"wrt_run", "ph":"E", "ts":"7258832163", "pid":"1", "tid":"wrtComp_02"},
{"name":"wrt_run", "ph":"B", "ts":"7715400100", "pid":"1", "tid":"wrtComp_02"},
{"name":"wrt_run", "ph":"E", "ts":"7799154259", "pid":"1", "tid":"wrtComp_02"},
{"name":"wrt_run", "ph":"B", "ts":"8269049095", "pid":"1", "tid":"wrtComp_02"},
{"name":"wrt_run", "ph":"E", "ts":"8368675429", "pid":"1", "tid":"wrtComp_02"},
{"name":"wrt_run", "ph":"B", "ts":"8802178684", "pid":"1", "tid":"wrtComp_02"},
{"name":"wrt_run", "ph":"E", "ts":"8925968902", "pid":"1", "tid":"wrtComp_02"},
{"name":"wrt_run", "ph":"B", "ts":"9325907082", "pid":"1", "tid":"wrtComp_02"},
{"name":"wrt_run", "ph":"E", "ts":"9418382678", "pid":"1", "tid":"wrtComp_02"},
{"name":"wrt_run", "ph":"B", "ts":"9993931190", "pid":"1", "tid":"wrtComp_02"},
{"name":"wrt_run", "ph":"E", "ts":"10115014929", "pid":"1", "tid":"wrtComp_02"},
{"name":"wrt_run", "ph":"B", "ts":"10560308137", "pid":"1", "tid":"wrtComp_02"},
{"name":"wrt_run", "ph":"E", "ts":"10663399845", "pid":"1", "tid":"wrtComp_02"},
{"name":"wrt_finalize", "ph":"B", "ts":"10663768484", "pid":"1", "tid":"wrtComp_02"},
{"name":"wrt_finalize", "ph":"E", "ts":"10663939379", "pid":"1", "tid":"wrtComp_02"},
