{"name":"SetServices", "ph":"B", "ts":"2186203593", "pid":"1", "tid":"wrtComp_01"},
{"name":"SetServices", "ph":"E", "ts":"2186204555", "pid":"1", "tid":"wrtComp_01"},
{"name":"wrt_initialize_p1", "ph":"B", "ts":"2186205153", "pid":"1", "tid":"wrtComp_01"},
{"name":"wrt_initialize_p1", "ph":"E", "ts":"2186799177", "pid":"1", "tid":"wrtComp_01"},
{"name":"wrt_run", "ph":"B", "ts":"2410447279", "pid":"1", "tid":"wrtComp_01"},
{"name":"wrt_run", "ph":"E", "ts":"2479735553", "pid":"1", "tid":"wrtComp_01"},
{"name":"wrt_run", "ph":"B", "ts":"2568446037", "pid":"1", "tid":"wrtComp_01"},
{"name":"wrt_run", "ph":"E", "ts":"2630439709", "pid":"1", "tid":"wrtComp_01"},
{"name":"wrt_run", "ph":"B", "ts":"2729325997", "pid":"1", "tid":"wrtComp_01"},
{"name":"wrt_run", "ph":"E", "ts":"2795853067", "pid":"1", "tid":"wrtComp_01"},
{"name":"wrt_run", "ph":"B", "ts":"2899465538", "pid":"1", "tid":"wrtComp_01"},
{"name":"wrt_run", "ph":"E", "ts":"2964468551", "pid":"1", "tid":"wrtComp_01"},
{"name":"wrt_run", "ph":"B", "ts":"3064474519", "pid":"1", "tid":"wrtComp_01"},
{"name":"wrt_run", "ph":"E", "ts":"3130052654", "pid":"1", "tid":"wrtComp_01"},
{"name":"wrt_run", "ph":"B", "ts":"3259772227", "pid":"1", "tid":"wrtComp_01"},
{"name":"wrt_run", "ph":"E", "ts":"3327000949", "pid":"1", "tid":"wrtComp_01"},
{"name":"wrt_run", "ph":"B", "ts":"3422118834", "pid":"1", "tid":"wrtComp_01"},
{"name":"wrt_run", "ph":"E", "ts":"3488519157", "pid":"1", "tid":"wrtComp_01"},
{"name":"wrt_run", "ph":"B", "ts":"3587732010", "pid":"1", "tid":"wrtComp_01"},
{"name":"wrt_run", "ph":"E", "ts":"3653380106", "pid":"1", "tid":"wrtComp_01"},
{"name":"wrt_run", "ph":"B", "ts":"3748302168", "pid":"1", "tid":"wrtComp_01"},
{"name":"wrt_run", "ph":"E", "ts":"3819198888", "pid":"1", "tid":"wrtComp_01"},
{"name":"wrt_run", "ph":"B", "ts":"3920493756", "pid":"1", "tid":"wrtComp_01"},
{"name":"wrt_run", "ph":"E", "ts":"4062526022", "pid":"1", "tid":"wrtComp_01"},
{"name":"wrt_run", "ph":"B", "ts":"4113377372", "pid":"1", "tid":"wrtComp_01"},
{"name":"wrt_run", "ph":"E", "ts":"4177471586", "pid":"1", "tid":"wrtComp_01"},
{"name":"wrt_run", "ph":"B", "ts":"4285306032", "pid":"1", "tid":"wrtComp_01"},
{"name":"wrt_run", "ph":"E", "ts":"4383548955", "pid":"1", "tid":"wrtComp_01"},
{"name":"wrt_run", "ph":"B", "ts":"4452518598", "pid":"1", "tid":"wrtComp_01"},
{"name":"wrt_run", "ph":"E", "ts":"4520584021", "pid":"1", "tid":"wrtComp_01"},
{"name":"wrt_run", "ph":"B", "ts":"4620799724", "pid":"1", "tid":"wrtComp_01"},
{"name":"wrt_run", "ph":"E", "ts":"4688587706", "pid":"1", "tid":"wrtComp_01"},
{"name":"wrt_run", "ph":"B", "ts":"4825136688", "pid":"1", "tid":"wrtComp_01"},
{"name":"wrt_run", "ph":"E", "ts":"4891377829", "pid":"1", "tid":"wrtComp_01"},
{"name":"wrt_run", "ph":"B", "ts":"4992167712", "pid":"1", "tid":"wrtComp_01"},
{"name":"wrt_run", "ph":"E", "ts":"5057799057", "pid":"1", "tid":"wrtComp_01"},
{"name":"wrt_run", "ph":"B", "ts":"5475524451", "pid":"1", "tid":"wrtComp_01"},
{"name":"wrt_run", "ph":"E", "ts":"5646609221", "pid":"1", "tid":"wrtComp_01"},
{"name":"wrt_run", "ph":"B", "ts":"6070670260", "pid":"1", "tid":"wrtComp_01"},
{"name":"wrt_run", "ph":"E", "ts":"6145453119", "pid":"1", "tid":"wrtComp_01"},
{"name":"wrt_run", "ph":"B", "ts":"6599674125", "pid":"1", "tid":"wrtComp_01"},
{"name":"wrt_run", "ph":"E", "ts":"6673778557", "pid":"1", "tid":"wrtComp_01"},
{"name":"wrt_run", "ph":"B", "ts":"7091631062", "pid":"1", "tid":"wrtComp_01"},
{"name":"wrt_run", "ph":"E", "ts":"7265183349", "pid":"1", "tid":"wrtComp_01"},
{"name":"wrt_run", "ph":"B", "ts":"7646709215", "pid":"1", "tid":"wrtComp_01"},
{"name":"wrt_run", "ph":"E", "ts":"7737066814", "pid":"1", "tid":"wrtComp_01"},
{"name":"wrt_run", "ph":"B", "ts":"8198317899", "pid":"1", "tid":"wrtComp_01"},
{"name":"wrt_run", "ph":"E", "ts":"8310546878", "pid":"1", "tid":"wrtComp_01"},
{"name":"wrt_run", "ph":"B", "ts":"8709614555", "pid":"1", "tid":"wrtComp_01"},
{"name":"wrt_run", "ph":"E", "ts":"8893438905", "pid":"1", "tid":"wrtComp_01"},
{"name":"wrt_run", "ph":"B", "ts":"9260738651", "pid":"1", "tid":"wrtComp_01"},
{"name":"wrt_run", "ph":"E", "ts":"9338411572", "pid":"1", "tid":"wrtComp_01"},
{"name":"wrt_run", "ph":"B", "ts":"9933128490", "pid":"1", "tid":"wrtComp_01"},
{"name":"wrt_run", "ph":"E", "ts":"10081992915", "pid":"1", "tid":"wrtComp_01"},
{"name":"wrt_run", "ph":"B", "ts":"10441002660", "pid":"1", "tid":"wrtComp_01"},
{"name":"wrt_run", "ph":"E", "ts":"10700811075", "pid":"1", "tid":"wrtComp_01"},
{"name":"wrt_run", "ph":"B", "ts":"11023645550", "pid":"1", "tid":"wrtComp_01"},
{"name":"wrt_run", "ph":"E", "ts":"11103533502", "pid":"1", "tid":"wrtComp_01"},
{"name":"wrt_finalize", "ph":"B", "ts":"11103537223", "pid":"1", "tid":"wrtComp_01"},
{"name":"wrt_finalize", "ph":"E", "ts":"11103591710", "pid":"1", "tid":"wrtComp_01"},
