{"name":"SetServices", "ph":"B", "ts":"2648485530", "pid":"1", "tid":"wrtComp_02"},
{"name":"SetServices", "ph":"E", "ts":"2648615295", "pid":"1", "tid":"wrtComp_02"},
{"name":"wrt_initialize_p1", "ph":"B", "ts":"2648615643", "pid":"1", "tid":"wrtComp_02"},
{"name":"wrt_initialize_p1", "ph":"E", "ts":"2649135602", "pid":"1", "tid":"wrtComp_02"},
{"name":"wrt_run", "ph":"B", "ts":"2870843669", "pid":"1", "tid":"wrtComp_02"},
{"name":"wrt_run", "ph":"E", "ts":"2935961772", "pid":"1", "tid":"wrtComp_02"},
{"name":"wrt_run", "ph":"B", "ts":"3100228133", "pid":"1", "tid":"wrtComp_02"},
{"name":"wrt_run", "ph":"E", "ts":"3174142989", "pid":"1", "tid":"wrtComp_02"},
{"name":"wrt_run", "ph":"B", "ts":"3325083173", "pid":"1", "tid":"wrtComp_02"},
{"name":"wrt_run", "ph":"E", "ts":"3387751170", "pid":"1", "tid":"wrtComp_02"},
{"name":"wrt_run", "ph":"B", "ts":"3563080032", "pid":"1", "tid":"wrtComp_02"},
{"name":"wrt_run", "ph":"E", "ts":"3626167175", "pid":"1", "tid":"wrtComp_02"},
{"name":"wrt_run", "ph":"B", "ts":"3789931413", "pid":"1", "tid":"wrtComp_02"},
{"name":"wrt_run", "ph":"E", "ts":"3851963289", "pid":"1", "tid":"wrtComp_02"},
{"name":"wrt_run", "ph":"B", "ts":"4034638691", "pid":"1", "tid":"wrtComp_02"},
{"name":"wrt_run", "ph":"E", "ts":"4098237840", "pid":"1", "tid":"wrtComp_02"},
{"name":"wrt_run", "ph":"B", "ts":"4255209664", "pid":"1", "tid":"wrtComp_02"},
{"name":"wrt_run", "ph":"E", "ts":"4317608358", "pid":"1", "tid":"wrtComp_02"},
{"name":"wrt_run", "ph":"B", "ts":"4473665845", "pid":"1", "tid":"wrtComp_02"},
{"name":"wrt_run", "ph":"E", "ts":"4535108883", "pid":"1", "tid":"wrtComp_02"},
{"name":"wrt_run", "ph":"B", "ts":"4693970010", "pid":"1", "tid":"wrtComp_02"},
{"name":"wrt_run", "ph":"E", "ts":"4762426033", "pid":"1", "tid":"wrtComp_02"},
{"name":"wrt_run", "ph":"B", "ts":"4940697968", "pid":"1", "tid":"wrtComp_02"},
{"name":"wrt_run", "ph":"E", "ts":"5001518432", "pid":"1", "tid":"wrtComp_02"},
{"name":"wrt_run", "ph":"B", "ts":"5167225570", "pid":"1", "tid":"wrtComp_02"},
{"name":"wrt_run", "ph":"E", "ts":"5231766351", "pid":"1", "tid":"wrtComp_02"},
{"name":"wrt_run", "ph":"B", "ts":"5391317338", "pid":"1", "tid":"wrtComp_02"},
{"name":"wrt_run", "ph":"E", "ts":"5456171864", "pid":"1", "tid":"wrtComp_02"},
{"name":"wrt_run", "ph":"B", "ts":"5610538839", "pid":"1", "tid":"wrtComp_02"},
{"name":"wrt_run", "ph":"E", "ts":"5674422890", "pid":"1", "tid":"wrtComp_02"},
{"name":"wrt_run", "ph":"B", "ts":"5833303517", "pid":"1", "tid":"wrtComp_02"},
{"name":"wrt_run", "ph":"E", "ts":"5896624827", "pid":"1", "tid":"wrtComp_02"},
{"name":"wrt_run", "ph":"B", "ts":"6072257156", "pid":"1", "tid":"wrtComp_02"},
{"name":"wrt_run", "ph":"E", "ts":"6137103234", "pid":"1", "tid":"wrtComp_02"},
{"name":"wrt_run", "ph":"B", "ts":"6356196602", "pid":"1", "tid":"wrtComp_02"},
{"name":"wrt_run", "ph":"E", "ts":"6419533318", "pid":"1", "tid":"wrtComp_02"},
{"name":"wrt_run", "ph":"B", "ts":"7066751138", "pid":"1", "tid":"wrtComp_02"},
{"name":"wrt_run", "ph":"E", "ts":"7128456357", "pid":"1", "tid":"wrtComp_02"},
{"name":"wrt_run", "ph":"B", "ts":"7707366532", "pid":"1", "tid":"wrtComp_02"},
{"name":"wrt_run", "ph":"E", "ts":"7772118461", "pid":"1", "tid":"wrtComp_02"},
{"name":"wrt_run", "ph":"B", "ts":"8371539640", "pid":"1", "tid":"wrtComp_02"},
{"name":"wrt_run", "ph":"E", "ts":"8434645948", "pid":"1", "tid":"wrtComp_02"},
{"name":"wrt_run", "ph":"B", "ts":"9030126821", "pid":"1", "tid":"wrtComp_02"},
{"name":"wrt_run", "ph":"E", "ts":"9095323530", "pid":"1", "tid":"wrtComp_02"},
{"name":"wrt_run", "ph":"B", "ts":"9674601522", "pid":"1", "tid":"wrtComp_02"},
{"name":"wrt_run", "ph":"E", "ts":"9736897078", "pid":"1", "tid":"wrtComp_02"},
{"name":"wrt_run", "ph":"B", "ts":"10356758922", "pid":"1", "tid":"wrtComp_02"},
{"name":"wrt_run", "ph":"E", "ts":"10418364413", "pid":"1", "tid":"wrtComp_02"},
{"name":"wrt_run", "ph":"B", "ts":"11030185031", "pid":"1", "tid":"wrtComp_02"},
{"name":"wrt_run", "ph":"E", "ts":"11092089112", "pid":"1", "tid":"wrtComp_02"},
{"name":"wrt_run", "ph":"B", "ts":"11657086723", "pid":"1", "tid":"wrtComp_02"},
{"name":"wrt_run", "ph":"E", "ts":"11723151890", "pid":"1", "tid":"wrtComp_02"},
{"name":"wrt_run", "ph":"B", "ts":"12350515662", "pid":"1", "tid":"wrtComp_02"},
{"name":"wrt_run", "ph":"E", "ts":"12412462455", "pid":"1", "tid":"wrtComp_02"},
{"name":"wrt_run", "ph":"B", "ts":"13018167565", "pid":"1", "tid":"wrtComp_02"},
{"name":"wrt_run", "ph":"E", "ts":"13082030552", "pid":"1", "tid":"wrtComp_02"},
{"name":"wrt_finalize", "ph":"B", "ts":"13082407771", "pid":"1", "tid":"wrtComp_02"},
{"name":"wrt_finalize", "ph":"E", "ts":"13082535547", "pid":"1", "tid":"wrtComp_02"},
