{"name":"SetServices", "ph":"B", "ts":"2195066844", "pid":"1", "tid":"cice"},
{"name":"SetServices", "ph":"E", "ts":"2195068605", "pid":"1", "tid":"cice"},
{"name":"InitializeP0", "ph":"B", "ts":"2195116932", "pid":"1", "tid":"cice"},
{"name":"InitializeP0", "ph":"E", "ts":"2195117046", "pid":"1", "tid":"cice"},
{"name":"InitializeAdvertise", "ph":"B", "ts":"2198798816", "pid":"1", "tid":"cice"},
{"name":"InitializeAdvertise", "ph":"E", "ts":"2204001905", "pid":"1", "tid":"cice"},
{"name":"InitializeRealize", "ph":"B", "ts":"2319310701", "pid":"1", "tid":"cice"},
{"name":"InitializeRealize", "ph":"E", "ts":"2328977286", "pid":"1", "tid":"cice"},
{"name":"ModelAdvance", "ph":"B", "ts":"2408760146", "pid":"1", "tid":"cice"},
{"name":"ModelAdvance", "ph":"E", "ts":"2411423607", "pid":"1", "tid":"cice"},
{"name":"ModelAdvance", "ph":"B", "ts":"2426159035", "pid":"1", "tid":"cice"},
{"name":"ModelAdvance", "ph":"E", "ts":"2428624201", "pid":"1", "tid":"cice"},
{"name":"ModelAdvance", "ph":"B", "ts":"2429046551", "pid":"1", "tid":"cice"},
{"name":"ModelAdvance", "ph":"E", "ts":"2431493892", "pid":"1", "tid":"cice"},
{"name":"ModelAdvance", "ph":"B", "ts":"2431880168", "pid":"1", "tid":"cice"},
{"name":"ModelAdvance", "ph":"E", "ts":"2434362374", "pid":"1", "tid":"cice"},
{"name":"ModelAdvance", "ph":"B", "ts":"2434769353", "pid":"1", "tid":"cice"},
{"name":"ModelAdvance", "ph":"E", "ts":"2437205709", "pid":"1", "tid":"cice"},
{"name":"ModelAdvance", "ph":"B", "ts":"2437573339", "pid":"1", "tid":"cice"},
{"name":"ModelAdvance", "ph":"E", "ts":"2440051795", "pid":"1", "tid":"cice"},
{"name":"ModelAdvance", "ph":"B", "ts":"2440447974", "pid":"1", "tid":"cice"},
{"name":"ModelAdvance", "ph":"E", "ts":"2442907655", "pid":"1", "tid":"cice"},
{"name":"ModelAdvance", "ph":"B", "ts":"2443313587", "pid":"1", "tid":"cice"},
{"name":"ModelAdvance", "ph":"E", "ts":"2445750738", "pid":"1", "tid":"cice"},
{"name":"ModelAdvance", "ph":"B", "ts":"2446162158", "pid":"1", "tid":"cice"},
{"name":"ModelAdvance", "ph":"E", "ts":"2448593302", "pid":"1", "tid":"cice"},
{"name":"ModelAdvance", "ph":"B", "ts":"2448941232", "pid":"1", "tid":"cice"},
{"name":"ModelAdvance", "ph":"E", "ts":"2451439065", "pid":"1", "tid":"cice"},
{"name":"ModelAdvance", "ph":"B", "ts":"2451809711", "pid":"1", "tid":"cice"},
{"name":"ModelAdvance", "ph":"E", "ts":"2454294145", "pid":"1", "tid":"cice"},
{"name":"ModelAdvance", "ph":"B", "ts":"2454642140", "pid":"1", "tid":"cice"},
{"name":"ModelAdvance", "ph":"E", "ts":"2457152665", "pid":"1", "tid":"cice"},
{"name":"ModelAdvance", "ph":"B", "ts":"2457748281", "pid":"1", "tid":"cice"},
{"name":"ModelAdvance", "ph":"E", "ts":"2460304927", "pid":"1", "tid":"cice"},
{"name":"ModelAdvance", "ph":"B", "ts":"2460682167", "pid":"1", "tid":"cice"},
{"name":"ModelAdvance", "ph":"E", "ts":"2463171758", "pid":"1", "tid":"cice"},
{"name":"ModelAdvance", "ph":"B", "ts":"2463571413", "pid":"1", "tid":"cice"},
{"name":"ModelAdvance", "ph":"E", "ts":"2466104594", "pid":"1", "tid":"cice"},
{"name":"ModelAdvance", "ph":"B", "ts":"2466421690", "pid":"1", "tid":"cice"},
{"name":"ModelAdvance", "ph":"E", "ts":"2468916565", "pid":"1", "tid":"cice"},
{"name":"ModelAdvance", "ph":"B", "ts":"2469304455", "pid":"1", "tid":"cice"},
{"name":"ModelAdvance", "ph":"E", "ts":"2471785785", "pid":"1", "tid":"cice"},
{"name":"ModelAdvance", "ph":"B", "ts":"2472155446", "pid":"1", "tid":"cice"},
{"name":"ModelAdvance", "ph":"E", "ts":"2474626420", "pid":"1", "tid":"cice"},
{"name":"ModelAdvance", "ph":"B", "ts":"2475006335", "pid":"1", "tid":"cice"},
{"name":"ModelAdvance", "ph":"E", "ts":"2477486326", "pid":"1", "tid":"cice"},
{"name":"ModelAdvance", "ph":"B", "ts":"2477891995", "pid":"1", "tid":"cice"},
{"name":"ModelAdvance", "ph":"E", "ts":"2480351845", "pid":"1", "tid":"cice"},
{"name":"ModelAdvance", "ph":"B", "ts":"2480753613", "pid":"1", "tid":"cice"},
{"name":"ModelAdvance", "ph":"E", "ts":"2483217281", "pid":"1", "tid":"cice"},
{"name":"ModelAdvance", "ph":"B", "ts":"2483581174", "pid":"1", "tid":"cice"},
{"name":"ModelAdvance", "ph":"E", "ts":"2486070878", "pid":"1", "tid":"cice"},
{"name":"ModelAdvance", "ph":"B", "ts":"2486429113", "pid":"1", "tid":"cice"},
{"name":"ModelAdvance", "ph":"E", "ts":"2488929416", "pid":"1", "tid":"cice"},
{"name":"ModelAdvance", "ph":"B", "ts":"2489342309", "pid":"1", "tid":"cice"},
{"name":"ModelAdvance", "ph":"E", "ts":"2491796987", "pid":"1", "tid":"cice"},
{"name":"ModelAdvance", "ph":"B", "ts":"2492262882", "pid":"1", "tid":"cice"},
{"name":"ModelAdvance", "ph":"E", "ts":"2494757436", "pid":"1", "tid":"cice"},
{"name":"ModelAdvance", "ph":"B", "ts":"2497392888", "pid":"1", "tid":"cice"},
{"name":"ModelAdvance", "ph":"E", "ts":"2499929775", "pid":"1", "tid":"cice"},
{"name":"ModelAdvance", "ph":"B", "ts":"2500255720", "pid":"1", "tid":"cice"},
{"name":"ModelAdvance", "ph":"E", "ts":"2502782793", "pid":"1", "tid":"cice"},
{"name":"ModelAdvance", "ph":"B", "ts":"2503185703", "pid":"1", "tid":"cice"},
{"name":"ModelAdvance", "ph":"E", "ts":"2505645598", "pid":"1", "tid":"cice"},
{"name":"ModelAdvance", "ph":"B", "ts":"2506000633", "pid":"1", "tid":"cice"},
{"name":"ModelAdvance", "ph":"E", "ts":"2508476651", "pid":"1", "tid":"cice"},
{"name":"ModelAdvance", "ph":"B", "ts":"2508868499", "pid":"1", "tid":"cice"},
{"name":"ModelAdvance", "ph":"E", "ts":"2511297781", "pid":"1", "tid":"cice"},
{"name":"ModelAdvance", "ph":"B", "ts":"2511686669", "pid":"1", "tid":"cice"},
{"name":"ModelAdvance", "ph":"E", "ts":"2514096647", "pid":"1", "tid":"cice"},
{"name":"ModelAdvance", "ph":"B", "ts":"2514448489", "pid":"1", "tid":"cice"},
{"name":"ModelAdvance", "ph":"E", "ts":"2516884687", "pid":"1", "tid":"cice"},
{"name":"ModelAdvance", "ph":"B", "ts":"2517297704", "pid":"1", "tid":"cice"},
{"name":"ModelAdvance", "ph":"E", "ts":"2519748329", "pid":"1", "tid":"cice"},
{"name":"ModelAdvance", "ph":"B", "ts":"2520149606", "pid":"1", "tid":"cice"},
{"name":"ModelAdvance", "ph":"E", "ts":"2522612346", "pid":"1", "tid":"cice"},
{"name":"ModelAdvance", "ph":"B", "ts":"2523057855", "pid":"1", "tid":"cice"},
{"name":"ModelAdvance", "ph":"E", "ts":"2525479948", "pid":"1", "tid":"cice"},
{"name":"ModelAdvance", "ph":"B", "ts":"2525864527", "pid":"1", "tid":"cice"},
{"name":"ModelAdvance", "ph":"E", "ts":"2528349999", "pid":"1", "tid":"cice"},
{"name":"ModelAdvance", "ph":"B", "ts":"2528741201", "pid":"1", "tid":"cice"},
{"name":"ModelAdvance", "ph":"E", "ts":"2531349344", "pid":"1", "tid":"cice"},
{"name":"ModelAdvance", "ph":"B", "ts":"2531694430", "pid":"1", "tid":"cice"},
{"name":"ModelAdvance", "ph":"E", "ts":"2534192088", "pid":"1", "tid":"cice"},
{"name":"ModelAdvance", "ph":"B", "ts":"2534622607", "pid":"1", "tid":"cice"},
{"name":"ModelAdvance", "ph":"E", "ts":"2537119598", "pid":"1", "tid":"cice"},
{"name":"ModelAdvance", "ph":"B", "ts":"2537454247", "pid":"1", "tid":"cice"},
{"name":"ModelAdvance", "ph":"E", "ts":"2539960120", "pid":"1", "tid":"cice"},
{"name":"ModelAdvance", "ph":"B", "ts":"2540375484", "pid":"1", "tid":"cice"},
{"name":"ModelAdvance", "ph":"E", "ts":"2542845148", "pid":"1", "tid":"cice"},
{"name":"ModelAdvance", "ph":"B", "ts":"2543247147", "pid":"1", "tid":"cice"},
{"name":"ModelAdvance", "ph":"E", "ts":"2545676759", "pid":"1", "tid":"cice"},
{"name":"ModelAdvance", "ph":"B", "ts":"2546081905", "pid":"1", "tid":"cice"},
{"name":"ModelAdvance", "ph":"E", "ts":"2548542009", "pid":"1", "tid":"cice"},
{"name":"ModelAdvance", "ph":"B", "ts":"2548958465", "pid":"1", "tid":"cice"},
{"name":"ModelAdvance", "ph":"E", "ts":"2551388563", "pid":"1", "tid":"cice"},
{"name":"ModelAdvance", "ph":"B", "ts":"2551795702", "pid":"1", "tid":"cice"},
{"name":"ModelAdvance", "ph":"E", "ts":"2554278848", "pid":"1", "tid":"cice"},
{"name":"ModelAdvance", "ph":"B", "ts":"2554708173", "pid":"1", "tid":"cice"},
{"name":"ModelAdvance", "ph":"E", "ts":"2557174957", "pid":"1", "tid":"cice"},
{"name":"ModelAdvance", "ph":"B", "ts":"2557590346", "pid":"1", "tid":"cice"},
{"name":"ModelAdvance", "ph":"E", "ts":"2560045141", "pid":"1", "tid":"cice"},
{"name":"ModelAdvance", "ph":"B", "ts":"2560449152", "pid":"1", "tid":"cice"},
{"name":"ModelAdvance", "ph":"E", "ts":"2562925421", "pid":"1", "tid":"cice"},
{"name":"ModelAdvance", "ph":"B", "ts":"2563353946", "pid":"1", "tid":"cice"},
{"name":"ModelAdvance", "ph":"E", "ts":"2565846412", "pid":"1", "tid":"cice"},
{"name":"ModelAdvance", "ph":"B", "ts":"2568485176", "pid":"1", "tid":"cice"},
{"name":"ModelAdvance", "ph":"E", "ts":"2571051705", "pid":"1", "tid":"cice"},
{"name":"ModelAdvance", "ph":"B", "ts":"2571422652", "pid":"1", "tid":"cice"},
{"name":"ModelAdvance", "ph":"E", "ts":"2573920802", "pid":"1", "tid":"cice"},
{"name":"ModelAdvance", "ph":"B", "ts":"2574313238", "pid":"1", "tid":"cice"},
{"name":"ModelAdvance", "ph":"E", "ts":"2576805148", "pid":"1", "tid":"cice"},
{"name":"ModelAdvance", "ph":"B", "ts":"2577191319", "pid":"1", "tid":"cice"},
{"name":"ModelAdvance", "ph":"E", "ts":"2579648230", "pid":"1", "tid":"cice"},
{"name":"ModelAdvance", "ph":"B", "ts":"2580030841", "pid":"1", "tid":"cice"},
{"name":"ModelAdvance", "ph":"E", "ts":"2582483793", "pid":"1", "tid":"cice"},
{"name":"ModelAdvance", "ph":"B", "ts":"2582860949", "pid":"1", "tid":"cice"},
{"name":"ModelAdvance", "ph":"E", "ts":"2585305645", "pid":"1", "tid":"cice"},
{"name":"ModelAdvance", "ph":"B", "ts":"2585708085", "pid":"1", "tid":"cice"},
{"name":"ModelAdvance", "ph":"E", "ts":"2588131478", "pid":"1", "tid":"cice"},
{"name":"ModelAdvance", "ph":"B", "ts":"2588517434", "pid":"1", "tid":"cice"},
{"name":"ModelAdvance", "ph":"E", "ts":"2590974936", "pid":"1", "tid":"cice"},
{"name":"ModelAdvance", "ph":"B", "ts":"2591350583", "pid":"1", "tid":"cice"},
{"name":"ModelAdvance", "ph":"E", "ts":"2593851937", "pid":"1", "tid":"cice"},
{"name":"ModelAdvance", "ph":"B", "ts":"2594227999", "pid":"1", "tid":"cice"},
{"name":"ModelAdvance", "ph":"E", "ts":"2596723735", "pid":"1", "tid":"cice"},
{"name":"ModelAdvance", "ph":"B", "ts":"2597117075", "pid":"1", "tid":"cice"},
{"name":"ModelAdvance", "ph":"E", "ts":"2599605059", "pid":"1", "tid":"cice"},
{"name":"ModelAdvance", "ph":"B", "ts":"2600048007", "pid":"1", "tid":"cice"},
{"name":"ModelAdvance", "ph":"E", "ts":"2602531295", "pid":"1", "tid":"cice"},
{"name":"ModelAdvance", "ph":"B", "ts":"2602923135", "pid":"1", "tid":"cice"},
{"name":"ModelAdvance", "ph":"E", "ts":"2605425492", "pid":"1", "tid":"cice"},
{"name":"ModelAdvance", "ph":"B", "ts":"2605795333", "pid":"1", "tid":"cice"},
{"name":"ModelAdvance", "ph":"E", "ts":"2608334896", "pid":"1", "tid":"cice"},
{"name":"ModelAdvance", "ph":"B", "ts":"2608675363", "pid":"1", "tid":"cice"},
{"name":"ModelAdvance", "ph":"E", "ts":"2611178736", "pid":"1", "tid":"cice"},
{"name":"ModelAdvance", "ph":"B", "ts":"2611589959", "pid":"1", "tid":"cice"},
{"name":"ModelAdvance", "ph":"E", "ts":"2614066042", "pid":"1", "tid":"cice"},
{"name":"ModelAdvance", "ph":"B", "ts":"2614505757", "pid":"1", "tid":"cice"},
{"name":"ModelAdvance", "ph":"E", "ts":"2616912971", "pid":"1", "tid":"cice"},
{"name":"ModelAdvance", "ph":"B", "ts":"2617334030", "pid":"1", "tid":"cice"},
{"name":"ModelAdvance", "ph":"E", "ts":"2619781743", "pid":"1", "tid":"cice"},
{"name":"ModelAdvance", "ph":"B", "ts":"2620220263", "pid":"1", "tid":"cice"},
{"name":"ModelAdvance", "ph":"E", "ts":"2622661861", "pid":"1", "tid":"cice"},
{"name":"ModelAdvance", "ph":"B", "ts":"2623045175", "pid":"1", "tid":"cice"},
{"name":"ModelAdvance", "ph":"E", "ts":"2625527203", "pid":"1", "tid":"cice"},
{"name":"ModelAdvance", "ph":"B", "ts":"2625957828", "pid":"1", "tid":"cice"},
{"name":"ModelAdvance", "ph":"E", "ts":"2628403764", "pid":"1", "tid":"cice"},
{"name":"ModelAdvance", "ph":"B", "ts":"2628831219", "pid":"1", "tid":"cice"},
{"name":"ModelAdvance", "ph":"E", "ts":"2631284158", "pid":"1", "tid":"cice"},
{"name":"ModelAdvance", "ph":"B", "ts":"2631696412", "pid":"1", "tid":"cice"},
{"name":"ModelAdvance", "ph":"E", "ts":"2636525595", "pid":"1", "tid":"cice"},
{"name":"ModelAdvance", "ph":"B", "ts":"2638451816", "pid":"1", "tid":"cice"},
{"name":"ModelAdvance", "ph":"E", "ts":"2641215036", "pid":"1", "tid":"cice"},
{"name":"ModelAdvance", "ph":"B", "ts":"2644697719", "pid":"1", "tid":"cice"},
{"name":"ModelAdvance", "ph":"E", "ts":"2647179606", "pid":"1", "tid":"cice"},
{"name":"ModelAdvance", "ph":"B", "ts":"2647499679", "pid":"1", "tid":"cice"},
{"name":"ModelAdvance", "ph":"E", "ts":"2650141353", "pid":"1", "tid":"cice"},
{"name":"ModelAdvance", "ph":"B", "ts":"2650523610", "pid":"1", "tid":"cice"},
{"name":"ModelAdvance", "ph":"E", "ts":"2653097080", "pid":"1", "tid":"cice"},
{"name":"ModelAdvance", "ph":"B", "ts":"2653493894", "pid":"1", "tid":"cice"},
{"name":"ModelAdvance", "ph":"E", "ts":"2655948955", "pid":"1", "tid":"cice"},
{"name":"ModelAdvance", "ph":"B", "ts":"2656358862", "pid":"1", "tid":"cice"},
{"name":"ModelAdvance", "ph":"E", "ts":"2658770059", "pid":"1", "tid":"cice"},
{"name":"ModelAdvance", "ph":"B", "ts":"2659180624", "pid":"1", "tid":"cice"},
{"name":"ModelAdvance", "ph":"E", "ts":"2661591563", "pid":"1", "tid":"cice"},
{"name":"ModelAdvance", "ph":"B", "ts":"2661972229", "pid":"1", "tid":"cice"},
{"name":"ModelAdvance", "ph":"E", "ts":"2664418652", "pid":"1", "tid":"cice"},
{"name":"ModelAdvance", "ph":"B", "ts":"2664807607", "pid":"1", "tid":"cice"},
{"name":"ModelAdvance", "ph":"E", "ts":"2667303094", "pid":"1", "tid":"cice"},
{"name":"ModelAdvance", "ph":"B", "ts":"2667687757", "pid":"1", "tid":"cice"},
{"name":"ModelAdvance", "ph":"E", "ts":"2670184266", "pid":"1", "tid":"cice"},
{"name":"ModelAdvance", "ph":"B", "ts":"2670603295", "pid":"1", "tid":"cice"},
{"name":"ModelAdvance", "ph":"E", "ts":"2673063019", "pid":"1", "tid":"cice"},
{"name":"ModelAdvance", "ph":"B", "ts":"2673488464", "pid":"1", "tid":"cice"},
{"name":"ModelAdvance", "ph":"E", "ts":"2675945015", "pid":"1", "tid":"cice"},
{"name":"ModelAdvance", "ph":"B", "ts":"2676395159", "pid":"1", "tid":"cice"},
{"name":"ModelAdvance", "ph":"E", "ts":"2678902577", "pid":"1", "tid":"cice"},
{"name":"ModelAdvance", "ph":"B", "ts":"2679295128", "pid":"1", "tid":"cice"},
{"name":"ModelAdvance", "ph":"E", "ts":"2681791086", "pid":"1", "tid":"cice"},
{"name":"ModelAdvance", "ph":"B", "ts":"2682169512", "pid":"1", "tid":"cice"},
{"name":"ModelAdvance", "ph":"E", "ts":"2684708952", "pid":"1", "tid":"cice"},
{"name":"ModelAdvance", "ph":"B", "ts":"2685060522", "pid":"1", "tid":"cice"},
{"name":"ModelAdvance", "ph":"E", "ts":"2687553583", "pid":"1", "tid":"cice"},
{"name":"ModelAdvance", "ph":"B", "ts":"2687926264", "pid":"1", "tid":"cice"},
{"name":"ModelAdvance", "ph":"E", "ts":"2690445176", "pid":"1", "tid":"cice"},
{"name":"ModelAdvance", "ph":"B", "ts":"2690814277", "pid":"1", "tid":"cice"},
{"name":"ModelAdvance", "ph":"E", "ts":"2693284535", "pid":"1", "tid":"cice"},
{"name":"ModelAdvance", "ph":"B", "ts":"2693699583", "pid":"1", "tid":"cice"},
{"name":"ModelAdvance", "ph":"E", "ts":"2696170482", "pid":"1", "tid":"cice"},
{"name":"ModelAdvance", "ph":"B", "ts":"2696604374", "pid":"1", "tid":"cice"},
{"name":"ModelAdvance", "ph":"E", "ts":"2699055948", "pid":"1", "tid":"cice"},
{"name":"ModelAdvance", "ph":"B", "ts":"2699454951", "pid":"1", "tid":"cice"},
{"name":"ModelAdvance", "ph":"E", "ts":"2701951070", "pid":"1", "tid":"cice"},
{"name":"ModelAdvance", "ph":"B", "ts":"2702372698", "pid":"1", "tid":"cice"},
{"name":"ModelAdvance", "ph":"E", "ts":"2704836264", "pid":"1", "tid":"cice"},
{"name":"ModelAdvance", "ph":"B", "ts":"2705243289", "pid":"1", "tid":"cice"},
{"name":"ModelAdvance", "ph":"E", "ts":"2707681113", "pid":"1", "tid":"cice"},
{"name":"ModelAdvance", "ph":"B", "ts":"2708109586", "pid":"1", "tid":"cice"},
{"name":"ModelAdvance", "ph":"E", "ts":"2710546037", "pid":"1", "tid":"cice"},
{"name":"ModelAdvance", "ph":"B", "ts":"2711009906", "pid":"1", "tid":"cice"},
{"name":"ModelAdvance", "ph":"E", "ts":"2713707438", "pid":"1", "tid":"cice"},
{"name":"ModelAdvance", "ph":"B", "ts":"2717111932", "pid":"1", "tid":"cice"},
{"name":"ModelAdvance", "ph":"E", "ts":"2719588883", "pid":"1", "tid":"cice"},
{"name":"ModelAdvance", "ph":"B", "ts":"2719905713", "pid":"1", "tid":"cice"},
{"name":"ModelAdvance", "ph":"E", "ts":"2722519357", "pid":"1", "tid":"cice"},
{"name":"ModelAdvance", "ph":"B", "ts":"2722935310", "pid":"1", "tid":"cice"},
{"name":"ModelAdvance", "ph":"E", "ts":"2725471942", "pid":"1", "tid":"cice"},
{"name":"ModelAdvance", "ph":"B", "ts":"2725893813", "pid":"1", "tid":"cice"},
{"name":"ModelAdvance", "ph":"E", "ts":"2728323431", "pid":"1", "tid":"cice"},
{"name":"ModelAdvance", "ph":"B", "ts":"2728731187", "pid":"1", "tid":"cice"},
{"name":"ModelAdvance", "ph":"E", "ts":"2731116749", "pid":"1", "tid":"cice"},
{"name":"ModelAdvance", "ph":"B", "ts":"2731516814", "pid":"1", "tid":"cice"},
{"name":"ModelAdvance", "ph":"E", "ts":"2733950209", "pid":"1", "tid":"cice"},
{"name":"ModelAdvance", "ph":"B", "ts":"2734340608", "pid":"1", "tid":"cice"},
{"name":"ModelAdvance", "ph":"E", "ts":"2736781581", "pid":"1", "tid":"cice"},
{"name":"ModelAdvance", "ph":"B", "ts":"2737218839", "pid":"1", "tid":"cice"},
{"name":"ModelAdvance", "ph":"E", "ts":"2739667991", "pid":"1", "tid":"cice"},
{"name":"ModelAdvance", "ph":"B", "ts":"2740094673", "pid":"1", "tid":"cice"},
{"name":"ModelAdvance", "ph":"E", "ts":"2742532513", "pid":"1", "tid":"cice"},
{"name":"ModelAdvance", "ph":"B", "ts":"2742933042", "pid":"1", "tid":"cice"},
{"name":"ModelAdvance", "ph":"E", "ts":"2745417026", "pid":"1", "tid":"cice"},
{"name":"ModelAdvance", "ph":"B", "ts":"2745895713", "pid":"1", "tid":"cice"},
{"name":"ModelAdvance", "ph":"E", "ts":"2748306585", "pid":"1", "tid":"cice"},
{"name":"ModelAdvance", "ph":"B", "ts":"2748709630", "pid":"1", "tid":"cice"},
{"name":"ModelAdvance", "ph":"E", "ts":"2751259967", "pid":"1", "tid":"cice"},
{"name":"ModelAdvance", "ph":"B", "ts":"2751658478", "pid":"1", "tid":"cice"},
{"name":"ModelAdvance", "ph":"E", "ts":"2754159071", "pid":"1", "tid":"cice"},
{"name":"ModelAdvance", "ph":"B", "ts":"2754556204", "pid":"1", "tid":"cice"},
{"name":"ModelAdvance", "ph":"E", "ts":"2757079986", "pid":"1", "tid":"cice"},
{"name":"ModelAdvance", "ph":"B", "ts":"2757455888", "pid":"1", "tid":"cice"},
{"name":"ModelAdvance", "ph":"E", "ts":"2759944813", "pid":"1", "tid":"cice"},
{"name":"ModelAdvance", "ph":"B", "ts":"2760349636", "pid":"1", "tid":"cice"},
{"name":"ModelAdvance", "ph":"E", "ts":"2762836226", "pid":"1", "tid":"cice"},
{"name":"ModelAdvance", "ph":"B", "ts":"2763243480", "pid":"1", "tid":"cice"},
{"name":"ModelAdvance", "ph":"E", "ts":"2765683624", "pid":"1", "tid":"cice"},
{"name":"ModelAdvance", "ph":"B", "ts":"2766128699", "pid":"1", "tid":"cice"},
{"name":"ModelAdvance", "ph":"E", "ts":"2768564456", "pid":"1", "tid":"cice"},
{"name":"ModelAdvance", "ph":"B", "ts":"2768957445", "pid":"1", "tid":"cice"},
{"name":"ModelAdvance", "ph":"E", "ts":"2771446917", "pid":"1", "tid":"cice"},
{"name":"ModelAdvance", "ph":"B", "ts":"2771883954", "pid":"1", "tid":"cice"},
{"name":"ModelAdvance", "ph":"E", "ts":"2774334684", "pid":"1", "tid":"cice"},
{"name":"ModelAdvance", "ph":"B", "ts":"2774760159", "pid":"1", "tid":"cice"},
{"name":"ModelAdvance", "ph":"E", "ts":"2777215830", "pid":"1", "tid":"cice"},
{"name":"ModelAdvance", "ph":"B", "ts":"2777619337", "pid":"1", "tid":"cice"},
{"name":"ModelAdvance", "ph":"E", "ts":"2780105290", "pid":"1", "tid":"cice"},
{"name":"ModelAdvance", "ph":"B", "ts":"2780523196", "pid":"1", "tid":"cice"},
{"name":"ModelAdvance", "ph":"E", "ts":"2782993770", "pid":"1", "tid":"cice"},
{"name":"ModelAdvance", "ph":"B", "ts":"2783465984", "pid":"1", "tid":"cice"},
{"name":"ModelAdvance", "ph":"E", "ts":"2786145607", "pid":"1", "tid":"cice"},
{"name":"ModelAdvance", "ph":"B", "ts":"2789425676", "pid":"1", "tid":"cice"},
{"name":"ModelAdvance", "ph":"E", "ts":"2791934233", "pid":"1", "tid":"cice"},
{"name":"ModelAdvance", "ph":"B", "ts":"2792198904", "pid":"1", "tid":"cice"},
{"name":"ModelAdvance", "ph":"E", "ts":"2794789085", "pid":"1", "tid":"cice"},
{"name":"ModelAdvance", "ph":"B", "ts":"2795216656", "pid":"1", "tid":"cice"},
{"name":"ModelAdvance", "ph":"E", "ts":"2797723915", "pid":"1", "tid":"cice"},
{"name":"ModelAdvance", "ph":"B", "ts":"2798100624", "pid":"1", "tid":"cice"},
{"name":"ModelAdvance", "ph":"E", "ts":"2800603783", "pid":"1", "tid":"cice"},
{"name":"ModelAdvance", "ph":"B", "ts":"2801023096", "pid":"1", "tid":"cice"},
{"name":"ModelAdvance", "ph":"E", "ts":"2803452903", "pid":"1", "tid":"cice"},
{"name":"ModelAdvance", "ph":"B", "ts":"2803872423", "pid":"1", "tid":"cice"},
{"name":"ModelAdvance", "ph":"E", "ts":"2806259222", "pid":"1", "tid":"cice"},
{"name":"ModelAdvance", "ph":"B", "ts":"2806706376", "pid":"1", "tid":"cice"},
{"name":"ModelAdvance", "ph":"E", "ts":"2809089361", "pid":"1", "tid":"cice"},
{"name":"ModelAdvance", "ph":"B", "ts":"2809531702", "pid":"1", "tid":"cice"},
{"name":"ModelAdvance", "ph":"E", "ts":"2811969134", "pid":"1", "tid":"cice"},
{"name":"ModelAdvance", "ph":"B", "ts":"2812399043", "pid":"1", "tid":"cice"},
{"name":"ModelAdvance", "ph":"E", "ts":"2814864942", "pid":"1", "tid":"cice"},
{"name":"ModelAdvance", "ph":"B", "ts":"2815292538", "pid":"1", "tid":"cice"},
{"name":"ModelAdvance", "ph":"E", "ts":"2817745562", "pid":"1", "tid":"cice"},
{"name":"ModelAdvance", "ph":"B", "ts":"2818147558", "pid":"1", "tid":"cice"},
{"name":"ModelAdvance", "ph":"E", "ts":"2820605028", "pid":"1", "tid":"cice"},
{"name":"ModelAdvance", "ph":"B", "ts":"2821087647", "pid":"1", "tid":"cice"},
{"name":"ModelAdvance", "ph":"E", "ts":"2823576578", "pid":"1", "tid":"cice"},
{"name":"ModelAdvance", "ph":"B", "ts":"2823951577", "pid":"1", "tid":"cice"},
{"name":"ModelAdvance", "ph":"E", "ts":"2826452782", "pid":"1", "tid":"cice"},
{"name":"ModelAdvance", "ph":"B", "ts":"2826867785", "pid":"1", "tid":"cice"},
{"name":"ModelAdvance", "ph":"E", "ts":"2829347783", "pid":"1", "tid":"cice"},
{"name":"ModelAdvance", "ph":"B", "ts":"2829700529", "pid":"1", "tid":"cice"},
{"name":"ModelAdvance", "ph":"E", "ts":"2832217621", "pid":"1", "tid":"cice"},
{"name":"ModelAdvance", "ph":"B", "ts":"2832691105", "pid":"1", "tid":"cice"},
{"name":"ModelAdvance", "ph":"E", "ts":"2835129201", "pid":"1", "tid":"cice"},
{"name":"ModelAdvance", "ph":"B", "ts":"2835581851", "pid":"1", "tid":"cice"},
{"name":"ModelAdvance", "ph":"E", "ts":"2838001941", "pid":"1", "tid":"cice"},
{"name":"ModelAdvance", "ph":"B", "ts":"2838427971", "pid":"1", "tid":"cice"},
{"name":"ModelAdvance", "ph":"E", "ts":"2840838923", "pid":"1", "tid":"cice"},
{"name":"ModelAdvance", "ph":"B", "ts":"2841283815", "pid":"1", "tid":"cice"},
{"name":"ModelAdvance", "ph":"E", "ts":"2843673809", "pid":"1", "tid":"cice"},
{"name":"ModelAdvance", "ph":"B", "ts":"2844156538", "pid":"1", "tid":"cice"},
{"name":"ModelAdvance", "ph":"E", "ts":"2846544996", "pid":"1", "tid":"cice"},
{"name":"ModelAdvance", "ph":"B", "ts":"2846948977", "pid":"1", "tid":"cice"},
{"name":"ModelAdvance", "ph":"E", "ts":"2849350980", "pid":"1", "tid":"cice"},
{"name":"ModelAdvance", "ph":"B", "ts":"2849748729", "pid":"1", "tid":"cice"},
{"name":"ModelAdvance", "ph":"E", "ts":"2852166678", "pid":"1", "tid":"cice"},
{"name":"ModelAdvance", "ph":"B", "ts":"2852598087", "pid":"1", "tid":"cice"},
{"name":"ModelAdvance", "ph":"E", "ts":"2859634922", "pid":"1", "tid":"cice"},
{"name":"ModelAdvance", "ph":"B", "ts":"2871604118", "pid":"1", "tid":"cice"},
{"name":"ModelAdvance", "ph":"E", "ts":"2874087306", "pid":"1", "tid":"cice"},
{"name":"ModelAdvance", "ph":"B", "ts":"2876813252", "pid":"1", "tid":"cice"},
{"name":"ModelAdvance", "ph":"E", "ts":"2879325698", "pid":"1", "tid":"cice"},
{"name":"ModelAdvance", "ph":"B", "ts":"2879788001", "pid":"1", "tid":"cice"},
{"name":"ModelAdvance", "ph":"E", "ts":"2882251043", "pid":"1", "tid":"cice"},
{"name":"ModelAdvance", "ph":"B", "ts":"2882619877", "pid":"1", "tid":"cice"},
{"name":"ModelAdvance", "ph":"E", "ts":"2885093825", "pid":"1", "tid":"cice"},
{"name":"ModelAdvance", "ph":"B", "ts":"2885511392", "pid":"1", "tid":"cice"},
{"name":"ModelAdvance", "ph":"E", "ts":"2887979187", "pid":"1", "tid":"cice"},
{"name":"ModelAdvance", "ph":"B", "ts":"2888404258", "pid":"1", "tid":"cice"},
{"name":"ModelAdvance", "ph":"E", "ts":"2890810706", "pid":"1", "tid":"cice"},
{"name":"ModelAdvance", "ph":"B", "ts":"2891241706", "pid":"1", "tid":"cice"},
{"name":"ModelAdvance", "ph":"E", "ts":"2893626105", "pid":"1", "tid":"cice"},
{"name":"ModelAdvance", "ph":"B", "ts":"2894046315", "pid":"1", "tid":"cice"},
{"name":"ModelAdvance", "ph":"E", "ts":"2896480433", "pid":"1", "tid":"cice"},
{"name":"ModelAdvance", "ph":"B", "ts":"2896882052", "pid":"1", "tid":"cice"},
{"name":"ModelAdvance", "ph":"E", "ts":"2899347111", "pid":"1", "tid":"cice"},
{"name":"ModelAdvance", "ph":"B", "ts":"2899790008", "pid":"1", "tid":"cice"},
{"name":"ModelAdvance", "ph":"E", "ts":"2902230466", "pid":"1", "tid":"cice"},
{"name":"ModelAdvance", "ph":"B", "ts":"2902641003", "pid":"1", "tid":"cice"},
{"name":"ModelAdvance", "ph":"E", "ts":"2905132055", "pid":"1", "tid":"cice"},
{"name":"ModelAdvance", "ph":"B", "ts":"2905583119", "pid":"1", "tid":"cice"},
{"name":"ModelAdvance", "ph":"E", "ts":"2908014544", "pid":"1", "tid":"cice"},
{"name":"ModelAdvance", "ph":"B", "ts":"2908471491", "pid":"1", "tid":"cice"},
{"name":"ModelAdvance", "ph":"E", "ts":"2910972316", "pid":"1", "tid":"cice"},
{"name":"ModelAdvance", "ph":"B", "ts":"2911412035", "pid":"1", "tid":"cice"},
{"name":"ModelAdvance", "ph":"E", "ts":"2913898558", "pid":"1", "tid":"cice"},
{"name":"ModelAdvance", "ph":"B", "ts":"2914270076", "pid":"1", "tid":"cice"},
{"name":"ModelAdvance", "ph":"E", "ts":"2916817494", "pid":"1", "tid":"cice"},
{"name":"ModelAdvance", "ph":"B", "ts":"2917180236", "pid":"1", "tid":"cice"},
{"name":"ModelAdvance", "ph":"E", "ts":"2919676217", "pid":"1", "tid":"cice"},
{"name":"ModelAdvance", "ph":"B", "ts":"2920110448", "pid":"1", "tid":"cice"},
{"name":"ModelAdvance", "ph":"E", "ts":"2922585616", "pid":"1", "tid":"cice"},
{"name":"ModelAdvance", "ph":"B", "ts":"2922986663", "pid":"1", "tid":"cice"},
{"name":"ModelAdvance", "ph":"E", "ts":"2925453246", "pid":"1", "tid":"cice"},
{"name":"ModelAdvance", "ph":"B", "ts":"2925906812", "pid":"1", "tid":"cice"},
{"name":"ModelAdvance", "ph":"E", "ts":"2928357283", "pid":"1", "tid":"cice"},
{"name":"ModelAdvance", "ph":"B", "ts":"2928765101", "pid":"1", "tid":"cice"},
{"name":"ModelAdvance", "ph":"E", "ts":"2931247491", "pid":"1", "tid":"cice"},
{"name":"ModelAdvance", "ph":"B", "ts":"2931672859", "pid":"1", "tid":"cice"},
{"name":"ModelAdvance", "ph":"E", "ts":"2934162263", "pid":"1", "tid":"cice"},
{"name":"ModelAdvance", "ph":"B", "ts":"2934617354", "pid":"1", "tid":"cice"},
{"name":"ModelAdvance", "ph":"E", "ts":"2937055830", "pid":"1", "tid":"cice"},
{"name":"ModelAdvance", "ph":"B", "ts":"2937475592", "pid":"1", "tid":"cice"},
{"name":"ModelAdvance", "ph":"E", "ts":"2939941878", "pid":"1", "tid":"cice"},
{"name":"ModelAdvance", "ph":"B", "ts":"2940391311", "pid":"1", "tid":"cice"},
{"name":"ModelAdvance", "ph":"E", "ts":"2942829349", "pid":"1", "tid":"cice"},
{"name":"ModelAdvance", "ph":"B", "ts":"2943272250", "pid":"1", "tid":"cice"},
{"name":"ModelAdvance", "ph":"E", "ts":"2946012851", "pid":"1", "tid":"cice"},
{"name":"ModelAdvance", "ph":"B", "ts":"2949844827", "pid":"1", "tid":"cice"},
{"name":"ModelAdvance", "ph":"E", "ts":"2952277491", "pid":"1", "tid":"cice"},
{"name":"ModelAdvance", "ph":"B", "ts":"2952688420", "pid":"1", "tid":"cice"},
{"name":"ModelAdvance", "ph":"E", "ts":"2955301158", "pid":"1", "tid":"cice"},
{"name":"ModelAdvance", "ph":"B", "ts":"2955736303", "pid":"1", "tid":"cice"},
{"name":"ModelAdvance", "ph":"E", "ts":"2958256321", "pid":"1", "tid":"cice"},
{"name":"ModelAdvance", "ph":"B", "ts":"2958689418", "pid":"1", "tid":"cice"},
{"name":"ModelAdvance", "ph":"E", "ts":"2961076432", "pid":"1", "tid":"cice"},
{"name":"ModelAdvance", "ph":"B", "ts":"2961495042", "pid":"1", "tid":"cice"},
{"name":"ModelAdvance", "ph":"E", "ts":"2963904775", "pid":"1", "tid":"cice"},
{"name":"ModelAdvance", "ph":"B", "ts":"2964277348", "pid":"1", "tid":"cice"},
{"name":"ModelAdvance", "ph":"E", "ts":"2966777292", "pid":"1", "tid":"cice"},
{"name":"ModelAdvance", "ph":"B", "ts":"2967247789", "pid":"1", "tid":"cice"},
{"name":"ModelAdvance", "ph":"E", "ts":"2969639773", "pid":"1", "tid":"cice"},
{"name":"ModelAdvance", "ph":"B", "ts":"2970094429", "pid":"1", "tid":"cice"},
{"name":"ModelAdvance", "ph":"E", "ts":"2972518232", "pid":"1", "tid":"cice"},
{"name":"ModelAdvance", "ph":"B", "ts":"2972948219", "pid":"1", "tid":"cice"},
{"name":"ModelAdvance", "ph":"E", "ts":"2975412377", "pid":"1", "tid":"cice"},
{"name":"ModelAdvance", "ph":"B", "ts":"2975875865", "pid":"1", "tid":"cice"},
{"name":"ModelAdvance", "ph":"E", "ts":"2978296280", "pid":"1", "tid":"cice"},
{"name":"ModelAdvance", "ph":"B", "ts":"2978726792", "pid":"1", "tid":"cice"},
{"name":"ModelAdvance", "ph":"E", "ts":"2981193127", "pid":"1", "tid":"cice"},
{"name":"ModelAdvance", "ph":"B", "ts":"2981664770", "pid":"1", "tid":"cice"},
{"name":"ModelAdvance", "ph":"E", "ts":"2984165970", "pid":"1", "tid":"cice"},
{"name":"ModelAdvance", "ph":"B", "ts":"2984637692", "pid":"1", "tid":"cice"},
{"name":"ModelAdvance", "ph":"E", "ts":"2987091189", "pid":"1", "tid":"cice"},
{"name":"ModelAdvance", "ph":"B", "ts":"2987534287", "pid":"1", "tid":"cice"},
{"name":"ModelAdvance", "ph":"E", "ts":"2990042622", "pid":"1", "tid":"cice"},
{"name":"ModelAdvance", "ph":"B", "ts":"2990405975", "pid":"1", "tid":"cice"},
{"name":"ModelAdvance", "ph":"E", "ts":"2992857609", "pid":"1", "tid":"cice"},
{"name":"ModelAdvance", "ph":"B", "ts":"2993306046", "pid":"1", "tid":"cice"},
{"name":"ModelAdvance", "ph":"E", "ts":"2995778761", "pid":"1", "tid":"cice"},
{"name":"ModelAdvance", "ph":"B", "ts":"2996201766", "pid":"1", "tid":"cice"},
{"name":"ModelAdvance", "ph":"E", "ts":"2998636951", "pid":"1", "tid":"cice"},
{"name":"ModelAdvance", "ph":"B", "ts":"2999105642", "pid":"1", "tid":"cice"},
{"name":"ModelAdvance", "ph":"E", "ts":"3001554158", "pid":"1", "tid":"cice"},
{"name":"ModelAdvance", "ph":"B", "ts":"3002003713", "pid":"1", "tid":"cice"},
{"name":"ModelAdvance", "ph":"E", "ts":"3004445896", "pid":"1", "tid":"cice"},
{"name":"ModelAdvance", "ph":"B", "ts":"3004896998", "pid":"1", "tid":"cice"},
{"name":"ModelAdvance", "ph":"E", "ts":"3007323773", "pid":"1", "tid":"cice"},
{"name":"ModelAdvance", "ph":"B", "ts":"3007771183", "pid":"1", "tid":"cice"},
{"name":"ModelAdvance", "ph":"E", "ts":"3010208324", "pid":"1", "tid":"cice"},
{"name":"ModelAdvance", "ph":"B", "ts":"3010661052", "pid":"1", "tid":"cice"},
{"name":"ModelAdvance", "ph":"E", "ts":"3013108295", "pid":"1", "tid":"cice"},
{"name":"ModelAdvance", "ph":"B", "ts":"3013582395", "pid":"1", "tid":"cice"},
{"name":"ModelAdvance", "ph":"E", "ts":"3015998639", "pid":"1", "tid":"cice"},
{"name":"ModelAdvance", "ph":"B", "ts":"3016481187", "pid":"1", "tid":"cice"},
{"name":"ModelAdvance", "ph":"E", "ts":"3019138625", "pid":"1", "tid":"cice"},
{"name":"ModelAdvance", "ph":"B", "ts":"3022738018", "pid":"1", "tid":"cice"},
{"name":"ModelAdvance", "ph":"E", "ts":"3025157583", "pid":"1", "tid":"cice"},
{"name":"ModelAdvance", "ph":"B", "ts":"3025560369", "pid":"1", "tid":"cice"},
{"name":"ModelAdvance", "ph":"E", "ts":"3028108702", "pid":"1", "tid":"cice"},
{"name":"ModelAdvance", "ph":"B", "ts":"3028573893", "pid":"1", "tid":"cice"},
{"name":"ModelAdvance", "ph":"E", "ts":"3030996699", "pid":"1", "tid":"cice"},
{"name":"ModelAdvance", "ph":"B", "ts":"3031448250", "pid":"1", "tid":"cice"},
{"name":"ModelAdvance", "ph":"E", "ts":"3033853391", "pid":"1", "tid":"cice"},
{"name":"ModelAdvance", "ph":"B", "ts":"3034293299", "pid":"1", "tid":"cice"},
{"name":"ModelAdvance", "ph":"E", "ts":"3036687775", "pid":"1", "tid":"cice"},
{"name":"ModelAdvance", "ph":"B", "ts":"3037153579", "pid":"1", "tid":"cice"},
{"name":"ModelAdvance", "ph":"E", "ts":"3039566695", "pid":"1", "tid":"cice"},
{"name":"ModelAdvance", "ph":"B", "ts":"3039964365", "pid":"1", "tid":"cice"},
{"name":"ModelAdvance", "ph":"E", "ts":"3042413627", "pid":"1", "tid":"cice"},
{"name":"ModelAdvance", "ph":"B", "ts":"3042863327", "pid":"1", "tid":"cice"},
{"name":"ModelAdvance", "ph":"E", "ts":"3045305245", "pid":"1", "tid":"cice"},
{"name":"ModelAdvance", "ph":"B", "ts":"3045780739", "pid":"1", "tid":"cice"},
{"name":"ModelAdvance", "ph":"E", "ts":"3048197767", "pid":"1", "tid":"cice"},
{"name":"ModelAdvance", "ph":"B", "ts":"3048658984", "pid":"1", "tid":"cice"},
{"name":"ModelAdvance", "ph":"E", "ts":"3051078204", "pid":"1", "tid":"cice"},
{"name":"ModelAdvance", "ph":"B", "ts":"3051514946", "pid":"1", "tid":"cice"},
{"name":"ModelAdvance", "ph":"E", "ts":"3053959098", "pid":"1", "tid":"cice"},
{"name":"ModelAdvance", "ph":"B", "ts":"3054458081", "pid":"1", "tid":"cice"},
{"name":"ModelAdvance", "ph":"E", "ts":"3056911645", "pid":"1", "tid":"cice"},
{"name":"ModelAdvance", "ph":"B", "ts":"3057356400", "pid":"1", "tid":"cice"},
{"name":"ModelAdvance", "ph":"E", "ts":"3059787093", "pid":"1", "tid":"cice"},
{"name":"ModelAdvance", "ph":"B", "ts":"3060235787", "pid":"1", "tid":"cice"},
{"name":"ModelAdvance", "ph":"E", "ts":"3062706068", "pid":"1", "tid":"cice"},
{"name":"ModelAdvance", "ph":"B", "ts":"3063136831", "pid":"1", "tid":"cice"},
{"name":"ModelAdvance", "ph":"E", "ts":"3065580178", "pid":"1", "tid":"cice"},
{"name":"ModelAdvance", "ph":"B", "ts":"3066022252", "pid":"1", "tid":"cice"},
{"name":"ModelAdvance", "ph":"E", "ts":"3068475515", "pid":"1", "tid":"cice"},
{"name":"ModelAdvance", "ph":"B", "ts":"3068884702", "pid":"1", "tid":"cice"},
{"name":"ModelAdvance", "ph":"E", "ts":"3071339151", "pid":"1", "tid":"cice"},
{"name":"ModelAdvance", "ph":"B", "ts":"3071788000", "pid":"1", "tid":"cice"},
{"name":"ModelAdvance", "ph":"E", "ts":"3074215208", "pid":"1", "tid":"cice"},
{"name":"ModelAdvance", "ph":"B", "ts":"3074716218", "pid":"1", "tid":"cice"},
{"name":"ModelAdvance", "ph":"E", "ts":"3077074897", "pid":"1", "tid":"cice"},
{"name":"ModelAdvance", "ph":"B", "ts":"3077494048", "pid":"1", "tid":"cice"},
{"name":"ModelAdvance", "ph":"E", "ts":"3079916630", "pid":"1", "tid":"cice"},
{"name":"ModelAdvance", "ph":"B", "ts":"3080315306", "pid":"1", "tid":"cice"},
{"name":"ModelAdvance", "ph":"E", "ts":"3082733980", "pid":"1", "tid":"cice"},
{"name":"ModelAdvance", "ph":"B", "ts":"3083133806", "pid":"1", "tid":"cice"},
{"name":"ModelAdvance", "ph":"E", "ts":"3085580318", "pid":"1", "tid":"cice"},
{"name":"ModelAdvance", "ph":"B", "ts":"3086066065", "pid":"1", "tid":"cice"},
{"name":"ModelAdvance", "ph":"E", "ts":"3092666475", "pid":"1", "tid":"cice"},
{"name":"ModelAdvance", "ph":"B", "ts":"3104003562", "pid":"1", "tid":"cice"},
{"name":"ModelAdvance", "ph":"E", "ts":"3106469818", "pid":"1", "tid":"cice"},
{"name":"ModelAdvance", "ph":"B", "ts":"3109023001", "pid":"1", "tid":"cice"},
{"name":"ModelAdvance", "ph":"E", "ts":"3111507131", "pid":"1", "tid":"cice"},
{"name":"ModelAdvance", "ph":"B", "ts":"3111945195", "pid":"1", "tid":"cice"},
{"name":"ModelAdvance", "ph":"E", "ts":"3114378854", "pid":"1", "tid":"cice"},
{"name":"ModelAdvance", "ph":"B", "ts":"3114838363", "pid":"1", "tid":"cice"},
{"name":"ModelAdvance", "ph":"E", "ts":"3117264593", "pid":"1", "tid":"cice"},
{"name":"ModelAdvance", "ph":"B", "ts":"3117726831", "pid":"1", "tid":"cice"},
{"name":"ModelAdvance", "ph":"E", "ts":"3120145563", "pid":"1", "tid":"cice"},
{"name":"ModelAdvance", "ph":"B", "ts":"3120581857", "pid":"1", "tid":"cice"},
{"name":"ModelAdvance", "ph":"E", "ts":"3122973863", "pid":"1", "tid":"cice"},
{"name":"ModelAdvance", "ph":"B", "ts":"3123432458", "pid":"1", "tid":"cice"},
{"name":"ModelAdvance", "ph":"E", "ts":"3125808236", "pid":"1", "tid":"cice"},
{"name":"ModelAdvance", "ph":"B", "ts":"3126239263", "pid":"1", "tid":"cice"},
{"name":"ModelAdvance", "ph":"E", "ts":"3128640753", "pid":"1", "tid":"cice"},
{"name":"ModelAdvance", "ph":"B", "ts":"3129089767", "pid":"1", "tid":"cice"},
{"name":"ModelAdvance", "ph":"E", "ts":"3131500994", "pid":"1", "tid":"cice"},
{"name":"ModelAdvance", "ph":"B", "ts":"3131983903", "pid":"1", "tid":"cice"},
{"name":"ModelAdvance", "ph":"E", "ts":"3134415019", "pid":"1", "tid":"cice"},
{"name":"ModelAdvance", "ph":"B", "ts":"3134886021", "pid":"1", "tid":"cice"},
{"name":"ModelAdvance", "ph":"E", "ts":"3137292981", "pid":"1", "tid":"cice"},
{"name":"ModelAdvance", "ph":"B", "ts":"3137761206", "pid":"1", "tid":"cice"},
{"name":"ModelAdvance", "ph":"E", "ts":"3140185526", "pid":"1", "tid":"cice"},
{"name":"ModelAdvance", "ph":"B", "ts":"3140664204", "pid":"1", "tid":"cice"},
{"name":"ModelAdvance", "ph":"E", "ts":"3143102048", "pid":"1", "tid":"cice"},
{"name":"ModelAdvance", "ph":"B", "ts":"3143541454", "pid":"1", "tid":"cice"},
{"name":"ModelAdvance", "ph":"E", "ts":"3145973970", "pid":"1", "tid":"cice"},
{"name":"ModelAdvance", "ph":"B", "ts":"3146483074", "pid":"1", "tid":"cice"},
{"name":"ModelAdvance", "ph":"E", "ts":"3148903203", "pid":"1", "tid":"cice"},
{"name":"ModelAdvance", "ph":"B", "ts":"3149370622", "pid":"1", "tid":"cice"},
{"name":"ModelAdvance", "ph":"E", "ts":"3151779147", "pid":"1", "tid":"cice"},
{"name":"ModelAdvance", "ph":"B", "ts":"3152253055", "pid":"1", "tid":"cice"},
{"name":"ModelAdvance", "ph":"E", "ts":"3154656735", "pid":"1", "tid":"cice"},
{"name":"ModelAdvance", "ph":"B", "ts":"3155129766", "pid":"1", "tid":"cice"},
{"name":"ModelAdvance", "ph":"E", "ts":"3157559337", "pid":"1", "tid":"cice"},
{"name":"ModelAdvance", "ph":"B", "ts":"3158003067", "pid":"1", "tid":"cice"},
{"name":"ModelAdvance", "ph":"E", "ts":"3160421724", "pid":"1", "tid":"cice"},
{"name":"ModelAdvance", "ph":"B", "ts":"3160858809", "pid":"1", "tid":"cice"},
{"name":"ModelAdvance", "ph":"E", "ts":"3163312842", "pid":"1", "tid":"cice"},
{"name":"ModelAdvance", "ph":"B", "ts":"3163796365", "pid":"1", "tid":"cice"},
{"name":"ModelAdvance", "ph":"E", "ts":"3166226321", "pid":"1", "tid":"cice"},
{"name":"ModelAdvance", "ph":"B", "ts":"3166707621", "pid":"1", "tid":"cice"},
{"name":"ModelAdvance", "ph":"E", "ts":"3169100038", "pid":"1", "tid":"cice"},
{"name":"ModelAdvance", "ph":"B", "ts":"3169570849", "pid":"1", "tid":"cice"},
{"name":"ModelAdvance", "ph":"E", "ts":"3171972895", "pid":"1", "tid":"cice"},
{"name":"ModelAdvance", "ph":"B", "ts":"3172408892", "pid":"1", "tid":"cice"},
{"name":"ModelAdvance", "ph":"E", "ts":"3174851398", "pid":"1", "tid":"cice"},
{"name":"ModelAdvance", "ph":"B", "ts":"3175377815", "pid":"1", "tid":"cice"},
{"name":"ModelAdvance", "ph":"E", "ts":"3178026743", "pid":"1", "tid":"cice"},
{"name":"ModelAdvance", "ph":"B", "ts":"3181928474", "pid":"1", "tid":"cice"},
{"name":"ModelAdvance", "ph":"E", "ts":"3184331191", "pid":"1", "tid":"cice"},
{"name":"ModelAdvance", "ph":"B", "ts":"3184753381", "pid":"1", "tid":"cice"},
{"name":"ModelAdvance", "ph":"E", "ts":"3187312483", "pid":"1", "tid":"cice"},
{"name":"ModelAdvance", "ph":"B", "ts":"3187878102", "pid":"1", "tid":"cice"},
{"name":"ModelAdvance", "ph":"E", "ts":"3190261278", "pid":"1", "tid":"cice"},
{"name":"ModelAdvance", "ph":"B", "ts":"3190738846", "pid":"1", "tid":"cice"},
{"name":"ModelAdvance", "ph":"E", "ts":"3193097056", "pid":"1", "tid":"cice"},
{"name":"ModelAdvance", "ph":"B", "ts":"3193540165", "pid":"1", "tid":"cice"},
{"name":"ModelAdvance", "ph":"E", "ts":"3195937733", "pid":"1", "tid":"cice"},
{"name":"ModelAdvance", "ph":"B", "ts":"3196382500", "pid":"1", "tid":"cice"},
{"name":"ModelAdvance", "ph":"E", "ts":"3198761829", "pid":"1", "tid":"cice"},
{"name":"ModelAdvance", "ph":"B", "ts":"3199256524", "pid":"1", "tid":"cice"},
{"name":"ModelAdvance", "ph":"E", "ts":"3201620264", "pid":"1", "tid":"cice"},
{"name":"ModelAdvance", "ph":"B", "ts":"3202144667", "pid":"1", "tid":"cice"},
{"name":"ModelAdvance", "ph":"E", "ts":"3204506286", "pid":"1", "tid":"cice"},
{"name":"ModelAdvance", "ph":"B", "ts":"3204985730", "pid":"1", "tid":"cice"},
{"name":"ModelAdvance", "ph":"E", "ts":"3207368930", "pid":"1", "tid":"cice"},
{"name":"ModelAdvance", "ph":"B", "ts":"3207819561", "pid":"1", "tid":"cice"},
{"name":"ModelAdvance", "ph":"E", "ts":"3210229698", "pid":"1", "tid":"cice"},
{"name":"ModelAdvance", "ph":"B", "ts":"3210683521", "pid":"1", "tid":"cice"},
{"name":"ModelAdvance", "ph":"E", "ts":"3213125187", "pid":"1", "tid":"cice"},
{"name":"ModelAdvance", "ph":"B", "ts":"3213622818", "pid":"1", "tid":"cice"},
{"name":"ModelAdvance", "ph":"E", "ts":"3216059675", "pid":"1", "tid":"cice"},
{"name":"ModelAdvance", "ph":"B", "ts":"3216546922", "pid":"1", "tid":"cice"},
{"name":"ModelAdvance", "ph":"E", "ts":"3218958867", "pid":"1", "tid":"cice"},
{"name":"ModelAdvance", "ph":"B", "ts":"3219475141", "pid":"1", "tid":"cice"},
{"name":"ModelAdvance", "ph":"E", "ts":"3221870625", "pid":"1", "tid":"cice"},
{"name":"ModelAdvance", "ph":"B", "ts":"3222301750", "pid":"1", "tid":"cice"},
{"name":"ModelAdvance", "ph":"E", "ts":"3224725717", "pid":"1", "tid":"cice"},
{"name":"ModelAdvance", "ph":"B", "ts":"3225179122", "pid":"1", "tid":"cice"},
{"name":"ModelAdvance", "ph":"E", "ts":"3227621555", "pid":"1", "tid":"cice"},
{"name":"ModelAdvance", "ph":"B", "ts":"3228077858", "pid":"1", "tid":"cice"},
{"name":"ModelAdvance", "ph":"E", "ts":"3230480783", "pid":"1", "tid":"cice"},
{"name":"ModelAdvance", "ph":"B", "ts":"3230933255", "pid":"1", "tid":"cice"},
{"name":"ModelAdvance", "ph":"E", "ts":"3233359588", "pid":"1", "tid":"cice"},
{"name":"ModelAdvance", "ph":"B", "ts":"3233803972", "pid":"1", "tid":"cice"},
{"name":"ModelAdvance", "ph":"E", "ts":"3236245351", "pid":"1", "tid":"cice"},
{"name":"ModelAdvance", "ph":"B", "ts":"3236726409", "pid":"1", "tid":"cice"},
{"name":"ModelAdvance", "ph":"E", "ts":"3239127117", "pid":"1", "tid":"cice"},
{"name":"ModelAdvance", "ph":"B", "ts":"3239596162", "pid":"1", "tid":"cice"},
{"name":"ModelAdvance", "ph":"E", "ts":"3241997888", "pid":"1", "tid":"cice"},
{"name":"ModelAdvance", "ph":"B", "ts":"3242411517", "pid":"1", "tid":"cice"},
{"name":"ModelAdvance", "ph":"E", "ts":"3244867967", "pid":"1", "tid":"cice"},
{"name":"ModelAdvance", "ph":"B", "ts":"3245295672", "pid":"1", "tid":"cice"},
{"name":"ModelAdvance", "ph":"E", "ts":"3247748513", "pid":"1", "tid":"cice"},
{"name":"ModelAdvance", "ph":"B", "ts":"3248241451", "pid":"1", "tid":"cice"},
{"name":"ModelAdvance", "ph":"E", "ts":"3250969652", "pid":"1", "tid":"cice"},
{"name":"ModelAdvance", "ph":"B", "ts":"3254766021", "pid":"1", "tid":"cice"},
{"name":"ModelAdvance", "ph":"E", "ts":"3257167624", "pid":"1", "tid":"cice"},
{"name":"ModelAdvance", "ph":"B", "ts":"3257629542", "pid":"1", "tid":"cice"},
{"name":"ModelAdvance", "ph":"E", "ts":"3260241376", "pid":"1", "tid":"cice"},
{"name":"ModelAdvance", "ph":"B", "ts":"3260646882", "pid":"1", "tid":"cice"},
{"name":"ModelAdvance", "ph":"E", "ts":"3263079462", "pid":"1", "tid":"cice"},
{"name":"ModelAdvance", "ph":"B", "ts":"3263539519", "pid":"1", "tid":"cice"},
{"name":"ModelAdvance", "ph":"E", "ts":"3265902615", "pid":"1", "tid":"cice"},
{"name":"ModelAdvance", "ph":"B", "ts":"3266299420", "pid":"1", "tid":"cice"},
{"name":"ModelAdvance", "ph":"E", "ts":"3268710319", "pid":"1", "tid":"cice"},
{"name":"ModelAdvance", "ph":"B", "ts":"3269171530", "pid":"1", "tid":"cice"},
{"name":"ModelAdvance", "ph":"E", "ts":"3271584122", "pid":"1", "tid":"cice"},
{"name":"ModelAdvance", "ph":"B", "ts":"3272011398", "pid":"1", "tid":"cice"},
{"name":"ModelAdvance", "ph":"E", "ts":"3274415431", "pid":"1", "tid":"cice"},
{"name":"ModelAdvance", "ph":"B", "ts":"3274874899", "pid":"1", "tid":"cice"},
{"name":"ModelAdvance", "ph":"E", "ts":"3277298131", "pid":"1", "tid":"cice"},
{"name":"ModelAdvance", "ph":"B", "ts":"3277735104", "pid":"1", "tid":"cice"},
{"name":"ModelAdvance", "ph":"E", "ts":"3280171647", "pid":"1", "tid":"cice"},
{"name":"ModelAdvance", "ph":"B", "ts":"3280591572", "pid":"1", "tid":"cice"},
{"name":"ModelAdvance", "ph":"E", "ts":"3283039978", "pid":"1", "tid":"cice"},
{"name":"ModelAdvance", "ph":"B", "ts":"3283470919", "pid":"1", "tid":"cice"},
{"name":"ModelAdvance", "ph":"E", "ts":"3285919786", "pid":"1", "tid":"cice"},
{"name":"ModelAdvance", "ph":"B", "ts":"3286377033", "pid":"1", "tid":"cice"},
{"name":"ModelAdvance", "ph":"E", "ts":"3288876313", "pid":"1", "tid":"cice"},
{"name":"ModelAdvance", "ph":"B", "ts":"3289317699", "pid":"1", "tid":"cice"},
{"name":"ModelAdvance", "ph":"E", "ts":"3291787082", "pid":"1", "tid":"cice"},
{"name":"ModelAdvance", "ph":"B", "ts":"3292191805", "pid":"1", "tid":"cice"},
{"name":"ModelAdvance", "ph":"E", "ts":"3294696023", "pid":"1", "tid":"cice"},
{"name":"ModelAdvance", "ph":"B", "ts":"3295065965", "pid":"1", "tid":"cice"},
{"name":"ModelAdvance", "ph":"E", "ts":"3297543292", "pid":"1", "tid":"cice"},
{"name":"ModelAdvance", "ph":"B", "ts":"3297953694", "pid":"1", "tid":"cice"},
{"name":"ModelAdvance", "ph":"E", "ts":"3300420201", "pid":"1", "tid":"cice"},
{"name":"ModelAdvance", "ph":"B", "ts":"3300828252", "pid":"1", "tid":"cice"},
{"name":"ModelAdvance", "ph":"E", "ts":"3303236966", "pid":"1", "tid":"cice"},
{"name":"ModelAdvance", "ph":"B", "ts":"3303632151", "pid":"1", "tid":"cice"},
{"name":"ModelAdvance", "ph":"E", "ts":"3306045737", "pid":"1", "tid":"cice"},
{"name":"ModelAdvance", "ph":"B", "ts":"3306466599", "pid":"1", "tid":"cice"},
{"name":"ModelAdvance", "ph":"E", "ts":"3308909572", "pid":"1", "tid":"cice"},
{"name":"ModelAdvance", "ph":"B", "ts":"3309279441", "pid":"1", "tid":"cice"},
{"name":"ModelAdvance", "ph":"E", "ts":"3311744303", "pid":"1", "tid":"cice"},
{"name":"ModelAdvance", "ph":"B", "ts":"3312129223", "pid":"1", "tid":"cice"},
{"name":"ModelAdvance", "ph":"E", "ts":"3314561430", "pid":"1", "tid":"cice"},
{"name":"ModelAdvance", "ph":"B", "ts":"3314951520", "pid":"1", "tid":"cice"},
{"name":"ModelAdvance", "ph":"E", "ts":"3317377702", "pid":"1", "tid":"cice"},
{"name":"ModelAdvance", "ph":"B", "ts":"3317747197", "pid":"1", "tid":"cice"},
{"name":"ModelAdvance", "ph":"E", "ts":"3324644313", "pid":"1", "tid":"cice"},
{"name":"ModelFinalize", "ph":"B", "ts":"3324647897", "pid":"1", "tid":"cice"},
{"name":"ModelFinalize", "ph":"E", "ts":"3324647938", "pid":"1", "tid":"cice"},
