{"name":"SetServices", "ph":"B", "ts":"2195120071", "pid":"1", "tid":"wave"},
{"name":"SetServices", "ph":"E", "ts":"2195121735", "pid":"1", "tid":"wave"},
{"name":"InitializeP0", "ph":"B", "ts":"2195125931", "pid":"1", "tid":"wave"},
{"name":"InitializeP0", "ph":"E", "ts":"2195126020", "pid":"1", "tid":"wave"},
{"name":"InitializeAdvertise", "ph":"B", "ts":"2198796847", "pid":"1", "tid":"wave"},
{"name":"InitializeAdvertise", "ph":"E", "ts":"2248783270", "pid":"1", "tid":"wave"},
{"name":"InitializeRealize", "ph":"B", "ts":"2319373241", "pid":"1", "tid":"wave"},
{"name":"InitializeRealize", "ph":"E", "ts":"2327845456", "pid":"1", "tid":"wave"},
{"name":"DataInitialize", "ph":"B", "ts":"2358492700", "pid":"1", "tid":"wave"},
{"name":"DataInitialize", "ph":"E", "ts":"2358511241", "pid":"1", "tid":"wave"},
{"name":"ModelSetRunClock", "ph":"B", "ts":"2408411429", "pid":"1", "tid":"wave"},
{"name":"ModelSetRunClock", "ph":"E", "ts":"2408422291", "pid":"1", "tid":"wave"},
{"name":"ModelAdvance", "ph":"B", "ts":"2408422377", "pid":"1", "tid":"wave"},
{"name":"ModelAdvance", "ph":"E", "ts":"2435168395", "pid":"1", "tid":"wave"},
{"name":"ModelSetRunClock", "ph":"B", "ts":"2457636559", "pid":"1", "tid":"wave"},
{"name":"ModelSetRunClock", "ph":"E", "ts":"2457636789", "pid":"1", "tid":"wave"},
{"name":"ModelAdvance", "ph":"B", "ts":"2457636887", "pid":"1", "tid":"wave"},
{"name":"ModelAdvance", "ph":"E", "ts":"2477001402", "pid":"1", "tid":"wave"},
{"name":"ModelSetRunClock", "ph":"B", "ts":"2492105886", "pid":"1", "tid":"wave"},
{"name":"ModelSetRunClock", "ph":"E", "ts":"2492105954", "pid":"1", "tid":"wave"},
{"name":"ModelAdvance", "ph":"B", "ts":"2492106039", "pid":"1", "tid":"wave"},
{"name":"ModelAdvance", "ph":"E", "ts":"2510978348", "pid":"1", "tid":"wave"},
{"name":"ModelSetRunClock", "ph":"B", "ts":"2528651321", "pid":"1", "tid":"wave"},
{"name":"ModelSetRunClock", "ph":"E", "ts":"2528651401", "pid":"1", "tid":"wave"},
{"name":"ModelAdvance", "ph":"B", "ts":"2528651493", "pid":"1", "tid":"wave"},
{"name":"ModelAdvance", "ph":"E", "ts":"2547891350", "pid":"1", "tid":"wave"},
{"name":"ModelSetRunClock", "ph":"B", "ts":"2563225232", "pid":"1", "tid":"wave"},
{"name":"ModelSetRunClock", "ph":"E", "ts":"2563225370", "pid":"1", "tid":"wave"},
{"name":"ModelAdvance", "ph":"B", "ts":"2563225551", "pid":"1", "tid":"wave"},
{"name":"ModelAdvance", "ph":"E", "ts":"2581946951", "pid":"1", "tid":"wave"},
{"name":"ModelSetRunClock", "ph":"B", "ts":"2599915254", "pid":"1", "tid":"wave"},
{"name":"ModelSetRunClock", "ph":"E", "ts":"2599915415", "pid":"1", "tid":"wave"},
{"name":"ModelAdvance", "ph":"B", "ts":"2599915506", "pid":"1", "tid":"wave"},
{"name":"ModelAdvance", "ph":"E", "ts":"2618969107", "pid":"1", "tid":"wave"},
{"name":"ModelSetRunClock", "ph":"B", "ts":"2638372473", "pid":"1", "tid":"wave"},
{"name":"ModelSetRunClock", "ph":"E", "ts":"2638372663", "pid":"1", "tid":"wave"},
{"name":"ModelAdvance", "ph":"B", "ts":"2638372750", "pid":"1", "tid":"wave"},
{"name":"ModelAdvance", "ph":"E", "ts":"2656864507", "pid":"1", "tid":"wave"},
{"name":"ModelSetRunClock", "ph":"B", "ts":"2676267755", "pid":"1", "tid":"wave"},
{"name":"ModelSetRunClock", "ph":"E", "ts":"2676267918", "pid":"1", "tid":"wave"},
{"name":"ModelAdvance", "ph":"B", "ts":"2676268002", "pid":"1", "tid":"wave"},
{"name":"ModelAdvance", "ph":"E", "ts":"2694910279", "pid":"1", "tid":"wave"},
{"name":"ModelSetRunClock", "ph":"B", "ts":"2710916453", "pid":"1", "tid":"wave"},
{"name":"ModelSetRunClock", "ph":"E", "ts":"2710916633", "pid":"1", "tid":"wave"},
{"name":"ModelAdvance", "ph":"B", "ts":"2710916736", "pid":"1", "tid":"wave"},
{"name":"ModelAdvance", "ph":"E", "ts":"2728943844", "pid":"1", "tid":"wave"},
{"name":"ModelSetRunClock", "ph":"B", "ts":"2748632414", "pid":"1", "tid":"wave"},
{"name":"ModelSetRunClock", "ph":"E", "ts":"2748632579", "pid":"1", "tid":"wave"},
{"name":"ModelAdvance", "ph":"B", "ts":"2748632658", "pid":"1", "tid":"wave"},
{"name":"ModelAdvance", "ph":"E", "ts":"2766881243", "pid":"1", "tid":"wave"},
{"name":"ModelSetRunClock", "ph":"B", "ts":"2783388493", "pid":"1", "tid":"wave"},
{"name":"ModelSetRunClock", "ph":"E", "ts":"2783388719", "pid":"1", "tid":"wave"},
{"name":"ModelAdvance", "ph":"B", "ts":"2783388835", "pid":"1", "tid":"wave"},
{"name":"ModelAdvance", "ph":"E", "ts":"2800976516", "pid":"1", "tid":"wave"},
{"name":"ModelSetRunClock", "ph":"B", "ts":"2820929245", "pid":"1", "tid":"wave"},
{"name":"ModelSetRunClock", "ph":"E", "ts":"2820929400", "pid":"1", "tid":"wave"},
{"name":"ModelAdvance", "ph":"B", "ts":"2820929488", "pid":"1", "tid":"wave"},
{"name":"ModelAdvance", "ph":"E", "ts":"2863867143", "pid":"1", "tid":"wave"},
{"name":"ModelSetRunClock", "ph":"B", "ts":"2871504904", "pid":"1", "tid":"wave"},
{"name":"ModelSetRunClock", "ph":"E", "ts":"2871504981", "pid":"1", "tid":"wave"},
{"name":"ModelAdvance", "ph":"B", "ts":"2871505071", "pid":"1", "tid":"wave"},
{"name":"ModelAdvance", "ph":"E", "ts":"2888629491", "pid":"1", "tid":"wave"},
{"name":"ModelSetRunClock", "ph":"B", "ts":"2908357631", "pid":"1", "tid":"wave"},
{"name":"ModelSetRunClock", "ph":"E", "ts":"2908357704", "pid":"1", "tid":"wave"},
{"name":"ModelAdvance", "ph":"B", "ts":"2908357788", "pid":"1", "tid":"wave"},
{"name":"ModelAdvance", "ph":"E", "ts":"2925721143", "pid":"1", "tid":"wave"},
{"name":"ModelSetRunClock", "ph":"B", "ts":"2943222646", "pid":"1", "tid":"wave"},
{"name":"ModelSetRunClock", "ph":"E", "ts":"2943222751", "pid":"1", "tid":"wave"},
{"name":"ModelAdvance", "ph":"B", "ts":"2943222868", "pid":"1", "tid":"wave"},
{"name":"ModelAdvance", "ph":"E", "ts":"2960029085", "pid":"1", "tid":"wave"},
{"name":"ModelSetRunClock", "ph":"B", "ts":"2981544375", "pid":"1", "tid":"wave"},
{"name":"ModelSetRunClock", "ph":"E", "ts":"2981544573", "pid":"1", "tid":"wave"},
{"name":"ModelAdvance", "ph":"B", "ts":"2981544695", "pid":"1", "tid":"wave"},
{"name":"ModelAdvance", "ph":"E", "ts":"2998656271", "pid":"1", "tid":"wave"},
{"name":"ModelSetRunClock", "ph":"B", "ts":"3016402500", "pid":"1", "tid":"wave"},
{"name":"ModelSetRunClock", "ph":"E", "ts":"3016402656", "pid":"1", "tid":"wave"},
{"name":"ModelAdvance", "ph":"B", "ts":"3016402743", "pid":"1", "tid":"wave"},
{"name":"ModelAdvance", "ph":"E", "ts":"3033012844", "pid":"1", "tid":"wave"},
{"name":"ModelSetRunClock", "ph":"B", "ts":"3054328493", "pid":"1", "tid":"wave"},
{"name":"ModelSetRunClock", "ph":"E", "ts":"3054330097", "pid":"1", "tid":"wave"},
{"name":"ModelAdvance", "ph":"B", "ts":"3054330190", "pid":"1", "tid":"wave"},
{"name":"ModelAdvance", "ph":"E", "ts":"3095957625", "pid":"1", "tid":"wave"},
{"name":"ModelSetRunClock", "ph":"B", "ts":"3103889275", "pid":"1", "tid":"wave"},
{"name":"ModelSetRunClock", "ph":"E", "ts":"3103889351", "pid":"1", "tid":"wave"},
{"name":"ModelAdvance", "ph":"B", "ts":"3103889443", "pid":"1", "tid":"wave"},
{"name":"ModelAdvance", "ph":"E", "ts":"3120172849", "pid":"1", "tid":"wave"},
{"name":"ModelSetRunClock", "ph":"B", "ts":"3140541997", "pid":"1", "tid":"wave"},
{"name":"ModelSetRunClock", "ph":"E", "ts":"3140542695", "pid":"1", "tid":"wave"},
{"name":"ModelAdvance", "ph":"B", "ts":"3140542780", "pid":"1", "tid":"wave"},
{"name":"ModelAdvance", "ph":"E", "ts":"3157191889", "pid":"1", "tid":"wave"},
{"name":"ModelSetRunClock", "ph":"B", "ts":"3175268963", "pid":"1", "tid":"wave"},
{"name":"ModelSetRunClock", "ph":"E", "ts":"3175269100", "pid":"1", "tid":"wave"},
{"name":"ModelAdvance", "ph":"B", "ts":"3175269261", "pid":"1", "tid":"wave"},
{"name":"ModelAdvance", "ph":"E", "ts":"3191458307", "pid":"1", "tid":"wave"},
{"name":"ModelSetRunClock", "ph":"B", "ts":"3213495318", "pid":"1", "tid":"wave"},
{"name":"ModelSetRunClock", "ph":"E", "ts":"3213496177", "pid":"1", "tid":"wave"},
{"name":"ModelAdvance", "ph":"B", "ts":"3213496281", "pid":"1", "tid":"wave"},
{"name":"ModelAdvance", "ph":"E", "ts":"3229996406", "pid":"1", "tid":"wave"},
{"name":"ModelSetRunClock", "ph":"B", "ts":"3248155272", "pid":"1", "tid":"wave"},
{"name":"ModelSetRunClock", "ph":"E", "ts":"3248155337", "pid":"1", "tid":"wave"},
{"name":"ModelAdvance", "ph":"B", "ts":"3248155421", "pid":"1", "tid":"wave"},
{"name":"ModelAdvance", "ph":"E", "ts":"3264339102", "pid":"1", "tid":"wave"},
{"name":"ModelSetRunClock", "ph":"B", "ts":"3286255538", "pid":"1", "tid":"wave"},
{"name":"ModelSetRunClock", "ph":"E", "ts":"3286259766", "pid":"1", "tid":"wave"},
{"name":"ModelAdvance", "ph":"B", "ts":"3286259877", "pid":"1", "tid":"wave"},
{"name":"ModelAdvance", "ph":"E", "ts":"3327910095", "pid":"1", "tid":"wave"},
{"name":"ModelFinalize", "ph":"B", "ts":"3327915829", "pid":"1", "tid":"wave"},
{"name":"ModelFinalize", "ph":"E", "ts":"3327915859", "pid":"1", "tid":"wave"},
