{"name":"SetServices", "ph":"B", "ts":"2195042610", "pid":"1", "tid":"mom"},
{"name":"SetServices", "ph":"E", "ts":"2195044583", "pid":"1", "tid":"mom"},
{"name":"InitializeP0", "ph":"B", "ts":"2195117685", "pid":"1", "tid":"mom"},
{"name":"InitializeP0", "ph":"E", "ts":"2195120211", "pid":"1", "tid":"mom"},
{"name":"InitializeAdvertise", "ph":"B", "ts":"2198798978", "pid":"1", "tid":"mom"},
{"name":"InitializeAdvertise", "ph":"E", "ts":"2267156666", "pid":"1", "tid":"mom"},
{"name":"InitializeRealize", "ph":"B", "ts":"2319177899", "pid":"1", "tid":"mom"},
{"name":"InitializeRealize", "ph":"E", "ts":"2322760819", "pid":"1", "tid":"mom"},
{"name":"DataInitialize", "ph":"B", "ts":"2356131456", "pid":"1", "tid":"mom"},
{"name":"DataInitialize", "ph":"E", "ts":"2356133907", "pid":"1", "tid":"mom"},
{"name":"ModelSetRunClock", "ph":"B", "ts":"2408430853", "pid":"1", "tid":"mom"},
{"name":"ModelSetRunClock", "ph":"E", "ts":"2408451445", "pid":"1", "tid":"mom"},
{"name":"ModelAdvance", "ph":"B", "ts":"2408451623", "pid":"1", "tid":"mom"},
{"name":"ModelAdvance", "ph":"E", "ts":"2424472379", "pid":"1", "tid":"mom"},
{"name":"ModelSetRunClock", "ph":"B", "ts":"2457678669", "pid":"1", "tid":"mom"},
{"name":"ModelSetRunClock", "ph":"E", "ts":"2457678882", "pid":"1", "tid":"mom"},
{"name":"ModelAdvance", "ph":"B", "ts":"2457679073", "pid":"1", "tid":"mom"},
{"name":"ModelAdvance", "ph":"E", "ts":"2472744448", "pid":"1", "tid":"mom"},
{"name":"ModelSetRunClock", "ph":"B", "ts":"2492118743", "pid":"1", "tid":"mom"},
{"name":"ModelSetRunClock", "ph":"E", "ts":"2492118952", "pid":"1", "tid":"mom"},
{"name":"ModelAdvance", "ph":"B", "ts":"2492119124", "pid":"1", "tid":"mom"},
{"name":"ModelAdvance", "ph":"E", "ts":"2517364088", "pid":"1", "tid":"mom"},
{"name":"ModelSetRunClock", "ph":"B", "ts":"2528692399", "pid":"1", "tid":"mom"},
{"name":"ModelSetRunClock", "ph":"E", "ts":"2528692633", "pid":"1", "tid":"mom"},
{"name":"ModelAdvance", "ph":"B", "ts":"2528692817", "pid":"1", "tid":"mom"},
{"name":"ModelAdvance", "ph":"E", "ts":"2543755349", "pid":"1", "tid":"mom"},
{"name":"ModelSetRunClock", "ph":"B", "ts":"2563263775", "pid":"1", "tid":"mom"},
{"name":"ModelSetRunClock", "ph":"E", "ts":"2563264228", "pid":"1", "tid":"mom"},
{"name":"ModelAdvance", "ph":"B", "ts":"2563264518", "pid":"1", "tid":"mom"},
{"name":"ModelAdvance", "ph":"E", "ts":"2588647721", "pid":"1", "tid":"mom"},
{"name":"ModelSetRunClock", "ph":"B", "ts":"2599942386", "pid":"1", "tid":"mom"},
{"name":"ModelSetRunClock", "ph":"E", "ts":"2599942600", "pid":"1", "tid":"mom"},
{"name":"ModelAdvance", "ph":"B", "ts":"2599942764", "pid":"1", "tid":"mom"},
{"name":"ModelAdvance", "ph":"E", "ts":"2615196313", "pid":"1", "tid":"mom"},
{"name":"ModelSetRunClock", "ph":"B", "ts":"2638376579", "pid":"1", "tid":"mom"},
{"name":"ModelSetRunClock", "ph":"E", "ts":"2638376799", "pid":"1", "tid":"mom"},
{"name":"ModelAdvance", "ph":"B", "ts":"2638376983", "pid":"1", "tid":"mom"},
{"name":"ModelAdvance", "ph":"E", "ts":"2663698655", "pid":"1", "tid":"mom"},
{"name":"ModelSetRunClock", "ph":"B", "ts":"2676273819", "pid":"1", "tid":"mom"},
{"name":"ModelSetRunClock", "ph":"E", "ts":"2676274039", "pid":"1", "tid":"mom"},
{"name":"ModelAdvance", "ph":"B", "ts":"2676274227", "pid":"1", "tid":"mom"},
{"name":"ModelAdvance", "ph":"E", "ts":"2691338509", "pid":"1", "tid":"mom"},
{"name":"ModelSetRunClock", "ph":"B", "ts":"2710942768", "pid":"1", "tid":"mom"},
{"name":"ModelSetRunClock", "ph":"E", "ts":"2710943001", "pid":"1", "tid":"mom"},
{"name":"ModelAdvance", "ph":"B", "ts":"2710943206", "pid":"1", "tid":"mom"},
{"name":"ModelAdvance", "ph":"E", "ts":"2735865950", "pid":"1", "tid":"mom"},
{"name":"ModelSetRunClock", "ph":"B", "ts":"2748673316", "pid":"1", "tid":"mom"},
{"name":"ModelSetRunClock", "ph":"E", "ts":"2748673524", "pid":"1", "tid":"mom"},
{"name":"ModelAdvance", "ph":"B", "ts":"2748673685", "pid":"1", "tid":"mom"},
{"name":"ModelAdvance", "ph":"E", "ts":"2763685302", "pid":"1", "tid":"mom"},
{"name":"ModelSetRunClock", "ph":"B", "ts":"2783392719", "pid":"1", "tid":"mom"},
{"name":"ModelSetRunClock", "ph":"E", "ts":"2783392935", "pid":"1", "tid":"mom"},
{"name":"ModelAdvance", "ph":"B", "ts":"2783393136", "pid":"1", "tid":"mom"},
{"name":"ModelAdvance", "ph":"E", "ts":"2809218411", "pid":"1", "tid":"mom"},
{"name":"ModelSetRunClock", "ph":"B", "ts":"2820995963", "pid":"1", "tid":"mom"},
{"name":"ModelSetRunClock", "ph":"E", "ts":"2820996206", "pid":"1", "tid":"mom"},
{"name":"ModelAdvance", "ph":"B", "ts":"2820996363", "pid":"1", "tid":"mom"},
{"name":"ModelAdvance", "ph":"E", "ts":"2859679283", "pid":"1", "tid":"mom"},
{"name":"ModelSetRunClock", "ph":"B", "ts":"2871506083", "pid":"1", "tid":"mom"},
{"name":"ModelSetRunClock", "ph":"E", "ts":"2871506707", "pid":"1", "tid":"mom"},
{"name":"ModelAdvance", "ph":"B", "ts":"2871506866", "pid":"1", "tid":"mom"},
{"name":"ModelAdvance", "ph":"E", "ts":"2896692526", "pid":"1", "tid":"mom"},
{"name":"ModelSetRunClock", "ph":"B", "ts":"2908384130", "pid":"1", "tid":"mom"},
{"name":"ModelSetRunClock", "ph":"E", "ts":"2908384214", "pid":"1", "tid":"mom"},
{"name":"ModelAdvance", "ph":"B", "ts":"2908384376", "pid":"1", "tid":"mom"},
{"name":"ModelAdvance", "ph":"E", "ts":"2923028279", "pid":"1", "tid":"mom"},
{"name":"ModelSetRunClock", "ph":"B", "ts":"2943224468", "pid":"1", "tid":"mom"},
{"name":"ModelSetRunClock", "ph":"E", "ts":"2943224536", "pid":"1", "tid":"mom"},
{"name":"ModelAdvance", "ph":"B", "ts":"2943224699", "pid":"1", "tid":"mom"},
{"name":"ModelAdvance", "ph":"E", "ts":"2968941491", "pid":"1", "tid":"mom"},
{"name":"ModelSetRunClock", "ph":"B", "ts":"2981582704", "pid":"1", "tid":"mom"},
{"name":"ModelSetRunClock", "ph":"E", "ts":"2981582789", "pid":"1", "tid":"mom"},
{"name":"ModelAdvance", "ph":"B", "ts":"2981582959", "pid":"1", "tid":"mom"},
{"name":"ModelAdvance", "ph":"E", "ts":"2996198647", "pid":"1", "tid":"mom"},
{"name":"ModelSetRunClock", "ph":"B", "ts":"3016412060", "pid":"1", "tid":"mom"},
{"name":"ModelSetRunClock", "ph":"E", "ts":"3016412155", "pid":"1", "tid":"mom"},
{"name":"ModelAdvance", "ph":"B", "ts":"3016412338", "pid":"1", "tid":"mom"},
{"name":"ModelAdvance", "ph":"E", "ts":"3042055606", "pid":"1", "tid":"mom"},
{"name":"ModelSetRunClock", "ph":"B", "ts":"3054361403", "pid":"1", "tid":"mom"},
{"name":"ModelSetRunClock", "ph":"E", "ts":"3054361498", "pid":"1", "tid":"mom"},
{"name":"ModelAdvance", "ph":"B", "ts":"3054361720", "pid":"1", "tid":"mom"},
{"name":"ModelAdvance", "ph":"E", "ts":"3092419327", "pid":"1", "tid":"mom"},
{"name":"ModelSetRunClock", "ph":"B", "ts":"3103889755", "pid":"1", "tid":"mom"},
{"name":"ModelSetRunClock", "ph":"E", "ts":"3103889830", "pid":"1", "tid":"mom"},
{"name":"ModelAdvance", "ph":"B", "ts":"3103889987", "pid":"1", "tid":"mom"},
{"name":"ModelAdvance", "ph":"E", "ts":"3129044157", "pid":"1", "tid":"mom"},
{"name":"ModelSetRunClock", "ph":"B", "ts":"3140571166", "pid":"1", "tid":"mom"},
{"name":"ModelSetRunClock", "ph":"E", "ts":"3140571237", "pid":"1", "tid":"mom"},
{"name":"ModelAdvance", "ph":"B", "ts":"3140571397", "pid":"1", "tid":"mom"},
{"name":"ModelAdvance", "ph":"E", "ts":"3155174742", "pid":"1", "tid":"mom"},
{"name":"ModelSetRunClock", "ph":"B", "ts":"3175269798", "pid":"1", "tid":"mom"},
{"name":"ModelSetRunClock", "ph":"E", "ts":"3175270005", "pid":"1", "tid":"mom"},
{"name":"ModelAdvance", "ph":"B", "ts":"3175270162", "pid":"1", "tid":"mom"},
{"name":"ModelAdvance", "ph":"E", "ts":"3200591677", "pid":"1", "tid":"mom"},
{"name":"ModelSetRunClock", "ph":"B", "ts":"3213516140", "pid":"1", "tid":"mom"},
{"name":"ModelSetRunClock", "ph":"E", "ts":"3213516352", "pid":"1", "tid":"mom"},
{"name":"ModelAdvance", "ph":"B", "ts":"3213516518", "pid":"1", "tid":"mom"},
{"name":"ModelAdvance", "ph":"E", "ts":"3228191455", "pid":"1", "tid":"mom"},
{"name":"ModelSetRunClock", "ph":"B", "ts":"3248175495", "pid":"1", "tid":"mom"},
{"name":"ModelSetRunClock", "ph":"E", "ts":"3248175708", "pid":"1", "tid":"mom"},
{"name":"ModelAdvance", "ph":"B", "ts":"3248175868", "pid":"1", "tid":"mom"},
{"name":"ModelAdvance", "ph":"E", "ts":"3273995385", "pid":"1", "tid":"mom"},
{"name":"ModelSetRunClock", "ph":"B", "ts":"3286309682", "pid":"1", "tid":"mom"},
{"name":"ModelSetRunClock", "ph":"E", "ts":"3286310073", "pid":"1", "tid":"mom"},
{"name":"ModelAdvance", "ph":"B", "ts":"3286310233", "pid":"1", "tid":"mom"},
{"name":"ModelAdvance", "ph":"E", "ts":"3324650766", "pid":"1", "tid":"mom"},
{"name":"ocean_model_finalize", "ph":"B", "ts":"3324655993", "pid":"1", "tid":"mom"},
{"name":"ocean_model_finalize", "ph":"E", "ts":"3335928289", "pid":"1", "tid":"mom"},
