{"name":"SetServices", "ph":"B", "ts":"1782076755", "pid":"1", "tid":"mom"},
{"name":"SetServices", "ph":"E", "ts":"1782078461", "pid":"1", "tid":"mom"},
{"name":"InitializeP0", "ph":"B", "ts":"1782154837", "pid":"1", "tid":"mom"},
{"name":"InitializeP0", "ph":"E", "ts":"1782157487", "pid":"1", "tid":"mom"},
{"name":"InitializeAdvertise", "ph":"B", "ts":"1785783306", "pid":"1", "tid":"mom"},
{"name":"InitializeAdvertise", "ph":"E", "ts":"1874685256", "pid":"1", "tid":"mom"},
{"name":"InitializeRealize", "ph":"B", "ts":"2011191476", "pid":"1", "tid":"mom"},
{"name":"InitializeRealize", "ph":"E", "ts":"2014288491", "pid":"1", "tid":"mom"},
{"name":"DataInitialize", "ph":"B", "ts":"2065138200", "pid":"1", "tid":"mom"},
{"name":"DataInitialize", "ph":"E", "ts":"2065140820", "pid":"1", "tid":"mom"},
{"name":"ModelSetRunClock", "ph":"B", "ts":"2121970430", "pid":"1", "tid":"mom"},
{"name":"ModelSetRunClock", "ph":"E", "ts":"2121979594", "pid":"1", "tid":"mom"},
{"name":"ModelAdvance", "ph":"B", "ts":"2121979764", "pid":"1", "tid":"mom"},
{"name":"ModelAdvance", "ph":"E", "ts":"2137828080", "pid":"1", "tid":"mom"},
{"name":"ModelSetRunClock", "ph":"B", "ts":"2170063175", "pid":"1", "tid":"mom"},
{"name":"ModelSetRunClock", "ph":"E", "ts":"2170063260", "pid":"1", "tid":"mom"},
{"name":"ModelAdvance", "ph":"B", "ts":"2170063442", "pid":"1", "tid":"mom"},
{"name":"ModelAdvance", "ph":"E", "ts":"2185038357", "pid":"1", "tid":"mom"},
{"name":"ModelSetRunClock", "ph":"B", "ts":"2204555498", "pid":"1", "tid":"mom"},
{"name":"ModelSetRunClock", "ph":"E", "ts":"2204555591", "pid":"1", "tid":"mom"},
{"name":"ModelAdvance", "ph":"B", "ts":"2204555788", "pid":"1", "tid":"mom"},
{"name":"ModelAdvance", "ph":"E", "ts":"2228728208", "pid":"1", "tid":"mom"},
{"name":"ModelSetRunClock", "ph":"B", "ts":"2241186930", "pid":"1", "tid":"mom"},
{"name":"ModelSetRunClock", "ph":"E", "ts":"2241187003", "pid":"1", "tid":"mom"},
{"name":"ModelAdvance", "ph":"B", "ts":"2241187157", "pid":"1", "tid":"mom"},
{"name":"ModelAdvance", "ph":"E", "ts":"2256162588", "pid":"1", "tid":"mom"},
{"name":"ModelSetRunClock", "ph":"B", "ts":"2275738333", "pid":"1", "tid":"mom"},
{"name":"ModelSetRunClock", "ph":"E", "ts":"2275738414", "pid":"1", "tid":"mom"},
{"name":"ModelAdvance", "ph":"B", "ts":"2275738575", "pid":"1", "tid":"mom"},
{"name":"ModelAdvance", "ph":"E", "ts":"2301083634", "pid":"1", "tid":"mom"},
{"name":"ModelSetRunClock", "ph":"B", "ts":"2312485709", "pid":"1", "tid":"mom"},
{"name":"ModelSetRunClock", "ph":"E", "ts":"2312485791", "pid":"1", "tid":"mom"},
{"name":"ModelAdvance", "ph":"B", "ts":"2312485956", "pid":"1", "tid":"mom"},
{"name":"ModelAdvance", "ph":"E", "ts":"2327607954", "pid":"1", "tid":"mom"},
{"name":"ModelSetRunClock", "ph":"B", "ts":"2365820773", "pid":"1", "tid":"mom"},
{"name":"ModelSetRunClock", "ph":"E", "ts":"2365821027", "pid":"1", "tid":"mom"},
{"name":"ModelAdvance", "ph":"B", "ts":"2365821287", "pid":"1", "tid":"mom"},
{"name":"ModelAdvance", "ph":"E", "ts":"2390235238", "pid":"1", "tid":"mom"},
{"name":"ModelSetRunClock", "ph":"B", "ts":"2404184576", "pid":"1", "tid":"mom"},
{"name":"ModelSetRunClock", "ph":"E", "ts":"2404184811", "pid":"1", "tid":"mom"},
{"name":"ModelAdvance", "ph":"B", "ts":"2404185009", "pid":"1", "tid":"mom"},
{"name":"ModelAdvance", "ph":"E", "ts":"2419228544", "pid":"1", "tid":"mom"},
{"name":"ModelSetRunClock", "ph":"B", "ts":"2438985282", "pid":"1", "tid":"mom"},
{"name":"ModelSetRunClock", "ph":"E", "ts":"2438985443", "pid":"1", "tid":"mom"},
{"name":"ModelAdvance", "ph":"B", "ts":"2438985606", "pid":"1", "tid":"mom"},
{"name":"ModelAdvance", "ph":"E", "ts":"2462770197", "pid":"1", "tid":"mom"},
{"name":"ModelSetRunClock", "ph":"B", "ts":"2476649921", "pid":"1", "tid":"mom"},
{"name":"ModelSetRunClock", "ph":"E", "ts":"2476650095", "pid":"1", "tid":"mom"},
{"name":"ModelAdvance", "ph":"B", "ts":"2476650257", "pid":"1", "tid":"mom"},
{"name":"ModelAdvance", "ph":"E", "ts":"2491629516", "pid":"1", "tid":"mom"},
{"name":"ModelSetRunClock", "ph":"B", "ts":"2511443733", "pid":"1", "tid":"mom"},
{"name":"ModelSetRunClock", "ph":"E", "ts":"2511443902", "pid":"1", "tid":"mom"},
{"name":"ModelAdvance", "ph":"B", "ts":"2511444089", "pid":"1", "tid":"mom"},
{"name":"ModelAdvance", "ph":"E", "ts":"2536181228", "pid":"1", "tid":"mom"},
{"name":"ModelSetRunClock", "ph":"B", "ts":"2549177861", "pid":"1", "tid":"mom"},
{"name":"ModelSetRunClock", "ph":"E", "ts":"2549178057", "pid":"1", "tid":"mom"},
{"name":"ModelAdvance", "ph":"B", "ts":"2549178218", "pid":"1", "tid":"mom"},
{"name":"ModelAdvance", "ph":"E", "ts":"2585424182", "pid":"1", "tid":"mom"},
{"name":"ModelSetRunClock", "ph":"B", "ts":"2601378387", "pid":"1", "tid":"mom"},
{"name":"ModelSetRunClock", "ph":"E", "ts":"2601378452", "pid":"1", "tid":"mom"},
{"name":"ModelAdvance", "ph":"B", "ts":"2601378610", "pid":"1", "tid":"mom"},
{"name":"ModelAdvance", "ph":"E", "ts":"2626368631", "pid":"1", "tid":"mom"},
{"name":"ModelSetRunClock", "ph":"B", "ts":"2638330198", "pid":"1", "tid":"mom"},
{"name":"ModelSetRunClock", "ph":"E", "ts":"2638330360", "pid":"1", "tid":"mom"},
{"name":"ModelAdvance", "ph":"B", "ts":"2638330528", "pid":"1", "tid":"mom"},
{"name":"ModelAdvance", "ph":"E", "ts":"2652809089", "pid":"1", "tid":"mom"},
{"name":"ModelSetRunClock", "ph":"B", "ts":"2673205637", "pid":"1", "tid":"mom"},
{"name":"ModelSetRunClock", "ph":"E", "ts":"2673205836", "pid":"1", "tid":"mom"},
{"name":"ModelAdvance", "ph":"B", "ts":"2673206021", "pid":"1", "tid":"mom"},
{"name":"ModelAdvance", "ph":"E", "ts":"2697958442", "pid":"1", "tid":"mom"},
{"name":"ModelSetRunClock", "ph":"B", "ts":"2711681447", "pid":"1", "tid":"mom"},
{"name":"ModelSetRunClock", "ph":"E", "ts":"2711681636", "pid":"1", "tid":"mom"},
{"name":"ModelAdvance", "ph":"B", "ts":"2711681806", "pid":"1", "tid":"mom"},
{"name":"ModelAdvance", "ph":"E", "ts":"2726226476", "pid":"1", "tid":"mom"},
{"name":"ModelSetRunClock", "ph":"B", "ts":"2746597656", "pid":"1", "tid":"mom"},
{"name":"ModelSetRunClock", "ph":"E", "ts":"2746597869", "pid":"1", "tid":"mom"},
{"name":"ModelAdvance", "ph":"B", "ts":"2746598044", "pid":"1", "tid":"mom"},
{"name":"ModelAdvance", "ph":"E", "ts":"2771265775", "pid":"1", "tid":"mom"},
{"name":"ModelSetRunClock", "ph":"B", "ts":"2784490588", "pid":"1", "tid":"mom"},
{"name":"ModelSetRunClock", "ph":"E", "ts":"2784490772", "pid":"1", "tid":"mom"},
{"name":"ModelAdvance", "ph":"B", "ts":"2784490935", "pid":"1", "tid":"mom"},
{"name":"ModelAdvance", "ph":"E", "ts":"2831290260", "pid":"1", "tid":"mom"},
{"name":"ModelSetRunClock", "ph":"B", "ts":"2838853743", "pid":"1", "tid":"mom"},
{"name":"ModelSetRunClock", "ph":"E", "ts":"2838853904", "pid":"1", "tid":"mom"},
{"name":"ModelAdvance", "ph":"B", "ts":"2838854065", "pid":"1", "tid":"mom"},
{"name":"ModelAdvance", "ph":"E", "ts":"2863329531", "pid":"1", "tid":"mom"},
{"name":"ModelSetRunClock", "ph":"B", "ts":"2875674598", "pid":"1", "tid":"mom"},
{"name":"ModelSetRunClock", "ph":"E", "ts":"2875674760", "pid":"1", "tid":"mom"},
{"name":"ModelAdvance", "ph":"B", "ts":"2875674934", "pid":"1", "tid":"mom"},
{"name":"ModelAdvance", "ph":"E", "ts":"2890118350", "pid":"1", "tid":"mom"},
{"name":"ModelSetRunClock", "ph":"B", "ts":"2910550267", "pid":"1", "tid":"mom"},
{"name":"ModelSetRunClock", "ph":"E", "ts":"2910550446", "pid":"1", "tid":"mom"},
{"name":"ModelAdvance", "ph":"B", "ts":"2910550625", "pid":"1", "tid":"mom"},
{"name":"ModelAdvance", "ph":"E", "ts":"2937570227", "pid":"1", "tid":"mom"},
{"name":"ModelSetRunClock", "ph":"B", "ts":"2948604276", "pid":"1", "tid":"mom"},
{"name":"ModelSetRunClock", "ph":"E", "ts":"2948604585", "pid":"1", "tid":"mom"},
{"name":"ModelAdvance", "ph":"B", "ts":"2948604830", "pid":"1", "tid":"mom"},
{"name":"ModelAdvance", "ph":"E", "ts":"2963162121", "pid":"1", "tid":"mom"},
{"name":"ModelSetRunClock", "ph":"B", "ts":"2983343935", "pid":"1", "tid":"mom"},
{"name":"ModelSetRunClock", "ph":"E", "ts":"2983344127", "pid":"1", "tid":"mom"},
{"name":"ModelAdvance", "ph":"B", "ts":"2983344306", "pid":"1", "tid":"mom"},
{"name":"ModelAdvance", "ph":"E", "ts":"3007696141", "pid":"1", "tid":"mom"},
{"name":"ModelSetRunClock", "ph":"B", "ts":"3021416493", "pid":"1", "tid":"mom"},
{"name":"ModelSetRunClock", "ph":"E", "ts":"3021416712", "pid":"1", "tid":"mom"},
{"name":"ModelAdvance", "ph":"B", "ts":"3021416883", "pid":"1", "tid":"mom"},
{"name":"ModelAdvance", "ph":"E", "ts":"3063656640", "pid":"1", "tid":"mom"},
{"name":"ocean_model_finalize", "ph":"B", "ts":"3063663515", "pid":"1", "tid":"mom"},
{"name":"ocean_model_finalize", "ph":"E", "ts":"3089901175", "pid":"1", "tid":"mom"},
