{"name":"SetServices", "ph":"B", "ts":"1782103137", "pid":"1", "tid":"cice"},
{"name":"SetServices", "ph":"E", "ts":"1782104823", "pid":"1", "tid":"cice"},
{"name":"InitializeP0", "ph":"B", "ts":"1782154246", "pid":"1", "tid":"cice"},
{"name":"InitializeP0", "ph":"E", "ts":"1782154361", "pid":"1", "tid":"cice"},
{"name":"InitializeAdvertise", "ph":"B", "ts":"1785783341", "pid":"1", "tid":"cice"},
{"name":"InitializeAdvertise", "ph":"E", "ts":"1792047592", "pid":"1", "tid":"cice"},
{"name":"InitializeRealize", "ph":"B", "ts":"2011321360", "pid":"1", "tid":"cice"},
{"name":"InitializeRealize", "ph":"E", "ts":"2037272454", "pid":"1", "tid":"cice"},
{"name":"ModelAdvance", "ph":"B", "ts":"2122313281", "pid":"1", "tid":"cice"},
{"name":"ModelAdvance", "ph":"E", "ts":"2124952651", "pid":"1", "tid":"cice"},
{"name":"ModelAdvance", "ph":"B", "ts":"2138484439", "pid":"1", "tid":"cice"},
{"name":"ModelAdvance", "ph":"E", "ts":"2140947771", "pid":"1", "tid":"cice"},
{"name":"ModelAdvance", "ph":"B", "ts":"2141341637", "pid":"1", "tid":"cice"},
{"name":"ModelAdvance", "ph":"E", "ts":"2143817972", "pid":"1", "tid":"cice"},
{"name":"ModelAdvance", "ph":"B", "ts":"2144204096", "pid":"1", "tid":"cice"},
{"name":"ModelAdvance", "ph":"E", "ts":"2146683540", "pid":"1", "tid":"cice"},
{"name":"ModelAdvance", "ph":"B", "ts":"2147084201", "pid":"1", "tid":"cice"},
{"name":"ModelAdvance", "ph":"E", "ts":"2149549752", "pid":"1", "tid":"cice"},
{"name":"ModelAdvance", "ph":"B", "ts":"2149951788", "pid":"1", "tid":"cice"},
{"name":"ModelAdvance", "ph":"E", "ts":"2152392510", "pid":"1", "tid":"cice"},
{"name":"ModelAdvance", "ph":"B", "ts":"2152789583", "pid":"1", "tid":"cice"},
{"name":"ModelAdvance", "ph":"E", "ts":"2155251508", "pid":"1", "tid":"cice"},
{"name":"ModelAdvance", "ph":"B", "ts":"2155645658", "pid":"1", "tid":"cice"},
{"name":"ModelAdvance", "ph":"E", "ts":"2158097331", "pid":"1", "tid":"cice"},
{"name":"ModelAdvance", "ph":"B", "ts":"2158460284", "pid":"1", "tid":"cice"},
{"name":"ModelAdvance", "ph":"E", "ts":"2160945632", "pid":"1", "tid":"cice"},
{"name":"ModelAdvance", "ph":"B", "ts":"2161357105", "pid":"1", "tid":"cice"},
{"name":"ModelAdvance", "ph":"E", "ts":"2163833322", "pid":"1", "tid":"cice"},
{"name":"ModelAdvance", "ph":"B", "ts":"2164196235", "pid":"1", "tid":"cice"},
{"name":"ModelAdvance", "ph":"E", "ts":"2166689087", "pid":"1", "tid":"cice"},
{"name":"ModelAdvance", "ph":"B", "ts":"2167052065", "pid":"1", "tid":"cice"},
{"name":"ModelAdvance", "ph":"E", "ts":"2169534127", "pid":"1", "tid":"cice"},
{"name":"ModelAdvance", "ph":"B", "ts":"2170174732", "pid":"1", "tid":"cice"},
{"name":"ModelAdvance", "ph":"E", "ts":"2172710406", "pid":"1", "tid":"cice"},
{"name":"ModelAdvance", "ph":"B", "ts":"2173081821", "pid":"1", "tid":"cice"},
{"name":"ModelAdvance", "ph":"E", "ts":"2175547835", "pid":"1", "tid":"cice"},
{"name":"ModelAdvance", "ph":"B", "ts":"2175973568", "pid":"1", "tid":"cice"},
{"name":"ModelAdvance", "ph":"E", "ts":"2178448807", "pid":"1", "tid":"cice"},
{"name":"ModelAdvance", "ph":"B", "ts":"2178824873", "pid":"1", "tid":"cice"},
{"name":"ModelAdvance", "ph":"E", "ts":"2181288036", "pid":"1", "tid":"cice"},
{"name":"ModelAdvance", "ph":"B", "ts":"2181679931", "pid":"1", "tid":"cice"},
{"name":"ModelAdvance", "ph":"E", "ts":"2184175470", "pid":"1", "tid":"cice"},
{"name":"ModelAdvance", "ph":"B", "ts":"2184556256", "pid":"1", "tid":"cice"},
{"name":"ModelAdvance", "ph":"E", "ts":"2186986702", "pid":"1", "tid":"cice"},
{"name":"ModelAdvance", "ph":"B", "ts":"2187459873", "pid":"1", "tid":"cice"},
{"name":"ModelAdvance", "ph":"E", "ts":"2189865560", "pid":"1", "tid":"cice"},
{"name":"ModelAdvance", "ph":"B", "ts":"2190270527", "pid":"1", "tid":"cice"},
{"name":"ModelAdvance", "ph":"E", "ts":"2192733620", "pid":"1", "tid":"cice"},
{"name":"ModelAdvance", "ph":"B", "ts":"2193148356", "pid":"1", "tid":"cice"},
{"name":"ModelAdvance", "ph":"E", "ts":"2195587996", "pid":"1", "tid":"cice"},
{"name":"ModelAdvance", "ph":"B", "ts":"2196007638", "pid":"1", "tid":"cice"},
{"name":"ModelAdvance", "ph":"E", "ts":"2198445638", "pid":"1", "tid":"cice"},
{"name":"ModelAdvance", "ph":"B", "ts":"2198890911", "pid":"1", "tid":"cice"},
{"name":"ModelAdvance", "ph":"E", "ts":"2201308557", "pid":"1", "tid":"cice"},
{"name":"ModelAdvance", "ph":"B", "ts":"2201711519", "pid":"1", "tid":"cice"},
{"name":"ModelAdvance", "ph":"E", "ts":"2204222955", "pid":"1", "tid":"cice"},
{"name":"ModelAdvance", "ph":"B", "ts":"2204637290", "pid":"1", "tid":"cice"},
{"name":"ModelAdvance", "ph":"E", "ts":"2207177460", "pid":"1", "tid":"cice"},
{"name":"ModelAdvance", "ph":"B", "ts":"2209783321", "pid":"1", "tid":"cice"},
{"name":"ModelAdvance", "ph":"E", "ts":"2212335191", "pid":"1", "tid":"cice"},
{"name":"ModelAdvance", "ph":"B", "ts":"2212764692", "pid":"1", "tid":"cice"},
{"name":"ModelAdvance", "ph":"E", "ts":"2215287320", "pid":"1", "tid":"cice"},
{"name":"ModelAdvance", "ph":"B", "ts":"2215646659", "pid":"1", "tid":"cice"},
{"name":"ModelAdvance", "ph":"E", "ts":"2218148590", "pid":"1", "tid":"cice"},
{"name":"ModelAdvance", "ph":"B", "ts":"2218528482", "pid":"1", "tid":"cice"},
{"name":"ModelAdvance", "ph":"E", "ts":"2220983293", "pid":"1", "tid":"cice"},
{"name":"ModelAdvance", "ph":"B", "ts":"2221363468", "pid":"1", "tid":"cice"},
{"name":"ModelAdvance", "ph":"E", "ts":"2223774242", "pid":"1", "tid":"cice"},
{"name":"ModelAdvance", "ph":"B", "ts":"2224197927", "pid":"1", "tid":"cice"},
{"name":"ModelAdvance", "ph":"E", "ts":"2226603320", "pid":"1", "tid":"cice"},
{"name":"ModelAdvance", "ph":"B", "ts":"2226999284", "pid":"1", "tid":"cice"},
{"name":"ModelAdvance", "ph":"E", "ts":"2229416564", "pid":"1", "tid":"cice"},
{"name":"ModelAdvance", "ph":"B", "ts":"2229820517", "pid":"1", "tid":"cice"},
{"name":"ModelAdvance", "ph":"E", "ts":"2232277426", "pid":"1", "tid":"cice"},
{"name":"ModelAdvance", "ph":"B", "ts":"2232670863", "pid":"1", "tid":"cice"},
{"name":"ModelAdvance", "ph":"E", "ts":"2235142941", "pid":"1", "tid":"cice"},
{"name":"ModelAdvance", "ph":"B", "ts":"2235550366", "pid":"1", "tid":"cice"},
{"name":"ModelAdvance", "ph":"E", "ts":"2238004562", "pid":"1", "tid":"cice"},
{"name":"ModelAdvance", "ph":"B", "ts":"2238432604", "pid":"1", "tid":"cice"},
{"name":"ModelAdvance", "ph":"E", "ts":"2240854253", "pid":"1", "tid":"cice"},
{"name":"ModelAdvance", "ph":"B", "ts":"2241276470", "pid":"1", "tid":"cice"},
{"name":"ModelAdvance", "ph":"E", "ts":"2243835179", "pid":"1", "tid":"cice"},
{"name":"ModelAdvance", "ph":"B", "ts":"2244270028", "pid":"1", "tid":"cice"},
{"name":"ModelAdvance", "ph":"E", "ts":"2246701900", "pid":"1", "tid":"cice"},
{"name":"ModelAdvance", "ph":"B", "ts":"2247080420", "pid":"1", "tid":"cice"},
{"name":"ModelAdvance", "ph":"E", "ts":"2249625284", "pid":"1", "tid":"cice"},
{"name":"ModelAdvance", "ph":"B", "ts":"2249964880", "pid":"1", "tid":"cice"},
{"name":"ModelAdvance", "ph":"E", "ts":"2252462638", "pid":"1", "tid":"cice"},
{"name":"ModelAdvance", "ph":"B", "ts":"2252854427", "pid":"1", "tid":"cice"},
{"name":"ModelAdvance", "ph":"E", "ts":"2255313435", "pid":"1", "tid":"cice"},
{"name":"ModelAdvance", "ph":"B", "ts":"2255682396", "pid":"1", "tid":"cice"},
{"name":"ModelAdvance", "ph":"E", "ts":"2258161689", "pid":"1", "tid":"cice"},
{"name":"ModelAdvance", "ph":"B", "ts":"2258569259", "pid":"1", "tid":"cice"},
{"name":"ModelAdvance", "ph":"E", "ts":"2261024291", "pid":"1", "tid":"cice"},
{"name":"ModelAdvance", "ph":"B", "ts":"2261410493", "pid":"1", "tid":"cice"},
{"name":"ModelAdvance", "ph":"E", "ts":"2263888605", "pid":"1", "tid":"cice"},
{"name":"ModelAdvance", "ph":"B", "ts":"2264295586", "pid":"1", "tid":"cice"},
{"name":"ModelAdvance", "ph":"E", "ts":"2266755164", "pid":"1", "tid":"cice"},
{"name":"ModelAdvance", "ph":"B", "ts":"2267177526", "pid":"1", "tid":"cice"},
{"name":"ModelAdvance", "ph":"E", "ts":"2269635942", "pid":"1", "tid":"cice"},
{"name":"ModelAdvance", "ph":"B", "ts":"2270081030", "pid":"1", "tid":"cice"},
{"name":"ModelAdvance", "ph":"E", "ts":"2272532436", "pid":"1", "tid":"cice"},
{"name":"ModelAdvance", "ph":"B", "ts":"2272925653", "pid":"1", "tid":"cice"},
{"name":"ModelAdvance", "ph":"E", "ts":"2275402202", "pid":"1", "tid":"cice"},
{"name":"ModelAdvance", "ph":"B", "ts":"2275814762", "pid":"1", "tid":"cice"},
{"name":"ModelAdvance", "ph":"E", "ts":"2278368996", "pid":"1", "tid":"cice"},
{"name":"ModelAdvance", "ph":"B", "ts":"2281005437", "pid":"1", "tid":"cice"},
{"name":"ModelAdvance", "ph":"E", "ts":"2283530274", "pid":"1", "tid":"cice"},
{"name":"ModelAdvance", "ph":"B", "ts":"2283927810", "pid":"1", "tid":"cice"},
{"name":"ModelAdvance", "ph":"E", "ts":"2286422292", "pid":"1", "tid":"cice"},
{"name":"ModelAdvance", "ph":"B", "ts":"2286832123", "pid":"1", "tid":"cice"},
{"name":"ModelAdvance", "ph":"E", "ts":"2289298680", "pid":"1", "tid":"cice"},
{"name":"ModelAdvance", "ph":"B", "ts":"2289744289", "pid":"1", "tid":"cice"},
{"name":"ModelAdvance", "ph":"E", "ts":"2292150938", "pid":"1", "tid":"cice"},
{"name":"ModelAdvance", "ph":"B", "ts":"2292496066", "pid":"1", "tid":"cice"},
{"name":"ModelAdvance", "ph":"E", "ts":"2294967607", "pid":"1", "tid":"cice"},
{"name":"ModelAdvance", "ph":"B", "ts":"2295338669", "pid":"1", "tid":"cice"},
{"name":"ModelAdvance", "ph":"E", "ts":"2297788668", "pid":"1", "tid":"cice"},
{"name":"ModelAdvance", "ph":"B", "ts":"2298209367", "pid":"1", "tid":"cice"},
{"name":"ModelAdvance", "ph":"E", "ts":"2300613062", "pid":"1", "tid":"cice"},
{"name":"ModelAdvance", "ph":"B", "ts":"2300985987", "pid":"1", "tid":"cice"},
{"name":"ModelAdvance", "ph":"E", "ts":"2303470673", "pid":"1", "tid":"cice"},
{"name":"ModelAdvance", "ph":"B", "ts":"2303869342", "pid":"1", "tid":"cice"},
{"name":"ModelAdvance", "ph":"E", "ts":"2306347807", "pid":"1", "tid":"cice"},
{"name":"ModelAdvance", "ph":"B", "ts":"2306773400", "pid":"1", "tid":"cice"},
{"name":"ModelAdvance", "ph":"E", "ts":"2309222624", "pid":"1", "tid":"cice"},
{"name":"ModelAdvance", "ph":"B", "ts":"2309664887", "pid":"1", "tid":"cice"},
{"name":"ModelAdvance", "ph":"E", "ts":"2312152859", "pid":"1", "tid":"cice"},
{"name":"ModelAdvance", "ph":"B", "ts":"2312584055", "pid":"1", "tid":"cice"},
{"name":"ModelAdvance", "ph":"E", "ts":"2315067860", "pid":"1", "tid":"cice"},
{"name":"ModelAdvance", "ph":"B", "ts":"2315470729", "pid":"1", "tid":"cice"},
{"name":"ModelAdvance", "ph":"E", "ts":"2317946377", "pid":"1", "tid":"cice"},
{"name":"ModelAdvance", "ph":"B", "ts":"2318355756", "pid":"1", "tid":"cice"},
{"name":"ModelAdvance", "ph":"E", "ts":"2320902312", "pid":"1", "tid":"cice"},
{"name":"ModelAdvance", "ph":"B", "ts":"2321240280", "pid":"1", "tid":"cice"},
{"name":"ModelAdvance", "ph":"E", "ts":"2323723468", "pid":"1", "tid":"cice"},
{"name":"ModelAdvance", "ph":"B", "ts":"2324117715", "pid":"1", "tid":"cice"},
{"name":"ModelAdvance", "ph":"E", "ts":"2326619575", "pid":"1", "tid":"cice"},
{"name":"ModelAdvance", "ph":"B", "ts":"2327044668", "pid":"1", "tid":"cice"},
{"name":"ModelAdvance", "ph":"E", "ts":"2329484795", "pid":"1", "tid":"cice"},
{"name":"ModelAdvance", "ph":"B", "ts":"2329863073", "pid":"1", "tid":"cice"},
{"name":"ModelAdvance", "ph":"E", "ts":"2332362488", "pid":"1", "tid":"cice"},
{"name":"ModelAdvance", "ph":"B", "ts":"2332784398", "pid":"1", "tid":"cice"},
{"name":"ModelAdvance", "ph":"E", "ts":"2335244731", "pid":"1", "tid":"cice"},
{"name":"ModelAdvance", "ph":"B", "ts":"2335638424", "pid":"1", "tid":"cice"},
{"name":"ModelAdvance", "ph":"E", "ts":"2338115874", "pid":"1", "tid":"cice"},
{"name":"ModelAdvance", "ph":"B", "ts":"2338526013", "pid":"1", "tid":"cice"},
{"name":"ModelAdvance", "ph":"E", "ts":"2340980587", "pid":"1", "tid":"cice"},
{"name":"ModelAdvance", "ph":"B", "ts":"2341445372", "pid":"1", "tid":"cice"},
{"name":"ModelAdvance", "ph":"E", "ts":"2343883294", "pid":"1", "tid":"cice"},
{"name":"ModelAdvance", "ph":"B", "ts":"2344267953", "pid":"1", "tid":"cice"},
{"name":"ModelAdvance", "ph":"E", "ts":"2348882559", "pid":"1", "tid":"cice"},
{"name":"ModelAdvance", "ph":"B", "ts":"2365896086", "pid":"1", "tid":"cice"},
{"name":"ModelAdvance", "ph":"E", "ts":"2368622846", "pid":"1", "tid":"cice"},
{"name":"ModelAdvance", "ph":"B", "ts":"2372570100", "pid":"1", "tid":"cice"},
{"name":"ModelAdvance", "ph":"E", "ts":"2375020898", "pid":"1", "tid":"cice"},
{"name":"ModelAdvance", "ph":"B", "ts":"2375407388", "pid":"1", "tid":"cice"},
{"name":"ModelAdvance", "ph":"E", "ts":"2378031568", "pid":"1", "tid":"cice"},
{"name":"ModelAdvance", "ph":"B", "ts":"2378458144", "pid":"1", "tid":"cice"},
{"name":"ModelAdvance", "ph":"E", "ts":"2380991062", "pid":"1", "tid":"cice"},
{"name":"ModelAdvance", "ph":"B", "ts":"2381379885", "pid":"1", "tid":"cice"},
{"name":"ModelAdvance", "ph":"E", "ts":"2383811005", "pid":"1", "tid":"cice"},
{"name":"ModelAdvance", "ph":"B", "ts":"2384203720", "pid":"1", "tid":"cice"},
{"name":"ModelAdvance", "ph":"E", "ts":"2386623280", "pid":"1", "tid":"cice"},
{"name":"ModelAdvance", "ph":"B", "ts":"2387046210", "pid":"1", "tid":"cice"},
{"name":"ModelAdvance", "ph":"E", "ts":"2389426336", "pid":"1", "tid":"cice"},
{"name":"ModelAdvance", "ph":"B", "ts":"2389819335", "pid":"1", "tid":"cice"},
{"name":"ModelAdvance", "ph":"E", "ts":"2392277262", "pid":"1", "tid":"cice"},
{"name":"ModelAdvance", "ph":"B", "ts":"2392669522", "pid":"1", "tid":"cice"},
{"name":"ModelAdvance", "ph":"E", "ts":"2395180475", "pid":"1", "tid":"cice"},
{"name":"ModelAdvance", "ph":"B", "ts":"2395572200", "pid":"1", "tid":"cice"},
{"name":"ModelAdvance", "ph":"E", "ts":"2398054110", "pid":"1", "tid":"cice"},
{"name":"ModelAdvance", "ph":"B", "ts":"2398476955", "pid":"1", "tid":"cice"},
{"name":"ModelAdvance", "ph":"E", "ts":"2400929347", "pid":"1", "tid":"cice"},
{"name":"ModelAdvance", "ph":"B", "ts":"2401321586", "pid":"1", "tid":"cice"},
{"name":"ModelAdvance", "ph":"E", "ts":"2403816184", "pid":"1", "tid":"cice"},
{"name":"ModelAdvance", "ph":"B", "ts":"2404264188", "pid":"1", "tid":"cice"},
{"name":"ModelAdvance", "ph":"E", "ts":"2406809804", "pid":"1", "tid":"cice"},
{"name":"ModelAdvance", "ph":"B", "ts":"2407245886", "pid":"1", "tid":"cice"},
{"name":"ModelAdvance", "ph":"E", "ts":"2409678240", "pid":"1", "tid":"cice"},
{"name":"ModelAdvance", "ph":"B", "ts":"2410109924", "pid":"1", "tid":"cice"},
{"name":"ModelAdvance", "ph":"E", "ts":"2412588009", "pid":"1", "tid":"cice"},
{"name":"ModelAdvance", "ph":"B", "ts":"2412976865", "pid":"1", "tid":"cice"},
{"name":"ModelAdvance", "ph":"E", "ts":"2415468659", "pid":"1", "tid":"cice"},
{"name":"ModelAdvance", "ph":"B", "ts":"2415845240", "pid":"1", "tid":"cice"},
{"name":"ModelAdvance", "ph":"E", "ts":"2418400317", "pid":"1", "tid":"cice"},
{"name":"ModelAdvance", "ph":"B", "ts":"2418792707", "pid":"1", "tid":"cice"},
{"name":"ModelAdvance", "ph":"E", "ts":"2421286452", "pid":"1", "tid":"cice"},
{"name":"ModelAdvance", "ph":"B", "ts":"2421751815", "pid":"1", "tid":"cice"},
{"name":"ModelAdvance", "ph":"E", "ts":"2424198427", "pid":"1", "tid":"cice"},
{"name":"ModelAdvance", "ph":"B", "ts":"2424631245", "pid":"1", "tid":"cice"},
{"name":"ModelAdvance", "ph":"E", "ts":"2427073168", "pid":"1", "tid":"cice"},
{"name":"ModelAdvance", "ph":"B", "ts":"2427480945", "pid":"1", "tid":"cice"},
{"name":"ModelAdvance", "ph":"E", "ts":"2429960098", "pid":"1", "tid":"cice"},
{"name":"ModelAdvance", "ph":"B", "ts":"2430371392", "pid":"1", "tid":"cice"},
{"name":"ModelAdvance", "ph":"E", "ts":"2432841721", "pid":"1", "tid":"cice"},
{"name":"ModelAdvance", "ph":"B", "ts":"2433269774", "pid":"1", "tid":"cice"},
{"name":"ModelAdvance", "ph":"E", "ts":"2435729955", "pid":"1", "tid":"cice"},
{"name":"ModelAdvance", "ph":"B", "ts":"2436154571", "pid":"1", "tid":"cice"},
{"name":"ModelAdvance", "ph":"E", "ts":"2438601799", "pid":"1", "tid":"cice"},
{"name":"ModelAdvance", "ph":"B", "ts":"2439071784", "pid":"1", "tid":"cice"},
{"name":"ModelAdvance", "ph":"E", "ts":"2441793993", "pid":"1", "tid":"cice"},
{"name":"ModelAdvance", "ph":"B", "ts":"2445041634", "pid":"1", "tid":"cice"},
{"name":"ModelAdvance", "ph":"E", "ts":"2447544960", "pid":"1", "tid":"cice"},
{"name":"ModelAdvance", "ph":"B", "ts":"2447834572", "pid":"1", "tid":"cice"},
{"name":"ModelAdvance", "ph":"E", "ts":"2450425464", "pid":"1", "tid":"cice"},
{"name":"ModelAdvance", "ph":"B", "ts":"2450866882", "pid":"1", "tid":"cice"},
{"name":"ModelAdvance", "ph":"E", "ts":"2453408359", "pid":"1", "tid":"cice"},
{"name":"ModelAdvance", "ph":"B", "ts":"2453818305", "pid":"1", "tid":"cice"},
{"name":"ModelAdvance", "ph":"E", "ts":"2456250703", "pid":"1", "tid":"cice"},
{"name":"ModelAdvance", "ph":"B", "ts":"2456659181", "pid":"1", "tid":"cice"},
{"name":"ModelAdvance", "ph":"E", "ts":"2459064617", "pid":"1", "tid":"cice"},
{"name":"ModelAdvance", "ph":"B", "ts":"2459485241", "pid":"1", "tid":"cice"},
{"name":"ModelAdvance", "ph":"E", "ts":"2461864325", "pid":"1", "tid":"cice"},
{"name":"ModelAdvance", "ph":"B", "ts":"2462243496", "pid":"1", "tid":"cice"},
{"name":"ModelAdvance", "ph":"E", "ts":"2464723890", "pid":"1", "tid":"cice"},
{"name":"ModelAdvance", "ph":"B", "ts":"2465169237", "pid":"1", "tid":"cice"},
{"name":"ModelAdvance", "ph":"E", "ts":"2467627625", "pid":"1", "tid":"cice"},
{"name":"ModelAdvance", "ph":"B", "ts":"2468043777", "pid":"1", "tid":"cice"},
{"name":"ModelAdvance", "ph":"E", "ts":"2470516783", "pid":"1", "tid":"cice"},
{"name":"ModelAdvance", "ph":"B", "ts":"2470939702", "pid":"1", "tid":"cice"},
{"name":"ModelAdvance", "ph":"E", "ts":"2473398522", "pid":"1", "tid":"cice"},
{"name":"ModelAdvance", "ph":"B", "ts":"2473813691", "pid":"1", "tid":"cice"},
{"name":"ModelAdvance", "ph":"E", "ts":"2476293158", "pid":"1", "tid":"cice"},
{"name":"ModelAdvance", "ph":"B", "ts":"2476783287", "pid":"1", "tid":"cice"},
{"name":"ModelAdvance", "ph":"E", "ts":"2479273018", "pid":"1", "tid":"cice"},
{"name":"ModelAdvance", "ph":"B", "ts":"2479614984", "pid":"1", "tid":"cice"},
{"name":"ModelAdvance", "ph":"E", "ts":"2482139898", "pid":"1", "tid":"cice"},
{"name":"ModelAdvance", "ph":"B", "ts":"2482607206", "pid":"1", "tid":"cice"},
{"name":"ModelAdvance", "ph":"E", "ts":"2485114242", "pid":"1", "tid":"cice"},
{"name":"ModelAdvance", "ph":"B", "ts":"2485424261", "pid":"1", "tid":"cice"},
{"name":"ModelAdvance", "ph":"E", "ts":"2487927523", "pid":"1", "tid":"cice"},
{"name":"ModelAdvance", "ph":"B", "ts":"2488345536", "pid":"1", "tid":"cice"},
{"name":"ModelAdvance", "ph":"E", "ts":"2490801537", "pid":"1", "tid":"cice"},
{"name":"ModelAdvance", "ph":"B", "ts":"2491218629", "pid":"1", "tid":"cice"},
{"name":"ModelAdvance", "ph":"E", "ts":"2493693386", "pid":"1", "tid":"cice"},
{"name":"ModelAdvance", "ph":"B", "ts":"2494101174", "pid":"1", "tid":"cice"},
{"name":"ModelAdvance", "ph":"E", "ts":"2496576570", "pid":"1", "tid":"cice"},
{"name":"ModelAdvance", "ph":"B", "ts":"2497012850", "pid":"1", "tid":"cice"},
{"name":"ModelAdvance", "ph":"E", "ts":"2499476380", "pid":"1", "tid":"cice"},
{"name":"ModelAdvance", "ph":"B", "ts":"2499937000", "pid":"1", "tid":"cice"},
{"name":"ModelAdvance", "ph":"E", "ts":"2502395550", "pid":"1", "tid":"cice"},
{"name":"ModelAdvance", "ph":"B", "ts":"2502806028", "pid":"1", "tid":"cice"},
{"name":"ModelAdvance", "ph":"E", "ts":"2505288941", "pid":"1", "tid":"cice"},
{"name":"ModelAdvance", "ph":"B", "ts":"2505709982", "pid":"1", "tid":"cice"},
{"name":"ModelAdvance", "ph":"E", "ts":"2508170126", "pid":"1", "tid":"cice"},
{"name":"ModelAdvance", "ph":"B", "ts":"2508614601", "pid":"1", "tid":"cice"},
{"name":"ModelAdvance", "ph":"E", "ts":"2511043817", "pid":"1", "tid":"cice"},
{"name":"ModelAdvance", "ph":"B", "ts":"2511512877", "pid":"1", "tid":"cice"},
{"name":"ModelAdvance", "ph":"E", "ts":"2514255786", "pid":"1", "tid":"cice"},
{"name":"ModelAdvance", "ph":"B", "ts":"2517593357", "pid":"1", "tid":"cice"},
{"name":"ModelAdvance", "ph":"E", "ts":"2520022750", "pid":"1", "tid":"cice"},
{"name":"ModelAdvance", "ph":"B", "ts":"2520427251", "pid":"1", "tid":"cice"},
{"name":"ModelAdvance", "ph":"E", "ts":"2522994177", "pid":"1", "tid":"cice"},
{"name":"ModelAdvance", "ph":"B", "ts":"2523419811", "pid":"1", "tid":"cice"},
{"name":"ModelAdvance", "ph":"E", "ts":"2525923981", "pid":"1", "tid":"cice"},
{"name":"ModelAdvance", "ph":"B", "ts":"2526307685", "pid":"1", "tid":"cice"},
{"name":"ModelAdvance", "ph":"E", "ts":"2528788922", "pid":"1", "tid":"cice"},
{"name":"ModelAdvance", "ph":"B", "ts":"2529194424", "pid":"1", "tid":"cice"},
{"name":"ModelAdvance", "ph":"E", "ts":"2531616380", "pid":"1", "tid":"cice"},
{"name":"ModelAdvance", "ph":"B", "ts":"2532047870", "pid":"1", "tid":"cice"},
{"name":"ModelAdvance", "ph":"E", "ts":"2534434875", "pid":"1", "tid":"cice"},
{"name":"ModelAdvance", "ph":"B", "ts":"2534851664", "pid":"1", "tid":"cice"},
{"name":"ModelAdvance", "ph":"E", "ts":"2537278132", "pid":"1", "tid":"cice"},
{"name":"ModelAdvance", "ph":"B", "ts":"2537730192", "pid":"1", "tid":"cice"},
{"name":"ModelAdvance", "ph":"E", "ts":"2540150019", "pid":"1", "tid":"cice"},
{"name":"ModelAdvance", "ph":"B", "ts":"2540602015", "pid":"1", "tid":"cice"},
{"name":"ModelAdvance", "ph":"E", "ts":"2543062937", "pid":"1", "tid":"cice"},
{"name":"ModelAdvance", "ph":"B", "ts":"2543494495", "pid":"1", "tid":"cice"},
{"name":"ModelAdvance", "ph":"E", "ts":"2545925674", "pid":"1", "tid":"cice"},
{"name":"ModelAdvance", "ph":"B", "ts":"2546343994", "pid":"1", "tid":"cice"},
{"name":"ModelAdvance", "ph":"E", "ts":"2548805923", "pid":"1", "tid":"cice"},
{"name":"ModelAdvance", "ph":"B", "ts":"2549266683", "pid":"1", "tid":"cice"},
{"name":"ModelAdvance", "ph":"E", "ts":"2551763290", "pid":"1", "tid":"cice"},
{"name":"ModelAdvance", "ph":"B", "ts":"2552163479", "pid":"1", "tid":"cice"},
{"name":"ModelAdvance", "ph":"E", "ts":"2554658084", "pid":"1", "tid":"cice"},
{"name":"ModelAdvance", "ph":"B", "ts":"2555052835", "pid":"1", "tid":"cice"},
{"name":"ModelAdvance", "ph":"E", "ts":"2557639033", "pid":"1", "tid":"cice"},
{"name":"ModelAdvance", "ph":"B", "ts":"2557957535", "pid":"1", "tid":"cice"},
{"name":"ModelAdvance", "ph":"E", "ts":"2560456482", "pid":"1", "tid":"cice"},
{"name":"ModelAdvance", "ph":"B", "ts":"2560893430", "pid":"1", "tid":"cice"},
{"name":"ModelAdvance", "ph":"E", "ts":"2563369052", "pid":"1", "tid":"cice"},
{"name":"ModelAdvance", "ph":"B", "ts":"2563725487", "pid":"1", "tid":"cice"},
{"name":"ModelAdvance", "ph":"E", "ts":"2566212665", "pid":"1", "tid":"cice"},
{"name":"ModelAdvance", "ph":"B", "ts":"2566624906", "pid":"1", "tid":"cice"},
{"name":"ModelAdvance", "ph":"E", "ts":"2569022566", "pid":"1", "tid":"cice"},
{"name":"ModelAdvance", "ph":"B", "ts":"2569423211", "pid":"1", "tid":"cice"},
{"name":"ModelAdvance", "ph":"E", "ts":"2571861453", "pid":"1", "tid":"cice"},
{"name":"ModelAdvance", "ph":"B", "ts":"2572319805", "pid":"1", "tid":"cice"},
{"name":"ModelAdvance", "ph":"E", "ts":"2574718056", "pid":"1", "tid":"cice"},
{"name":"ModelAdvance", "ph":"B", "ts":"2575098375", "pid":"1", "tid":"cice"},
{"name":"ModelAdvance", "ph":"E", "ts":"2577544576", "pid":"1", "tid":"cice"},
{"name":"ModelAdvance", "ph":"B", "ts":"2578011528", "pid":"1", "tid":"cice"},
{"name":"ModelAdvance", "ph":"E", "ts":"2580362276", "pid":"1", "tid":"cice"},
{"name":"ModelAdvance", "ph":"B", "ts":"2580783110", "pid":"1", "tid":"cice"},
{"name":"ModelAdvance", "ph":"E", "ts":"2589271075", "pid":"1", "tid":"cice"},
{"name":"ModelAdvance", "ph":"B", "ts":"2601480812", "pid":"1", "tid":"cice"},
{"name":"ModelAdvance", "ph":"E", "ts":"2603939175", "pid":"1", "tid":"cice"},
{"name":"ModelAdvance", "ph":"B", "ts":"2606635940", "pid":"1", "tid":"cice"},
{"name":"ModelAdvance", "ph":"E", "ts":"2609168102", "pid":"1", "tid":"cice"},
{"name":"ModelAdvance", "ph":"B", "ts":"2609615069", "pid":"1", "tid":"cice"},
{"name":"ModelAdvance", "ph":"E", "ts":"2612111660", "pid":"1", "tid":"cice"},
{"name":"ModelAdvance", "ph":"B", "ts":"2612533193", "pid":"1", "tid":"cice"},
{"name":"ModelAdvance", "ph":"E", "ts":"2614957307", "pid":"1", "tid":"cice"},
{"name":"ModelAdvance", "ph":"B", "ts":"2615445936", "pid":"1", "tid":"cice"},
{"name":"ModelAdvance", "ph":"E", "ts":"2617844893", "pid":"1", "tid":"cice"},
{"name":"ModelAdvance", "ph":"B", "ts":"2618281720", "pid":"1", "tid":"cice"},
{"name":"ModelAdvance", "ph":"E", "ts":"2620732920", "pid":"1", "tid":"cice"},
{"name":"ModelAdvance", "ph":"B", "ts":"2621123365", "pid":"1", "tid":"cice"},
{"name":"ModelAdvance", "ph":"E", "ts":"2623529478", "pid":"1", "tid":"cice"},
{"name":"ModelAdvance", "ph":"B", "ts":"2623947217", "pid":"1", "tid":"cice"},
{"name":"ModelAdvance", "ph":"E", "ts":"2626389458", "pid":"1", "tid":"cice"},
{"name":"ModelAdvance", "ph":"B", "ts":"2626822801", "pid":"1", "tid":"cice"},
{"name":"ModelAdvance", "ph":"E", "ts":"2629287425", "pid":"1", "tid":"cice"},
{"name":"ModelAdvance", "ph":"B", "ts":"2629734706", "pid":"1", "tid":"cice"},
{"name":"ModelAdvance", "ph":"E", "ts":"2632179089", "pid":"1", "tid":"cice"},
{"name":"ModelAdvance", "ph":"B", "ts":"2632668051", "pid":"1", "tid":"cice"},
{"name":"ModelAdvance", "ph":"E", "ts":"2635066502", "pid":"1", "tid":"cice"},
{"name":"ModelAdvance", "ph":"B", "ts":"2635529155", "pid":"1", "tid":"cice"},
{"name":"ModelAdvance", "ph":"E", "ts":"2637965226", "pid":"1", "tid":"cice"},
{"name":"ModelAdvance", "ph":"B", "ts":"2638429989", "pid":"1", "tid":"cice"},
{"name":"ModelAdvance", "ph":"E", "ts":"2640912627", "pid":"1", "tid":"cice"},
{"name":"ModelAdvance", "ph":"B", "ts":"2641386812", "pid":"1", "tid":"cice"},
{"name":"ModelAdvance", "ph":"E", "ts":"2643805447", "pid":"1", "tid":"cice"},
{"name":"ModelAdvance", "ph":"B", "ts":"2644236833", "pid":"1", "tid":"cice"},
{"name":"ModelAdvance", "ph":"E", "ts":"2646769340", "pid":"1", "tid":"cice"},
{"name":"ModelAdvance", "ph":"B", "ts":"2647115390", "pid":"1", "tid":"cice"},
{"name":"ModelAdvance", "ph":"E", "ts":"2649602461", "pid":"1", "tid":"cice"},
{"name":"ModelAdvance", "ph":"B", "ts":"2650012145", "pid":"1", "tid":"cice"},
{"name":"ModelAdvance", "ph":"E", "ts":"2652515520", "pid":"1", "tid":"cice"},
{"name":"ModelAdvance", "ph":"B", "ts":"2652915682", "pid":"1", "tid":"cice"},
{"name":"ModelAdvance", "ph":"E", "ts":"2655381082", "pid":"1", "tid":"cice"},
{"name":"ModelAdvance", "ph":"B", "ts":"2655873290", "pid":"1", "tid":"cice"},
{"name":"ModelAdvance", "ph":"E", "ts":"2658268832", "pid":"1", "tid":"cice"},
{"name":"ModelAdvance", "ph":"B", "ts":"2658702260", "pid":"1", "tid":"cice"},
{"name":"ModelAdvance", "ph":"E", "ts":"2661153977", "pid":"1", "tid":"cice"},
{"name":"ModelAdvance", "ph":"B", "ts":"2661598325", "pid":"1", "tid":"cice"},
{"name":"ModelAdvance", "ph":"E", "ts":"2664038897", "pid":"1", "tid":"cice"},
{"name":"ModelAdvance", "ph":"B", "ts":"2664472053", "pid":"1", "tid":"cice"},
{"name":"ModelAdvance", "ph":"E", "ts":"2666970642", "pid":"1", "tid":"cice"},
{"name":"ModelAdvance", "ph":"B", "ts":"2667418361", "pid":"1", "tid":"cice"},
{"name":"ModelAdvance", "ph":"E", "ts":"2669867041", "pid":"1", "tid":"cice"},
{"name":"ModelAdvance", "ph":"B", "ts":"2670296374", "pid":"1", "tid":"cice"},
{"name":"ModelAdvance", "ph":"E", "ts":"2672768247", "pid":"1", "tid":"cice"},
{"name":"ModelAdvance", "ph":"B", "ts":"2673247577", "pid":"1", "tid":"cice"},
{"name":"ModelAdvance", "ph":"E", "ts":"2675924403", "pid":"1", "tid":"cice"},
{"name":"ModelAdvance", "ph":"B", "ts":"2679925974", "pid":"1", "tid":"cice"},
{"name":"ModelAdvance", "ph":"E", "ts":"2682373266", "pid":"1", "tid":"cice"},
{"name":"ModelAdvance", "ph":"B", "ts":"2682783156", "pid":"1", "tid":"cice"},
{"name":"ModelAdvance", "ph":"E", "ts":"2685399544", "pid":"1", "tid":"cice"},
{"name":"ModelAdvance", "ph":"B", "ts":"2685827802", "pid":"1", "tid":"cice"},
{"name":"ModelAdvance", "ph":"E", "ts":"2688387972", "pid":"1", "tid":"cice"},
{"name":"ModelAdvance", "ph":"B", "ts":"2688854110", "pid":"1", "tid":"cice"},
{"name":"ModelAdvance", "ph":"E", "ts":"2691219987", "pid":"1", "tid":"cice"},
{"name":"ModelAdvance", "ph":"B", "ts":"2691649764", "pid":"1", "tid":"cice"},
{"name":"ModelAdvance", "ph":"E", "ts":"2694066331", "pid":"1", "tid":"cice"},
{"name":"ModelAdvance", "ph":"B", "ts":"2694507909", "pid":"1", "tid":"cice"},
{"name":"ModelAdvance", "ph":"E", "ts":"2696896500", "pid":"1", "tid":"cice"},
{"name":"ModelAdvance", "ph":"B", "ts":"2697298834", "pid":"1", "tid":"cice"},
{"name":"ModelAdvance", "ph":"E", "ts":"2699730010", "pid":"1", "tid":"cice"},
{"name":"ModelAdvance", "ph":"B", "ts":"2700177987", "pid":"1", "tid":"cice"},
{"name":"ModelAdvance", "ph":"E", "ts":"2702628661", "pid":"1", "tid":"cice"},
{"name":"ModelAdvance", "ph":"B", "ts":"2703087878", "pid":"1", "tid":"cice"},
{"name":"ModelAdvance", "ph":"E", "ts":"2705519277", "pid":"1", "tid":"cice"},
{"name":"ModelAdvance", "ph":"B", "ts":"2705988262", "pid":"1", "tid":"cice"},
{"name":"ModelAdvance", "ph":"E", "ts":"2708404573", "pid":"1", "tid":"cice"},
{"name":"ModelAdvance", "ph":"B", "ts":"2708831371", "pid":"1", "tid":"cice"},
{"name":"ModelAdvance", "ph":"E", "ts":"2711292827", "pid":"1", "tid":"cice"},
{"name":"ModelAdvance", "ph":"B", "ts":"2711750056", "pid":"1", "tid":"cice"},
{"name":"ModelAdvance", "ph":"E", "ts":"2714267662", "pid":"1", "tid":"cice"},
{"name":"ModelAdvance", "ph":"B", "ts":"2714695463", "pid":"1", "tid":"cice"},
{"name":"ModelAdvance", "ph":"E", "ts":"2717155148", "pid":"1", "tid":"cice"},
{"name":"ModelAdvance", "ph":"B", "ts":"2717597873", "pid":"1", "tid":"cice"},
{"name":"ModelAdvance", "ph":"E", "ts":"2720099221", "pid":"1", "tid":"cice"},
{"name":"ModelAdvance", "ph":"B", "ts":"2720463005", "pid":"1", "tid":"cice"},
{"name":"ModelAdvance", "ph":"E", "ts":"2722968538", "pid":"1", "tid":"cice"},
{"name":"ModelAdvance", "ph":"B", "ts":"2723399464", "pid":"1", "tid":"cice"},
{"name":"ModelAdvance", "ph":"E", "ts":"2725907413", "pid":"1", "tid":"cice"},
{"name":"ModelAdvance", "ph":"B", "ts":"2726299602", "pid":"1", "tid":"cice"},
{"name":"ModelAdvance", "ph":"E", "ts":"2728787798", "pid":"1", "tid":"cice"},
{"name":"ModelAdvance", "ph":"B", "ts":"2729258460", "pid":"1", "tid":"cice"},
{"name":"ModelAdvance", "ph":"E", "ts":"2731681386", "pid":"1", "tid":"cice"},
{"name":"ModelAdvance", "ph":"B", "ts":"2732109747", "pid":"1", "tid":"cice"},
{"name":"ModelAdvance", "ph":"E", "ts":"2734567237", "pid":"1", "tid":"cice"},
{"name":"ModelAdvance", "ph":"B", "ts":"2735020442", "pid":"1", "tid":"cice"},
{"name":"ModelAdvance", "ph":"E", "ts":"2737454591", "pid":"1", "tid":"cice"},
{"name":"ModelAdvance", "ph":"B", "ts":"2737922389", "pid":"1", "tid":"cice"},
{"name":"ModelAdvance", "ph":"E", "ts":"2740348309", "pid":"1", "tid":"cice"},
{"name":"ModelAdvance", "ph":"B", "ts":"2740806645", "pid":"1", "tid":"cice"},
{"name":"ModelAdvance", "ph":"E", "ts":"2743276976", "pid":"1", "tid":"cice"},
{"name":"ModelAdvance", "ph":"B", "ts":"2743736726", "pid":"1", "tid":"cice"},
{"name":"ModelAdvance", "ph":"E", "ts":"2746171024", "pid":"1", "tid":"cice"},
{"name":"ModelAdvance", "ph":"B", "ts":"2746642351", "pid":"1", "tid":"cice"},
{"name":"ModelAdvance", "ph":"E", "ts":"2749402690", "pid":"1", "tid":"cice"},
{"name":"ModelAdvance", "ph":"B", "ts":"2752849048", "pid":"1", "tid":"cice"},
{"name":"ModelAdvance", "ph":"E", "ts":"2755250905", "pid":"1", "tid":"cice"},
{"name":"ModelAdvance", "ph":"B", "ts":"2755658937", "pid":"1", "tid":"cice"},
{"name":"ModelAdvance", "ph":"E", "ts":"2758244185", "pid":"1", "tid":"cice"},
{"name":"ModelAdvance", "ph":"B", "ts":"2758702197", "pid":"1", "tid":"cice"},
{"name":"ModelAdvance", "ph":"E", "ts":"2761184042", "pid":"1", "tid":"cice"},
{"name":"ModelAdvance", "ph":"B", "ts":"2761671730", "pid":"1", "tid":"cice"},
{"name":"ModelAdvance", "ph":"E", "ts":"2764053970", "pid":"1", "tid":"cice"},
{"name":"ModelAdvance", "ph":"B", "ts":"2764452333", "pid":"1", "tid":"cice"},
{"name":"ModelAdvance", "ph":"E", "ts":"2766870421", "pid":"1", "tid":"cice"},
{"name":"ModelAdvance", "ph":"B", "ts":"2767304727", "pid":"1", "tid":"cice"},
{"name":"ModelAdvance", "ph":"E", "ts":"2769703281", "pid":"1", "tid":"cice"},
{"name":"ModelAdvance", "ph":"B", "ts":"2770157515", "pid":"1", "tid":"cice"},
{"name":"ModelAdvance", "ph":"E", "ts":"2772547718", "pid":"1", "tid":"cice"},
{"name":"ModelAdvance", "ph":"B", "ts":"2772977643", "pid":"1", "tid":"cice"},
{"name":"ModelAdvance", "ph":"E", "ts":"2775428009", "pid":"1", "tid":"cice"},
{"name":"ModelAdvance", "ph":"B", "ts":"2775928174", "pid":"1", "tid":"cice"},
{"name":"ModelAdvance", "ph":"E", "ts":"2778330277", "pid":"1", "tid":"cice"},
{"name":"ModelAdvance", "ph":"B", "ts":"2778769113", "pid":"1", "tid":"cice"},
{"name":"ModelAdvance", "ph":"E", "ts":"2781214109", "pid":"1", "tid":"cice"},
{"name":"ModelAdvance", "ph":"B", "ts":"2781674396", "pid":"1", "tid":"cice"},
{"name":"ModelAdvance", "ph":"E", "ts":"2784110536", "pid":"1", "tid":"cice"},
{"name":"ModelAdvance", "ph":"B", "ts":"2784602563", "pid":"1", "tid":"cice"},
{"name":"ModelAdvance", "ph":"E", "ts":"2787079904", "pid":"1", "tid":"cice"},
{"name":"ModelAdvance", "ph":"B", "ts":"2787512714", "pid":"1", "tid":"cice"},
{"name":"ModelAdvance", "ph":"E", "ts":"2789963606", "pid":"1", "tid":"cice"},
{"name":"ModelAdvance", "ph":"B", "ts":"2790382833", "pid":"1", "tid":"cice"},
{"name":"ModelAdvance", "ph":"E", "ts":"2792867584", "pid":"1", "tid":"cice"},
{"name":"ModelAdvance", "ph":"B", "ts":"2793319877", "pid":"1", "tid":"cice"},
{"name":"ModelAdvance", "ph":"E", "ts":"2795775712", "pid":"1", "tid":"cice"},
{"name":"ModelAdvance", "ph":"B", "ts":"2796205215", "pid":"1", "tid":"cice"},
{"name":"ModelAdvance", "ph":"E", "ts":"2798661092", "pid":"1", "tid":"cice"},
{"name":"ModelAdvance", "ph":"B", "ts":"2799116055", "pid":"1", "tid":"cice"},
{"name":"ModelAdvance", "ph":"E", "ts":"2801531067", "pid":"1", "tid":"cice"},
{"name":"ModelAdvance", "ph":"B", "ts":"2801960049", "pid":"1", "tid":"cice"},
{"name":"ModelAdvance", "ph":"E", "ts":"2804359669", "pid":"1", "tid":"cice"},
{"name":"ModelAdvance", "ph":"B", "ts":"2804799764", "pid":"1", "tid":"cice"},
{"name":"ModelAdvance", "ph":"E", "ts":"2807212572", "pid":"1", "tid":"cice"},
{"name":"ModelAdvance", "ph":"B", "ts":"2807644218", "pid":"1", "tid":"cice"},
{"name":"ModelAdvance", "ph":"E", "ts":"2810007868", "pid":"1", "tid":"cice"},
{"name":"ModelAdvance", "ph":"B", "ts":"2810399373", "pid":"1", "tid":"cice"},
{"name":"ModelAdvance", "ph":"E", "ts":"2812828551", "pid":"1", "tid":"cice"},
{"name":"ModelAdvance", "ph":"B", "ts":"2813212294", "pid":"1", "tid":"cice"},
{"name":"ModelAdvance", "ph":"E", "ts":"2815631546", "pid":"1", "tid":"cice"},
{"name":"ModelAdvance", "ph":"B", "ts":"2816078460", "pid":"1", "tid":"cice"},
{"name":"ModelAdvance", "ph":"E", "ts":"2826938980", "pid":"1", "tid":"cice"},
{"name":"ModelAdvance", "ph":"B", "ts":"2838950821", "pid":"1", "tid":"cice"},
{"name":"ModelAdvance", "ph":"E", "ts":"2841397964", "pid":"1", "tid":"cice"},
{"name":"ModelAdvance", "ph":"B", "ts":"2844032368", "pid":"1", "tid":"cice"},
{"name":"ModelAdvance", "ph":"E", "ts":"2846519904", "pid":"1", "tid":"cice"},
{"name":"ModelAdvance", "ph":"B", "ts":"2846929604", "pid":"1", "tid":"cice"},
{"name":"ModelAdvance", "ph":"E", "ts":"2849393038", "pid":"1", "tid":"cice"},
{"name":"ModelAdvance", "ph":"B", "ts":"2849823463", "pid":"1", "tid":"cice"},
{"name":"ModelAdvance", "ph":"E", "ts":"2852280703", "pid":"1", "tid":"cice"},
{"name":"ModelAdvance", "ph":"B", "ts":"2852709770", "pid":"1", "tid":"cice"},
{"name":"ModelAdvance", "ph":"E", "ts":"2855186725", "pid":"1", "tid":"cice"},
{"name":"ModelAdvance", "ph":"B", "ts":"2855638160", "pid":"1", "tid":"cice"},
{"name":"ModelAdvance", "ph":"E", "ts":"2857990937", "pid":"1", "tid":"cice"},
{"name":"ModelAdvance", "ph":"B", "ts":"2858449721", "pid":"1", "tid":"cice"},
{"name":"ModelAdvance", "ph":"E", "ts":"2860818149", "pid":"1", "tid":"cice"},
{"name":"ModelAdvance", "ph":"B", "ts":"2861290112", "pid":"1", "tid":"cice"},
{"name":"ModelAdvance", "ph":"E", "ts":"2863662759", "pid":"1", "tid":"cice"},
{"name":"ModelAdvance", "ph":"B", "ts":"2864157147", "pid":"1", "tid":"cice"},
{"name":"ModelAdvance", "ph":"E", "ts":"2866577008", "pid":"1", "tid":"cice"},
{"name":"ModelAdvance", "ph":"B", "ts":"2867034844", "pid":"1", "tid":"cice"},
{"name":"ModelAdvance", "ph":"E", "ts":"2869461901", "pid":"1", "tid":"cice"},
{"name":"ModelAdvance", "ph":"B", "ts":"2869895273", "pid":"1", "tid":"cice"},
{"name":"ModelAdvance", "ph":"E", "ts":"2872347782", "pid":"1", "tid":"cice"},
{"name":"ModelAdvance", "ph":"B", "ts":"2872851524", "pid":"1", "tid":"cice"},
{"name":"ModelAdvance", "ph":"E", "ts":"2875248319", "pid":"1", "tid":"cice"},
{"name":"ModelAdvance", "ph":"B", "ts":"2875748205", "pid":"1", "tid":"cice"},
{"name":"ModelAdvance", "ph":"E", "ts":"2878214355", "pid":"1", "tid":"cice"},
{"name":"ModelAdvance", "ph":"B", "ts":"2878633779", "pid":"1", "tid":"cice"},
{"name":"ModelAdvance", "ph":"E", "ts":"2881103849", "pid":"1", "tid":"cice"},
{"name":"ModelAdvance", "ph":"B", "ts":"2881576435", "pid":"1", "tid":"cice"},
{"name":"ModelAdvance", "ph":"E", "ts":"2884068271", "pid":"1", "tid":"cice"},
{"name":"ModelAdvance", "ph":"B", "ts":"2884510591", "pid":"1", "tid":"cice"},
{"name":"ModelAdvance", "ph":"E", "ts":"2886972323", "pid":"1", "tid":"cice"},
{"name":"ModelAdvance", "ph":"B", "ts":"2887405750", "pid":"1", "tid":"cice"},
{"name":"ModelAdvance", "ph":"E", "ts":"2889854270", "pid":"1", "tid":"cice"},
{"name":"ModelAdvance", "ph":"B", "ts":"2890309598", "pid":"1", "tid":"cice"},
{"name":"ModelAdvance", "ph":"E", "ts":"2892738808", "pid":"1", "tid":"cice"},
{"name":"ModelAdvance", "ph":"B", "ts":"2893220995", "pid":"1", "tid":"cice"},
{"name":"ModelAdvance", "ph":"E", "ts":"2895635466", "pid":"1", "tid":"cice"},
{"name":"ModelAdvance", "ph":"B", "ts":"2896106007", "pid":"1", "tid":"cice"},
{"name":"ModelAdvance", "ph":"E", "ts":"2898525490", "pid":"1", "tid":"cice"},
{"name":"ModelAdvance", "ph":"B", "ts":"2899012177", "pid":"1", "tid":"cice"},
{"name":"ModelAdvance", "ph":"E", "ts":"2901413556", "pid":"1", "tid":"cice"},
{"name":"ModelAdvance", "ph":"B", "ts":"2901921400", "pid":"1", "tid":"cice"},
{"name":"ModelAdvance", "ph":"E", "ts":"2904301123", "pid":"1", "tid":"cice"},
{"name":"ModelAdvance", "ph":"B", "ts":"2904757038", "pid":"1", "tid":"cice"},
{"name":"ModelAdvance", "ph":"E", "ts":"2907185175", "pid":"1", "tid":"cice"},
{"name":"ModelAdvance", "ph":"B", "ts":"2907681006", "pid":"1", "tid":"cice"},
{"name":"ModelAdvance", "ph":"E", "ts":"2910092476", "pid":"1", "tid":"cice"},
{"name":"ModelAdvance", "ph":"B", "ts":"2910607348", "pid":"1", "tid":"cice"},
{"name":"ModelAdvance", "ph":"E", "ts":"2913274608", "pid":"1", "tid":"cice"},
{"name":"ModelAdvance", "ph":"B", "ts":"2916925058", "pid":"1", "tid":"cice"},
{"name":"ModelAdvance", "ph":"E", "ts":"2919324492", "pid":"1", "tid":"cice"},
{"name":"ModelAdvance", "ph":"B", "ts":"2919763338", "pid":"1", "tid":"cice"},
{"name":"ModelAdvance", "ph":"E", "ts":"2922335391", "pid":"1", "tid":"cice"},
{"name":"ModelAdvance", "ph":"B", "ts":"2922793202", "pid":"1", "tid":"cice"},
{"name":"ModelAdvance", "ph":"E", "ts":"2925319201", "pid":"1", "tid":"cice"},
{"name":"ModelAdvance", "ph":"B", "ts":"2925806771", "pid":"1", "tid":"cice"},
{"name":"ModelAdvance", "ph":"E", "ts":"2928182874", "pid":"1", "tid":"cice"},
{"name":"ModelAdvance", "ph":"B", "ts":"2928607466", "pid":"1", "tid":"cice"},
{"name":"ModelAdvance", "ph":"E", "ts":"2931032985", "pid":"1", "tid":"cice"},
{"name":"ModelAdvance", "ph":"B", "ts":"2931513568", "pid":"1", "tid":"cice"},
{"name":"ModelAdvance", "ph":"E", "ts":"2933859002", "pid":"1", "tid":"cice"},
{"name":"ModelAdvance", "ph":"B", "ts":"2934339736", "pid":"1", "tid":"cice"},
{"name":"ModelAdvance", "ph":"E", "ts":"2936689399", "pid":"1", "tid":"cice"},
{"name":"ModelAdvance", "ph":"B", "ts":"2937141518", "pid":"1", "tid":"cice"},
{"name":"ModelAdvance", "ph":"E", "ts":"2939533916", "pid":"1", "tid":"cice"},
{"name":"ModelAdvance", "ph":"B", "ts":"2939993169", "pid":"1", "tid":"cice"},
{"name":"ModelAdvance", "ph":"E", "ts":"2942421224", "pid":"1", "tid":"cice"},
{"name":"ModelAdvance", "ph":"B", "ts":"2942902148", "pid":"1", "tid":"cice"},
{"name":"ModelAdvance", "ph":"E", "ts":"2945299395", "pid":"1", "tid":"cice"},
{"name":"ModelAdvance", "ph":"B", "ts":"2945745626", "pid":"1", "tid":"cice"},
{"name":"ModelAdvance", "ph":"E", "ts":"2948180640", "pid":"1", "tid":"cice"},
{"name":"ModelAdvance", "ph":"B", "ts":"2948683233", "pid":"1", "tid":"cice"},
{"name":"ModelAdvance", "ph":"E", "ts":"2951108777", "pid":"1", "tid":"cice"},
{"name":"ModelAdvance", "ph":"B", "ts":"2951582485", "pid":"1", "tid":"cice"},
{"name":"ModelAdvance", "ph":"E", "ts":"2953988181", "pid":"1", "tid":"cice"},
{"name":"ModelAdvance", "ph":"B", "ts":"2954471986", "pid":"1", "tid":"cice"},
{"name":"ModelAdvance", "ph":"E", "ts":"2956901269", "pid":"1", "tid":"cice"},
{"name":"ModelAdvance", "ph":"B", "ts":"2957342467", "pid":"1", "tid":"cice"},
{"name":"ModelAdvance", "ph":"E", "ts":"2959757448", "pid":"1", "tid":"cice"},
{"name":"ModelAdvance", "ph":"B", "ts":"2960254867", "pid":"1", "tid":"cice"},
{"name":"ModelAdvance", "ph":"E", "ts":"2962649974", "pid":"1", "tid":"cice"},
{"name":"ModelAdvance", "ph":"B", "ts":"2963088706", "pid":"1", "tid":"cice"},
{"name":"ModelAdvance", "ph":"E", "ts":"2965549339", "pid":"1", "tid":"cice"},
{"name":"ModelAdvance", "ph":"B", "ts":"2966021027", "pid":"1", "tid":"cice"},
{"name":"ModelAdvance", "ph":"E", "ts":"2968429746", "pid":"1", "tid":"cice"},
{"name":"ModelAdvance", "ph":"B", "ts":"2968936338", "pid":"1", "tid":"cice"},
{"name":"ModelAdvance", "ph":"E", "ts":"2971330529", "pid":"1", "tid":"cice"},
{"name":"ModelAdvance", "ph":"B", "ts":"2971813553", "pid":"1", "tid":"cice"},
{"name":"ModelAdvance", "ph":"E", "ts":"2974225436", "pid":"1", "tid":"cice"},
{"name":"ModelAdvance", "ph":"B", "ts":"2974694467", "pid":"1", "tid":"cice"},
{"name":"ModelAdvance", "ph":"E", "ts":"2977103171", "pid":"1", "tid":"cice"},
{"name":"ModelAdvance", "ph":"B", "ts":"2977561055", "pid":"1", "tid":"cice"},
{"name":"ModelAdvance", "ph":"E", "ts":"2979999960", "pid":"1", "tid":"cice"},
{"name":"ModelAdvance", "ph":"B", "ts":"2980466871", "pid":"1", "tid":"cice"},
{"name":"ModelAdvance", "ph":"E", "ts":"2982892597", "pid":"1", "tid":"cice"},
{"name":"ModelAdvance", "ph":"B", "ts":"2983383727", "pid":"1", "tid":"cice"},
{"name":"ModelAdvance", "ph":"E", "ts":"2986058158", "pid":"1", "tid":"cice"},
{"name":"ModelAdvance", "ph":"B", "ts":"2989951702", "pid":"1", "tid":"cice"},
{"name":"ModelAdvance", "ph":"E", "ts":"2992366059", "pid":"1", "tid":"cice"},
{"name":"ModelAdvance", "ph":"B", "ts":"2992814801", "pid":"1", "tid":"cice"},
{"name":"ModelAdvance", "ph":"E", "ts":"2995376869", "pid":"1", "tid":"cice"},
{"name":"ModelAdvance", "ph":"B", "ts":"2995836543", "pid":"1", "tid":"cice"},
{"name":"ModelAdvance", "ph":"E", "ts":"2998284688", "pid":"1", "tid":"cice"},
{"name":"ModelAdvance", "ph":"B", "ts":"2998701921", "pid":"1", "tid":"cice"},
{"name":"ModelAdvance", "ph":"E", "ts":"3001098129", "pid":"1", "tid":"cice"},
{"name":"ModelAdvance", "ph":"B", "ts":"3001506190", "pid":"1", "tid":"cice"},
{"name":"ModelAdvance", "ph":"E", "ts":"3003914707", "pid":"1", "tid":"cice"},
{"name":"ModelAdvance", "ph":"B", "ts":"3004367840", "pid":"1", "tid":"cice"},
{"name":"ModelAdvance", "ph":"E", "ts":"3006721036", "pid":"1", "tid":"cice"},
{"name":"ModelAdvance", "ph":"B", "ts":"3007149280", "pid":"1", "tid":"cice"},
{"name":"ModelAdvance", "ph":"E", "ts":"3009548552", "pid":"1", "tid":"cice"},
{"name":"ModelAdvance", "ph":"B", "ts":"3009972508", "pid":"1", "tid":"cice"},
{"name":"ModelAdvance", "ph":"E", "ts":"3012417055", "pid":"1", "tid":"cice"},
{"name":"ModelAdvance", "ph":"B", "ts":"3012840354", "pid":"1", "tid":"cice"},
{"name":"ModelAdvance", "ph":"E", "ts":"3015295863", "pid":"1", "tid":"cice"},
{"name":"ModelAdvance", "ph":"B", "ts":"3015751971", "pid":"1", "tid":"cice"},
{"name":"ModelAdvance", "ph":"E", "ts":"3018157137", "pid":"1", "tid":"cice"},
{"name":"ModelAdvance", "ph":"B", "ts":"3018580234", "pid":"1", "tid":"cice"},
{"name":"ModelAdvance", "ph":"E", "ts":"3021042590", "pid":"1", "tid":"cice"},
{"name":"ModelAdvance", "ph":"B", "ts":"3021505730", "pid":"1", "tid":"cice"},
{"name":"ModelAdvance", "ph":"E", "ts":"3023968292", "pid":"1", "tid":"cice"},
{"name":"ModelAdvance", "ph":"B", "ts":"3024383379", "pid":"1", "tid":"cice"},
{"name":"ModelAdvance", "ph":"E", "ts":"3026862515", "pid":"1", "tid":"cice"},
{"name":"ModelAdvance", "ph":"B", "ts":"3027319351", "pid":"1", "tid":"cice"},
{"name":"ModelAdvance", "ph":"E", "ts":"3029790858", "pid":"1", "tid":"cice"},
{"name":"ModelAdvance", "ph":"B", "ts":"3030145652", "pid":"1", "tid":"cice"},
{"name":"ModelAdvance", "ph":"E", "ts":"3032661638", "pid":"1", "tid":"cice"},
{"name":"ModelAdvance", "ph":"B", "ts":"3033117443", "pid":"1", "tid":"cice"},
{"name":"ModelAdvance", "ph":"E", "ts":"3035546256", "pid":"1", "tid":"cice"},
{"name":"ModelAdvance", "ph":"B", "ts":"3035925618", "pid":"1", "tid":"cice"},
{"name":"ModelAdvance", "ph":"E", "ts":"3038398906", "pid":"1", "tid":"cice"},
{"name":"ModelAdvance", "ph":"B", "ts":"3038785619", "pid":"1", "tid":"cice"},
{"name":"ModelAdvance", "ph":"E", "ts":"3041213730", "pid":"1", "tid":"cice"},
{"name":"ModelAdvance", "ph":"B", "ts":"3041663464", "pid":"1", "tid":"cice"},
{"name":"ModelAdvance", "ph":"E", "ts":"3044053767", "pid":"1", "tid":"cice"},
{"name":"ModelAdvance", "ph":"B", "ts":"3044440214", "pid":"1", "tid":"cice"},
{"name":"ModelAdvance", "ph":"E", "ts":"3046880447", "pid":"1", "tid":"cice"},
{"name":"ModelAdvance", "ph":"B", "ts":"3047323765", "pid":"1", "tid":"cice"},
{"name":"ModelAdvance", "ph":"E", "ts":"3049727815", "pid":"1", "tid":"cice"},
{"name":"ModelAdvance", "ph":"B", "ts":"3050129857", "pid":"1", "tid":"cice"},
{"name":"ModelAdvance", "ph":"E", "ts":"3052568882", "pid":"1", "tid":"cice"},
{"name":"ModelAdvance", "ph":"B", "ts":"3052968828", "pid":"1", "tid":"cice"},
{"name":"ModelAdvance", "ph":"E", "ts":"3060910708", "pid":"1", "tid":"cice"},
{"name":"ModelFinalize", "ph":"B", "ts":"3060914403", "pid":"1", "tid":"cice"},
{"name":"ModelFinalize", "ph":"E", "ts":"3060914445", "pid":"1", "tid":"cice"},
