{"name":"SetServices", "ph":"B", "ts":"1782160185", "pid":"1", "tid":"wave"},
{"name":"SetServices", "ph":"E", "ts":"1782162735", "pid":"1", "tid":"wave"},
{"name":"InitializeP0", "ph":"B", "ts":"1782167756", "pid":"1", "tid":"wave"},
{"name":"InitializeP0", "ph":"E", "ts":"1782167840", "pid":"1", "tid":"wave"},
{"name":"InitializeAdvertise", "ph":"B", "ts":"1785782806", "pid":"1", "tid":"wave"},
{"name":"InitializeAdvertise", "ph":"E", "ts":"1843390226", "pid":"1", "tid":"wave"},
{"name":"InitializeRealize", "ph":"B", "ts":"2011381768", "pid":"1", "tid":"wave"},
{"name":"InitializeRealize", "ph":"E", "ts":"2020894366", "pid":"1", "tid":"wave"},
{"name":"DataInitialize", "ph":"B", "ts":"2067707661", "pid":"1", "tid":"wave"},
{"name":"DataInitialize", "ph":"E", "ts":"2067725560", "pid":"1", "tid":"wave"},
{"name":"ModelSetRunClock", "ph":"B", "ts":"2121949089", "pid":"1", "tid":"wave"},
{"name":"ModelSetRunClock", "ph":"E", "ts":"2121958103", "pid":"1", "tid":"wave"},
{"name":"ModelAdvance", "ph":"B", "ts":"2121958192", "pid":"1", "tid":"wave"},
{"name":"ModelAdvance", "ph":"E", "ts":"2154162325", "pid":"1", "tid":"wave"},
{"name":"ModelSetRunClock", "ph":"B", "ts":"2170032439", "pid":"1", "tid":"wave"},
{"name":"ModelSetRunClock", "ph":"E", "ts":"2170032500", "pid":"1", "tid":"wave"},
{"name":"ModelAdvance", "ph":"B", "ts":"2170032591", "pid":"1", "tid":"wave"},
{"name":"ModelAdvance", "ph":"E", "ts":"2193071193", "pid":"1", "tid":"wave"},
{"name":"ModelSetRunClock", "ph":"B", "ts":"2204536986", "pid":"1", "tid":"wave"},
{"name":"ModelSetRunClock", "ph":"E", "ts":"2204537048", "pid":"1", "tid":"wave"},
{"name":"ModelAdvance", "ph":"B", "ts":"2204537140", "pid":"1", "tid":"wave"},
{"name":"ModelAdvance", "ph":"E", "ts":"2226870978", "pid":"1", "tid":"wave"},
{"name":"ModelSetRunClock", "ph":"B", "ts":"2241168644", "pid":"1", "tid":"wave"},
{"name":"ModelSetRunClock", "ph":"E", "ts":"2241168706", "pid":"1", "tid":"wave"},
{"name":"ModelAdvance", "ph":"B", "ts":"2241168789", "pid":"1", "tid":"wave"},
{"name":"ModelAdvance", "ph":"E", "ts":"2263560440", "pid":"1", "tid":"wave"},
{"name":"ModelSetRunClock", "ph":"B", "ts":"2275709277", "pid":"1", "tid":"wave"},
{"name":"ModelSetRunClock", "ph":"E", "ts":"2275709333", "pid":"1", "tid":"wave"},
{"name":"ModelAdvance", "ph":"B", "ts":"2275709416", "pid":"1", "tid":"wave"},
{"name":"ModelAdvance", "ph":"E", "ts":"2297407926", "pid":"1", "tid":"wave"},
{"name":"ModelSetRunClock", "ph":"B", "ts":"2312466242", "pid":"1", "tid":"wave"},
{"name":"ModelSetRunClock", "ph":"E", "ts":"2312466301", "pid":"1", "tid":"wave"},
{"name":"ModelAdvance", "ph":"B", "ts":"2312466381", "pid":"1", "tid":"wave"},
{"name":"ModelAdvance", "ph":"E", "ts":"2334503673", "pid":"1", "tid":"wave"},
{"name":"ModelSetRunClock", "ph":"B", "ts":"2365813964", "pid":"1", "tid":"wave"},
{"name":"ModelSetRunClock", "ph":"E", "ts":"2365814025", "pid":"1", "tid":"wave"},
{"name":"ModelAdvance", "ph":"B", "ts":"2365814107", "pid":"1", "tid":"wave"},
{"name":"ModelAdvance", "ph":"E", "ts":"2386951131", "pid":"1", "tid":"wave"},
{"name":"ModelSetRunClock", "ph":"B", "ts":"2404143677", "pid":"1", "tid":"wave"},
{"name":"ModelSetRunClock", "ph":"E", "ts":"2404143726", "pid":"1", "tid":"wave"},
{"name":"ModelAdvance", "ph":"B", "ts":"2404143815", "pid":"1", "tid":"wave"},
{"name":"ModelAdvance", "ph":"E", "ts":"2425300379", "pid":"1", "tid":"wave"},
{"name":"ModelSetRunClock", "ph":"B", "ts":"2438983418", "pid":"1", "tid":"wave"},
{"name":"ModelSetRunClock", "ph":"E", "ts":"2438983503", "pid":"1", "tid":"wave"},
{"name":"ModelAdvance", "ph":"B", "ts":"2438983629", "pid":"1", "tid":"wave"},
{"name":"ModelAdvance", "ph":"E", "ts":"2459483904", "pid":"1", "tid":"wave"},
{"name":"ModelSetRunClock", "ph":"B", "ts":"2476647415", "pid":"1", "tid":"wave"},
{"name":"ModelSetRunClock", "ph":"E", "ts":"2476647608", "pid":"1", "tid":"wave"},
{"name":"ModelAdvance", "ph":"B", "ts":"2476647719", "pid":"1", "tid":"wave"},
{"name":"ModelAdvance", "ph":"E", "ts":"2497791619", "pid":"1", "tid":"wave"},
{"name":"ModelSetRunClock", "ph":"B", "ts":"2511442262", "pid":"1", "tid":"wave"},
{"name":"ModelSetRunClock", "ph":"E", "ts":"2511442518", "pid":"1", "tid":"wave"},
{"name":"ModelAdvance", "ph":"B", "ts":"2511442628", "pid":"1", "tid":"wave"},
{"name":"ModelAdvance", "ph":"E", "ts":"2532286691", "pid":"1", "tid":"wave"},
{"name":"ModelSetRunClock", "ph":"B", "ts":"2549150208", "pid":"1", "tid":"wave"},
{"name":"ModelSetRunClock", "ph":"E", "ts":"2549150391", "pid":"1", "tid":"wave"},
{"name":"ModelAdvance", "ph":"B", "ts":"2549150498", "pid":"1", "tid":"wave"},
{"name":"ModelAdvance", "ph":"E", "ts":"2592740865", "pid":"1", "tid":"wave"},
{"name":"ModelSetRunClock", "ph":"B", "ts":"2601376804", "pid":"1", "tid":"wave"},
{"name":"ModelSetRunClock", "ph":"E", "ts":"2601376881", "pid":"1", "tid":"wave"},
{"name":"ModelAdvance", "ph":"B", "ts":"2601376980", "pid":"1", "tid":"wave"},
{"name":"ModelAdvance", "ph":"E", "ts":"2622141921", "pid":"1", "tid":"wave"},
{"name":"ModelSetRunClock", "ph":"B", "ts":"2638311107", "pid":"1", "tid":"wave"},
{"name":"ModelSetRunClock", "ph":"E", "ts":"2638311178", "pid":"1", "tid":"wave"},
{"name":"ModelAdvance", "ph":"B", "ts":"2638311278", "pid":"1", "tid":"wave"},
{"name":"ModelAdvance", "ph":"E", "ts":"2659299502", "pid":"1", "tid":"wave"},
{"name":"ModelSetRunClock", "ph":"B", "ts":"2673193911", "pid":"1", "tid":"wave"},
{"name":"ModelSetRunClock", "ph":"E", "ts":"2673193977", "pid":"1", "tid":"wave"},
{"name":"ModelAdvance", "ph":"B", "ts":"2673194074", "pid":"1", "tid":"wave"},
{"name":"ModelAdvance", "ph":"E", "ts":"2693601653", "pid":"1", "tid":"wave"},
{"name":"ModelSetRunClock", "ph":"B", "ts":"2711662452", "pid":"1", "tid":"wave"},
{"name":"ModelSetRunClock", "ph":"E", "ts":"2711662537", "pid":"1", "tid":"wave"},
{"name":"ModelAdvance", "ph":"B", "ts":"2711662693", "pid":"1", "tid":"wave"},
{"name":"ModelAdvance", "ph":"E", "ts":"2732205097", "pid":"1", "tid":"wave"},
{"name":"ModelSetRunClock", "ph":"B", "ts":"2746585845", "pid":"1", "tid":"wave"},
{"name":"ModelSetRunClock", "ph":"E", "ts":"2746585908", "pid":"1", "tid":"wave"},
{"name":"ModelAdvance", "ph":"B", "ts":"2746585986", "pid":"1", "tid":"wave"},
{"name":"ModelAdvance", "ph":"E", "ts":"2766658532", "pid":"1", "tid":"wave"},
{"name":"ModelSetRunClock", "ph":"B", "ts":"2784471270", "pid":"1", "tid":"wave"},
{"name":"ModelSetRunClock", "ph":"E", "ts":"2784471335", "pid":"1", "tid":"wave"},
{"name":"ModelAdvance", "ph":"B", "ts":"2784471432", "pid":"1", "tid":"wave"},
{"name":"ModelAdvance", "ph":"E", "ts":"2827179787", "pid":"1", "tid":"wave"},
{"name":"ModelSetRunClock", "ph":"B", "ts":"2838852593", "pid":"1", "tid":"wave"},
{"name":"ModelSetRunClock", "ph":"E", "ts":"2838852667", "pid":"1", "tid":"wave"},
{"name":"ModelAdvance", "ph":"B", "ts":"2838852766", "pid":"1", "tid":"wave"},
{"name":"ModelAdvance", "ph":"E", "ts":"2858718035", "pid":"1", "tid":"wave"},
{"name":"ModelSetRunClock", "ph":"B", "ts":"2875617727", "pid":"1", "tid":"wave"},
{"name":"ModelSetRunClock", "ph":"E", "ts":"2875617861", "pid":"1", "tid":"wave"},
{"name":"ModelAdvance", "ph":"B", "ts":"2875617952", "pid":"1", "tid":"wave"},
{"name":"ModelAdvance", "ph":"E", "ts":"2896029751", "pid":"1", "tid":"wave"},
{"name":"ModelSetRunClock", "ph":"B", "ts":"2910547264", "pid":"1", "tid":"wave"},
{"name":"ModelSetRunClock", "ph":"E", "ts":"2910547334", "pid":"1", "tid":"wave"},
{"name":"ModelAdvance", "ph":"B", "ts":"2910547409", "pid":"1", "tid":"wave"},
{"name":"ModelAdvance", "ph":"E", "ts":"2930635446", "pid":"1", "tid":"wave"},
{"name":"ModelSetRunClock", "ph":"B", "ts":"2948564555", "pid":"1", "tid":"wave"},
{"name":"ModelSetRunClock", "ph":"E", "ts":"2948564634", "pid":"1", "tid":"wave"},
{"name":"ModelAdvance", "ph":"B", "ts":"2948564751", "pid":"1", "tid":"wave"},
{"name":"ModelAdvance", "ph":"E", "ts":"2969105096", "pid":"1", "tid":"wave"},
{"name":"ModelSetRunClock", "ph":"B", "ts":"2983338858", "pid":"1", "tid":"wave"},
{"name":"ModelSetRunClock", "ph":"E", "ts":"2983338922", "pid":"1", "tid":"wave"},
{"name":"ModelAdvance", "ph":"B", "ts":"2983339001", "pid":"1", "tid":"wave"},
{"name":"ModelAdvance", "ph":"E", "ts":"3003451850", "pid":"1", "tid":"wave"},
{"name":"ModelSetRunClock", "ph":"B", "ts":"3021377189", "pid":"1", "tid":"wave"},
{"name":"ModelSetRunClock", "ph":"E", "ts":"3021377253", "pid":"1", "tid":"wave"},
{"name":"ModelAdvance", "ph":"B", "ts":"3021377334", "pid":"1", "tid":"wave"},
{"name":"ModelAdvance", "ph":"E", "ts":"3064377438", "pid":"1", "tid":"wave"},
{"name":"ModelFinalize", "ph":"B", "ts":"3064384256", "pid":"1", "tid":"wave"},
{"name":"ModelFinalize", "ph":"E", "ts":"3064384277", "pid":"1", "tid":"wave"},
