{"name":"SetServices", "ph":"B", "ts":"3282685628", "pid":"1", "tid":"wrtComp_07"},
{"name":"SetServices", "ph":"E", "ts":"3282686629", "pid":"1", "tid":"wrtComp_07"},
{"name":"wrt_initialize_p1", "ph":"B", "ts":"3282687008", "pid":"1", "tid":"wrtComp_07"},
{"name":"wrt_initialize_p1", "ph":"E", "ts":"3283175329", "pid":"1", "tid":"wrtComp_07"},
{"name":"wrt_run", "ph":"B", "ts":"3583398247", "pid":"1", "tid":"wrtComp_07"},
{"name":"wrt_run", "ph":"E", "ts":"3648208934", "pid":"1", "tid":"wrtComp_07"},
{"name":"wrt_run", "ph":"B", "ts":"3743942374", "pid":"1", "tid":"wrtComp_07"},
{"name":"wrt_run", "ph":"E", "ts":"3804221849", "pid":"1", "tid":"wrtComp_07"},
{"name":"wrt_run", "ph":"B", "ts":"3914051872", "pid":"1", "tid":"wrtComp_07"},
{"name":"wrt_run", "ph":"E", "ts":"3978742016", "pid":"1", "tid":"wrtComp_07"},
{"name":"wrt_run", "ph":"B", "ts":"4076497629", "pid":"1", "tid":"wrtComp_07"},
{"name":"wrt_run", "ph":"E", "ts":"4141758139", "pid":"1", "tid":"wrtComp_07"},
{"name":"wrt_run", "ph":"B", "ts":"4265688633", "pid":"1", "tid":"wrtComp_07"},
{"name":"wrt_run", "ph":"E", "ts":"4331738014", "pid":"1", "tid":"wrtComp_07"},
{"name":"wrt_run", "ph":"B", "ts":"4425530335", "pid":"1", "tid":"wrtComp_07"},
{"name":"wrt_run", "ph":"E", "ts":"4491228031", "pid":"1", "tid":"wrtComp_07"},
{"name":"wrt_run", "ph":"B", "ts":"4588727542", "pid":"1", "tid":"wrtComp_07"},
{"name":"wrt_run", "ph":"E", "ts":"4653232062", "pid":"1", "tid":"wrtComp_07"},
{"name":"wrt_run", "ph":"B", "ts":"4749043607", "pid":"1", "tid":"wrtComp_07"},
{"name":"wrt_run", "ph":"E", "ts":"4811146745", "pid":"1", "tid":"wrtComp_07"},
{"name":"wrt_run", "ph":"B", "ts":"4906030550", "pid":"1", "tid":"wrtComp_07"},
{"name":"wrt_run", "ph":"E", "ts":"4968671224", "pid":"1", "tid":"wrtComp_07"},
{"name":"wrt_run", "ph":"B", "ts":"5101566429", "pid":"1", "tid":"wrtComp_07"},
{"name":"wrt_run", "ph":"E", "ts":"5165205260", "pid":"1", "tid":"wrtComp_07"},
{"name":"wrt_run", "ph":"B", "ts":"5266177390", "pid":"1", "tid":"wrtComp_07"},
{"name":"wrt_run", "ph":"E", "ts":"5329755827", "pid":"1", "tid":"wrtComp_07"},
{"name":"wrt_run", "ph":"B", "ts":"5428498163", "pid":"1", "tid":"wrtComp_07"},
{"name":"wrt_run", "ph":"E", "ts":"5491082590", "pid":"1", "tid":"wrtComp_07"},
{"name":"wrt_run", "ph":"B", "ts":"5592444856", "pid":"1", "tid":"wrtComp_07"},
{"name":"wrt_run", "ph":"E", "ts":"5666067978", "pid":"1", "tid":"wrtComp_07"},
{"name":"wrt_run", "ph":"B", "ts":"5788635672", "pid":"1", "tid":"wrtComp_07"},
{"name":"wrt_run", "ph":"E", "ts":"5850363363", "pid":"1", "tid":"wrtComp_07"},
{"name":"wrt_run", "ph":"B", "ts":"5953468258", "pid":"1", "tid":"wrtComp_07"},
{"name":"wrt_run", "ph":"E", "ts":"6015488941", "pid":"1", "tid":"wrtComp_07"},
{"name":"wrt_run", "ph":"B", "ts":"6347392449", "pid":"1", "tid":"wrtComp_07"},
{"name":"wrt_run", "ph":"E", "ts":"6413574268", "pid":"1", "tid":"wrtComp_07"},
{"name":"wrt_run", "ph":"B", "ts":"6869573915", "pid":"1", "tid":"wrtComp_07"},
{"name":"wrt_run", "ph":"E", "ts":"6935147087", "pid":"1", "tid":"wrtComp_07"},
{"name":"wrt_run", "ph":"B", "ts":"7427228737", "pid":"1", "tid":"wrtComp_07"},
{"name":"wrt_run", "ph":"E", "ts":"7494283314", "pid":"1", "tid":"wrtComp_07"},
{"name":"wrt_run", "ph":"B", "ts":"7915548227", "pid":"1", "tid":"wrtComp_07"},
{"name":"wrt_run", "ph":"E", "ts":"7983275181", "pid":"1", "tid":"wrtComp_07"},
{"name":"wrt_run", "ph":"B", "ts":"8419442704", "pid":"1", "tid":"wrtComp_07"},
{"name":"wrt_run", "ph":"E", "ts":"8486627564", "pid":"1", "tid":"wrtComp_07"},
{"name":"wrt_run", "ph":"B", "ts":"8948665841", "pid":"1", "tid":"wrtComp_07"},
{"name":"wrt_run", "ph":"E", "ts":"9018198614", "pid":"1", "tid":"wrtComp_07"},
{"name":"wrt_run", "ph":"B", "ts":"9429828851", "pid":"1", "tid":"wrtComp_07"},
{"name":"wrt_run", "ph":"E", "ts":"9496665972", "pid":"1", "tid":"wrtComp_07"},
{"name":"wrt_run", "ph":"B", "ts":"9943279402", "pid":"1", "tid":"wrtComp_07"},
{"name":"wrt_run", "ph":"E", "ts":"10010141355", "pid":"1", "tid":"wrtComp_07"},
{"name":"wrt_run", "ph":"B", "ts":"10453739743", "pid":"1", "tid":"wrtComp_07"},
{"name":"wrt_run", "ph":"E", "ts":"10521744677", "pid":"1", "tid":"wrtComp_07"},
{"name":"wrt_run", "ph":"B", "ts":"10929176670", "pid":"1", "tid":"wrtComp_07"},
{"name":"wrt_run", "ph":"E", "ts":"10996453323", "pid":"1", "tid":"wrtComp_07"},
{"name":"wrt_run", "ph":"B", "ts":"11432459715", "pid":"1", "tid":"wrtComp_07"},
{"name":"wrt_run", "ph":"E", "ts":"11499873799", "pid":"1", "tid":"wrtComp_07"},
{"name":"wrt_finalize", "ph":"B", "ts":"11499990554", "pid":"1", "tid":"wrtComp_07"},
{"name":"wrt_finalize", "ph":"E", "ts":"11500128248", "pid":"1", "tid":"wrtComp_07"},
