{"name":"SetServices", "ph":"B", "ts":"3277160243", "pid":"1", "tid":"wrtComp_03"},
{"name":"SetServices", "ph":"E", "ts":"3277161975", "pid":"1", "tid":"wrtComp_03"},
{"name":"wrt_initialize_p1", "ph":"B", "ts":"3277162344", "pid":"1", "tid":"wrtComp_03"},
{"name":"wrt_initialize_p1", "ph":"E", "ts":"3277663371", "pid":"1", "tid":"wrtComp_03"},
{"name":"wrt_run", "ph":"B", "ts":"3504025437", "pid":"1", "tid":"wrtComp_03"},
{"name":"wrt_run", "ph":"E", "ts":"3569583439", "pid":"1", "tid":"wrtComp_03"},
{"name":"wrt_run", "ph":"B", "ts":"3662163198", "pid":"1", "tid":"wrtComp_03"},
{"name":"wrt_run", "ph":"E", "ts":"3728429256", "pid":"1", "tid":"wrtComp_03"},
{"name":"wrt_run", "ph":"B", "ts":"3823011149", "pid":"1", "tid":"wrtComp_03"},
{"name":"wrt_run", "ph":"E", "ts":"3898016093", "pid":"1", "tid":"wrtComp_03"},
{"name":"wrt_run", "ph":"B", "ts":"3994812308", "pid":"1", "tid":"wrtComp_03"},
{"name":"wrt_run", "ph":"E", "ts":"4060794484", "pid":"1", "tid":"wrtComp_03"},
{"name":"wrt_run", "ph":"B", "ts":"4155954992", "pid":"1", "tid":"wrtComp_03"},
{"name":"wrt_run", "ph":"E", "ts":"4222643001", "pid":"1", "tid":"wrtComp_03"},
{"name":"wrt_run", "ph":"B", "ts":"4344215683", "pid":"1", "tid":"wrtComp_03"},
{"name":"wrt_run", "ph":"E", "ts":"4407499702", "pid":"1", "tid":"wrtComp_03"},
{"name":"wrt_run", "ph":"B", "ts":"4507345756", "pid":"1", "tid":"wrtComp_03"},
{"name":"wrt_run", "ph":"E", "ts":"4576398948", "pid":"1", "tid":"wrtComp_03"},
{"name":"wrt_run", "ph":"B", "ts":"4669229588", "pid":"1", "tid":"wrtComp_03"},
{"name":"wrt_run", "ph":"E", "ts":"4731246430", "pid":"1", "tid":"wrtComp_03"},
{"name":"wrt_run", "ph":"B", "ts":"4826473301", "pid":"1", "tid":"wrtComp_03"},
{"name":"wrt_run", "ph":"E", "ts":"4888613972", "pid":"1", "tid":"wrtComp_03"},
{"name":"wrt_run", "ph":"B", "ts":"5014138210", "pid":"1", "tid":"wrtComp_03"},
{"name":"wrt_run", "ph":"E", "ts":"5078676682", "pid":"1", "tid":"wrtComp_03"},
{"name":"wrt_run", "ph":"B", "ts":"5180880222", "pid":"1", "tid":"wrtComp_03"},
{"name":"wrt_run", "ph":"E", "ts":"5244713719", "pid":"1", "tid":"wrtComp_03"},
{"name":"wrt_run", "ph":"B", "ts":"5346759954", "pid":"1", "tid":"wrtComp_03"},
{"name":"wrt_run", "ph":"E", "ts":"5410978028", "pid":"1", "tid":"wrtComp_03"},
{"name":"wrt_run", "ph":"B", "ts":"5510636335", "pid":"1", "tid":"wrtComp_03"},
{"name":"wrt_run", "ph":"E", "ts":"5575873809", "pid":"1", "tid":"wrtComp_03"},
{"name":"wrt_run", "ph":"B", "ts":"5679139916", "pid":"1", "tid":"wrtComp_03"},
{"name":"wrt_run", "ph":"E", "ts":"5743357313", "pid":"1", "tid":"wrtComp_03"},
{"name":"wrt_run", "ph":"B", "ts":"5870953759", "pid":"1", "tid":"wrtComp_03"},
{"name":"wrt_run", "ph":"E", "ts":"5936323965", "pid":"1", "tid":"wrtComp_03"},
{"name":"wrt_run", "ph":"B", "ts":"6112256606", "pid":"1", "tid":"wrtComp_03"},
{"name":"wrt_run", "ph":"E", "ts":"6178125446", "pid":"1", "tid":"wrtComp_03"},
{"name":"wrt_run", "ph":"B", "ts":"6617760267", "pid":"1", "tid":"wrtComp_03"},
{"name":"wrt_run", "ph":"E", "ts":"6682427684", "pid":"1", "tid":"wrtComp_03"},
{"name":"wrt_run", "ph":"B", "ts":"7151439658", "pid":"1", "tid":"wrtComp_03"},
{"name":"wrt_run", "ph":"E", "ts":"7216894737", "pid":"1", "tid":"wrtComp_03"},
{"name":"wrt_run", "ph":"B", "ts":"7676196855", "pid":"1", "tid":"wrtComp_03"},
{"name":"wrt_run", "ph":"E", "ts":"7744054251", "pid":"1", "tid":"wrtComp_03"},
{"name":"wrt_run", "ph":"B", "ts":"8182398320", "pid":"1", "tid":"wrtComp_03"},
{"name":"wrt_run", "ph":"E", "ts":"8251973075", "pid":"1", "tid":"wrtComp_03"},
{"name":"wrt_run", "ph":"B", "ts":"8673155942", "pid":"1", "tid":"wrtComp_03"},
{"name":"wrt_run", "ph":"E", "ts":"8738255199", "pid":"1", "tid":"wrtComp_03"},
{"name":"wrt_run", "ph":"B", "ts":"9189263625", "pid":"1", "tid":"wrtComp_03"},
{"name":"wrt_run", "ph":"E", "ts":"9261464858", "pid":"1", "tid":"wrtComp_03"},
{"name":"wrt_run", "ph":"B", "ts":"9700439306", "pid":"1", "tid":"wrtComp_03"},
{"name":"wrt_run", "ph":"E", "ts":"9767940933", "pid":"1", "tid":"wrtComp_03"},
{"name":"wrt_run", "ph":"B", "ts":"10185321064", "pid":"1", "tid":"wrtComp_03"},
{"name":"wrt_run", "ph":"E", "ts":"10250613496", "pid":"1", "tid":"wrtComp_03"},
{"name":"wrt_run", "ph":"B", "ts":"10696469314", "pid":"1", "tid":"wrtComp_03"},
{"name":"wrt_run", "ph":"E", "ts":"10766157672", "pid":"1", "tid":"wrtComp_03"},
{"name":"wrt_run", "ph":"B", "ts":"11195386302", "pid":"1", "tid":"wrtComp_03"},
{"name":"wrt_run", "ph":"E", "ts":"11267832622", "pid":"1", "tid":"wrtComp_03"},
{"name":"wrt_finalize", "ph":"B", "ts":"11268172274", "pid":"1", "tid":"wrtComp_03"},
{"name":"wrt_finalize", "ph":"E", "ts":"11268318256", "pid":"1", "tid":"wrtComp_03"},
