{"name":"SetServices", "ph":"B", "ts":"3017933806", "pid":"1", "tid":"mom"},
{"name":"SetServices", "ph":"E", "ts":"3018049463", "pid":"1", "tid":"mom"},
{"name":"InitializeP0", "ph":"B", "ts":"3018055660", "pid":"1", "tid":"mom"},
{"name":"InitializeP0", "ph":"E", "ts":"3018058310", "pid":"1", "tid":"mom"},
{"name":"InitializeAdvertise", "ph":"B", "ts":"3018258283", "pid":"1", "tid":"mom"},
{"name":"InitializeAdvertise", "ph":"E", "ts":"3090553340", "pid":"1", "tid":"mom"},
{"name":"InitializeRealize", "ph":"B", "ts":"3102003566", "pid":"1", "tid":"mom"},
{"name":"InitializeRealize", "ph":"E", "ts":"3104612340", "pid":"1", "tid":"mom"},
{"name":"DataInitialize", "ph":"B", "ts":"3126929899", "pid":"1", "tid":"mom"},
{"name":"DataInitialize", "ph":"E", "ts":"3126931395", "pid":"1", "tid":"mom"},
{"name":"ModelSetRunClock", "ph":"B", "ts":"3155334574", "pid":"1", "tid":"mom"},
{"name":"ModelSetRunClock", "ph":"E", "ts":"3155343625", "pid":"1", "tid":"mom"},
{"name":"ModelAdvance", "ph":"B", "ts":"3155343810", "pid":"1", "tid":"mom"},
{"name":"ModelAdvance", "ph":"E", "ts":"3164836021", "pid":"1", "tid":"mom"},
{"name":"ModelSetRunClock", "ph":"B", "ts":"3200123094", "pid":"1", "tid":"mom"},
{"name":"ModelSetRunClock", "ph":"E", "ts":"3200123235", "pid":"1", "tid":"mom"},
{"name":"ModelAdvance", "ph":"B", "ts":"3200123371", "pid":"1", "tid":"mom"},
{"name":"ModelAdvance", "ph":"E", "ts":"3208872279", "pid":"1", "tid":"mom"},
{"name":"ModelSetRunClock", "ph":"B", "ts":"3222425875", "pid":"1", "tid":"mom"},
{"name":"ModelSetRunClock", "ph":"E", "ts":"3222425963", "pid":"1", "tid":"mom"},
{"name":"ModelAdvance", "ph":"B", "ts":"3222426147", "pid":"1", "tid":"mom"},
{"name":"ModelAdvance", "ph":"E", "ts":"3239644725", "pid":"1", "tid":"mom"},
{"name":"ModelSetRunClock", "ph":"B", "ts":"3249620746", "pid":"1", "tid":"mom"},
{"name":"ModelSetRunClock", "ph":"E", "ts":"3249620832", "pid":"1", "tid":"mom"},
{"name":"ModelAdvance", "ph":"B", "ts":"3249621192", "pid":"1", "tid":"mom"},
{"name":"ModelAdvance", "ph":"E", "ts":"3258387278", "pid":"1", "tid":"mom"},
{"name":"ModelSetRunClock", "ph":"B", "ts":"3271837776", "pid":"1", "tid":"mom"},
{"name":"ModelSetRunClock", "ph":"E", "ts":"3271837841", "pid":"1", "tid":"mom"},
{"name":"ModelAdvance", "ph":"B", "ts":"3271838012", "pid":"1", "tid":"mom"},
{"name":"ModelAdvance", "ph":"E", "ts":"3289284252", "pid":"1", "tid":"mom"},
{"name":"ModelSetRunClock", "ph":"B", "ts":"3299065615", "pid":"1", "tid":"mom"},
{"name":"ModelSetRunClock", "ph":"E", "ts":"3299065683", "pid":"1", "tid":"mom"},
{"name":"ModelAdvance", "ph":"B", "ts":"3299065842", "pid":"1", "tid":"mom"},
{"name":"ModelAdvance", "ph":"E", "ts":"3307982761", "pid":"1", "tid":"mom"},
{"name":"ModelSetRunClock", "ph":"B", "ts":"3323381628", "pid":"1", "tid":"mom"},
{"name":"ModelSetRunClock", "ph":"E", "ts":"3323381890", "pid":"1", "tid":"mom"},
{"name":"ModelAdvance", "ph":"B", "ts":"3323382128", "pid":"1", "tid":"mom"},
{"name":"ModelAdvance", "ph":"E", "ts":"3340544337", "pid":"1", "tid":"mom"},
{"name":"ModelSetRunClock", "ph":"B", "ts":"3350684748", "pid":"1", "tid":"mom"},
{"name":"ModelSetRunClock", "ph":"E", "ts":"3350684936", "pid":"1", "tid":"mom"},
{"name":"ModelAdvance", "ph":"B", "ts":"3350685206", "pid":"1", "tid":"mom"},
{"name":"ModelAdvance", "ph":"E", "ts":"3359509339", "pid":"1", "tid":"mom"},
{"name":"ModelSetRunClock", "ph":"B", "ts":"3372841782", "pid":"1", "tid":"mom"},
{"name":"ModelSetRunClock", "ph":"E", "ts":"3372841858", "pid":"1", "tid":"mom"},
{"name":"ModelAdvance", "ph":"B", "ts":"3372842052", "pid":"1", "tid":"mom"},
{"name":"ModelAdvance", "ph":"E", "ts":"3389751475", "pid":"1", "tid":"mom"},
{"name":"ModelSetRunClock", "ph":"B", "ts":"3399944814", "pid":"1", "tid":"mom"},
{"name":"ModelSetRunClock", "ph":"E", "ts":"3399944886", "pid":"1", "tid":"mom"},
{"name":"ModelAdvance", "ph":"B", "ts":"3399945036", "pid":"1", "tid":"mom"},
{"name":"ModelAdvance", "ph":"E", "ts":"3408803629", "pid":"1", "tid":"mom"},
{"name":"ModelSetRunClock", "ph":"B", "ts":"3421988200", "pid":"1", "tid":"mom"},
{"name":"ModelSetRunClock", "ph":"E", "ts":"3421988273", "pid":"1", "tid":"mom"},
{"name":"ModelAdvance", "ph":"B", "ts":"3421988737", "pid":"1", "tid":"mom"},
{"name":"ModelAdvance", "ph":"E", "ts":"3438971809", "pid":"1", "tid":"mom"},
{"name":"ModelSetRunClock", "ph":"B", "ts":"3448895687", "pid":"1", "tid":"mom"},
{"name":"ModelSetRunClock", "ph":"E", "ts":"3448895754", "pid":"1", "tid":"mom"},
{"name":"ModelAdvance", "ph":"B", "ts":"3448895929", "pid":"1", "tid":"mom"},
{"name":"ModelAdvance", "ph":"E", "ts":"3478808379", "pid":"1", "tid":"mom"},
{"name":"ModelSetRunClock", "ph":"B", "ts":"3481570222", "pid":"1", "tid":"mom"},
{"name":"ModelSetRunClock", "ph":"E", "ts":"3481570292", "pid":"1", "tid":"mom"},
{"name":"ModelAdvance", "ph":"B", "ts":"3481570418", "pid":"1", "tid":"mom"},
{"name":"ModelAdvance", "ph":"E", "ts":"3498808321", "pid":"1", "tid":"mom"},
{"name":"ModelSetRunClock", "ph":"B", "ts":"3507845561", "pid":"1", "tid":"mom"},
{"name":"ModelSetRunClock", "ph":"E", "ts":"3507845754", "pid":"1", "tid":"mom"},
{"name":"ModelAdvance", "ph":"B", "ts":"3507845942", "pid":"1", "tid":"mom"},
{"name":"ModelAdvance", "ph":"E", "ts":"3516319900", "pid":"1", "tid":"mom"},
{"name":"ModelSetRunClock", "ph":"B", "ts":"3529532637", "pid":"1", "tid":"mom"},
{"name":"ModelSetRunClock", "ph":"E", "ts":"3529532702", "pid":"1", "tid":"mom"},
{"name":"ModelAdvance", "ph":"B", "ts":"3529532860", "pid":"1", "tid":"mom"},
{"name":"ModelAdvance", "ph":"E", "ts":"3547026394", "pid":"1", "tid":"mom"},
{"name":"ModelSetRunClock", "ph":"B", "ts":"3555867978", "pid":"1", "tid":"mom"},
{"name":"ModelSetRunClock", "ph":"E", "ts":"3555868054", "pid":"1", "tid":"mom"},
{"name":"ModelAdvance", "ph":"B", "ts":"3555868233", "pid":"1", "tid":"mom"},
{"name":"ModelAdvance", "ph":"E", "ts":"3564355851", "pid":"1", "tid":"mom"},
{"name":"ModelSetRunClock", "ph":"B", "ts":"3577637741", "pid":"1", "tid":"mom"},
{"name":"ModelSetRunClock", "ph":"E", "ts":"3577637830", "pid":"1", "tid":"mom"},
{"name":"ModelAdvance", "ph":"B", "ts":"3577638033", "pid":"1", "tid":"mom"},
{"name":"ModelAdvance", "ph":"E", "ts":"3595135207", "pid":"1", "tid":"mom"},
{"name":"ModelSetRunClock", "ph":"B", "ts":"3604188694", "pid":"1", "tid":"mom"},
{"name":"ModelSetRunClock", "ph":"E", "ts":"3604188772", "pid":"1", "tid":"mom"},
{"name":"ModelAdvance", "ph":"B", "ts":"3604188943", "pid":"1", "tid":"mom"},
{"name":"ModelAdvance", "ph":"E", "ts":"3633280507", "pid":"1", "tid":"mom"},
{"name":"ModelSetRunClock", "ph":"B", "ts":"3635221423", "pid":"1", "tid":"mom"},
{"name":"ModelSetRunClock", "ph":"E", "ts":"3635221497", "pid":"1", "tid":"mom"},
{"name":"ModelAdvance", "ph":"B", "ts":"3635221628", "pid":"1", "tid":"mom"},
{"name":"ModelAdvance", "ph":"E", "ts":"3653086372", "pid":"1", "tid":"mom"},
{"name":"ModelSetRunClock", "ph":"B", "ts":"3661502771", "pid":"1", "tid":"mom"},
{"name":"ModelSetRunClock", "ph":"E", "ts":"3661502860", "pid":"1", "tid":"mom"},
{"name":"ModelAdvance", "ph":"B", "ts":"3661503024", "pid":"1", "tid":"mom"},
{"name":"ModelAdvance", "ph":"E", "ts":"3669938049", "pid":"1", "tid":"mom"},
{"name":"ModelSetRunClock", "ph":"B", "ts":"3683383758", "pid":"1", "tid":"mom"},
{"name":"ModelSetRunClock", "ph":"E", "ts":"3683383817", "pid":"1", "tid":"mom"},
{"name":"ModelAdvance", "ph":"B", "ts":"3683383959", "pid":"1", "tid":"mom"},
{"name":"ModelAdvance", "ph":"E", "ts":"3704927796", "pid":"1", "tid":"mom"},
{"name":"ModelSetRunClock", "ph":"B", "ts":"3709898334", "pid":"1", "tid":"mom"},
{"name":"ModelSetRunClock", "ph":"E", "ts":"3709898441", "pid":"1", "tid":"mom"},
{"name":"ModelAdvance", "ph":"B", "ts":"3709898634", "pid":"1", "tid":"mom"},
{"name":"ModelAdvance", "ph":"E", "ts":"3718366047", "pid":"1", "tid":"mom"},
{"name":"ModelSetRunClock", "ph":"B", "ts":"3731897301", "pid":"1", "tid":"mom"},
{"name":"ModelSetRunClock", "ph":"E", "ts":"3731897477", "pid":"1", "tid":"mom"},
{"name":"ModelAdvance", "ph":"B", "ts":"3731897724", "pid":"1", "tid":"mom"},
{"name":"ModelAdvance", "ph":"E", "ts":"3750242808", "pid":"1", "tid":"mom"},
{"name":"ModelSetRunClock", "ph":"B", "ts":"3758660856", "pid":"1", "tid":"mom"},
{"name":"ModelSetRunClock", "ph":"E", "ts":"3758661038", "pid":"1", "tid":"mom"},
{"name":"ModelAdvance", "ph":"B", "ts":"3758661192", "pid":"1", "tid":"mom"},
{"name":"ModelAdvance", "ph":"E", "ts":"3786787403", "pid":"1", "tid":"mom"},
{"name":"ocean_model_finalize", "ph":"B", "ts":"3786790181", "pid":"1", "tid":"mom"},
{"name":"ocean_model_finalize", "ph":"E", "ts":"3796961860", "pid":"1", "tid":"mom"},
