{"name":"SetServices", "ph":"B", "ts":"3018053305", "pid":"1", "tid":"cice"},
{"name":"SetServices", "ph":"E", "ts":"3018199017", "pid":"1", "tid":"cice"},
{"name":"InitializeP0", "ph":"B", "ts":"3018202186", "pid":"1", "tid":"cice"},
{"name":"InitializeP0", "ph":"E", "ts":"3018202273", "pid":"1", "tid":"cice"},
{"name":"InitializeAdvertise", "ph":"B", "ts":"3018258632", "pid":"1", "tid":"cice"},
{"name":"InitializeAdvertise", "ph":"E", "ts":"3023414701", "pid":"1", "tid":"cice"},
{"name":"InitializeRealize", "ph":"B", "ts":"3102086094", "pid":"1", "tid":"cice"},
{"name":"InitializeRealize", "ph":"E", "ts":"3115047080", "pid":"1", "tid":"cice"},
{"name":"ModelAdvance", "ph":"B", "ts":"3155480740", "pid":"1", "tid":"cice"},
{"name":"ModelAdvance", "ph":"E", "ts":"3158012071", "pid":"1", "tid":"cice"},
{"name":"ModelAdvance", "ph":"B", "ts":"3181568182", "pid":"1", "tid":"cice"},
{"name":"ModelAdvance", "ph":"E", "ts":"3183978762", "pid":"1", "tid":"cice"},
{"name":"ModelAdvance", "ph":"B", "ts":"3185267313", "pid":"1", "tid":"cice"},
{"name":"ModelAdvance", "ph":"E", "ts":"3187646781", "pid":"1", "tid":"cice"},
{"name":"ModelAdvance", "ph":"B", "ts":"3189021442", "pid":"1", "tid":"cice"},
{"name":"ModelAdvance", "ph":"E", "ts":"3191401941", "pid":"1", "tid":"cice"},
{"name":"ModelAdvance", "ph":"B", "ts":"3192701275", "pid":"1", "tid":"cice"},
{"name":"ModelAdvance", "ph":"E", "ts":"3195085488", "pid":"1", "tid":"cice"},
{"name":"ModelAdvance", "ph":"B", "ts":"3196387752", "pid":"1", "tid":"cice"},
{"name":"ModelAdvance", "ph":"E", "ts":"3198764340", "pid":"1", "tid":"cice"},
{"name":"ModelAdvance", "ph":"B", "ts":"3200220175", "pid":"1", "tid":"cice"},
{"name":"ModelAdvance", "ph":"E", "ts":"3202602709", "pid":"1", "tid":"cice"},
{"name":"ModelAdvance", "ph":"B", "ts":"3203924061", "pid":"1", "tid":"cice"},
{"name":"ModelAdvance", "ph":"E", "ts":"3206315055", "pid":"1", "tid":"cice"},
{"name":"ModelAdvance", "ph":"B", "ts":"3207736963", "pid":"1", "tid":"cice"},
{"name":"ModelAdvance", "ph":"E", "ts":"3210121388", "pid":"1", "tid":"cice"},
{"name":"ModelAdvance", "ph":"B", "ts":"3211401801", "pid":"1", "tid":"cice"},
{"name":"ModelAdvance", "ph":"E", "ts":"3213786845", "pid":"1", "tid":"cice"},
{"name":"ModelAdvance", "ph":"B", "ts":"3215101669", "pid":"1", "tid":"cice"},
{"name":"ModelAdvance", "ph":"E", "ts":"3217480323", "pid":"1", "tid":"cice"},
{"name":"ModelAdvance", "ph":"B", "ts":"3218809975", "pid":"1", "tid":"cice"},
{"name":"ModelAdvance", "ph":"E", "ts":"3221182356", "pid":"1", "tid":"cice"},
{"name":"ModelAdvance", "ph":"B", "ts":"3222494920", "pid":"1", "tid":"cice"},
{"name":"ModelAdvance", "ph":"E", "ts":"3224876881", "pid":"1", "tid":"cice"},
{"name":"ModelAdvance", "ph":"B", "ts":"3231195863", "pid":"1", "tid":"cice"},
{"name":"ModelAdvance", "ph":"E", "ts":"3233547920", "pid":"1", "tid":"cice"},
{"name":"ModelAdvance", "ph":"B", "ts":"3234909267", "pid":"1", "tid":"cice"},
{"name":"ModelAdvance", "ph":"E", "ts":"3237257339", "pid":"1", "tid":"cice"},
{"name":"ModelAdvance", "ph":"B", "ts":"3238568049", "pid":"1", "tid":"cice"},
{"name":"ModelAdvance", "ph":"E", "ts":"3240945066", "pid":"1", "tid":"cice"},
{"name":"ModelAdvance", "ph":"B", "ts":"3242286821", "pid":"1", "tid":"cice"},
{"name":"ModelAdvance", "ph":"E", "ts":"3244682382", "pid":"1", "tid":"cice"},
{"name":"ModelAdvance", "ph":"B", "ts":"3245976336", "pid":"1", "tid":"cice"},
{"name":"ModelAdvance", "ph":"E", "ts":"3248372627", "pid":"1", "tid":"cice"},
{"name":"ModelAdvance", "ph":"B", "ts":"3249680548", "pid":"1", "tid":"cice"},
{"name":"ModelAdvance", "ph":"E", "ts":"3252067933", "pid":"1", "tid":"cice"},
{"name":"ModelAdvance", "ph":"B", "ts":"3253372242", "pid":"1", "tid":"cice"},
{"name":"ModelAdvance", "ph":"E", "ts":"3255742220", "pid":"1", "tid":"cice"},
{"name":"ModelAdvance", "ph":"B", "ts":"3257114474", "pid":"1", "tid":"cice"},
{"name":"ModelAdvance", "ph":"E", "ts":"3259509079", "pid":"1", "tid":"cice"},
{"name":"ModelAdvance", "ph":"B", "ts":"3260789557", "pid":"1", "tid":"cice"},
{"name":"ModelAdvance", "ph":"E", "ts":"3263191353", "pid":"1", "tid":"cice"},
{"name":"ModelAdvance", "ph":"B", "ts":"3264504244", "pid":"1", "tid":"cice"},
{"name":"ModelAdvance", "ph":"E", "ts":"3266878331", "pid":"1", "tid":"cice"},
{"name":"ModelAdvance", "ph":"B", "ts":"3268189011", "pid":"1", "tid":"cice"},
{"name":"ModelAdvance", "ph":"E", "ts":"3270584442", "pid":"1", "tid":"cice"},
{"name":"ModelAdvance", "ph":"B", "ts":"3271935116", "pid":"1", "tid":"cice"},
{"name":"ModelAdvance", "ph":"E", "ts":"3274299232", "pid":"1", "tid":"cice"},
{"name":"ModelAdvance", "ph":"B", "ts":"3280638176", "pid":"1", "tid":"cice"},
{"name":"ModelAdvance", "ph":"E", "ts":"3283014299", "pid":"1", "tid":"cice"},
{"name":"ModelAdvance", "ph":"B", "ts":"3284337692", "pid":"1", "tid":"cice"},
{"name":"ModelAdvance", "ph":"E", "ts":"3286685852", "pid":"1", "tid":"cice"},
{"name":"ModelAdvance", "ph":"B", "ts":"3288021484", "pid":"1", "tid":"cice"},
{"name":"ModelAdvance", "ph":"E", "ts":"3290382945", "pid":"1", "tid":"cice"},
{"name":"ModelAdvance", "ph":"B", "ts":"3291738340", "pid":"1", "tid":"cice"},
{"name":"ModelAdvance", "ph":"E", "ts":"3294107501", "pid":"1", "tid":"cice"},
{"name":"ModelAdvance", "ph":"B", "ts":"3295423017", "pid":"1", "tid":"cice"},
{"name":"ModelAdvance", "ph":"E", "ts":"3297812030", "pid":"1", "tid":"cice"},
{"name":"ModelAdvance", "ph":"B", "ts":"3299124586", "pid":"1", "tid":"cice"},
{"name":"ModelAdvance", "ph":"E", "ts":"3301509778", "pid":"1", "tid":"cice"},
{"name":"ModelAdvance", "ph":"B", "ts":"3302805203", "pid":"1", "tid":"cice"},
{"name":"ModelAdvance", "ph":"E", "ts":"3305179013", "pid":"1", "tid":"cice"},
{"name":"ModelAdvance", "ph":"B", "ts":"3306502817", "pid":"1", "tid":"cice"},
{"name":"ModelAdvance", "ph":"E", "ts":"3308895986", "pid":"1", "tid":"cice"},
{"name":"ModelAdvance", "ph":"B", "ts":"3310194900", "pid":"1", "tid":"cice"},
{"name":"ModelAdvance", "ph":"E", "ts":"3312575058", "pid":"1", "tid":"cice"},
{"name":"ModelAdvance", "ph":"B", "ts":"3313876648", "pid":"1", "tid":"cice"},
{"name":"ModelAdvance", "ph":"E", "ts":"3316272308", "pid":"1", "tid":"cice"},
{"name":"ModelAdvance", "ph":"B", "ts":"3317558016", "pid":"1", "tid":"cice"},
{"name":"ModelAdvance", "ph":"E", "ts":"3321930926", "pid":"1", "tid":"cice"},
{"name":"ModelAdvance", "ph":"B", "ts":"3323450950", "pid":"1", "tid":"cice"},
{"name":"ModelAdvance", "ph":"E", "ts":"3325842870", "pid":"1", "tid":"cice"},
{"name":"ModelAdvance", "ph":"B", "ts":"3332242932", "pid":"1", "tid":"cice"},
{"name":"ModelAdvance", "ph":"E", "ts":"3334600921", "pid":"1", "tid":"cice"},
{"name":"ModelAdvance", "ph":"B", "ts":"3335938969", "pid":"1", "tid":"cice"},
{"name":"ModelAdvance", "ph":"E", "ts":"3338286184", "pid":"1", "tid":"cice"},
{"name":"ModelAdvance", "ph":"B", "ts":"3339650359", "pid":"1", "tid":"cice"},
{"name":"ModelAdvance", "ph":"E", "ts":"3342011305", "pid":"1", "tid":"cice"},
{"name":"ModelAdvance", "ph":"B", "ts":"3343396756", "pid":"1", "tid":"cice"},
{"name":"ModelAdvance", "ph":"E", "ts":"3345764647", "pid":"1", "tid":"cice"},
{"name":"ModelAdvance", "ph":"B", "ts":"3347077946", "pid":"1", "tid":"cice"},
{"name":"ModelAdvance", "ph":"E", "ts":"3349466345", "pid":"1", "tid":"cice"},
{"name":"ModelAdvance", "ph":"B", "ts":"3350754514", "pid":"1", "tid":"cice"},
{"name":"ModelAdvance", "ph":"E", "ts":"3353122640", "pid":"1", "tid":"cice"},
{"name":"ModelAdvance", "ph":"B", "ts":"3354422978", "pid":"1", "tid":"cice"},
{"name":"ModelAdvance", "ph":"E", "ts":"3356810995", "pid":"1", "tid":"cice"},
{"name":"ModelAdvance", "ph":"B", "ts":"3358069499", "pid":"1", "tid":"cice"},
{"name":"ModelAdvance", "ph":"E", "ts":"3360462928", "pid":"1", "tid":"cice"},
{"name":"ModelAdvance", "ph":"B", "ts":"3361775457", "pid":"1", "tid":"cice"},
{"name":"ModelAdvance", "ph":"E", "ts":"3364169374", "pid":"1", "tid":"cice"},
{"name":"ModelAdvance", "ph":"B", "ts":"3365533077", "pid":"1", "tid":"cice"},
{"name":"ModelAdvance", "ph":"E", "ts":"3367888976", "pid":"1", "tid":"cice"},
{"name":"ModelAdvance", "ph":"B", "ts":"3369178178", "pid":"1", "tid":"cice"},
{"name":"ModelAdvance", "ph":"E", "ts":"3371547657", "pid":"1", "tid":"cice"},
{"name":"ModelAdvance", "ph":"B", "ts":"3372902515", "pid":"1", "tid":"cice"},
{"name":"ModelAdvance", "ph":"E", "ts":"3375303611", "pid":"1", "tid":"cice"},
{"name":"ModelAdvance", "ph":"B", "ts":"3381622912", "pid":"1", "tid":"cice"},
{"name":"ModelAdvance", "ph":"E", "ts":"3383989268", "pid":"1", "tid":"cice"},
{"name":"ModelAdvance", "ph":"B", "ts":"3385274142", "pid":"1", "tid":"cice"},
{"name":"ModelAdvance", "ph":"E", "ts":"3387624874", "pid":"1", "tid":"cice"},
{"name":"ModelAdvance", "ph":"B", "ts":"3388985057", "pid":"1", "tid":"cice"},
{"name":"ModelAdvance", "ph":"E", "ts":"3391352793", "pid":"1", "tid":"cice"},
{"name":"ModelAdvance", "ph":"B", "ts":"3392648424", "pid":"1", "tid":"cice"},
{"name":"ModelAdvance", "ph":"E", "ts":"3395010458", "pid":"1", "tid":"cice"},
{"name":"ModelAdvance", "ph":"B", "ts":"3396317008", "pid":"1", "tid":"cice"},
{"name":"ModelAdvance", "ph":"E", "ts":"3398694850", "pid":"1", "tid":"cice"},
{"name":"ModelAdvance", "ph":"B", "ts":"3400002610", "pid":"1", "tid":"cice"},
{"name":"ModelAdvance", "ph":"E", "ts":"3402384304", "pid":"1", "tid":"cice"},
{"name":"ModelAdvance", "ph":"B", "ts":"3403671745", "pid":"1", "tid":"cice"},
{"name":"ModelAdvance", "ph":"E", "ts":"3406053773", "pid":"1", "tid":"cice"},
{"name":"ModelAdvance", "ph":"B", "ts":"3407332689", "pid":"1", "tid":"cice"},
{"name":"ModelAdvance", "ph":"E", "ts":"3409701932", "pid":"1", "tid":"cice"},
{"name":"ModelAdvance", "ph":"B", "ts":"3411003399", "pid":"1", "tid":"cice"},
{"name":"ModelAdvance", "ph":"E", "ts":"3413388858", "pid":"1", "tid":"cice"},
{"name":"ModelAdvance", "ph":"B", "ts":"3414660569", "pid":"1", "tid":"cice"},
{"name":"ModelAdvance", "ph":"E", "ts":"3417044840", "pid":"1", "tid":"cice"},
{"name":"ModelAdvance", "ph":"B", "ts":"3418363574", "pid":"1", "tid":"cice"},
{"name":"ModelAdvance", "ph":"E", "ts":"3420734495", "pid":"1", "tid":"cice"},
{"name":"ModelAdvance", "ph":"B", "ts":"3422055940", "pid":"1", "tid":"cice"},
{"name":"ModelAdvance", "ph":"E", "ts":"3424418141", "pid":"1", "tid":"cice"},
{"name":"ModelAdvance", "ph":"B", "ts":"3430690882", "pid":"1", "tid":"cice"},
{"name":"ModelAdvance", "ph":"E", "ts":"3433049926", "pid":"1", "tid":"cice"},
{"name":"ModelAdvance", "ph":"B", "ts":"3434375734", "pid":"1", "tid":"cice"},
{"name":"ModelAdvance", "ph":"E", "ts":"3436707999", "pid":"1", "tid":"cice"},
{"name":"ModelAdvance", "ph":"B", "ts":"3438052519", "pid":"1", "tid":"cice"},
{"name":"ModelAdvance", "ph":"E", "ts":"3440392412", "pid":"1", "tid":"cice"},
{"name":"ModelAdvance", "ph":"B", "ts":"3441688345", "pid":"1", "tid":"cice"},
{"name":"ModelAdvance", "ph":"E", "ts":"3444044650", "pid":"1", "tid":"cice"},
{"name":"ModelAdvance", "ph":"B", "ts":"3445320595", "pid":"1", "tid":"cice"},
{"name":"ModelAdvance", "ph":"E", "ts":"3447696062", "pid":"1", "tid":"cice"},
{"name":"ModelAdvance", "ph":"B", "ts":"3448941715", "pid":"1", "tid":"cice"},
{"name":"ModelAdvance", "ph":"E", "ts":"3451323263", "pid":"1", "tid":"cice"},
{"name":"ModelAdvance", "ph":"B", "ts":"3452591612", "pid":"1", "tid":"cice"},
{"name":"ModelAdvance", "ph":"E", "ts":"3454948719", "pid":"1", "tid":"cice"},
{"name":"ModelAdvance", "ph":"B", "ts":"3456221556", "pid":"1", "tid":"cice"},
{"name":"ModelAdvance", "ph":"E", "ts":"3458585955", "pid":"1", "tid":"cice"},
{"name":"ModelAdvance", "ph":"B", "ts":"3459832652", "pid":"1", "tid":"cice"},
{"name":"ModelAdvance", "ph":"E", "ts":"3462168089", "pid":"1", "tid":"cice"},
{"name":"ModelAdvance", "ph":"B", "ts":"3463446513", "pid":"1", "tid":"cice"},
{"name":"ModelAdvance", "ph":"E", "ts":"3465777884", "pid":"1", "tid":"cice"},
{"name":"ModelAdvance", "ph":"B", "ts":"3467052914", "pid":"1", "tid":"cice"},
{"name":"ModelAdvance", "ph":"E", "ts":"3474462176", "pid":"1", "tid":"cice"},
{"name":"ModelAdvance", "ph":"B", "ts":"3481602538", "pid":"1", "tid":"cice"},
{"name":"ModelAdvance", "ph":"E", "ts":"3484330946", "pid":"1", "tid":"cice"},
{"name":"ModelAdvance", "ph":"B", "ts":"3490163656", "pid":"1", "tid":"cice"},
{"name":"ModelAdvance", "ph":"E", "ts":"3492526502", "pid":"1", "tid":"cice"},
{"name":"ModelAdvance", "ph":"B", "ts":"3493682652", "pid":"1", "tid":"cice"},
{"name":"ModelAdvance", "ph":"E", "ts":"3496022303", "pid":"1", "tid":"cice"},
{"name":"ModelAdvance", "ph":"B", "ts":"3497234117", "pid":"1", "tid":"cice"},
{"name":"ModelAdvance", "ph":"E", "ts":"3499567209", "pid":"1", "tid":"cice"},
{"name":"ModelAdvance", "ph":"B", "ts":"3500748224", "pid":"1", "tid":"cice"},
{"name":"ModelAdvance", "ph":"E", "ts":"3503140333", "pid":"1", "tid":"cice"},
{"name":"ModelAdvance", "ph":"B", "ts":"3504335719", "pid":"1", "tid":"cice"},
{"name":"ModelAdvance", "ph":"E", "ts":"3506709582", "pid":"1", "tid":"cice"},
{"name":"ModelAdvance", "ph":"B", "ts":"3507906248", "pid":"1", "tid":"cice"},
{"name":"ModelAdvance", "ph":"E", "ts":"3510287928", "pid":"1", "tid":"cice"},
{"name":"ModelAdvance", "ph":"B", "ts":"3511490773", "pid":"1", "tid":"cice"},
{"name":"ModelAdvance", "ph":"E", "ts":"3513841813", "pid":"1", "tid":"cice"},
{"name":"ModelAdvance", "ph":"B", "ts":"3515025185", "pid":"1", "tid":"cice"},
{"name":"ModelAdvance", "ph":"E", "ts":"3517403049", "pid":"1", "tid":"cice"},
{"name":"ModelAdvance", "ph":"B", "ts":"3518563333", "pid":"1", "tid":"cice"},
{"name":"ModelAdvance", "ph":"E", "ts":"3520909895", "pid":"1", "tid":"cice"},
{"name":"ModelAdvance", "ph":"B", "ts":"3522067171", "pid":"1", "tid":"cice"},
{"name":"ModelAdvance", "ph":"E", "ts":"3524444474", "pid":"1", "tid":"cice"},
{"name":"ModelAdvance", "ph":"B", "ts":"3525651158", "pid":"1", "tid":"cice"},
{"name":"ModelAdvance", "ph":"E", "ts":"3528022501", "pid":"1", "tid":"cice"},
{"name":"ModelAdvance", "ph":"B", "ts":"3529609685", "pid":"1", "tid":"cice"},
{"name":"ModelAdvance", "ph":"E", "ts":"3532007837", "pid":"1", "tid":"cice"},
{"name":"ModelAdvance", "ph":"B", "ts":"3538124365", "pid":"1", "tid":"cice"},
{"name":"ModelAdvance", "ph":"E", "ts":"3540483672", "pid":"1", "tid":"cice"},
{"name":"ModelAdvance", "ph":"B", "ts":"3541682790", "pid":"1", "tid":"cice"},
{"name":"ModelAdvance", "ph":"E", "ts":"3544035649", "pid":"1", "tid":"cice"},
{"name":"ModelAdvance", "ph":"B", "ts":"3545213368", "pid":"1", "tid":"cice"},
{"name":"ModelAdvance", "ph":"E", "ts":"3547552946", "pid":"1", "tid":"cice"},
{"name":"ModelAdvance", "ph":"B", "ts":"3548758478", "pid":"1", "tid":"cice"},
{"name":"ModelAdvance", "ph":"E", "ts":"3551103671", "pid":"1", "tid":"cice"},
{"name":"ModelAdvance", "ph":"B", "ts":"3552357906", "pid":"1", "tid":"cice"},
{"name":"ModelAdvance", "ph":"E", "ts":"3554723625", "pid":"1", "tid":"cice"},
{"name":"ModelAdvance", "ph":"B", "ts":"3555913980", "pid":"1", "tid":"cice"},
{"name":"ModelAdvance", "ph":"E", "ts":"3558282957", "pid":"1", "tid":"cice"},
{"name":"ModelAdvance", "ph":"B", "ts":"3559468638", "pid":"1", "tid":"cice"},
{"name":"ModelAdvance", "ph":"E", "ts":"3561824338", "pid":"1", "tid":"cice"},
{"name":"ModelAdvance", "ph":"B", "ts":"3563028902", "pid":"1", "tid":"cice"},
{"name":"ModelAdvance", "ph":"E", "ts":"3565382766", "pid":"1", "tid":"cice"},
{"name":"ModelAdvance", "ph":"B", "ts":"3566592247", "pid":"1", "tid":"cice"},
{"name":"ModelAdvance", "ph":"E", "ts":"3568954668", "pid":"1", "tid":"cice"},
{"name":"ModelAdvance", "ph":"B", "ts":"3570148719", "pid":"1", "tid":"cice"},
{"name":"ModelAdvance", "ph":"E", "ts":"3572490175", "pid":"1", "tid":"cice"},
{"name":"ModelAdvance", "ph":"B", "ts":"3573685921", "pid":"1", "tid":"cice"},
{"name":"ModelAdvance", "ph":"E", "ts":"3576041648", "pid":"1", "tid":"cice"},
{"name":"ModelAdvance", "ph":"B", "ts":"3577706668", "pid":"1", "tid":"cice"},
{"name":"ModelAdvance", "ph":"E", "ts":"3580134670", "pid":"1", "tid":"cice"},
{"name":"ModelAdvance", "ph":"B", "ts":"3586284678", "pid":"1", "tid":"cice"},
{"name":"ModelAdvance", "ph":"E", "ts":"3588633403", "pid":"1", "tid":"cice"},
{"name":"ModelAdvance", "ph":"B", "ts":"3589872451", "pid":"1", "tid":"cice"},
{"name":"ModelAdvance", "ph":"E", "ts":"3592206453", "pid":"1", "tid":"cice"},
{"name":"ModelAdvance", "ph":"B", "ts":"3593436294", "pid":"1", "tid":"cice"},
{"name":"ModelAdvance", "ph":"E", "ts":"3595775646", "pid":"1", "tid":"cice"},
{"name":"ModelAdvance", "ph":"B", "ts":"3597019955", "pid":"1", "tid":"cice"},
{"name":"ModelAdvance", "ph":"E", "ts":"3599359929", "pid":"1", "tid":"cice"},
{"name":"ModelAdvance", "ph":"B", "ts":"3600582439", "pid":"1", "tid":"cice"},
{"name":"ModelAdvance", "ph":"E", "ts":"3602935642", "pid":"1", "tid":"cice"},
{"name":"ModelAdvance", "ph":"B", "ts":"3604255133", "pid":"1", "tid":"cice"},
{"name":"ModelAdvance", "ph":"E", "ts":"3606600316", "pid":"1", "tid":"cice"},
{"name":"ModelAdvance", "ph":"B", "ts":"3607816184", "pid":"1", "tid":"cice"},
{"name":"ModelAdvance", "ph":"E", "ts":"3610149274", "pid":"1", "tid":"cice"},
{"name":"ModelAdvance", "ph":"B", "ts":"3611377342", "pid":"1", "tid":"cice"},
{"name":"ModelAdvance", "ph":"E", "ts":"3613740252", "pid":"1", "tid":"cice"},
{"name":"ModelAdvance", "ph":"B", "ts":"3614971363", "pid":"1", "tid":"cice"},
{"name":"ModelAdvance", "ph":"E", "ts":"3617285106", "pid":"1", "tid":"cice"},
{"name":"ModelAdvance", "ph":"B", "ts":"3618561069", "pid":"1", "tid":"cice"},
{"name":"ModelAdvance", "ph":"E", "ts":"3620882062", "pid":"1", "tid":"cice"},
{"name":"ModelAdvance", "ph":"B", "ts":"3622131849", "pid":"1", "tid":"cice"},
{"name":"ModelAdvance", "ph":"E", "ts":"3629420261", "pid":"1", "tid":"cice"},
{"name":"ModelAdvance", "ph":"B", "ts":"3635263526", "pid":"1", "tid":"cice"},
{"name":"ModelAdvance", "ph":"E", "ts":"3637623812", "pid":"1", "tid":"cice"},
{"name":"ModelAdvance", "ph":"B", "ts":"3643627510", "pid":"1", "tid":"cice"},
{"name":"ModelAdvance", "ph":"E", "ts":"3645979374", "pid":"1", "tid":"cice"},
{"name":"ModelAdvance", "ph":"B", "ts":"3647192413", "pid":"1", "tid":"cice"},
{"name":"ModelAdvance", "ph":"E", "ts":"3649553219", "pid":"1", "tid":"cice"},
{"name":"ModelAdvance", "ph":"B", "ts":"3650833846", "pid":"1", "tid":"cice"},
{"name":"ModelAdvance", "ph":"E", "ts":"3653183689", "pid":"1", "tid":"cice"},
{"name":"ModelAdvance", "ph":"B", "ts":"3654425447", "pid":"1", "tid":"cice"},
{"name":"ModelAdvance", "ph":"E", "ts":"3656756458", "pid":"1", "tid":"cice"},
{"name":"ModelAdvance", "ph":"B", "ts":"3657983930", "pid":"1", "tid":"cice"},
{"name":"ModelAdvance", "ph":"E", "ts":"3660317123", "pid":"1", "tid":"cice"},
{"name":"ModelAdvance", "ph":"B", "ts":"3661573389", "pid":"1", "tid":"cice"},
{"name":"ModelAdvance", "ph":"E", "ts":"3663904266", "pid":"1", "tid":"cice"},
{"name":"ModelAdvance", "ph":"B", "ts":"3665148410", "pid":"1", "tid":"cice"},
{"name":"ModelAdvance", "ph":"E", "ts":"3667490292", "pid":"1", "tid":"cice"},
{"name":"ModelAdvance", "ph":"B", "ts":"3668696195", "pid":"1", "tid":"cice"},
{"name":"ModelAdvance", "ph":"E", "ts":"3671070863", "pid":"1", "tid":"cice"},
{"name":"ModelAdvance", "ph":"B", "ts":"3672284197", "pid":"1", "tid":"cice"},
{"name":"ModelAdvance", "ph":"E", "ts":"3674612517", "pid":"1", "tid":"cice"},
{"name":"ModelAdvance", "ph":"B", "ts":"3675864722", "pid":"1", "tid":"cice"},
{"name":"ModelAdvance", "ph":"E", "ts":"3678214230", "pid":"1", "tid":"cice"},
{"name":"ModelAdvance", "ph":"B", "ts":"3679462520", "pid":"1", "tid":"cice"},
{"name":"ModelAdvance", "ph":"E", "ts":"3681782787", "pid":"1", "tid":"cice"},
{"name":"ModelAdvance", "ph":"B", "ts":"3683466218", "pid":"1", "tid":"cice"},
{"name":"ModelAdvance", "ph":"E", "ts":"3685839178", "pid":"1", "tid":"cice"},
{"name":"ModelAdvance", "ph":"B", "ts":"3691906735", "pid":"1", "tid":"cice"},
{"name":"ModelAdvance", "ph":"E", "ts":"3694221971", "pid":"1", "tid":"cice"},
{"name":"ModelAdvance", "ph":"B", "ts":"3695489074", "pid":"1", "tid":"cice"},
{"name":"ModelAdvance", "ph":"E", "ts":"3697815125", "pid":"1", "tid":"cice"},
{"name":"ModelAdvance", "ph":"B", "ts":"3699081421", "pid":"1", "tid":"cice"},
{"name":"ModelAdvance", "ph":"E", "ts":"3701412112", "pid":"1", "tid":"cice"},
{"name":"ModelAdvance", "ph":"B", "ts":"3702742624", "pid":"1", "tid":"cice"},
{"name":"ModelAdvance", "ph":"E", "ts":"3705061369", "pid":"1", "tid":"cice"},
{"name":"ModelAdvance", "ph":"B", "ts":"3706356384", "pid":"1", "tid":"cice"},
{"name":"ModelAdvance", "ph":"E", "ts":"3708671607", "pid":"1", "tid":"cice"},
{"name":"ModelAdvance", "ph":"B", "ts":"3709965460", "pid":"1", "tid":"cice"},
{"name":"ModelAdvance", "ph":"E", "ts":"3712287214", "pid":"1", "tid":"cice"},
{"name":"ModelAdvance", "ph":"B", "ts":"3713563534", "pid":"1", "tid":"cice"},
{"name":"ModelAdvance", "ph":"E", "ts":"3715882123", "pid":"1", "tid":"cice"},
{"name":"ModelAdvance", "ph":"B", "ts":"3717142942", "pid":"1", "tid":"cice"},
{"name":"ModelAdvance", "ph":"E", "ts":"3719485403", "pid":"1", "tid":"cice"},
{"name":"ModelAdvance", "ph":"B", "ts":"3720790135", "pid":"1", "tid":"cice"},
{"name":"ModelAdvance", "ph":"E", "ts":"3723148781", "pid":"1", "tid":"cice"},
{"name":"ModelAdvance", "ph":"B", "ts":"3724383232", "pid":"1", "tid":"cice"},
{"name":"ModelAdvance", "ph":"E", "ts":"3726714734", "pid":"1", "tid":"cice"},
{"name":"ModelAdvance", "ph":"B", "ts":"3727979392", "pid":"1", "tid":"cice"},
{"name":"ModelAdvance", "ph":"E", "ts":"3730295839", "pid":"1", "tid":"cice"},
{"name":"ModelAdvance", "ph":"B", "ts":"3731974737", "pid":"1", "tid":"cice"},
{"name":"ModelAdvance", "ph":"E", "ts":"3734417260", "pid":"1", "tid":"cice"},
{"name":"ModelAdvance", "ph":"B", "ts":"3740591196", "pid":"1", "tid":"cice"},
{"name":"ModelAdvance", "ph":"E", "ts":"3742935381", "pid":"1", "tid":"cice"},
{"name":"ModelAdvance", "ph":"B", "ts":"3744191934", "pid":"1", "tid":"cice"},
{"name":"ModelAdvance", "ph":"E", "ts":"3746504461", "pid":"1", "tid":"cice"},
{"name":"ModelAdvance", "ph":"B", "ts":"3747792054", "pid":"1", "tid":"cice"},
{"name":"ModelAdvance", "ph":"E", "ts":"3750113863", "pid":"1", "tid":"cice"},
{"name":"ModelAdvance", "ph":"B", "ts":"3751397692", "pid":"1", "tid":"cice"},
{"name":"ModelAdvance", "ph":"E", "ts":"3753740406", "pid":"1", "tid":"cice"},
{"name":"ModelAdvance", "ph":"B", "ts":"3755061219", "pid":"1", "tid":"cice"},
{"name":"ModelAdvance", "ph":"E", "ts":"3757419335", "pid":"1", "tid":"cice"},
{"name":"ModelAdvance", "ph":"B", "ts":"3758728231", "pid":"1", "tid":"cice"},
{"name":"ModelAdvance", "ph":"E", "ts":"3761080555", "pid":"1", "tid":"cice"},
{"name":"ModelAdvance", "ph":"B", "ts":"3762328455", "pid":"1", "tid":"cice"},
{"name":"ModelAdvance", "ph":"E", "ts":"3764668431", "pid":"1", "tid":"cice"},
{"name":"ModelAdvance", "ph":"B", "ts":"3765925882", "pid":"1", "tid":"cice"},
{"name":"ModelAdvance", "ph":"E", "ts":"3768285862", "pid":"1", "tid":"cice"},
{"name":"ModelAdvance", "ph":"B", "ts":"3769535579", "pid":"1", "tid":"cice"},
{"name":"ModelAdvance", "ph":"E", "ts":"3771873755", "pid":"1", "tid":"cice"},
{"name":"ModelAdvance", "ph":"B", "ts":"3773177415", "pid":"1", "tid":"cice"},
{"name":"ModelAdvance", "ph":"E", "ts":"3775504176", "pid":"1", "tid":"cice"},
{"name":"ModelAdvance", "ph":"B", "ts":"3776790194", "pid":"1", "tid":"cice"},
{"name":"ModelAdvance", "ph":"E", "ts":"3783489242", "pid":"1", "tid":"cice"},
{"name":"ModelFinalize", "ph":"B", "ts":"3783492592", "pid":"1", "tid":"cice"},
{"name":"ModelFinalize", "ph":"E", "ts":"3783492636", "pid":"1", "tid":"cice"},
