{"name":"SetServices", "ph":"B", "ts":"605789934", "pid":"1", "tid":"wave"},
{"name":"SetServices", "ph":"E", "ts":"605792249", "pid":"1", "tid":"wave"},
{"name":"InitializeP0", "ph":"B", "ts":"605796521", "pid":"1", "tid":"wave"},
{"name":"InitializeP0", "ph":"E", "ts":"605796607", "pid":"1", "tid":"wave"},
{"name":"InitializeAdvertise", "ph":"B", "ts":"609487475", "pid":"1", "tid":"wave"},
{"name":"InitializeAdvertise", "ph":"E", "ts":"660105254", "pid":"1", "tid":"wave"},
{"name":"InitializeRealize", "ph":"B", "ts":"736648607", "pid":"1", "tid":"wave"},
{"name":"InitializeRealize", "ph":"E", "ts":"744989268", "pid":"1", "tid":"wave"},
{"name":"DataInitialize", "ph":"B", "ts":"776367890", "pid":"1", "tid":"wave"},
{"name":"DataInitialize", "ph":"E", "ts":"776385446", "pid":"1", "tid":"wave"},
{"name":"ModelSetRunClock", "ph":"B", "ts":"801632787", "pid":"1", "tid":"wave"},
{"name":"ModelSetRunClock", "ph":"E", "ts":"801641261", "pid":"1", "tid":"wave"},
{"name":"ModelAdvance", "ph":"B", "ts":"801641343", "pid":"1", "tid":"wave"},
{"name":"ModelAdvance", "ph":"E", "ts":"830495627", "pid":"1", "tid":"wave"},
{"name":"ModelSetRunClock", "ph":"B", "ts":"850017352", "pid":"1", "tid":"wave"},
{"name":"ModelSetRunClock", "ph":"E", "ts":"850017530", "pid":"1", "tid":"wave"},
{"name":"ModelAdvance", "ph":"B", "ts":"850017716", "pid":"1", "tid":"wave"},
{"name":"ModelAdvance", "ph":"E", "ts":"890673510", "pid":"1", "tid":"wave"},
{"name":"ModelSetRunClock", "ph":"B", "ts":"898780360", "pid":"1", "tid":"wave"},
{"name":"ModelSetRunClock", "ph":"E", "ts":"898780427", "pid":"1", "tid":"wave"},
{"name":"ModelAdvance", "ph":"B", "ts":"898780509", "pid":"1", "tid":"wave"},
{"name":"ModelAdvance", "ph":"E", "ts":"941064992", "pid":"1", "tid":"wave"},
{"name":"ModelSetRunClock", "ph":"B", "ts":"955641442", "pid":"1", "tid":"wave"},
{"name":"ModelSetRunClock", "ph":"E", "ts":"955641557", "pid":"1", "tid":"wave"},
{"name":"ModelAdvance", "ph":"B", "ts":"955641693", "pid":"1", "tid":"wave"},
{"name":"ModelAdvance", "ph":"E", "ts":"1007265986", "pid":"1", "tid":"wave"},
{"name":"ModelSetRunClock", "ph":"B", "ts":"1015846680", "pid":"1", "tid":"wave"},
{"name":"ModelSetRunClock", "ph":"E", "ts":"1015846734", "pid":"1", "tid":"wave"},
{"name":"ModelAdvance", "ph":"B", "ts":"1015846807", "pid":"1", "tid":"wave"},
{"name":"ModelAdvance", "ph":"E", "ts":"1056338141", "pid":"1", "tid":"wave"},
{"name":"ModelSetRunClock", "ph":"B", "ts":"1065655456", "pid":"1", "tid":"wave"},
{"name":"ModelSetRunClock", "ph":"E", "ts":"1065655535", "pid":"1", "tid":"wave"},
{"name":"ModelAdvance", "ph":"B", "ts":"1065655626", "pid":"1", "tid":"wave"},
{"name":"ModelAdvance", "ph":"E", "ts":"1098949480", "pid":"1", "tid":"wave"},
{"name":"ModelSetRunClock", "ph":"B", "ts":"1187031331", "pid":"1", "tid":"wave"},
{"name":"ModelSetRunClock", "ph":"E", "ts":"1187031514", "pid":"1", "tid":"wave"},
{"name":"ModelAdvance", "ph":"B", "ts":"1187031616", "pid":"1", "tid":"wave"},
{"name":"ModelAdvance", "ph":"E", "ts":"1213286158", "pid":"1", "tid":"wave"},
{"name":"ModelSetRunClock", "ph":"B", "ts":"1223982632", "pid":"1", "tid":"wave"},
{"name":"ModelSetRunClock", "ph":"E", "ts":"1223982824", "pid":"1", "tid":"wave"},
{"name":"ModelAdvance", "ph":"B", "ts":"1223982938", "pid":"1", "tid":"wave"},
{"name":"ModelAdvance", "ph":"E", "ts":"1251127674", "pid":"1", "tid":"wave"},
{"name":"ModelSetRunClock", "ph":"B", "ts":"1258748793", "pid":"1", "tid":"wave"},
{"name":"ModelSetRunClock", "ph":"E", "ts":"1258748947", "pid":"1", "tid":"wave"},
{"name":"ModelAdvance", "ph":"B", "ts":"1258749036", "pid":"1", "tid":"wave"},
{"name":"ModelAdvance", "ph":"E", "ts":"1281062749", "pid":"1", "tid":"wave"},
{"name":"ModelSetRunClock", "ph":"B", "ts":"1296497456", "pid":"1", "tid":"wave"},
{"name":"ModelSetRunClock", "ph":"E", "ts":"1296497602", "pid":"1", "tid":"wave"},
{"name":"ModelAdvance", "ph":"B", "ts":"1296497694", "pid":"1", "tid":"wave"},
{"name":"ModelAdvance", "ph":"E", "ts":"1320931607", "pid":"1", "tid":"wave"},
{"name":"ModelSetRunClock", "ph":"B", "ts":"1331421930", "pid":"1", "tid":"wave"},
{"name":"ModelSetRunClock", "ph":"E", "ts":"1331422266", "pid":"1", "tid":"wave"},
{"name":"ModelAdvance", "ph":"B", "ts":"1331422354", "pid":"1", "tid":"wave"},
{"name":"ModelAdvance", "ph":"E", "ts":"1351849866", "pid":"1", "tid":"wave"},
{"name":"ModelSetRunClock", "ph":"B", "ts":"1369138081", "pid":"1", "tid":"wave"},
{"name":"ModelSetRunClock", "ph":"E", "ts":"1369138230", "pid":"1", "tid":"wave"},
{"name":"ModelAdvance", "ph":"B", "ts":"1369138311", "pid":"1", "tid":"wave"},
{"name":"ModelAdvance", "ph":"E", "ts":"1414749968", "pid":"1", "tid":"wave"},
{"name":"ModelSetRunClock", "ph":"B", "ts":"1422815018", "pid":"1", "tid":"wave"},
{"name":"ModelSetRunClock", "ph":"E", "ts":"1422815205", "pid":"1", "tid":"wave"},
{"name":"ModelAdvance", "ph":"B", "ts":"1422815409", "pid":"1", "tid":"wave"},
{"name":"ModelAdvance", "ph":"E", "ts":"1442599101", "pid":"1", "tid":"wave"},
{"name":"ModelSetRunClock", "ph":"B", "ts":"1459740870", "pid":"1", "tid":"wave"},
{"name":"ModelSetRunClock", "ph":"E", "ts":"1459741045", "pid":"1", "tid":"wave"},
{"name":"ModelAdvance", "ph":"B", "ts":"1459741146", "pid":"1", "tid":"wave"},
{"name":"ModelAdvance", "ph":"E", "ts":"1482356654", "pid":"1", "tid":"wave"},
{"name":"ModelSetRunClock", "ph":"B", "ts":"1573783865", "pid":"1", "tid":"wave"},
{"name":"ModelSetRunClock", "ph":"E", "ts":"1573784018", "pid":"1", "tid":"wave"},
{"name":"ModelAdvance", "ph":"B", "ts":"1573784098", "pid":"1", "tid":"wave"},
{"name":"ModelAdvance", "ph":"E", "ts":"1593190120", "pid":"1", "tid":"wave"},
{"name":"ModelSetRunClock", "ph":"B", "ts":"1610638376", "pid":"1", "tid":"wave"},
{"name":"ModelSetRunClock", "ph":"E", "ts":"1610638522", "pid":"1", "tid":"wave"},
{"name":"ModelAdvance", "ph":"B", "ts":"1610638611", "pid":"1", "tid":"wave"},
{"name":"ModelAdvance", "ph":"E", "ts":"1632929738", "pid":"1", "tid":"wave"},
{"name":"ModelSetRunClock", "ph":"B", "ts":"1645682629", "pid":"1", "tid":"wave"},
{"name":"ModelSetRunClock", "ph":"E", "ts":"1645682776", "pid":"1", "tid":"wave"},
{"name":"ModelAdvance", "ph":"B", "ts":"1645682862", "pid":"1", "tid":"wave"},
{"name":"ModelAdvance", "ph":"E", "ts":"1664904460", "pid":"1", "tid":"wave"},
{"name":"ModelSetRunClock", "ph":"B", "ts":"1683730378", "pid":"1", "tid":"wave"},
{"name":"ModelSetRunClock", "ph":"E", "ts":"1683730584", "pid":"1", "tid":"wave"},
{"name":"ModelAdvance", "ph":"B", "ts":"1683730709", "pid":"1", "tid":"wave"},
{"name":"ModelAdvance", "ph":"E", "ts":"1729051266", "pid":"1", "tid":"wave"},
{"name":"ModelSetRunClock", "ph":"B", "ts":"1737653809", "pid":"1", "tid":"wave"},
{"name":"ModelSetRunClock", "ph":"E", "ts":"1737653987", "pid":"1", "tid":"wave"},
{"name":"ModelAdvance", "ph":"B", "ts":"1737654177", "pid":"1", "tid":"wave"},
{"name":"ModelAdvance", "ph":"E", "ts":"1757053464", "pid":"1", "tid":"wave"},
{"name":"ModelSetRunClock", "ph":"B", "ts":"1774510988", "pid":"1", "tid":"wave"},
{"name":"ModelSetRunClock", "ph":"E", "ts":"1774511052", "pid":"1", "tid":"wave"},
{"name":"ModelAdvance", "ph":"B", "ts":"1774511143", "pid":"1", "tid":"wave"},
{"name":"ModelAdvance", "ph":"E", "ts":"1796847107", "pid":"1", "tid":"wave"},
{"name":"ModelSetRunClock", "ph":"B", "ts":"1809316524", "pid":"1", "tid":"wave"},
{"name":"ModelSetRunClock", "ph":"E", "ts":"1809316600", "pid":"1", "tid":"wave"},
{"name":"ModelAdvance", "ph":"B", "ts":"1809316691", "pid":"1", "tid":"wave"},
{"name":"ModelAdvance", "ph":"E", "ts":"1828793523", "pid":"1", "tid":"wave"},
{"name":"ModelSetRunClock", "ph":"B", "ts":"1847511203", "pid":"1", "tid":"wave"},
{"name":"ModelSetRunClock", "ph":"E", "ts":"1847511369", "pid":"1", "tid":"wave"},
{"name":"ModelAdvance", "ph":"B", "ts":"1847511458", "pid":"1", "tid":"wave"},
{"name":"ModelAdvance", "ph":"E", "ts":"1869878779", "pid":"1", "tid":"wave"},
{"name":"ModelSetRunClock", "ph":"B", "ts":"1958624739", "pid":"1", "tid":"wave"},
{"name":"ModelSetRunClock", "ph":"E", "ts":"1958624914", "pid":"1", "tid":"wave"},
{"name":"ModelAdvance", "ph":"B", "ts":"1958625001", "pid":"1", "tid":"wave"},
{"name":"ModelAdvance", "ph":"E", "ts":"1978087307", "pid":"1", "tid":"wave"},
{"name":"ModelSetRunClock", "ph":"B", "ts":"1995378104", "pid":"1", "tid":"wave"},
{"name":"ModelSetRunClock", "ph":"E", "ts":"1995378272", "pid":"1", "tid":"wave"},
{"name":"ModelAdvance", "ph":"B", "ts":"1995378373", "pid":"1", "tid":"wave"},
{"name":"ModelAdvance", "ph":"E", "ts":"2040839906", "pid":"1", "tid":"wave"},
{"name":"ModelFinalize", "ph":"B", "ts":"2040859902", "pid":"1", "tid":"wave"},
{"name":"ModelFinalize", "ph":"E", "ts":"2040859931", "pid":"1", "tid":"wave"},
