{"name":"SetServices", "ph":"B", "ts":"605695909", "pid":"1", "tid":"mom"},
{"name":"SetServices", "ph":"E", "ts":"605697662", "pid":"1", "tid":"mom"},
{"name":"InitializeP0", "ph":"B", "ts":"605776147", "pid":"1", "tid":"mom"},
{"name":"InitializeP0", "ph":"E", "ts":"605778858", "pid":"1", "tid":"mom"},
{"name":"InitializeAdvertise", "ph":"B", "ts":"609489228", "pid":"1", "tid":"mom"},
{"name":"InitializeAdvertise", "ph":"E", "ts":"681191513", "pid":"1", "tid":"mom"},
{"name":"InitializeRealize", "ph":"B", "ts":"736457579", "pid":"1", "tid":"mom"},
{"name":"InitializeRealize", "ph":"E", "ts":"739417729", "pid":"1", "tid":"mom"},
{"name":"DataInitialize", "ph":"B", "ts":"773869099", "pid":"1", "tid":"mom"},
{"name":"DataInitialize", "ph":"E", "ts":"773871366", "pid":"1", "tid":"mom"},
{"name":"ModelSetRunClock", "ph":"B", "ts":"801664277", "pid":"1", "tid":"mom"},
{"name":"ModelSetRunClock", "ph":"E", "ts":"801673322", "pid":"1", "tid":"mom"},
{"name":"ModelAdvance", "ph":"B", "ts":"801673491", "pid":"1", "tid":"mom"},
{"name":"ModelAdvance", "ph":"E", "ts":"818094987", "pid":"1", "tid":"mom"},
{"name":"ModelSetRunClock", "ph":"B", "ts":"850048592", "pid":"1", "tid":"mom"},
{"name":"ModelSetRunClock", "ph":"E", "ts":"850048804", "pid":"1", "tid":"mom"},
{"name":"ModelAdvance", "ph":"B", "ts":"850048975", "pid":"1", "tid":"mom"},
{"name":"ModelAdvance", "ph":"E", "ts":"865087931", "pid":"1", "tid":"mom"},
{"name":"ModelSetRunClock", "ph":"B", "ts":"901428148", "pid":"1", "tid":"mom"},
{"name":"ModelSetRunClock", "ph":"E", "ts":"901428304", "pid":"1", "tid":"mom"},
{"name":"ModelAdvance", "ph":"B", "ts":"901428461", "pid":"1", "tid":"mom"},
{"name":"ModelAdvance", "ph":"E", "ts":"925689449", "pid":"1", "tid":"mom"},
{"name":"ModelSetRunClock", "ph":"B", "ts":"955658971", "pid":"1", "tid":"mom"},
{"name":"ModelSetRunClock", "ph":"E", "ts":"955659181", "pid":"1", "tid":"mom"},
{"name":"ModelAdvance", "ph":"B", "ts":"955659371", "pid":"1", "tid":"mom"},
{"name":"ModelAdvance", "ph":"E", "ts":"970753273", "pid":"1", "tid":"mom"},
{"name":"ModelSetRunClock", "ph":"B", "ts":"1017398221", "pid":"1", "tid":"mom"},
{"name":"ModelSetRunClock", "ph":"E", "ts":"1017398372", "pid":"1", "tid":"mom"},
{"name":"ModelAdvance", "ph":"B", "ts":"1017398522", "pid":"1", "tid":"mom"},
{"name":"ModelAdvance", "ph":"E", "ts":"1042014008", "pid":"1", "tid":"mom"},
{"name":"ModelSetRunClock", "ph":"B", "ts":"1065658032", "pid":"1", "tid":"mom"},
{"name":"ModelSetRunClock", "ph":"E", "ts":"1065658183", "pid":"1", "tid":"mom"},
{"name":"ModelAdvance", "ph":"B", "ts":"1065658335", "pid":"1", "tid":"mom"},
{"name":"ModelAdvance", "ph":"E", "ts":"1080913490", "pid":"1", "tid":"mom"},
{"name":"ModelSetRunClock", "ph":"B", "ts":"1187050530", "pid":"1", "tid":"mom"},
{"name":"ModelSetRunClock", "ph":"E", "ts":"1187050703", "pid":"1", "tid":"mom"},
{"name":"ModelAdvance", "ph":"B", "ts":"1187050866", "pid":"1", "tid":"mom"},
{"name":"ModelAdvance", "ph":"E", "ts":"1211345061", "pid":"1", "tid":"mom"},
{"name":"ModelSetRunClock", "ph":"B", "ts":"1224010435", "pid":"1", "tid":"mom"},
{"name":"ModelSetRunClock", "ph":"E", "ts":"1224010608", "pid":"1", "tid":"mom"},
{"name":"ModelAdvance", "ph":"B", "ts":"1224010769", "pid":"1", "tid":"mom"},
{"name":"ModelAdvance", "ph":"E", "ts":"1239108081", "pid":"1", "tid":"mom"},
{"name":"ModelSetRunClock", "ph":"B", "ts":"1258752604", "pid":"1", "tid":"mom"},
{"name":"ModelSetRunClock", "ph":"E", "ts":"1258752832", "pid":"1", "tid":"mom"},
{"name":"ModelAdvance", "ph":"B", "ts":"1258753036", "pid":"1", "tid":"mom"},
{"name":"ModelAdvance", "ph":"E", "ts":"1282943639", "pid":"1", "tid":"mom"},
{"name":"ModelSetRunClock", "ph":"B", "ts":"1296504833", "pid":"1", "tid":"mom"},
{"name":"ModelSetRunClock", "ph":"E", "ts":"1296504997", "pid":"1", "tid":"mom"},
{"name":"ModelAdvance", "ph":"B", "ts":"1296505170", "pid":"1", "tid":"mom"},
{"name":"ModelAdvance", "ph":"E", "ts":"1311641097", "pid":"1", "tid":"mom"},
{"name":"ModelSetRunClock", "ph":"B", "ts":"1331443380", "pid":"1", "tid":"mom"},
{"name":"ModelSetRunClock", "ph":"E", "ts":"1331443735", "pid":"1", "tid":"mom"},
{"name":"ModelAdvance", "ph":"B", "ts":"1331444023", "pid":"1", "tid":"mom"},
{"name":"ModelAdvance", "ph":"E", "ts":"1355909209", "pid":"1", "tid":"mom"},
{"name":"ModelSetRunClock", "ph":"B", "ts":"1369161450", "pid":"1", "tid":"mom"},
{"name":"ModelSetRunClock", "ph":"E", "ts":"1369161620", "pid":"1", "tid":"mom"},
{"name":"ModelAdvance", "ph":"B", "ts":"1369161782", "pid":"1", "tid":"mom"},
{"name":"ModelAdvance", "ph":"E", "ts":"1403430165", "pid":"1", "tid":"mom"},
{"name":"ModelSetRunClock", "ph":"B", "ts":"1422830233", "pid":"1", "tid":"mom"},
{"name":"ModelSetRunClock", "ph":"E", "ts":"1422830305", "pid":"1", "tid":"mom"},
{"name":"ModelAdvance", "ph":"B", "ts":"1422830463", "pid":"1", "tid":"mom"},
{"name":"ModelAdvance", "ph":"E", "ts":"1448579499", "pid":"1", "tid":"mom"},
{"name":"ModelSetRunClock", "ph":"B", "ts":"1459776152", "pid":"1", "tid":"mom"},
{"name":"ModelSetRunClock", "ph":"E", "ts":"1459776298", "pid":"1", "tid":"mom"},
{"name":"ModelAdvance", "ph":"B", "ts":"1459776460", "pid":"1", "tid":"mom"},
{"name":"ModelAdvance", "ph":"E", "ts":"1474399509", "pid":"1", "tid":"mom"},
{"name":"ModelSetRunClock", "ph":"B", "ts":"1573825571", "pid":"1", "tid":"mom"},
{"name":"ModelSetRunClock", "ph":"E", "ts":"1573825784", "pid":"1", "tid":"mom"},
{"name":"ModelAdvance", "ph":"B", "ts":"1573825970", "pid":"1", "tid":"mom"},
{"name":"ModelAdvance", "ph":"E", "ts":"1597766584", "pid":"1", "tid":"mom"},
{"name":"ModelSetRunClock", "ph":"B", "ts":"1610640658", "pid":"1", "tid":"mom"},
{"name":"ModelSetRunClock", "ph":"E", "ts":"1610640814", "pid":"1", "tid":"mom"},
{"name":"ModelAdvance", "ph":"B", "ts":"1610640972", "pid":"1", "tid":"mom"},
{"name":"ModelAdvance", "ph":"E", "ts":"1625355480", "pid":"1", "tid":"mom"},
{"name":"ModelSetRunClock", "ph":"B", "ts":"1645690378", "pid":"1", "tid":"mom"},
{"name":"ModelSetRunClock", "ph":"E", "ts":"1645690647", "pid":"1", "tid":"mom"},
{"name":"ModelAdvance", "ph":"B", "ts":"1645690845", "pid":"1", "tid":"mom"},
{"name":"ModelAdvance", "ph":"E", "ts":"1669552593", "pid":"1", "tid":"mom"},
{"name":"ModelSetRunClock", "ph":"B", "ts":"1683757740", "pid":"1", "tid":"mom"},
{"name":"ModelSetRunClock", "ph":"E", "ts":"1683757921", "pid":"1", "tid":"mom"},
{"name":"ModelAdvance", "ph":"B", "ts":"1683758087", "pid":"1", "tid":"mom"},
{"name":"ModelAdvance", "ph":"E", "ts":"1721601997", "pid":"1", "tid":"mom"},
{"name":"ModelSetRunClock", "ph":"B", "ts":"1737669973", "pid":"1", "tid":"mom"},
{"name":"ModelSetRunClock", "ph":"E", "ts":"1737670142", "pid":"1", "tid":"mom"},
{"name":"ModelAdvance", "ph":"B", "ts":"1737670369", "pid":"1", "tid":"mom"},
{"name":"ModelAdvance", "ph":"E", "ts":"1761639697", "pid":"1", "tid":"mom"},
{"name":"ModelSetRunClock", "ph":"B", "ts":"1774534540", "pid":"1", "tid":"mom"},
{"name":"ModelSetRunClock", "ph":"E", "ts":"1774534612", "pid":"1", "tid":"mom"},
{"name":"ModelAdvance", "ph":"B", "ts":"1774534771", "pid":"1", "tid":"mom"},
{"name":"ModelAdvance", "ph":"E", "ts":"1789159412", "pid":"1", "tid":"mom"},
{"name":"ModelSetRunClock", "ph":"B", "ts":"1809334121", "pid":"1", "tid":"mom"},
{"name":"ModelSetRunClock", "ph":"E", "ts":"1809334202", "pid":"1", "tid":"mom"},
{"name":"ModelAdvance", "ph":"B", "ts":"1809334370", "pid":"1", "tid":"mom"},
{"name":"ModelAdvance", "ph":"E", "ts":"1835083527", "pid":"1", "tid":"mom"},
{"name":"ModelSetRunClock", "ph":"B", "ts":"1847550656", "pid":"1", "tid":"mom"},
{"name":"ModelSetRunClock", "ph":"E", "ts":"1847550736", "pid":"1", "tid":"mom"},
{"name":"ModelAdvance", "ph":"B", "ts":"1847550919", "pid":"1", "tid":"mom"},
{"name":"ModelAdvance", "ph":"E", "ts":"1862186040", "pid":"1", "tid":"mom"},
{"name":"ModelSetRunClock", "ph":"B", "ts":"1958679903", "pid":"1", "tid":"mom"},
{"name":"ModelSetRunClock", "ph":"E", "ts":"1958680079", "pid":"1", "tid":"mom"},
{"name":"ModelAdvance", "ph":"B", "ts":"1958680237", "pid":"1", "tid":"mom"},
{"name":"ModelAdvance", "ph":"E", "ts":"1982821952", "pid":"1", "tid":"mom"},
{"name":"ModelSetRunClock", "ph":"B", "ts":"1995416423", "pid":"1", "tid":"mom"},
{"name":"ModelSetRunClock", "ph":"E", "ts":"1995416614", "pid":"1", "tid":"mom"},
{"name":"ModelAdvance", "ph":"B", "ts":"1995416840", "pid":"1", "tid":"mom"},
{"name":"ModelAdvance", "ph":"E", "ts":"2031173881", "pid":"1", "tid":"mom"},
{"name":"ocean_model_finalize", "ph":"B", "ts":"2031181150", "pid":"1", "tid":"mom"},
{"name":"ocean_model_finalize", "ph":"E", "ts":"2041170530", "pid":"1", "tid":"mom"},
