{"name":"SetServices", "ph":"B", "ts":"605722813", "pid":"1", "tid":"cice"},
{"name":"SetServices", "ph":"E", "ts":"605724521", "pid":"1", "tid":"cice"},
{"name":"InitializeP0", "ph":"B", "ts":"605775484", "pid":"1", "tid":"cice"},
{"name":"InitializeP0", "ph":"E", "ts":"605775599", "pid":"1", "tid":"cice"},
{"name":"InitializeAdvertise", "ph":"B", "ts":"609489123", "pid":"1", "tid":"cice"},
{"name":"InitializeAdvertise", "ph":"E", "ts":"614552087", "pid":"1", "tid":"cice"},
{"name":"InitializeRealize", "ph":"B", "ts":"736586953", "pid":"1", "tid":"cice"},
{"name":"InitializeRealize", "ph":"E", "ts":"746201427", "pid":"1", "tid":"cice"},
{"name":"ModelAdvance", "ph":"B", "ts":"802149017", "pid":"1", "tid":"cice"},
{"name":"ModelAdvance", "ph":"E", "ts":"804779102", "pid":"1", "tid":"cice"},
{"name":"ModelAdvance", "ph":"B", "ts":"818432275", "pid":"1", "tid":"cice"},
{"name":"ModelAdvance", "ph":"E", "ts":"820989689", "pid":"1", "tid":"cice"},
{"name":"ModelAdvance", "ph":"B", "ts":"821449130", "pid":"1", "tid":"cice"},
{"name":"ModelAdvance", "ph":"E", "ts":"823847022", "pid":"1", "tid":"cice"},
{"name":"ModelAdvance", "ph":"B", "ts":"824256159", "pid":"1", "tid":"cice"},
{"name":"ModelAdvance", "ph":"E", "ts":"826676165", "pid":"1", "tid":"cice"},
{"name":"ModelAdvance", "ph":"B", "ts":"827086767", "pid":"1", "tid":"cice"},
{"name":"ModelAdvance", "ph":"E", "ts":"829526862", "pid":"1", "tid":"cice"},
{"name":"ModelAdvance", "ph":"B", "ts":"829946732", "pid":"1", "tid":"cice"},
{"name":"ModelAdvance", "ph":"E", "ts":"832357440", "pid":"1", "tid":"cice"},
{"name":"ModelAdvance", "ph":"B", "ts":"832791140", "pid":"1", "tid":"cice"},
{"name":"ModelAdvance", "ph":"E", "ts":"835216817", "pid":"1", "tid":"cice"},
{"name":"ModelAdvance", "ph":"B", "ts":"835637286", "pid":"1", "tid":"cice"},
{"name":"ModelAdvance", "ph":"E", "ts":"838072953", "pid":"1", "tid":"cice"},
{"name":"ModelAdvance", "ph":"B", "ts":"838534195", "pid":"1", "tid":"cice"},
{"name":"ModelAdvance", "ph":"E", "ts":"840946717", "pid":"1", "tid":"cice"},
{"name":"ModelAdvance", "ph":"B", "ts":"841385226", "pid":"1", "tid":"cice"},
{"name":"ModelAdvance", "ph":"E", "ts":"843775875", "pid":"1", "tid":"cice"},
{"name":"ModelAdvance", "ph":"B", "ts":"844202903", "pid":"1", "tid":"cice"},
{"name":"ModelAdvance", "ph":"E", "ts":"846637395", "pid":"1", "tid":"cice"},
{"name":"ModelAdvance", "ph":"B", "ts":"847111207", "pid":"1", "tid":"cice"},
{"name":"ModelAdvance", "ph":"E", "ts":"849510981", "pid":"1", "tid":"cice"},
{"name":"ModelAdvance", "ph":"B", "ts":"850148253", "pid":"1", "tid":"cice"},
{"name":"ModelAdvance", "ph":"E", "ts":"852664429", "pid":"1", "tid":"cice"},
{"name":"ModelAdvance", "ph":"B", "ts":"853042669", "pid":"1", "tid":"cice"},
{"name":"ModelAdvance", "ph":"E", "ts":"855538708", "pid":"1", "tid":"cice"},
{"name":"ModelAdvance", "ph":"B", "ts":"855940602", "pid":"1", "tid":"cice"},
{"name":"ModelAdvance", "ph":"E", "ts":"858426660", "pid":"1", "tid":"cice"},
{"name":"ModelAdvance", "ph":"B", "ts":"858828001", "pid":"1", "tid":"cice"},
{"name":"ModelAdvance", "ph":"E", "ts":"861260030", "pid":"1", "tid":"cice"},
{"name":"ModelAdvance", "ph":"B", "ts":"861655845", "pid":"1", "tid":"cice"},
{"name":"ModelAdvance", "ph":"E", "ts":"864112665", "pid":"1", "tid":"cice"},
{"name":"ModelAdvance", "ph":"B", "ts":"864562868", "pid":"1", "tid":"cice"},
{"name":"ModelAdvance", "ph":"E", "ts":"866964014", "pid":"1", "tid":"cice"},
{"name":"ModelAdvance", "ph":"B", "ts":"867369991", "pid":"1", "tid":"cice"},
{"name":"ModelAdvance", "ph":"E", "ts":"869826232", "pid":"1", "tid":"cice"},
{"name":"ModelAdvance", "ph":"B", "ts":"870238646", "pid":"1", "tid":"cice"},
{"name":"ModelAdvance", "ph":"E", "ts":"872669371", "pid":"1", "tid":"cice"},
{"name":"ModelAdvance", "ph":"B", "ts":"873048120", "pid":"1", "tid":"cice"},
{"name":"ModelAdvance", "ph":"E", "ts":"875515282", "pid":"1", "tid":"cice"},
{"name":"ModelAdvance", "ph":"B", "ts":"875936776", "pid":"1", "tid":"cice"},
{"name":"ModelAdvance", "ph":"E", "ts":"878360620", "pid":"1", "tid":"cice"},
{"name":"ModelAdvance", "ph":"B", "ts":"878782246", "pid":"1", "tid":"cice"},
{"name":"ModelAdvance", "ph":"E", "ts":"881230541", "pid":"1", "tid":"cice"},
{"name":"ModelAdvance", "ph":"B", "ts":"881692729", "pid":"1", "tid":"cice"},
{"name":"ModelAdvance", "ph":"E", "ts":"884140241", "pid":"1", "tid":"cice"},
{"name":"ModelAdvance", "ph":"B", "ts":"901628092", "pid":"1", "tid":"cice"},
{"name":"ModelAdvance", "ph":"E", "ts":"904166852", "pid":"1", "tid":"cice"},
{"name":"ModelAdvance", "ph":"B", "ts":"906794679", "pid":"1", "tid":"cice"},
{"name":"ModelAdvance", "ph":"E", "ts":"909297609", "pid":"1", "tid":"cice"},
{"name":"ModelAdvance", "ph":"B", "ts":"909682639", "pid":"1", "tid":"cice"},
{"name":"ModelAdvance", "ph":"E", "ts":"912158262", "pid":"1", "tid":"cice"},
{"name":"ModelAdvance", "ph":"B", "ts":"912555635", "pid":"1", "tid":"cice"},
{"name":"ModelAdvance", "ph":"E", "ts":"915005865", "pid":"1", "tid":"cice"},
{"name":"ModelAdvance", "ph":"B", "ts":"915471065", "pid":"1", "tid":"cice"},
{"name":"ModelAdvance", "ph":"E", "ts":"917850292", "pid":"1", "tid":"cice"},
{"name":"ModelAdvance", "ph":"B", "ts":"918245727", "pid":"1", "tid":"cice"},
{"name":"ModelAdvance", "ph":"E", "ts":"920663249", "pid":"1", "tid":"cice"},
{"name":"ModelAdvance", "ph":"B", "ts":"921035628", "pid":"1", "tid":"cice"},
{"name":"ModelAdvance", "ph":"E", "ts":"923447593", "pid":"1", "tid":"cice"},
{"name":"ModelAdvance", "ph":"B", "ts":"923847119", "pid":"1", "tid":"cice"},
{"name":"ModelAdvance", "ph":"E", "ts":"926270898", "pid":"1", "tid":"cice"},
{"name":"ModelAdvance", "ph":"B", "ts":"926695677", "pid":"1", "tid":"cice"},
{"name":"ModelAdvance", "ph":"E", "ts":"929114292", "pid":"1", "tid":"cice"},
{"name":"ModelAdvance", "ph":"B", "ts":"929514824", "pid":"1", "tid":"cice"},
{"name":"ModelAdvance", "ph":"E", "ts":"932000487", "pid":"1", "tid":"cice"},
{"name":"ModelAdvance", "ph":"B", "ts":"932443343", "pid":"1", "tid":"cice"},
{"name":"ModelAdvance", "ph":"E", "ts":"934879596", "pid":"1", "tid":"cice"},
{"name":"ModelAdvance", "ph":"B", "ts":"935282085", "pid":"1", "tid":"cice"},
{"name":"ModelAdvance", "ph":"E", "ts":"937737779", "pid":"1", "tid":"cice"},
{"name":"ModelAdvance", "ph":"B", "ts":"955790281", "pid":"1", "tid":"cice"},
{"name":"ModelAdvance", "ph":"E", "ts":"958308795", "pid":"1", "tid":"cice"},
{"name":"ModelAdvance", "ph":"B", "ts":"958736317", "pid":"1", "tid":"cice"},
{"name":"ModelAdvance", "ph":"E", "ts":"961144925", "pid":"1", "tid":"cice"},
{"name":"ModelAdvance", "ph":"B", "ts":"961590739", "pid":"1", "tid":"cice"},
{"name":"ModelAdvance", "ph":"E", "ts":"964066741", "pid":"1", "tid":"cice"},
{"name":"ModelAdvance", "ph":"B", "ts":"964489244", "pid":"1", "tid":"cice"},
{"name":"ModelAdvance", "ph":"E", "ts":"966946291", "pid":"1", "tid":"cice"},
{"name":"ModelAdvance", "ph":"B", "ts":"967360408", "pid":"1", "tid":"cice"},
{"name":"ModelAdvance", "ph":"E", "ts":"969854308", "pid":"1", "tid":"cice"},
{"name":"ModelAdvance", "ph":"B", "ts":"970287116", "pid":"1", "tid":"cice"},
{"name":"ModelAdvance", "ph":"E", "ts":"972712226", "pid":"1", "tid":"cice"},
{"name":"ModelAdvance", "ph":"B", "ts":"973150056", "pid":"1", "tid":"cice"},
{"name":"ModelAdvance", "ph":"E", "ts":"975586442", "pid":"1", "tid":"cice"},
{"name":"ModelAdvance", "ph":"B", "ts":"976010944", "pid":"1", "tid":"cice"},
{"name":"ModelAdvance", "ph":"E", "ts":"978484144", "pid":"1", "tid":"cice"},
{"name":"ModelAdvance", "ph":"B", "ts":"978912620", "pid":"1", "tid":"cice"},
{"name":"ModelAdvance", "ph":"E", "ts":"981357482", "pid":"1", "tid":"cice"},
{"name":"ModelAdvance", "ph":"B", "ts":"981800102", "pid":"1", "tid":"cice"},
{"name":"ModelAdvance", "ph":"E", "ts":"984222968", "pid":"1", "tid":"cice"},
{"name":"ModelAdvance", "ph":"B", "ts":"984633944", "pid":"1", "tid":"cice"},
{"name":"ModelAdvance", "ph":"E", "ts":"987097680", "pid":"1", "tid":"cice"},
{"name":"ModelAdvance", "ph":"B", "ts":"987512751", "pid":"1", "tid":"cice"},
{"name":"ModelAdvance", "ph":"E", "ts":"989964102", "pid":"1", "tid":"cice"},
{"name":"ModelAdvance", "ph":"B", "ts":"1017853325", "pid":"1", "tid":"cice"},
{"name":"ModelAdvance", "ph":"E", "ts":"1020381611", "pid":"1", "tid":"cice"},
{"name":"ModelAdvance", "ph":"B", "ts":"1023164125", "pid":"1", "tid":"cice"},
{"name":"ModelAdvance", "ph":"E", "ts":"1025586200", "pid":"1", "tid":"cice"},
{"name":"ModelAdvance", "ph":"B", "ts":"1026068581", "pid":"1", "tid":"cice"},
{"name":"ModelAdvance", "ph":"E", "ts":"1028551113", "pid":"1", "tid":"cice"},
{"name":"ModelAdvance", "ph":"B", "ts":"1028899170", "pid":"1", "tid":"cice"},
{"name":"ModelAdvance", "ph":"E", "ts":"1031383721", "pid":"1", "tid":"cice"},
{"name":"ModelAdvance", "ph":"B", "ts":"1031800208", "pid":"1", "tid":"cice"},
{"name":"ModelAdvance", "ph":"E", "ts":"1034257680", "pid":"1", "tid":"cice"},
{"name":"ModelAdvance", "ph":"B", "ts":"1034676617", "pid":"1", "tid":"cice"},
{"name":"ModelAdvance", "ph":"E", "ts":"1037060723", "pid":"1", "tid":"cice"},
{"name":"ModelAdvance", "ph":"B", "ts":"1037481432", "pid":"1", "tid":"cice"},
{"name":"ModelAdvance", "ph":"E", "ts":"1039878625", "pid":"1", "tid":"cice"},
{"name":"ModelAdvance", "ph":"B", "ts":"1040338186", "pid":"1", "tid":"cice"},
{"name":"ModelAdvance", "ph":"E", "ts":"1042717331", "pid":"1", "tid":"cice"},
{"name":"ModelAdvance", "ph":"B", "ts":"1043157447", "pid":"1", "tid":"cice"},
{"name":"ModelAdvance", "ph":"E", "ts":"1045569109", "pid":"1", "tid":"cice"},
{"name":"ModelAdvance", "ph":"B", "ts":"1045991044", "pid":"1", "tid":"cice"},
{"name":"ModelAdvance", "ph":"E", "ts":"1048445177", "pid":"1", "tid":"cice"},
{"name":"ModelAdvance", "ph":"B", "ts":"1048875569", "pid":"1", "tid":"cice"},
{"name":"ModelAdvance", "ph":"E", "ts":"1051328107", "pid":"1", "tid":"cice"},
{"name":"ModelAdvance", "ph":"B", "ts":"1051797060", "pid":"1", "tid":"cice"},
{"name":"ModelAdvance", "ph":"E", "ts":"1054246568", "pid":"1", "tid":"cice"},
{"name":"ModelAdvance", "ph":"B", "ts":"1065839357", "pid":"1", "tid":"cice"},
{"name":"ModelAdvance", "ph":"E", "ts":"1068327766", "pid":"1", "tid":"cice"},
{"name":"ModelAdvance", "ph":"B", "ts":"1068716955", "pid":"1", "tid":"cice"},
{"name":"ModelAdvance", "ph":"E", "ts":"1071188435", "pid":"1", "tid":"cice"},
{"name":"ModelAdvance", "ph":"B", "ts":"1071595519", "pid":"1", "tid":"cice"},
{"name":"ModelAdvance", "ph":"E", "ts":"1074091299", "pid":"1", "tid":"cice"},
{"name":"ModelAdvance", "ph":"B", "ts":"1074452044", "pid":"1", "tid":"cice"},
{"name":"ModelAdvance", "ph":"E", "ts":"1076925861", "pid":"1", "tid":"cice"},
{"name":"ModelAdvance", "ph":"B", "ts":"1077395264", "pid":"1", "tid":"cice"},
{"name":"ModelAdvance", "ph":"E", "ts":"1079838634", "pid":"1", "tid":"cice"},
{"name":"ModelAdvance", "ph":"B", "ts":"1080289388", "pid":"1", "tid":"cice"},
{"name":"ModelAdvance", "ph":"E", "ts":"1082710224", "pid":"1", "tid":"cice"},
{"name":"ModelAdvance", "ph":"B", "ts":"1083143056", "pid":"1", "tid":"cice"},
{"name":"ModelAdvance", "ph":"E", "ts":"1085620706", "pid":"1", "tid":"cice"},
{"name":"ModelAdvance", "ph":"B", "ts":"1086086662", "pid":"1", "tid":"cice"},
{"name":"ModelAdvance", "ph":"E", "ts":"1088498686", "pid":"1", "tid":"cice"},
{"name":"ModelAdvance", "ph":"B", "ts":"1088971844", "pid":"1", "tid":"cice"},
{"name":"ModelAdvance", "ph":"E", "ts":"1091386903", "pid":"1", "tid":"cice"},
{"name":"ModelAdvance", "ph":"B", "ts":"1091865015", "pid":"1", "tid":"cice"},
{"name":"ModelAdvance", "ph":"E", "ts":"1094311135", "pid":"1", "tid":"cice"},
{"name":"ModelAdvance", "ph":"B", "ts":"1094757593", "pid":"1", "tid":"cice"},
{"name":"ModelAdvance", "ph":"E", "ts":"1097199510", "pid":"1", "tid":"cice"},
{"name":"ModelAdvance", "ph":"B", "ts":"1097630205", "pid":"1", "tid":"cice"},
{"name":"ModelAdvance", "ph":"E", "ts":"1102501456", "pid":"1", "tid":"cice"},
{"name":"ModelAdvance", "ph":"B", "ts":"1187198090", "pid":"1", "tid":"cice"},
{"name":"ModelAdvance", "ph":"E", "ts":"1189667500", "pid":"1", "tid":"cice"},
{"name":"ModelAdvance", "ph":"B", "ts":"1192456784", "pid":"1", "tid":"cice"},
{"name":"ModelAdvance", "ph":"E", "ts":"1194952710", "pid":"1", "tid":"cice"},
{"name":"ModelAdvance", "ph":"B", "ts":"1195379157", "pid":"1", "tid":"cice"},
{"name":"ModelAdvance", "ph":"E", "ts":"1197820873", "pid":"1", "tid":"cice"},
{"name":"ModelAdvance", "ph":"B", "ts":"1198272499", "pid":"1", "tid":"cice"},
{"name":"ModelAdvance", "ph":"E", "ts":"1200738082", "pid":"1", "tid":"cice"},
{"name":"ModelAdvance", "ph":"B", "ts":"1201174304", "pid":"1", "tid":"cice"},
{"name":"ModelAdvance", "ph":"E", "ts":"1203583269", "pid":"1", "tid":"cice"},
{"name":"ModelAdvance", "ph":"B", "ts":"1204054268", "pid":"1", "tid":"cice"},
{"name":"ModelAdvance", "ph":"E", "ts":"1206429671", "pid":"1", "tid":"cice"},
{"name":"ModelAdvance", "ph":"B", "ts":"1206856715", "pid":"1", "tid":"cice"},
{"name":"ModelAdvance", "ph":"E", "ts":"1209246777", "pid":"1", "tid":"cice"},
{"name":"ModelAdvance", "ph":"B", "ts":"1209656777", "pid":"1", "tid":"cice"},
{"name":"ModelAdvance", "ph":"E", "ts":"1212139407", "pid":"1", "tid":"cice"},
{"name":"ModelAdvance", "ph":"B", "ts":"1212565831", "pid":"1", "tid":"cice"},
{"name":"ModelAdvance", "ph":"E", "ts":"1214992055", "pid":"1", "tid":"cice"},
{"name":"ModelAdvance", "ph":"B", "ts":"1215436393", "pid":"1", "tid":"cice"},
{"name":"ModelAdvance", "ph":"E", "ts":"1217878687", "pid":"1", "tid":"cice"},
{"name":"ModelAdvance", "ph":"B", "ts":"1218337337", "pid":"1", "tid":"cice"},
{"name":"ModelAdvance", "ph":"E", "ts":"1220746754", "pid":"1", "tid":"cice"},
{"name":"ModelAdvance", "ph":"B", "ts":"1221200346", "pid":"1", "tid":"cice"},
{"name":"ModelAdvance", "ph":"E", "ts":"1223634641", "pid":"1", "tid":"cice"},
{"name":"ModelAdvance", "ph":"B", "ts":"1224099851", "pid":"1", "tid":"cice"},
{"name":"ModelAdvance", "ph":"E", "ts":"1226586335", "pid":"1", "tid":"cice"},
{"name":"ModelAdvance", "ph":"B", "ts":"1226999273", "pid":"1", "tid":"cice"},
{"name":"ModelAdvance", "ph":"E", "ts":"1229416435", "pid":"1", "tid":"cice"},
{"name":"ModelAdvance", "ph":"B", "ts":"1229873186", "pid":"1", "tid":"cice"},
{"name":"ModelAdvance", "ph":"E", "ts":"1232403705", "pid":"1", "tid":"cice"},
{"name":"ModelAdvance", "ph":"B", "ts":"1232761713", "pid":"1", "tid":"cice"},
{"name":"ModelAdvance", "ph":"E", "ts":"1235232556", "pid":"1", "tid":"cice"},
{"name":"ModelAdvance", "ph":"B", "ts":"1235744231", "pid":"1", "tid":"cice"},
{"name":"ModelAdvance", "ph":"E", "ts":"1238152062", "pid":"1", "tid":"cice"},
{"name":"ModelAdvance", "ph":"B", "ts":"1238610713", "pid":"1", "tid":"cice"},
{"name":"ModelAdvance", "ph":"E", "ts":"1241007901", "pid":"1", "tid":"cice"},
{"name":"ModelAdvance", "ph":"B", "ts":"1241456061", "pid":"1", "tid":"cice"},
{"name":"ModelAdvance", "ph":"E", "ts":"1243881220", "pid":"1", "tid":"cice"},
{"name":"ModelAdvance", "ph":"B", "ts":"1244333062", "pid":"1", "tid":"cice"},
{"name":"ModelAdvance", "ph":"E", "ts":"1246809973", "pid":"1", "tid":"cice"},
{"name":"ModelAdvance", "ph":"B", "ts":"1247270923", "pid":"1", "tid":"cice"},
{"name":"ModelAdvance", "ph":"E", "ts":"1249687035", "pid":"1", "tid":"cice"},
{"name":"ModelAdvance", "ph":"B", "ts":"1250146418", "pid":"1", "tid":"cice"},
{"name":"ModelAdvance", "ph":"E", "ts":"1252569265", "pid":"1", "tid":"cice"},
{"name":"ModelAdvance", "ph":"B", "ts":"1253019167", "pid":"1", "tid":"cice"},
{"name":"ModelAdvance", "ph":"E", "ts":"1255459594", "pid":"1", "tid":"cice"},
{"name":"ModelAdvance", "ph":"B", "ts":"1255930637", "pid":"1", "tid":"cice"},
{"name":"ModelAdvance", "ph":"E", "ts":"1258326553", "pid":"1", "tid":"cice"},
{"name":"ModelAdvance", "ph":"B", "ts":"1258873662", "pid":"1", "tid":"cice"},
{"name":"ModelAdvance", "ph":"E", "ts":"1261525087", "pid":"1", "tid":"cice"},
{"name":"ModelAdvance", "ph":"B", "ts":"1264866539", "pid":"1", "tid":"cice"},
{"name":"ModelAdvance", "ph":"E", "ts":"1267284585", "pid":"1", "tid":"cice"},
{"name":"ModelAdvance", "ph":"B", "ts":"1267638715", "pid":"1", "tid":"cice"},
{"name":"ModelAdvance", "ph":"E", "ts":"1270200145", "pid":"1", "tid":"cice"},
{"name":"ModelAdvance", "ph":"B", "ts":"1270753650", "pid":"1", "tid":"cice"},
{"name":"ModelAdvance", "ph":"E", "ts":"1273185008", "pid":"1", "tid":"cice"},
{"name":"ModelAdvance", "ph":"B", "ts":"1273665705", "pid":"1", "tid":"cice"},
{"name":"ModelAdvance", "ph":"E", "ts":"1276035593", "pid":"1", "tid":"cice"},
{"name":"ModelAdvance", "ph":"B", "ts":"1276510087", "pid":"1", "tid":"cice"},
{"name":"ModelAdvance", "ph":"E", "ts":"1278885324", "pid":"1", "tid":"cice"},
{"name":"ModelAdvance", "ph":"B", "ts":"1279286918", "pid":"1", "tid":"cice"},
{"name":"ModelAdvance", "ph":"E", "ts":"1281749956", "pid":"1", "tid":"cice"},
{"name":"ModelAdvance", "ph":"B", "ts":"1282186709", "pid":"1", "tid":"cice"},
{"name":"ModelAdvance", "ph":"E", "ts":"1284583370", "pid":"1", "tid":"cice"},
{"name":"ModelAdvance", "ph":"B", "ts":"1285022331", "pid":"1", "tid":"cice"},
{"name":"ModelAdvance", "ph":"E", "ts":"1287464512", "pid":"1", "tid":"cice"},
{"name":"ModelAdvance", "ph":"B", "ts":"1287940372", "pid":"1", "tid":"cice"},
{"name":"ModelAdvance", "ph":"E", "ts":"1290363690", "pid":"1", "tid":"cice"},
{"name":"ModelAdvance", "ph":"B", "ts":"1290834918", "pid":"1", "tid":"cice"},
{"name":"ModelAdvance", "ph":"E", "ts":"1293254848", "pid":"1", "tid":"cice"},
{"name":"ModelAdvance", "ph":"B", "ts":"1293721989", "pid":"1", "tid":"cice"},
{"name":"ModelAdvance", "ph":"E", "ts":"1296162751", "pid":"1", "tid":"cice"},
{"name":"ModelAdvance", "ph":"B", "ts":"1296627322", "pid":"1", "tid":"cice"},
{"name":"ModelAdvance", "ph":"E", "ts":"1299105962", "pid":"1", "tid":"cice"},
{"name":"ModelAdvance", "ph":"B", "ts":"1299538965", "pid":"1", "tid":"cice"},
{"name":"ModelAdvance", "ph":"E", "ts":"1302000478", "pid":"1", "tid":"cice"},
{"name":"ModelAdvance", "ph":"B", "ts":"1302449601", "pid":"1", "tid":"cice"},
{"name":"ModelAdvance", "ph":"E", "ts":"1304917958", "pid":"1", "tid":"cice"},
{"name":"ModelAdvance", "ph":"B", "ts":"1305260085", "pid":"1", "tid":"cice"},
{"name":"ModelAdvance", "ph":"E", "ts":"1307783570", "pid":"1", "tid":"cice"},
{"name":"ModelAdvance", "ph":"B", "ts":"1308210469", "pid":"1", "tid":"cice"},
{"name":"ModelAdvance", "ph":"E", "ts":"1310712527", "pid":"1", "tid":"cice"},
{"name":"ModelAdvance", "ph":"B", "ts":"1311189680", "pid":"1", "tid":"cice"},
{"name":"ModelAdvance", "ph":"E", "ts":"1313605308", "pid":"1", "tid":"cice"},
{"name":"ModelAdvance", "ph":"B", "ts":"1314033741", "pid":"1", "tid":"cice"},
{"name":"ModelAdvance", "ph":"E", "ts":"1316542826", "pid":"1", "tid":"cice"},
{"name":"ModelAdvance", "ph":"B", "ts":"1317045324", "pid":"1", "tid":"cice"},
{"name":"ModelAdvance", "ph":"E", "ts":"1319467430", "pid":"1", "tid":"cice"},
{"name":"ModelAdvance", "ph":"B", "ts":"1319921582", "pid":"1", "tid":"cice"},
{"name":"ModelAdvance", "ph":"E", "ts":"1322355691", "pid":"1", "tid":"cice"},
{"name":"ModelAdvance", "ph":"B", "ts":"1322805602", "pid":"1", "tid":"cice"},
{"name":"ModelAdvance", "ph":"E", "ts":"1325261040", "pid":"1", "tid":"cice"},
{"name":"ModelAdvance", "ph":"B", "ts":"1325696687", "pid":"1", "tid":"cice"},
{"name":"ModelAdvance", "ph":"E", "ts":"1328133020", "pid":"1", "tid":"cice"},
{"name":"ModelAdvance", "ph":"B", "ts":"1328601936", "pid":"1", "tid":"cice"},
{"name":"ModelAdvance", "ph":"E", "ts":"1331013691", "pid":"1", "tid":"cice"},
{"name":"ModelAdvance", "ph":"B", "ts":"1331537765", "pid":"1", "tid":"cice"},
{"name":"ModelAdvance", "ph":"E", "ts":"1334199238", "pid":"1", "tid":"cice"},
{"name":"ModelAdvance", "ph":"B", "ts":"1337527820", "pid":"1", "tid":"cice"},
{"name":"ModelAdvance", "ph":"E", "ts":"1340041393", "pid":"1", "tid":"cice"},
{"name":"ModelAdvance", "ph":"B", "ts":"1340413626", "pid":"1", "tid":"cice"},
{"name":"ModelAdvance", "ph":"E", "ts":"1342879710", "pid":"1", "tid":"cice"},
{"name":"ModelAdvance", "ph":"B", "ts":"1343411317", "pid":"1", "tid":"cice"},
{"name":"ModelAdvance", "ph":"E", "ts":"1345862539", "pid":"1", "tid":"cice"},
{"name":"ModelAdvance", "ph":"B", "ts":"1346331491", "pid":"1", "tid":"cice"},
{"name":"ModelAdvance", "ph":"E", "ts":"1348739561", "pid":"1", "tid":"cice"},
{"name":"ModelAdvance", "ph":"B", "ts":"1349158561", "pid":"1", "tid":"cice"},
{"name":"ModelAdvance", "ph":"E", "ts":"1351566981", "pid":"1", "tid":"cice"},
{"name":"ModelAdvance", "ph":"B", "ts":"1352006594", "pid":"1", "tid":"cice"},
{"name":"ModelAdvance", "ph":"E", "ts":"1354402050", "pid":"1", "tid":"cice"},
{"name":"ModelAdvance", "ph":"B", "ts":"1354845915", "pid":"1", "tid":"cice"},
{"name":"ModelAdvance", "ph":"E", "ts":"1357210341", "pid":"1", "tid":"cice"},
{"name":"ModelAdvance", "ph":"B", "ts":"1357671661", "pid":"1", "tid":"cice"},
{"name":"ModelAdvance", "ph":"E", "ts":"1360098043", "pid":"1", "tid":"cice"},
{"name":"ModelAdvance", "ph":"B", "ts":"1360552523", "pid":"1", "tid":"cice"},
{"name":"ModelAdvance", "ph":"E", "ts":"1362994829", "pid":"1", "tid":"cice"},
{"name":"ModelAdvance", "ph":"B", "ts":"1363443064", "pid":"1", "tid":"cice"},
{"name":"ModelAdvance", "ph":"E", "ts":"1365888121", "pid":"1", "tid":"cice"},
{"name":"ModelAdvance", "ph":"B", "ts":"1366353131", "pid":"1", "tid":"cice"},
{"name":"ModelAdvance", "ph":"E", "ts":"1368792083", "pid":"1", "tid":"cice"},
{"name":"ModelAdvance", "ph":"B", "ts":"1369299613", "pid":"1", "tid":"cice"},
{"name":"ModelAdvance", "ph":"E", "ts":"1371738402", "pid":"1", "tid":"cice"},
{"name":"ModelAdvance", "ph":"B", "ts":"1372149414", "pid":"1", "tid":"cice"},
{"name":"ModelAdvance", "ph":"E", "ts":"1374635873", "pid":"1", "tid":"cice"},
{"name":"ModelAdvance", "ph":"B", "ts":"1375034324", "pid":"1", "tid":"cice"},
{"name":"ModelAdvance", "ph":"E", "ts":"1377560811", "pid":"1", "tid":"cice"},
{"name":"ModelAdvance", "ph":"B", "ts":"1377967765", "pid":"1", "tid":"cice"},
{"name":"ModelAdvance", "ph":"E", "ts":"1380456391", "pid":"1", "tid":"cice"},
{"name":"ModelAdvance", "ph":"B", "ts":"1380910440", "pid":"1", "tid":"cice"},
{"name":"ModelAdvance", "ph":"E", "ts":"1383368575", "pid":"1", "tid":"cice"},
{"name":"ModelAdvance", "ph":"B", "ts":"1383870594", "pid":"1", "tid":"cice"},
{"name":"ModelAdvance", "ph":"E", "ts":"1386231481", "pid":"1", "tid":"cice"},
{"name":"ModelAdvance", "ph":"B", "ts":"1386687454", "pid":"1", "tid":"cice"},
{"name":"ModelAdvance", "ph":"E", "ts":"1389077577", "pid":"1", "tid":"cice"},
{"name":"ModelAdvance", "ph":"B", "ts":"1389507789", "pid":"1", "tid":"cice"},
{"name":"ModelAdvance", "ph":"E", "ts":"1391898481", "pid":"1", "tid":"cice"},
{"name":"ModelAdvance", "ph":"B", "ts":"1392352383", "pid":"1", "tid":"cice"},
{"name":"ModelAdvance", "ph":"E", "ts":"1394744886", "pid":"1", "tid":"cice"},
{"name":"ModelAdvance", "ph":"B", "ts":"1395188065", "pid":"1", "tid":"cice"},
{"name":"ModelAdvance", "ph":"E", "ts":"1397576325", "pid":"1", "tid":"cice"},
{"name":"ModelAdvance", "ph":"B", "ts":"1398039918", "pid":"1", "tid":"cice"},
{"name":"ModelAdvance", "ph":"E", "ts":"1400435539", "pid":"1", "tid":"cice"},
{"name":"ModelAdvance", "ph":"B", "ts":"1400855305", "pid":"1", "tid":"cice"},
{"name":"ModelAdvance", "ph":"E", "ts":"1407864229", "pid":"1", "tid":"cice"},
{"name":"ModelAdvance", "ph":"B", "ts":"1422939353", "pid":"1", "tid":"cice"},
{"name":"ModelAdvance", "ph":"E", "ts":"1425417697", "pid":"1", "tid":"cice"},
{"name":"ModelAdvance", "ph":"B", "ts":"1428109394", "pid":"1", "tid":"cice"},
{"name":"ModelAdvance", "ph":"E", "ts":"1430631061", "pid":"1", "tid":"cice"},
{"name":"ModelAdvance", "ph":"B", "ts":"1431080693", "pid":"1", "tid":"cice"},
{"name":"ModelAdvance", "ph":"E", "ts":"1433544366", "pid":"1", "tid":"cice"},
{"name":"ModelAdvance", "ph":"B", "ts":"1433966814", "pid":"1", "tid":"cice"},
{"name":"ModelAdvance", "ph":"E", "ts":"1436412905", "pid":"1", "tid":"cice"},
{"name":"ModelAdvance", "ph":"B", "ts":"1436907510", "pid":"1", "tid":"cice"},
{"name":"ModelAdvance", "ph":"E", "ts":"1439275832", "pid":"1", "tid":"cice"},
{"name":"ModelAdvance", "ph":"B", "ts":"1439672275", "pid":"1", "tid":"cice"},
{"name":"ModelAdvance", "ph":"E", "ts":"1442090833", "pid":"1", "tid":"cice"},
{"name":"ModelAdvance", "ph":"B", "ts":"1442538735", "pid":"1", "tid":"cice"},
{"name":"ModelAdvance", "ph":"E", "ts":"1444951374", "pid":"1", "tid":"cice"},
{"name":"ModelAdvance", "ph":"B", "ts":"1445373563", "pid":"1", "tid":"cice"},
{"name":"ModelAdvance", "ph":"E", "ts":"1447788585", "pid":"1", "tid":"cice"},
{"name":"ModelAdvance", "ph":"B", "ts":"1448214843", "pid":"1", "tid":"cice"},
{"name":"ModelAdvance", "ph":"E", "ts":"1450641425", "pid":"1", "tid":"cice"},
{"name":"ModelAdvance", "ph":"B", "ts":"1451104901", "pid":"1", "tid":"cice"},
{"name":"ModelAdvance", "ph":"E", "ts":"1453525186", "pid":"1", "tid":"cice"},
{"name":"ModelAdvance", "ph":"B", "ts":"1454025861", "pid":"1", "tid":"cice"},
{"name":"ModelAdvance", "ph":"E", "ts":"1456451102", "pid":"1", "tid":"cice"},
{"name":"ModelAdvance", "ph":"B", "ts":"1456910075", "pid":"1", "tid":"cice"},
{"name":"ModelAdvance", "ph":"E", "ts":"1459371645", "pid":"1", "tid":"cice"},
{"name":"ModelAdvance", "ph":"B", "ts":"1459864526", "pid":"1", "tid":"cice"},
{"name":"ModelAdvance", "ph":"E", "ts":"1462327058", "pid":"1", "tid":"cice"},
{"name":"ModelAdvance", "ph":"B", "ts":"1462757043", "pid":"1", "tid":"cice"},
{"name":"ModelAdvance", "ph":"E", "ts":"1465230534", "pid":"1", "tid":"cice"},
{"name":"ModelAdvance", "ph":"B", "ts":"1465676038", "pid":"1", "tid":"cice"},
{"name":"ModelAdvance", "ph":"E", "ts":"1468147506", "pid":"1", "tid":"cice"},
{"name":"ModelAdvance", "ph":"B", "ts":"1468555265", "pid":"1", "tid":"cice"},
{"name":"ModelAdvance", "ph":"E", "ts":"1471061597", "pid":"1", "tid":"cice"},
{"name":"ModelAdvance", "ph":"B", "ts":"1471521851", "pid":"1", "tid":"cice"},
{"name":"ModelAdvance", "ph":"E", "ts":"1473984835", "pid":"1", "tid":"cice"},
{"name":"ModelAdvance", "ph":"B", "ts":"1474424543", "pid":"1", "tid":"cice"},
{"name":"ModelAdvance", "ph":"E", "ts":"1476849812", "pid":"1", "tid":"cice"},
{"name":"ModelAdvance", "ph":"B", "ts":"1477313288", "pid":"1", "tid":"cice"},
{"name":"ModelAdvance", "ph":"E", "ts":"1479738838", "pid":"1", "tid":"cice"},
{"name":"ModelAdvance", "ph":"B", "ts":"1480242741", "pid":"1", "tid":"cice"},
{"name":"ModelAdvance", "ph":"E", "ts":"1482625819", "pid":"1", "tid":"cice"},
{"name":"ModelAdvance", "ph":"B", "ts":"1483121004", "pid":"1", "tid":"cice"},
{"name":"ModelAdvance", "ph":"E", "ts":"1485538471", "pid":"1", "tid":"cice"},
{"name":"ModelAdvance", "ph":"B", "ts":"1485995766", "pid":"1", "tid":"cice"},
{"name":"ModelAdvance", "ph":"E", "ts":"1488416131", "pid":"1", "tid":"cice"},
{"name":"ModelAdvance", "ph":"B", "ts":"1488865676", "pid":"1", "tid":"cice"},
{"name":"ModelAdvance", "ph":"E", "ts":"1491306213", "pid":"1", "tid":"cice"},
{"name":"ModelAdvance", "ph":"B", "ts":"1491760164", "pid":"1", "tid":"cice"},
{"name":"ModelAdvance", "ph":"E", "ts":"1494174514", "pid":"1", "tid":"cice"},
{"name":"ModelAdvance", "ph":"B", "ts":"1573940136", "pid":"1", "tid":"cice"},
{"name":"ModelAdvance", "ph":"E", "ts":"1576372143", "pid":"1", "tid":"cice"},
{"name":"ModelAdvance", "ph":"B", "ts":"1579086422", "pid":"1", "tid":"cice"},
{"name":"ModelAdvance", "ph":"E", "ts":"1581596294", "pid":"1", "tid":"cice"},
{"name":"ModelAdvance", "ph":"B", "ts":"1582005306", "pid":"1", "tid":"cice"},
{"name":"ModelAdvance", "ph":"E", "ts":"1584465566", "pid":"1", "tid":"cice"},
{"name":"ModelAdvance", "ph":"B", "ts":"1584868603", "pid":"1", "tid":"cice"},
{"name":"ModelAdvance", "ph":"E", "ts":"1587320642", "pid":"1", "tid":"cice"},
{"name":"ModelAdvance", "ph":"B", "ts":"1587768503", "pid":"1", "tid":"cice"},
{"name":"ModelAdvance", "ph":"E", "ts":"1590173934", "pid":"1", "tid":"cice"},
{"name":"ModelAdvance", "ph":"B", "ts":"1590679047", "pid":"1", "tid":"cice"},
{"name":"ModelAdvance", "ph":"E", "ts":"1593026979", "pid":"1", "tid":"cice"},
{"name":"ModelAdvance", "ph":"B", "ts":"1593466950", "pid":"1", "tid":"cice"},
{"name":"ModelAdvance", "ph":"E", "ts":"1595862674", "pid":"1", "tid":"cice"},
{"name":"ModelAdvance", "ph":"B", "ts":"1596365665", "pid":"1", "tid":"cice"},
{"name":"ModelAdvance", "ph":"E", "ts":"1598727553", "pid":"1", "tid":"cice"},
{"name":"ModelAdvance", "ph":"B", "ts":"1599175056", "pid":"1", "tid":"cice"},
{"name":"ModelAdvance", "ph":"E", "ts":"1601612592", "pid":"1", "tid":"cice"},
{"name":"ModelAdvance", "ph":"B", "ts":"1602076683", "pid":"1", "tid":"cice"},
{"name":"ModelAdvance", "ph":"E", "ts":"1604483493", "pid":"1", "tid":"cice"},
{"name":"ModelAdvance", "ph":"B", "ts":"1604915407", "pid":"1", "tid":"cice"},
{"name":"ModelAdvance", "ph":"E", "ts":"1607379319", "pid":"1", "tid":"cice"},
{"name":"ModelAdvance", "ph":"B", "ts":"1607840731", "pid":"1", "tid":"cice"},
{"name":"ModelAdvance", "ph":"E", "ts":"1610263812", "pid":"1", "tid":"cice"},
{"name":"ModelAdvance", "ph":"B", "ts":"1610766924", "pid":"1", "tid":"cice"},
{"name":"ModelAdvance", "ph":"E", "ts":"1613230666", "pid":"1", "tid":"cice"},
{"name":"ModelAdvance", "ph":"B", "ts":"1613685178", "pid":"1", "tid":"cice"},
{"name":"ModelAdvance", "ph":"E", "ts":"1616136773", "pid":"1", "tid":"cice"},
{"name":"ModelAdvance", "ph":"B", "ts":"1616628253", "pid":"1", "tid":"cice"},
{"name":"ModelAdvance", "ph":"E", "ts":"1619055197", "pid":"1", "tid":"cice"},
{"name":"ModelAdvance", "ph":"B", "ts":"1619499382", "pid":"1", "tid":"cice"},
{"name":"ModelAdvance", "ph":"E", "ts":"1621972781", "pid":"1", "tid":"cice"},
{"name":"ModelAdvance", "ph":"B", "ts":"1622461295", "pid":"1", "tid":"cice"},
{"name":"ModelAdvance", "ph":"E", "ts":"1624891864", "pid":"1", "tid":"cice"},
{"name":"ModelAdvance", "ph":"B", "ts":"1625342553", "pid":"1", "tid":"cice"},
{"name":"ModelAdvance", "ph":"E", "ts":"1627852310", "pid":"1", "tid":"cice"},
{"name":"ModelAdvance", "ph":"B", "ts":"1628320446", "pid":"1", "tid":"cice"},
{"name":"ModelAdvance", "ph":"E", "ts":"1630785912", "pid":"1", "tid":"cice"},
{"name":"ModelAdvance", "ph":"B", "ts":"1631270894", "pid":"1", "tid":"cice"},
{"name":"ModelAdvance", "ph":"E", "ts":"1633661126", "pid":"1", "tid":"cice"},
{"name":"ModelAdvance", "ph":"B", "ts":"1634142223", "pid":"1", "tid":"cice"},
{"name":"ModelAdvance", "ph":"E", "ts":"1636556862", "pid":"1", "tid":"cice"},
{"name":"ModelAdvance", "ph":"B", "ts":"1637065119", "pid":"1", "tid":"cice"},
{"name":"ModelAdvance", "ph":"E", "ts":"1639466532", "pid":"1", "tid":"cice"},
{"name":"ModelAdvance", "ph":"B", "ts":"1639951694", "pid":"1", "tid":"cice"},
{"name":"ModelAdvance", "ph":"E", "ts":"1642335069", "pid":"1", "tid":"cice"},
{"name":"ModelAdvance", "ph":"B", "ts":"1642800667", "pid":"1", "tid":"cice"},
{"name":"ModelAdvance", "ph":"E", "ts":"1645257303", "pid":"1", "tid":"cice"},
{"name":"ModelAdvance", "ph":"B", "ts":"1645794434", "pid":"1", "tid":"cice"},
{"name":"ModelAdvance", "ph":"E", "ts":"1648437998", "pid":"1", "tid":"cice"},
{"name":"ModelAdvance", "ph":"B", "ts":"1651937689", "pid":"1", "tid":"cice"},
{"name":"ModelAdvance", "ph":"E", "ts":"1654334659", "pid":"1", "tid":"cice"},
{"name":"ModelAdvance", "ph":"B", "ts":"1654788716", "pid":"1", "tid":"cice"},
{"name":"ModelAdvance", "ph":"E", "ts":"1657318635", "pid":"1", "tid":"cice"},
{"name":"ModelAdvance", "ph":"B", "ts":"1657887172", "pid":"1", "tid":"cice"},
{"name":"ModelAdvance", "ph":"E", "ts":"1660259722", "pid":"1", "tid":"cice"},
{"name":"ModelAdvance", "ph":"B", "ts":"1660709279", "pid":"1", "tid":"cice"},
{"name":"ModelAdvance", "ph":"E", "ts":"1663102434", "pid":"1", "tid":"cice"},
{"name":"ModelAdvance", "ph":"B", "ts":"1663562861", "pid":"1", "tid":"cice"},
{"name":"ModelAdvance", "ph":"E", "ts":"1665954852", "pid":"1", "tid":"cice"},
{"name":"ModelAdvance", "ph":"B", "ts":"1666408851", "pid":"1", "tid":"cice"},
{"name":"ModelAdvance", "ph":"E", "ts":"1668800710", "pid":"1", "tid":"cice"},
{"name":"ModelAdvance", "ph":"B", "ts":"1669238391", "pid":"1", "tid":"cice"},
{"name":"ModelAdvance", "ph":"E", "ts":"1671688839", "pid":"1", "tid":"cice"},
{"name":"ModelAdvance", "ph":"B", "ts":"1672136017", "pid":"1", "tid":"cice"},
{"name":"ModelAdvance", "ph":"E", "ts":"1674571255", "pid":"1", "tid":"cice"},
{"name":"ModelAdvance", "ph":"B", "ts":"1675043091", "pid":"1", "tid":"cice"},
{"name":"ModelAdvance", "ph":"E", "ts":"1677536043", "pid":"1", "tid":"cice"},
{"name":"ModelAdvance", "ph":"B", "ts":"1678047924", "pid":"1", "tid":"cice"},
{"name":"ModelAdvance", "ph":"E", "ts":"1680437639", "pid":"1", "tid":"cice"},
{"name":"ModelAdvance", "ph":"B", "ts":"1680981048", "pid":"1", "tid":"cice"},
{"name":"ModelAdvance", "ph":"E", "ts":"1683350916", "pid":"1", "tid":"cice"},
{"name":"ModelAdvance", "ph":"B", "ts":"1683843826", "pid":"1", "tid":"cice"},
{"name":"ModelAdvance", "ph":"E", "ts":"1686317527", "pid":"1", "tid":"cice"},
{"name":"ModelAdvance", "ph":"B", "ts":"1686781139", "pid":"1", "tid":"cice"},
{"name":"ModelAdvance", "ph":"E", "ts":"1689236749", "pid":"1", "tid":"cice"},
{"name":"ModelAdvance", "ph":"B", "ts":"1689628990", "pid":"1", "tid":"cice"},
{"name":"ModelAdvance", "ph":"E", "ts":"1692154666", "pid":"1", "tid":"cice"},
{"name":"ModelAdvance", "ph":"B", "ts":"1692584727", "pid":"1", "tid":"cice"},
{"name":"ModelAdvance", "ph":"E", "ts":"1695047985", "pid":"1", "tid":"cice"},
{"name":"ModelAdvance", "ph":"B", "ts":"1695505443", "pid":"1", "tid":"cice"},
{"name":"ModelAdvance", "ph":"E", "ts":"1697929618", "pid":"1", "tid":"cice"},
{"name":"ModelAdvance", "ph":"B", "ts":"1698406046", "pid":"1", "tid":"cice"},
{"name":"ModelAdvance", "ph":"E", "ts":"1700747443", "pid":"1", "tid":"cice"},
{"name":"ModelAdvance", "ph":"B", "ts":"1701206768", "pid":"1", "tid":"cice"},
{"name":"ModelAdvance", "ph":"E", "ts":"1703573284", "pid":"1", "tid":"cice"},
{"name":"ModelAdvance", "ph":"B", "ts":"1704027508", "pid":"1", "tid":"cice"},
{"name":"ModelAdvance", "ph":"E", "ts":"1706407482", "pid":"1", "tid":"cice"},
{"name":"ModelAdvance", "ph":"B", "ts":"1706917921", "pid":"1", "tid":"cice"},
{"name":"ModelAdvance", "ph":"E", "ts":"1709257185", "pid":"1", "tid":"cice"},
{"name":"ModelAdvance", "ph":"B", "ts":"1709799935", "pid":"1", "tid":"cice"},
{"name":"ModelAdvance", "ph":"E", "ts":"1712137206", "pid":"1", "tid":"cice"},
{"name":"ModelAdvance", "ph":"B", "ts":"1712574795", "pid":"1", "tid":"cice"},
{"name":"ModelAdvance", "ph":"E", "ts":"1714980199", "pid":"1", "tid":"cice"},
{"name":"ModelAdvance", "ph":"B", "ts":"1715490392", "pid":"1", "tid":"cice"},
{"name":"ModelAdvance", "ph":"E", "ts":"1722152335", "pid":"1", "tid":"cice"},
{"name":"ModelAdvance", "ph":"B", "ts":"1737782728", "pid":"1", "tid":"cice"},
{"name":"ModelAdvance", "ph":"E", "ts":"1740221729", "pid":"1", "tid":"cice"},
{"name":"ModelAdvance", "ph":"B", "ts":"1742921717", "pid":"1", "tid":"cice"},
{"name":"ModelAdvance", "ph":"E", "ts":"1745307919", "pid":"1", "tid":"cice"},
{"name":"ModelAdvance", "ph":"B", "ts":"1745811678", "pid":"1", "tid":"cice"},
{"name":"ModelAdvance", "ph":"E", "ts":"1748199986", "pid":"1", "tid":"cice"},
{"name":"ModelAdvance", "ph":"B", "ts":"1748689472", "pid":"1", "tid":"cice"},
{"name":"ModelAdvance", "ph":"E", "ts":"1751099319", "pid":"1", "tid":"cice"},
{"name":"ModelAdvance", "ph":"B", "ts":"1751594504", "pid":"1", "tid":"cice"},
{"name":"ModelAdvance", "ph":"E", "ts":"1753946273", "pid":"1", "tid":"cice"},
{"name":"ModelAdvance", "ph":"B", "ts":"1754454703", "pid":"1", "tid":"cice"},
{"name":"ModelAdvance", "ph":"E", "ts":"1756838567", "pid":"1", "tid":"cice"},
{"name":"ModelAdvance", "ph":"B", "ts":"1757273072", "pid":"1", "tid":"cice"},
{"name":"ModelAdvance", "ph":"E", "ts":"1759666108", "pid":"1", "tid":"cice"},
{"name":"ModelAdvance", "ph":"B", "ts":"1760099363", "pid":"1", "tid":"cice"},
{"name":"ModelAdvance", "ph":"E", "ts":"1762503379", "pid":"1", "tid":"cice"},
{"name":"ModelAdvance", "ph":"B", "ts":"1762940176", "pid":"1", "tid":"cice"},
{"name":"ModelAdvance", "ph":"E", "ts":"1765421383", "pid":"1", "tid":"cice"},
{"name":"ModelAdvance", "ph":"B", "ts":"1765924029", "pid":"1", "tid":"cice"},
{"name":"ModelAdvance", "ph":"E", "ts":"1768333097", "pid":"1", "tid":"cice"},
{"name":"ModelAdvance", "ph":"B", "ts":"1768831477", "pid":"1", "tid":"cice"},
{"name":"ModelAdvance", "ph":"E", "ts":"1771213156", "pid":"1", "tid":"cice"},
{"name":"ModelAdvance", "ph":"B", "ts":"1771656395", "pid":"1", "tid":"cice"},
{"name":"ModelAdvance", "ph":"E", "ts":"1774124583", "pid":"1", "tid":"cice"},
{"name":"ModelAdvance", "ph":"B", "ts":"1774630015", "pid":"1", "tid":"cice"},
{"name":"ModelAdvance", "ph":"E", "ts":"1777077054", "pid":"1", "tid":"cice"},
{"name":"ModelAdvance", "ph":"B", "ts":"1777525914", "pid":"1", "tid":"cice"},
{"name":"ModelAdvance", "ph":"E", "ts":"1779949891", "pid":"1", "tid":"cice"},
{"name":"ModelAdvance", "ph":"B", "ts":"1780412949", "pid":"1", "tid":"cice"},
{"name":"ModelAdvance", "ph":"E", "ts":"1782848818", "pid":"1", "tid":"cice"},
{"name":"ModelAdvance", "ph":"B", "ts":"1783312290", "pid":"1", "tid":"cice"},
{"name":"ModelAdvance", "ph":"E", "ts":"1785756362", "pid":"1", "tid":"cice"},
{"name":"ModelAdvance", "ph":"B", "ts":"1786245807", "pid":"1", "tid":"cice"},
{"name":"ModelAdvance", "ph":"E", "ts":"1788631082", "pid":"1", "tid":"cice"},
{"name":"ModelAdvance", "ph":"B", "ts":"1789074930", "pid":"1", "tid":"cice"},
{"name":"ModelAdvance", "ph":"E", "ts":"1791496898", "pid":"1", "tid":"cice"},
{"name":"ModelAdvance", "ph":"B", "ts":"1791979565", "pid":"1", "tid":"cice"},
{"name":"ModelAdvance", "ph":"E", "ts":"1794435689", "pid":"1", "tid":"cice"},
{"name":"ModelAdvance", "ph":"B", "ts":"1794967129", "pid":"1", "tid":"cice"},
{"name":"ModelAdvance", "ph":"E", "ts":"1797347221", "pid":"1", "tid":"cice"},
{"name":"ModelAdvance", "ph":"B", "ts":"1797843506", "pid":"1", "tid":"cice"},
{"name":"ModelAdvance", "ph":"E", "ts":"1800227932", "pid":"1", "tid":"cice"},
{"name":"ModelAdvance", "ph":"B", "ts":"1800745163", "pid":"1", "tid":"cice"},
{"name":"ModelAdvance", "ph":"E", "ts":"1803095890", "pid":"1", "tid":"cice"},
{"name":"ModelAdvance", "ph":"B", "ts":"1803578038", "pid":"1", "tid":"cice"},
{"name":"ModelAdvance", "ph":"E", "ts":"1805990580", "pid":"1", "tid":"cice"},
{"name":"ModelAdvance", "ph":"B", "ts":"1806442757", "pid":"1", "tid":"cice"},
{"name":"ModelAdvance", "ph":"E", "ts":"1808870136", "pid":"1", "tid":"cice"},
{"name":"ModelAdvance", "ph":"B", "ts":"1809543531", "pid":"1", "tid":"cice"},
{"name":"ModelAdvance", "ph":"E", "ts":"1812052136", "pid":"1", "tid":"cice"},
{"name":"ModelAdvance", "ph":"B", "ts":"1815860300", "pid":"1", "tid":"cice"},
{"name":"ModelAdvance", "ph":"E", "ts":"1818246767", "pid":"1", "tid":"cice"},
{"name":"ModelAdvance", "ph":"B", "ts":"1818708377", "pid":"1", "tid":"cice"},
{"name":"ModelAdvance", "ph":"E", "ts":"1821266882", "pid":"1", "tid":"cice"},
{"name":"ModelAdvance", "ph":"B", "ts":"1821789439", "pid":"1", "tid":"cice"},
{"name":"ModelAdvance", "ph":"E", "ts":"1824201102", "pid":"1", "tid":"cice"},
{"name":"ModelAdvance", "ph":"B", "ts":"1824667723", "pid":"1", "tid":"cice"},
{"name":"ModelAdvance", "ph":"E", "ts":"1827050799", "pid":"1", "tid":"cice"},
{"name":"ModelAdvance", "ph":"B", "ts":"1827484896", "pid":"1", "tid":"cice"},
{"name":"ModelAdvance", "ph":"E", "ts":"1829894133", "pid":"1", "tid":"cice"},
{"name":"ModelAdvance", "ph":"B", "ts":"1830419344", "pid":"1", "tid":"cice"},
{"name":"ModelAdvance", "ph":"E", "ts":"1832749691", "pid":"1", "tid":"cice"},
{"name":"ModelAdvance", "ph":"B", "ts":"1833209091", "pid":"1", "tid":"cice"},
{"name":"ModelAdvance", "ph":"E", "ts":"1835584319", "pid":"1", "tid":"cice"},
{"name":"ModelAdvance", "ph":"B", "ts":"1836098008", "pid":"1", "tid":"cice"},
{"name":"ModelAdvance", "ph":"E", "ts":"1838464527", "pid":"1", "tid":"cice"},
{"name":"ModelAdvance", "ph":"B", "ts":"1838950587", "pid":"1", "tid":"cice"},
{"name":"ModelAdvance", "ph":"E", "ts":"1841337698", "pid":"1", "tid":"cice"},
{"name":"ModelAdvance", "ph":"B", "ts":"1841839184", "pid":"1", "tid":"cice"},
{"name":"ModelAdvance", "ph":"E", "ts":"1844218138", "pid":"1", "tid":"cice"},
{"name":"ModelAdvance", "ph":"B", "ts":"1844729918", "pid":"1", "tid":"cice"},
{"name":"ModelAdvance", "ph":"E", "ts":"1847111406", "pid":"1", "tid":"cice"},
{"name":"ModelAdvance", "ph":"B", "ts":"1847635309", "pid":"1", "tid":"cice"},
{"name":"ModelAdvance", "ph":"E", "ts":"1850053818", "pid":"1", "tid":"cice"},
{"name":"ModelAdvance", "ph":"B", "ts":"1850505154", "pid":"1", "tid":"cice"},
{"name":"ModelAdvance", "ph":"E", "ts":"1852932563", "pid":"1", "tid":"cice"},
{"name":"ModelAdvance", "ph":"B", "ts":"1853456410", "pid":"1", "tid":"cice"},
{"name":"ModelAdvance", "ph":"E", "ts":"1855873668", "pid":"1", "tid":"cice"},
{"name":"ModelAdvance", "ph":"B", "ts":"1856347849", "pid":"1", "tid":"cice"},
{"name":"ModelAdvance", "ph":"E", "ts":"1858768431", "pid":"1", "tid":"cice"},
{"name":"ModelAdvance", "ph":"B", "ts":"1859280866", "pid":"1", "tid":"cice"},
{"name":"ModelAdvance", "ph":"E", "ts":"1861653612", "pid":"1", "tid":"cice"},
{"name":"ModelAdvance", "ph":"B", "ts":"1862133439", "pid":"1", "tid":"cice"},
{"name":"ModelAdvance", "ph":"E", "ts":"1864533745", "pid":"1", "tid":"cice"},
{"name":"ModelAdvance", "ph":"B", "ts":"1864984958", "pid":"1", "tid":"cice"},
{"name":"ModelAdvance", "ph":"E", "ts":"1867411994", "pid":"1", "tid":"cice"},
{"name":"ModelAdvance", "ph":"B", "ts":"1867895719", "pid":"1", "tid":"cice"},
{"name":"ModelAdvance", "ph":"E", "ts":"1870329469", "pid":"1", "tid":"cice"},
{"name":"ModelAdvance", "ph":"B", "ts":"1870812675", "pid":"1", "tid":"cice"},
{"name":"ModelAdvance", "ph":"E", "ts":"1873264904", "pid":"1", "tid":"cice"},
{"name":"ModelAdvance", "ph":"B", "ts":"1873757454", "pid":"1", "tid":"cice"},
{"name":"ModelAdvance", "ph":"E", "ts":"1876153458", "pid":"1", "tid":"cice"},
{"name":"ModelAdvance", "ph":"B", "ts":"1876637987", "pid":"1", "tid":"cice"},
{"name":"ModelAdvance", "ph":"E", "ts":"1879051796", "pid":"1", "tid":"cice"},
{"name":"ModelAdvance", "ph":"B", "ts":"1879577493", "pid":"1", "tid":"cice"},
{"name":"ModelAdvance", "ph":"E", "ts":"1881953188", "pid":"1", "tid":"cice"},
{"name":"ModelAdvance", "ph":"B", "ts":"1958767783", "pid":"1", "tid":"cice"},
{"name":"ModelAdvance", "ph":"E", "ts":"1961202941", "pid":"1", "tid":"cice"},
{"name":"ModelAdvance", "ph":"B", "ts":"1963943432", "pid":"1", "tid":"cice"},
{"name":"ModelAdvance", "ph":"E", "ts":"1966423468", "pid":"1", "tid":"cice"},
{"name":"ModelAdvance", "ph":"B", "ts":"1966816511", "pid":"1", "tid":"cice"},
{"name":"ModelAdvance", "ph":"E", "ts":"1969273613", "pid":"1", "tid":"cice"},
{"name":"ModelAdvance", "ph":"B", "ts":"1969738932", "pid":"1", "tid":"cice"},
{"name":"ModelAdvance", "ph":"E", "ts":"1972138584", "pid":"1", "tid":"cice"},
{"name":"ModelAdvance", "ph":"B", "ts":"1972598084", "pid":"1", "tid":"cice"},
{"name":"ModelAdvance", "ph":"E", "ts":"1975002535", "pid":"1", "tid":"cice"},
{"name":"ModelAdvance", "ph":"B", "ts":"1975414389", "pid":"1", "tid":"cice"},
{"name":"ModelAdvance", "ph":"E", "ts":"1977833805", "pid":"1", "tid":"cice"},
{"name":"ModelAdvance", "ph":"B", "ts":"1978247162", "pid":"1", "tid":"cice"},
{"name":"ModelAdvance", "ph":"E", "ts":"1980642958", "pid":"1", "tid":"cice"},
{"name":"ModelAdvance", "ph":"B", "ts":"1981124661", "pid":"1", "tid":"cice"},
{"name":"ModelAdvance", "ph":"E", "ts":"1983488240", "pid":"1", "tid":"cice"},
{"name":"ModelAdvance", "ph":"B", "ts":"1983992133", "pid":"1", "tid":"cice"},
{"name":"ModelAdvance", "ph":"E", "ts":"1986395592", "pid":"1", "tid":"cice"},
{"name":"ModelAdvance", "ph":"B", "ts":"1986882286", "pid":"1", "tid":"cice"},
{"name":"ModelAdvance", "ph":"E", "ts":"1989260077", "pid":"1", "tid":"cice"},
{"name":"ModelAdvance", "ph":"B", "ts":"1989681314", "pid":"1", "tid":"cice"},
{"name":"ModelAdvance", "ph":"E", "ts":"1992147539", "pid":"1", "tid":"cice"},
{"name":"ModelAdvance", "ph":"B", "ts":"1992588208", "pid":"1", "tid":"cice"},
{"name":"ModelAdvance", "ph":"E", "ts":"1995019867", "pid":"1", "tid":"cice"},
{"name":"ModelAdvance", "ph":"B", "ts":"1995497284", "pid":"1", "tid":"cice"},
{"name":"ModelAdvance", "ph":"E", "ts":"1997995697", "pid":"1", "tid":"cice"},
{"name":"ModelAdvance", "ph":"B", "ts":"1998415207", "pid":"1", "tid":"cice"},
{"name":"ModelAdvance", "ph":"E", "ts":"2000887744", "pid":"1", "tid":"cice"},
{"name":"ModelAdvance", "ph":"B", "ts":"2001342189", "pid":"1", "tid":"cice"},
{"name":"ModelAdvance", "ph":"E", "ts":"2003814253", "pid":"1", "tid":"cice"},
{"name":"ModelAdvance", "ph":"B", "ts":"2004168528", "pid":"1", "tid":"cice"},
{"name":"ModelAdvance", "ph":"E", "ts":"2006650130", "pid":"1", "tid":"cice"},
{"name":"ModelAdvance", "ph":"B", "ts":"2007148704", "pid":"1", "tid":"cice"},
{"name":"ModelAdvance", "ph":"E", "ts":"2009567073", "pid":"1", "tid":"cice"},
{"name":"ModelAdvance", "ph":"B", "ts":"2010001686", "pid":"1", "tid":"cice"},
{"name":"ModelAdvance", "ph":"E", "ts":"2012398613", "pid":"1", "tid":"cice"},
{"name":"ModelAdvance", "ph":"B", "ts":"2012878755", "pid":"1", "tid":"cice"},
{"name":"ModelAdvance", "ph":"E", "ts":"2015275281", "pid":"1", "tid":"cice"},
{"name":"ModelAdvance", "ph":"B", "ts":"2015703892", "pid":"1", "tid":"cice"},
{"name":"ModelAdvance", "ph":"E", "ts":"2018094575", "pid":"1", "tid":"cice"},
{"name":"ModelAdvance", "ph":"B", "ts":"2018562726", "pid":"1", "tid":"cice"},
{"name":"ModelAdvance", "ph":"E", "ts":"2020918252", "pid":"1", "tid":"cice"},
{"name":"ModelAdvance", "ph":"B", "ts":"2021375732", "pid":"1", "tid":"cice"},
{"name":"ModelAdvance", "ph":"E", "ts":"2023729242", "pid":"1", "tid":"cice"},
{"name":"ModelAdvance", "ph":"B", "ts":"2024159048", "pid":"1", "tid":"cice"},
{"name":"ModelAdvance", "ph":"E", "ts":"2026576967", "pid":"1", "tid":"cice"},
{"name":"ModelAdvance", "ph":"B", "ts":"2027016788", "pid":"1", "tid":"cice"},
{"name":"ModelAdvance", "ph":"E", "ts":"2033776920", "pid":"1", "tid":"cice"},
{"name":"ModelFinalize", "ph":"B", "ts":"2033782138", "pid":"1", "tid":"cice"},
{"name":"ModelFinalize", "ph":"E", "ts":"2033782184", "pid":"1", "tid":"cice"},
