{"name":"SetServices", "ph":"B", "ts":"627539494", "pid":"1", "tid":"cice"},
{"name":"SetServices", "ph":"E", "ts":"627572520", "pid":"1", "tid":"cice"},
{"name":"InitializeP0", "ph":"B", "ts":"627575649", "pid":"1", "tid":"cice"},
{"name":"InitializeP0", "ph":"E", "ts":"627575736", "pid":"1", "tid":"cice"},
{"name":"InitializeAdvertise", "ph":"B", "ts":"627663665", "pid":"1", "tid":"cice"},
{"name":"InitializeAdvertise", "ph":"E", "ts":"632391734", "pid":"1", "tid":"cice"},
{"name":"InitializeRealize", "ph":"B", "ts":"678132615", "pid":"1", "tid":"cice"},
{"name":"InitializeRealize", "ph":"E", "ts":"687842746", "pid":"1", "tid":"cice"},
{"name":"ModelAdvance", "ph":"B", "ts":"728109997", "pid":"1", "tid":"cice"},
{"name":"ModelAdvance", "ph":"E", "ts":"730610349", "pid":"1", "tid":"cice"},
{"name":"ModelAdvance", "ph":"B", "ts":"755156714", "pid":"1", "tid":"cice"},
{"name":"ModelAdvance", "ph":"E", "ts":"757574695", "pid":"1", "tid":"cice"},
{"name":"ModelAdvance", "ph":"B", "ts":"758842632", "pid":"1", "tid":"cice"},
{"name":"ModelAdvance", "ph":"E", "ts":"761251136", "pid":"1", "tid":"cice"},
{"name":"ModelAdvance", "ph":"B", "ts":"762567535", "pid":"1", "tid":"cice"},
{"name":"ModelAdvance", "ph":"E", "ts":"764964306", "pid":"1", "tid":"cice"},
{"name":"ModelAdvance", "ph":"B", "ts":"766468443", "pid":"1", "tid":"cice"},
{"name":"ModelAdvance", "ph":"E", "ts":"768872918", "pid":"1", "tid":"cice"},
{"name":"ModelAdvance", "ph":"B", "ts":"770262938", "pid":"1", "tid":"cice"},
{"name":"ModelAdvance", "ph":"E", "ts":"772668122", "pid":"1", "tid":"cice"},
{"name":"ModelAdvance", "ph":"B", "ts":"773979731", "pid":"1", "tid":"cice"},
{"name":"ModelAdvance", "ph":"E", "ts":"776404071", "pid":"1", "tid":"cice"},
{"name":"ModelAdvance", "ph":"B", "ts":"777728678", "pid":"1", "tid":"cice"},
{"name":"ModelAdvance", "ph":"E", "ts":"780136847", "pid":"1", "tid":"cice"},
{"name":"ModelAdvance", "ph":"B", "ts":"781434199", "pid":"1", "tid":"cice"},
{"name":"ModelAdvance", "ph":"E", "ts":"783850052", "pid":"1", "tid":"cice"},
{"name":"ModelAdvance", "ph":"B", "ts":"785120073", "pid":"1", "tid":"cice"},
{"name":"ModelAdvance", "ph":"E", "ts":"787555884", "pid":"1", "tid":"cice"},
{"name":"ModelAdvance", "ph":"B", "ts":"788826381", "pid":"1", "tid":"cice"},
{"name":"ModelAdvance", "ph":"E", "ts":"791220590", "pid":"1", "tid":"cice"},
{"name":"ModelAdvance", "ph":"B", "ts":"792516506", "pid":"1", "tid":"cice"},
{"name":"ModelAdvance", "ph":"E", "ts":"794925578", "pid":"1", "tid":"cice"},
{"name":"ModelAdvance", "ph":"B", "ts":"796224534", "pid":"1", "tid":"cice"},
{"name":"ModelAdvance", "ph":"E", "ts":"798632918", "pid":"1", "tid":"cice"},
{"name":"ModelAdvance", "ph":"B", "ts":"804964339", "pid":"1", "tid":"cice"},
{"name":"ModelAdvance", "ph":"E", "ts":"807343727", "pid":"1", "tid":"cice"},
{"name":"ModelAdvance", "ph":"B", "ts":"808652535", "pid":"1", "tid":"cice"},
{"name":"ModelAdvance", "ph":"E", "ts":"811028434", "pid":"1", "tid":"cice"},
{"name":"ModelAdvance", "ph":"B", "ts":"812353472", "pid":"1", "tid":"cice"},
{"name":"ModelAdvance", "ph":"E", "ts":"814761439", "pid":"1", "tid":"cice"},
{"name":"ModelAdvance", "ph":"B", "ts":"816068694", "pid":"1", "tid":"cice"},
{"name":"ModelAdvance", "ph":"E", "ts":"818460935", "pid":"1", "tid":"cice"},
{"name":"ModelAdvance", "ph":"B", "ts":"819822176", "pid":"1", "tid":"cice"},
{"name":"ModelAdvance", "ph":"E", "ts":"822213765", "pid":"1", "tid":"cice"},
{"name":"ModelAdvance", "ph":"B", "ts":"823525012", "pid":"1", "tid":"cice"},
{"name":"ModelAdvance", "ph":"E", "ts":"825930558", "pid":"1", "tid":"cice"},
{"name":"ModelAdvance", "ph":"B", "ts":"827246773", "pid":"1", "tid":"cice"},
{"name":"ModelAdvance", "ph":"E", "ts":"829621358", "pid":"1", "tid":"cice"},
{"name":"ModelAdvance", "ph":"B", "ts":"830946965", "pid":"1", "tid":"cice"},
{"name":"ModelAdvance", "ph":"E", "ts":"833339347", "pid":"1", "tid":"cice"},
{"name":"ModelAdvance", "ph":"B", "ts":"834642027", "pid":"1", "tid":"cice"},
{"name":"ModelAdvance", "ph":"E", "ts":"837045982", "pid":"1", "tid":"cice"},
{"name":"ModelAdvance", "ph":"B", "ts":"838401899", "pid":"1", "tid":"cice"},
{"name":"ModelAdvance", "ph":"E", "ts":"840792258", "pid":"1", "tid":"cice"},
{"name":"ModelAdvance", "ph":"B", "ts":"842119110", "pid":"1", "tid":"cice"},
{"name":"ModelAdvance", "ph":"E", "ts":"844502161", "pid":"1", "tid":"cice"},
{"name":"ModelAdvance", "ph":"B", "ts":"845821680", "pid":"1", "tid":"cice"},
{"name":"ModelAdvance", "ph":"E", "ts":"848225191", "pid":"1", "tid":"cice"},
{"name":"ModelAdvance", "ph":"B", "ts":"854559612", "pid":"1", "tid":"cice"},
{"name":"ModelAdvance", "ph":"E", "ts":"856943097", "pid":"1", "tid":"cice"},
{"name":"ModelAdvance", "ph":"B", "ts":"858281108", "pid":"1", "tid":"cice"},
{"name":"ModelAdvance", "ph":"E", "ts":"860657598", "pid":"1", "tid":"cice"},
{"name":"ModelAdvance", "ph":"B", "ts":"862004826", "pid":"1", "tid":"cice"},
{"name":"ModelAdvance", "ph":"E", "ts":"864390070", "pid":"1", "tid":"cice"},
{"name":"ModelAdvance", "ph":"B", "ts":"865734811", "pid":"1", "tid":"cice"},
{"name":"ModelAdvance", "ph":"E", "ts":"868131965", "pid":"1", "tid":"cice"},
{"name":"ModelAdvance", "ph":"B", "ts":"869486728", "pid":"1", "tid":"cice"},
{"name":"ModelAdvance", "ph":"E", "ts":"871868343", "pid":"1", "tid":"cice"},
{"name":"ModelAdvance", "ph":"B", "ts":"873214102", "pid":"1", "tid":"cice"},
{"name":"ModelAdvance", "ph":"E", "ts":"875610731", "pid":"1", "tid":"cice"},
{"name":"ModelAdvance", "ph":"B", "ts":"876947667", "pid":"1", "tid":"cice"},
{"name":"ModelAdvance", "ph":"E", "ts":"879341955", "pid":"1", "tid":"cice"},
{"name":"ModelAdvance", "ph":"B", "ts":"880658763", "pid":"1", "tid":"cice"},
{"name":"ModelAdvance", "ph":"E", "ts":"883076479", "pid":"1", "tid":"cice"},
{"name":"ModelAdvance", "ph":"B", "ts":"884378840", "pid":"1", "tid":"cice"},
{"name":"ModelAdvance", "ph":"E", "ts":"886779674", "pid":"1", "tid":"cice"},
{"name":"ModelAdvance", "ph":"B", "ts":"888098190", "pid":"1", "tid":"cice"},
{"name":"ModelAdvance", "ph":"E", "ts":"890491739", "pid":"1", "tid":"cice"},
{"name":"ModelAdvance", "ph":"B", "ts":"891809726", "pid":"1", "tid":"cice"},
{"name":"ModelAdvance", "ph":"E", "ts":"896345250", "pid":"1", "tid":"cice"},
{"name":"ModelAdvance", "ph":"B", "ts":"897375318", "pid":"1", "tid":"cice"},
{"name":"ModelAdvance", "ph":"E", "ts":"899776477", "pid":"1", "tid":"cice"},
{"name":"ModelAdvance", "ph":"B", "ts":"906185165", "pid":"1", "tid":"cice"},
{"name":"ModelAdvance", "ph":"E", "ts":"908550686", "pid":"1", "tid":"cice"},
{"name":"ModelAdvance", "ph":"B", "ts":"909865673", "pid":"1", "tid":"cice"},
{"name":"ModelAdvance", "ph":"E", "ts":"912240329", "pid":"1", "tid":"cice"},
{"name":"ModelAdvance", "ph":"B", "ts":"913572192", "pid":"1", "tid":"cice"},
{"name":"ModelAdvance", "ph":"E", "ts":"915950751", "pid":"1", "tid":"cice"},
{"name":"ModelAdvance", "ph":"B", "ts":"917258585", "pid":"1", "tid":"cice"},
{"name":"ModelAdvance", "ph":"E", "ts":"919653653", "pid":"1", "tid":"cice"},
{"name":"ModelAdvance", "ph":"B", "ts":"920995939", "pid":"1", "tid":"cice"},
{"name":"ModelAdvance", "ph":"E", "ts":"923388883", "pid":"1", "tid":"cice"},
{"name":"ModelAdvance", "ph":"B", "ts":"924708426", "pid":"1", "tid":"cice"},
{"name":"ModelAdvance", "ph":"E", "ts":"927101577", "pid":"1", "tid":"cice"},
{"name":"ModelAdvance", "ph":"B", "ts":"928402852", "pid":"1", "tid":"cice"},
{"name":"ModelAdvance", "ph":"E", "ts":"930772028", "pid":"1", "tid":"cice"},
{"name":"ModelAdvance", "ph":"B", "ts":"932075382", "pid":"1", "tid":"cice"},
{"name":"ModelAdvance", "ph":"E", "ts":"934472679", "pid":"1", "tid":"cice"},
{"name":"ModelAdvance", "ph":"B", "ts":"935770356", "pid":"1", "tid":"cice"},
{"name":"ModelAdvance", "ph":"E", "ts":"938179292", "pid":"1", "tid":"cice"},
{"name":"ModelAdvance", "ph":"B", "ts":"939477541", "pid":"1", "tid":"cice"},
{"name":"ModelAdvance", "ph":"E", "ts":"941856157", "pid":"1", "tid":"cice"},
{"name":"ModelAdvance", "ph":"B", "ts":"943184401", "pid":"1", "tid":"cice"},
{"name":"ModelAdvance", "ph":"E", "ts":"945559483", "pid":"1", "tid":"cice"},
{"name":"ModelAdvance", "ph":"B", "ts":"946879565", "pid":"1", "tid":"cice"},
{"name":"ModelAdvance", "ph":"E", "ts":"949281074", "pid":"1", "tid":"cice"},
{"name":"ModelAdvance", "ph":"B", "ts":"955598824", "pid":"1", "tid":"cice"},
{"name":"ModelAdvance", "ph":"E", "ts":"957948389", "pid":"1", "tid":"cice"},
{"name":"ModelAdvance", "ph":"B", "ts":"959274202", "pid":"1", "tid":"cice"},
{"name":"ModelAdvance", "ph":"E", "ts":"961631309", "pid":"1", "tid":"cice"},
{"name":"ModelAdvance", "ph":"B", "ts":"962982805", "pid":"1", "tid":"cice"},
{"name":"ModelAdvance", "ph":"E", "ts":"965355103", "pid":"1", "tid":"cice"},
{"name":"ModelAdvance", "ph":"B", "ts":"966701950", "pid":"1", "tid":"cice"},
{"name":"ModelAdvance", "ph":"E", "ts":"969096966", "pid":"1", "tid":"cice"},
{"name":"ModelAdvance", "ph":"B", "ts":"970452398", "pid":"1", "tid":"cice"},
{"name":"ModelAdvance", "ph":"E", "ts":"972828646", "pid":"1", "tid":"cice"},
{"name":"ModelAdvance", "ph":"B", "ts":"974141850", "pid":"1", "tid":"cice"},
{"name":"ModelAdvance", "ph":"E", "ts":"976523057", "pid":"1", "tid":"cice"},
{"name":"ModelAdvance", "ph":"B", "ts":"977855181", "pid":"1", "tid":"cice"},
{"name":"ModelAdvance", "ph":"E", "ts":"980231314", "pid":"1", "tid":"cice"},
{"name":"ModelAdvance", "ph":"B", "ts":"981545488", "pid":"1", "tid":"cice"},
{"name":"ModelAdvance", "ph":"E", "ts":"983921107", "pid":"1", "tid":"cice"},
{"name":"ModelAdvance", "ph":"B", "ts":"985205137", "pid":"1", "tid":"cice"},
{"name":"ModelAdvance", "ph":"E", "ts":"987617458", "pid":"1", "tid":"cice"},
{"name":"ModelAdvance", "ph":"B", "ts":"988979598", "pid":"1", "tid":"cice"},
{"name":"ModelAdvance", "ph":"E", "ts":"991363657", "pid":"1", "tid":"cice"},
{"name":"ModelAdvance", "ph":"B", "ts":"992664244", "pid":"1", "tid":"cice"},
{"name":"ModelAdvance", "ph":"E", "ts":"995041924", "pid":"1", "tid":"cice"},
{"name":"ModelAdvance", "ph":"B", "ts":"996365499", "pid":"1", "tid":"cice"},
{"name":"ModelAdvance", "ph":"E", "ts":"998734712", "pid":"1", "tid":"cice"},
{"name":"ModelAdvance", "ph":"B", "ts":"1005089218", "pid":"1", "tid":"cice"},
{"name":"ModelAdvance", "ph":"E", "ts":"1007439513", "pid":"1", "tid":"cice"},
{"name":"ModelAdvance", "ph":"B", "ts":"1008748893", "pid":"1", "tid":"cice"},
{"name":"ModelAdvance", "ph":"E", "ts":"1011092540", "pid":"1", "tid":"cice"},
{"name":"ModelAdvance", "ph":"B", "ts":"1012402975", "pid":"1", "tid":"cice"},
{"name":"ModelAdvance", "ph":"E", "ts":"1014780844", "pid":"1", "tid":"cice"},
{"name":"ModelAdvance", "ph":"B", "ts":"1016068703", "pid":"1", "tid":"cice"},
{"name":"ModelAdvance", "ph":"E", "ts":"1018437495", "pid":"1", "tid":"cice"},
{"name":"ModelAdvance", "ph":"B", "ts":"1019780225", "pid":"1", "tid":"cice"},
{"name":"ModelAdvance", "ph":"E", "ts":"1022182473", "pid":"1", "tid":"cice"},
{"name":"ModelAdvance", "ph":"B", "ts":"1023496701", "pid":"1", "tid":"cice"},
{"name":"ModelAdvance", "ph":"E", "ts":"1025867807", "pid":"1", "tid":"cice"},
{"name":"ModelAdvance", "ph":"B", "ts":"1027169155", "pid":"1", "tid":"cice"},
{"name":"ModelAdvance", "ph":"E", "ts":"1029525137", "pid":"1", "tid":"cice"},
{"name":"ModelAdvance", "ph":"B", "ts":"1030809498", "pid":"1", "tid":"cice"},
{"name":"ModelAdvance", "ph":"E", "ts":"1033169850", "pid":"1", "tid":"cice"},
{"name":"ModelAdvance", "ph":"B", "ts":"1034444865", "pid":"1", "tid":"cice"},
{"name":"ModelAdvance", "ph":"E", "ts":"1036798810", "pid":"1", "tid":"cice"},
{"name":"ModelAdvance", "ph":"B", "ts":"1038092998", "pid":"1", "tid":"cice"},
{"name":"ModelAdvance", "ph":"E", "ts":"1040446419", "pid":"1", "tid":"cice"},
{"name":"ModelAdvance", "ph":"B", "ts":"1041708813", "pid":"1", "tid":"cice"},
{"name":"ModelAdvance", "ph":"E", "ts":"1048463667", "pid":"1", "tid":"cice"},
{"name":"ModelAdvance", "ph":"B", "ts":"1057056760", "pid":"1", "tid":"cice"},
{"name":"ModelAdvance", "ph":"E", "ts":"1059457341", "pid":"1", "tid":"cice"},
{"name":"ModelAdvance", "ph":"B", "ts":"1065760889", "pid":"1", "tid":"cice"},
{"name":"ModelAdvance", "ph":"E", "ts":"1068104002", "pid":"1", "tid":"cice"},
{"name":"ModelAdvance", "ph":"B", "ts":"1069290023", "pid":"1", "tid":"cice"},
{"name":"ModelAdvance", "ph":"E", "ts":"1071650318", "pid":"1", "tid":"cice"},
{"name":"ModelAdvance", "ph":"B", "ts":"1072909415", "pid":"1", "tid":"cice"},
{"name":"ModelAdvance", "ph":"E", "ts":"1075268895", "pid":"1", "tid":"cice"},
{"name":"ModelAdvance", "ph":"B", "ts":"1076435575", "pid":"1", "tid":"cice"},
{"name":"ModelAdvance", "ph":"E", "ts":"1078837499", "pid":"1", "tid":"cice"},
{"name":"ModelAdvance", "ph":"B", "ts":"1079982208", "pid":"1", "tid":"cice"},
{"name":"ModelAdvance", "ph":"E", "ts":"1082365504", "pid":"1", "tid":"cice"},
{"name":"ModelAdvance", "ph":"B", "ts":"1083565962", "pid":"1", "tid":"cice"},
{"name":"ModelAdvance", "ph":"E", "ts":"1085950626", "pid":"1", "tid":"cice"},
{"name":"ModelAdvance", "ph":"B", "ts":"1087112569", "pid":"1", "tid":"cice"},
{"name":"ModelAdvance", "ph":"E", "ts":"1089476362", "pid":"1", "tid":"cice"},
{"name":"ModelAdvance", "ph":"B", "ts":"1090663122", "pid":"1", "tid":"cice"},
{"name":"ModelAdvance", "ph":"E", "ts":"1093030435", "pid":"1", "tid":"cice"},
{"name":"ModelAdvance", "ph":"B", "ts":"1094203447", "pid":"1", "tid":"cice"},
{"name":"ModelAdvance", "ph":"E", "ts":"1096583444", "pid":"1", "tid":"cice"},
{"name":"ModelAdvance", "ph":"B", "ts":"1097820813", "pid":"1", "tid":"cice"},
{"name":"ModelAdvance", "ph":"E", "ts":"1100178558", "pid":"1", "tid":"cice"},
{"name":"ModelAdvance", "ph":"B", "ts":"1101391463", "pid":"1", "tid":"cice"},
{"name":"ModelAdvance", "ph":"E", "ts":"1103748158", "pid":"1", "tid":"cice"},
{"name":"ModelAdvance", "ph":"B", "ts":"1105352190", "pid":"1", "tid":"cice"},
{"name":"ModelAdvance", "ph":"E", "ts":"1107763782", "pid":"1", "tid":"cice"},
{"name":"ModelAdvance", "ph":"B", "ts":"1113970394", "pid":"1", "tid":"cice"},
{"name":"ModelAdvance", "ph":"E", "ts":"1116308415", "pid":"1", "tid":"cice"},
{"name":"ModelAdvance", "ph":"B", "ts":"1117547826", "pid":"1", "tid":"cice"},
{"name":"ModelAdvance", "ph":"E", "ts":"1119890610", "pid":"1", "tid":"cice"},
{"name":"ModelAdvance", "ph":"B", "ts":"1121100154", "pid":"1", "tid":"cice"},
{"name":"ModelAdvance", "ph":"E", "ts":"1123444976", "pid":"1", "tid":"cice"},
{"name":"ModelAdvance", "ph":"B", "ts":"1124643353", "pid":"1", "tid":"cice"},
{"name":"ModelAdvance", "ph":"E", "ts":"1127014128", "pid":"1", "tid":"cice"},
{"name":"ModelAdvance", "ph":"B", "ts":"1128281557", "pid":"1", "tid":"cice"},
{"name":"ModelAdvance", "ph":"E", "ts":"1130646586", "pid":"1", "tid":"cice"},
{"name":"ModelAdvance", "ph":"B", "ts":"1131891577", "pid":"1", "tid":"cice"},
{"name":"ModelAdvance", "ph":"E", "ts":"1134254795", "pid":"1", "tid":"cice"},
{"name":"ModelAdvance", "ph":"B", "ts":"1135446267", "pid":"1", "tid":"cice"},
{"name":"ModelAdvance", "ph":"E", "ts":"1137790460", "pid":"1", "tid":"cice"},
{"name":"ModelAdvance", "ph":"B", "ts":"1139018293", "pid":"1", "tid":"cice"},
{"name":"ModelAdvance", "ph":"E", "ts":"1141374443", "pid":"1", "tid":"cice"},
{"name":"ModelAdvance", "ph":"B", "ts":"1142612609", "pid":"1", "tid":"cice"},
{"name":"ModelAdvance", "ph":"E", "ts":"1144960521", "pid":"1", "tid":"cice"},
{"name":"ModelAdvance", "ph":"B", "ts":"1146177704", "pid":"1", "tid":"cice"},
{"name":"ModelAdvance", "ph":"E", "ts":"1148538861", "pid":"1", "tid":"cice"},
{"name":"ModelAdvance", "ph":"B", "ts":"1149780985", "pid":"1", "tid":"cice"},
{"name":"ModelAdvance", "ph":"E", "ts":"1152117445", "pid":"1", "tid":"cice"},
{"name":"ModelAdvance", "ph":"B", "ts":"1153774736", "pid":"1", "tid":"cice"},
{"name":"ModelAdvance", "ph":"E", "ts":"1156197358", "pid":"1", "tid":"cice"},
{"name":"ModelAdvance", "ph":"B", "ts":"1162353531", "pid":"1", "tid":"cice"},
{"name":"ModelAdvance", "ph":"E", "ts":"1164699590", "pid":"1", "tid":"cice"},
{"name":"ModelAdvance", "ph":"B", "ts":"1165978868", "pid":"1", "tid":"cice"},
{"name":"ModelAdvance", "ph":"E", "ts":"1168316591", "pid":"1", "tid":"cice"},
{"name":"ModelAdvance", "ph":"B", "ts":"1169569185", "pid":"1", "tid":"cice"},
{"name":"ModelAdvance", "ph":"E", "ts":"1171887522", "pid":"1", "tid":"cice"},
{"name":"ModelAdvance", "ph":"B", "ts":"1173206331", "pid":"1", "tid":"cice"},
{"name":"ModelAdvance", "ph":"E", "ts":"1175541556", "pid":"1", "tid":"cice"},
{"name":"ModelAdvance", "ph":"B", "ts":"1176795523", "pid":"1", "tid":"cice"},
{"name":"ModelAdvance", "ph":"E", "ts":"1179130581", "pid":"1", "tid":"cice"},
{"name":"ModelAdvance", "ph":"B", "ts":"1180398026", "pid":"1", "tid":"cice"},
{"name":"ModelAdvance", "ph":"E", "ts":"1182745815", "pid":"1", "tid":"cice"},
{"name":"ModelAdvance", "ph":"B", "ts":"1184068688", "pid":"1", "tid":"cice"},
{"name":"ModelAdvance", "ph":"E", "ts":"1186401070", "pid":"1", "tid":"cice"},
{"name":"ModelAdvance", "ph":"B", "ts":"1187662376", "pid":"1", "tid":"cice"},
{"name":"ModelAdvance", "ph":"E", "ts":"1190007846", "pid":"1", "tid":"cice"},
{"name":"ModelAdvance", "ph":"B", "ts":"1191225928", "pid":"1", "tid":"cice"},
{"name":"ModelAdvance", "ph":"E", "ts":"1193557492", "pid":"1", "tid":"cice"},
{"name":"ModelAdvance", "ph":"B", "ts":"1194834231", "pid":"1", "tid":"cice"},
{"name":"ModelAdvance", "ph":"E", "ts":"1197156031", "pid":"1", "tid":"cice"},
{"name":"ModelAdvance", "ph":"B", "ts":"1198442631", "pid":"1", "tid":"cice"},
{"name":"ModelAdvance", "ph":"E", "ts":"1205103967", "pid":"1", "tid":"cice"},
{"name":"ModelAdvance", "ph":"B", "ts":"1210862623", "pid":"1", "tid":"cice"},
{"name":"ModelAdvance", "ph":"E", "ts":"1213222452", "pid":"1", "tid":"cice"},
{"name":"ModelAdvance", "ph":"B", "ts":"1219254493", "pid":"1", "tid":"cice"},
{"name":"ModelAdvance", "ph":"E", "ts":"1221608874", "pid":"1", "tid":"cice"},
{"name":"ModelAdvance", "ph":"B", "ts":"1222888705", "pid":"1", "tid":"cice"},
{"name":"ModelAdvance", "ph":"E", "ts":"1225211801", "pid":"1", "tid":"cice"},
{"name":"ModelAdvance", "ph":"B", "ts":"1226473381", "pid":"1", "tid":"cice"},
{"name":"ModelAdvance", "ph":"E", "ts":"1228785662", "pid":"1", "tid":"cice"},
{"name":"ModelAdvance", "ph":"B", "ts":"1230058840", "pid":"1", "tid":"cice"},
{"name":"ModelAdvance", "ph":"E", "ts":"1232409828", "pid":"1", "tid":"cice"},
{"name":"ModelAdvance", "ph":"B", "ts":"1233646736", "pid":"1", "tid":"cice"},
{"name":"ModelAdvance", "ph":"E", "ts":"1236020057", "pid":"1", "tid":"cice"},
{"name":"ModelAdvance", "ph":"B", "ts":"1237244676", "pid":"1", "tid":"cice"},
{"name":"ModelAdvance", "ph":"E", "ts":"1239598827", "pid":"1", "tid":"cice"},
{"name":"ModelAdvance", "ph":"B", "ts":"1240884917", "pid":"1", "tid":"cice"},
{"name":"ModelAdvance", "ph":"E", "ts":"1243234672", "pid":"1", "tid":"cice"},
{"name":"ModelAdvance", "ph":"B", "ts":"1244470562", "pid":"1", "tid":"cice"},
{"name":"ModelAdvance", "ph":"E", "ts":"1246804256", "pid":"1", "tid":"cice"},
{"name":"ModelAdvance", "ph":"B", "ts":"1248064480", "pid":"1", "tid":"cice"},
{"name":"ModelAdvance", "ph":"E", "ts":"1250407839", "pid":"1", "tid":"cice"},
{"name":"ModelAdvance", "ph":"B", "ts":"1251658113", "pid":"1", "tid":"cice"},
{"name":"ModelAdvance", "ph":"E", "ts":"1253996320", "pid":"1", "tid":"cice"},
{"name":"ModelAdvance", "ph":"B", "ts":"1255250563", "pid":"1", "tid":"cice"},
{"name":"ModelAdvance", "ph":"E", "ts":"1257591004", "pid":"1", "tid":"cice"},
{"name":"ModelAdvance", "ph":"B", "ts":"1259288776", "pid":"1", "tid":"cice"},
{"name":"ModelAdvance", "ph":"E", "ts":"1261682003", "pid":"1", "tid":"cice"},
{"name":"ModelAdvance", "ph":"B", "ts":"1267762772", "pid":"1", "tid":"cice"},
{"name":"ModelAdvance", "ph":"E", "ts":"1270052375", "pid":"1", "tid":"cice"},
{"name":"ModelAdvance", "ph":"B", "ts":"1271363201", "pid":"1", "tid":"cice"},
{"name":"ModelAdvance", "ph":"E", "ts":"1273652757", "pid":"1", "tid":"cice"},
{"name":"ModelAdvance", "ph":"B", "ts":"1274991106", "pid":"1", "tid":"cice"},
{"name":"ModelAdvance", "ph":"E", "ts":"1277306100", "pid":"1", "tid":"cice"},
{"name":"ModelAdvance", "ph":"B", "ts":"1278577365", "pid":"1", "tid":"cice"},
{"name":"ModelAdvance", "ph":"E", "ts":"1280891494", "pid":"1", "tid":"cice"},
{"name":"ModelAdvance", "ph":"B", "ts":"1282229904", "pid":"1", "tid":"cice"},
{"name":"ModelAdvance", "ph":"E", "ts":"1284558576", "pid":"1", "tid":"cice"},
{"name":"ModelAdvance", "ph":"B", "ts":"1285899202", "pid":"1", "tid":"cice"},
{"name":"ModelAdvance", "ph":"E", "ts":"1288256308", "pid":"1", "tid":"cice"},
{"name":"ModelAdvance", "ph":"B", "ts":"1289507719", "pid":"1", "tid":"cice"},
{"name":"ModelAdvance", "ph":"E", "ts":"1291824055", "pid":"1", "tid":"cice"},
{"name":"ModelAdvance", "ph":"B", "ts":"1293101624", "pid":"1", "tid":"cice"},
{"name":"ModelAdvance", "ph":"E", "ts":"1295442553", "pid":"1", "tid":"cice"},
{"name":"ModelAdvance", "ph":"B", "ts":"1296701510", "pid":"1", "tid":"cice"},
{"name":"ModelAdvance", "ph":"E", "ts":"1299063672", "pid":"1", "tid":"cice"},
{"name":"ModelAdvance", "ph":"B", "ts":"1300301880", "pid":"1", "tid":"cice"},
{"name":"ModelAdvance", "ph":"E", "ts":"1302646432", "pid":"1", "tid":"cice"},
{"name":"ModelAdvance", "ph":"B", "ts":"1303921181", "pid":"1", "tid":"cice"},
{"name":"ModelAdvance", "ph":"E", "ts":"1306248390", "pid":"1", "tid":"cice"},
{"name":"ModelAdvance", "ph":"B", "ts":"1307977963", "pid":"1", "tid":"cice"},
{"name":"ModelAdvance", "ph":"E", "ts":"1310391458", "pid":"1", "tid":"cice"},
{"name":"ModelAdvance", "ph":"B", "ts":"1316450458", "pid":"1", "tid":"cice"},
{"name":"ModelAdvance", "ph":"E", "ts":"1318776673", "pid":"1", "tid":"cice"},
{"name":"ModelAdvance", "ph":"B", "ts":"1320053994", "pid":"1", "tid":"cice"},
{"name":"ModelAdvance", "ph":"E", "ts":"1322385393", "pid":"1", "tid":"cice"},
{"name":"ModelAdvance", "ph":"B", "ts":"1323657673", "pid":"1", "tid":"cice"},
{"name":"ModelAdvance", "ph":"E", "ts":"1326006772", "pid":"1", "tid":"cice"},
{"name":"ModelAdvance", "ph":"B", "ts":"1327287037", "pid":"1", "tid":"cice"},
{"name":"ModelAdvance", "ph":"E", "ts":"1329641311", "pid":"1", "tid":"cice"},
{"name":"ModelAdvance", "ph":"B", "ts":"1330910538", "pid":"1", "tid":"cice"},
{"name":"ModelAdvance", "ph":"E", "ts":"1333270167", "pid":"1", "tid":"cice"},
{"name":"ModelAdvance", "ph":"B", "ts":"1334540251", "pid":"1", "tid":"cice"},
{"name":"ModelAdvance", "ph":"E", "ts":"1336924282", "pid":"1", "tid":"cice"},
{"name":"ModelAdvance", "ph":"B", "ts":"1338195771", "pid":"1", "tid":"cice"},
{"name":"ModelAdvance", "ph":"E", "ts":"1340570209", "pid":"1", "tid":"cice"},
{"name":"ModelAdvance", "ph":"B", "ts":"1341832125", "pid":"1", "tid":"cice"},
{"name":"ModelAdvance", "ph":"E", "ts":"1344196347", "pid":"1", "tid":"cice"},
{"name":"ModelAdvance", "ph":"B", "ts":"1345458275", "pid":"1", "tid":"cice"},
{"name":"ModelAdvance", "ph":"E", "ts":"1347811339", "pid":"1", "tid":"cice"},
{"name":"ModelAdvance", "ph":"B", "ts":"1349063297", "pid":"1", "tid":"cice"},
{"name":"ModelAdvance", "ph":"E", "ts":"1351420264", "pid":"1", "tid":"cice"},
{"name":"ModelAdvance", "ph":"B", "ts":"1352714776", "pid":"1", "tid":"cice"},
{"name":"ModelAdvance", "ph":"E", "ts":"1359331112", "pid":"1", "tid":"cice"},
{"name":"ModelFinalize", "ph":"B", "ts":"1359334466", "pid":"1", "tid":"cice"},
{"name":"ModelFinalize", "ph":"E", "ts":"1359334521", "pid":"1", "tid":"cice"},
