{"name":"SetServices", "ph":"B", "ts":"627510607", "pid":"1", "tid":"mom"},
{"name":"SetServices", "ph":"E", "ts":"627535704", "pid":"1", "tid":"mom"},
{"name":"InitializeP0", "ph":"B", "ts":"627541929", "pid":"1", "tid":"mom"},
{"name":"InitializeP0", "ph":"E", "ts":"627544522", "pid":"1", "tid":"mom"},
{"name":"InitializeAdvertise", "ph":"B", "ts":"627663604", "pid":"1", "tid":"mom"},
{"name":"InitializeAdvertise", "ph":"E", "ts":"677458934", "pid":"1", "tid":"mom"},
{"name":"InitializeRealize", "ph":"B", "ts":"678061371", "pid":"1", "tid":"mom"},
{"name":"InitializeRealize", "ph":"E", "ts":"680144312", "pid":"1", "tid":"mom"},
{"name":"DataInitialize", "ph":"B", "ts":"699701088", "pid":"1", "tid":"mom"},
{"name":"DataInitialize", "ph":"E", "ts":"699702652", "pid":"1", "tid":"mom"},
{"name":"ModelSetRunClock", "ph":"B", "ts":"727961730", "pid":"1", "tid":"mom"},
{"name":"ModelSetRunClock", "ph":"E", "ts":"727971067", "pid":"1", "tid":"mom"},
{"name":"ModelAdvance", "ph":"B", "ts":"727971237", "pid":"1", "tid":"mom"},
{"name":"ModelAdvance", "ph":"E", "ts":"737401679", "pid":"1", "tid":"mom"},
{"name":"ModelSetRunClock", "ph":"B", "ts":"773927456", "pid":"1", "tid":"mom"},
{"name":"ModelSetRunClock", "ph":"E", "ts":"773927629", "pid":"1", "tid":"mom"},
{"name":"ModelAdvance", "ph":"B", "ts":"773927782", "pid":"1", "tid":"mom"},
{"name":"ModelAdvance", "ph":"E", "ts":"782707573", "pid":"1", "tid":"mom"},
{"name":"ModelSetRunClock", "ph":"B", "ts":"796178382", "pid":"1", "tid":"mom"},
{"name":"ModelSetRunClock", "ph":"E", "ts":"796178609", "pid":"1", "tid":"mom"},
{"name":"ModelAdvance", "ph":"B", "ts":"796178843", "pid":"1", "tid":"mom"},
{"name":"ModelAdvance", "ph":"E", "ts":"812570327", "pid":"1", "tid":"mom"},
{"name":"ModelSetRunClock", "ph":"B", "ts":"823480307", "pid":"1", "tid":"mom"},
{"name":"ModelSetRunClock", "ph":"E", "ts":"823480566", "pid":"1", "tid":"mom"},
{"name":"ModelAdvance", "ph":"B", "ts":"823480799", "pid":"1", "tid":"mom"},
{"name":"ModelAdvance", "ph":"E", "ts":"832286908", "pid":"1", "tid":"mom"},
{"name":"ModelSetRunClock", "ph":"B", "ts":"845776530", "pid":"1", "tid":"mom"},
{"name":"ModelSetRunClock", "ph":"E", "ts":"845776611", "pid":"1", "tid":"mom"},
{"name":"ModelAdvance", "ph":"B", "ts":"845776800", "pid":"1", "tid":"mom"},
{"name":"ModelAdvance", "ph":"E", "ts":"862227559", "pid":"1", "tid":"mom"},
{"name":"ModelSetRunClock", "ph":"B", "ts":"873147999", "pid":"1", "tid":"mom"},
{"name":"ModelSetRunClock", "ph":"E", "ts":"873148073", "pid":"1", "tid":"mom"},
{"name":"ModelAdvance", "ph":"B", "ts":"873148241", "pid":"1", "tid":"mom"},
{"name":"ModelAdvance", "ph":"E", "ts":"882112444", "pid":"1", "tid":"mom"},
{"name":"ModelSetRunClock", "ph":"B", "ts":"897330440", "pid":"1", "tid":"mom"},
{"name":"ModelSetRunClock", "ph":"E", "ts":"897330696", "pid":"1", "tid":"mom"},
{"name":"ModelAdvance", "ph":"B", "ts":"897330875", "pid":"1", "tid":"mom"},
{"name":"ModelAdvance", "ph":"E", "ts":"913783424", "pid":"1", "tid":"mom"},
{"name":"ModelSetRunClock", "ph":"B", "ts":"924642557", "pid":"1", "tid":"mom"},
{"name":"ModelSetRunClock", "ph":"E", "ts":"924642640", "pid":"1", "tid":"mom"},
{"name":"ModelAdvance", "ph":"B", "ts":"924642830", "pid":"1", "tid":"mom"},
{"name":"ModelAdvance", "ph":"E", "ts":"933494555", "pid":"1", "tid":"mom"},
{"name":"ModelSetRunClock", "ph":"B", "ts":"946820636", "pid":"1", "tid":"mom"},
{"name":"ModelSetRunClock", "ph":"E", "ts":"946820890", "pid":"1", "tid":"mom"},
{"name":"ModelAdvance", "ph":"B", "ts":"946821097", "pid":"1", "tid":"mom"},
{"name":"ModelAdvance", "ph":"E", "ts":"962937323", "pid":"1", "tid":"mom"},
{"name":"ModelSetRunClock", "ph":"B", "ts":"974084371", "pid":"1", "tid":"mom"},
{"name":"ModelSetRunClock", "ph":"E", "ts":"974084441", "pid":"1", "tid":"mom"},
{"name":"ModelAdvance", "ph":"B", "ts":"974084629", "pid":"1", "tid":"mom"},
{"name":"ModelAdvance", "ph":"E", "ts":"982940247", "pid":"1", "tid":"mom"},
{"name":"ModelSetRunClock", "ph":"B", "ts":"996299682", "pid":"1", "tid":"mom"},
{"name":"ModelSetRunClock", "ph":"E", "ts":"996299752", "pid":"1", "tid":"mom"},
{"name":"ModelAdvance", "ph":"B", "ts":"996300086", "pid":"1", "tid":"mom"},
{"name":"ModelAdvance", "ph":"E", "ts":"1012560550", "pid":"1", "tid":"mom"},
{"name":"ModelSetRunClock", "ph":"B", "ts":"1023438653", "pid":"1", "tid":"mom"},
{"name":"ModelSetRunClock", "ph":"E", "ts":"1023438755", "pid":"1", "tid":"mom"},
{"name":"ModelAdvance", "ph":"B", "ts":"1023438938", "pid":"1", "tid":"mom"},
{"name":"ModelAdvance", "ph":"E", "ts":"1049773559", "pid":"1", "tid":"mom"},
{"name":"ModelSetRunClock", "ph":"B", "ts":"1057013319", "pid":"1", "tid":"mom"},
{"name":"ModelSetRunClock", "ph":"E", "ts":"1057013372", "pid":"1", "tid":"mom"},
{"name":"ModelAdvance", "ph":"B", "ts":"1057013495", "pid":"1", "tid":"mom"},
{"name":"ModelAdvance", "ph":"E", "ts":"1073519317", "pid":"1", "tid":"mom"},
{"name":"ModelSetRunClock", "ph":"B", "ts":"1083501059", "pid":"1", "tid":"mom"},
{"name":"ModelSetRunClock", "ph":"E", "ts":"1083501131", "pid":"1", "tid":"mom"},
{"name":"ModelAdvance", "ph":"B", "ts":"1083501279", "pid":"1", "tid":"mom"},
{"name":"ModelAdvance", "ph":"E", "ts":"1092039937", "pid":"1", "tid":"mom"},
{"name":"ModelSetRunClock", "ph":"B", "ts":"1105272022", "pid":"1", "tid":"mom"},
{"name":"ModelSetRunClock", "ph":"E", "ts":"1105272319", "pid":"1", "tid":"mom"},
{"name":"ModelAdvance", "ph":"B", "ts":"1105272584", "pid":"1", "tid":"mom"},
{"name":"ModelAdvance", "ph":"E", "ts":"1121932587", "pid":"1", "tid":"mom"},
{"name":"ModelSetRunClock", "ph":"B", "ts":"1131823468", "pid":"1", "tid":"mom"},
{"name":"ModelSetRunClock", "ph":"E", "ts":"1131823861", "pid":"1", "tid":"mom"},
{"name":"ModelAdvance", "ph":"B", "ts":"1131824079", "pid":"1", "tid":"mom"},
{"name":"ModelAdvance", "ph":"E", "ts":"1140341661", "pid":"1", "tid":"mom"},
{"name":"ModelSetRunClock", "ph":"B", "ts":"1153698533", "pid":"1", "tid":"mom"},
{"name":"ModelSetRunClock", "ph":"E", "ts":"1153698588", "pid":"1", "tid":"mom"},
{"name":"ModelAdvance", "ph":"B", "ts":"1153698720", "pid":"1", "tid":"mom"},
{"name":"ModelAdvance", "ph":"E", "ts":"1170617595", "pid":"1", "tid":"mom"},
{"name":"ModelSetRunClock", "ph":"B", "ts":"1180330408", "pid":"1", "tid":"mom"},
{"name":"ModelSetRunClock", "ph":"E", "ts":"1180330513", "pid":"1", "tid":"mom"},
{"name":"ModelAdvance", "ph":"B", "ts":"1180330725", "pid":"1", "tid":"mom"},
{"name":"ModelAdvance", "ph":"E", "ts":"1208924757", "pid":"1", "tid":"mom"},
{"name":"ModelSetRunClock", "ph":"B", "ts":"1210831096", "pid":"1", "tid":"mom"},
{"name":"ModelSetRunClock", "ph":"E", "ts":"1210831151", "pid":"1", "tid":"mom"},
{"name":"ModelAdvance", "ph":"B", "ts":"1210831280", "pid":"1", "tid":"mom"},
{"name":"ModelAdvance", "ph":"E", "ts":"1227812614", "pid":"1", "tid":"mom"},
{"name":"ModelSetRunClock", "ph":"B", "ts":"1237201755", "pid":"1", "tid":"mom"},
{"name":"ModelSetRunClock", "ph":"E", "ts":"1237201845", "pid":"1", "tid":"mom"},
{"name":"ModelAdvance", "ph":"B", "ts":"1237202020", "pid":"1", "tid":"mom"},
{"name":"ModelAdvance", "ph":"E", "ts":"1245655377", "pid":"1", "tid":"mom"},
{"name":"ModelSetRunClock", "ph":"B", "ts":"1259192484", "pid":"1", "tid":"mom"},
{"name":"ModelSetRunClock", "ph":"E", "ts":"1259192680", "pid":"1", "tid":"mom"},
{"name":"ModelAdvance", "ph":"B", "ts":"1259192841", "pid":"1", "tid":"mom"},
{"name":"ModelAdvance", "ph":"E", "ts":"1275896718", "pid":"1", "tid":"mom"},
{"name":"ModelSetRunClock", "ph":"B", "ts":"1285853900", "pid":"1", "tid":"mom"},
{"name":"ModelSetRunClock", "ph":"E", "ts":"1285854116", "pid":"1", "tid":"mom"},
{"name":"ModelAdvance", "ph":"B", "ts":"1285854309", "pid":"1", "tid":"mom"},
{"name":"ModelAdvance", "ph":"E", "ts":"1294367266", "pid":"1", "tid":"mom"},
{"name":"ModelSetRunClock", "ph":"B", "ts":"1307905130", "pid":"1", "tid":"mom"},
{"name":"ModelSetRunClock", "ph":"E", "ts":"1307905219", "pid":"1", "tid":"mom"},
{"name":"ModelAdvance", "ph":"B", "ts":"1307905375", "pid":"1", "tid":"mom"},
{"name":"ModelAdvance", "ph":"E", "ts":"1324573177", "pid":"1", "tid":"mom"},
{"name":"ModelSetRunClock", "ph":"B", "ts":"1334495589", "pid":"1", "tid":"mom"},
{"name":"ModelSetRunClock", "ph":"E", "ts":"1334495751", "pid":"1", "tid":"mom"},
{"name":"ModelAdvance", "ph":"B", "ts":"1334496036", "pid":"1", "tid":"mom"},
{"name":"ModelAdvance", "ph":"E", "ts":"1362721966", "pid":"1", "tid":"mom"},
{"name":"ocean_model_finalize", "ph":"B", "ts":"1362725039", "pid":"1", "tid":"mom"},
{"name":"ocean_model_finalize", "ph":"E", "ts":"1372028886", "pid":"1", "tid":"mom"},
