{"name":"SetServices", "ph":"B", "ts":"3613465699", "pid":"1", "tid":"mom"},
{"name":"SetServices", "ph":"E", "ts":"3613468674", "pid":"1", "tid":"mom"},
{"name":"InitializeP0", "ph":"B", "ts":"3614685632", "pid":"1", "tid":"mom"},
{"name":"InitializeP0", "ph":"E", "ts":"3614686190", "pid":"1", "tid":"mom"},
{"name":"InitializeAdvertise", "ph":"B", "ts":"3647974930", "pid":"1", "tid":"mom"},
{"name":"InitializeAdvertise", "ph":"E", "ts":"3705468885", "pid":"1", "tid":"mom"},
{"name":"InitializeRealize", "ph":"B", "ts":"3849741875", "pid":"1", "tid":"mom"},
{"name":"InitializeRealize", "ph":"E", "ts":"3854310531", "pid":"1", "tid":"mom"},
{"name":"DataInitialize", "ph":"B", "ts":"3889097448", "pid":"1", "tid":"mom"},
{"name":"DataInitialize", "ph":"E", "ts":"3889098552", "pid":"1", "tid":"mom"},
{"name":"ModelSetRunClock", "ph":"B", "ts":"3910581957", "pid":"1", "tid":"mom"},
{"name":"ModelSetRunClock", "ph":"E", "ts":"3910591059", "pid":"1", "tid":"mom"},
{"name":"ModelAdvance", "ph":"B", "ts":"3910591224", "pid":"1", "tid":"mom"},
{"name":"ModelAdvance", "ph":"E", "ts":"3917519320", "pid":"1", "tid":"mom"},
{"name":"ModelSetRunClock", "ph":"B", "ts":"3923140008", "pid":"1", "tid":"mom"},
{"name":"ModelSetRunClock", "ph":"E", "ts":"3923140078", "pid":"1", "tid":"mom"},
{"name":"ModelAdvance", "ph":"B", "ts":"3923140280", "pid":"1", "tid":"mom"},
{"name":"ModelAdvance", "ph":"E", "ts":"3929447615", "pid":"1", "tid":"mom"},
{"name":"ModelSetRunClock", "ph":"B", "ts":"3942735348", "pid":"1", "tid":"mom"},
{"name":"ModelSetRunClock", "ph":"E", "ts":"3942735410", "pid":"1", "tid":"mom"},
{"name":"ModelAdvance", "ph":"B", "ts":"3942735565", "pid":"1", "tid":"mom"},
{"name":"ModelAdvance", "ph":"E", "ts":"3950542090", "pid":"1", "tid":"mom"},
{"name":"ModelSetRunClock", "ph":"B", "ts":"3962541155", "pid":"1", "tid":"mom"},
{"name":"ModelSetRunClock", "ph":"E", "ts":"3962541355", "pid":"1", "tid":"mom"},
{"name":"ModelAdvance", "ph":"B", "ts":"3962541505", "pid":"1", "tid":"mom"},
{"name":"ModelAdvance", "ph":"E", "ts":"3968804627", "pid":"1", "tid":"mom"},
{"name":"ModelSetRunClock", "ph":"B", "ts":"3982894464", "pid":"1", "tid":"mom"},
{"name":"ModelSetRunClock", "ph":"E", "ts":"3982894529", "pid":"1", "tid":"mom"},
{"name":"ModelAdvance", "ph":"B", "ts":"3982894692", "pid":"1", "tid":"mom"},
{"name":"ModelAdvance", "ph":"E", "ts":"3990775344", "pid":"1", "tid":"mom"},
{"name":"ModelSetRunClock", "ph":"B", "ts":"4002335117", "pid":"1", "tid":"mom"},
{"name":"ModelSetRunClock", "ph":"E", "ts":"4002335408", "pid":"1", "tid":"mom"},
{"name":"ModelAdvance", "ph":"B", "ts":"4002335611", "pid":"1", "tid":"mom"},
{"name":"ModelAdvance", "ph":"E", "ts":"4008689969", "pid":"1", "tid":"mom"},
{"name":"ModelSetRunClock", "ph":"B", "ts":"4026513344", "pid":"1", "tid":"mom"},
{"name":"ModelSetRunClock", "ph":"E", "ts":"4026513423", "pid":"1", "tid":"mom"},
{"name":"ModelAdvance", "ph":"B", "ts":"4026513614", "pid":"1", "tid":"mom"},
{"name":"ModelAdvance", "ph":"E", "ts":"4032785596", "pid":"1", "tid":"mom"},
{"name":"ModelSetRunClock", "ph":"B", "ts":"4038208703", "pid":"1", "tid":"mom"},
{"name":"ModelSetRunClock", "ph":"E", "ts":"4038208906", "pid":"1", "tid":"mom"},
{"name":"ModelAdvance", "ph":"B", "ts":"4038209064", "pid":"1", "tid":"mom"},
{"name":"ModelAdvance", "ph":"E", "ts":"4044511130", "pid":"1", "tid":"mom"},
{"name":"ModelSetRunClock", "ph":"B", "ts":"4049629366", "pid":"1", "tid":"mom"},
{"name":"ModelSetRunClock", "ph":"E", "ts":"4049629432", "pid":"1", "tid":"mom"},
{"name":"ModelAdvance", "ph":"B", "ts":"4049629573", "pid":"1", "tid":"mom"},
{"name":"ModelAdvance", "ph":"E", "ts":"4057566888", "pid":"1", "tid":"mom"},
{"name":"ModelSetRunClock", "ph":"B", "ts":"4061772466", "pid":"1", "tid":"mom"},
{"name":"ModelSetRunClock", "ph":"E", "ts":"4061772543", "pid":"1", "tid":"mom"},
{"name":"ModelAdvance", "ph":"B", "ts":"4061772718", "pid":"1", "tid":"mom"},
{"name":"ModelAdvance", "ph":"E", "ts":"4068137060", "pid":"1", "tid":"mom"},
{"name":"ModelSetRunClock", "ph":"B", "ts":"4072451694", "pid":"1", "tid":"mom"},
{"name":"ModelSetRunClock", "ph":"E", "ts":"4072451887", "pid":"1", "tid":"mom"},
{"name":"ModelAdvance", "ph":"B", "ts":"4072452066", "pid":"1", "tid":"mom"},
{"name":"ModelAdvance", "ph":"E", "ts":"4080318587", "pid":"1", "tid":"mom"},
{"name":"ModelSetRunClock", "ph":"B", "ts":"4083614260", "pid":"1", "tid":"mom"},
{"name":"ModelSetRunClock", "ph":"E", "ts":"4083614328", "pid":"1", "tid":"mom"},
{"name":"ModelAdvance", "ph":"B", "ts":"4083614483", "pid":"1", "tid":"mom"},
{"name":"ModelAdvance", "ph":"E", "ts":"4089927030", "pid":"1", "tid":"mom"},
{"name":"ModelSetRunClock", "ph":"B", "ts":"4094527331", "pid":"1", "tid":"mom"},
{"name":"ModelSetRunClock", "ph":"E", "ts":"4094527394", "pid":"1", "tid":"mom"},
{"name":"ModelAdvance", "ph":"B", "ts":"4094527561", "pid":"1", "tid":"mom"},
{"name":"ModelAdvance", "ph":"E", "ts":"4102223789", "pid":"1", "tid":"mom"},
{"name":"ModelSetRunClock", "ph":"B", "ts":"4105358681", "pid":"1", "tid":"mom"},
{"name":"ModelSetRunClock", "ph":"E", "ts":"4105358756", "pid":"1", "tid":"mom"},
{"name":"ModelAdvance", "ph":"B", "ts":"4105358904", "pid":"1", "tid":"mom"},
{"name":"ModelAdvance", "ph":"E", "ts":"4111736638", "pid":"1", "tid":"mom"},
{"name":"ModelSetRunClock", "ph":"B", "ts":"4115814842", "pid":"1", "tid":"mom"},
{"name":"ModelSetRunClock", "ph":"E", "ts":"4115814914", "pid":"1", "tid":"mom"},
{"name":"ModelAdvance", "ph":"B", "ts":"4115816029", "pid":"1", "tid":"mom"},
{"name":"ModelAdvance", "ph":"E", "ts":"4123486658", "pid":"1", "tid":"mom"},
{"name":"ModelSetRunClock", "ph":"B", "ts":"4126485816", "pid":"1", "tid":"mom"},
{"name":"ModelSetRunClock", "ph":"E", "ts":"4126485877", "pid":"1", "tid":"mom"},
{"name":"ModelAdvance", "ph":"B", "ts":"4126486019", "pid":"1", "tid":"mom"},
{"name":"ModelAdvance", "ph":"E", "ts":"4132803158", "pid":"1", "tid":"mom"},
{"name":"ModelSetRunClock", "ph":"B", "ts":"4136706398", "pid":"1", "tid":"mom"},
{"name":"ModelSetRunClock", "ph":"E", "ts":"4136706599", "pid":"1", "tid":"mom"},
{"name":"ModelAdvance", "ph":"B", "ts":"4136706789", "pid":"1", "tid":"mom"},
{"name":"ModelAdvance", "ph":"E", "ts":"4145366761", "pid":"1", "tid":"mom"},
{"name":"ModelSetRunClock", "ph":"B", "ts":"4148477681", "pid":"1", "tid":"mom"},
{"name":"ModelSetRunClock", "ph":"E", "ts":"4148477746", "pid":"1", "tid":"mom"},
{"name":"ModelAdvance", "ph":"B", "ts":"4148477891", "pid":"1", "tid":"mom"},
{"name":"ModelAdvance", "ph":"E", "ts":"4154823900", "pid":"1", "tid":"mom"},
{"name":"ModelSetRunClock", "ph":"B", "ts":"4158653086", "pid":"1", "tid":"mom"},
{"name":"ModelSetRunClock", "ph":"E", "ts":"4158653138", "pid":"1", "tid":"mom"},
{"name":"ModelAdvance", "ph":"B", "ts":"4158653297", "pid":"1", "tid":"mom"},
{"name":"ModelAdvance", "ph":"E", "ts":"4170654177", "pid":"1", "tid":"mom"},
{"name":"ModelSetRunClock", "ph":"B", "ts":"4170677452", "pid":"1", "tid":"mom"},
{"name":"ModelSetRunClock", "ph":"E", "ts":"4170677537", "pid":"1", "tid":"mom"},
{"name":"ModelAdvance", "ph":"B", "ts":"4170677725", "pid":"1", "tid":"mom"},
{"name":"ModelAdvance", "ph":"E", "ts":"4176766864", "pid":"1", "tid":"mom"},
{"name":"ModelSetRunClock", "ph":"B", "ts":"4180679747", "pid":"1", "tid":"mom"},
{"name":"ModelSetRunClock", "ph":"E", "ts":"4180679813", "pid":"1", "tid":"mom"},
{"name":"ModelAdvance", "ph":"B", "ts":"4180679966", "pid":"1", "tid":"mom"},
{"name":"ModelAdvance", "ph":"E", "ts":"4188226338", "pid":"1", "tid":"mom"},
{"name":"ModelSetRunClock", "ph":"B", "ts":"4191332199", "pid":"1", "tid":"mom"},
{"name":"ModelSetRunClock", "ph":"E", "ts":"4191332262", "pid":"1", "tid":"mom"},
{"name":"ModelAdvance", "ph":"B", "ts":"4191332415", "pid":"1", "tid":"mom"},
{"name":"ModelAdvance", "ph":"E", "ts":"4197405565", "pid":"1", "tid":"mom"},
{"name":"ModelSetRunClock", "ph":"B", "ts":"4201286624", "pid":"1", "tid":"mom"},
{"name":"ModelSetRunClock", "ph":"E", "ts":"4201286704", "pid":"1", "tid":"mom"},
{"name":"ModelAdvance", "ph":"B", "ts":"4201286865", "pid":"1", "tid":"mom"},
{"name":"ModelAdvance", "ph":"E", "ts":"4208986309", "pid":"1", "tid":"mom"},
{"name":"ModelSetRunClock", "ph":"B", "ts":"4212194359", "pid":"1", "tid":"mom"},
{"name":"ModelSetRunClock", "ph":"E", "ts":"4212194739", "pid":"1", "tid":"mom"},
{"name":"ModelAdvance", "ph":"B", "ts":"4212194995", "pid":"1", "tid":"mom"},
{"name":"ModelAdvance", "ph":"E", "ts":"4218310640", "pid":"1", "tid":"mom"},
{"name":"ModelSetRunClock", "ph":"B", "ts":"4222203257", "pid":"1", "tid":"mom"},
{"name":"ModelSetRunClock", "ph":"E", "ts":"4222203311", "pid":"1", "tid":"mom"},
{"name":"ModelAdvance", "ph":"B", "ts":"4222203457", "pid":"1", "tid":"mom"},
{"name":"ModelAdvance", "ph":"E", "ts":"4229716192", "pid":"1", "tid":"mom"},
{"name":"ModelSetRunClock", "ph":"B", "ts":"4232997569", "pid":"1", "tid":"mom"},
{"name":"ModelSetRunClock", "ph":"E", "ts":"4232997638", "pid":"1", "tid":"mom"},
{"name":"ModelAdvance", "ph":"B", "ts":"4232997796", "pid":"1", "tid":"mom"},
{"name":"ModelAdvance", "ph":"E", "ts":"4239030065", "pid":"1", "tid":"mom"},
{"name":"ModelSetRunClock", "ph":"B", "ts":"4242900251", "pid":"1", "tid":"mom"},
{"name":"ModelSetRunClock", "ph":"E", "ts":"4242900454", "pid":"1", "tid":"mom"},
{"name":"ModelAdvance", "ph":"B", "ts":"4242900613", "pid":"1", "tid":"mom"},
{"name":"ModelAdvance", "ph":"E", "ts":"4250429675", "pid":"1", "tid":"mom"},
{"name":"ModelSetRunClock", "ph":"B", "ts":"4253570050", "pid":"1", "tid":"mom"},
{"name":"ModelSetRunClock", "ph":"E", "ts":"4253570121", "pid":"1", "tid":"mom"},
{"name":"ModelAdvance", "ph":"B", "ts":"4253570277", "pid":"1", "tid":"mom"},
{"name":"ModelAdvance", "ph":"E", "ts":"4259609269", "pid":"1", "tid":"mom"},
{"name":"ModelSetRunClock", "ph":"B", "ts":"4263218551", "pid":"1", "tid":"mom"},
{"name":"ModelSetRunClock", "ph":"E", "ts":"4263218613", "pid":"1", "tid":"mom"},
{"name":"ModelAdvance", "ph":"B", "ts":"4263218797", "pid":"1", "tid":"mom"},
{"name":"ModelAdvance", "ph":"E", "ts":"4270737238", "pid":"1", "tid":"mom"},
{"name":"ModelSetRunClock", "ph":"B", "ts":"4273749333", "pid":"1", "tid":"mom"},
{"name":"ModelSetRunClock", "ph":"E", "ts":"4273749526", "pid":"1", "tid":"mom"},
{"name":"ModelAdvance", "ph":"B", "ts":"4273749691", "pid":"1", "tid":"mom"},
{"name":"ModelAdvance", "ph":"E", "ts":"4279856573", "pid":"1", "tid":"mom"},
{"name":"ModelSetRunClock", "ph":"B", "ts":"4283971194", "pid":"1", "tid":"mom"},
{"name":"ModelSetRunClock", "ph":"E", "ts":"4283971251", "pid":"1", "tid":"mom"},
{"name":"ModelAdvance", "ph":"B", "ts":"4283971405", "pid":"1", "tid":"mom"},
{"name":"ModelAdvance", "ph":"E", "ts":"4295383557", "pid":"1", "tid":"mom"},
{"name":"ModelSetRunClock", "ph":"B", "ts":"4295398118", "pid":"1", "tid":"mom"},
{"name":"ModelSetRunClock", "ph":"E", "ts":"4295398188", "pid":"1", "tid":"mom"},
{"name":"ModelAdvance", "ph":"B", "ts":"4295398424", "pid":"1", "tid":"mom"},
{"name":"ModelAdvance", "ph":"E", "ts":"4301474214", "pid":"1", "tid":"mom"},
{"name":"ModelSetRunClock", "ph":"B", "ts":"4304853463", "pid":"1", "tid":"mom"},
{"name":"ModelSetRunClock", "ph":"E", "ts":"4304853649", "pid":"1", "tid":"mom"},
{"name":"ModelAdvance", "ph":"B", "ts":"4304853801", "pid":"1", "tid":"mom"},
{"name":"ModelAdvance", "ph":"E", "ts":"4312504022", "pid":"1", "tid":"mom"},
{"name":"ModelSetRunClock", "ph":"B", "ts":"4315583251", "pid":"1", "tid":"mom"},
{"name":"ModelSetRunClock", "ph":"E", "ts":"4315583317", "pid":"1", "tid":"mom"},
{"name":"ModelAdvance", "ph":"B", "ts":"4315583471", "pid":"1", "tid":"mom"},
{"name":"ModelAdvance", "ph":"E", "ts":"4321621665", "pid":"1", "tid":"mom"},
{"name":"ModelSetRunClock", "ph":"B", "ts":"4324797630", "pid":"1", "tid":"mom"},
{"name":"ModelSetRunClock", "ph":"E", "ts":"4324797696", "pid":"1", "tid":"mom"},
{"name":"ModelAdvance", "ph":"B", "ts":"4324797837", "pid":"1", "tid":"mom"},
{"name":"ModelAdvance", "ph":"E", "ts":"4332364067", "pid":"1", "tid":"mom"},
{"name":"ModelSetRunClock", "ph":"B", "ts":"4335639940", "pid":"1", "tid":"mom"},
{"name":"ModelSetRunClock", "ph":"E", "ts":"4335640138", "pid":"1", "tid":"mom"},
{"name":"ModelAdvance", "ph":"B", "ts":"4335640313", "pid":"1", "tid":"mom"},
{"name":"ModelAdvance", "ph":"E", "ts":"4341780217", "pid":"1", "tid":"mom"},
{"name":"ModelSetRunClock", "ph":"B", "ts":"4344636037", "pid":"1", "tid":"mom"},
{"name":"ModelSetRunClock", "ph":"E", "ts":"4344636099", "pid":"1", "tid":"mom"},
{"name":"ModelAdvance", "ph":"B", "ts":"4344636245", "pid":"1", "tid":"mom"},
{"name":"ModelAdvance", "ph":"E", "ts":"4352397734", "pid":"1", "tid":"mom"},
{"name":"ModelSetRunClock", "ph":"B", "ts":"4355714406", "pid":"1", "tid":"mom"},
{"name":"ModelSetRunClock", "ph":"E", "ts":"4355714499", "pid":"1", "tid":"mom"},
{"name":"ModelAdvance", "ph":"B", "ts":"4355714708", "pid":"1", "tid":"mom"},
{"name":"ModelAdvance", "ph":"E", "ts":"4361756023", "pid":"1", "tid":"mom"},
{"name":"ModelSetRunClock", "ph":"B", "ts":"4364603594", "pid":"1", "tid":"mom"},
{"name":"ModelSetRunClock", "ph":"E", "ts":"4364603660", "pid":"1", "tid":"mom"},
{"name":"ModelAdvance", "ph":"B", "ts":"4364603806", "pid":"1", "tid":"mom"},
{"name":"ModelAdvance", "ph":"E", "ts":"4372212463", "pid":"1", "tid":"mom"},
{"name":"ModelSetRunClock", "ph":"B", "ts":"4375568651", "pid":"1", "tid":"mom"},
{"name":"ModelSetRunClock", "ph":"E", "ts":"4375568726", "pid":"1", "tid":"mom"},
{"name":"ModelAdvance", "ph":"B", "ts":"4375568901", "pid":"1", "tid":"mom"},
{"name":"ModelAdvance", "ph":"E", "ts":"4381609065", "pid":"1", "tid":"mom"},
{"name":"ModelSetRunClock", "ph":"B", "ts":"4384688184", "pid":"1", "tid":"mom"},
{"name":"ModelSetRunClock", "ph":"E", "ts":"4384688252", "pid":"1", "tid":"mom"},
{"name":"ModelAdvance", "ph":"B", "ts":"4384688404", "pid":"1", "tid":"mom"},
{"name":"ModelAdvance", "ph":"E", "ts":"4392354822", "pid":"1", "tid":"mom"},
{"name":"ModelSetRunClock", "ph":"B", "ts":"4395563292", "pid":"1", "tid":"mom"},
{"name":"ModelSetRunClock", "ph":"E", "ts":"4395563371", "pid":"1", "tid":"mom"},
{"name":"ModelAdvance", "ph":"B", "ts":"4395563545", "pid":"1", "tid":"mom"},
{"name":"ModelAdvance", "ph":"E", "ts":"4401702939", "pid":"1", "tid":"mom"},
{"name":"ModelSetRunClock", "ph":"B", "ts":"4405538195", "pid":"1", "tid":"mom"},
{"name":"ModelSetRunClock", "ph":"E", "ts":"4405538250", "pid":"1", "tid":"mom"},
{"name":"ModelAdvance", "ph":"B", "ts":"4405538397", "pid":"1", "tid":"mom"},
{"name":"ModelAdvance", "ph":"E", "ts":"4417090870", "pid":"1", "tid":"mom"},
{"name":"ModelSetRunClock", "ph":"B", "ts":"4426730010", "pid":"1", "tid":"mom"},
{"name":"ModelSetRunClock", "ph":"E", "ts":"4426730064", "pid":"1", "tid":"mom"},
{"name":"ModelAdvance", "ph":"B", "ts":"4426730218", "pid":"1", "tid":"mom"},
{"name":"ModelAdvance", "ph":"E", "ts":"4432820936", "pid":"1", "tid":"mom"},
{"name":"ModelSetRunClock", "ph":"B", "ts":"4437145187", "pid":"1", "tid":"mom"},
{"name":"ModelSetRunClock", "ph":"E", "ts":"4437145254", "pid":"1", "tid":"mom"},
{"name":"ModelAdvance", "ph":"B", "ts":"4437145432", "pid":"1", "tid":"mom"},
{"name":"ModelAdvance", "ph":"E", "ts":"4445669514", "pid":"1", "tid":"mom"},
{"name":"ModelSetRunClock", "ph":"B", "ts":"4449926308", "pid":"1", "tid":"mom"},
{"name":"ModelSetRunClock", "ph":"E", "ts":"4449926510", "pid":"1", "tid":"mom"},
{"name":"ModelAdvance", "ph":"B", "ts":"4449926715", "pid":"1", "tid":"mom"},
{"name":"ModelAdvance", "ph":"E", "ts":"4456028289", "pid":"1", "tid":"mom"},
{"name":"ModelSetRunClock", "ph":"B", "ts":"4459421687", "pid":"1", "tid":"mom"},
{"name":"ModelSetRunClock", "ph":"E", "ts":"4459421747", "pid":"1", "tid":"mom"},
{"name":"ModelAdvance", "ph":"B", "ts":"4459421890", "pid":"1", "tid":"mom"},
{"name":"ModelAdvance", "ph":"E", "ts":"4467015434", "pid":"1", "tid":"mom"},
{"name":"ModelSetRunClock", "ph":"B", "ts":"4470366831", "pid":"1", "tid":"mom"},
{"name":"ModelSetRunClock", "ph":"E", "ts":"4470366924", "pid":"1", "tid":"mom"},
{"name":"ModelAdvance", "ph":"B", "ts":"4470367113", "pid":"1", "tid":"mom"},
{"name":"ModelAdvance", "ph":"E", "ts":"4476546117", "pid":"1", "tid":"mom"},
{"name":"ModelSetRunClock", "ph":"B", "ts":"4479862191", "pid":"1", "tid":"mom"},
{"name":"ModelSetRunClock", "ph":"E", "ts":"4479862388", "pid":"1", "tid":"mom"},
{"name":"ModelAdvance", "ph":"B", "ts":"4479862536", "pid":"1", "tid":"mom"},
{"name":"ModelAdvance", "ph":"E", "ts":"4487895003", "pid":"1", "tid":"mom"},
{"name":"ModelSetRunClock", "ph":"B", "ts":"4490790477", "pid":"1", "tid":"mom"},
{"name":"ModelSetRunClock", "ph":"E", "ts":"4490790538", "pid":"1", "tid":"mom"},
{"name":"ModelAdvance", "ph":"B", "ts":"4490790705", "pid":"1", "tid":"mom"},
{"name":"ModelAdvance", "ph":"E", "ts":"4497229947", "pid":"1", "tid":"mom"},
{"name":"ModelSetRunClock", "ph":"B", "ts":"4500756077", "pid":"1", "tid":"mom"},
{"name":"ModelSetRunClock", "ph":"E", "ts":"4500756138", "pid":"1", "tid":"mom"},
{"name":"ModelAdvance", "ph":"B", "ts":"4500756276", "pid":"1", "tid":"mom"},
{"name":"ModelAdvance", "ph":"E", "ts":"4508375717", "pid":"1", "tid":"mom"},
{"name":"ModelSetRunClock", "ph":"B", "ts":"4511429143", "pid":"1", "tid":"mom"},
{"name":"ModelSetRunClock", "ph":"E", "ts":"4511429203", "pid":"1", "tid":"mom"},
{"name":"ModelAdvance", "ph":"B", "ts":"4511429352", "pid":"1", "tid":"mom"},
{"name":"ModelAdvance", "ph":"E", "ts":"4517744158", "pid":"1", "tid":"mom"},
{"name":"ModelSetRunClock", "ph":"B", "ts":"4521237459", "pid":"1", "tid":"mom"},
{"name":"ModelSetRunClock", "ph":"E", "ts":"4521237521", "pid":"1", "tid":"mom"},
{"name":"ModelAdvance", "ph":"B", "ts":"4521237666", "pid":"1", "tid":"mom"},
{"name":"ModelAdvance", "ph":"E", "ts":"4529684136", "pid":"1", "tid":"mom"},
{"name":"ModelSetRunClock", "ph":"B", "ts":"4532677892", "pid":"1", "tid":"mom"},
{"name":"ModelSetRunClock", "ph":"E", "ts":"4532677957", "pid":"1", "tid":"mom"},
{"name":"ModelAdvance", "ph":"B", "ts":"4532678103", "pid":"1", "tid":"mom"},
{"name":"ModelAdvance", "ph":"E", "ts":"4539048124", "pid":"1", "tid":"mom"},
{"name":"ModelSetRunClock", "ph":"B", "ts":"4543113213", "pid":"1", "tid":"mom"},
{"name":"ModelSetRunClock", "ph":"E", "ts":"4543113268", "pid":"1", "tid":"mom"},
{"name":"ModelAdvance", "ph":"B", "ts":"4543113418", "pid":"1", "tid":"mom"},
{"name":"ModelAdvance", "ph":"E", "ts":"4554686355", "pid":"1", "tid":"mom"},
{"name":"ModelSetRunClock", "ph":"B", "ts":"4554744657", "pid":"1", "tid":"mom"},
{"name":"ModelSetRunClock", "ph":"E", "ts":"4554744722", "pid":"1", "tid":"mom"},
{"name":"ModelAdvance", "ph":"B", "ts":"4554744876", "pid":"1", "tid":"mom"},
{"name":"ModelAdvance", "ph":"E", "ts":"4560812111", "pid":"1", "tid":"mom"},
{"name":"ModelSetRunClock", "ph":"B", "ts":"4564133464", "pid":"1", "tid":"mom"},
{"name":"ModelSetRunClock", "ph":"E", "ts":"4564133528", "pid":"1", "tid":"mom"},
{"name":"ModelAdvance", "ph":"B", "ts":"4564133672", "pid":"1", "tid":"mom"},
{"name":"ModelAdvance", "ph":"E", "ts":"4571937659", "pid":"1", "tid":"mom"},
{"name":"ModelSetRunClock", "ph":"B", "ts":"4575000413", "pid":"1", "tid":"mom"},
{"name":"ModelSetRunClock", "ph":"E", "ts":"4575000517", "pid":"1", "tid":"mom"},
{"name":"ModelAdvance", "ph":"B", "ts":"4575000714", "pid":"1", "tid":"mom"},
{"name":"ModelAdvance", "ph":"E", "ts":"4581077584", "pid":"1", "tid":"mom"},
{"name":"ModelSetRunClock", "ph":"B", "ts":"4584335451", "pid":"1", "tid":"mom"},
{"name":"ModelSetRunClock", "ph":"E", "ts":"4584335515", "pid":"1", "tid":"mom"},
{"name":"ModelAdvance", "ph":"B", "ts":"4584335670", "pid":"1", "tid":"mom"},
{"name":"ModelAdvance", "ph":"E", "ts":"4592488260", "pid":"1", "tid":"mom"},
{"name":"ModelSetRunClock", "ph":"B", "ts":"4595364630", "pid":"1", "tid":"mom"},
{"name":"ModelSetRunClock", "ph":"E", "ts":"4595364693", "pid":"1", "tid":"mom"},
{"name":"ModelAdvance", "ph":"B", "ts":"4595364848", "pid":"1", "tid":"mom"},
{"name":"ModelAdvance", "ph":"E", "ts":"4601689869", "pid":"1", "tid":"mom"},
{"name":"ModelSetRunClock", "ph":"B", "ts":"4604716833", "pid":"1", "tid":"mom"},
{"name":"ModelSetRunClock", "ph":"E", "ts":"4604716890", "pid":"1", "tid":"mom"},
{"name":"ModelAdvance", "ph":"B", "ts":"4604717041", "pid":"1", "tid":"mom"},
{"name":"ModelAdvance", "ph":"E", "ts":"4612289894", "pid":"1", "tid":"mom"},
{"name":"ModelSetRunClock", "ph":"B", "ts":"4615618846", "pid":"1", "tid":"mom"},
{"name":"ModelSetRunClock", "ph":"E", "ts":"4615618906", "pid":"1", "tid":"mom"},
{"name":"ModelAdvance", "ph":"B", "ts":"4615619179", "pid":"1", "tid":"mom"},
{"name":"ModelAdvance", "ph":"E", "ts":"4621718776", "pid":"1", "tid":"mom"},
{"name":"ModelSetRunClock", "ph":"B", "ts":"4624925544", "pid":"1", "tid":"mom"},
{"name":"ModelSetRunClock", "ph":"E", "ts":"4624925607", "pid":"1", "tid":"mom"},
{"name":"ModelAdvance", "ph":"B", "ts":"4624925763", "pid":"1", "tid":"mom"},
{"name":"ModelAdvance", "ph":"E", "ts":"4632535669", "pid":"1", "tid":"mom"},
{"name":"ModelSetRunClock", "ph":"B", "ts":"4635872861", "pid":"1", "tid":"mom"},
{"name":"ModelSetRunClock", "ph":"E", "ts":"4635872931", "pid":"1", "tid":"mom"},
{"name":"ModelAdvance", "ph":"B", "ts":"4635873096", "pid":"1", "tid":"mom"},
{"name":"ModelAdvance", "ph":"E", "ts":"4641948039", "pid":"1", "tid":"mom"},
{"name":"ModelSetRunClock", "ph":"B", "ts":"4645041574", "pid":"1", "tid":"mom"},
{"name":"ModelSetRunClock", "ph":"E", "ts":"4645041634", "pid":"1", "tid":"mom"},
{"name":"ModelAdvance", "ph":"B", "ts":"4645041777", "pid":"1", "tid":"mom"},
{"name":"ModelAdvance", "ph":"E", "ts":"4652584881", "pid":"1", "tid":"mom"},
{"name":"ModelSetRunClock", "ph":"B", "ts":"4656086956", "pid":"1", "tid":"mom"},
{"name":"ModelSetRunClock", "ph":"E", "ts":"4656087027", "pid":"1", "tid":"mom"},
{"name":"ModelAdvance", "ph":"B", "ts":"4656087197", "pid":"1", "tid":"mom"},
{"name":"ModelAdvance", "ph":"E", "ts":"4662236606", "pid":"1", "tid":"mom"},
{"name":"ModelSetRunClock", "ph":"B", "ts":"4666339552", "pid":"1", "tid":"mom"},
{"name":"ModelSetRunClock", "ph":"E", "ts":"4666339607", "pid":"1", "tid":"mom"},
{"name":"ModelAdvance", "ph":"B", "ts":"4666339750", "pid":"1", "tid":"mom"},
{"name":"ModelAdvance", "ph":"E", "ts":"4677224939", "pid":"1", "tid":"mom"},
{"name":"ModelSetRunClock", "ph":"B", "ts":"4677248681", "pid":"1", "tid":"mom"},
{"name":"ModelSetRunClock", "ph":"E", "ts":"4677248777", "pid":"1", "tid":"mom"},
{"name":"ModelAdvance", "ph":"B", "ts":"4677248952", "pid":"1", "tid":"mom"},
{"name":"ModelAdvance", "ph":"E", "ts":"4683317443", "pid":"1", "tid":"mom"},
{"name":"ModelSetRunClock", "ph":"B", "ts":"4686389747", "pid":"1", "tid":"mom"},
{"name":"ModelSetRunClock", "ph":"E", "ts":"4686389805", "pid":"1", "tid":"mom"},
{"name":"ModelAdvance", "ph":"B", "ts":"4686389956", "pid":"1", "tid":"mom"},
{"name":"ModelAdvance", "ph":"E", "ts":"4694004290", "pid":"1", "tid":"mom"},
{"name":"ModelSetRunClock", "ph":"B", "ts":"4697509501", "pid":"1", "tid":"mom"},
{"name":"ModelSetRunClock", "ph":"E", "ts":"4697509565", "pid":"1", "tid":"mom"},
{"name":"ModelAdvance", "ph":"B", "ts":"4697509726", "pid":"1", "tid":"mom"},
{"name":"ModelAdvance", "ph":"E", "ts":"4703589113", "pid":"1", "tid":"mom"},
{"name":"ModelSetRunClock", "ph":"B", "ts":"4706503554", "pid":"1", "tid":"mom"},
{"name":"ModelSetRunClock", "ph":"E", "ts":"4706503615", "pid":"1", "tid":"mom"},
{"name":"ModelAdvance", "ph":"B", "ts":"4706503760", "pid":"1", "tid":"mom"},
{"name":"ModelAdvance", "ph":"E", "ts":"4714043200", "pid":"1", "tid":"mom"},
{"name":"ModelSetRunClock", "ph":"B", "ts":"4717575279", "pid":"1", "tid":"mom"},
{"name":"ModelSetRunClock", "ph":"E", "ts":"4717575411", "pid":"1", "tid":"mom"},
{"name":"ModelAdvance", "ph":"B", "ts":"4717575643", "pid":"1", "tid":"mom"},
{"name":"ModelAdvance", "ph":"E", "ts":"4723737755", "pid":"1", "tid":"mom"},
{"name":"ModelSetRunClock", "ph":"B", "ts":"4726482102", "pid":"1", "tid":"mom"},
{"name":"ModelSetRunClock", "ph":"E", "ts":"4726482161", "pid":"1", "tid":"mom"},
{"name":"ModelAdvance", "ph":"B", "ts":"4726482314", "pid":"1", "tid":"mom"},
{"name":"ModelAdvance", "ph":"E", "ts":"4734117326", "pid":"1", "tid":"mom"},
{"name":"ModelSetRunClock", "ph":"B", "ts":"4737684540", "pid":"1", "tid":"mom"},
{"name":"ModelSetRunClock", "ph":"E", "ts":"4737684627", "pid":"1", "tid":"mom"},
{"name":"ModelAdvance", "ph":"B", "ts":"4737684804", "pid":"1", "tid":"mom"},
{"name":"ModelAdvance", "ph":"E", "ts":"4743749153", "pid":"1", "tid":"mom"},
{"name":"ModelSetRunClock", "ph":"B", "ts":"4746559320", "pid":"1", "tid":"mom"},
{"name":"ModelSetRunClock", "ph":"E", "ts":"4746559384", "pid":"1", "tid":"mom"},
{"name":"ModelAdvance", "ph":"B", "ts":"4746559680", "pid":"1", "tid":"mom"},
{"name":"ModelAdvance", "ph":"E", "ts":"4754566607", "pid":"1", "tid":"mom"},
{"name":"ModelSetRunClock", "ph":"B", "ts":"4757931605", "pid":"1", "tid":"mom"},
{"name":"ModelSetRunClock", "ph":"E", "ts":"4757931724", "pid":"1", "tid":"mom"},
{"name":"ModelAdvance", "ph":"B", "ts":"4757931945", "pid":"1", "tid":"mom"},
{"name":"ModelAdvance", "ph":"E", "ts":"4763996414", "pid":"1", "tid":"mom"},
{"name":"ModelSetRunClock", "ph":"B", "ts":"4766964526", "pid":"1", "tid":"mom"},
{"name":"ModelSetRunClock", "ph":"E", "ts":"4766964587", "pid":"1", "tid":"mom"},
{"name":"ModelAdvance", "ph":"B", "ts":"4766964749", "pid":"1", "tid":"mom"},
