{"name":"SetServices", "ph":"B", "ts":"2480129398", "pid":"1", "tid":"cice"},
{"name":"SetServices", "ph":"E", "ts":"2480131629", "pid":"1", "tid":"cice"},
{"name":"InitializeP0", "ph":"B", "ts":"2480923130", "pid":"1", "tid":"cice"},
{"name":"InitializeP0", "ph":"E", "ts":"2480923263", "pid":"1", "tid":"cice"},
{"name":"InitializeAdvertise", "ph":"B", "ts":"2514257163", "pid":"1", "tid":"cice"},
{"name":"InitializeAdvertise", "ph":"E", "ts":"2522243230", "pid":"1", "tid":"cice"},
{"name":"InitializeRealize", "ph":"B", "ts":"2731942621", "pid":"1", "tid":"cice"},
{"name":"InitializeRealize", "ph":"E", "ts":"2747896722", "pid":"1", "tid":"cice"},
{"name":"ModelAdvance", "ph":"B", "ts":"2821794198", "pid":"1", "tid":"cice"},
{"name":"ModelAdvance", "ph":"E", "ts":"2822518693", "pid":"1", "tid":"cice"},
{"name":"ModelAdvance", "ph":"B", "ts":"2824092835", "pid":"1", "tid":"cice"},
{"name":"ModelAdvance", "ph":"E", "ts":"2824702684", "pid":"1", "tid":"cice"},
{"name":"ModelAdvance", "ph":"B", "ts":"2824841829", "pid":"1", "tid":"cice"},
{"name":"ModelAdvance", "ph":"E", "ts":"2825428153", "pid":"1", "tid":"cice"},
{"name":"ModelAdvance", "ph":"B", "ts":"2825529817", "pid":"1", "tid":"cice"},
{"name":"ModelAdvance", "ph":"E", "ts":"2826123903", "pid":"1", "tid":"cice"},
{"name":"ModelAdvance", "ph":"B", "ts":"2826214956", "pid":"1", "tid":"cice"},
{"name":"ModelAdvance", "ph":"E", "ts":"2826787893", "pid":"1", "tid":"cice"},
{"name":"ModelAdvance", "ph":"B", "ts":"2826895483", "pid":"1", "tid":"cice"},
{"name":"ModelAdvance", "ph":"E", "ts":"2827447931", "pid":"1", "tid":"cice"},
{"name":"ModelAdvance", "ph":"B", "ts":"2827550374", "pid":"1", "tid":"cice"},
{"name":"ModelAdvance", "ph":"E", "ts":"2828134495", "pid":"1", "tid":"cice"},
{"name":"ModelAdvance", "ph":"B", "ts":"2828252777", "pid":"1", "tid":"cice"},
{"name":"ModelAdvance", "ph":"E", "ts":"2828819954", "pid":"1", "tid":"cice"},
{"name":"ModelAdvance", "ph":"B", "ts":"2828925805", "pid":"1", "tid":"cice"},
{"name":"ModelAdvance", "ph":"E", "ts":"2829466774", "pid":"1", "tid":"cice"},
{"name":"ModelAdvance", "ph":"B", "ts":"2829604410", "pid":"1", "tid":"cice"},
{"name":"ModelAdvance", "ph":"E", "ts":"2830158465", "pid":"1", "tid":"cice"},
{"name":"ModelAdvance", "ph":"B", "ts":"2830270138", "pid":"1", "tid":"cice"},
{"name":"ModelAdvance", "ph":"E", "ts":"2830822497", "pid":"1", "tid":"cice"},
{"name":"ModelAdvance", "ph":"B", "ts":"2830942842", "pid":"1", "tid":"cice"},
{"name":"ModelAdvance", "ph":"E", "ts":"2831506827", "pid":"1", "tid":"cice"},
{"name":"ModelAdvance", "ph":"B", "ts":"2834997958", "pid":"1", "tid":"cice"},
{"name":"ModelAdvance", "ph":"E", "ts":"2835585881", "pid":"1", "tid":"cice"},
{"name":"ModelAdvance", "ph":"B", "ts":"2835685207", "pid":"1", "tid":"cice"},
{"name":"ModelAdvance", "ph":"E", "ts":"2836252024", "pid":"1", "tid":"cice"},
{"name":"ModelAdvance", "ph":"B", "ts":"2836338972", "pid":"1", "tid":"cice"},
{"name":"ModelAdvance", "ph":"E", "ts":"2836910533", "pid":"1", "tid":"cice"},
{"name":"ModelAdvance", "ph":"B", "ts":"2837002018", "pid":"1", "tid":"cice"},
{"name":"ModelAdvance", "ph":"E", "ts":"2837568059", "pid":"1", "tid":"cice"},
{"name":"ModelAdvance", "ph":"B", "ts":"2837687192", "pid":"1", "tid":"cice"},
{"name":"ModelAdvance", "ph":"E", "ts":"2838238468", "pid":"1", "tid":"cice"},
{"name":"ModelAdvance", "ph":"B", "ts":"2838358277", "pid":"1", "tid":"cice"},
{"name":"ModelAdvance", "ph":"E", "ts":"2838926071", "pid":"1", "tid":"cice"},
{"name":"ModelAdvance", "ph":"B", "ts":"2839013564", "pid":"1", "tid":"cice"},
{"name":"ModelAdvance", "ph":"E", "ts":"2839575119", "pid":"1", "tid":"cice"},
{"name":"ModelAdvance", "ph":"B", "ts":"2839676993", "pid":"1", "tid":"cice"},
{"name":"ModelAdvance", "ph":"E", "ts":"2840251472", "pid":"1", "tid":"cice"},
{"name":"ModelAdvance", "ph":"B", "ts":"2840352332", "pid":"1", "tid":"cice"},
{"name":"ModelAdvance", "ph":"E", "ts":"2840906866", "pid":"1", "tid":"cice"},
{"name":"ModelAdvance", "ph":"B", "ts":"2841020288", "pid":"1", "tid":"cice"},
{"name":"ModelAdvance", "ph":"E", "ts":"2841576864", "pid":"1", "tid":"cice"},
{"name":"ModelAdvance", "ph":"B", "ts":"2841672872", "pid":"1", "tid":"cice"},
{"name":"ModelAdvance", "ph":"E", "ts":"2842221107", "pid":"1", "tid":"cice"},
{"name":"ModelAdvance", "ph":"B", "ts":"2842330700", "pid":"1", "tid":"cice"},
{"name":"ModelAdvance", "ph":"E", "ts":"2842884208", "pid":"1", "tid":"cice"},
{"name":"ModelAdvance", "ph":"B", "ts":"2845453314", "pid":"1", "tid":"cice"},
{"name":"ModelAdvance", "ph":"E", "ts":"2846015386", "pid":"1", "tid":"cice"},
{"name":"ModelAdvance", "ph":"B", "ts":"2846807930", "pid":"1", "tid":"cice"},
{"name":"ModelAdvance", "ph":"E", "ts":"2847373483", "pid":"1", "tid":"cice"},
{"name":"ModelAdvance", "ph":"B", "ts":"2847464828", "pid":"1", "tid":"cice"},
{"name":"ModelAdvance", "ph":"E", "ts":"2848026085", "pid":"1", "tid":"cice"},
{"name":"ModelAdvance", "ph":"B", "ts":"2848123417", "pid":"1", "tid":"cice"},
{"name":"ModelAdvance", "ph":"E", "ts":"2848688583", "pid":"1", "tid":"cice"},
{"name":"ModelAdvance", "ph":"B", "ts":"2848776332", "pid":"1", "tid":"cice"},
{"name":"ModelAdvance", "ph":"E", "ts":"2849342627", "pid":"1", "tid":"cice"},
{"name":"ModelAdvance", "ph":"B", "ts":"2849435508", "pid":"1", "tid":"cice"},
{"name":"ModelAdvance", "ph":"E", "ts":"2849994143", "pid":"1", "tid":"cice"},
{"name":"ModelAdvance", "ph":"B", "ts":"2850093402", "pid":"1", "tid":"cice"},
{"name":"ModelAdvance", "ph":"E", "ts":"2850664399", "pid":"1", "tid":"cice"},
{"name":"ModelAdvance", "ph":"B", "ts":"2850750262", "pid":"1", "tid":"cice"},
{"name":"ModelAdvance", "ph":"E", "ts":"2851301721", "pid":"1", "tid":"cice"},
{"name":"ModelAdvance", "ph":"B", "ts":"2851415877", "pid":"1", "tid":"cice"},
{"name":"ModelAdvance", "ph":"E", "ts":"2851967634", "pid":"1", "tid":"cice"},
{"name":"ModelAdvance", "ph":"B", "ts":"2852075792", "pid":"1", "tid":"cice"},
{"name":"ModelAdvance", "ph":"E", "ts":"2852625564", "pid":"1", "tid":"cice"},
{"name":"ModelAdvance", "ph":"B", "ts":"2852754798", "pid":"1", "tid":"cice"},
{"name":"ModelAdvance", "ph":"E", "ts":"2853308209", "pid":"1", "tid":"cice"},
{"name":"ModelAdvance", "ph":"B", "ts":"2853416496", "pid":"1", "tid":"cice"},
{"name":"ModelAdvance", "ph":"E", "ts":"2853968610", "pid":"1", "tid":"cice"},
{"name":"ModelAdvance", "ph":"B", "ts":"2854133546", "pid":"1", "tid":"cice"},
{"name":"ModelAdvance", "ph":"E", "ts":"2854692888", "pid":"1", "tid":"cice"},
{"name":"ModelAdvance", "ph":"B", "ts":"2854800051", "pid":"1", "tid":"cice"},
{"name":"ModelAdvance", "ph":"E", "ts":"2855372865", "pid":"1", "tid":"cice"},
{"name":"ModelAdvance", "ph":"B", "ts":"2855452084", "pid":"1", "tid":"cice"},
{"name":"ModelAdvance", "ph":"E", "ts":"2856024576", "pid":"1", "tid":"cice"},
{"name":"ModelAdvance", "ph":"B", "ts":"2856128097", "pid":"1", "tid":"cice"},
{"name":"ModelAdvance", "ph":"E", "ts":"2856698051", "pid":"1", "tid":"cice"},
{"name":"ModelAdvance", "ph":"B", "ts":"2856785523", "pid":"1", "tid":"cice"},
{"name":"ModelAdvance", "ph":"E", "ts":"2857354475", "pid":"1", "tid":"cice"},
{"name":"ModelAdvance", "ph":"B", "ts":"2857447450", "pid":"1", "tid":"cice"},
{"name":"ModelAdvance", "ph":"E", "ts":"2858010509", "pid":"1", "tid":"cice"},
{"name":"ModelAdvance", "ph":"B", "ts":"2858108377", "pid":"1", "tid":"cice"},
{"name":"ModelAdvance", "ph":"E", "ts":"2858673802", "pid":"1", "tid":"cice"},
{"name":"ModelAdvance", "ph":"B", "ts":"2858801786", "pid":"1", "tid":"cice"},
{"name":"ModelAdvance", "ph":"E", "ts":"2859354414", "pid":"1", "tid":"cice"},
{"name":"ModelAdvance", "ph":"B", "ts":"2859458046", "pid":"1", "tid":"cice"},
{"name":"ModelAdvance", "ph":"E", "ts":"2860003282", "pid":"1", "tid":"cice"},
{"name":"ModelAdvance", "ph":"B", "ts":"2860117381", "pid":"1", "tid":"cice"},
{"name":"ModelAdvance", "ph":"E", "ts":"2860669362", "pid":"1", "tid":"cice"},
{"name":"ModelAdvance", "ph":"B", "ts":"2860773536", "pid":"1", "tid":"cice"},
{"name":"ModelAdvance", "ph":"E", "ts":"2861340541", "pid":"1", "tid":"cice"},
{"name":"ModelAdvance", "ph":"B", "ts":"2861444489", "pid":"1", "tid":"cice"},
{"name":"ModelAdvance", "ph":"E", "ts":"2861998736", "pid":"1", "tid":"cice"},
{"name":"ModelAdvance", "ph":"B", "ts":"2864435350", "pid":"1", "tid":"cice"},
{"name":"ModelAdvance", "ph":"E", "ts":"2865000223", "pid":"1", "tid":"cice"},
{"name":"ModelAdvance", "ph":"B", "ts":"2865738446", "pid":"1", "tid":"cice"},
{"name":"ModelAdvance", "ph":"E", "ts":"2866314623", "pid":"1", "tid":"cice"},
{"name":"ModelAdvance", "ph":"B", "ts":"2866396914", "pid":"1", "tid":"cice"},
{"name":"ModelAdvance", "ph":"E", "ts":"2866973546", "pid":"1", "tid":"cice"},
{"name":"ModelAdvance", "ph":"B", "ts":"2867067361", "pid":"1", "tid":"cice"},
{"name":"ModelAdvance", "ph":"E", "ts":"2867624594", "pid":"1", "tid":"cice"},
{"name":"ModelAdvance", "ph":"B", "ts":"2867722893", "pid":"1", "tid":"cice"},
{"name":"ModelAdvance", "ph":"E", "ts":"2868284440", "pid":"1", "tid":"cice"},
{"name":"ModelAdvance", "ph":"B", "ts":"2868422286", "pid":"1", "tid":"cice"},
{"name":"ModelAdvance", "ph":"E", "ts":"2868989860", "pid":"1", "tid":"cice"},
{"name":"ModelAdvance", "ph":"B", "ts":"2869084134", "pid":"1", "tid":"cice"},
{"name":"ModelAdvance", "ph":"E", "ts":"2869639051", "pid":"1", "tid":"cice"},
{"name":"ModelAdvance", "ph":"B", "ts":"2869745036", "pid":"1", "tid":"cice"},
{"name":"ModelAdvance", "ph":"E", "ts":"2870305353", "pid":"1", "tid":"cice"},
{"name":"ModelAdvance", "ph":"B", "ts":"2870418549", "pid":"1", "tid":"cice"},
{"name":"ModelAdvance", "ph":"E", "ts":"2870973861", "pid":"1", "tid":"cice"},
{"name":"ModelAdvance", "ph":"B", "ts":"2871080330", "pid":"1", "tid":"cice"},
{"name":"ModelAdvance", "ph":"E", "ts":"2871631620", "pid":"1", "tid":"cice"},
{"name":"ModelAdvance", "ph":"B", "ts":"2871766747", "pid":"1", "tid":"cice"},
{"name":"ModelAdvance", "ph":"E", "ts":"2872316232", "pid":"1", "tid":"cice"},
{"name":"ModelAdvance", "ph":"B", "ts":"2872425863", "pid":"1", "tid":"cice"},
{"name":"ModelAdvance", "ph":"E", "ts":"2872984360", "pid":"1", "tid":"cice"},
{"name":"ModelAdvance", "ph":"B", "ts":"2873116828", "pid":"1", "tid":"cice"},
{"name":"ModelAdvance", "ph":"E", "ts":"2873677265", "pid":"1", "tid":"cice"},
{"name":"ModelAdvance", "ph":"B", "ts":"2873779709", "pid":"1", "tid":"cice"},
{"name":"ModelAdvance", "ph":"E", "ts":"2874350768", "pid":"1", "tid":"cice"},
{"name":"ModelAdvance", "ph":"B", "ts":"2874434120", "pid":"1", "tid":"cice"},
{"name":"ModelAdvance", "ph":"E", "ts":"2875008028", "pid":"1", "tid":"cice"},
{"name":"ModelAdvance", "ph":"B", "ts":"2875100826", "pid":"1", "tid":"cice"},
{"name":"ModelAdvance", "ph":"E", "ts":"2875668919", "pid":"1", "tid":"cice"},
{"name":"ModelAdvance", "ph":"B", "ts":"2875758664", "pid":"1", "tid":"cice"},
{"name":"ModelAdvance", "ph":"E", "ts":"2876319320", "pid":"1", "tid":"cice"},
{"name":"ModelAdvance", "ph":"B", "ts":"2876421274", "pid":"1", "tid":"cice"},
{"name":"ModelAdvance", "ph":"E", "ts":"2876990031", "pid":"1", "tid":"cice"},
{"name":"ModelAdvance", "ph":"B", "ts":"2877078845", "pid":"1", "tid":"cice"},
{"name":"ModelAdvance", "ph":"E", "ts":"2877635879", "pid":"1", "tid":"cice"},
{"name":"ModelAdvance", "ph":"B", "ts":"2877738320", "pid":"1", "tid":"cice"},
{"name":"ModelAdvance", "ph":"E", "ts":"2878290997", "pid":"1", "tid":"cice"},
{"name":"ModelAdvance", "ph":"B", "ts":"2878395828", "pid":"1", "tid":"cice"},
{"name":"ModelAdvance", "ph":"E", "ts":"2878945836", "pid":"1", "tid":"cice"},
{"name":"ModelAdvance", "ph":"B", "ts":"2879054152", "pid":"1", "tid":"cice"},
{"name":"ModelAdvance", "ph":"E", "ts":"2879605353", "pid":"1", "tid":"cice"},
{"name":"ModelAdvance", "ph":"B", "ts":"2879712698", "pid":"1", "tid":"cice"},
{"name":"ModelAdvance", "ph":"E", "ts":"2880267000", "pid":"1", "tid":"cice"},
{"name":"ModelAdvance", "ph":"B", "ts":"2880396522", "pid":"1", "tid":"cice"},
{"name":"ModelAdvance", "ph":"E", "ts":"2898466534", "pid":"1", "tid":"cice"},
{"name":"ModelAdvance", "ph":"B", "ts":"2898683237", "pid":"1", "tid":"cice"},
{"name":"ModelAdvance", "ph":"E", "ts":"2899240326", "pid":"1", "tid":"cice"},
{"name":"ModelAdvance", "ph":"B", "ts":"2900076997", "pid":"1", "tid":"cice"},
{"name":"ModelAdvance", "ph":"E", "ts":"2900636291", "pid":"1", "tid":"cice"},
{"name":"ModelAdvance", "ph":"B", "ts":"2900731681", "pid":"1", "tid":"cice"},
{"name":"ModelAdvance", "ph":"E", "ts":"2901299023", "pid":"1", "tid":"cice"},
{"name":"ModelAdvance", "ph":"B", "ts":"2901439497", "pid":"1", "tid":"cice"},
{"name":"ModelAdvance", "ph":"E", "ts":"2902008037", "pid":"1", "tid":"cice"},
{"name":"ModelAdvance", "ph":"B", "ts":"2902647154", "pid":"1", "tid":"cice"},
{"name":"ModelAdvance", "ph":"E", "ts":"2903199917", "pid":"1", "tid":"cice"},
{"name":"ModelAdvance", "ph":"B", "ts":"2903651679", "pid":"1", "tid":"cice"},
{"name":"ModelAdvance", "ph":"E", "ts":"2904194972", "pid":"1", "tid":"cice"},
{"name":"ModelAdvance", "ph":"B", "ts":"2904313097", "pid":"1", "tid":"cice"},
{"name":"ModelAdvance", "ph":"E", "ts":"2904866131", "pid":"1", "tid":"cice"},
{"name":"ModelAdvance", "ph":"B", "ts":"2904974620", "pid":"1", "tid":"cice"},
{"name":"ModelAdvance", "ph":"E", "ts":"2905525059", "pid":"1", "tid":"cice"},
{"name":"ModelAdvance", "ph":"B", "ts":"2905632242", "pid":"1", "tid":"cice"},
{"name":"ModelAdvance", "ph":"E", "ts":"2906183030", "pid":"1", "tid":"cice"},
{"name":"ModelAdvance", "ph":"B", "ts":"2906292959", "pid":"1", "tid":"cice"},
{"name":"ModelAdvance", "ph":"E", "ts":"2906845926", "pid":"1", "tid":"cice"},
{"name":"ModelAdvance", "ph":"B", "ts":"2906951382", "pid":"1", "tid":"cice"},
{"name":"ModelAdvance", "ph":"E", "ts":"2907498636", "pid":"1", "tid":"cice"},
{"name":"ModelAdvance", "ph":"B", "ts":"2907614749", "pid":"1", "tid":"cice"},
{"name":"ModelAdvance", "ph":"E", "ts":"2908166038", "pid":"1", "tid":"cice"},
{"name":"ModelAdvance", "ph":"B", "ts":"2908289818", "pid":"1", "tid":"cice"},
{"name":"ModelAdvance", "ph":"E", "ts":"2908852893", "pid":"1", "tid":"cice"},
{"name":"ModelAdvance", "ph":"B", "ts":"2908953003", "pid":"1", "tid":"cice"},
{"name":"ModelAdvance", "ph":"E", "ts":"2909521944", "pid":"1", "tid":"cice"},
{"name":"ModelAdvance", "ph":"B", "ts":"2909608798", "pid":"1", "tid":"cice"},
{"name":"ModelAdvance", "ph":"E", "ts":"2910181540", "pid":"1", "tid":"cice"},
{"name":"ModelAdvance", "ph":"B", "ts":"2910273280", "pid":"1", "tid":"cice"},
{"name":"ModelAdvance", "ph":"E", "ts":"2910842989", "pid":"1", "tid":"cice"},
{"name":"ModelAdvance", "ph":"B", "ts":"2910947284", "pid":"1", "tid":"cice"},
{"name":"ModelAdvance", "ph":"E", "ts":"2911508990", "pid":"1", "tid":"cice"},
{"name":"ModelAdvance", "ph":"B", "ts":"2911638944", "pid":"1", "tid":"cice"},
{"name":"ModelAdvance", "ph":"E", "ts":"2912207866", "pid":"1", "tid":"cice"},
{"name":"ModelAdvance", "ph":"B", "ts":"2912294644", "pid":"1", "tid":"cice"},
{"name":"ModelAdvance", "ph":"E", "ts":"2912847514", "pid":"1", "tid":"cice"},
{"name":"ModelAdvance", "ph":"B", "ts":"2912957531", "pid":"1", "tid":"cice"},
{"name":"ModelAdvance", "ph":"E", "ts":"2913507316", "pid":"1", "tid":"cice"},
{"name":"ModelAdvance", "ph":"B", "ts":"2913646766", "pid":"1", "tid":"cice"},
{"name":"ModelAdvance", "ph":"E", "ts":"2914196051", "pid":"1", "tid":"cice"},
{"name":"ModelAdvance", "ph":"B", "ts":"2914314664", "pid":"1", "tid":"cice"},
{"name":"ModelAdvance", "ph":"E", "ts":"2914865016", "pid":"1", "tid":"cice"},
{"name":"ModelAdvance", "ph":"B", "ts":"2914981161", "pid":"1", "tid":"cice"},
{"name":"ModelAdvance", "ph":"E", "ts":"2915533376", "pid":"1", "tid":"cice"},
{"name":"ModelAdvance", "ph":"B", "ts":"2915646921", "pid":"1", "tid":"cice"},
{"name":"ModelAdvance", "ph":"E", "ts":"2916195254", "pid":"1", "tid":"cice"},
{"name":"ModelAdvance", "ph":"B", "ts":"2917923995", "pid":"1", "tid":"cice"},
{"name":"ModelAdvance", "ph":"E", "ts":"2918479178", "pid":"1", "tid":"cice"},
{"name":"ModelAdvance", "ph":"B", "ts":"2919343361", "pid":"1", "tid":"cice"},
{"name":"ModelAdvance", "ph":"E", "ts":"2919902944", "pid":"1", "tid":"cice"},
{"name":"ModelAdvance", "ph":"B", "ts":"2920654799", "pid":"1", "tid":"cice"},
{"name":"ModelAdvance", "ph":"E", "ts":"2921214379", "pid":"1", "tid":"cice"},
{"name":"ModelAdvance", "ph":"B", "ts":"2921315402", "pid":"1", "tid":"cice"},
{"name":"ModelAdvance", "ph":"E", "ts":"2921892352", "pid":"1", "tid":"cice"},
{"name":"ModelAdvance", "ph":"B", "ts":"2921975012", "pid":"1", "tid":"cice"},
{"name":"ModelAdvance", "ph":"E", "ts":"2922527277", "pid":"1", "tid":"cice"},
{"name":"ModelAdvance", "ph":"B", "ts":"2922672187", "pid":"1", "tid":"cice"},
{"name":"ModelAdvance", "ph":"E", "ts":"2923224123", "pid":"1", "tid":"cice"},
{"name":"ModelAdvance", "ph":"B", "ts":"2923329694", "pid":"1", "tid":"cice"},
{"name":"ModelAdvance", "ph":"E", "ts":"2923883199", "pid":"1", "tid":"cice"},
{"name":"ModelAdvance", "ph":"B", "ts":"2924013232", "pid":"1", "tid":"cice"},
{"name":"ModelAdvance", "ph":"E", "ts":"2924565048", "pid":"1", "tid":"cice"},
{"name":"ModelAdvance", "ph":"B", "ts":"2924716713", "pid":"1", "tid":"cice"},
{"name":"ModelAdvance", "ph":"E", "ts":"2925271502", "pid":"1", "tid":"cice"},
{"name":"ModelAdvance", "ph":"B", "ts":"2925376208", "pid":"1", "tid":"cice"},
{"name":"ModelAdvance", "ph":"E", "ts":"2925924407", "pid":"1", "tid":"cice"},
{"name":"ModelAdvance", "ph":"B", "ts":"2926035750", "pid":"1", "tid":"cice"},
{"name":"ModelAdvance", "ph":"E", "ts":"2926588338", "pid":"1", "tid":"cice"},
{"name":"ModelAdvance", "ph":"B", "ts":"2926697714", "pid":"1", "tid":"cice"},
{"name":"ModelAdvance", "ph":"E", "ts":"2927243215", "pid":"1", "tid":"cice"},
{"name":"ModelAdvance", "ph":"B", "ts":"2927374722", "pid":"1", "tid":"cice"},
{"name":"ModelAdvance", "ph":"E", "ts":"2927939562", "pid":"1", "tid":"cice"},
{"name":"ModelAdvance", "ph":"B", "ts":"2928040125", "pid":"1", "tid":"cice"},
{"name":"ModelAdvance", "ph":"E", "ts":"2928612596", "pid":"1", "tid":"cice"},
{"name":"ModelAdvance", "ph":"B", "ts":"2928698787", "pid":"1", "tid":"cice"},
{"name":"ModelAdvance", "ph":"E", "ts":"2929271545", "pid":"1", "tid":"cice"},
{"name":"ModelAdvance", "ph":"B", "ts":"2929361274", "pid":"1", "tid":"cice"},
{"name":"ModelAdvance", "ph":"E", "ts":"2929936728", "pid":"1", "tid":"cice"},
{"name":"ModelAdvance", "ph":"B", "ts":"2930023325", "pid":"1", "tid":"cice"},
{"name":"ModelAdvance", "ph":"E", "ts":"2930599985", "pid":"1", "tid":"cice"},
{"name":"ModelAdvance", "ph":"B", "ts":"2930694802", "pid":"1", "tid":"cice"},
{"name":"ModelAdvance", "ph":"E", "ts":"2931261565", "pid":"1", "tid":"cice"},
{"name":"ModelAdvance", "ph":"B", "ts":"2931353210", "pid":"1", "tid":"cice"},
{"name":"ModelAdvance", "ph":"E", "ts":"2931910121", "pid":"1", "tid":"cice"},
{"name":"ModelAdvance", "ph":"B", "ts":"2932018982", "pid":"1", "tid":"cice"},
{"name":"ModelAdvance", "ph":"E", "ts":"2932574174", "pid":"1", "tid":"cice"},
{"name":"ModelAdvance", "ph":"B", "ts":"2932738765", "pid":"1", "tid":"cice"},
{"name":"ModelAdvance", "ph":"E", "ts":"2933290187", "pid":"1", "tid":"cice"},
{"name":"ModelAdvance", "ph":"B", "ts":"2933404840", "pid":"1", "tid":"cice"},
{"name":"ModelAdvance", "ph":"E", "ts":"2933949963", "pid":"1", "tid":"cice"},
{"name":"ModelAdvance", "ph":"B", "ts":"2934062530", "pid":"1", "tid":"cice"},
{"name":"ModelAdvance", "ph":"E", "ts":"2934642807", "pid":"1", "tid":"cice"},
{"name":"ModelAdvance", "ph":"B", "ts":"2934755365", "pid":"1", "tid":"cice"},
{"name":"ModelAdvance", "ph":"E", "ts":"2935309954", "pid":"1", "tid":"cice"},
{"name":"ModelAdvance", "ph":"B", "ts":"2937117114", "pid":"1", "tid":"cice"},
{"name":"ModelAdvance", "ph":"E", "ts":"2937679276", "pid":"1", "tid":"cice"},
{"name":"ModelAdvance", "ph":"B", "ts":"2938647446", "pid":"1", "tid":"cice"},
{"name":"ModelAdvance", "ph":"E", "ts":"2939230162", "pid":"1", "tid":"cice"},
{"name":"ModelAdvance", "ph":"B", "ts":"2939868514", "pid":"1", "tid":"cice"},
{"name":"ModelAdvance", "ph":"E", "ts":"2940430188", "pid":"1", "tid":"cice"},
{"name":"ModelAdvance", "ph":"B", "ts":"2940530556", "pid":"1", "tid":"cice"},
{"name":"ModelAdvance", "ph":"E", "ts":"2941100532", "pid":"1", "tid":"cice"},
{"name":"ModelAdvance", "ph":"B", "ts":"2941242804", "pid":"1", "tid":"cice"},
{"name":"ModelAdvance", "ph":"E", "ts":"2941789275", "pid":"1", "tid":"cice"},
{"name":"ModelAdvance", "ph":"B", "ts":"2941904931", "pid":"1", "tid":"cice"},
{"name":"ModelAdvance", "ph":"E", "ts":"2942454223", "pid":"1", "tid":"cice"},
{"name":"ModelAdvance", "ph":"B", "ts":"2942590353", "pid":"1", "tid":"cice"},
{"name":"ModelAdvance", "ph":"E", "ts":"2943143823", "pid":"1", "tid":"cice"},
{"name":"ModelAdvance", "ph":"B", "ts":"2943254422", "pid":"1", "tid":"cice"},
{"name":"ModelAdvance", "ph":"E", "ts":"2943803113", "pid":"1", "tid":"cice"},
{"name":"ModelAdvance", "ph":"B", "ts":"2943953816", "pid":"1", "tid":"cice"},
{"name":"ModelAdvance", "ph":"E", "ts":"2944507050", "pid":"1", "tid":"cice"},
{"name":"ModelAdvance", "ph":"B", "ts":"2944617579", "pid":"1", "tid":"cice"},
{"name":"ModelAdvance", "ph":"E", "ts":"2945171113", "pid":"1", "tid":"cice"},
{"name":"ModelAdvance", "ph":"B", "ts":"2945287673", "pid":"1", "tid":"cice"},
{"name":"ModelAdvance", "ph":"E", "ts":"2945845747", "pid":"1", "tid":"cice"},
{"name":"ModelAdvance", "ph":"B", "ts":"2945986652", "pid":"1", "tid":"cice"},
{"name":"ModelAdvance", "ph":"E", "ts":"2946538448", "pid":"1", "tid":"cice"},
{"name":"ModelAdvance", "ph":"B", "ts":"2946706058", "pid":"1", "tid":"cice"},
{"name":"ModelAdvance", "ph":"E", "ts":"2947253234", "pid":"1", "tid":"cice"},
{"name":"ModelAdvance", "ph":"B", "ts":"2947407393", "pid":"1", "tid":"cice"},
{"name":"ModelAdvance", "ph":"E", "ts":"2947972476", "pid":"1", "tid":"cice"},
{"name":"ModelAdvance", "ph":"B", "ts":"2948064384", "pid":"1", "tid":"cice"},
{"name":"ModelAdvance", "ph":"E", "ts":"2948628937", "pid":"1", "tid":"cice"},
{"name":"ModelAdvance", "ph":"B", "ts":"2948730057", "pid":"1", "tid":"cice"},
{"name":"ModelAdvance", "ph":"E", "ts":"2949289937", "pid":"1", "tid":"cice"},
{"name":"ModelAdvance", "ph":"B", "ts":"2949388281", "pid":"1", "tid":"cice"},
{"name":"ModelAdvance", "ph":"E", "ts":"2949939564", "pid":"1", "tid":"cice"},
{"name":"ModelAdvance", "ph":"B", "ts":"2950051215", "pid":"1", "tid":"cice"},
{"name":"ModelAdvance", "ph":"E", "ts":"2950618940", "pid":"1", "tid":"cice"},
{"name":"ModelAdvance", "ph":"B", "ts":"2950714575", "pid":"1", "tid":"cice"},
{"name":"ModelAdvance", "ph":"E", "ts":"2951267502", "pid":"1", "tid":"cice"},
{"name":"ModelAdvance", "ph":"B", "ts":"2951410897", "pid":"1", "tid":"cice"},
{"name":"ModelAdvance", "ph":"E", "ts":"2951955899", "pid":"1", "tid":"cice"},
{"name":"ModelAdvance", "ph":"B", "ts":"2952069194", "pid":"1", "tid":"cice"},
{"name":"ModelAdvance", "ph":"E", "ts":"2952619583", "pid":"1", "tid":"cice"},
{"name":"ModelAdvance", "ph":"B", "ts":"2952769092", "pid":"1", "tid":"cice"},
{"name":"ModelAdvance", "ph":"E", "ts":"2953322640", "pid":"1", "tid":"cice"},
{"name":"ModelAdvance", "ph":"B", "ts":"2953452959", "pid":"1", "tid":"cice"},
{"name":"ModelAdvance", "ph":"E", "ts":"2954003409", "pid":"1", "tid":"cice"},
{"name":"ModelAdvance", "ph":"B", "ts":"2954119536", "pid":"1", "tid":"cice"},
{"name":"ModelAdvance", "ph":"E", "ts":"2954670665", "pid":"1", "tid":"cice"},
{"name":"ModelAdvance", "ph":"B", "ts":"2956810793", "pid":"1", "tid":"cice"},
{"name":"ModelAdvance", "ph":"E", "ts":"2957368864", "pid":"1", "tid":"cice"},
{"name":"ModelAdvance", "ph":"B", "ts":"2958474791", "pid":"1", "tid":"cice"},
{"name":"ModelAdvance", "ph":"E", "ts":"2959031963", "pid":"1", "tid":"cice"},
{"name":"ModelAdvance", "ph":"B", "ts":"2959368716", "pid":"1", "tid":"cice"},
{"name":"ModelAdvance", "ph":"E", "ts":"2959936497", "pid":"1", "tid":"cice"},
{"name":"ModelAdvance", "ph":"B", "ts":"2960067141", "pid":"1", "tid":"cice"},
{"name":"ModelAdvance", "ph":"E", "ts":"2960622424", "pid":"1", "tid":"cice"},
{"name":"ModelAdvance", "ph":"B", "ts":"2960763854", "pid":"1", "tid":"cice"},
{"name":"ModelAdvance", "ph":"E", "ts":"2961317502", "pid":"1", "tid":"cice"},
{"name":"ModelAdvance", "ph":"B", "ts":"2961426149", "pid":"1", "tid":"cice"},
{"name":"ModelAdvance", "ph":"E", "ts":"2961973408", "pid":"1", "tid":"cice"},
{"name":"ModelAdvance", "ph":"B", "ts":"2962102417", "pid":"1", "tid":"cice"},
{"name":"ModelAdvance", "ph":"E", "ts":"2962651005", "pid":"1", "tid":"cice"},
{"name":"ModelAdvance", "ph":"B", "ts":"2962772550", "pid":"1", "tid":"cice"},
{"name":"ModelAdvance", "ph":"E", "ts":"2963324521", "pid":"1", "tid":"cice"},
{"name":"ModelAdvance", "ph":"B", "ts":"2963430863", "pid":"1", "tid":"cice"},
{"name":"ModelAdvance", "ph":"E", "ts":"2963985847", "pid":"1", "tid":"cice"},
{"name":"ModelAdvance", "ph":"B", "ts":"2964107216", "pid":"1", "tid":"cice"},
{"name":"ModelAdvance", "ph":"E", "ts":"2964656057", "pid":"1", "tid":"cice"},
{"name":"ModelAdvance", "ph":"B", "ts":"2964786371", "pid":"1", "tid":"cice"},
{"name":"ModelAdvance", "ph":"E", "ts":"2965336103", "pid":"1", "tid":"cice"},
{"name":"ModelAdvance", "ph":"B", "ts":"2965448293", "pid":"1", "tid":"cice"},
{"name":"ModelAdvance", "ph":"E", "ts":"2965996526", "pid":"1", "tid":"cice"},
{"name":"ModelAdvance", "ph":"B", "ts":"2966165563", "pid":"1", "tid":"cice"},
{"name":"ModelAdvance", "ph":"E", "ts":"2966730576", "pid":"1", "tid":"cice"},
{"name":"ModelAdvance", "ph":"B", "ts":"2966831913", "pid":"1", "tid":"cice"},
{"name":"ModelAdvance", "ph":"E", "ts":"2967406649", "pid":"1", "tid":"cice"},
{"name":"ModelAdvance", "ph":"B", "ts":"2967492269", "pid":"1", "tid":"cice"},
{"name":"ModelAdvance", "ph":"E", "ts":"2968062685", "pid":"1", "tid":"cice"},
{"name":"ModelAdvance", "ph":"B", "ts":"2968157009", "pid":"1", "tid":"cice"},
{"name":"ModelAdvance", "ph":"E", "ts":"2968732730", "pid":"1", "tid":"cice"},
{"name":"ModelAdvance", "ph":"B", "ts":"2968827145", "pid":"1", "tid":"cice"},
{"name":"ModelAdvance", "ph":"E", "ts":"2969396306", "pid":"1", "tid":"cice"},
{"name":"ModelAdvance", "ph":"B", "ts":"2969492293", "pid":"1", "tid":"cice"},
{"name":"ModelAdvance", "ph":"E", "ts":"2970055187", "pid":"1", "tid":"cice"},
{"name":"ModelAdvance", "ph":"B", "ts":"2970151695", "pid":"1", "tid":"cice"},
{"name":"ModelAdvance", "ph":"E", "ts":"2970704655", "pid":"1", "tid":"cice"},
{"name":"ModelAdvance", "ph":"B", "ts":"2970834745", "pid":"1", "tid":"cice"},
{"name":"ModelAdvance", "ph":"E", "ts":"2971391291", "pid":"1", "tid":"cice"},
{"name":"ModelAdvance", "ph":"B", "ts":"2971494523", "pid":"1", "tid":"cice"},
{"name":"ModelAdvance", "ph":"E", "ts":"2972043228", "pid":"1", "tid":"cice"},
{"name":"ModelAdvance", "ph":"B", "ts":"2972157858", "pid":"1", "tid":"cice"},
{"name":"ModelAdvance", "ph":"E", "ts":"2972705072", "pid":"1", "tid":"cice"},
{"name":"ModelAdvance", "ph":"B", "ts":"2972849996", "pid":"1", "tid":"cice"},
{"name":"ModelAdvance", "ph":"E", "ts":"2973414697", "pid":"1", "tid":"cice"},
{"name":"ModelAdvance", "ph":"B", "ts":"2973514877", "pid":"1", "tid":"cice"},
{"name":"ModelAdvance", "ph":"E", "ts":"2974067758", "pid":"1", "tid":"cice"},
{"name":"ModelAdvance", "ph":"B", "ts":"2976379698", "pid":"1", "tid":"cice"},
{"name":"ModelAdvance", "ph":"E", "ts":"2976934836", "pid":"1", "tid":"cice"},
{"name":"ModelAdvance", "ph":"B", "ts":"2978560086", "pid":"1", "tid":"cice"},
{"name":"ModelAdvance", "ph":"E", "ts":"2979123974", "pid":"1", "tid":"cice"},
{"name":"ModelAdvance", "ph":"B", "ts":"2979218526", "pid":"1", "tid":"cice"},
{"name":"ModelAdvance", "ph":"E", "ts":"2979776128", "pid":"1", "tid":"cice"},
{"name":"ModelAdvance", "ph":"B", "ts":"2979882611", "pid":"1", "tid":"cice"},
{"name":"ModelAdvance", "ph":"E", "ts":"2980434729", "pid":"1", "tid":"cice"},
{"name":"ModelAdvance", "ph":"B", "ts":"2980546980", "pid":"1", "tid":"cice"},
{"name":"ModelAdvance", "ph":"E", "ts":"2981092161", "pid":"1", "tid":"cice"},
{"name":"ModelAdvance", "ph":"B", "ts":"2981208992", "pid":"1", "tid":"cice"},
{"name":"ModelAdvance", "ph":"E", "ts":"2981757818", "pid":"1", "tid":"cice"},
{"name":"ModelAdvance", "ph":"B", "ts":"2981869444", "pid":"1", "tid":"cice"},
{"name":"ModelAdvance", "ph":"E", "ts":"2982416212", "pid":"1", "tid":"cice"},
{"name":"ModelAdvance", "ph":"B", "ts":"2982533903", "pid":"1", "tid":"cice"},
{"name":"ModelAdvance", "ph":"E", "ts":"2983093923", "pid":"1", "tid":"cice"},
{"name":"ModelAdvance", "ph":"B", "ts":"2983213854", "pid":"1", "tid":"cice"},
{"name":"ModelAdvance", "ph":"E", "ts":"2983756308", "pid":"1", "tid":"cice"},
{"name":"ModelAdvance", "ph":"B", "ts":"2983877733", "pid":"1", "tid":"cice"},
{"name":"ModelAdvance", "ph":"E", "ts":"2984424975", "pid":"1", "tid":"cice"},
{"name":"ModelAdvance", "ph":"B", "ts":"2984555873", "pid":"1", "tid":"cice"},
{"name":"ModelAdvance", "ph":"E", "ts":"2985103109", "pid":"1", "tid":"cice"},
{"name":"ModelAdvance", "ph":"B", "ts":"2985225099", "pid":"1", "tid":"cice"},
{"name":"ModelAdvance", "ph":"E", "ts":"2985772779", "pid":"1", "tid":"cice"},
{"name":"ModelAdvance", "ph":"B", "ts":"2985902193", "pid":"1", "tid":"cice"},
{"name":"ModelAdvance", "ph":"E", "ts":"2986454225", "pid":"1", "tid":"cice"},
{"name":"ModelAdvance", "ph":"B", "ts":"2986580562", "pid":"1", "tid":"cice"},
{"name":"ModelAdvance", "ph":"E", "ts":"2987154299", "pid":"1", "tid":"cice"},
{"name":"ModelAdvance", "ph":"B", "ts":"2987241883", "pid":"1", "tid":"cice"},
{"name":"ModelAdvance", "ph":"E", "ts":"2987806078", "pid":"1", "tid":"cice"},
{"name":"ModelAdvance", "ph":"B", "ts":"2987904203", "pid":"1", "tid":"cice"},
{"name":"ModelAdvance", "ph":"E", "ts":"2988463889", "pid":"1", "tid":"cice"},
{"name":"ModelAdvance", "ph":"B", "ts":"2988562484", "pid":"1", "tid":"cice"},
{"name":"ModelAdvance", "ph":"E", "ts":"2989110999", "pid":"1", "tid":"cice"},
{"name":"ModelAdvance", "ph":"B", "ts":"2989224665", "pid":"1", "tid":"cice"},
{"name":"ModelAdvance", "ph":"E", "ts":"2989787319", "pid":"1", "tid":"cice"},
{"name":"ModelAdvance", "ph":"B", "ts":"2989881379", "pid":"1", "tid":"cice"},
{"name":"ModelAdvance", "ph":"E", "ts":"2990431548", "pid":"1", "tid":"cice"},
{"name":"ModelAdvance", "ph":"B", "ts":"2990545458", "pid":"1", "tid":"cice"},
{"name":"ModelAdvance", "ph":"E", "ts":"2991085436", "pid":"1", "tid":"cice"},
{"name":"ModelAdvance", "ph":"B", "ts":"2991204282", "pid":"1", "tid":"cice"},
{"name":"ModelAdvance", "ph":"E", "ts":"2991736444", "pid":"1", "tid":"cice"},
{"name":"ModelAdvance", "ph":"B", "ts":"2991863110", "pid":"1", "tid":"cice"},
{"name":"ModelAdvance", "ph":"E", "ts":"2992393177", "pid":"1", "tid":"cice"},
{"name":"ModelAdvance", "ph":"B", "ts":"2992527441", "pid":"1", "tid":"cice"},
{"name":"ModelAdvance", "ph":"E", "ts":"2993062098", "pid":"1", "tid":"cice"},
{"name":"ModelAdvance", "ph":"B", "ts":"2993191496", "pid":"1", "tid":"cice"},
{"name":"ModelAdvance", "ph":"E", "ts":"2993738456", "pid":"1", "tid":"cice"},
{"name":"ModelAdvance", "ph":"B", "ts":"2995613132", "pid":"1", "tid":"cice"},
{"name":"ModelAdvance", "ph":"E", "ts":"2996164095", "pid":"1", "tid":"cice"},
{"name":"ModelAdvance", "ph":"B", "ts":"2997218732", "pid":"1", "tid":"cice"},
{"name":"ModelAdvance", "ph":"E", "ts":"2997780782", "pid":"1", "tid":"cice"},
{"name":"ModelAdvance", "ph":"B", "ts":"2998342135", "pid":"1", "tid":"cice"},
{"name":"ModelAdvance", "ph":"E", "ts":"2998886772", "pid":"1", "tid":"cice"},
{"name":"ModelAdvance", "ph":"B", "ts":"2999005855", "pid":"1", "tid":"cice"},
{"name":"ModelAdvance", "ph":"E", "ts":"2999561543", "pid":"1", "tid":"cice"},
{"name":"ModelAdvance", "ph":"B", "ts":"2999668377", "pid":"1", "tid":"cice"},
{"name":"ModelAdvance", "ph":"E", "ts":"3000207468", "pid":"1", "tid":"cice"},
{"name":"ModelAdvance", "ph":"B", "ts":"3000329301", "pid":"1", "tid":"cice"},
{"name":"ModelAdvance", "ph":"E", "ts":"3000865937", "pid":"1", "tid":"cice"},
{"name":"ModelAdvance", "ph":"B", "ts":"3000986149", "pid":"1", "tid":"cice"},
{"name":"ModelAdvance", "ph":"E", "ts":"3001525707", "pid":"1", "tid":"cice"},
{"name":"ModelAdvance", "ph":"B", "ts":"3001651181", "pid":"1", "tid":"cice"},
{"name":"ModelAdvance", "ph":"E", "ts":"3002202506", "pid":"1", "tid":"cice"},
{"name":"ModelAdvance", "ph":"B", "ts":"3002328877", "pid":"1", "tid":"cice"},
{"name":"ModelAdvance", "ph":"E", "ts":"3002865459", "pid":"1", "tid":"cice"},
{"name":"ModelAdvance", "ph":"B", "ts":"3002993637", "pid":"1", "tid":"cice"},
{"name":"ModelAdvance", "ph":"E", "ts":"3003536077", "pid":"1", "tid":"cice"},
{"name":"ModelAdvance", "ph":"B", "ts":"3003652861", "pid":"1", "tid":"cice"},
{"name":"ModelAdvance", "ph":"E", "ts":"3004195621", "pid":"1", "tid":"cice"},
{"name":"ModelAdvance", "ph":"B", "ts":"3004315941", "pid":"1", "tid":"cice"},
{"name":"ModelAdvance", "ph":"E", "ts":"3004849844", "pid":"1", "tid":"cice"},
{"name":"ModelAdvance", "ph":"B", "ts":"3004990246", "pid":"1", "tid":"cice"},
{"name":"ModelAdvance", "ph":"E", "ts":"3005528145", "pid":"1", "tid":"cice"},
{"name":"ModelAdvance", "ph":"B", "ts":"3005660042", "pid":"1", "tid":"cice"},
{"name":"ModelAdvance", "ph":"E", "ts":"3006223073", "pid":"1", "tid":"cice"},
{"name":"ModelAdvance", "ph":"B", "ts":"3006320933", "pid":"1", "tid":"cice"},
{"name":"ModelAdvance", "ph":"E", "ts":"3006875975", "pid":"1", "tid":"cice"},
{"name":"ModelAdvance", "ph":"B", "ts":"3006984567", "pid":"1", "tid":"cice"},
{"name":"ModelAdvance", "ph":"E", "ts":"3007546397", "pid":"1", "tid":"cice"},
{"name":"ModelAdvance", "ph":"B", "ts":"3007654480", "pid":"1", "tid":"cice"},
{"name":"ModelAdvance", "ph":"E", "ts":"3008198173", "pid":"1", "tid":"cice"},
{"name":"ModelAdvance", "ph":"B", "ts":"3008318137", "pid":"1", "tid":"cice"},
{"name":"ModelAdvance", "ph":"E", "ts":"3008861896", "pid":"1", "tid":"cice"},
{"name":"ModelAdvance", "ph":"B", "ts":"3008977830", "pid":"1", "tid":"cice"},
{"name":"ModelAdvance", "ph":"E", "ts":"3009522333", "pid":"1", "tid":"cice"},
{"name":"ModelAdvance", "ph":"B", "ts":"3009640838", "pid":"1", "tid":"cice"},
{"name":"ModelAdvance", "ph":"E", "ts":"3010179737", "pid":"1", "tid":"cice"},
{"name":"ModelAdvance", "ph":"B", "ts":"3010300678", "pid":"1", "tid":"cice"},
{"name":"ModelAdvance", "ph":"E", "ts":"3010834982", "pid":"1", "tid":"cice"},
{"name":"ModelAdvance", "ph":"B", "ts":"3010961640", "pid":"1", "tid":"cice"},
{"name":"ModelAdvance", "ph":"E", "ts":"3011498350", "pid":"1", "tid":"cice"},
{"name":"ModelAdvance", "ph":"B", "ts":"3011625418", "pid":"1", "tid":"cice"},
{"name":"ModelAdvance", "ph":"E", "ts":"3012168822", "pid":"1", "tid":"cice"},
{"name":"ModelAdvance", "ph":"B", "ts":"3012293759", "pid":"1", "tid":"cice"},
{"name":"ModelAdvance", "ph":"E", "ts":"3015424750", "pid":"1", "tid":"cice"},
{"name":"ModelAdvance", "ph":"B", "ts":"3015477124", "pid":"1", "tid":"cice"},
{"name":"ModelAdvance", "ph":"E", "ts":"3016025761", "pid":"1", "tid":"cice"},
{"name":"ModelAdvance", "ph":"B", "ts":"3017530936", "pid":"1", "tid":"cice"},
{"name":"ModelAdvance", "ph":"E", "ts":"3018080410", "pid":"1", "tid":"cice"},
{"name":"ModelAdvance", "ph":"B", "ts":"3018222691", "pid":"1", "tid":"cice"},
{"name":"ModelAdvance", "ph":"E", "ts":"3018765973", "pid":"1", "tid":"cice"},
{"name":"ModelAdvance", "ph":"B", "ts":"3018885257", "pid":"1", "tid":"cice"},
{"name":"ModelAdvance", "ph":"E", "ts":"3019437112", "pid":"1", "tid":"cice"},
{"name":"ModelAdvance", "ph":"B", "ts":"3019562252", "pid":"1", "tid":"cice"},
{"name":"ModelAdvance", "ph":"E", "ts":"3020106162", "pid":"1", "tid":"cice"},
{"name":"ModelAdvance", "ph":"B", "ts":"3020226417", "pid":"1", "tid":"cice"},
{"name":"ModelAdvance", "ph":"E", "ts":"3020755270", "pid":"1", "tid":"cice"},
{"name":"ModelAdvance", "ph":"B", "ts":"3020883267", "pid":"1", "tid":"cice"},
{"name":"ModelAdvance", "ph":"E", "ts":"3021420944", "pid":"1", "tid":"cice"},
{"name":"ModelAdvance", "ph":"B", "ts":"3021549574", "pid":"1", "tid":"cice"},
{"name":"ModelAdvance", "ph":"E", "ts":"3022078292", "pid":"1", "tid":"cice"},
{"name":"ModelAdvance", "ph":"B", "ts":"3022211313", "pid":"1", "tid":"cice"},
{"name":"ModelAdvance", "ph":"E", "ts":"3022751184", "pid":"1", "tid":"cice"},
{"name":"ModelAdvance", "ph":"B", "ts":"3022877890", "pid":"1", "tid":"cice"},
{"name":"ModelAdvance", "ph":"E", "ts":"3023415441", "pid":"1", "tid":"cice"},
{"name":"ModelAdvance", "ph":"B", "ts":"3023536342", "pid":"1", "tid":"cice"},
{"name":"ModelAdvance", "ph":"E", "ts":"3024071238", "pid":"1", "tid":"cice"},
{"name":"ModelAdvance", "ph":"B", "ts":"3024218560", "pid":"1", "tid":"cice"},
{"name":"ModelAdvance", "ph":"E", "ts":"3024760357", "pid":"1", "tid":"cice"},
{"name":"ModelAdvance", "ph":"B", "ts":"3025863610", "pid":"1", "tid":"cice"},
{"name":"ModelAdvance", "ph":"E", "ts":"3026413966", "pid":"1", "tid":"cice"},
{"name":"ModelAdvance", "ph":"B", "ts":"3026548917", "pid":"1", "tid":"cice"},
{"name":"ModelAdvance", "ph":"E", "ts":"3027110532", "pid":"1", "tid":"cice"},
{"name":"ModelAdvance", "ph":"B", "ts":"3027210449", "pid":"1", "tid":"cice"},
{"name":"ModelAdvance", "ph":"E", "ts":"3027767188", "pid":"1", "tid":"cice"},
{"name":"ModelAdvance", "ph":"B", "ts":"3027874277", "pid":"1", "tid":"cice"},
{"name":"ModelAdvance", "ph":"E", "ts":"3028425704", "pid":"1", "tid":"cice"},
{"name":"ModelAdvance", "ph":"B", "ts":"3028533567", "pid":"1", "tid":"cice"},
{"name":"ModelAdvance", "ph":"E", "ts":"3029075569", "pid":"1", "tid":"cice"},
{"name":"ModelAdvance", "ph":"B", "ts":"3029196827", "pid":"1", "tid":"cice"},
{"name":"ModelAdvance", "ph":"E", "ts":"3029751181", "pid":"1", "tid":"cice"},
{"name":"ModelAdvance", "ph":"B", "ts":"3029852508", "pid":"1", "tid":"cice"},
{"name":"ModelAdvance", "ph":"E", "ts":"3030395950", "pid":"1", "tid":"cice"},
{"name":"ModelAdvance", "ph":"B", "ts":"3030512340", "pid":"1", "tid":"cice"},
{"name":"ModelAdvance", "ph":"E", "ts":"3031053508", "pid":"1", "tid":"cice"},
{"name":"ModelAdvance", "ph":"B", "ts":"3031177372", "pid":"1", "tid":"cice"},
{"name":"ModelAdvance", "ph":"E", "ts":"3031716601", "pid":"1", "tid":"cice"},
{"name":"ModelAdvance", "ph":"B", "ts":"3031862327", "pid":"1", "tid":"cice"},
{"name":"ModelAdvance", "ph":"E", "ts":"3032399301", "pid":"1", "tid":"cice"},
{"name":"ModelAdvance", "ph":"B", "ts":"3032526420", "pid":"1", "tid":"cice"},
{"name":"ModelAdvance", "ph":"E", "ts":"3033063217", "pid":"1", "tid":"cice"},
{"name":"ModelAdvance", "ph":"B", "ts":"3033202321", "pid":"1", "tid":"cice"},
{"name":"ModelAdvance", "ph":"E", "ts":"3033736925", "pid":"1", "tid":"cice"},
{"name":"ModelAdvance", "ph":"B", "ts":"3035752127", "pid":"1", "tid":"cice"},
{"name":"ModelAdvance", "ph":"E", "ts":"3036304036", "pid":"1", "tid":"cice"},
{"name":"ModelAdvance", "ph":"B", "ts":"3037323957", "pid":"1", "tid":"cice"},
{"name":"ModelAdvance", "ph":"E", "ts":"3037884972", "pid":"1", "tid":"cice"},
{"name":"ModelAdvance", "ph":"B", "ts":"3038335191", "pid":"1", "tid":"cice"},
{"name":"ModelAdvance", "ph":"E", "ts":"3038880525", "pid":"1", "tid":"cice"},
{"name":"ModelAdvance", "ph":"B", "ts":"3038995417", "pid":"1", "tid":"cice"},
{"name":"ModelAdvance", "ph":"E", "ts":"3039547661", "pid":"1", "tid":"cice"},
{"name":"ModelAdvance", "ph":"B", "ts":"3039678022", "pid":"1", "tid":"cice"},
{"name":"ModelAdvance", "ph":"E", "ts":"3040214653", "pid":"1", "tid":"cice"},
{"name":"ModelAdvance", "ph":"B", "ts":"3040341555", "pid":"1", "tid":"cice"},
{"name":"ModelAdvance", "ph":"E", "ts":"3040872484", "pid":"1", "tid":"cice"},
{"name":"ModelAdvance", "ph":"B", "ts":"3041027282", "pid":"1", "tid":"cice"},
{"name":"ModelAdvance", "ph":"E", "ts":"3041570313", "pid":"1", "tid":"cice"},
{"name":"ModelAdvance", "ph":"B", "ts":"3041690724", "pid":"1", "tid":"cice"},
{"name":"ModelAdvance", "ph":"E", "ts":"3042225694", "pid":"1", "tid":"cice"},
{"name":"ModelAdvance", "ph":"B", "ts":"3042348625", "pid":"1", "tid":"cice"},
{"name":"ModelAdvance", "ph":"E", "ts":"3042884532", "pid":"1", "tid":"cice"},
{"name":"ModelAdvance", "ph":"B", "ts":"3043015468", "pid":"1", "tid":"cice"},
{"name":"ModelAdvance", "ph":"E", "ts":"3043559505", "pid":"1", "tid":"cice"},
{"name":"ModelAdvance", "ph":"B", "ts":"3043675393", "pid":"1", "tid":"cice"},
{"name":"ModelAdvance", "ph":"E", "ts":"3044216816", "pid":"1", "tid":"cice"},
{"name":"ModelAdvance", "ph":"B", "ts":"3044339718", "pid":"1", "tid":"cice"},
{"name":"ModelAdvance", "ph":"E", "ts":"3044873715", "pid":"1", "tid":"cice"},
{"name":"ModelAdvance", "ph":"B", "ts":"3045028890", "pid":"1", "tid":"cice"},
{"name":"ModelAdvance", "ph":"E", "ts":"3045576129", "pid":"1", "tid":"cice"},
{"name":"ModelAdvance", "ph":"B", "ts":"3045702840", "pid":"1", "tid":"cice"},
{"name":"ModelAdvance", "ph":"E", "ts":"3046263020", "pid":"1", "tid":"cice"},
{"name":"ModelAdvance", "ph":"B", "ts":"3046362958", "pid":"1", "tid":"cice"},
{"name":"ModelAdvance", "ph":"E", "ts":"3046924634", "pid":"1", "tid":"cice"},
{"name":"ModelAdvance", "ph":"B", "ts":"3047026082", "pid":"1", "tid":"cice"},
{"name":"ModelAdvance", "ph":"E", "ts":"3047582402", "pid":"1", "tid":"cice"},
{"name":"ModelAdvance", "ph":"B", "ts":"3047684853", "pid":"1", "tid":"cice"},
{"name":"ModelAdvance", "ph":"E", "ts":"3048237338", "pid":"1", "tid":"cice"},
{"name":"ModelAdvance", "ph":"B", "ts":"3048346809", "pid":"1", "tid":"cice"},
{"name":"ModelAdvance", "ph":"E", "ts":"3048889427", "pid":"1", "tid":"cice"},
{"name":"ModelAdvance", "ph":"B", "ts":"3049028675", "pid":"1", "tid":"cice"},
{"name":"ModelAdvance", "ph":"E", "ts":"3049571504", "pid":"1", "tid":"cice"},
{"name":"ModelAdvance", "ph":"B", "ts":"3049689055", "pid":"1", "tid":"cice"},
{"name":"ModelAdvance", "ph":"E", "ts":"3050219152", "pid":"1", "tid":"cice"},
{"name":"ModelAdvance", "ph":"B", "ts":"3050346275", "pid":"1", "tid":"cice"},
{"name":"ModelAdvance", "ph":"E", "ts":"3050882719", "pid":"1", "tid":"cice"},
{"name":"ModelAdvance", "ph":"B", "ts":"3051021301", "pid":"1", "tid":"cice"},
{"name":"ModelAdvance", "ph":"E", "ts":"3051555352", "pid":"1", "tid":"cice"},
{"name":"ModelAdvance", "ph":"B", "ts":"3051683276", "pid":"1", "tid":"cice"},
{"name":"ModelAdvance", "ph":"E", "ts":"3052225049", "pid":"1", "tid":"cice"},
{"name":"ModelAdvance", "ph":"B", "ts":"3052344465", "pid":"1", "tid":"cice"},
{"name":"ModelAdvance", "ph":"E", "ts":"3052879128", "pid":"1", "tid":"cice"},
{"name":"ModelAdvance", "ph":"B", "ts":"3054937441", "pid":"1", "tid":"cice"},
{"name":"ModelAdvance", "ph":"E", "ts":"3055480731", "pid":"1", "tid":"cice"},
{"name":"ModelAdvance", "ph":"B", "ts":"3056674971", "pid":"1", "tid":"cice"},
{"name":"ModelAdvance", "ph":"E", "ts":"3057205458", "pid":"1", "tid":"cice"},
{"name":"ModelAdvance", "ph":"B", "ts":"3057628010", "pid":"1", "tid":"cice"},
{"name":"ModelAdvance", "ph":"E", "ts":"3058176099", "pid":"1", "tid":"cice"},
{"name":"ModelAdvance", "ph":"B", "ts":"3058306062", "pid":"1", "tid":"cice"},
{"name":"ModelAdvance", "ph":"E", "ts":"3058864043", "pid":"1", "tid":"cice"},
{"name":"ModelAdvance", "ph":"B", "ts":"3058963877", "pid":"1", "tid":"cice"},
{"name":"ModelAdvance", "ph":"E", "ts":"3059510000", "pid":"1", "tid":"cice"},
{"name":"ModelAdvance", "ph":"B", "ts":"3059626604", "pid":"1", "tid":"cice"},
{"name":"ModelAdvance", "ph":"E", "ts":"3060173522", "pid":"1", "tid":"cice"},
{"name":"ModelAdvance", "ph":"B", "ts":"3060297392", "pid":"1", "tid":"cice"},
{"name":"ModelAdvance", "ph":"E", "ts":"3060833584", "pid":"1", "tid":"cice"},
{"name":"ModelAdvance", "ph":"B", "ts":"3060959771", "pid":"1", "tid":"cice"},
{"name":"ModelAdvance", "ph":"E", "ts":"3061498597", "pid":"1", "tid":"cice"},
{"name":"ModelAdvance", "ph":"B", "ts":"3061618114", "pid":"1", "tid":"cice"},
{"name":"ModelAdvance", "ph":"E", "ts":"3062161008", "pid":"1", "tid":"cice"},
{"name":"ModelAdvance", "ph":"B", "ts":"3062279899", "pid":"1", "tid":"cice"},
{"name":"ModelAdvance", "ph":"E", "ts":"3062812511", "pid":"1", "tid":"cice"},
{"name":"ModelAdvance", "ph":"B", "ts":"3062936466", "pid":"1", "tid":"cice"},
{"name":"ModelAdvance", "ph":"E", "ts":"3063477164", "pid":"1", "tid":"cice"},
{"name":"ModelAdvance", "ph":"B", "ts":"3063613348", "pid":"1", "tid":"cice"},
{"name":"ModelAdvance", "ph":"E", "ts":"3064148218", "pid":"1", "tid":"cice"},
{"name":"ModelAdvance", "ph":"B", "ts":"3064306628", "pid":"1", "tid":"cice"},
{"name":"ModelAdvance", "ph":"E", "ts":"3064859353", "pid":"1", "tid":"cice"},
{"name":"ModelAdvance", "ph":"B", "ts":"3064985226", "pid":"1", "tid":"cice"},
{"name":"ModelAdvance", "ph":"E", "ts":"3065549456", "pid":"1", "tid":"cice"},
{"name":"ModelAdvance", "ph":"B", "ts":"3065646896", "pid":"1", "tid":"cice"},
{"name":"ModelAdvance", "ph":"E", "ts":"3066205516", "pid":"1", "tid":"cice"},
{"name":"ModelAdvance", "ph":"B", "ts":"3066329594", "pid":"1", "tid":"cice"},
{"name":"ModelAdvance", "ph":"E", "ts":"3066883317", "pid":"1", "tid":"cice"},
{"name":"ModelAdvance", "ph":"B", "ts":"3066986324", "pid":"1", "tid":"cice"},
{"name":"ModelAdvance", "ph":"E", "ts":"3067548209", "pid":"1", "tid":"cice"},
{"name":"ModelAdvance", "ph":"B", "ts":"3067667976", "pid":"1", "tid":"cice"},
{"name":"ModelAdvance", "ph":"E", "ts":"3068228462", "pid":"1", "tid":"cice"},
{"name":"ModelAdvance", "ph":"B", "ts":"3068328170", "pid":"1", "tid":"cice"},
{"name":"ModelAdvance", "ph":"E", "ts":"3068871930", "pid":"1", "tid":"cice"},
{"name":"ModelAdvance", "ph":"B", "ts":"3068988254", "pid":"1", "tid":"cice"},
{"name":"ModelAdvance", "ph":"E", "ts":"3069524324", "pid":"1", "tid":"cice"},
{"name":"ModelAdvance", "ph":"B", "ts":"3069649877", "pid":"1", "tid":"cice"},
{"name":"ModelAdvance", "ph":"E", "ts":"3070188999", "pid":"1", "tid":"cice"},
{"name":"ModelAdvance", "ph":"B", "ts":"3070314586", "pid":"1", "tid":"cice"},
{"name":"ModelAdvance", "ph":"E", "ts":"3070854156", "pid":"1", "tid":"cice"},
{"name":"ModelAdvance", "ph":"B", "ts":"3070972415", "pid":"1", "tid":"cice"},
{"name":"ModelAdvance", "ph":"E", "ts":"3071518319", "pid":"1", "tid":"cice"},
{"name":"ModelAdvance", "ph":"B", "ts":"3071636720", "pid":"1", "tid":"cice"},
{"name":"ModelAdvance", "ph":"E", "ts":"3072173171", "pid":"1", "tid":"cice"},
{"name":"ModelAdvance", "ph":"B", "ts":"3073952682", "pid":"1", "tid":"cice"},
{"name":"ModelAdvance", "ph":"E", "ts":"3074495858", "pid":"1", "tid":"cice"},
{"name":"ModelAdvance", "ph":"B", "ts":"3075488542", "pid":"1", "tid":"cice"},
{"name":"ModelAdvance", "ph":"E", "ts":"3076043500", "pid":"1", "tid":"cice"},
{"name":"ModelAdvance", "ph":"B", "ts":"3076801449", "pid":"1", "tid":"cice"},
{"name":"ModelAdvance", "ph":"E", "ts":"3077342887", "pid":"1", "tid":"cice"},
{"name":"ModelAdvance", "ph":"B", "ts":"3077486195", "pid":"1", "tid":"cice"},
{"name":"ModelAdvance", "ph":"E", "ts":"3078021804", "pid":"1", "tid":"cice"},
{"name":"ModelAdvance", "ph":"B", "ts":"3078146451", "pid":"1", "tid":"cice"},
{"name":"ModelAdvance", "ph":"E", "ts":"3078689562", "pid":"1", "tid":"cice"},
{"name":"ModelAdvance", "ph":"B", "ts":"3078805836", "pid":"1", "tid":"cice"},
{"name":"ModelAdvance", "ph":"E", "ts":"3079339959", "pid":"1", "tid":"cice"},
{"name":"ModelAdvance", "ph":"B", "ts":"3079463687", "pid":"1", "tid":"cice"},
{"name":"ModelAdvance", "ph":"E", "ts":"3080025109", "pid":"1", "tid":"cice"},
{"name":"ModelAdvance", "ph":"B", "ts":"3080157639", "pid":"1", "tid":"cice"},
{"name":"ModelAdvance", "ph":"E", "ts":"3080694205", "pid":"1", "tid":"cice"},
{"name":"ModelAdvance", "ph":"B", "ts":"3080817166", "pid":"1", "tid":"cice"},
{"name":"ModelAdvance", "ph":"E", "ts":"3081353287", "pid":"1", "tid":"cice"},
{"name":"ModelAdvance", "ph":"B", "ts":"3081497239", "pid":"1", "tid":"cice"},
{"name":"ModelAdvance", "ph":"E", "ts":"3082029389", "pid":"1", "tid":"cice"},
{"name":"ModelAdvance", "ph":"B", "ts":"3082155078", "pid":"1", "tid":"cice"},
{"name":"ModelAdvance", "ph":"E", "ts":"3082694748", "pid":"1", "tid":"cice"},
{"name":"ModelAdvance", "ph":"B", "ts":"3082817241", "pid":"1", "tid":"cice"},
{"name":"ModelAdvance", "ph":"E", "ts":"3083457641", "pid":"1", "tid":"cice"},
{"name":"ModelAdvance", "ph":"B", "ts":"3083594937", "pid":"1", "tid":"cice"},
{"name":"ModelAdvance", "ph":"E", "ts":"3084128427", "pid":"1", "tid":"cice"},
{"name":"ModelAdvance", "ph":"B", "ts":"3084257232", "pid":"1", "tid":"cice"},
{"name":"ModelAdvance", "ph":"E", "ts":"3084815932", "pid":"1", "tid":"cice"},
{"name":"ModelAdvance", "ph":"B", "ts":"3084920300", "pid":"1", "tid":"cice"},
{"name":"ModelAdvance", "ph":"E", "ts":"3085477007", "pid":"1", "tid":"cice"},
{"name":"ModelAdvance", "ph":"B", "ts":"3085582077", "pid":"1", "tid":"cice"},
{"name":"ModelAdvance", "ph":"E", "ts":"3086138453", "pid":"1", "tid":"cice"},
{"name":"ModelAdvance", "ph":"B", "ts":"3086269290", "pid":"1", "tid":"cice"},
{"name":"ModelAdvance", "ph":"E", "ts":"3086822860", "pid":"1", "tid":"cice"},
{"name":"ModelAdvance", "ph":"B", "ts":"3086930109", "pid":"1", "tid":"cice"},
{"name":"ModelAdvance", "ph":"E", "ts":"3087487077", "pid":"1", "tid":"cice"},
{"name":"ModelAdvance", "ph":"B", "ts":"3087591265", "pid":"1", "tid":"cice"},
{"name":"ModelAdvance", "ph":"E", "ts":"3088138092", "pid":"1", "tid":"cice"},
{"name":"ModelAdvance", "ph":"B", "ts":"3088249463", "pid":"1", "tid":"cice"},
{"name":"ModelAdvance", "ph":"E", "ts":"3088787397", "pid":"1", "tid":"cice"},
{"name":"ModelAdvance", "ph":"B", "ts":"3088920223", "pid":"1", "tid":"cice"},
{"name":"ModelAdvance", "ph":"E", "ts":"3089458290", "pid":"1", "tid":"cice"},
{"name":"ModelAdvance", "ph":"B", "ts":"3089593275", "pid":"1", "tid":"cice"},
{"name":"ModelAdvance", "ph":"E", "ts":"3090126862", "pid":"1", "tid":"cice"},
{"name":"ModelAdvance", "ph":"B", "ts":"3090248673", "pid":"1", "tid":"cice"},
{"name":"ModelAdvance", "ph":"E", "ts":"3090784215", "pid":"1", "tid":"cice"},
{"name":"ModelAdvance", "ph":"B", "ts":"3090917661", "pid":"1", "tid":"cice"},
{"name":"ModelAdvance", "ph":"E", "ts":"3091455755", "pid":"1", "tid":"cice"},
{"name":"ModelAdvance", "ph":"B", "ts":"3094467119", "pid":"1", "tid":"cice"},
{"name":"ModelAdvance", "ph":"E", "ts":"3095014854", "pid":"1", "tid":"cice"},
{"name":"ModelAdvance", "ph":"B", "ts":"3096650906", "pid":"1", "tid":"cice"},
{"name":"ModelAdvance", "ph":"E", "ts":"3097209293", "pid":"1", "tid":"cice"},
{"name":"ModelAdvance", "ph":"B", "ts":"3097309313", "pid":"1", "tid":"cice"},
{"name":"ModelAdvance", "ph":"E", "ts":"3097859823", "pid":"1", "tid":"cice"},
{"name":"ModelAdvance", "ph":"B", "ts":"3097969692", "pid":"1", "tid":"cice"},
{"name":"ModelAdvance", "ph":"E", "ts":"3098514737", "pid":"1", "tid":"cice"},
{"name":"ModelAdvance", "ph":"B", "ts":"3098628548", "pid":"1", "tid":"cice"},
{"name":"ModelAdvance", "ph":"E", "ts":"3099167422", "pid":"1", "tid":"cice"},
{"name":"ModelAdvance", "ph":"B", "ts":"3099298946", "pid":"1", "tid":"cice"},
{"name":"ModelAdvance", "ph":"E", "ts":"3099832536", "pid":"1", "tid":"cice"},
{"name":"ModelAdvance", "ph":"B", "ts":"3099956955", "pid":"1", "tid":"cice"},
{"name":"ModelAdvance", "ph":"E", "ts":"3100499958", "pid":"1", "tid":"cice"},
{"name":"ModelAdvance", "ph":"B", "ts":"3100616809", "pid":"1", "tid":"cice"},
{"name":"ModelAdvance", "ph":"E", "ts":"3101154632", "pid":"1", "tid":"cice"},
{"name":"ModelAdvance", "ph":"B", "ts":"3101277256", "pid":"1", "tid":"cice"},
{"name":"ModelAdvance", "ph":"E", "ts":"3101823408", "pid":"1", "tid":"cice"},
{"name":"ModelAdvance", "ph":"B", "ts":"3101935851", "pid":"1", "tid":"cice"},
{"name":"ModelAdvance", "ph":"E", "ts":"3102481458", "pid":"1", "tid":"cice"},
{"name":"ModelAdvance", "ph":"B", "ts":"3102597443", "pid":"1", "tid":"cice"},
{"name":"ModelAdvance", "ph":"E", "ts":"3103132636", "pid":"1", "tid":"cice"},
{"name":"ModelAdvance", "ph":"B", "ts":"3103256627", "pid":"1", "tid":"cice"},
{"name":"ModelAdvance", "ph":"E", "ts":"3103804738", "pid":"1", "tid":"cice"},
{"name":"ModelAdvance", "ph":"B", "ts":"3103934667", "pid":"1", "tid":"cice"},
{"name":"ModelAdvance", "ph":"E", "ts":"3104491415", "pid":"1", "tid":"cice"},
{"name":"ModelAdvance", "ph":"B", "ts":"3104605791", "pid":"1", "tid":"cice"},
{"name":"ModelAdvance", "ph":"E", "ts":"3105174973", "pid":"1", "tid":"cice"},
{"name":"ModelAdvance", "ph":"B", "ts":"3105264360", "pid":"1", "tid":"cice"},
{"name":"ModelAdvance", "ph":"E", "ts":"3105824421", "pid":"1", "tid":"cice"},
{"name":"ModelAdvance", "ph":"B", "ts":"3105922512", "pid":"1", "tid":"cice"},
{"name":"ModelAdvance", "ph":"E", "ts":"3106483778", "pid":"1", "tid":"cice"},
{"name":"ModelAdvance", "ph":"B", "ts":"3106583731", "pid":"1", "tid":"cice"},
{"name":"ModelAdvance", "ph":"E", "ts":"3107145276", "pid":"1", "tid":"cice"},
{"name":"ModelAdvance", "ph":"B", "ts":"3107243448", "pid":"1", "tid":"cice"},
{"name":"ModelAdvance", "ph":"E", "ts":"3107798480", "pid":"1", "tid":"cice"},
{"name":"ModelAdvance", "ph":"B", "ts":"3107898127", "pid":"1", "tid":"cice"},
{"name":"ModelAdvance", "ph":"E", "ts":"3108460725", "pid":"1", "tid":"cice"},
{"name":"ModelAdvance", "ph":"B", "ts":"3108559719", "pid":"1", "tid":"cice"},
{"name":"ModelAdvance", "ph":"E", "ts":"3109124214", "pid":"1", "tid":"cice"},
{"name":"ModelAdvance", "ph":"B", "ts":"3109243293", "pid":"1", "tid":"cice"},
{"name":"ModelAdvance", "ph":"E", "ts":"3109792155", "pid":"1", "tid":"cice"},
{"name":"ModelAdvance", "ph":"B", "ts":"3109902191", "pid":"1", "tid":"cice"},
{"name":"ModelAdvance", "ph":"E", "ts":"3110457284", "pid":"1", "tid":"cice"},
{"name":"ModelAdvance", "ph":"B", "ts":"3110561758", "pid":"1", "tid":"cice"},
{"name":"ModelAdvance", "ph":"E", "ts":"3111114773", "pid":"1", "tid":"cice"},
{"name":"ModelAdvance", "ph":"B", "ts":"3111219242", "pid":"1", "tid":"cice"},
{"name":"ModelAdvance", "ph":"E", "ts":"3111770289", "pid":"1", "tid":"cice"},
{"name":"ModelAdvance", "ph":"B", "ts":"3114019934", "pid":"1", "tid":"cice"},
{"name":"ModelAdvance", "ph":"E", "ts":"3114571235", "pid":"1", "tid":"cice"},
{"name":"ModelAdvance", "ph":"B", "ts":"3116123032", "pid":"1", "tid":"cice"},
{"name":"ModelAdvance", "ph":"E", "ts":"3116685822", "pid":"1", "tid":"cice"},
{"name":"ModelAdvance", "ph":"B", "ts":"3116963538", "pid":"1", "tid":"cice"},
{"name":"ModelAdvance", "ph":"E", "ts":"3117531162", "pid":"1", "tid":"cice"},
{"name":"ModelAdvance", "ph":"B", "ts":"3117621335", "pid":"1", "tid":"cice"},
{"name":"ModelAdvance", "ph":"E", "ts":"3118175845", "pid":"1", "tid":"cice"},
{"name":"ModelAdvance", "ph":"B", "ts":"3118276525", "pid":"1", "tid":"cice"},
{"name":"ModelAdvance", "ph":"E", "ts":"3118832407", "pid":"1", "tid":"cice"},
{"name":"ModelAdvance", "ph":"B", "ts":"3118939423", "pid":"1", "tid":"cice"},
{"name":"ModelAdvance", "ph":"E", "ts":"3119502418", "pid":"1", "tid":"cice"},
{"name":"ModelAdvance", "ph":"B", "ts":"3119594472", "pid":"1", "tid":"cice"},
{"name":"ModelAdvance", "ph":"E", "ts":"3120138176", "pid":"1", "tid":"cice"},
{"name":"ModelAdvance", "ph":"B", "ts":"3120262603", "pid":"1", "tid":"cice"},
{"name":"ModelAdvance", "ph":"E", "ts":"3120817695", "pid":"1", "tid":"cice"},
{"name":"ModelAdvance", "ph":"B", "ts":"3120917201", "pid":"1", "tid":"cice"},
{"name":"ModelAdvance", "ph":"E", "ts":"3121472435", "pid":"1", "tid":"cice"},
{"name":"ModelAdvance", "ph":"B", "ts":"3121574601", "pid":"1", "tid":"cice"},
{"name":"ModelAdvance", "ph":"E", "ts":"3122125873", "pid":"1", "tid":"cice"},
{"name":"ModelAdvance", "ph":"B", "ts":"3122230084", "pid":"1", "tid":"cice"},
{"name":"ModelAdvance", "ph":"E", "ts":"3122786031", "pid":"1", "tid":"cice"},
{"name":"ModelAdvance", "ph":"B", "ts":"3122888927", "pid":"1", "tid":"cice"},
{"name":"ModelAdvance", "ph":"E", "ts":"3123436685", "pid":"1", "tid":"cice"},
{"name":"ModelAdvance", "ph":"B", "ts":"3123568586", "pid":"1", "tid":"cice"},
{"name":"ModelAdvance", "ph":"E", "ts":"3124123528", "pid":"1", "tid":"cice"},
{"name":"ModelAdvance", "ph":"B", "ts":"3124228580", "pid":"1", "tid":"cice"},
{"name":"ModelAdvance", "ph":"E", "ts":"3124803367", "pid":"1", "tid":"cice"},
{"name":"ModelAdvance", "ph":"B", "ts":"3124886571", "pid":"1", "tid":"cice"},
{"name":"ModelAdvance", "ph":"E", "ts":"3125459726", "pid":"1", "tid":"cice"},
{"name":"ModelAdvance", "ph":"B", "ts":"3125543285", "pid":"1", "tid":"cice"},
{"name":"ModelAdvance", "ph":"E", "ts":"3126113909", "pid":"1", "tid":"cice"},
{"name":"ModelAdvance", "ph":"B", "ts":"3126198345", "pid":"1", "tid":"cice"},
{"name":"ModelAdvance", "ph":"E", "ts":"3126761035", "pid":"1", "tid":"cice"},
{"name":"ModelAdvance", "ph":"B", "ts":"3126856316", "pid":"1", "tid":"cice"},
{"name":"ModelAdvance", "ph":"E", "ts":"3127413211", "pid":"1", "tid":"cice"},
{"name":"ModelAdvance", "ph":"B", "ts":"3127508991", "pid":"1", "tid":"cice"},
{"name":"ModelAdvance", "ph":"E", "ts":"3128061174", "pid":"1", "tid":"cice"},
{"name":"ModelAdvance", "ph":"B", "ts":"3128168056", "pid":"1", "tid":"cice"},
{"name":"ModelAdvance", "ph":"E", "ts":"3128741201", "pid":"1", "tid":"cice"},
{"name":"ModelAdvance", "ph":"B", "ts":"3128840287", "pid":"1", "tid":"cice"},
{"name":"ModelAdvance", "ph":"E", "ts":"3129386978", "pid":"1", "tid":"cice"},
{"name":"ModelAdvance", "ph":"B", "ts":"3129495832", "pid":"1", "tid":"cice"},
{"name":"ModelAdvance", "ph":"E", "ts":"3130051327", "pid":"1", "tid":"cice"},
{"name":"ModelAdvance", "ph":"B", "ts":"3130151281", "pid":"1", "tid":"cice"},
{"name":"ModelAdvance", "ph":"E", "ts":"3130704270", "pid":"1", "tid":"cice"},
{"name":"ModelAdvance", "ph":"B", "ts":"3130807160", "pid":"1", "tid":"cice"},
{"name":"ModelAdvance", "ph":"E", "ts":"3133542603", "pid":"1", "tid":"cice"},
{"name":"ModelAdvance", "ph":"B", "ts":"3134086637", "pid":"1", "tid":"cice"},
{"name":"ModelAdvance", "ph":"E", "ts":"3134650985", "pid":"1", "tid":"cice"},
{"name":"ModelAdvance", "ph":"B", "ts":"3136452434", "pid":"1", "tid":"cice"},
{"name":"ModelAdvance", "ph":"E", "ts":"3137007004", "pid":"1", "tid":"cice"},
{"name":"ModelAdvance", "ph":"B", "ts":"3137107520", "pid":"1", "tid":"cice"},
{"name":"ModelAdvance", "ph":"E", "ts":"3137665176", "pid":"1", "tid":"cice"},
{"name":"ModelAdvance", "ph":"B", "ts":"3137762656", "pid":"1", "tid":"cice"},
{"name":"ModelAdvance", "ph":"E", "ts":"3138321002", "pid":"1", "tid":"cice"},
{"name":"ModelAdvance", "ph":"B", "ts":"3138433305", "pid":"1", "tid":"cice"},
{"name":"ModelAdvance", "ph":"E", "ts":"3138981732", "pid":"1", "tid":"cice"},
{"name":"ModelAdvance", "ph":"B", "ts":"3139087497", "pid":"1", "tid":"cice"},
{"name":"ModelAdvance", "ph":"E", "ts":"3139645262", "pid":"1", "tid":"cice"},
{"name":"ModelAdvance", "ph":"B", "ts":"3139744319", "pid":"1", "tid":"cice"},
{"name":"ModelAdvance", "ph":"E", "ts":"3140297520", "pid":"1", "tid":"cice"},
{"name":"ModelAdvance", "ph":"B", "ts":"3140398670", "pid":"1", "tid":"cice"},
{"name":"ModelAdvance", "ph":"E", "ts":"3140946447", "pid":"1", "tid":"cice"},
{"name":"ModelAdvance", "ph":"B", "ts":"3141053399", "pid":"1", "tid":"cice"},
{"name":"ModelAdvance", "ph":"E", "ts":"3141603700", "pid":"1", "tid":"cice"},
{"name":"ModelAdvance", "ph":"B", "ts":"3141706095", "pid":"1", "tid":"cice"},
{"name":"ModelAdvance", "ph":"E", "ts":"3142264593", "pid":"1", "tid":"cice"},
{"name":"ModelAdvance", "ph":"B", "ts":"3142371481", "pid":"1", "tid":"cice"},
{"name":"ModelAdvance", "ph":"E", "ts":"3142929240", "pid":"1", "tid":"cice"},
{"name":"ModelAdvance", "ph":"B", "ts":"3143028459", "pid":"1", "tid":"cice"},
{"name":"ModelAdvance", "ph":"E", "ts":"3143598649", "pid":"1", "tid":"cice"},
{"name":"ModelAdvance", "ph":"B", "ts":"3144519521", "pid":"1", "tid":"cice"},
{"name":"ModelAdvance", "ph":"E", "ts":"3145080109", "pid":"1", "tid":"cice"},
{"name":"ModelAdvance", "ph":"B", "ts":"3145219562", "pid":"1", "tid":"cice"},
{"name":"ModelAdvance", "ph":"E", "ts":"3145785372", "pid":"1", "tid":"cice"},
{"name":"ModelAdvance", "ph":"B", "ts":"3145875345", "pid":"1", "tid":"cice"},
{"name":"ModelAdvance", "ph":"E", "ts":"3146443448", "pid":"1", "tid":"cice"},
{"name":"ModelAdvance", "ph":"B", "ts":"3146542950", "pid":"1", "tid":"cice"},
{"name":"ModelAdvance", "ph":"E", "ts":"3147102805", "pid":"1", "tid":"cice"},
{"name":"ModelAdvance", "ph":"B", "ts":"3147196961", "pid":"1", "tid":"cice"},
{"name":"ModelAdvance", "ph":"E", "ts":"3147755657", "pid":"1", "tid":"cice"},
{"name":"ModelAdvance", "ph":"B", "ts":"3147855033", "pid":"1", "tid":"cice"},
{"name":"ModelAdvance", "ph":"E", "ts":"3148421268", "pid":"1", "tid":"cice"},
{"name":"ModelAdvance", "ph":"B", "ts":"3148510892", "pid":"1", "tid":"cice"},
{"name":"ModelAdvance", "ph":"E", "ts":"3149070617", "pid":"1", "tid":"cice"},
{"name":"ModelAdvance", "ph":"B", "ts":"3149165769", "pid":"1", "tid":"cice"},
{"name":"ModelAdvance", "ph":"E", "ts":"3149718165", "pid":"1", "tid":"cice"},
{"name":"ModelAdvance", "ph":"B", "ts":"3149821459", "pid":"1", "tid":"cice"},
{"name":"ModelAdvance", "ph":"E", "ts":"3150375138", "pid":"1", "tid":"cice"},
{"name":"ModelAdvance", "ph":"B", "ts":"3150476951", "pid":"1", "tid":"cice"},
{"name":"ModelAdvance", "ph":"E", "ts":"3151029951", "pid":"1", "tid":"cice"},
{"name":"ModelAdvance", "ph":"B", "ts":"3151141213", "pid":"1", "tid":"cice"},
{"name":"ModelAdvance", "ph":"E", "ts":"3151690315", "pid":"1", "tid":"cice"},
{"name":"ModelAdvance", "ph":"B", "ts":"3151798123", "pid":"1", "tid":"cice"},
{"name":"ModelAdvance", "ph":"E", "ts":"3152352270", "pid":"1", "tid":"cice"},
{"name":"ModelAdvance", "ph":"B", "ts":"3154768275", "pid":"1", "tid":"cice"},
{"name":"ModelAdvance", "ph":"E", "ts":"3155330626", "pid":"1", "tid":"cice"},
{"name":"ModelAdvance", "ph":"B", "ts":"3157363851", "pid":"1", "tid":"cice"},
{"name":"ModelAdvance", "ph":"E", "ts":"3157930848", "pid":"1", "tid":"cice"},
{"name":"ModelAdvance", "ph":"B", "ts":"3158032720", "pid":"1", "tid":"cice"},
{"name":"ModelAdvance", "ph":"E", "ts":"3158601924", "pid":"1", "tid":"cice"},
{"name":"ModelAdvance", "ph":"B", "ts":"3158693736", "pid":"1", "tid":"cice"},
{"name":"ModelAdvance", "ph":"E", "ts":"3159242534", "pid":"1", "tid":"cice"},
{"name":"ModelAdvance", "ph":"B", "ts":"3159348004", "pid":"1", "tid":"cice"},
{"name":"ModelAdvance", "ph":"E", "ts":"3159903688", "pid":"1", "tid":"cice"},
{"name":"ModelAdvance", "ph":"B", "ts":"3160015907", "pid":"1", "tid":"cice"},
{"name":"ModelAdvance", "ph":"E", "ts":"3160558386", "pid":"1", "tid":"cice"},
{"name":"ModelAdvance", "ph":"B", "ts":"3160670442", "pid":"1", "tid":"cice"},
{"name":"ModelAdvance", "ph":"E", "ts":"3161221677", "pid":"1", "tid":"cice"},
{"name":"ModelAdvance", "ph":"B", "ts":"3161361545", "pid":"1", "tid":"cice"},
{"name":"ModelAdvance", "ph":"E", "ts":"3161917046", "pid":"1", "tid":"cice"},
{"name":"ModelAdvance", "ph":"B", "ts":"3162014254", "pid":"1", "tid":"cice"},
{"name":"ModelAdvance", "ph":"E", "ts":"3162569945", "pid":"1", "tid":"cice"},
{"name":"ModelAdvance", "ph":"B", "ts":"3162679409", "pid":"1", "tid":"cice"},
{"name":"ModelAdvance", "ph":"E", "ts":"3163238607", "pid":"1", "tid":"cice"},
{"name":"ModelAdvance", "ph":"B", "ts":"3163344707", "pid":"1", "tid":"cice"},
{"name":"ModelAdvance", "ph":"E", "ts":"3163892878", "pid":"1", "tid":"cice"},
{"name":"ModelAdvance", "ph":"B", "ts":"3164028115", "pid":"1", "tid":"cice"},
{"name":"ModelAdvance", "ph":"E", "ts":"3164581052", "pid":"1", "tid":"cice"},
{"name":"ModelAdvance", "ph":"B", "ts":"3164721725", "pid":"1", "tid":"cice"},
{"name":"ModelAdvance", "ph":"E", "ts":"3165281256", "pid":"1", "tid":"cice"},
{"name":"ModelAdvance", "ph":"B", "ts":"3165378977", "pid":"1", "tid":"cice"},
{"name":"ModelAdvance", "ph":"E", "ts":"3165951210", "pid":"1", "tid":"cice"},
{"name":"ModelAdvance", "ph":"B", "ts":"3166034611", "pid":"1", "tid":"cice"},
{"name":"ModelAdvance", "ph":"E", "ts":"3166607194", "pid":"1", "tid":"cice"},
{"name":"ModelAdvance", "ph":"B", "ts":"3166690270", "pid":"1", "tid":"cice"},
{"name":"ModelAdvance", "ph":"E", "ts":"3167255612", "pid":"1", "tid":"cice"},
{"name":"ModelAdvance", "ph":"B", "ts":"3167346329", "pid":"1", "tid":"cice"},
{"name":"ModelAdvance", "ph":"E", "ts":"3167912539", "pid":"1", "tid":"cice"},
{"name":"ModelAdvance", "ph":"B", "ts":"3168013028", "pid":"1", "tid":"cice"},
{"name":"ModelAdvance", "ph":"E", "ts":"3168573034", "pid":"1", "tid":"cice"},
{"name":"ModelAdvance", "ph":"B", "ts":"3168696062", "pid":"1", "tid":"cice"},
{"name":"ModelAdvance", "ph":"E", "ts":"3169260673", "pid":"1", "tid":"cice"},
{"name":"ModelAdvance", "ph":"B", "ts":"3169353828", "pid":"1", "tid":"cice"},
{"name":"ModelAdvance", "ph":"E", "ts":"3169907632", "pid":"1", "tid":"cice"},
{"name":"ModelAdvance", "ph":"B", "ts":"3170032486", "pid":"1", "tid":"cice"},
{"name":"ModelAdvance", "ph":"E", "ts":"3170581978", "pid":"1", "tid":"cice"},
{"name":"ModelAdvance", "ph":"B", "ts":"3170686994", "pid":"1", "tid":"cice"},
{"name":"ModelAdvance", "ph":"E", "ts":"3171235009", "pid":"1", "tid":"cice"},
{"name":"ModelAdvance", "ph":"B", "ts":"3171343928", "pid":"1", "tid":"cice"},
{"name":"ModelAdvance", "ph":"E", "ts":"3171904435", "pid":"1", "tid":"cice"},
{"name":"ModelAdvance", "ph":"B", "ts":"3171998873", "pid":"1", "tid":"cice"},
{"name":"ModelAdvance", "ph":"E", "ts":"3172552208", "pid":"1", "tid":"cice"},
{"name":"ModelAdvance", "ph":"B", "ts":"3174844642", "pid":"1", "tid":"cice"},
{"name":"ModelAdvance", "ph":"E", "ts":"3175399199", "pid":"1", "tid":"cice"},
{"name":"ModelAdvance", "ph":"B", "ts":"3177390063", "pid":"1", "tid":"cice"},
{"name":"ModelAdvance", "ph":"E", "ts":"3177958994", "pid":"1", "tid":"cice"},
{"name":"ModelAdvance", "ph":"B", "ts":"3178045426", "pid":"1", "tid":"cice"},
{"name":"ModelAdvance", "ph":"E", "ts":"3178614351", "pid":"1", "tid":"cice"},
{"name":"ModelAdvance", "ph":"B", "ts":"3178698821", "pid":"1", "tid":"cice"},
{"name":"ModelAdvance", "ph":"E", "ts":"3179252008", "pid":"1", "tid":"cice"},
{"name":"ModelAdvance", "ph":"B", "ts":"3179354459", "pid":"1", "tid":"cice"},
{"name":"ModelAdvance", "ph":"E", "ts":"3179912809", "pid":"1", "tid":"cice"},
{"name":"ModelAdvance", "ph":"B", "ts":"3180022461", "pid":"1", "tid":"cice"},
{"name":"ModelAdvance", "ph":"E", "ts":"3180572731", "pid":"1", "tid":"cice"},
{"name":"ModelAdvance", "ph":"B", "ts":"3180675581", "pid":"1", "tid":"cice"},
{"name":"ModelAdvance", "ph":"E", "ts":"3181229747", "pid":"1", "tid":"cice"},
{"name":"ModelAdvance", "ph":"B", "ts":"3181333263", "pid":"1", "tid":"cice"},
{"name":"ModelAdvance", "ph":"E", "ts":"3181892034", "pid":"1", "tid":"cice"},
{"name":"ModelAdvance", "ph":"B", "ts":"3181990389", "pid":"1", "tid":"cice"},
{"name":"ModelAdvance", "ph":"E", "ts":"3182545502", "pid":"1", "tid":"cice"},
{"name":"ModelAdvance", "ph":"B", "ts":"3182647913", "pid":"1", "tid":"cice"},
{"name":"ModelAdvance", "ph":"E", "ts":"3183197453", "pid":"1", "tid":"cice"},
{"name":"ModelAdvance", "ph":"B", "ts":"3183300086", "pid":"1", "tid":"cice"},
{"name":"ModelAdvance", "ph":"E", "ts":"3183853792", "pid":"1", "tid":"cice"},
{"name":"ModelAdvance", "ph":"B", "ts":"3183954453", "pid":"1", "tid":"cice"},
{"name":"ModelAdvance", "ph":"E", "ts":"3184505519", "pid":"1", "tid":"cice"},
{"name":"ModelAdvance", "ph":"B", "ts":"3184625304", "pid":"1", "tid":"cice"},
{"name":"ModelAdvance", "ph":"E", "ts":"3185188223", "pid":"1", "tid":"cice"},
{"name":"ModelAdvance", "ph":"B", "ts":"3185281673", "pid":"1", "tid":"cice"},
{"name":"ModelAdvance", "ph":"E", "ts":"3185830228", "pid":"1", "tid":"cice"},
{"name":"ModelAdvance", "ph":"B", "ts":"3185936724", "pid":"1", "tid":"cice"},
{"name":"ModelAdvance", "ph":"E", "ts":"3186503908", "pid":"1", "tid":"cice"},
{"name":"ModelAdvance", "ph":"B", "ts":"3186594842", "pid":"1", "tid":"cice"},
{"name":"ModelAdvance", "ph":"E", "ts":"3187167535", "pid":"1", "tid":"cice"},
{"name":"ModelAdvance", "ph":"B", "ts":"3187251592", "pid":"1", "tid":"cice"},
{"name":"ModelAdvance", "ph":"E", "ts":"3187821364", "pid":"1", "tid":"cice"},
{"name":"ModelAdvance", "ph":"B", "ts":"3187908706", "pid":"1", "tid":"cice"},
{"name":"ModelAdvance", "ph":"E", "ts":"3188476605", "pid":"1", "tid":"cice"},
{"name":"ModelAdvance", "ph":"B", "ts":"3188566024", "pid":"1", "tid":"cice"},
{"name":"ModelAdvance", "ph":"E", "ts":"3189117960", "pid":"1", "tid":"cice"},
{"name":"ModelAdvance", "ph":"B", "ts":"3189222527", "pid":"1", "tid":"cice"},
{"name":"ModelAdvance", "ph":"E", "ts":"3189765387", "pid":"1", "tid":"cice"},
{"name":"ModelAdvance", "ph":"B", "ts":"3189876073", "pid":"1", "tid":"cice"},
{"name":"ModelAdvance", "ph":"E", "ts":"3190426886", "pid":"1", "tid":"cice"},
{"name":"ModelAdvance", "ph":"B", "ts":"3190531299", "pid":"1", "tid":"cice"},
{"name":"ModelAdvance", "ph":"E", "ts":"3191088048", "pid":"1", "tid":"cice"},
{"name":"ModelAdvance", "ph":"B", "ts":"3191189576", "pid":"1", "tid":"cice"},
{"name":"ModelAdvance", "ph":"E", "ts":"3191741859", "pid":"1", "tid":"cice"},
{"name":"ModelAdvance", "ph":"B", "ts":"3191847741", "pid":"1", "tid":"cice"},
{"name":"ModelAdvance", "ph":"E", "ts":"3192397292", "pid":"1", "tid":"cice"},
{"name":"ModelAdvance", "ph":"B", "ts":"3194750763", "pid":"1", "tid":"cice"},
{"name":"ModelAdvance", "ph":"E", "ts":"3195304886", "pid":"1", "tid":"cice"},
{"name":"ModelAdvance", "ph":"B", "ts":"3197337529", "pid":"1", "tid":"cice"},
{"name":"ModelAdvance", "ph":"E", "ts":"3197897557", "pid":"1", "tid":"cice"},
{"name":"ModelAdvance", "ph":"B", "ts":"3197990776", "pid":"1", "tid":"cice"},
{"name":"ModelAdvance", "ph":"E", "ts":"3198548743", "pid":"1", "tid":"cice"},
{"name":"ModelAdvance", "ph":"B", "ts":"3198648544", "pid":"1", "tid":"cice"},
{"name":"ModelAdvance", "ph":"E", "ts":"3199200638", "pid":"1", "tid":"cice"},
{"name":"ModelAdvance", "ph":"B", "ts":"3199301957", "pid":"1", "tid":"cice"},
{"name":"ModelAdvance", "ph":"E", "ts":"3199858108", "pid":"1", "tid":"cice"},
{"name":"ModelAdvance", "ph":"B", "ts":"3199965170", "pid":"1", "tid":"cice"},
{"name":"ModelAdvance", "ph":"E", "ts":"3200514924", "pid":"1", "tid":"cice"},
{"name":"ModelAdvance", "ph":"B", "ts":"3200625270", "pid":"1", "tid":"cice"},
{"name":"ModelAdvance", "ph":"E", "ts":"3201188740", "pid":"1", "tid":"cice"},
{"name":"ModelAdvance", "ph":"B", "ts":"3201290563", "pid":"1", "tid":"cice"},
{"name":"ModelAdvance", "ph":"E", "ts":"3201844244", "pid":"1", "tid":"cice"},
{"name":"ModelAdvance", "ph":"B", "ts":"3201950112", "pid":"1", "tid":"cice"},
{"name":"ModelAdvance", "ph":"E", "ts":"3202500795", "pid":"1", "tid":"cice"},
{"name":"ModelAdvance", "ph":"B", "ts":"3202602031", "pid":"1", "tid":"cice"},
{"name":"ModelAdvance", "ph":"E", "ts":"3203152286", "pid":"1", "tid":"cice"},
{"name":"ModelAdvance", "ph":"B", "ts":"3203277733", "pid":"1", "tid":"cice"},
{"name":"ModelAdvance", "ph":"E", "ts":"3203831825", "pid":"1", "tid":"cice"},
{"name":"ModelAdvance", "ph":"B", "ts":"3203935228", "pid":"1", "tid":"cice"},
{"name":"ModelAdvance", "ph":"E", "ts":"3204480263", "pid":"1", "tid":"cice"},
{"name":"ModelAdvance", "ph":"B", "ts":"3204607606", "pid":"1", "tid":"cice"},
{"name":"ModelAdvance", "ph":"E", "ts":"3205163278", "pid":"1", "tid":"cice"},
{"name":"ModelAdvance", "ph":"B", "ts":"3205265395", "pid":"1", "tid":"cice"},
{"name":"ModelAdvance", "ph":"E", "ts":"3205840085", "pid":"1", "tid":"cice"},
{"name":"ModelAdvance", "ph":"B", "ts":"3205942096", "pid":"1", "tid":"cice"},
{"name":"ModelAdvance", "ph":"E", "ts":"3206509970", "pid":"1", "tid":"cice"},
{"name":"ModelAdvance", "ph":"B", "ts":"3206596722", "pid":"1", "tid":"cice"},
{"name":"ModelAdvance", "ph":"E", "ts":"3207174165", "pid":"1", "tid":"cice"},
{"name":"ModelAdvance", "ph":"B", "ts":"3207251484", "pid":"1", "tid":"cice"},
{"name":"ModelAdvance", "ph":"E", "ts":"3207811964", "pid":"1", "tid":"cice"},
{"name":"ModelAdvance", "ph":"B", "ts":"3207908371", "pid":"1", "tid":"cice"},
{"name":"ModelAdvance", "ph":"E", "ts":"3208463740", "pid":"1", "tid":"cice"},
{"name":"ModelAdvance", "ph":"B", "ts":"3208562792", "pid":"1", "tid":"cice"},
{"name":"ModelAdvance", "ph":"E", "ts":"3209120446", "pid":"1", "tid":"cice"},
{"name":"ModelAdvance", "ph":"B", "ts":"3209217782", "pid":"1", "tid":"cice"},
{"name":"ModelAdvance", "ph":"E", "ts":"3209775174", "pid":"1", "tid":"cice"},
{"name":"ModelAdvance", "ph":"B", "ts":"3209872448", "pid":"1", "tid":"cice"},
{"name":"ModelAdvance", "ph":"E", "ts":"3210412492", "pid":"1", "tid":"cice"},
{"name":"ModelAdvance", "ph":"B", "ts":"3210534274", "pid":"1", "tid":"cice"},
{"name":"ModelAdvance", "ph":"E", "ts":"3211085969", "pid":"1", "tid":"cice"},
{"name":"ModelAdvance", "ph":"B", "ts":"3211212163", "pid":"1", "tid":"cice"},
{"name":"ModelAdvance", "ph":"E", "ts":"3211765116", "pid":"1", "tid":"cice"},
{"name":"ModelAdvance", "ph":"B", "ts":"3211865719", "pid":"1", "tid":"cice"},
{"name":"ModelAdvance", "ph":"E", "ts":"3212421750", "pid":"1", "tid":"cice"},
{"name":"ModelAdvance", "ph":"B", "ts":"3214891200", "pid":"1", "tid":"cice"},
{"name":"ModelAdvance", "ph":"E", "ts":"3215451357", "pid":"1", "tid":"cice"},
{"name":"ModelAdvance", "ph":"B", "ts":"3217406227", "pid":"1", "tid":"cice"},
{"name":"ModelAdvance", "ph":"E", "ts":"3217975578", "pid":"1", "tid":"cice"},
{"name":"ModelAdvance", "ph":"B", "ts":"3218057752", "pid":"1", "tid":"cice"},
{"name":"ModelAdvance", "ph":"E", "ts":"3218632426", "pid":"1", "tid":"cice"},
{"name":"ModelAdvance", "ph":"B", "ts":"3218716633", "pid":"1", "tid":"cice"},
{"name":"ModelAdvance", "ph":"E", "ts":"3219276638", "pid":"1", "tid":"cice"},
{"name":"ModelAdvance", "ph":"B", "ts":"3219370967", "pid":"1", "tid":"cice"},
{"name":"ModelAdvance", "ph":"E", "ts":"3219921208", "pid":"1", "tid":"cice"},
{"name":"ModelAdvance", "ph":"B", "ts":"3220029732", "pid":"1", "tid":"cice"},
{"name":"ModelAdvance", "ph":"E", "ts":"3220583911", "pid":"1", "tid":"cice"},
{"name":"ModelAdvance", "ph":"B", "ts":"3220691019", "pid":"1", "tid":"cice"},
{"name":"ModelAdvance", "ph":"E", "ts":"3221240240", "pid":"1", "tid":"cice"},
{"name":"ModelAdvance", "ph":"B", "ts":"3221346415", "pid":"1", "tid":"cice"},
{"name":"ModelAdvance", "ph":"E", "ts":"3221904734", "pid":"1", "tid":"cice"},
{"name":"ModelAdvance", "ph":"B", "ts":"3222189525", "pid":"1", "tid":"cice"},
{"name":"ModelAdvance", "ph":"E", "ts":"3222739443", "pid":"1", "tid":"cice"},
