{"name":"SetServices", "ph":"B", "ts":"3828711744", "pid":"1", "tid":"wrtComp_05"},
{"name":"SetServices", "ph":"E", "ts":"3828744749", "pid":"1", "tid":"wrtComp_05"},
{"name":"wrt_initialize_p1", "ph":"B", "ts":"3828745140", "pid":"1", "tid":"wrtComp_05"},
{"name":"wrt_initialize_p1", "ph":"E", "ts":"3829241573", "pid":"1", "tid":"wrtComp_05"},
{"name":"wrt_run", "ph":"B", "ts":"4113188226", "pid":"1", "tid":"wrtComp_05"},
{"name":"wrt_run", "ph":"E", "ts":"4184065887", "pid":"1", "tid":"wrtComp_05"},
{"name":"wrt_run", "ph":"B", "ts":"4294636208", "pid":"1", "tid":"wrtComp_05"},
{"name":"wrt_run", "ph":"E", "ts":"4360466653", "pid":"1", "tid":"wrtComp_05"},
{"name":"wrt_run", "ph":"B", "ts":"4484281294", "pid":"1", "tid":"wrtComp_05"},
{"name":"wrt_run", "ph":"E", "ts":"4553297921", "pid":"1", "tid":"wrtComp_05"},
{"name":"wrt_run", "ph":"B", "ts":"4661432610", "pid":"1", "tid":"wrtComp_05"},
{"name":"wrt_run", "ph":"E", "ts":"4730017792", "pid":"1", "tid":"wrtComp_05"},
{"name":"wrt_run", "ph":"B", "ts":"4835013528", "pid":"1", "tid":"wrtComp_05"},
{"name":"wrt_run", "ph":"E", "ts":"4974403417", "pid":"1", "tid":"wrtComp_05"},
{"name":"wrt_run", "ph":"B", "ts":"5039515637", "pid":"1", "tid":"wrtComp_05"},
{"name":"wrt_run", "ph":"E", "ts":"5104817293", "pid":"1", "tid":"wrtComp_05"},
{"name":"wrt_run", "ph":"B", "ts":"5203849090", "pid":"1", "tid":"wrtComp_05"},
{"name":"wrt_run", "ph":"E", "ts":"5269352663", "pid":"1", "tid":"wrtComp_05"},
{"name":"wrt_run", "ph":"B", "ts":"5374628923", "pid":"1", "tid":"wrtComp_05"},
{"name":"wrt_run", "ph":"E", "ts":"5450818416", "pid":"1", "tid":"wrtComp_05"},
{"name":"wrt_run", "ph":"B", "ts":"5553914360", "pid":"1", "tid":"wrtComp_05"},
