{"name":"SetServices", "ph":"B", "ts":"3614704126", "pid":"1", "tid":"wave"},
{"name":"SetServices", "ph":"E", "ts":"3614705807", "pid":"1", "tid":"wave"},
{"name":"InitializeP0", "ph":"B", "ts":"3614709728", "pid":"1", "tid":"wave"},
{"name":"InitializeP0", "ph":"E", "ts":"3614709806", "pid":"1", "tid":"wave"},
{"name":"InitializeAdvertise", "ph":"B", "ts":"3647974823", "pid":"1", "tid":"wave"},
{"name":"InitializeAdvertise", "ph":"E", "ts":"3730115999", "pid":"1", "tid":"wave"},
{"name":"InitializeRealize", "ph":"B", "ts":"3849956857", "pid":"1", "tid":"wave"},
{"name":"InitializeRealize", "ph":"E", "ts":"3862306423", "pid":"1", "tid":"wave"},
{"name":"DataInitialize", "ph":"B", "ts":"3890792276", "pid":"1", "tid":"wave"},
{"name":"DataInitialize", "ph":"E", "ts":"3890797552", "pid":"1", "tid":"wave"},
{"name":"ModelSetRunClock", "ph":"B", "ts":"3910562743", "pid":"1", "tid":"wave"},
{"name":"ModelSetRunClock", "ph":"E", "ts":"3910571529", "pid":"1", "tid":"wave"},
{"name":"ModelAdvance", "ph":"B", "ts":"3910571613", "pid":"1", "tid":"wave"},
{"name":"ModelAdvance", "ph":"E", "ts":"3921707221", "pid":"1", "tid":"wave"},
{"name":"ModelSetRunClock", "ph":"B", "ts":"3923125937", "pid":"1", "tid":"wave"},
{"name":"ModelSetRunClock", "ph":"E", "ts":"3923126012", "pid":"1", "tid":"wave"},
{"name":"ModelAdvance", "ph":"B", "ts":"3923126097", "pid":"1", "tid":"wave"},
{"name":"ModelAdvance", "ph":"E", "ts":"3938717548", "pid":"1", "tid":"wave"},
{"name":"ModelSetRunClock", "ph":"B", "ts":"3942731895", "pid":"1", "tid":"wave"},
{"name":"ModelSetRunClock", "ph":"E", "ts":"3942731981", "pid":"1", "tid":"wave"},
{"name":"ModelAdvance", "ph":"B", "ts":"3942732076", "pid":"1", "tid":"wave"},
{"name":"ModelAdvance", "ph":"E", "ts":"3960872546", "pid":"1", "tid":"wave"},
{"name":"ModelSetRunClock", "ph":"B", "ts":"3962488650", "pid":"1", "tid":"wave"},
{"name":"ModelSetRunClock", "ph":"E", "ts":"3962488685", "pid":"1", "tid":"wave"},
{"name":"ModelAdvance", "ph":"B", "ts":"3962488768", "pid":"1", "tid":"wave"},
{"name":"ModelAdvance", "ph":"E", "ts":"3979837319", "pid":"1", "tid":"wave"},
{"name":"ModelSetRunClock", "ph":"B", "ts":"3982892247", "pid":"1", "tid":"wave"},
{"name":"ModelSetRunClock", "ph":"E", "ts":"3982892333", "pid":"1", "tid":"wave"},
{"name":"ModelAdvance", "ph":"B", "ts":"3982892427", "pid":"1", "tid":"wave"},
{"name":"ModelAdvance", "ph":"E", "ts":"3998979309", "pid":"1", "tid":"wave"},
{"name":"ModelSetRunClock", "ph":"B", "ts":"4002322834", "pid":"1", "tid":"wave"},
{"name":"ModelSetRunClock", "ph":"E", "ts":"4002322894", "pid":"1", "tid":"wave"},
{"name":"ModelAdvance", "ph":"B", "ts":"4002322989", "pid":"1", "tid":"wave"},
{"name":"ModelAdvance", "ph":"E", "ts":"4014517819", "pid":"1", "tid":"wave"},
{"name":"ModelSetRunClock", "ph":"B", "ts":"4026500470", "pid":"1", "tid":"wave"},
{"name":"ModelSetRunClock", "ph":"E", "ts":"4026500565", "pid":"1", "tid":"wave"},
{"name":"ModelAdvance", "ph":"B", "ts":"4026500652", "pid":"1", "tid":"wave"},
{"name":"ModelAdvance", "ph":"E", "ts":"4036567872", "pid":"1", "tid":"wave"},
{"name":"ModelSetRunClock", "ph":"B", "ts":"4038200078", "pid":"1", "tid":"wave"},
{"name":"ModelSetRunClock", "ph":"E", "ts":"4038200111", "pid":"1", "tid":"wave"},
{"name":"ModelAdvance", "ph":"B", "ts":"4038200189", "pid":"1", "tid":"wave"},
{"name":"ModelAdvance", "ph":"E", "ts":"4047844714", "pid":"1", "tid":"wave"},
{"name":"ModelSetRunClock", "ph":"B", "ts":"4049626470", "pid":"1", "tid":"wave"},
{"name":"ModelSetRunClock", "ph":"E", "ts":"4049626570", "pid":"1", "tid":"wave"},
{"name":"ModelAdvance", "ph":"B", "ts":"4049626668", "pid":"1", "tid":"wave"},
{"name":"ModelAdvance", "ph":"E", "ts":"4060399246", "pid":"1", "tid":"wave"},
{"name":"ModelSetRunClock", "ph":"B", "ts":"4061760978", "pid":"1", "tid":"wave"},
{"name":"ModelSetRunClock", "ph":"E", "ts":"4061761033", "pid":"1", "tid":"wave"},
{"name":"ModelAdvance", "ph":"B", "ts":"4061761106", "pid":"1", "tid":"wave"},
{"name":"ModelAdvance", "ph":"E", "ts":"4070614551", "pid":"1", "tid":"wave"},
{"name":"ModelSetRunClock", "ph":"B", "ts":"4072450145", "pid":"1", "tid":"wave"},
{"name":"ModelSetRunClock", "ph":"E", "ts":"4072450413", "pid":"1", "tid":"wave"},
{"name":"ModelAdvance", "ph":"B", "ts":"4072450524", "pid":"1", "tid":"wave"},
{"name":"ModelAdvance", "ph":"E", "ts":"4082469830", "pid":"1", "tid":"wave"},
{"name":"ModelSetRunClock", "ph":"B", "ts":"4083612762", "pid":"1", "tid":"wave"},
{"name":"ModelSetRunClock", "ph":"E", "ts":"4083612811", "pid":"1", "tid":"wave"},
{"name":"ModelAdvance", "ph":"B", "ts":"4083612887", "pid":"1", "tid":"wave"},
{"name":"ModelAdvance", "ph":"E", "ts":"4092246750", "pid":"1", "tid":"wave"},
{"name":"ModelSetRunClock", "ph":"B", "ts":"4094524627", "pid":"1", "tid":"wave"},
{"name":"ModelSetRunClock", "ph":"E", "ts":"4094524700", "pid":"1", "tid":"wave"},
{"name":"ModelAdvance", "ph":"B", "ts":"4094524794", "pid":"1", "tid":"wave"},
{"name":"ModelAdvance", "ph":"E", "ts":"4104352634", "pid":"1", "tid":"wave"},
{"name":"ModelSetRunClock", "ph":"B", "ts":"4105357346", "pid":"1", "tid":"wave"},
{"name":"ModelSetRunClock", "ph":"E", "ts":"4105357398", "pid":"1", "tid":"wave"},
{"name":"ModelAdvance", "ph":"B", "ts":"4105357486", "pid":"1", "tid":"wave"},
{"name":"ModelAdvance", "ph":"E", "ts":"4113929298", "pid":"1", "tid":"wave"},
{"name":"ModelSetRunClock", "ph":"B", "ts":"4115812697", "pid":"1", "tid":"wave"},
{"name":"ModelSetRunClock", "ph":"E", "ts":"4115812766", "pid":"1", "tid":"wave"},
{"name":"ModelAdvance", "ph":"B", "ts":"4115812858", "pid":"1", "tid":"wave"},
{"name":"ModelAdvance", "ph":"E", "ts":"4125495928", "pid":"1", "tid":"wave"},
{"name":"ModelSetRunClock", "ph":"B", "ts":"4126484576", "pid":"1", "tid":"wave"},
{"name":"ModelSetRunClock", "ph":"E", "ts":"4126484639", "pid":"1", "tid":"wave"},
{"name":"ModelAdvance", "ph":"B", "ts":"4126484732", "pid":"1", "tid":"wave"},
{"name":"ModelAdvance", "ph":"E", "ts":"4134979840", "pid":"1", "tid":"wave"},
{"name":"ModelSetRunClock", "ph":"B", "ts":"4136704581", "pid":"1", "tid":"wave"},
{"name":"ModelSetRunClock", "ph":"E", "ts":"4136704655", "pid":"1", "tid":"wave"},
{"name":"ModelAdvance", "ph":"B", "ts":"4136704744", "pid":"1", "tid":"wave"},
{"name":"ModelAdvance", "ph":"E", "ts":"4147457243", "pid":"1", "tid":"wave"},
{"name":"ModelSetRunClock", "ph":"B", "ts":"4148476455", "pid":"1", "tid":"wave"},
{"name":"ModelSetRunClock", "ph":"E", "ts":"4148476527", "pid":"1", "tid":"wave"},
{"name":"ModelAdvance", "ph":"B", "ts":"4148476627", "pid":"1", "tid":"wave"},
{"name":"ModelAdvance", "ph":"E", "ts":"4156949548", "pid":"1", "tid":"wave"},
{"name":"ModelSetRunClock", "ph":"B", "ts":"4158651222", "pid":"1", "tid":"wave"},
{"name":"ModelSetRunClock", "ph":"E", "ts":"4158651291", "pid":"1", "tid":"wave"},
{"name":"ModelAdvance", "ph":"B", "ts":"4158651380", "pid":"1", "tid":"wave"},
{"name":"ModelAdvance", "ph":"E", "ts":"4168329246", "pid":"1", "tid":"wave"},
{"name":"ModelSetRunClock", "ph":"B", "ts":"4170665474", "pid":"1", "tid":"wave"},
{"name":"ModelSetRunClock", "ph":"E", "ts":"4170665549", "pid":"1", "tid":"wave"},
{"name":"ModelAdvance", "ph":"B", "ts":"4170665635", "pid":"1", "tid":"wave"},
{"name":"ModelAdvance", "ph":"E", "ts":"4178873040", "pid":"1", "tid":"wave"},
{"name":"ModelSetRunClock", "ph":"B", "ts":"4180677216", "pid":"1", "tid":"wave"},
{"name":"ModelSetRunClock", "ph":"E", "ts":"4180677283", "pid":"1", "tid":"wave"},
{"name":"ModelAdvance", "ph":"B", "ts":"4180677373", "pid":"1", "tid":"wave"},
{"name":"ModelAdvance", "ph":"E", "ts":"4190118607", "pid":"1", "tid":"wave"},
{"name":"ModelSetRunClock", "ph":"B", "ts":"4191330788", "pid":"1", "tid":"wave"},
{"name":"ModelSetRunClock", "ph":"E", "ts":"4191330840", "pid":"1", "tid":"wave"},
{"name":"ModelAdvance", "ph":"B", "ts":"4191330919", "pid":"1", "tid":"wave"},
{"name":"ModelAdvance", "ph":"E", "ts":"4199494736", "pid":"1", "tid":"wave"},
{"name":"ModelSetRunClock", "ph":"B", "ts":"4201285453", "pid":"1", "tid":"wave"},
{"name":"ModelSetRunClock", "ph":"E", "ts":"4201285556", "pid":"1", "tid":"wave"},
{"name":"ModelAdvance", "ph":"B", "ts":"4201285712", "pid":"1", "tid":"wave"},
{"name":"ModelAdvance", "ph":"E", "ts":"4210935599", "pid":"1", "tid":"wave"},
{"name":"ModelSetRunClock", "ph":"B", "ts":"4212181891", "pid":"1", "tid":"wave"},
{"name":"ModelSetRunClock", "ph":"E", "ts":"4212181968", "pid":"1", "tid":"wave"},
{"name":"ModelAdvance", "ph":"B", "ts":"4212182075", "pid":"1", "tid":"wave"},
{"name":"ModelAdvance", "ph":"E", "ts":"4220417470", "pid":"1", "tid":"wave"},
{"name":"ModelSetRunClock", "ph":"B", "ts":"4222201867", "pid":"1", "tid":"wave"},
{"name":"ModelSetRunClock", "ph":"E", "ts":"4222201931", "pid":"1", "tid":"wave"},
{"name":"ModelAdvance", "ph":"B", "ts":"4222202057", "pid":"1", "tid":"wave"},
{"name":"ModelAdvance", "ph":"E", "ts":"4231724946", "pid":"1", "tid":"wave"},
{"name":"ModelSetRunClock", "ph":"B", "ts":"4232988322", "pid":"1", "tid":"wave"},
{"name":"ModelSetRunClock", "ph":"E", "ts":"4232988395", "pid":"1", "tid":"wave"},
{"name":"ModelAdvance", "ph":"B", "ts":"4232988500", "pid":"1", "tid":"wave"},
{"name":"ModelAdvance", "ph":"E", "ts":"4241139853", "pid":"1", "tid":"wave"},
{"name":"ModelSetRunClock", "ph":"B", "ts":"4242899016", "pid":"1", "tid":"wave"},
{"name":"ModelSetRunClock", "ph":"E", "ts":"4242899092", "pid":"1", "tid":"wave"},
{"name":"ModelAdvance", "ph":"B", "ts":"4242899259", "pid":"1", "tid":"wave"},
{"name":"ModelAdvance", "ph":"E", "ts":"4252339625", "pid":"1", "tid":"wave"},
{"name":"ModelSetRunClock", "ph":"B", "ts":"4253516185", "pid":"1", "tid":"wave"},
{"name":"ModelSetRunClock", "ph":"E", "ts":"4253516237", "pid":"1", "tid":"wave"},
{"name":"ModelAdvance", "ph":"B", "ts":"4253516310", "pid":"1", "tid":"wave"},
{"name":"ModelAdvance", "ph":"E", "ts":"4261571001", "pid":"1", "tid":"wave"},
{"name":"ModelSetRunClock", "ph":"B", "ts":"4263217251", "pid":"1", "tid":"wave"},
{"name":"ModelSetRunClock", "ph":"E", "ts":"4263217336", "pid":"1", "tid":"wave"},
{"name":"ModelAdvance", "ph":"B", "ts":"4263217470", "pid":"1", "tid":"wave"},
{"name":"ModelAdvance", "ph":"E", "ts":"4272563358", "pid":"1", "tid":"wave"},
{"name":"ModelSetRunClock", "ph":"B", "ts":"4273743558", "pid":"1", "tid":"wave"},
{"name":"ModelSetRunClock", "ph":"E", "ts":"4273743616", "pid":"1", "tid":"wave"},
{"name":"ModelAdvance", "ph":"B", "ts":"4273743707", "pid":"1", "tid":"wave"},
{"name":"ModelAdvance", "ph":"E", "ts":"4281797229", "pid":"1", "tid":"wave"},
{"name":"ModelSetRunClock", "ph":"B", "ts":"4283969484", "pid":"1", "tid":"wave"},
{"name":"ModelSetRunClock", "ph":"E", "ts":"4283969569", "pid":"1", "tid":"wave"},
{"name":"ModelAdvance", "ph":"B", "ts":"4283969699", "pid":"1", "tid":"wave"},
{"name":"ModelAdvance", "ph":"E", "ts":"4292782856", "pid":"1", "tid":"wave"},
{"name":"ModelSetRunClock", "ph":"B", "ts":"4295395500", "pid":"1", "tid":"wave"},
{"name":"ModelSetRunClock", "ph":"E", "ts":"4295395814", "pid":"1", "tid":"wave"},
{"name":"ModelAdvance", "ph":"B", "ts":"4295396035", "pid":"1", "tid":"wave"},
{"name":"ModelAdvance", "ph":"E", "ts":"4303383265", "pid":"1", "tid":"wave"},
{"name":"ModelSetRunClock", "ph":"B", "ts":"4304852221", "pid":"1", "tid":"wave"},
{"name":"ModelSetRunClock", "ph":"E", "ts":"4304852275", "pid":"1", "tid":"wave"},
{"name":"ModelAdvance", "ph":"B", "ts":"4304852349", "pid":"1", "tid":"wave"},
{"name":"ModelAdvance", "ph":"E", "ts":"4314202728", "pid":"1", "tid":"wave"},
{"name":"ModelSetRunClock", "ph":"B", "ts":"4315575120", "pid":"1", "tid":"wave"},
{"name":"ModelSetRunClock", "ph":"E", "ts":"4315575150", "pid":"1", "tid":"wave"},
{"name":"ModelAdvance", "ph":"B", "ts":"4315575222", "pid":"1", "tid":"wave"},
{"name":"ModelAdvance", "ph":"E", "ts":"4323421343", "pid":"1", "tid":"wave"},
{"name":"ModelSetRunClock", "ph":"B", "ts":"4324795770", "pid":"1", "tid":"wave"},
{"name":"ModelSetRunClock", "ph":"E", "ts":"4324795849", "pid":"1", "tid":"wave"},
{"name":"ModelAdvance", "ph":"B", "ts":"4324795934", "pid":"1", "tid":"wave"},
{"name":"ModelAdvance", "ph":"E", "ts":"4333933456", "pid":"1", "tid":"wave"},
{"name":"ModelSetRunClock", "ph":"B", "ts":"4335631753", "pid":"1", "tid":"wave"},
{"name":"ModelSetRunClock", "ph":"E", "ts":"4335631796", "pid":"1", "tid":"wave"},
{"name":"ModelAdvance", "ph":"B", "ts":"4335631952", "pid":"1", "tid":"wave"},
{"name":"ModelAdvance", "ph":"E", "ts":"4343330296", "pid":"1", "tid":"wave"},
{"name":"ModelSetRunClock", "ph":"B", "ts":"4344634191", "pid":"1", "tid":"wave"},
{"name":"ModelSetRunClock", "ph":"E", "ts":"4344634256", "pid":"1", "tid":"wave"},
{"name":"ModelAdvance", "ph":"B", "ts":"4344634354", "pid":"1", "tid":"wave"},
{"name":"ModelAdvance", "ph":"E", "ts":"4353817446", "pid":"1", "tid":"wave"},
{"name":"ModelSetRunClock", "ph":"B", "ts":"4355700818", "pid":"1", "tid":"wave"},
{"name":"ModelSetRunClock", "ph":"E", "ts":"4355700852", "pid":"1", "tid":"wave"},
{"name":"ModelAdvance", "ph":"B", "ts":"4355700928", "pid":"1", "tid":"wave"},
{"name":"ModelAdvance", "ph":"E", "ts":"4363306186", "pid":"1", "tid":"wave"},
{"name":"ModelSetRunClock", "ph":"B", "ts":"4364602732", "pid":"1", "tid":"wave"},
{"name":"ModelSetRunClock", "ph":"E", "ts":"4364602822", "pid":"1", "tid":"wave"},
{"name":"ModelAdvance", "ph":"B", "ts":"4364602919", "pid":"1", "tid":"wave"},
{"name":"ModelAdvance", "ph":"E", "ts":"4373748974", "pid":"1", "tid":"wave"},
{"name":"ModelSetRunClock", "ph":"B", "ts":"4375559677", "pid":"1", "tid":"wave"},
{"name":"ModelSetRunClock", "ph":"E", "ts":"4375559740", "pid":"1", "tid":"wave"},
{"name":"ModelAdvance", "ph":"B", "ts":"4375559847", "pid":"1", "tid":"wave"},
{"name":"ModelAdvance", "ph":"E", "ts":"4383444319", "pid":"1", "tid":"wave"},
{"name":"ModelSetRunClock", "ph":"B", "ts":"4384686902", "pid":"1", "tid":"wave"},
{"name":"ModelSetRunClock", "ph":"E", "ts":"4384686979", "pid":"1", "tid":"wave"},
{"name":"ModelAdvance", "ph":"B", "ts":"4384687072", "pid":"1", "tid":"wave"},
{"name":"ModelAdvance", "ph":"E", "ts":"4394112113", "pid":"1", "tid":"wave"},
{"name":"ModelSetRunClock", "ph":"B", "ts":"4395552595", "pid":"1", "tid":"wave"},
{"name":"ModelSetRunClock", "ph":"E", "ts":"4395552633", "pid":"1", "tid":"wave"},
{"name":"ModelAdvance", "ph":"B", "ts":"4395552718", "pid":"1", "tid":"wave"},
{"name":"ModelAdvance", "ph":"E", "ts":"4403652730", "pid":"1", "tid":"wave"},
{"name":"ModelSetRunClock", "ph":"B", "ts":"4405536919", "pid":"1", "tid":"wave"},
{"name":"ModelSetRunClock", "ph":"E", "ts":"4405536990", "pid":"1", "tid":"wave"},
{"name":"ModelAdvance", "ph":"B", "ts":"4405537078", "pid":"1", "tid":"wave"},
{"name":"ModelAdvance", "ph":"E", "ts":"4414538409", "pid":"1", "tid":"wave"},
{"name":"ModelSetRunClock", "ph":"B", "ts":"4426725785", "pid":"1", "tid":"wave"},
{"name":"ModelSetRunClock", "ph":"E", "ts":"4426726028", "pid":"1", "tid":"wave"},
{"name":"ModelAdvance", "ph":"B", "ts":"4426726189", "pid":"1", "tid":"wave"},
{"name":"ModelAdvance", "ph":"E", "ts":"4434900326", "pid":"1", "tid":"wave"},
{"name":"ModelSetRunClock", "ph":"B", "ts":"4437144261", "pid":"1", "tid":"wave"},
{"name":"ModelSetRunClock", "ph":"E", "ts":"4437144328", "pid":"1", "tid":"wave"},
{"name":"ModelAdvance", "ph":"B", "ts":"4437144404", "pid":"1", "tid":"wave"},
{"name":"ModelAdvance", "ph":"E", "ts":"4447606497", "pid":"1", "tid":"wave"},
{"name":"ModelSetRunClock", "ph":"B", "ts":"4449918291", "pid":"1", "tid":"wave"},
{"name":"ModelSetRunClock", "ph":"E", "ts":"4449918466", "pid":"1", "tid":"wave"},
{"name":"ModelAdvance", "ph":"B", "ts":"4449918559", "pid":"1", "tid":"wave"},
{"name":"ModelAdvance", "ph":"E", "ts":"4458178677", "pid":"1", "tid":"wave"},
{"name":"ModelSetRunClock", "ph":"B", "ts":"4459420342", "pid":"1", "tid":"wave"},
{"name":"ModelSetRunClock", "ph":"E", "ts":"4459420400", "pid":"1", "tid":"wave"},
{"name":"ModelAdvance", "ph":"B", "ts":"4459420485", "pid":"1", "tid":"wave"},
{"name":"ModelAdvance", "ph":"E", "ts":"4469068860", "pid":"1", "tid":"wave"},
{"name":"ModelSetRunClock", "ph":"B", "ts":"4470353390", "pid":"1", "tid":"wave"},
{"name":"ModelSetRunClock", "ph":"E", "ts":"4470353430", "pid":"1", "tid":"wave"},
{"name":"ModelAdvance", "ph":"B", "ts":"4470353509", "pid":"1", "tid":"wave"},
{"name":"ModelAdvance", "ph":"E", "ts":"4478585511", "pid":"1", "tid":"wave"},
{"name":"ModelSetRunClock", "ph":"B", "ts":"4479860845", "pid":"1", "tid":"wave"},
{"name":"ModelSetRunClock", "ph":"E", "ts":"4479861118", "pid":"1", "tid":"wave"},
{"name":"ModelAdvance", "ph":"B", "ts":"4479861317", "pid":"1", "tid":"wave"},
{"name":"ModelAdvance", "ph":"E", "ts":"4489921808", "pid":"1", "tid":"wave"},
{"name":"ModelSetRunClock", "ph":"B", "ts":"4490789623", "pid":"1", "tid":"wave"},
{"name":"ModelSetRunClock", "ph":"E", "ts":"4490789657", "pid":"1", "tid":"wave"},
{"name":"ModelAdvance", "ph":"B", "ts":"4490789745", "pid":"1", "tid":"wave"},
{"name":"ModelAdvance", "ph":"E", "ts":"4499455599", "pid":"1", "tid":"wave"},
{"name":"ModelSetRunClock", "ph":"B", "ts":"4500754707", "pid":"1", "tid":"wave"},
{"name":"ModelSetRunClock", "ph":"E", "ts":"4500754775", "pid":"1", "tid":"wave"},
{"name":"ModelAdvance", "ph":"B", "ts":"4500754870", "pid":"1", "tid":"wave"},
{"name":"ModelAdvance", "ph":"E", "ts":"4510468902", "pid":"1", "tid":"wave"},
{"name":"ModelSetRunClock", "ph":"B", "ts":"4511427351", "pid":"1", "tid":"wave"},
{"name":"ModelSetRunClock", "ph":"E", "ts":"4511427386", "pid":"1", "tid":"wave"},
{"name":"ModelAdvance", "ph":"B", "ts":"4511427462", "pid":"1", "tid":"wave"},
{"name":"ModelAdvance", "ph":"E", "ts":"4519947569", "pid":"1", "tid":"wave"},
{"name":"ModelSetRunClock", "ph":"B", "ts":"4521235820", "pid":"1", "tid":"wave"},
{"name":"ModelSetRunClock", "ph":"E", "ts":"4521235894", "pid":"1", "tid":"wave"},
{"name":"ModelAdvance", "ph":"B", "ts":"4521235983", "pid":"1", "tid":"wave"},
{"name":"ModelAdvance", "ph":"E", "ts":"4531725824", "pid":"1", "tid":"wave"},
{"name":"ModelSetRunClock", "ph":"B", "ts":"4532676176", "pid":"1", "tid":"wave"},
{"name":"ModelSetRunClock", "ph":"E", "ts":"4532676218", "pid":"1", "tid":"wave"},
{"name":"ModelAdvance", "ph":"B", "ts":"4532676292", "pid":"1", "tid":"wave"},
{"name":"ModelAdvance", "ph":"E", "ts":"4541092838", "pid":"1", "tid":"wave"},
{"name":"ModelSetRunClock", "ph":"B", "ts":"4543111760", "pid":"1", "tid":"wave"},
{"name":"ModelSetRunClock", "ph":"E", "ts":"4543112046", "pid":"1", "tid":"wave"},
{"name":"ModelAdvance", "ph":"B", "ts":"4543112242", "pid":"1", "tid":"wave"},
{"name":"ModelAdvance", "ph":"E", "ts":"4552006612", "pid":"1", "tid":"wave"},
{"name":"ModelSetRunClock", "ph":"B", "ts":"4554743127", "pid":"1", "tid":"wave"},
{"name":"ModelSetRunClock", "ph":"E", "ts":"4554743196", "pid":"1", "tid":"wave"},
{"name":"ModelAdvance", "ph":"B", "ts":"4554743271", "pid":"1", "tid":"wave"},
{"name":"ModelAdvance", "ph":"E", "ts":"4562883360", "pid":"1", "tid":"wave"},
{"name":"ModelSetRunClock", "ph":"B", "ts":"4564132096", "pid":"1", "tid":"wave"},
{"name":"ModelSetRunClock", "ph":"E", "ts":"4564132149", "pid":"1", "tid":"wave"},
{"name":"ModelAdvance", "ph":"B", "ts":"4564132228", "pid":"1", "tid":"wave"},
{"name":"ModelAdvance", "ph":"E", "ts":"4573811485", "pid":"1", "tid":"wave"},
{"name":"ModelSetRunClock", "ph":"B", "ts":"4574987288", "pid":"1", "tid":"wave"},
{"name":"ModelSetRunClock", "ph":"E", "ts":"4574987322", "pid":"1", "tid":"wave"},
{"name":"ModelAdvance", "ph":"B", "ts":"4574987400", "pid":"1", "tid":"wave"},
{"name":"ModelAdvance", "ph":"E", "ts":"4583091133", "pid":"1", "tid":"wave"},
{"name":"ModelSetRunClock", "ph":"B", "ts":"4584334164", "pid":"1", "tid":"wave"},
{"name":"ModelSetRunClock", "ph":"E", "ts":"4584334223", "pid":"1", "tid":"wave"},
{"name":"ModelAdvance", "ph":"B", "ts":"4584334321", "pid":"1", "tid":"wave"},
{"name":"ModelAdvance", "ph":"E", "ts":"4594312385", "pid":"1", "tid":"wave"},
{"name":"ModelSetRunClock", "ph":"B", "ts":"4595363084", "pid":"1", "tid":"wave"},
{"name":"ModelSetRunClock", "ph":"E", "ts":"4595363137", "pid":"1", "tid":"wave"},
{"name":"ModelAdvance", "ph":"B", "ts":"4595363224", "pid":"1", "tid":"wave"},
{"name":"ModelAdvance", "ph":"E", "ts":"4603482050", "pid":"1", "tid":"wave"},
{"name":"ModelSetRunClock", "ph":"B", "ts":"4604715658", "pid":"1", "tid":"wave"},
{"name":"ModelSetRunClock", "ph":"E", "ts":"4604715753", "pid":"1", "tid":"wave"},
{"name":"ModelAdvance", "ph":"B", "ts":"4604715845", "pid":"1", "tid":"wave"},
{"name":"ModelAdvance", "ph":"E", "ts":"4614070597", "pid":"1", "tid":"wave"},
{"name":"ModelSetRunClock", "ph":"B", "ts":"4615614579", "pid":"1", "tid":"wave"},
{"name":"ModelSetRunClock", "ph":"E", "ts":"4615614631", "pid":"1", "tid":"wave"},
{"name":"ModelAdvance", "ph":"B", "ts":"4615614710", "pid":"1", "tid":"wave"},
{"name":"ModelAdvance", "ph":"E", "ts":"4623670187", "pid":"1", "tid":"wave"},
{"name":"ModelSetRunClock", "ph":"B", "ts":"4624924169", "pid":"1", "tid":"wave"},
{"name":"ModelSetRunClock", "ph":"E", "ts":"4624924239", "pid":"1", "tid":"wave"},
{"name":"ModelAdvance", "ph":"B", "ts":"4624924396", "pid":"1", "tid":"wave"},
{"name":"ModelAdvance", "ph":"E", "ts":"4634280439", "pid":"1", "tid":"wave"},
{"name":"ModelSetRunClock", "ph":"B", "ts":"4635863293", "pid":"1", "tid":"wave"},
{"name":"ModelSetRunClock", "ph":"E", "ts":"4635863352", "pid":"1", "tid":"wave"},
{"name":"ModelAdvance", "ph":"B", "ts":"4635863444", "pid":"1", "tid":"wave"},
{"name":"ModelAdvance", "ph":"E", "ts":"4643781638", "pid":"1", "tid":"wave"},
{"name":"ModelSetRunClock", "ph":"B", "ts":"4645040115", "pid":"1", "tid":"wave"},
{"name":"ModelSetRunClock", "ph":"E", "ts":"4645040180", "pid":"1", "tid":"wave"},
{"name":"ModelAdvance", "ph":"B", "ts":"4645040323", "pid":"1", "tid":"wave"},
{"name":"ModelAdvance", "ph":"E", "ts":"4654278743", "pid":"1", "tid":"wave"},
{"name":"ModelSetRunClock", "ph":"B", "ts":"4656077834", "pid":"1", "tid":"wave"},
{"name":"ModelSetRunClock", "ph":"E", "ts":"4656077894", "pid":"1", "tid":"wave"},
{"name":"ModelAdvance", "ph":"B", "ts":"4656077981", "pid":"1", "tid":"wave"},
{"name":"ModelAdvance", "ph":"E", "ts":"4663996792", "pid":"1", "tid":"wave"},
{"name":"ModelSetRunClock", "ph":"B", "ts":"4666338214", "pid":"1", "tid":"wave"},
{"name":"ModelSetRunClock", "ph":"E", "ts":"4666338333", "pid":"1", "tid":"wave"},
{"name":"ModelAdvance", "ph":"B", "ts":"4666338510", "pid":"1", "tid":"wave"},
{"name":"ModelAdvance", "ph":"E", "ts":"4674630845", "pid":"1", "tid":"wave"},
{"name":"ModelSetRunClock", "ph":"B", "ts":"4677235233", "pid":"1", "tid":"wave"},
{"name":"ModelSetRunClock", "ph":"E", "ts":"4677235311", "pid":"1", "tid":"wave"},
{"name":"ModelAdvance", "ph":"B", "ts":"4677235406", "pid":"1", "tid":"wave"},
{"name":"ModelAdvance", "ph":"E", "ts":"4685105764", "pid":"1", "tid":"wave"},
{"name":"ModelSetRunClock", "ph":"B", "ts":"4686388249", "pid":"1", "tid":"wave"},
{"name":"ModelSetRunClock", "ph":"E", "ts":"4686388305", "pid":"1", "tid":"wave"},
{"name":"ModelAdvance", "ph":"B", "ts":"4686388380", "pid":"1", "tid":"wave"},
{"name":"ModelAdvance", "ph":"E", "ts":"4695580391", "pid":"1", "tid":"wave"},
{"name":"ModelSetRunClock", "ph":"B", "ts":"4697508007", "pid":"1", "tid":"wave"},
{"name":"ModelSetRunClock", "ph":"E", "ts":"4697508063", "pid":"1", "tid":"wave"},
{"name":"ModelAdvance", "ph":"B", "ts":"4697508155", "pid":"1", "tid":"wave"},
{"name":"ModelAdvance", "ph":"E", "ts":"4705228814", "pid":"1", "tid":"wave"},
{"name":"ModelSetRunClock", "ph":"B", "ts":"4706501747", "pid":"1", "tid":"wave"},
{"name":"ModelSetRunClock", "ph":"E", "ts":"4706501840", "pid":"1", "tid":"wave"},
{"name":"ModelAdvance", "ph":"B", "ts":"4706501983", "pid":"1", "tid":"wave"},
{"name":"ModelAdvance", "ph":"E", "ts":"4715468574", "pid":"1", "tid":"wave"},
{"name":"ModelSetRunClock", "ph":"B", "ts":"4717561930", "pid":"1", "tid":"wave"},
{"name":"ModelSetRunClock", "ph":"E", "ts":"4717561979", "pid":"1", "tid":"wave"},
{"name":"ModelAdvance", "ph":"B", "ts":"4717562056", "pid":"1", "tid":"wave"},
{"name":"ModelAdvance", "ph":"E", "ts":"4725216652", "pid":"1", "tid":"wave"},
{"name":"ModelSetRunClock", "ph":"B", "ts":"4726479702", "pid":"1", "tid":"wave"},
{"name":"ModelSetRunClock", "ph":"E", "ts":"4726479887", "pid":"1", "tid":"wave"},
{"name":"ModelAdvance", "ph":"B", "ts":"4726479974", "pid":"1", "tid":"wave"},
{"name":"ModelAdvance", "ph":"E", "ts":"4735463868", "pid":"1", "tid":"wave"},
{"name":"ModelSetRunClock", "ph":"B", "ts":"4737673825", "pid":"1", "tid":"wave"},
{"name":"ModelSetRunClock", "ph":"E", "ts":"4737673901", "pid":"1", "tid":"wave"},
{"name":"ModelAdvance", "ph":"B", "ts":"4737674449", "pid":"1", "tid":"wave"},
{"name":"ModelAdvance", "ph":"E", "ts":"4745300253", "pid":"1", "tid":"wave"},
{"name":"ModelSetRunClock", "ph":"B", "ts":"4746555500", "pid":"1", "tid":"wave"},
{"name":"ModelSetRunClock", "ph":"E", "ts":"4746555562", "pid":"1", "tid":"wave"},
{"name":"ModelAdvance", "ph":"B", "ts":"4746555658", "pid":"1", "tid":"wave"},
{"name":"ModelAdvance", "ph":"E", "ts":"4756121056", "pid":"1", "tid":"wave"},
{"name":"ModelSetRunClock", "ph":"B", "ts":"4757918713", "pid":"1", "tid":"wave"},
{"name":"ModelSetRunClock", "ph":"E", "ts":"4757919021", "pid":"1", "tid":"wave"},
{"name":"ModelAdvance", "ph":"B", "ts":"4757919242", "pid":"1", "tid":"wave"},
{"name":"ModelAdvance", "ph":"E", "ts":"4765602207", "pid":"1", "tid":"wave"},
{"name":"ModelSetRunClock", "ph":"B", "ts":"4766963254", "pid":"1", "tid":"wave"},
{"name":"ModelSetRunClock", "ph":"E", "ts":"4766963322", "pid":"1", "tid":"wave"},
{"name":"ModelAdvance", "ph":"B", "ts":"4766963412", "pid":"1", "tid":"wave"},
{"name":"ModelAdvance", "ph":"E", "ts":"4776173243", "pid":"1", "tid":"wave"},
