{"name":"SetServices", "ph":"B", "ts":"2145024036", "pid":"1", "tid":"wrtComp_04"},
{"name":"SetServices", "ph":"E", "ts":"2145024906", "pid":"1", "tid":"wrtComp_04"},
{"name":"wrt_initialize_p1", "ph":"B", "ts":"2145025253", "pid":"1", "tid":"wrtComp_04"},
{"name":"wrt_initialize_p1", "ph":"E", "ts":"2145497424", "pid":"1", "tid":"wrtComp_04"},
{"name":"wrt_run", "ph":"B", "ts":"2439433706", "pid":"1", "tid":"wrtComp_04"},
{"name":"wrt_run", "ph":"E", "ts":"2508138214", "pid":"1", "tid":"wrtComp_04"},
{"name":"wrt_run", "ph":"B", "ts":"2680311702", "pid":"1", "tid":"wrtComp_04"},
{"name":"wrt_run", "ph":"E", "ts":"2745685795", "pid":"1", "tid":"wrtComp_04"},
{"name":"wrt_run", "ph":"B", "ts":"2930839073", "pid":"1", "tid":"wrtComp_04"},
{"name":"wrt_run", "ph":"E", "ts":"2991653301", "pid":"1", "tid":"wrtComp_04"},
{"name":"wrt_run", "ph":"B", "ts":"3166697876", "pid":"1", "tid":"wrtComp_04"},
{"name":"wrt_run", "ph":"E", "ts":"3238184168", "pid":"1", "tid":"wrtComp_04"},
{"name":"wrt_run", "ph":"B", "ts":"3402112839", "pid":"1", "tid":"wrtComp_04"},
{"name":"wrt_run", "ph":"E", "ts":"3466490154", "pid":"1", "tid":"wrtComp_04"},
{"name":"wrt_run", "ph":"B", "ts":"3658406712", "pid":"1", "tid":"wrtComp_04"},
{"name":"wrt_run", "ph":"E", "ts":"3731454712", "pid":"1", "tid":"wrtComp_04"},
{"name":"wrt_run", "ph":"B", "ts":"3902964353", "pid":"1", "tid":"wrtComp_04"},
{"name":"wrt_run", "ph":"E", "ts":"3964739469", "pid":"1", "tid":"wrtComp_04"},
{"name":"wrt_run", "ph":"B", "ts":"4134860782", "pid":"1", "tid":"wrtComp_04"},
{"name":"wrt_run", "ph":"E", "ts":"4197908398", "pid":"1", "tid":"wrtComp_04"},
{"name":"wrt_run", "ph":"B", "ts":"4371930414", "pid":"1", "tid":"wrtComp_04"},
{"name":"wrt_run", "ph":"E", "ts":"4433428086", "pid":"1", "tid":"wrtComp_04"},
{"name":"wrt_run", "ph":"B", "ts":"4626422464", "pid":"1", "tid":"wrtComp_04"},
{"name":"wrt_run", "ph":"E", "ts":"4695464203", "pid":"1", "tid":"wrtComp_04"},
{"name":"wrt_run", "ph":"B", "ts":"4865429008", "pid":"1", "tid":"wrtComp_04"},
{"name":"wrt_run", "ph":"E", "ts":"4933789409", "pid":"1", "tid":"wrtComp_04"},
{"name":"wrt_run", "ph":"B", "ts":"5101500665", "pid":"1", "tid":"wrtComp_04"},
{"name":"wrt_run", "ph":"E", "ts":"5167702501", "pid":"1", "tid":"wrtComp_04"},
{"name":"wrt_run", "ph":"B", "ts":"5338148156", "pid":"1", "tid":"wrtComp_04"},
{"name":"wrt_run", "ph":"E", "ts":"5405841894", "pid":"1", "tid":"wrtComp_04"},
{"name":"wrt_run", "ph":"B", "ts":"5587446906", "pid":"1", "tid":"wrtComp_04"},
{"name":"wrt_run", "ph":"E", "ts":"5661629889", "pid":"1", "tid":"wrtComp_04"},
{"name":"wrt_run", "ph":"B", "ts":"5850157245", "pid":"1", "tid":"wrtComp_04"},
{"name":"wrt_run", "ph":"E", "ts":"5915449238", "pid":"1", "tid":"wrtComp_04"},
{"name":"wrt_run", "ph":"B", "ts":"6303153394", "pid":"1", "tid":"wrtComp_04"},
{"name":"wrt_run", "ph":"E", "ts":"6365891268", "pid":"1", "tid":"wrtComp_04"},
{"name":"wrt_run", "ph":"B", "ts":"7015903430", "pid":"1", "tid":"wrtComp_04"},
{"name":"wrt_run", "ph":"E", "ts":"7091337298", "pid":"1", "tid":"wrtComp_04"},
{"name":"wrt_run", "ph":"B", "ts":"7731452962", "pid":"1", "tid":"wrtComp_04"},
{"name":"wrt_run", "ph":"E", "ts":"7822290649", "pid":"1", "tid":"wrtComp_04"},
{"name":"wrt_run", "ph":"B", "ts":"8435970504", "pid":"1", "tid":"wrtComp_04"},
{"name":"wrt_run", "ph":"E", "ts":"8502708430", "pid":"1", "tid":"wrtComp_04"},
{"name":"wrt_run", "ph":"B", "ts":"9171618207", "pid":"1", "tid":"wrtComp_04"},
{"name":"wrt_run", "ph":"E", "ts":"9236796620", "pid":"1", "tid":"wrtComp_04"},
{"name":"wrt_run", "ph":"B", "ts":"9864985601", "pid":"1", "tid":"wrtComp_04"},
{"name":"wrt_run", "ph":"E", "ts":"9929499826", "pid":"1", "tid":"wrtComp_04"},
{"name":"wrt_run", "ph":"B", "ts":"10590784684", "pid":"1", "tid":"wrtComp_04"},
{"name":"wrt_run", "ph":"E", "ts":"10657566978", "pid":"1", "tid":"wrtComp_04"},
{"name":"wrt_run", "ph":"B", "ts":"11293421781", "pid":"1", "tid":"wrtComp_04"},
{"name":"wrt_run", "ph":"E", "ts":"11360285316", "pid":"1", "tid":"wrtComp_04"},
{"name":"wrt_run", "ph":"B", "ts":"11966059027", "pid":"1", "tid":"wrtComp_04"},
{"name":"wrt_run", "ph":"E", "ts":"12031716298", "pid":"1", "tid":"wrtComp_04"},
{"name":"wrt_run", "ph":"B", "ts":"12679836696", "pid":"1", "tid":"wrtComp_04"},
{"name":"wrt_run", "ph":"E", "ts":"12746287894", "pid":"1", "tid":"wrtComp_04"},
{"name":"wrt_run", "ph":"B", "ts":"13428485454", "pid":"1", "tid":"wrtComp_04"},
{"name":"wrt_run", "ph":"E", "ts":"13489997853", "pid":"1", "tid":"wrtComp_04"},
{"name":"wrt_finalize", "ph":"B", "ts":"13490304273", "pid":"1", "tid":"wrtComp_04"},
{"name":"wrt_finalize", "ph":"E", "ts":"13490372110", "pid":"1", "tid":"wrtComp_04"},
