{"name":"SetServices", "ph":"B", "ts":"2149333894", "pid":"1", "tid":"wrtComp_08"},
{"name":"SetServices", "ph":"E", "ts":"2149335541", "pid":"1", "tid":"wrtComp_08"},
{"name":"wrt_initialize_p1", "ph":"B", "ts":"2149335896", "pid":"1", "tid":"wrtComp_08"},
{"name":"wrt_initialize_p1", "ph":"E", "ts":"2149802535", "pid":"1", "tid":"wrtComp_08"},
{"name":"wrt_run", "ph":"B", "ts":"2562031594", "pid":"1", "tid":"wrtComp_08"},
{"name":"wrt_run", "ph":"E", "ts":"2629774165", "pid":"1", "tid":"wrtComp_08"},
{"name":"wrt_run", "ph":"B", "ts":"2798165584", "pid":"1", "tid":"wrtComp_08"},
{"name":"wrt_run", "ph":"E", "ts":"2863236824", "pid":"1", "tid":"wrtComp_08"},
{"name":"wrt_run", "ph":"B", "ts":"3047257182", "pid":"1", "tid":"wrtComp_08"},
{"name":"wrt_run", "ph":"E", "ts":"3112207153", "pid":"1", "tid":"wrtComp_08"},
{"name":"wrt_run", "ph":"B", "ts":"3285401415", "pid":"1", "tid":"wrtComp_08"},
{"name":"wrt_run", "ph":"E", "ts":"3350704685", "pid":"1", "tid":"wrtComp_08"},
{"name":"wrt_run", "ph":"B", "ts":"3540862822", "pid":"1", "tid":"wrtComp_08"},
{"name":"wrt_run", "ph":"E", "ts":"3603598813", "pid":"1", "tid":"wrtComp_08"},
{"name":"wrt_run", "ph":"B", "ts":"3781051422", "pid":"1", "tid":"wrtComp_08"},
{"name":"wrt_run", "ph":"E", "ts":"3865791857", "pid":"1", "tid":"wrtComp_08"},
{"name":"wrt_run", "ph":"B", "ts":"4018560859", "pid":"1", "tid":"wrtComp_08"},
{"name":"wrt_run", "ph":"E", "ts":"4085839462", "pid":"1", "tid":"wrtComp_08"},
{"name":"wrt_run", "ph":"B", "ts":"4252039470", "pid":"1", "tid":"wrtComp_08"},
{"name":"wrt_run", "ph":"E", "ts":"4328334391", "pid":"1", "tid":"wrtComp_08"},
{"name":"wrt_run", "ph":"B", "ts":"4488876732", "pid":"1", "tid":"wrtComp_08"},
{"name":"wrt_run", "ph":"E", "ts":"4550980011", "pid":"1", "tid":"wrtComp_08"},
{"name":"wrt_run", "ph":"B", "ts":"4746291028", "pid":"1", "tid":"wrtComp_08"},
{"name":"wrt_run", "ph":"E", "ts":"4808049998", "pid":"1", "tid":"wrtComp_08"},
{"name":"wrt_run", "ph":"B", "ts":"4984202148", "pid":"1", "tid":"wrtComp_08"},
{"name":"wrt_run", "ph":"E", "ts":"5050465476", "pid":"1", "tid":"wrtComp_08"},
{"name":"wrt_run", "ph":"B", "ts":"5221794624", "pid":"1", "tid":"wrtComp_08"},
{"name":"wrt_run", "ph":"E", "ts":"5290085294", "pid":"1", "tid":"wrtComp_08"},
{"name":"wrt_run", "ph":"B", "ts":"5456987457", "pid":"1", "tid":"wrtComp_08"},
{"name":"wrt_run", "ph":"E", "ts":"5524504652", "pid":"1", "tid":"wrtComp_08"},
{"name":"wrt_run", "ph":"B", "ts":"5731672607", "pid":"1", "tid":"wrtComp_08"},
{"name":"wrt_run", "ph":"E", "ts":"5806677713", "pid":"1", "tid":"wrtComp_08"},
{"name":"wrt_run", "ph":"B", "ts":"6005141559", "pid":"1", "tid":"wrtComp_08"},
{"name":"wrt_run", "ph":"E", "ts":"6071778589", "pid":"1", "tid":"wrtComp_08"},
{"name":"wrt_run", "ph":"B", "ts":"6646993990", "pid":"1", "tid":"wrtComp_08"},
{"name":"wrt_run", "ph":"E", "ts":"6715006297", "pid":"1", "tid":"wrtComp_08"},
{"name":"wrt_run", "ph":"B", "ts":"7363663088", "pid":"1", "tid":"wrtComp_08"},
{"name":"wrt_run", "ph":"E", "ts":"7439695419", "pid":"1", "tid":"wrtComp_08"},
{"name":"wrt_run", "ph":"B", "ts":"8093718414", "pid":"1", "tid":"wrtComp_08"},
{"name":"wrt_run", "ph":"E", "ts":"8159561984", "pid":"1", "tid":"wrtComp_08"},
{"name":"wrt_run", "ph":"B", "ts":"8778268538", "pid":"1", "tid":"wrtComp_08"},
{"name":"wrt_run", "ph":"E", "ts":"8860585972", "pid":"1", "tid":"wrtComp_08"},
{"name":"wrt_run", "ph":"B", "ts":"9515353315", "pid":"1", "tid":"wrtComp_08"},
{"name":"wrt_run", "ph":"E", "ts":"9578588416", "pid":"1", "tid":"wrtComp_08"},
{"name":"wrt_run", "ph":"B", "ts":"10241242325", "pid":"1", "tid":"wrtComp_08"},
{"name":"wrt_run", "ph":"E", "ts":"10305965718", "pid":"1", "tid":"wrtComp_08"},
{"name":"wrt_run", "ph":"B", "ts":"10938147372", "pid":"1", "tid":"wrtComp_08"},
{"name":"wrt_run", "ph":"E", "ts":"11004344575", "pid":"1", "tid":"wrtComp_08"},
{"name":"wrt_run", "ph":"B", "ts":"11628340275", "pid":"1", "tid":"wrtComp_08"},
{"name":"wrt_run", "ph":"E", "ts":"11691903204", "pid":"1", "tid":"wrtComp_08"},
{"name":"wrt_run", "ph":"B", "ts":"12321079744", "pid":"1", "tid":"wrtComp_08"},
{"name":"wrt_run", "ph":"E", "ts":"12382491255", "pid":"1", "tid":"wrtComp_08"},
{"name":"wrt_run", "ph":"B", "ts":"13032430735", "pid":"1", "tid":"wrtComp_08"},
{"name":"wrt_run", "ph":"E", "ts":"13094980398", "pid":"1", "tid":"wrtComp_08"},
{"name":"wrt_run", "ph":"B", "ts":"13770367092", "pid":"1", "tid":"wrtComp_08"},
{"name":"wrt_run", "ph":"E", "ts":"13830048458", "pid":"1", "tid":"wrtComp_08"},
{"name":"wrt_finalize", "ph":"B", "ts":"13830110209", "pid":"1", "tid":"wrtComp_08"},
{"name":"wrt_finalize", "ph":"E", "ts":"13830185028", "pid":"1", "tid":"wrtComp_08"},
