{"name":"SetServices", "ph":"B", "ts":"933975040", "pid":"1", "tid":"wrtComp_04"},
{"name":"SetServices", "ph":"E", "ts":"934028566", "pid":"1", "tid":"wrtComp_04"},
{"name":"wrt_initialize_p1", "ph":"B", "ts":"934028928", "pid":"1", "tid":"wrtComp_04"},
{"name":"wrt_initialize_p1", "ph":"E", "ts":"934546437", "pid":"1", "tid":"wrtComp_04"},
{"name":"wrt_run", "ph":"B", "ts":"1169711857", "pid":"1", "tid":"wrtComp_04"},
{"name":"wrt_run", "ph":"E", "ts":"1230731930", "pid":"1", "tid":"wrtComp_04"},
{"name":"wrt_run", "ph":"B", "ts":"1325476084", "pid":"1", "tid":"wrtComp_04"},
{"name":"wrt_run", "ph":"E", "ts":"1389999156", "pid":"1", "tid":"wrtComp_04"},
{"name":"wrt_run", "ph":"B", "ts":"1498287995", "pid":"1", "tid":"wrtComp_04"},
{"name":"wrt_run", "ph":"E", "ts":"1557695382", "pid":"1", "tid":"wrtComp_04"},
{"name":"wrt_run", "ph":"B", "ts":"1660644579", "pid":"1", "tid":"wrtComp_04"},
{"name":"wrt_run", "ph":"E", "ts":"1720723845", "pid":"1", "tid":"wrtComp_04"},
{"name":"wrt_run", "ph":"B", "ts":"1819005363", "pid":"1", "tid":"wrtComp_04"},
{"name":"wrt_run", "ph":"E", "ts":"1880907501", "pid":"1", "tid":"wrtComp_04"},
{"name":"wrt_run", "ph":"B", "ts":"2012018021", "pid":"1", "tid":"wrtComp_04"},
{"name":"wrt_run", "ph":"E", "ts":"2085242251", "pid":"1", "tid":"wrtComp_04"},
{"name":"wrt_run", "ph":"B", "ts":"2173680240", "pid":"1", "tid":"wrtComp_04"},
{"name":"wrt_run", "ph":"E", "ts":"2236413666", "pid":"1", "tid":"wrtComp_04"},
{"name":"wrt_run", "ph":"B", "ts":"2329349152", "pid":"1", "tid":"wrtComp_04"},
{"name":"wrt_run", "ph":"E", "ts":"2390271626", "pid":"1", "tid":"wrtComp_04"},
{"name":"wrt_run", "ph":"B", "ts":"2493207725", "pid":"1", "tid":"wrtComp_04"},
{"name":"wrt_run", "ph":"E", "ts":"2555462544", "pid":"1", "tid":"wrtComp_04"},
{"name":"wrt_run", "ph":"B", "ts":"2681894085", "pid":"1", "tid":"wrtComp_04"},
{"name":"wrt_run", "ph":"E", "ts":"2746152535", "pid":"1", "tid":"wrtComp_04"},
{"name":"wrt_run", "ph":"B", "ts":"2845646705", "pid":"1", "tid":"wrtComp_04"},
{"name":"wrt_run", "ph":"E", "ts":"2907955178", "pid":"1", "tid":"wrtComp_04"},
{"name":"wrt_run", "ph":"B", "ts":"3005949893", "pid":"1", "tid":"wrtComp_04"},
{"name":"wrt_run", "ph":"E", "ts":"3065952662", "pid":"1", "tid":"wrtComp_04"},
{"name":"wrt_run", "ph":"B", "ts":"3167836729", "pid":"1", "tid":"wrtComp_04"},
{"name":"wrt_run", "ph":"E", "ts":"3230630946", "pid":"1", "tid":"wrtComp_04"},
{"name":"wrt_run", "ph":"B", "ts":"3331933833", "pid":"1", "tid":"wrtComp_04"},
{"name":"wrt_run", "ph":"E", "ts":"3396212046", "pid":"1", "tid":"wrtComp_04"},
{"name":"wrt_run", "ph":"B", "ts":"3533759842", "pid":"1", "tid":"wrtComp_04"},
{"name":"wrt_run", "ph":"E", "ts":"3594855629", "pid":"1", "tid":"wrtComp_04"},
{"name":"wrt_run", "ph":"B", "ts":"3814444163", "pid":"1", "tid":"wrtComp_04"},
{"name":"wrt_run", "ph":"E", "ts":"3878247334", "pid":"1", "tid":"wrtComp_04"},
{"name":"wrt_run", "ph":"B", "ts":"4330292051", "pid":"1", "tid":"wrtComp_04"},
{"name":"wrt_run", "ph":"E", "ts":"4391194789", "pid":"1", "tid":"wrtComp_04"},
{"name":"wrt_run", "ph":"B", "ts":"4858755728", "pid":"1", "tid":"wrtComp_04"},
{"name":"wrt_run", "ph":"E", "ts":"4925427021", "pid":"1", "tid":"wrtComp_04"},
{"name":"wrt_run", "ph":"B", "ts":"5374262349", "pid":"1", "tid":"wrtComp_04"},
{"name":"wrt_run", "ph":"E", "ts":"5434888835", "pid":"1", "tid":"wrtComp_04"},
{"name":"wrt_run", "ph":"B", "ts":"5884768262", "pid":"1", "tid":"wrtComp_04"},
{"name":"wrt_run", "ph":"E", "ts":"5945027603", "pid":"1", "tid":"wrtComp_04"},
{"name":"wrt_run", "ph":"B", "ts":"6360099443", "pid":"1", "tid":"wrtComp_04"},
{"name":"wrt_run", "ph":"E", "ts":"6424828416", "pid":"1", "tid":"wrtComp_04"},
{"name":"wrt_run", "ph":"B", "ts":"6851347547", "pid":"1", "tid":"wrtComp_04"},
{"name":"wrt_run", "ph":"E", "ts":"6914155442", "pid":"1", "tid":"wrtComp_04"},
{"name":"wrt_run", "ph":"B", "ts":"7352546098", "pid":"1", "tid":"wrtComp_04"},
{"name":"wrt_run", "ph":"E", "ts":"7418449347", "pid":"1", "tid":"wrtComp_04"},
{"name":"wrt_run", "ph":"B", "ts":"7832298829", "pid":"1", "tid":"wrtComp_04"},
{"name":"wrt_run", "ph":"E", "ts":"7901394620", "pid":"1", "tid":"wrtComp_04"},
{"name":"wrt_run", "ph":"B", "ts":"8337658842", "pid":"1", "tid":"wrtComp_04"},
{"name":"wrt_run", "ph":"E", "ts":"8400529210", "pid":"1", "tid":"wrtComp_04"},
{"name":"wrt_run", "ph":"B", "ts":"8841169045", "pid":"1", "tid":"wrtComp_04"},
{"name":"wrt_run", "ph":"E", "ts":"8907508886", "pid":"1", "tid":"wrtComp_04"},
{"name":"wrt_finalize", "ph":"B", "ts":"8907810632", "pid":"1", "tid":"wrtComp_04"},
{"name":"wrt_finalize", "ph":"E", "ts":"8907953021", "pid":"1", "tid":"wrtComp_04"},
