{"name":"SetServices", "ph":"B", "ts":"936901927", "pid":"1", "tid":"wrtComp_06"},
{"name":"SetServices", "ph":"E", "ts":"936955658", "pid":"1", "tid":"wrtComp_06"},
{"name":"wrt_initialize_p1", "ph":"B", "ts":"936956032", "pid":"1", "tid":"wrtComp_06"},
{"name":"wrt_initialize_p1", "ph":"E", "ts":"937481539", "pid":"1", "tid":"wrtComp_06"},
{"name":"wrt_run", "ph":"B", "ts":"1207786541", "pid":"1", "tid":"wrtComp_06"},
{"name":"wrt_run", "ph":"E", "ts":"1270804468", "pid":"1", "tid":"wrtComp_06"},
{"name":"wrt_run", "ph":"B", "ts":"1366273406", "pid":"1", "tid":"wrtComp_06"},
{"name":"wrt_run", "ph":"E", "ts":"1426936144", "pid":"1", "tid":"wrtComp_06"},
{"name":"wrt_run", "ph":"B", "ts":"1540959608", "pid":"1", "tid":"wrtComp_06"},
{"name":"wrt_run", "ph":"E", "ts":"1602666617", "pid":"1", "tid":"wrtComp_06"},
{"name":"wrt_run", "ph":"B", "ts":"1700975064", "pid":"1", "tid":"wrtComp_06"},
{"name":"wrt_run", "ph":"E", "ts":"1762100898", "pid":"1", "tid":"wrtComp_06"},
{"name":"wrt_run", "ph":"B", "ts":"1889237097", "pid":"1", "tid":"wrtComp_06"},
{"name":"wrt_run", "ph":"E", "ts":"1950888308", "pid":"1", "tid":"wrtComp_06"},
{"name":"wrt_run", "ph":"B", "ts":"2050335875", "pid":"1", "tid":"wrtComp_06"},
{"name":"wrt_run", "ph":"E", "ts":"2112611893", "pid":"1", "tid":"wrtComp_06"},
{"name":"wrt_run", "ph":"B", "ts":"2212345493", "pid":"1", "tid":"wrtComp_06"},
{"name":"wrt_run", "ph":"E", "ts":"2275225416", "pid":"1", "tid":"wrtComp_06"},
{"name":"wrt_run", "ph":"B", "ts":"2369750471", "pid":"1", "tid":"wrtComp_06"},
{"name":"wrt_run", "ph":"E", "ts":"2430979018", "pid":"1", "tid":"wrtComp_06"},
{"name":"wrt_run", "ph":"B", "ts":"2530974624", "pid":"1", "tid":"wrtComp_06"},
{"name":"wrt_run", "ph":"E", "ts":"2595716415", "pid":"1", "tid":"wrtComp_06"},
{"name":"wrt_run", "ph":"B", "ts":"2721733074", "pid":"1", "tid":"wrtComp_06"},
{"name":"wrt_run", "ph":"E", "ts":"2786953801", "pid":"1", "tid":"wrtComp_06"},
{"name":"wrt_run", "ph":"B", "ts":"2885807021", "pid":"1", "tid":"wrtComp_06"},
{"name":"wrt_run", "ph":"E", "ts":"2948152044", "pid":"1", "tid":"wrtComp_06"},
{"name":"wrt_run", "ph":"B", "ts":"3044866982", "pid":"1", "tid":"wrtComp_06"},
{"name":"wrt_run", "ph":"E", "ts":"3106882830", "pid":"1", "tid":"wrtComp_06"},
{"name":"wrt_run", "ph":"B", "ts":"3208840540", "pid":"1", "tid":"wrtComp_06"},
{"name":"wrt_run", "ph":"E", "ts":"3272425468", "pid":"1", "tid":"wrtComp_06"},
{"name":"wrt_run", "ph":"B", "ts":"3403187951", "pid":"1", "tid":"wrtComp_06"},
{"name":"wrt_run", "ph":"E", "ts":"3473495456", "pid":"1", "tid":"wrtComp_06"},
{"name":"wrt_run", "ph":"B", "ts":"3574460343", "pid":"1", "tid":"wrtComp_06"},
{"name":"wrt_run", "ph":"E", "ts":"3636989071", "pid":"1", "tid":"wrtComp_06"},
{"name":"wrt_run", "ph":"B", "ts":"3929797313", "pid":"1", "tid":"wrtComp_06"},
{"name":"wrt_run", "ph":"E", "ts":"3998649617", "pid":"1", "tid":"wrtComp_06"},
{"name":"wrt_run", "ph":"B", "ts":"4452211005", "pid":"1", "tid":"wrtComp_06"},
{"name":"wrt_run", "ph":"E", "ts":"4516277180", "pid":"1", "tid":"wrtComp_06"},
{"name":"wrt_run", "ph":"B", "ts":"5026617942", "pid":"1", "tid":"wrtComp_06"},
{"name":"wrt_run", "ph":"E", "ts":"5088569278", "pid":"1", "tid":"wrtComp_06"},
{"name":"wrt_run", "ph":"B", "ts":"5491479803", "pid":"1", "tid":"wrtComp_06"},
{"name":"wrt_run", "ph":"E", "ts":"5555059908", "pid":"1", "tid":"wrtComp_06"},
{"name":"wrt_run", "ph":"B", "ts":"5999850873", "pid":"1", "tid":"wrtComp_06"},
{"name":"wrt_run", "ph":"E", "ts":"6061962450", "pid":"1", "tid":"wrtComp_06"},
{"name":"wrt_run", "ph":"B", "ts":"6503310778", "pid":"1", "tid":"wrtComp_06"},
{"name":"wrt_run", "ph":"E", "ts":"6564901791", "pid":"1", "tid":"wrtComp_06"},
{"name":"wrt_run", "ph":"B", "ts":"6967260803", "pid":"1", "tid":"wrtComp_06"},
{"name":"wrt_run", "ph":"E", "ts":"7034817695", "pid":"1", "tid":"wrtComp_06"},
{"name":"wrt_run", "ph":"B", "ts":"7468937399", "pid":"1", "tid":"wrtComp_06"},
{"name":"wrt_run", "ph":"E", "ts":"7532115112", "pid":"1", "tid":"wrtComp_06"},
{"name":"wrt_run", "ph":"B", "ts":"7979068214", "pid":"1", "tid":"wrtComp_06"},
{"name":"wrt_run", "ph":"E", "ts":"8046260332", "pid":"1", "tid":"wrtComp_06"},
{"name":"wrt_run", "ph":"B", "ts":"8453815039", "pid":"1", "tid":"wrtComp_06"},
{"name":"wrt_run", "ph":"E", "ts":"8516683500", "pid":"1", "tid":"wrtComp_06"},
{"name":"wrt_run", "ph":"B", "ts":"8957643650", "pid":"1", "tid":"wrtComp_06"},
{"name":"wrt_run", "ph":"E", "ts":"9023461921", "pid":"1", "tid":"wrtComp_06"},
{"name":"wrt_finalize", "ph":"B", "ts":"9023625525", "pid":"1", "tid":"wrtComp_06"},
{"name":"wrt_finalize", "ph":"E", "ts":"9023788037", "pid":"1", "tid":"wrtComp_06"},
