{"name":"SetServices", "ph":"B", "ts":"2809075319", "pid":"1", "tid":"wrtComp_02"},
{"name":"SetServices", "ph":"E", "ts":"2809076171", "pid":"1", "tid":"wrtComp_02"},
{"name":"wrt_initialize_p1", "ph":"B", "ts":"2809076521", "pid":"1", "tid":"wrtComp_02"},
{"name":"wrt_initialize_p1", "ph":"E", "ts":"2809919273", "pid":"1", "tid":"wrtComp_02"},
{"name":"wrt_run", "ph":"B", "ts":"3076316329", "pid":"1", "tid":"wrtComp_02"},
{"name":"wrt_run", "ph":"E", "ts":"3143292410", "pid":"1", "tid":"wrtComp_02"},
{"name":"wrt_run", "ph":"B", "ts":"3316796996", "pid":"1", "tid":"wrtComp_02"},
{"name":"wrt_run", "ph":"E", "ts":"3375168159", "pid":"1", "tid":"wrtComp_02"},
{"name":"wrt_run", "ph":"B", "ts":"3551117304", "pid":"1", "tid":"wrtComp_02"},
{"name":"wrt_run", "ph":"E", "ts":"3610616042", "pid":"1", "tid":"wrtComp_02"},
{"name":"wrt_run", "ph":"B", "ts":"3799985706", "pid":"1", "tid":"wrtComp_02"},
{"name":"wrt_run", "ph":"E", "ts":"3861139222", "pid":"1", "tid":"wrtComp_02"},
{"name":"wrt_run", "ph":"B", "ts":"4033218783", "pid":"1", "tid":"wrtComp_02"},
{"name":"wrt_run", "ph":"E", "ts":"4101133157", "pid":"1", "tid":"wrtComp_02"},
{"name":"wrt_run", "ph":"B", "ts":"4284404118", "pid":"1", "tid":"wrtComp_02"},
{"name":"wrt_run", "ph":"E", "ts":"4345867001", "pid":"1", "tid":"wrtComp_02"},
{"name":"wrt_run", "ph":"B", "ts":"4515562779", "pid":"1", "tid":"wrtComp_02"},
{"name":"wrt_run", "ph":"E", "ts":"4579616987", "pid":"1", "tid":"wrtComp_02"},
{"name":"wrt_run", "ph":"B", "ts":"4746882285", "pid":"1", "tid":"wrtComp_02"},
{"name":"wrt_run", "ph":"E", "ts":"4807622519", "pid":"1", "tid":"wrtComp_02"},
{"name":"wrt_run", "ph":"B", "ts":"4976277704", "pid":"1", "tid":"wrtComp_02"},
{"name":"wrt_run", "ph":"E", "ts":"5036528888", "pid":"1", "tid":"wrtComp_02"},
{"name":"wrt_run", "ph":"B", "ts":"5227872516", "pid":"1", "tid":"wrtComp_02"},
{"name":"wrt_run", "ph":"E", "ts":"5288538751", "pid":"1", "tid":"wrtComp_02"},
{"name":"wrt_run", "ph":"B", "ts":"5465392998", "pid":"1", "tid":"wrtComp_02"},
{"name":"wrt_run", "ph":"E", "ts":"5531951936", "pid":"1", "tid":"wrtComp_02"},
{"name":"wrt_run", "ph":"B", "ts":"5700422820", "pid":"1", "tid":"wrtComp_02"},
{"name":"wrt_run", "ph":"E", "ts":"5759543296", "pid":"1", "tid":"wrtComp_02"},
{"name":"wrt_run", "ph":"B", "ts":"5931932965", "pid":"1", "tid":"wrtComp_02"},
{"name":"wrt_run", "ph":"E", "ts":"5989191613", "pid":"1", "tid":"wrtComp_02"},
{"name":"wrt_run", "ph":"B", "ts":"6165431732", "pid":"1", "tid":"wrtComp_02"},
{"name":"wrt_run", "ph":"E", "ts":"6224753930", "pid":"1", "tid":"wrtComp_02"},
{"name":"wrt_run", "ph":"B", "ts":"6424092180", "pid":"1", "tid":"wrtComp_02"},
{"name":"wrt_run", "ph":"E", "ts":"6484237439", "pid":"1", "tid":"wrtComp_02"},
{"name":"wrt_run", "ph":"B", "ts":"6751146068", "pid":"1", "tid":"wrtComp_02"},
{"name":"wrt_run", "ph":"E", "ts":"6812050773", "pid":"1", "tid":"wrtComp_02"},
{"name":"wrt_run", "ph":"B", "ts":"7458960403", "pid":"1", "tid":"wrtComp_02"},
{"name":"wrt_run", "ph":"E", "ts":"7526858972", "pid":"1", "tid":"wrtComp_02"},
{"name":"wrt_run", "ph":"B", "ts":"8131506791", "pid":"1", "tid":"wrtComp_02"},
{"name":"wrt_run", "ph":"E", "ts":"8194909869", "pid":"1", "tid":"wrtComp_02"},
{"name":"wrt_run", "ph":"B", "ts":"8822059995", "pid":"1", "tid":"wrtComp_02"},
{"name":"wrt_run", "ph":"E", "ts":"8886667773", "pid":"1", "tid":"wrtComp_02"},
{"name":"wrt_run", "ph":"B", "ts":"9511016940", "pid":"1", "tid":"wrtComp_02"},
{"name":"wrt_run", "ph":"E", "ts":"9569989494", "pid":"1", "tid":"wrtComp_02"},
{"name":"wrt_run", "ph":"B", "ts":"10188407923", "pid":"1", "tid":"wrtComp_02"},
{"name":"wrt_run", "ph":"E", "ts":"10247895528", "pid":"1", "tid":"wrtComp_02"},
{"name":"wrt_run", "ph":"B", "ts":"10900788557", "pid":"1", "tid":"wrtComp_02"},
{"name":"wrt_run", "ph":"E", "ts":"10963715214", "pid":"1", "tid":"wrtComp_02"},
{"name":"wrt_run", "ph":"B", "ts":"11595960433", "pid":"1", "tid":"wrtComp_02"},
{"name":"wrt_run", "ph":"E", "ts":"11658094836", "pid":"1", "tid":"wrtComp_02"},
{"name":"wrt_run", "ph":"B", "ts":"12257177432", "pid":"1", "tid":"wrtComp_02"},
{"name":"wrt_run", "ph":"E", "ts":"12317601501", "pid":"1", "tid":"wrtComp_02"},
{"name":"wrt_run", "ph":"B", "ts":"12966040453", "pid":"1", "tid":"wrtComp_02"},
{"name":"wrt_run", "ph":"E", "ts":"13027630730", "pid":"1", "tid":"wrtComp_02"},
{"name":"wrt_run", "ph":"B", "ts":"13674133573", "pid":"1", "tid":"wrtComp_02"},
{"name":"wrt_run", "ph":"E", "ts":"13736447081", "pid":"1", "tid":"wrtComp_02"},
{"name":"wrt_finalize", "ph":"B", "ts":"13736803780", "pid":"1", "tid":"wrtComp_02"},
{"name":"wrt_finalize", "ph":"E", "ts":"13736931700", "pid":"1", "tid":"wrtComp_02"},
