{"name":"SetServices", "ph":"B", "ts":"2812749128", "pid":"1", "tid":"wrtComp_05"},
{"name":"SetServices", "ph":"E", "ts":"2812749925", "pid":"1", "tid":"wrtComp_05"},
{"name":"wrt_initialize_p1", "ph":"B", "ts":"2812750270", "pid":"1", "tid":"wrtComp_05"},
{"name":"wrt_initialize_p1", "ph":"E", "ts":"2813239834", "pid":"1", "tid":"wrtComp_05"},
{"name":"wrt_run", "ph":"B", "ts":"3164643266", "pid":"1", "tid":"wrtComp_05"},
{"name":"wrt_run", "ph":"E", "ts":"3234847428", "pid":"1", "tid":"wrtComp_05"},
{"name":"wrt_run", "ph":"B", "ts":"3404794644", "pid":"1", "tid":"wrtComp_05"},
{"name":"wrt_run", "ph":"E", "ts":"3469205490", "pid":"1", "tid":"wrtComp_05"},
{"name":"wrt_run", "ph":"B", "ts":"3651324811", "pid":"1", "tid":"wrtComp_05"},
{"name":"wrt_run", "ph":"E", "ts":"3716427776", "pid":"1", "tid":"wrtComp_05"},
{"name":"wrt_run", "ph":"B", "ts":"3887035137", "pid":"1", "tid":"wrtComp_05"},
{"name":"wrt_run", "ph":"E", "ts":"3948994378", "pid":"1", "tid":"wrtComp_05"},
{"name":"wrt_run", "ph":"B", "ts":"4121104667", "pid":"1", "tid":"wrtComp_05"},
{"name":"wrt_run", "ph":"E", "ts":"4249444946", "pid":"1", "tid":"wrtComp_05"},
{"name":"wrt_run", "ph":"B", "ts":"4371146485", "pid":"1", "tid":"wrtComp_05"},
{"name":"wrt_run", "ph":"E", "ts":"4433735537", "pid":"1", "tid":"wrtComp_05"},
{"name":"wrt_run", "ph":"B", "ts":"4600814653", "pid":"1", "tid":"wrtComp_05"},
{"name":"wrt_run", "ph":"E", "ts":"4667726505", "pid":"1", "tid":"wrtComp_05"},
{"name":"wrt_run", "ph":"B", "ts":"4831449106", "pid":"1", "tid":"wrtComp_05"},
{"name":"wrt_run", "ph":"E", "ts":"4893162408", "pid":"1", "tid":"wrtComp_05"},
{"name":"wrt_run", "ph":"B", "ts":"5064951475", "pid":"1", "tid":"wrtComp_05"},
{"name":"wrt_run", "ph":"E", "ts":"5123559048", "pid":"1", "tid":"wrtComp_05"},
{"name":"wrt_run", "ph":"B", "ts":"5315233983", "pid":"1", "tid":"wrtComp_05"},
{"name":"wrt_run", "ph":"E", "ts":"5378086760", "pid":"1", "tid":"wrtComp_05"},
{"name":"wrt_run", "ph":"B", "ts":"5552780205", "pid":"1", "tid":"wrtComp_05"},
{"name":"wrt_run", "ph":"E", "ts":"5618420318", "pid":"1", "tid":"wrtComp_05"},
{"name":"wrt_run", "ph":"B", "ts":"5788355364", "pid":"1", "tid":"wrtComp_05"},
{"name":"wrt_run", "ph":"E", "ts":"5847241867", "pid":"1", "tid":"wrtComp_05"},
{"name":"wrt_run", "ph":"B", "ts":"6019012500", "pid":"1", "tid":"wrtComp_05"},
{"name":"wrt_run", "ph":"E", "ts":"6079986458", "pid":"1", "tid":"wrtComp_05"},
{"name":"wrt_run", "ph":"B", "ts":"6252895819", "pid":"1", "tid":"wrtComp_05"},
{"name":"wrt_run", "ph":"E", "ts":"6403099547", "pid":"1", "tid":"wrtComp_05"},
{"name":"wrt_run", "ph":"B", "ts":"6512199504", "pid":"1", "tid":"wrtComp_05"},
{"name":"wrt_run", "ph":"E", "ts":"6573048425", "pid":"1", "tid":"wrtComp_05"},
{"name":"wrt_run", "ph":"B", "ts":"7013170022", "pid":"1", "tid":"wrtComp_05"},
{"name":"wrt_run", "ph":"E", "ts":"7076123171", "pid":"1", "tid":"wrtComp_05"},
{"name":"wrt_run", "ph":"B", "ts":"7716313033", "pid":"1", "tid":"wrtComp_05"},
{"name":"wrt_run", "ph":"E", "ts":"7779077013", "pid":"1", "tid":"wrtComp_05"},
{"name":"wrt_run", "ph":"B", "ts":"8381781476", "pid":"1", "tid":"wrtComp_05"},
{"name":"wrt_run", "ph":"E", "ts":"8531744252", "pid":"1", "tid":"wrtComp_05"},
{"name":"wrt_run", "ph":"B", "ts":"9077170670", "pid":"1", "tid":"wrtComp_05"},
{"name":"wrt_run", "ph":"E", "ts":"9139618802", "pid":"1", "tid":"wrtComp_05"},
{"name":"wrt_run", "ph":"B", "ts":"9761750141", "pid":"1", "tid":"wrtComp_05"},
{"name":"wrt_run", "ph":"E", "ts":"9820684018", "pid":"1", "tid":"wrtComp_05"},
{"name":"wrt_run", "ph":"B", "ts":"10447301899", "pid":"1", "tid":"wrtComp_05"},
{"name":"wrt_run", "ph":"E", "ts":"10601511136", "pid":"1", "tid":"wrtComp_05"},
{"name":"wrt_run", "ph":"B", "ts":"11158906960", "pid":"1", "tid":"wrtComp_05"},
{"name":"wrt_run", "ph":"E", "ts":"11223220578", "pid":"1", "tid":"wrtComp_05"},
{"name":"wrt_run", "ph":"B", "ts":"11841543409", "pid":"1", "tid":"wrtComp_05"},
{"name":"wrt_run", "ph":"E", "ts":"11904144005", "pid":"1", "tid":"wrtComp_05"},
{"name":"wrt_run", "ph":"B", "ts":"12510614475", "pid":"1", "tid":"wrtComp_05"},
{"name":"wrt_run", "ph":"E", "ts":"12673003806", "pid":"1", "tid":"wrtComp_05"},
{"name":"wrt_run", "ph":"B", "ts":"13216815413", "pid":"1", "tid":"wrtComp_05"},
{"name":"wrt_run", "ph":"E", "ts":"13278785282", "pid":"1", "tid":"wrtComp_05"},
{"name":"wrt_run", "ph":"B", "ts":"13926890931", "pid":"1", "tid":"wrtComp_05"},
{"name":"wrt_run", "ph":"E", "ts":"13989335342", "pid":"1", "tid":"wrtComp_05"},
{"name":"wrt_finalize", "ph":"B", "ts":"13989569363", "pid":"1", "tid":"wrtComp_05"},
{"name":"wrt_finalize", "ph":"E", "ts":"13989639207", "pid":"1", "tid":"wrtComp_05"},
