{"name":"SetServices", "ph":"B", "ts":"2476907351", "pid":"1", "tid":"wrtComp_06"},
{"name":"SetServices", "ph":"E", "ts":"2476908276", "pid":"1", "tid":"wrtComp_06"},
{"name":"wrt_initialize_p1", "ph":"B", "ts":"2476908634", "pid":"1", "tid":"wrtComp_06"},
{"name":"wrt_initialize_p1", "ph":"E", "ts":"2477436539", "pid":"1", "tid":"wrtComp_06"},
{"name":"wrt_run", "ph":"B", "ts":"2753769785", "pid":"1", "tid":"wrtComp_06"},
{"name":"wrt_run", "ph":"E", "ts":"2824501189", "pid":"1", "tid":"wrtComp_06"},
{"name":"wrt_run", "ph":"B", "ts":"2913053161", "pid":"1", "tid":"wrtComp_06"},
{"name":"wrt_run", "ph":"E", "ts":"2971964910", "pid":"1", "tid":"wrtComp_06"},
{"name":"wrt_run", "ph":"B", "ts":"3084352515", "pid":"1", "tid":"wrtComp_06"},
{"name":"wrt_run", "ph":"E", "ts":"3143830360", "pid":"1", "tid":"wrtComp_06"},
{"name":"wrt_run", "ph":"B", "ts":"3241888658", "pid":"1", "tid":"wrtComp_06"},
{"name":"wrt_run", "ph":"E", "ts":"3302476794", "pid":"1", "tid":"wrtComp_06"},
{"name":"wrt_run", "ph":"B", "ts":"3428585985", "pid":"1", "tid":"wrtComp_06"},
{"name":"wrt_run", "ph":"E", "ts":"3487430588", "pid":"1", "tid":"wrtComp_06"},
{"name":"wrt_run", "ph":"B", "ts":"3585065196", "pid":"1", "tid":"wrtComp_06"},
{"name":"wrt_run", "ph":"E", "ts":"3645717668", "pid":"1", "tid":"wrtComp_06"},
{"name":"wrt_run", "ph":"B", "ts":"3742647326", "pid":"1", "tid":"wrtComp_06"},
{"name":"wrt_run", "ph":"E", "ts":"3803691991", "pid":"1", "tid":"wrtComp_06"},
{"name":"wrt_run", "ph":"B", "ts":"3904229735", "pid":"1", "tid":"wrtComp_06"},
{"name":"wrt_run", "ph":"E", "ts":"3967767037", "pid":"1", "tid":"wrtComp_06"},
{"name":"wrt_run", "ph":"B", "ts":"4061794031", "pid":"1", "tid":"wrtComp_06"},
{"name":"wrt_run", "ph":"E", "ts":"4122345251", "pid":"1", "tid":"wrtComp_06"},
{"name":"wrt_run", "ph":"B", "ts":"4260833026", "pid":"1", "tid":"wrtComp_06"},
{"name":"wrt_run", "ph":"E", "ts":"4324129683", "pid":"1", "tid":"wrtComp_06"},
{"name":"wrt_run", "ph":"B", "ts":"4430646075", "pid":"1", "tid":"wrtComp_06"},
{"name":"wrt_run", "ph":"E", "ts":"4494203904", "pid":"1", "tid":"wrtComp_06"},
{"name":"wrt_run", "ph":"B", "ts":"4593307664", "pid":"1", "tid":"wrtComp_06"},
{"name":"wrt_run", "ph":"E", "ts":"4655362497", "pid":"1", "tid":"wrtComp_06"},
{"name":"wrt_run", "ph":"B", "ts":"4758923607", "pid":"1", "tid":"wrtComp_06"},
{"name":"wrt_run", "ph":"E", "ts":"4818299528", "pid":"1", "tid":"wrtComp_06"},
{"name":"wrt_run", "ph":"B", "ts":"4949815713", "pid":"1", "tid":"wrtComp_06"},
{"name":"wrt_run", "ph":"E", "ts":"5012117605", "pid":"1", "tid":"wrtComp_06"},
{"name":"wrt_run", "ph":"B", "ts":"5111114417", "pid":"1", "tid":"wrtComp_06"},
{"name":"wrt_run", "ph":"E", "ts":"5170958237", "pid":"1", "tid":"wrtComp_06"},
{"name":"wrt_run", "ph":"B", "ts":"5460999101", "pid":"1", "tid":"wrtComp_06"},
{"name":"wrt_run", "ph":"E", "ts":"5540988206", "pid":"1", "tid":"wrtComp_06"},
{"name":"wrt_run", "ph":"B", "ts":"5993845919", "pid":"1", "tid":"wrtComp_06"},
{"name":"wrt_run", "ph":"E", "ts":"6055923025", "pid":"1", "tid":"wrtComp_06"},
{"name":"wrt_run", "ph":"B", "ts":"6553794913", "pid":"1", "tid":"wrtComp_06"},
{"name":"wrt_run", "ph":"E", "ts":"6616649166", "pid":"1", "tid":"wrtComp_06"},
{"name":"wrt_run", "ph":"B", "ts":"7026916259", "pid":"1", "tid":"wrtComp_06"},
{"name":"wrt_run", "ph":"E", "ts":"7086754967", "pid":"1", "tid":"wrtComp_06"},
{"name":"wrt_run", "ph":"B", "ts":"7525560940", "pid":"1", "tid":"wrtComp_06"},
{"name":"wrt_run", "ph":"E", "ts":"7585501313", "pid":"1", "tid":"wrtComp_06"},
{"name":"wrt_run", "ph":"B", "ts":"8031762220", "pid":"1", "tid":"wrtComp_06"},
{"name":"wrt_run", "ph":"E", "ts":"8100696710", "pid":"1", "tid":"wrtComp_06"},
{"name":"wrt_run", "ph":"B", "ts":"8498236778", "pid":"1", "tid":"wrtComp_06"},
{"name":"wrt_run", "ph":"E", "ts":"8558379576", "pid":"1", "tid":"wrtComp_06"},
{"name":"wrt_run", "ph":"B", "ts":"9007820691", "pid":"1", "tid":"wrtComp_06"},
{"name":"wrt_run", "ph":"E", "ts":"9067756917", "pid":"1", "tid":"wrtComp_06"},
{"name":"wrt_run", "ph":"B", "ts":"9520055658", "pid":"1", "tid":"wrtComp_06"},
{"name":"wrt_run", "ph":"E", "ts":"9582883223", "pid":"1", "tid":"wrtComp_06"},
{"name":"wrt_run", "ph":"B", "ts":"9998979572", "pid":"1", "tid":"wrtComp_06"},
{"name":"wrt_run", "ph":"E", "ts":"10059575086", "pid":"1", "tid":"wrtComp_06"},
{"name":"wrt_run", "ph":"B", "ts":"10512320890", "pid":"1", "tid":"wrtComp_06"},
{"name":"wrt_run", "ph":"E", "ts":"10573947212", "pid":"1", "tid":"wrtComp_06"},
{"name":"wrt_finalize", "ph":"B", "ts":"10574119799", "pid":"1", "tid":"wrtComp_06"},
{"name":"wrt_finalize", "ph":"E", "ts":"10574265363", "pid":"1", "tid":"wrtComp_06"},
