{"name":"SetServices", "ph":"B", "ts":"2472543798", "pid":"1", "tid":"wrtComp_03"},
{"name":"SetServices", "ph":"E", "ts":"2472544598", "pid":"1", "tid":"wrtComp_03"},
{"name":"wrt_initialize_p1", "ph":"B", "ts":"2472544978", "pid":"1", "tid":"wrtComp_03"},
{"name":"wrt_initialize_p1", "ph":"E", "ts":"2473077917", "pid":"1", "tid":"wrtComp_03"},
{"name":"wrt_run", "ph":"B", "ts":"2694764008", "pid":"1", "tid":"wrtComp_03"},
{"name":"wrt_run", "ph":"E", "ts":"2756080043", "pid":"1", "tid":"wrtComp_03"},
{"name":"wrt_run", "ph":"B", "ts":"2852291236", "pid":"1", "tid":"wrtComp_03"},
{"name":"wrt_run", "ph":"E", "ts":"2911620450", "pid":"1", "tid":"wrtComp_03"},
{"name":"wrt_run", "ph":"B", "ts":"3011030872", "pid":"1", "tid":"wrtComp_03"},
{"name":"wrt_run", "ph":"E", "ts":"3084552235", "pid":"1", "tid":"wrtComp_03"},
{"name":"wrt_run", "ph":"B", "ts":"3183561968", "pid":"1", "tid":"wrtComp_03"},
{"name":"wrt_run", "ph":"E", "ts":"3242452556", "pid":"1", "tid":"wrtComp_03"},
{"name":"wrt_run", "ph":"B", "ts":"3340327939", "pid":"1", "tid":"wrtComp_03"},
{"name":"wrt_run", "ph":"E", "ts":"3400007605", "pid":"1", "tid":"wrtComp_03"},
{"name":"wrt_run", "ph":"B", "ts":"3525113583", "pid":"1", "tid":"wrtComp_03"},
{"name":"wrt_run", "ph":"E", "ts":"3586989799", "pid":"1", "tid":"wrtComp_03"},
{"name":"wrt_run", "ph":"B", "ts":"3684655395", "pid":"1", "tid":"wrtComp_03"},
{"name":"wrt_run", "ph":"E", "ts":"3744320455", "pid":"1", "tid":"wrtComp_03"},
{"name":"wrt_run", "ph":"B", "ts":"3843146384", "pid":"1", "tid":"wrtComp_03"},
{"name":"wrt_run", "ph":"E", "ts":"3903879623", "pid":"1", "tid":"wrtComp_03"},
{"name":"wrt_run", "ph":"B", "ts":"4001907378", "pid":"1", "tid":"wrtComp_03"},
{"name":"wrt_run", "ph":"E", "ts":"4066180157", "pid":"1", "tid":"wrtComp_03"},
{"name":"wrt_run", "ph":"B", "ts":"4202226300", "pid":"1", "tid":"wrtComp_03"},
{"name":"wrt_run", "ph":"E", "ts":"4262889705", "pid":"1", "tid":"wrtComp_03"},
{"name":"wrt_run", "ph":"B", "ts":"4365919560", "pid":"1", "tid":"wrtComp_03"},
{"name":"wrt_run", "ph":"E", "ts":"4430084275", "pid":"1", "tid":"wrtComp_03"},
{"name":"wrt_run", "ph":"B", "ts":"4532052432", "pid":"1", "tid":"wrtComp_03"},
{"name":"wrt_run", "ph":"E", "ts":"4592553291", "pid":"1", "tid":"wrtComp_03"},
{"name":"wrt_run", "ph":"B", "ts":"4698566674", "pid":"1", "tid":"wrtComp_03"},
{"name":"wrt_run", "ph":"E", "ts":"4758364890", "pid":"1", "tid":"wrtComp_03"},
{"name":"wrt_run", "ph":"B", "ts":"4858973860", "pid":"1", "tid":"wrtComp_03"},
{"name":"wrt_run", "ph":"E", "ts":"4923348474", "pid":"1", "tid":"wrtComp_03"},
{"name":"wrt_run", "ph":"B", "ts":"5049779518", "pid":"1", "tid":"wrtComp_03"},
{"name":"wrt_run", "ph":"E", "ts":"5110884341", "pid":"1", "tid":"wrtComp_03"},
{"name":"wrt_run", "ph":"B", "ts":"5286414376", "pid":"1", "tid":"wrtComp_03"},
{"name":"wrt_run", "ph":"E", "ts":"5351794649", "pid":"1", "tid":"wrtComp_03"},
{"name":"wrt_run", "ph":"B", "ts":"5808459577", "pid":"1", "tid":"wrtComp_03"},
{"name":"wrt_run", "ph":"E", "ts":"5884839288", "pid":"1", "tid":"wrtComp_03"},
{"name":"wrt_run", "ph":"B", "ts":"6341220205", "pid":"1", "tid":"wrtComp_03"},
{"name":"wrt_run", "ph":"E", "ts":"6403702583", "pid":"1", "tid":"wrtComp_03"},
{"name":"wrt_run", "ph":"B", "ts":"6849524521", "pid":"1", "tid":"wrtComp_03"},
{"name":"wrt_run", "ph":"E", "ts":"6909516517", "pid":"1", "tid":"wrtComp_03"},
{"name":"wrt_run", "ph":"B", "ts":"7351200276", "pid":"1", "tid":"wrtComp_03"},
{"name":"wrt_run", "ph":"E", "ts":"7413994036", "pid":"1", "tid":"wrtComp_03"},
{"name":"wrt_run", "ph":"B", "ts":"7825192615", "pid":"1", "tid":"wrtComp_03"},
{"name":"wrt_run", "ph":"E", "ts":"7885127201", "pid":"1", "tid":"wrtComp_03"},
{"name":"wrt_run", "ph":"B", "ts":"8322857626", "pid":"1", "tid":"wrtComp_03"},
{"name":"wrt_run", "ph":"E", "ts":"8385605850", "pid":"1", "tid":"wrtComp_03"},
{"name":"wrt_run", "ph":"B", "ts":"8830906894", "pid":"1", "tid":"wrtComp_03"},
{"name":"wrt_run", "ph":"E", "ts":"8894843319", "pid":"1", "tid":"wrtComp_03"},
{"name":"wrt_run", "ph":"B", "ts":"9302427705", "pid":"1", "tid":"wrtComp_03"},
{"name":"wrt_run", "ph":"E", "ts":"9380833152", "pid":"1", "tid":"wrtComp_03"},
{"name":"wrt_run", "ph":"B", "ts":"9823012730", "pid":"1", "tid":"wrtComp_03"},
{"name":"wrt_run", "ph":"E", "ts":"9888796936", "pid":"1", "tid":"wrtComp_03"},
{"name":"wrt_run", "ph":"B", "ts":"10331672803", "pid":"1", "tid":"wrtComp_03"},
{"name":"wrt_run", "ph":"E", "ts":"10394217305", "pid":"1", "tid":"wrtComp_03"},
{"name":"wrt_finalize", "ph":"B", "ts":"10394577903", "pid":"1", "tid":"wrtComp_03"},
{"name":"wrt_finalize", "ph":"E", "ts":"10394730581", "pid":"1", "tid":"wrtComp_03"},
