{"name":"SetServices", "ph":"B", "ts":"2475561112", "pid":"1", "tid":"wrtComp_05"},
{"name":"SetServices", "ph":"E", "ts":"2475561921", "pid":"1", "tid":"wrtComp_05"},
{"name":"wrt_initialize_p1", "ph":"B", "ts":"2475562314", "pid":"1", "tid":"wrtComp_05"},
{"name":"wrt_initialize_p1", "ph":"E", "ts":"2476053264", "pid":"1", "tid":"wrtComp_05"},
{"name":"wrt_run", "ph":"B", "ts":"2733608043", "pid":"1", "tid":"wrtComp_05"},
{"name":"wrt_run", "ph":"E", "ts":"2795794816", "pid":"1", "tid":"wrtComp_05"},
{"name":"wrt_run", "ph":"B", "ts":"2891976755", "pid":"1", "tid":"wrtComp_05"},
{"name":"wrt_run", "ph":"E", "ts":"2951833365", "pid":"1", "tid":"wrtComp_05"},
{"name":"wrt_run", "ph":"B", "ts":"3064663575", "pid":"1", "tid":"wrtComp_05"},
{"name":"wrt_run", "ph":"E", "ts":"3128046686", "pid":"1", "tid":"wrtComp_05"},
{"name":"wrt_run", "ph":"B", "ts":"3222613117", "pid":"1", "tid":"wrtComp_05"},
{"name":"wrt_run", "ph":"E", "ts":"3282547066", "pid":"1", "tid":"wrtComp_05"},
{"name":"wrt_run", "ph":"B", "ts":"3380295889", "pid":"1", "tid":"wrtComp_05"},
{"name":"wrt_run", "ph":"E", "ts":"3502784367", "pid":"1", "tid":"wrtComp_05"},
{"name":"wrt_run", "ph":"B", "ts":"3566180598", "pid":"1", "tid":"wrtComp_05"},
{"name":"wrt_run", "ph":"E", "ts":"3626096890", "pid":"1", "tid":"wrtComp_05"},
{"name":"wrt_run", "ph":"B", "ts":"3723294844", "pid":"1", "tid":"wrtComp_05"},
{"name":"wrt_run", "ph":"E", "ts":"3784998450", "pid":"1", "tid":"wrtComp_05"},
{"name":"wrt_run", "ph":"B", "ts":"3881888744", "pid":"1", "tid":"wrtComp_05"},
{"name":"wrt_run", "ph":"E", "ts":"3950484584", "pid":"1", "tid":"wrtComp_05"},
{"name":"wrt_run", "ph":"B", "ts":"4042540398", "pid":"1", "tid":"wrtComp_05"},
{"name":"wrt_run", "ph":"E", "ts":"4102523351", "pid":"1", "tid":"wrtComp_05"},
{"name":"wrt_run", "ph":"B", "ts":"4241575347", "pid":"1", "tid":"wrtComp_05"},
{"name":"wrt_run", "ph":"E", "ts":"4303472342", "pid":"1", "tid":"wrtComp_05"},
{"name":"wrt_run", "ph":"B", "ts":"4406245410", "pid":"1", "tid":"wrtComp_05"},
{"name":"wrt_run", "ph":"E", "ts":"4473834708", "pid":"1", "tid":"wrtComp_05"},
{"name":"wrt_run", "ph":"B", "ts":"4573474356", "pid":"1", "tid":"wrtComp_05"},
{"name":"wrt_run", "ph":"E", "ts":"4635082337", "pid":"1", "tid":"wrtComp_05"},
{"name":"wrt_run", "ph":"B", "ts":"4738938559", "pid":"1", "tid":"wrtComp_05"},
{"name":"wrt_run", "ph":"E", "ts":"4799923378", "pid":"1", "tid":"wrtComp_05"},
{"name":"wrt_run", "ph":"B", "ts":"4900615976", "pid":"1", "tid":"wrtComp_05"},
{"name":"wrt_run", "ph":"E", "ts":"5064859872", "pid":"1", "tid":"wrtComp_05"},
{"name":"wrt_run", "ph":"B", "ts":"5091822902", "pid":"1", "tid":"wrtComp_05"},
{"name":"wrt_run", "ph":"E", "ts":"5151489202", "pid":"1", "tid":"wrtComp_05"},
{"name":"wrt_run", "ph":"B", "ts":"5401967724", "pid":"1", "tid":"wrtComp_05"},
{"name":"wrt_run", "ph":"E", "ts":"5479227295", "pid":"1", "tid":"wrtComp_05"},
{"name":"wrt_run", "ph":"B", "ts":"5931830124", "pid":"1", "tid":"wrtComp_05"},
{"name":"wrt_run", "ph":"E", "ts":"5994821691", "pid":"1", "tid":"wrtComp_05"},
{"name":"wrt_run", "ph":"B", "ts":"6465574399", "pid":"1", "tid":"wrtComp_05"},
{"name":"wrt_run", "ph":"E", "ts":"6624187314", "pid":"1", "tid":"wrtComp_05"},
{"name":"wrt_run", "ph":"B", "ts":"6966004346", "pid":"1", "tid":"wrtComp_05"},
{"name":"wrt_run", "ph":"E", "ts":"7027107929", "pid":"1", "tid":"wrtComp_05"},
{"name":"wrt_run", "ph":"B", "ts":"7466622674", "pid":"1", "tid":"wrtComp_05"},
{"name":"wrt_run", "ph":"E", "ts":"7527798450", "pid":"1", "tid":"wrtComp_05"},
{"name":"wrt_run", "ph":"B", "ts":"7942664246", "pid":"1", "tid":"wrtComp_05"},
{"name":"wrt_run", "ph":"E", "ts":"8105411050", "pid":"1", "tid":"wrtComp_05"},
{"name":"wrt_run", "ph":"B", "ts":"8438537501", "pid":"1", "tid":"wrtComp_05"},
{"name":"wrt_run", "ph":"E", "ts":"8505416639", "pid":"1", "tid":"wrtComp_05"},
{"name":"wrt_run", "ph":"B", "ts":"8948669723", "pid":"1", "tid":"wrtComp_05"},
{"name":"wrt_run", "ph":"E", "ts":"9011485494", "pid":"1", "tid":"wrtComp_05"},
{"name":"wrt_run", "ph":"B", "ts":"9432851191", "pid":"1", "tid":"wrtComp_05"},
{"name":"wrt_run", "ph":"E", "ts":"9595560963", "pid":"1", "tid":"wrtComp_05"},
{"name":"wrt_run", "ph":"B", "ts":"9939712343", "pid":"1", "tid":"wrtComp_05"},
{"name":"wrt_run", "ph":"E", "ts":"10005112509", "pid":"1", "tid":"wrtComp_05"},
{"name":"wrt_run", "ph":"B", "ts":"10448213726", "pid":"1", "tid":"wrtComp_05"},
{"name":"wrt_run", "ph":"E", "ts":"10510065922", "pid":"1", "tid":"wrtComp_05"},
{"name":"wrt_finalize", "ph":"B", "ts":"10510324964", "pid":"1", "tid":"wrtComp_05"},
{"name":"wrt_finalize", "ph":"E", "ts":"10510449630", "pid":"1", "tid":"wrtComp_05"},
