{"name":"SetServices", "ph":"B", "ts":"2654498960", "pid":"1", "tid":"wrtComp_07"},
{"name":"SetServices", "ph":"E", "ts":"2654572116", "pid":"1", "tid":"wrtComp_07"},
{"name":"wrt_initialize_p1", "ph":"B", "ts":"2654572445", "pid":"1", "tid":"wrtComp_07"},
{"name":"wrt_initialize_p1", "ph":"E", "ts":"2655123663", "pid":"1", "tid":"wrtComp_07"},
{"name":"wrt_run", "ph":"B", "ts":"3014496323", "pid":"1", "tid":"wrtComp_07"},
{"name":"wrt_run", "ph":"E", "ts":"3080407900", "pid":"1", "tid":"wrtComp_07"},
{"name":"wrt_run", "ph":"B", "ts":"3240336339", "pid":"1", "tid":"wrtComp_07"},
{"name":"wrt_run", "ph":"E", "ts":"3299604434", "pid":"1", "tid":"wrtComp_07"},
{"name":"wrt_run", "ph":"B", "ts":"3477479217", "pid":"1", "tid":"wrtComp_07"},
{"name":"wrt_run", "ph":"E", "ts":"3536770832", "pid":"1", "tid":"wrtComp_07"},
{"name":"wrt_run", "ph":"B", "ts":"3703990294", "pid":"1", "tid":"wrtComp_07"},
{"name":"wrt_run", "ph":"E", "ts":"3772815503", "pid":"1", "tid":"wrtComp_07"},
{"name":"wrt_run", "ph":"B", "ts":"3950294937", "pid":"1", "tid":"wrtComp_07"},
{"name":"wrt_run", "ph":"E", "ts":"4014354034", "pid":"1", "tid":"wrtComp_07"},
{"name":"wrt_run", "ph":"B", "ts":"4173435834", "pid":"1", "tid":"wrtComp_07"},
{"name":"wrt_run", "ph":"E", "ts":"4233857745", "pid":"1", "tid":"wrtComp_07"},
{"name":"wrt_run", "ph":"B", "ts":"4392527904", "pid":"1", "tid":"wrtComp_07"},
{"name":"wrt_run", "ph":"E", "ts":"4458345015", "pid":"1", "tid":"wrtComp_07"},
{"name":"wrt_run", "ph":"B", "ts":"4611656637", "pid":"1", "tid":"wrtComp_07"},
{"name":"wrt_run", "ph":"E", "ts":"4671165199", "pid":"1", "tid":"wrtComp_07"},
{"name":"wrt_run", "ph":"B", "ts":"4834405423", "pid":"1", "tid":"wrtComp_07"},
{"name":"wrt_run", "ph":"E", "ts":"4898877689", "pid":"1", "tid":"wrtComp_07"},
{"name":"wrt_run", "ph":"B", "ts":"5081504423", "pid":"1", "tid":"wrtComp_07"},
{"name":"wrt_run", "ph":"E", "ts":"5144757930", "pid":"1", "tid":"wrtComp_07"},
{"name":"wrt_run", "ph":"B", "ts":"5308053652", "pid":"1", "tid":"wrtComp_07"},
{"name":"wrt_run", "ph":"E", "ts":"5367583361", "pid":"1", "tid":"wrtComp_07"},
{"name":"wrt_run", "ph":"B", "ts":"5528738845", "pid":"1", "tid":"wrtComp_07"},
{"name":"wrt_run", "ph":"E", "ts":"5593833885", "pid":"1", "tid":"wrtComp_07"},
{"name":"wrt_run", "ph":"B", "ts":"5750001953", "pid":"1", "tid":"wrtComp_07"},
{"name":"wrt_run", "ph":"E", "ts":"5814480313", "pid":"1", "tid":"wrtComp_07"},
{"name":"wrt_run", "ph":"B", "ts":"5990909467", "pid":"1", "tid":"wrtComp_07"},
{"name":"wrt_run", "ph":"E", "ts":"6053257841", "pid":"1", "tid":"wrtComp_07"},
{"name":"wrt_run", "ph":"B", "ts":"6216321054", "pid":"1", "tid":"wrtComp_07"},
{"name":"wrt_run", "ph":"E", "ts":"6283721798", "pid":"1", "tid":"wrtComp_07"},
{"name":"wrt_run", "ph":"B", "ts":"6802368465", "pid":"1", "tid":"wrtComp_07"},
{"name":"wrt_run", "ph":"E", "ts":"6867959030", "pid":"1", "tid":"wrtComp_07"},
{"name":"wrt_run", "ph":"B", "ts":"7467656399", "pid":"1", "tid":"wrtComp_07"},
{"name":"wrt_run", "ph":"E", "ts":"7530127808", "pid":"1", "tid":"wrtComp_07"},
{"name":"wrt_run", "ph":"B", "ts":"8132129817", "pid":"1", "tid":"wrtComp_07"},
{"name":"wrt_run", "ph":"E", "ts":"8196047948", "pid":"1", "tid":"wrtComp_07"},
{"name":"wrt_run", "ph":"B", "ts":"8772814324", "pid":"1", "tid":"wrtComp_07"},
{"name":"wrt_run", "ph":"E", "ts":"8834377817", "pid":"1", "tid":"wrtComp_07"},
{"name":"wrt_run", "ph":"B", "ts":"9429470036", "pid":"1", "tid":"wrtComp_07"},
{"name":"wrt_run", "ph":"E", "ts":"9493311078", "pid":"1", "tid":"wrtComp_07"},
{"name":"wrt_run", "ph":"B", "ts":"10105741950", "pid":"1", "tid":"wrtComp_07"},
{"name":"wrt_run", "ph":"E", "ts":"10171069461", "pid":"1", "tid":"wrtComp_07"},
{"name":"wrt_run", "ph":"B", "ts":"10774668839", "pid":"1", "tid":"wrtComp_07"},
{"name":"wrt_run", "ph":"E", "ts":"10837257862", "pid":"1", "tid":"wrtComp_07"},
{"name":"wrt_run", "ph":"B", "ts":"11421426851", "pid":"1", "tid":"wrtComp_07"},
{"name":"wrt_run", "ph":"E", "ts":"11485871915", "pid":"1", "tid":"wrtComp_07"},
{"name":"wrt_run", "ph":"B", "ts":"12086658965", "pid":"1", "tid":"wrtComp_07"},
{"name":"wrt_run", "ph":"E", "ts":"12153161331", "pid":"1", "tid":"wrtComp_07"},
{"name":"wrt_run", "ph":"B", "ts":"12757977201", "pid":"1", "tid":"wrtComp_07"},
{"name":"wrt_run", "ph":"E", "ts":"12820724659", "pid":"1", "tid":"wrtComp_07"},
{"name":"wrt_run", "ph":"B", "ts":"13423839427", "pid":"1", "tid":"wrtComp_07"},
{"name":"wrt_run", "ph":"E", "ts":"13487577952", "pid":"1", "tid":"wrtComp_07"},
{"name":"wrt_finalize", "ph":"B", "ts":"13487699183", "pid":"1", "tid":"wrtComp_07"},
{"name":"wrt_finalize", "ph":"E", "ts":"13487831856", "pid":"1", "tid":"wrtComp_07"},
