{"name":"SetServices", "ph":"B", "ts":"2370509396", "pid":"1", "tid":"wave"},
{"name":"SetServices", "ph":"E", "ts":"2370511947", "pid":"1", "tid":"wave"},
{"name":"InitializeP0", "ph":"B", "ts":"2370516410", "pid":"1", "tid":"wave"},
{"name":"InitializeP0", "ph":"E", "ts":"2370516503", "pid":"1", "tid":"wave"},
{"name":"InitializeAdvertise", "ph":"B", "ts":"2374169954", "pid":"1", "tid":"wave"},
{"name":"InitializeAdvertise", "ph":"E", "ts":"2428000902", "pid":"1", "tid":"wave"},
{"name":"InitializeRealize", "ph":"B", "ts":"2517525904", "pid":"1", "tid":"wave"},
{"name":"InitializeRealize", "ph":"E", "ts":"2527362925", "pid":"1", "tid":"wave"},
{"name":"DataInitialize", "ph":"B", "ts":"2561299605", "pid":"1", "tid":"wave"},
{"name":"DataInitialize", "ph":"E", "ts":"2561317793", "pid":"1", "tid":"wave"},
{"name":"ModelSetRunClock", "ph":"B", "ts":"2602033814", "pid":"1", "tid":"wave"},
{"name":"ModelSetRunClock", "ph":"E", "ts":"2602043408", "pid":"1", "tid":"wave"},
{"name":"ModelAdvance", "ph":"B", "ts":"2602043533", "pid":"1", "tid":"wave"},
{"name":"ModelAdvance", "ph":"E", "ts":"2628913541", "pid":"1", "tid":"wave"},
{"name":"ModelSetRunClock", "ph":"B", "ts":"2650152844", "pid":"1", "tid":"wave"},
{"name":"ModelSetRunClock", "ph":"E", "ts":"2650152917", "pid":"1", "tid":"wave"},
{"name":"ModelAdvance", "ph":"B", "ts":"2650153001", "pid":"1", "tid":"wave"},
{"name":"ModelAdvance", "ph":"E", "ts":"2693707224", "pid":"1", "tid":"wave"},
{"name":"ModelSetRunClock", "ph":"B", "ts":"2708990718", "pid":"1", "tid":"wave"},
{"name":"ModelSetRunClock", "ph":"E", "ts":"2708990771", "pid":"1", "tid":"wave"},
{"name":"ModelAdvance", "ph":"B", "ts":"2708990855", "pid":"1", "tid":"wave"},
{"name":"ModelAdvance", "ph":"E", "ts":"2745932819", "pid":"1", "tid":"wave"},
{"name":"ModelSetRunClock", "ph":"B", "ts":"2755708914", "pid":"1", "tid":"wave"},
{"name":"ModelSetRunClock", "ph":"E", "ts":"2755708991", "pid":"1", "tid":"wave"},
{"name":"ModelAdvance", "ph":"B", "ts":"2755709099", "pid":"1", "tid":"wave"},
{"name":"ModelAdvance", "ph":"E", "ts":"2790443046", "pid":"1", "tid":"wave"},
{"name":"ModelSetRunClock", "ph":"B", "ts":"2799976305", "pid":"1", "tid":"wave"},
{"name":"ModelSetRunClock", "ph":"E", "ts":"2799976379", "pid":"1", "tid":"wave"},
{"name":"ModelAdvance", "ph":"B", "ts":"2799976465", "pid":"1", "tid":"wave"},
{"name":"ModelAdvance", "ph":"E", "ts":"2832755214", "pid":"1", "tid":"wave"},
{"name":"ModelSetRunClock", "ph":"B", "ts":"2837924601", "pid":"1", "tid":"wave"},
{"name":"ModelSetRunClock", "ph":"E", "ts":"2837924641", "pid":"1", "tid":"wave"},
{"name":"ModelAdvance", "ph":"B", "ts":"2837924723", "pid":"1", "tid":"wave"},
{"name":"ModelAdvance", "ph":"E", "ts":"2867700378", "pid":"1", "tid":"wave"},
{"name":"ModelSetRunClock", "ph":"B", "ts":"2966248988", "pid":"1", "tid":"wave"},
{"name":"ModelSetRunClock", "ph":"E", "ts":"2966249124", "pid":"1", "tid":"wave"},
{"name":"ModelAdvance", "ph":"B", "ts":"2966249214", "pid":"1", "tid":"wave"},
{"name":"ModelAdvance", "ph":"E", "ts":"2991568216", "pid":"1", "tid":"wave"},
{"name":"ModelSetRunClock", "ph":"B", "ts":"3003255767", "pid":"1", "tid":"wave"},
{"name":"ModelSetRunClock", "ph":"E", "ts":"3003255989", "pid":"1", "tid":"wave"},
{"name":"ModelAdvance", "ph":"B", "ts":"3003256100", "pid":"1", "tid":"wave"},
{"name":"ModelAdvance", "ph":"E", "ts":"3027777660", "pid":"1", "tid":"wave"},
{"name":"ModelSetRunClock", "ph":"B", "ts":"3038077363", "pid":"1", "tid":"wave"},
{"name":"ModelSetRunClock", "ph":"E", "ts":"3038077560", "pid":"1", "tid":"wave"},
{"name":"ModelAdvance", "ph":"B", "ts":"3038077647", "pid":"1", "tid":"wave"},
{"name":"ModelAdvance", "ph":"E", "ts":"3061224507", "pid":"1", "tid":"wave"},
{"name":"ModelSetRunClock", "ph":"B", "ts":"3075828357", "pid":"1", "tid":"wave"},
{"name":"ModelSetRunClock", "ph":"E", "ts":"3075828593", "pid":"1", "tid":"wave"},
{"name":"ModelAdvance", "ph":"B", "ts":"3075828687", "pid":"1", "tid":"wave"},
{"name":"ModelAdvance", "ph":"E", "ts":"3098629590", "pid":"1", "tid":"wave"},
{"name":"ModelSetRunClock", "ph":"B", "ts":"3110657313", "pid":"1", "tid":"wave"},
{"name":"ModelSetRunClock", "ph":"E", "ts":"3110657530", "pid":"1", "tid":"wave"},
{"name":"ModelAdvance", "ph":"B", "ts":"3110657615", "pid":"1", "tid":"wave"},
{"name":"ModelAdvance", "ph":"E", "ts":"3132472263", "pid":"1", "tid":"wave"},
{"name":"ModelSetRunClock", "ph":"B", "ts":"3148527612", "pid":"1", "tid":"wave"},
{"name":"ModelSetRunClock", "ph":"E", "ts":"3148527800", "pid":"1", "tid":"wave"},
{"name":"ModelAdvance", "ph":"B", "ts":"3148527885", "pid":"1", "tid":"wave"},
{"name":"ModelAdvance", "ph":"E", "ts":"3194183962", "pid":"1", "tid":"wave"},
{"name":"ModelSetRunClock", "ph":"B", "ts":"3202063942", "pid":"1", "tid":"wave"},
{"name":"ModelSetRunClock", "ph":"E", "ts":"3202064021", "pid":"1", "tid":"wave"},
{"name":"ModelAdvance", "ph":"B", "ts":"3202064110", "pid":"1", "tid":"wave"},
{"name":"ModelAdvance", "ph":"E", "ts":"3223227291", "pid":"1", "tid":"wave"},
{"name":"ModelSetRunClock", "ph":"B", "ts":"3239076052", "pid":"1", "tid":"wave"},
{"name":"ModelSetRunClock", "ph":"E", "ts":"3239076235", "pid":"1", "tid":"wave"},
{"name":"ModelAdvance", "ph":"B", "ts":"3239076434", "pid":"1", "tid":"wave"},
{"name":"ModelAdvance", "ph":"E", "ts":"3260452083", "pid":"1", "tid":"wave"},
{"name":"ModelSetRunClock", "ph":"B", "ts":"3354305379", "pid":"1", "tid":"wave"},
{"name":"ModelSetRunClock", "ph":"E", "ts":"3354305622", "pid":"1", "tid":"wave"},
{"name":"ModelAdvance", "ph":"B", "ts":"3354305775", "pid":"1", "tid":"wave"},
{"name":"ModelAdvance", "ph":"E", "ts":"3375172920", "pid":"1", "tid":"wave"},
{"name":"ModelSetRunClock", "ph":"B", "ts":"3391177024", "pid":"1", "tid":"wave"},
{"name":"ModelSetRunClock", "ph":"E", "ts":"3391177218", "pid":"1", "tid":"wave"},
{"name":"ModelAdvance", "ph":"B", "ts":"3391177323", "pid":"1", "tid":"wave"},
{"name":"ModelAdvance", "ph":"E", "ts":"3411965811", "pid":"1", "tid":"wave"},
{"name":"ModelSetRunClock", "ph":"B", "ts":"3426086324", "pid":"1", "tid":"wave"},
{"name":"ModelSetRunClock", "ph":"E", "ts":"3426086515", "pid":"1", "tid":"wave"},
{"name":"ModelAdvance", "ph":"B", "ts":"3426086596", "pid":"1", "tid":"wave"},
{"name":"ModelAdvance", "ph":"E", "ts":"3446249202", "pid":"1", "tid":"wave"},
{"name":"ModelSetRunClock", "ph":"B", "ts":"3464215510", "pid":"1", "tid":"wave"},
{"name":"ModelSetRunClock", "ph":"E", "ts":"3464215797", "pid":"1", "tid":"wave"},
{"name":"ModelAdvance", "ph":"B", "ts":"3464215976", "pid":"1", "tid":"wave"},
{"name":"ModelAdvance", "ph":"E", "ts":"3508005030", "pid":"1", "tid":"wave"},
{"name":"ModelSetRunClock", "ph":"B", "ts":"3516218756", "pid":"1", "tid":"wave"},
{"name":"ModelSetRunClock", "ph":"E", "ts":"3516218833", "pid":"1", "tid":"wave"},
{"name":"ModelAdvance", "ph":"B", "ts":"3516218920", "pid":"1", "tid":"wave"},
{"name":"ModelAdvance", "ph":"E", "ts":"3535956641", "pid":"1", "tid":"wave"},
{"name":"ModelSetRunClock", "ph":"B", "ts":"3553136923", "pid":"1", "tid":"wave"},
{"name":"ModelSetRunClock", "ph":"E", "ts":"3553136971", "pid":"1", "tid":"wave"},
{"name":"ModelAdvance", "ph":"B", "ts":"3553137056", "pid":"1", "tid":"wave"},
{"name":"ModelAdvance", "ph":"E", "ts":"3573071396", "pid":"1", "tid":"wave"},
{"name":"ModelSetRunClock", "ph":"B", "ts":"3587951754", "pid":"1", "tid":"wave"},
{"name":"ModelSetRunClock", "ph":"E", "ts":"3587951813", "pid":"1", "tid":"wave"},
{"name":"ModelAdvance", "ph":"B", "ts":"3587951897", "pid":"1", "tid":"wave"},
{"name":"ModelAdvance", "ph":"E", "ts":"3607480099", "pid":"1", "tid":"wave"},
{"name":"ModelSetRunClock", "ph":"B", "ts":"3626089397", "pid":"1", "tid":"wave"},
{"name":"ModelSetRunClock", "ph":"E", "ts":"3626089451", "pid":"1", "tid":"wave"},
{"name":"ModelAdvance", "ph":"B", "ts":"3626089548", "pid":"1", "tid":"wave"},
{"name":"ModelAdvance", "ph":"E", "ts":"3645755512", "pid":"1", "tid":"wave"},
{"name":"ModelSetRunClock", "ph":"B", "ts":"3741178975", "pid":"1", "tid":"wave"},
{"name":"ModelSetRunClock", "ph":"E", "ts":"3741179123", "pid":"1", "tid":"wave"},
{"name":"ModelAdvance", "ph":"B", "ts":"3741179211", "pid":"1", "tid":"wave"},
{"name":"ModelAdvance", "ph":"E", "ts":"3760405978", "pid":"1", "tid":"wave"},
{"name":"ModelSetRunClock", "ph":"B", "ts":"3777947961", "pid":"1", "tid":"wave"},
{"name":"ModelSetRunClock", "ph":"E", "ts":"3777948425", "pid":"1", "tid":"wave"},
{"name":"ModelAdvance", "ph":"B", "ts":"3777948618", "pid":"1", "tid":"wave"},
{"name":"ModelAdvance", "ph":"E", "ts":"3821087990", "pid":"1", "tid":"wave"},
{"name":"ModelFinalize", "ph":"B", "ts":"3821094015", "pid":"1", "tid":"wave"},
{"name":"ModelFinalize", "ph":"E", "ts":"3821094062", "pid":"1", "tid":"wave"},
