{"name":"SetServices", "ph":"B", "ts":"2370453641", "pid":"1", "tid":"cice"},
{"name":"SetServices", "ph":"E", "ts":"2370455307", "pid":"1", "tid":"cice"},
{"name":"InitializeP0", "ph":"B", "ts":"2370507574", "pid":"1", "tid":"cice"},
{"name":"InitializeP0", "ph":"E", "ts":"2370507687", "pid":"1", "tid":"cice"},
{"name":"InitializeAdvertise", "ph":"B", "ts":"2374171456", "pid":"1", "tid":"cice"},
{"name":"InitializeAdvertise", "ph":"E", "ts":"2380309892", "pid":"1", "tid":"cice"},
{"name":"InitializeRealize", "ph":"B", "ts":"2517466538", "pid":"1", "tid":"cice"},
{"name":"InitializeRealize", "ph":"E", "ts":"2531492065", "pid":"1", "tid":"cice"},
{"name":"ModelAdvance", "ph":"B", "ts":"2602483522", "pid":"1", "tid":"cice"},
{"name":"ModelAdvance", "ph":"E", "ts":"2605144259", "pid":"1", "tid":"cice"},
{"name":"ModelAdvance", "ph":"B", "ts":"2618527435", "pid":"1", "tid":"cice"},
{"name":"ModelAdvance", "ph":"E", "ts":"2621059246", "pid":"1", "tid":"cice"},
{"name":"ModelAdvance", "ph":"B", "ts":"2621523697", "pid":"1", "tid":"cice"},
{"name":"ModelAdvance", "ph":"E", "ts":"2623926048", "pid":"1", "tid":"cice"},
{"name":"ModelAdvance", "ph":"B", "ts":"2624354517", "pid":"1", "tid":"cice"},
{"name":"ModelAdvance", "ph":"E", "ts":"2626771088", "pid":"1", "tid":"cice"},
{"name":"ModelAdvance", "ph":"B", "ts":"2627184810", "pid":"1", "tid":"cice"},
{"name":"ModelAdvance", "ph":"E", "ts":"2629630127", "pid":"1", "tid":"cice"},
{"name":"ModelAdvance", "ph":"B", "ts":"2630063375", "pid":"1", "tid":"cice"},
{"name":"ModelAdvance", "ph":"E", "ts":"2632480142", "pid":"1", "tid":"cice"},
{"name":"ModelAdvance", "ph":"B", "ts":"2632917325", "pid":"1", "tid":"cice"},
{"name":"ModelAdvance", "ph":"E", "ts":"2635320555", "pid":"1", "tid":"cice"},
{"name":"ModelAdvance", "ph":"B", "ts":"2635765404", "pid":"1", "tid":"cice"},
{"name":"ModelAdvance", "ph":"E", "ts":"2638207064", "pid":"1", "tid":"cice"},
{"name":"ModelAdvance", "ph":"B", "ts":"2638622896", "pid":"1", "tid":"cice"},
{"name":"ModelAdvance", "ph":"E", "ts":"2641063842", "pid":"1", "tid":"cice"},
{"name":"ModelAdvance", "ph":"B", "ts":"2641497921", "pid":"1", "tid":"cice"},
{"name":"ModelAdvance", "ph":"E", "ts":"2643922006", "pid":"1", "tid":"cice"},
{"name":"ModelAdvance", "ph":"B", "ts":"2644332167", "pid":"1", "tid":"cice"},
{"name":"ModelAdvance", "ph":"E", "ts":"2646780719", "pid":"1", "tid":"cice"},
{"name":"ModelAdvance", "ph":"B", "ts":"2647213603", "pid":"1", "tid":"cice"},
{"name":"ModelAdvance", "ph":"E", "ts":"2649651571", "pid":"1", "tid":"cice"},
{"name":"ModelAdvance", "ph":"B", "ts":"2650273032", "pid":"1", "tid":"cice"},
{"name":"ModelAdvance", "ph":"E", "ts":"2652802142", "pid":"1", "tid":"cice"},
{"name":"ModelAdvance", "ph":"B", "ts":"2653198392", "pid":"1", "tid":"cice"},
{"name":"ModelAdvance", "ph":"E", "ts":"2655653854", "pid":"1", "tid":"cice"},
{"name":"ModelAdvance", "ph":"B", "ts":"2656063204", "pid":"1", "tid":"cice"},
{"name":"ModelAdvance", "ph":"E", "ts":"2658579428", "pid":"1", "tid":"cice"},
{"name":"ModelAdvance", "ph":"B", "ts":"2658916162", "pid":"1", "tid":"cice"},
{"name":"ModelAdvance", "ph":"E", "ts":"2661389918", "pid":"1", "tid":"cice"},
{"name":"ModelAdvance", "ph":"B", "ts":"2661817478", "pid":"1", "tid":"cice"},
{"name":"ModelAdvance", "ph":"E", "ts":"2664263146", "pid":"1", "tid":"cice"},
{"name":"ModelAdvance", "ph":"B", "ts":"2664652287", "pid":"1", "tid":"cice"},
{"name":"ModelAdvance", "ph":"E", "ts":"2667102154", "pid":"1", "tid":"cice"},
{"name":"ModelAdvance", "ph":"B", "ts":"2667526612", "pid":"1", "tid":"cice"},
{"name":"ModelAdvance", "ph":"E", "ts":"2669989926", "pid":"1", "tid":"cice"},
{"name":"ModelAdvance", "ph":"B", "ts":"2670391319", "pid":"1", "tid":"cice"},
{"name":"ModelAdvance", "ph":"E", "ts":"2672847609", "pid":"1", "tid":"cice"},
{"name":"ModelAdvance", "ph":"B", "ts":"2673253552", "pid":"1", "tid":"cice"},
{"name":"ModelAdvance", "ph":"E", "ts":"2675706363", "pid":"1", "tid":"cice"},
{"name":"ModelAdvance", "ph":"B", "ts":"2676137479", "pid":"1", "tid":"cice"},
{"name":"ModelAdvance", "ph":"E", "ts":"2678550838", "pid":"1", "tid":"cice"},
{"name":"ModelAdvance", "ph":"B", "ts":"2678993141", "pid":"1", "tid":"cice"},
{"name":"ModelAdvance", "ph":"E", "ts":"2681401211", "pid":"1", "tid":"cice"},
{"name":"ModelAdvance", "ph":"B", "ts":"2681820452", "pid":"1", "tid":"cice"},
{"name":"ModelAdvance", "ph":"E", "ts":"2684267469", "pid":"1", "tid":"cice"},
{"name":"ModelAdvance", "ph":"B", "ts":"2709177549", "pid":"1", "tid":"cice"},
{"name":"ModelAdvance", "ph":"E", "ts":"2711658512", "pid":"1", "tid":"cice"},
{"name":"ModelAdvance", "ph":"B", "ts":"2714342566", "pid":"1", "tid":"cice"},
{"name":"ModelAdvance", "ph":"E", "ts":"2716869010", "pid":"1", "tid":"cice"},
{"name":"ModelAdvance", "ph":"B", "ts":"2717304939", "pid":"1", "tid":"cice"},
{"name":"ModelAdvance", "ph":"E", "ts":"2719727631", "pid":"1", "tid":"cice"},
{"name":"ModelAdvance", "ph":"B", "ts":"2720123759", "pid":"1", "tid":"cice"},
{"name":"ModelAdvance", "ph":"E", "ts":"2722574040", "pid":"1", "tid":"cice"},
{"name":"ModelAdvance", "ph":"B", "ts":"2722976735", "pid":"1", "tid":"cice"},
{"name":"ModelAdvance", "ph":"E", "ts":"2725395402", "pid":"1", "tid":"cice"},
{"name":"ModelAdvance", "ph":"B", "ts":"2725790071", "pid":"1", "tid":"cice"},
{"name":"ModelAdvance", "ph":"E", "ts":"2728206700", "pid":"1", "tid":"cice"},
{"name":"ModelAdvance", "ph":"B", "ts":"2728626343", "pid":"1", "tid":"cice"},
{"name":"ModelAdvance", "ph":"E", "ts":"2731040668", "pid":"1", "tid":"cice"},
{"name":"ModelAdvance", "ph":"B", "ts":"2731501731", "pid":"1", "tid":"cice"},
{"name":"ModelAdvance", "ph":"E", "ts":"2733866834", "pid":"1", "tid":"cice"},
{"name":"ModelAdvance", "ph":"B", "ts":"2734260644", "pid":"1", "tid":"cice"},
{"name":"ModelAdvance", "ph":"E", "ts":"2736728358", "pid":"1", "tid":"cice"},
{"name":"ModelAdvance", "ph":"B", "ts":"2737134390", "pid":"1", "tid":"cice"},
{"name":"ModelAdvance", "ph":"E", "ts":"2739583246", "pid":"1", "tid":"cice"},
{"name":"ModelAdvance", "ph":"B", "ts":"2740009895", "pid":"1", "tid":"cice"},
{"name":"ModelAdvance", "ph":"E", "ts":"2742453785", "pid":"1", "tid":"cice"},
{"name":"ModelAdvance", "ph":"B", "ts":"2742917834", "pid":"1", "tid":"cice"},
{"name":"ModelAdvance", "ph":"E", "ts":"2745347776", "pid":"1", "tid":"cice"},
{"name":"ModelAdvance", "ph":"B", "ts":"2755824320", "pid":"1", "tid":"cice"},
{"name":"ModelAdvance", "ph":"E", "ts":"2758301304", "pid":"1", "tid":"cice"},
{"name":"ModelAdvance", "ph":"B", "ts":"2758704970", "pid":"1", "tid":"cice"},
{"name":"ModelAdvance", "ph":"E", "ts":"2761180250", "pid":"1", "tid":"cice"},
{"name":"ModelAdvance", "ph":"B", "ts":"2761594107", "pid":"1", "tid":"cice"},
{"name":"ModelAdvance", "ph":"E", "ts":"2764113956", "pid":"1", "tid":"cice"},
{"name":"ModelAdvance", "ph":"B", "ts":"2764471461", "pid":"1", "tid":"cice"},
{"name":"ModelAdvance", "ph":"E", "ts":"2766935784", "pid":"1", "tid":"cice"},
{"name":"ModelAdvance", "ph":"B", "ts":"2767368369", "pid":"1", "tid":"cice"},
{"name":"ModelAdvance", "ph":"E", "ts":"2769839936", "pid":"1", "tid":"cice"},
{"name":"ModelAdvance", "ph":"B", "ts":"2770277888", "pid":"1", "tid":"cice"},
{"name":"ModelAdvance", "ph":"E", "ts":"2772729628", "pid":"1", "tid":"cice"},
{"name":"ModelAdvance", "ph":"B", "ts":"2773128382", "pid":"1", "tid":"cice"},
{"name":"ModelAdvance", "ph":"E", "ts":"2775592837", "pid":"1", "tid":"cice"},
{"name":"ModelAdvance", "ph":"B", "ts":"2775993933", "pid":"1", "tid":"cice"},
{"name":"ModelAdvance", "ph":"E", "ts":"2778451695", "pid":"1", "tid":"cice"},
{"name":"ModelAdvance", "ph":"B", "ts":"2778921302", "pid":"1", "tid":"cice"},
{"name":"ModelAdvance", "ph":"E", "ts":"2781344357", "pid":"1", "tid":"cice"},
{"name":"ModelAdvance", "ph":"B", "ts":"2781759345", "pid":"1", "tid":"cice"},
{"name":"ModelAdvance", "ph":"E", "ts":"2784192747", "pid":"1", "tid":"cice"},
{"name":"ModelAdvance", "ph":"B", "ts":"2784602886", "pid":"1", "tid":"cice"},
{"name":"ModelAdvance", "ph":"E", "ts":"2787084167", "pid":"1", "tid":"cice"},
{"name":"ModelAdvance", "ph":"B", "ts":"2787498502", "pid":"1", "tid":"cice"},
{"name":"ModelAdvance", "ph":"E", "ts":"2789950730", "pid":"1", "tid":"cice"},
{"name":"ModelAdvance", "ph":"B", "ts":"2800089808", "pid":"1", "tid":"cice"},
{"name":"ModelAdvance", "ph":"E", "ts":"2802574246", "pid":"1", "tid":"cice"},
{"name":"ModelAdvance", "ph":"B", "ts":"2805402636", "pid":"1", "tid":"cice"},
{"name":"ModelAdvance", "ph":"E", "ts":"2807910681", "pid":"1", "tid":"cice"},
{"name":"ModelAdvance", "ph":"B", "ts":"2808319091", "pid":"1", "tid":"cice"},
{"name":"ModelAdvance", "ph":"E", "ts":"2810791402", "pid":"1", "tid":"cice"},
{"name":"ModelAdvance", "ph":"B", "ts":"2811190042", "pid":"1", "tid":"cice"},
{"name":"ModelAdvance", "ph":"E", "ts":"2813651971", "pid":"1", "tid":"cice"},
{"name":"ModelAdvance", "ph":"B", "ts":"2814100301", "pid":"1", "tid":"cice"},
{"name":"ModelAdvance", "ph":"E", "ts":"2816559402", "pid":"1", "tid":"cice"},
{"name":"ModelAdvance", "ph":"B", "ts":"2816982470", "pid":"1", "tid":"cice"},
{"name":"ModelAdvance", "ph":"E", "ts":"2819374317", "pid":"1", "tid":"cice"},
{"name":"ModelAdvance", "ph":"B", "ts":"2819760342", "pid":"1", "tid":"cice"},
{"name":"ModelAdvance", "ph":"E", "ts":"2822197158", "pid":"1", "tid":"cice"},
{"name":"ModelAdvance", "ph":"B", "ts":"2822595697", "pid":"1", "tid":"cice"},
{"name":"ModelAdvance", "ph":"E", "ts":"2825026594", "pid":"1", "tid":"cice"},
{"name":"ModelAdvance", "ph":"B", "ts":"2825452473", "pid":"1", "tid":"cice"},
{"name":"ModelAdvance", "ph":"E", "ts":"2827904217", "pid":"1", "tid":"cice"},
{"name":"ModelAdvance", "ph":"B", "ts":"2828331333", "pid":"1", "tid":"cice"},
{"name":"ModelAdvance", "ph":"E", "ts":"2830774772", "pid":"1", "tid":"cice"},
{"name":"ModelAdvance", "ph":"B", "ts":"2831222389", "pid":"1", "tid":"cice"},
{"name":"ModelAdvance", "ph":"E", "ts":"2833645973", "pid":"1", "tid":"cice"},
{"name":"ModelAdvance", "ph":"B", "ts":"2834073278", "pid":"1", "tid":"cice"},
{"name":"ModelAdvance", "ph":"E", "ts":"2836520827", "pid":"1", "tid":"cice"},
{"name":"ModelAdvance", "ph":"B", "ts":"2840259889", "pid":"1", "tid":"cice"},
{"name":"ModelAdvance", "ph":"E", "ts":"2842741369", "pid":"1", "tid":"cice"},
{"name":"ModelAdvance", "ph":"B", "ts":"2843189581", "pid":"1", "tid":"cice"},
{"name":"ModelAdvance", "ph":"E", "ts":"2845612372", "pid":"1", "tid":"cice"},
{"name":"ModelAdvance", "ph":"B", "ts":"2846060164", "pid":"1", "tid":"cice"},
{"name":"ModelAdvance", "ph":"E", "ts":"2848550835", "pid":"1", "tid":"cice"},
{"name":"ModelAdvance", "ph":"B", "ts":"2848897896", "pid":"1", "tid":"cice"},
{"name":"ModelAdvance", "ph":"E", "ts":"2851360140", "pid":"1", "tid":"cice"},
{"name":"ModelAdvance", "ph":"B", "ts":"2851787736", "pid":"1", "tid":"cice"},
{"name":"ModelAdvance", "ph":"E", "ts":"2854285864", "pid":"1", "tid":"cice"},
{"name":"ModelAdvance", "ph":"B", "ts":"2854720328", "pid":"1", "tid":"cice"},
{"name":"ModelAdvance", "ph":"E", "ts":"2857143025", "pid":"1", "tid":"cice"},
{"name":"ModelAdvance", "ph":"B", "ts":"2857592303", "pid":"1", "tid":"cice"},
{"name":"ModelAdvance", "ph":"E", "ts":"2860040224", "pid":"1", "tid":"cice"},
{"name":"ModelAdvance", "ph":"B", "ts":"2860463141", "pid":"1", "tid":"cice"},
{"name":"ModelAdvance", "ph":"E", "ts":"2862908064", "pid":"1", "tid":"cice"},
{"name":"ModelAdvance", "ph":"B", "ts":"2863364724", "pid":"1", "tid":"cice"},
{"name":"ModelAdvance", "ph":"E", "ts":"2865790218", "pid":"1", "tid":"cice"},
{"name":"ModelAdvance", "ph":"B", "ts":"2866253479", "pid":"1", "tid":"cice"},
{"name":"ModelAdvance", "ph":"E", "ts":"2868655872", "pid":"1", "tid":"cice"},
{"name":"ModelAdvance", "ph":"B", "ts":"2869100379", "pid":"1", "tid":"cice"},
{"name":"ModelAdvance", "ph":"E", "ts":"2871533923", "pid":"1", "tid":"cice"},
{"name":"ModelAdvance", "ph":"B", "ts":"2871941179", "pid":"1", "tid":"cice"},
{"name":"ModelAdvance", "ph":"E", "ts":"2877368403", "pid":"1", "tid":"cice"},
{"name":"ModelAdvance", "ph":"B", "ts":"2966410132", "pid":"1", "tid":"cice"},
{"name":"ModelAdvance", "ph":"E", "ts":"2968901755", "pid":"1", "tid":"cice"},
{"name":"ModelAdvance", "ph":"B", "ts":"2971737702", "pid":"1", "tid":"cice"},
{"name":"ModelAdvance", "ph":"E", "ts":"2974221732", "pid":"1", "tid":"cice"},
{"name":"ModelAdvance", "ph":"B", "ts":"2974683525", "pid":"1", "tid":"cice"},
{"name":"ModelAdvance", "ph":"E", "ts":"2977122710", "pid":"1", "tid":"cice"},
{"name":"ModelAdvance", "ph":"B", "ts":"2977500754", "pid":"1", "tid":"cice"},
{"name":"ModelAdvance", "ph":"E", "ts":"2979994205", "pid":"1", "tid":"cice"},
{"name":"ModelAdvance", "ph":"B", "ts":"2980442116", "pid":"1", "tid":"cice"},
{"name":"ModelAdvance", "ph":"E", "ts":"2982855787", "pid":"1", "tid":"cice"},
{"name":"ModelAdvance", "ph":"B", "ts":"2983325936", "pid":"1", "tid":"cice"},
{"name":"ModelAdvance", "ph":"E", "ts":"2985677403", "pid":"1", "tid":"cice"},
{"name":"ModelAdvance", "ph":"B", "ts":"2986110110", "pid":"1", "tid":"cice"},
{"name":"ModelAdvance", "ph":"E", "ts":"2988535842", "pid":"1", "tid":"cice"},
{"name":"ModelAdvance", "ph":"B", "ts":"2988935991", "pid":"1", "tid":"cice"},
{"name":"ModelAdvance", "ph":"E", "ts":"2991398163", "pid":"1", "tid":"cice"},
{"name":"ModelAdvance", "ph":"B", "ts":"2991789291", "pid":"1", "tid":"cice"},
{"name":"ModelAdvance", "ph":"E", "ts":"2994280956", "pid":"1", "tid":"cice"},
{"name":"ModelAdvance", "ph":"B", "ts":"2994732170", "pid":"1", "tid":"cice"},
{"name":"ModelAdvance", "ph":"E", "ts":"2997157901", "pid":"1", "tid":"cice"},
{"name":"ModelAdvance", "ph":"B", "ts":"2997643300", "pid":"1", "tid":"cice"},
{"name":"ModelAdvance", "ph":"E", "ts":"3000035400", "pid":"1", "tid":"cice"},
{"name":"ModelAdvance", "ph":"B", "ts":"3000485532", "pid":"1", "tid":"cice"},
{"name":"ModelAdvance", "ph":"E", "ts":"3002915494", "pid":"1", "tid":"cice"},
{"name":"ModelAdvance", "ph":"B", "ts":"3003401070", "pid":"1", "tid":"cice"},
{"name":"ModelAdvance", "ph":"E", "ts":"3005857443", "pid":"1", "tid":"cice"},
{"name":"ModelAdvance", "ph":"B", "ts":"3006261803", "pid":"1", "tid":"cice"},
{"name":"ModelAdvance", "ph":"E", "ts":"3008718015", "pid":"1", "tid":"cice"},
{"name":"ModelAdvance", "ph":"B", "ts":"3009120478", "pid":"1", "tid":"cice"},
{"name":"ModelAdvance", "ph":"E", "ts":"3011660537", "pid":"1", "tid":"cice"},
{"name":"ModelAdvance", "ph":"B", "ts":"3012032415", "pid":"1", "tid":"cice"},
{"name":"ModelAdvance", "ph":"E", "ts":"3014495007", "pid":"1", "tid":"cice"},
{"name":"ModelAdvance", "ph":"B", "ts":"3014933861", "pid":"1", "tid":"cice"},
{"name":"ModelAdvance", "ph":"E", "ts":"3017393208", "pid":"1", "tid":"cice"},
{"name":"ModelAdvance", "ph":"B", "ts":"3017810750", "pid":"1", "tid":"cice"},
{"name":"ModelAdvance", "ph":"E", "ts":"3020256403", "pid":"1", "tid":"cice"},
{"name":"ModelAdvance", "ph":"B", "ts":"3020682723", "pid":"1", "tid":"cice"},
{"name":"ModelAdvance", "ph":"E", "ts":"3023162382", "pid":"1", "tid":"cice"},
{"name":"ModelAdvance", "ph":"B", "ts":"3023605948", "pid":"1", "tid":"cice"},
{"name":"ModelAdvance", "ph":"E", "ts":"3026046761", "pid":"1", "tid":"cice"},
{"name":"ModelAdvance", "ph":"B", "ts":"3026512337", "pid":"1", "tid":"cice"},
{"name":"ModelAdvance", "ph":"E", "ts":"3029000105", "pid":"1", "tid":"cice"},
{"name":"ModelAdvance", "ph":"B", "ts":"3029426984", "pid":"1", "tid":"cice"},
{"name":"ModelAdvance", "ph":"E", "ts":"3031887971", "pid":"1", "tid":"cice"},
{"name":"ModelAdvance", "ph":"B", "ts":"3032351672", "pid":"1", "tid":"cice"},
{"name":"ModelAdvance", "ph":"E", "ts":"3034781791", "pid":"1", "tid":"cice"},
{"name":"ModelAdvance", "ph":"B", "ts":"3035255112", "pid":"1", "tid":"cice"},
{"name":"ModelAdvance", "ph":"E", "ts":"3037665690", "pid":"1", "tid":"cice"},
{"name":"ModelAdvance", "ph":"B", "ts":"3038220480", "pid":"1", "tid":"cice"},
{"name":"ModelAdvance", "ph":"E", "ts":"3040877273", "pid":"1", "tid":"cice"},
{"name":"ModelAdvance", "ph":"B", "ts":"3044122807", "pid":"1", "tid":"cice"},
{"name":"ModelAdvance", "ph":"E", "ts":"3046605806", "pid":"1", "tid":"cice"},
{"name":"ModelAdvance", "ph":"B", "ts":"3046951833", "pid":"1", "tid":"cice"},
{"name":"ModelAdvance", "ph":"E", "ts":"3049575078", "pid":"1", "tid":"cice"},
{"name":"ModelAdvance", "ph":"B", "ts":"3050081601", "pid":"1", "tid":"cice"},
{"name":"ModelAdvance", "ph":"E", "ts":"3052494588", "pid":"1", "tid":"cice"},
{"name":"ModelAdvance", "ph":"B", "ts":"3052940731", "pid":"1", "tid":"cice"},
{"name":"ModelAdvance", "ph":"E", "ts":"3055351309", "pid":"1", "tid":"cice"},
{"name":"ModelAdvance", "ph":"B", "ts":"3055787157", "pid":"1", "tid":"cice"},
{"name":"ModelAdvance", "ph":"E", "ts":"3058211717", "pid":"1", "tid":"cice"},
{"name":"ModelAdvance", "ph":"B", "ts":"3058631306", "pid":"1", "tid":"cice"},
{"name":"ModelAdvance", "ph":"E", "ts":"3061052373", "pid":"1", "tid":"cice"},
{"name":"ModelAdvance", "ph":"B", "ts":"3061500505", "pid":"1", "tid":"cice"},
{"name":"ModelAdvance", "ph":"E", "ts":"3063936093", "pid":"1", "tid":"cice"},
{"name":"ModelAdvance", "ph":"B", "ts":"3064344867", "pid":"1", "tid":"cice"},
{"name":"ModelAdvance", "ph":"E", "ts":"3066827558", "pid":"1", "tid":"cice"},
{"name":"ModelAdvance", "ph":"B", "ts":"3067269916", "pid":"1", "tid":"cice"},
{"name":"ModelAdvance", "ph":"E", "ts":"3069718660", "pid":"1", "tid":"cice"},
{"name":"ModelAdvance", "ph":"B", "ts":"3070170674", "pid":"1", "tid":"cice"},
{"name":"ModelAdvance", "ph":"E", "ts":"3072597734", "pid":"1", "tid":"cice"},
{"name":"ModelAdvance", "ph":"B", "ts":"3073079024", "pid":"1", "tid":"cice"},
{"name":"ModelAdvance", "ph":"E", "ts":"3075484246", "pid":"1", "tid":"cice"},
{"name":"ModelAdvance", "ph":"B", "ts":"3075931832", "pid":"1", "tid":"cice"},
{"name":"ModelAdvance", "ph":"E", "ts":"3078429230", "pid":"1", "tid":"cice"},
{"name":"ModelAdvance", "ph":"B", "ts":"3078881806", "pid":"1", "tid":"cice"},
{"name":"ModelAdvance", "ph":"E", "ts":"3081307239", "pid":"1", "tid":"cice"},
{"name":"ModelAdvance", "ph":"B", "ts":"3081712103", "pid":"1", "tid":"cice"},
{"name":"ModelAdvance", "ph":"E", "ts":"3084231705", "pid":"1", "tid":"cice"},
{"name":"ModelAdvance", "ph":"B", "ts":"3084599710", "pid":"1", "tid":"cice"},
{"name":"ModelAdvance", "ph":"E", "ts":"3087095680", "pid":"1", "tid":"cice"},
{"name":"ModelAdvance", "ph":"B", "ts":"3087526841", "pid":"1", "tid":"cice"},
{"name":"ModelAdvance", "ph":"E", "ts":"3090006511", "pid":"1", "tid":"cice"},
{"name":"ModelAdvance", "ph":"B", "ts":"3090482159", "pid":"1", "tid":"cice"},
{"name":"ModelAdvance", "ph":"E", "ts":"3092868050", "pid":"1", "tid":"cice"},
{"name":"ModelAdvance", "ph":"B", "ts":"3093339474", "pid":"1", "tid":"cice"},
{"name":"ModelAdvance", "ph":"E", "ts":"3095790173", "pid":"1", "tid":"cice"},
{"name":"ModelAdvance", "ph":"B", "ts":"3096228743", "pid":"1", "tid":"cice"},
{"name":"ModelAdvance", "ph":"E", "ts":"3098689950", "pid":"1", "tid":"cice"},
{"name":"ModelAdvance", "ph":"B", "ts":"3099136025", "pid":"1", "tid":"cice"},
{"name":"ModelAdvance", "ph":"E", "ts":"3101593173", "pid":"1", "tid":"cice"},
{"name":"ModelAdvance", "ph":"B", "ts":"3102086766", "pid":"1", "tid":"cice"},
{"name":"ModelAdvance", "ph":"E", "ts":"3104476776", "pid":"1", "tid":"cice"},
{"name":"ModelAdvance", "ph":"B", "ts":"3104894717", "pid":"1", "tid":"cice"},
{"name":"ModelAdvance", "ph":"E", "ts":"3107370206", "pid":"1", "tid":"cice"},
{"name":"ModelAdvance", "ph":"B", "ts":"3107784653", "pid":"1", "tid":"cice"},
{"name":"ModelAdvance", "ph":"E", "ts":"3110266279", "pid":"1", "tid":"cice"},
{"name":"ModelAdvance", "ph":"B", "ts":"3110966971", "pid":"1", "tid":"cice"},
{"name":"ModelAdvance", "ph":"E", "ts":"3113539300", "pid":"1", "tid":"cice"},
{"name":"ModelAdvance", "ph":"B", "ts":"3116851336", "pid":"1", "tid":"cice"},
{"name":"ModelAdvance", "ph":"E", "ts":"3119335124", "pid":"1", "tid":"cice"},
{"name":"ModelAdvance", "ph":"B", "ts":"3119734448", "pid":"1", "tid":"cice"},
{"name":"ModelAdvance", "ph":"E", "ts":"3122196565", "pid":"1", "tid":"cice"},
{"name":"ModelAdvance", "ph":"B", "ts":"3122724430", "pid":"1", "tid":"cice"},
{"name":"ModelAdvance", "ph":"E", "ts":"3125144455", "pid":"1", "tid":"cice"},
{"name":"ModelAdvance", "ph":"B", "ts":"3125627364", "pid":"1", "tid":"cice"},
{"name":"ModelAdvance", "ph":"E", "ts":"3128000008", "pid":"1", "tid":"cice"},
{"name":"ModelAdvance", "ph":"B", "ts":"3128409998", "pid":"1", "tid":"cice"},
{"name":"ModelAdvance", "ph":"E", "ts":"3130879111", "pid":"1", "tid":"cice"},
{"name":"ModelAdvance", "ph":"B", "ts":"3131298900", "pid":"1", "tid":"cice"},
{"name":"ModelAdvance", "ph":"E", "ts":"3133704096", "pid":"1", "tid":"cice"},
{"name":"ModelAdvance", "ph":"B", "ts":"3134168365", "pid":"1", "tid":"cice"},
{"name":"ModelAdvance", "ph":"E", "ts":"3136590782", "pid":"1", "tid":"cice"},
{"name":"ModelAdvance", "ph":"B", "ts":"3137058853", "pid":"1", "tid":"cice"},
{"name":"ModelAdvance", "ph":"E", "ts":"3139493291", "pid":"1", "tid":"cice"},
{"name":"ModelAdvance", "ph":"B", "ts":"3139953069", "pid":"1", "tid":"cice"},
{"name":"ModelAdvance", "ph":"E", "ts":"3142380378", "pid":"1", "tid":"cice"},
{"name":"ModelAdvance", "ph":"B", "ts":"3142805202", "pid":"1", "tid":"cice"},
{"name":"ModelAdvance", "ph":"E", "ts":"3145265442", "pid":"1", "tid":"cice"},
{"name":"ModelAdvance", "ph":"B", "ts":"3145757833", "pid":"1", "tid":"cice"},
{"name":"ModelAdvance", "ph":"E", "ts":"3148173511", "pid":"1", "tid":"cice"},
{"name":"ModelAdvance", "ph":"B", "ts":"3148651135", "pid":"1", "tid":"cice"},
{"name":"ModelAdvance", "ph":"E", "ts":"3151134230", "pid":"1", "tid":"cice"},
{"name":"ModelAdvance", "ph":"B", "ts":"3151563858", "pid":"1", "tid":"cice"},
{"name":"ModelAdvance", "ph":"E", "ts":"3154048031", "pid":"1", "tid":"cice"},
{"name":"ModelAdvance", "ph":"B", "ts":"3154505655", "pid":"1", "tid":"cice"},
{"name":"ModelAdvance", "ph":"E", "ts":"3156966268", "pid":"1", "tid":"cice"},
{"name":"ModelAdvance", "ph":"B", "ts":"3157370105", "pid":"1", "tid":"cice"},
{"name":"ModelAdvance", "ph":"E", "ts":"3159830805", "pid":"1", "tid":"cice"},
{"name":"ModelAdvance", "ph":"B", "ts":"3160329240", "pid":"1", "tid":"cice"},
{"name":"ModelAdvance", "ph":"E", "ts":"3162783439", "pid":"1", "tid":"cice"},
{"name":"ModelAdvance", "ph":"B", "ts":"3163213437", "pid":"1", "tid":"cice"},
{"name":"ModelAdvance", "ph":"E", "ts":"3165630236", "pid":"1", "tid":"cice"},
{"name":"ModelAdvance", "ph":"B", "ts":"3166048108", "pid":"1", "tid":"cice"},
{"name":"ModelAdvance", "ph":"E", "ts":"3168473169", "pid":"1", "tid":"cice"},
{"name":"ModelAdvance", "ph":"B", "ts":"3168922528", "pid":"1", "tid":"cice"},
{"name":"ModelAdvance", "ph":"E", "ts":"3171325494", "pid":"1", "tid":"cice"},
{"name":"ModelAdvance", "ph":"B", "ts":"3171738073", "pid":"1", "tid":"cice"},
{"name":"ModelAdvance", "ph":"E", "ts":"3174155209", "pid":"1", "tid":"cice"},
{"name":"ModelAdvance", "ph":"B", "ts":"3174664752", "pid":"1", "tid":"cice"},
{"name":"ModelAdvance", "ph":"E", "ts":"3177004702", "pid":"1", "tid":"cice"},
{"name":"ModelAdvance", "ph":"B", "ts":"3177434769", "pid":"1", "tid":"cice"},
{"name":"ModelAdvance", "ph":"E", "ts":"3179847210", "pid":"1", "tid":"cice"},
{"name":"ModelAdvance", "ph":"B", "ts":"3180273259", "pid":"1", "tid":"cice"},
{"name":"ModelAdvance", "ph":"E", "ts":"3187348628", "pid":"1", "tid":"cice"},
{"name":"ModelAdvance", "ph":"B", "ts":"3202190805", "pid":"1", "tid":"cice"},
{"name":"ModelAdvance", "ph":"E", "ts":"3204616086", "pid":"1", "tid":"cice"},
{"name":"ModelAdvance", "ph":"B", "ts":"3207417966", "pid":"1", "tid":"cice"},
{"name":"ModelAdvance", "ph":"E", "ts":"3209872670", "pid":"1", "tid":"cice"},
{"name":"ModelAdvance", "ph":"B", "ts":"3210292546", "pid":"1", "tid":"cice"},
{"name":"ModelAdvance", "ph":"E", "ts":"3212844330", "pid":"1", "tid":"cice"},
{"name":"ModelAdvance", "ph":"B", "ts":"3213275054", "pid":"1", "tid":"cice"},
{"name":"ModelAdvance", "ph":"E", "ts":"3215699063", "pid":"1", "tid":"cice"},
{"name":"ModelAdvance", "ph":"B", "ts":"3216197639", "pid":"1", "tid":"cice"},
{"name":"ModelAdvance", "ph":"E", "ts":"3218581913", "pid":"1", "tid":"cice"},
{"name":"ModelAdvance", "ph":"B", "ts":"3219002793", "pid":"1", "tid":"cice"},
{"name":"ModelAdvance", "ph":"E", "ts":"3221444534", "pid":"1", "tid":"cice"},
{"name":"ModelAdvance", "ph":"B", "ts":"3221855152", "pid":"1", "tid":"cice"},
{"name":"ModelAdvance", "ph":"E", "ts":"3224294565", "pid":"1", "tid":"cice"},
{"name":"ModelAdvance", "ph":"B", "ts":"3224710955", "pid":"1", "tid":"cice"},
{"name":"ModelAdvance", "ph":"E", "ts":"3227099310", "pid":"1", "tid":"cice"},
{"name":"ModelAdvance", "ph":"B", "ts":"3227571548", "pid":"1", "tid":"cice"},
{"name":"ModelAdvance", "ph":"E", "ts":"3229972424", "pid":"1", "tid":"cice"},
{"name":"ModelAdvance", "ph":"B", "ts":"3230486820", "pid":"1", "tid":"cice"},
{"name":"ModelAdvance", "ph":"E", "ts":"3232912517", "pid":"1", "tid":"cice"},
{"name":"ModelAdvance", "ph":"B", "ts":"3233389220", "pid":"1", "tid":"cice"},
{"name":"ModelAdvance", "ph":"E", "ts":"3235818397", "pid":"1", "tid":"cice"},
{"name":"ModelAdvance", "ph":"B", "ts":"3236289997", "pid":"1", "tid":"cice"},
{"name":"ModelAdvance", "ph":"E", "ts":"3238717835", "pid":"1", "tid":"cice"},
{"name":"ModelAdvance", "ph":"B", "ts":"3239224074", "pid":"1", "tid":"cice"},
{"name":"ModelAdvance", "ph":"E", "ts":"3241669814", "pid":"1", "tid":"cice"},
{"name":"ModelAdvance", "ph":"B", "ts":"3242074042", "pid":"1", "tid":"cice"},
{"name":"ModelAdvance", "ph":"E", "ts":"3244589937", "pid":"1", "tid":"cice"},
{"name":"ModelAdvance", "ph":"B", "ts":"3245034280", "pid":"1", "tid":"cice"},
{"name":"ModelAdvance", "ph":"E", "ts":"3247509548", "pid":"1", "tid":"cice"},
{"name":"ModelAdvance", "ph":"B", "ts":"3247907523", "pid":"1", "tid":"cice"},
{"name":"ModelAdvance", "ph":"E", "ts":"3250376111", "pid":"1", "tid":"cice"},
{"name":"ModelAdvance", "ph":"B", "ts":"3250838290", "pid":"1", "tid":"cice"},
{"name":"ModelAdvance", "ph":"E", "ts":"3253287242", "pid":"1", "tid":"cice"},
{"name":"ModelAdvance", "ph":"B", "ts":"3253731958", "pid":"1", "tid":"cice"},
{"name":"ModelAdvance", "ph":"E", "ts":"3256153582", "pid":"1", "tid":"cice"},
{"name":"ModelAdvance", "ph":"B", "ts":"3256650923", "pid":"1", "tid":"cice"},
{"name":"ModelAdvance", "ph":"E", "ts":"3259062026", "pid":"1", "tid":"cice"},
{"name":"ModelAdvance", "ph":"B", "ts":"3259488304", "pid":"1", "tid":"cice"},
{"name":"ModelAdvance", "ph":"E", "ts":"3261950656", "pid":"1", "tid":"cice"},
{"name":"ModelAdvance", "ph":"B", "ts":"3262412004", "pid":"1", "tid":"cice"},
{"name":"ModelAdvance", "ph":"E", "ts":"3264858925", "pid":"1", "tid":"cice"},
{"name":"ModelAdvance", "ph":"B", "ts":"3265328465", "pid":"1", "tid":"cice"},
{"name":"ModelAdvance", "ph":"E", "ts":"3267747908", "pid":"1", "tid":"cice"},
{"name":"ModelAdvance", "ph":"B", "ts":"3268234727", "pid":"1", "tid":"cice"},
{"name":"ModelAdvance", "ph":"E", "ts":"3270652369", "pid":"1", "tid":"cice"},
{"name":"ModelAdvance", "ph":"B", "ts":"3271144062", "pid":"1", "tid":"cice"},
{"name":"ModelAdvance", "ph":"E", "ts":"3273546209", "pid":"1", "tid":"cice"},
{"name":"ModelAdvance", "ph":"B", "ts":"3354438997", "pid":"1", "tid":"cice"},
{"name":"ModelAdvance", "ph":"E", "ts":"3356902876", "pid":"1", "tid":"cice"},
{"name":"ModelAdvance", "ph":"B", "ts":"3359604865", "pid":"1", "tid":"cice"},
{"name":"ModelAdvance", "ph":"E", "ts":"3362026380", "pid":"1", "tid":"cice"},
{"name":"ModelAdvance", "ph":"B", "ts":"3362466035", "pid":"1", "tid":"cice"},
{"name":"ModelAdvance", "ph":"E", "ts":"3364909528", "pid":"1", "tid":"cice"},
{"name":"ModelAdvance", "ph":"B", "ts":"3365386624", "pid":"1", "tid":"cice"},
{"name":"ModelAdvance", "ph":"E", "ts":"3367821538", "pid":"1", "tid":"cice"},
{"name":"ModelAdvance", "ph":"B", "ts":"3368279412", "pid":"1", "tid":"cice"},
{"name":"ModelAdvance", "ph":"E", "ts":"3370681891", "pid":"1", "tid":"cice"},
{"name":"ModelAdvance", "ph":"B", "ts":"3371183824", "pid":"1", "tid":"cice"},
{"name":"ModelAdvance", "ph":"E", "ts":"3373542873", "pid":"1", "tid":"cice"},
{"name":"ModelAdvance", "ph":"B", "ts":"3373989981", "pid":"1", "tid":"cice"},
{"name":"ModelAdvance", "ph":"E", "ts":"3376386065", "pid":"1", "tid":"cice"},
{"name":"ModelAdvance", "ph":"B", "ts":"3376853874", "pid":"1", "tid":"cice"},
{"name":"ModelAdvance", "ph":"E", "ts":"3379236689", "pid":"1", "tid":"cice"},
{"name":"ModelAdvance", "ph":"B", "ts":"3379720512", "pid":"1", "tid":"cice"},
{"name":"ModelAdvance", "ph":"E", "ts":"3382129838", "pid":"1", "tid":"cice"},
{"name":"ModelAdvance", "ph":"B", "ts":"3382618464", "pid":"1", "tid":"cice"},
{"name":"ModelAdvance", "ph":"E", "ts":"3385024497", "pid":"1", "tid":"cice"},
{"name":"ModelAdvance", "ph":"B", "ts":"3385451272", "pid":"1", "tid":"cice"},
{"name":"ModelAdvance", "ph":"E", "ts":"3387921550", "pid":"1", "tid":"cice"},
{"name":"ModelAdvance", "ph":"B", "ts":"3388418324", "pid":"1", "tid":"cice"},
{"name":"ModelAdvance", "ph":"E", "ts":"3390814964", "pid":"1", "tid":"cice"},
{"name":"ModelAdvance", "ph":"B", "ts":"3391306032", "pid":"1", "tid":"cice"},
{"name":"ModelAdvance", "ph":"E", "ts":"3393755436", "pid":"1", "tid":"cice"},
{"name":"ModelAdvance", "ph":"B", "ts":"3394215494", "pid":"1", "tid":"cice"},
{"name":"ModelAdvance", "ph":"E", "ts":"3396639661", "pid":"1", "tid":"cice"},
{"name":"ModelAdvance", "ph":"B", "ts":"3397074607", "pid":"1", "tid":"cice"},
{"name":"ModelAdvance", "ph":"E", "ts":"3399574266", "pid":"1", "tid":"cice"},
{"name":"ModelAdvance", "ph":"B", "ts":"3400001510", "pid":"1", "tid":"cice"},
{"name":"ModelAdvance", "ph":"E", "ts":"3402464651", "pid":"1", "tid":"cice"},
{"name":"ModelAdvance", "ph":"B", "ts":"3402916237", "pid":"1", "tid":"cice"},
{"name":"ModelAdvance", "ph":"E", "ts":"3405367237", "pid":"1", "tid":"cice"},
{"name":"ModelAdvance", "ph":"B", "ts":"3405823327", "pid":"1", "tid":"cice"},
{"name":"ModelAdvance", "ph":"E", "ts":"3408262842", "pid":"1", "tid":"cice"},
{"name":"ModelAdvance", "ph":"B", "ts":"3408740061", "pid":"1", "tid":"cice"},
{"name":"ModelAdvance", "ph":"E", "ts":"3411184101", "pid":"1", "tid":"cice"},
{"name":"ModelAdvance", "ph":"B", "ts":"3411639289", "pid":"1", "tid":"cice"},
{"name":"ModelAdvance", "ph":"E", "ts":"3414066971", "pid":"1", "tid":"cice"},
{"name":"ModelAdvance", "ph":"B", "ts":"3414537931", "pid":"1", "tid":"cice"},
{"name":"ModelAdvance", "ph":"E", "ts":"3416971455", "pid":"1", "tid":"cice"},
{"name":"ModelAdvance", "ph":"B", "ts":"3417406977", "pid":"1", "tid":"cice"},
{"name":"ModelAdvance", "ph":"E", "ts":"3419853048", "pid":"1", "tid":"cice"},
{"name":"ModelAdvance", "ph":"B", "ts":"3420384004", "pid":"1", "tid":"cice"},
{"name":"ModelAdvance", "ph":"E", "ts":"3422772545", "pid":"1", "tid":"cice"},
{"name":"ModelAdvance", "ph":"B", "ts":"3423254689", "pid":"1", "tid":"cice"},
{"name":"ModelAdvance", "ph":"E", "ts":"3425672151", "pid":"1", "tid":"cice"},
{"name":"ModelAdvance", "ph":"B", "ts":"3426320913", "pid":"1", "tid":"cice"},
{"name":"ModelAdvance", "ph":"E", "ts":"3428855106", "pid":"1", "tid":"cice"},
{"name":"ModelAdvance", "ph":"B", "ts":"3432462766", "pid":"1", "tid":"cice"},
{"name":"ModelAdvance", "ph":"E", "ts":"3434862045", "pid":"1", "tid":"cice"},
{"name":"ModelAdvance", "ph":"B", "ts":"3435318107", "pid":"1", "tid":"cice"},
{"name":"ModelAdvance", "ph":"E", "ts":"3437882795", "pid":"1", "tid":"cice"},
{"name":"ModelAdvance", "ph":"B", "ts":"3438364363", "pid":"1", "tid":"cice"},
{"name":"ModelAdvance", "ph":"E", "ts":"3440803545", "pid":"1", "tid":"cice"},
{"name":"ModelAdvance", "ph":"B", "ts":"3441310133", "pid":"1", "tid":"cice"},
{"name":"ModelAdvance", "ph":"E", "ts":"3443725189", "pid":"1", "tid":"cice"},
{"name":"ModelAdvance", "ph":"B", "ts":"3444154104", "pid":"1", "tid":"cice"},
{"name":"ModelAdvance", "ph":"E", "ts":"3446564883", "pid":"1", "tid":"cice"},
{"name":"ModelAdvance", "ph":"B", "ts":"3446994930", "pid":"1", "tid":"cice"},
{"name":"ModelAdvance", "ph":"E", "ts":"3449410559", "pid":"1", "tid":"cice"},
{"name":"ModelAdvance", "ph":"B", "ts":"3449891003", "pid":"1", "tid":"cice"},
{"name":"ModelAdvance", "ph":"E", "ts":"3452287775", "pid":"1", "tid":"cice"},
{"name":"ModelAdvance", "ph":"B", "ts":"3452754326", "pid":"1", "tid":"cice"},
{"name":"ModelAdvance", "ph":"E", "ts":"3455182876", "pid":"1", "tid":"cice"},
{"name":"ModelAdvance", "ph":"B", "ts":"3455654906", "pid":"1", "tid":"cice"},
{"name":"ModelAdvance", "ph":"E", "ts":"3458072962", "pid":"1", "tid":"cice"},
{"name":"ModelAdvance", "ph":"B", "ts":"3458509126", "pid":"1", "tid":"cice"},
{"name":"ModelAdvance", "ph":"E", "ts":"3460960781", "pid":"1", "tid":"cice"},
{"name":"ModelAdvance", "ph":"B", "ts":"3461409180", "pid":"1", "tid":"cice"},
{"name":"ModelAdvance", "ph":"E", "ts":"3463854182", "pid":"1", "tid":"cice"},
{"name":"ModelAdvance", "ph":"B", "ts":"3464376728", "pid":"1", "tid":"cice"},
{"name":"ModelAdvance", "ph":"E", "ts":"3466799084", "pid":"1", "tid":"cice"},
{"name":"ModelAdvance", "ph":"B", "ts":"3467220893", "pid":"1", "tid":"cice"},
{"name":"ModelAdvance", "ph":"E", "ts":"3469678662", "pid":"1", "tid":"cice"},
{"name":"ModelAdvance", "ph":"B", "ts":"3470165495", "pid":"1", "tid":"cice"},
{"name":"ModelAdvance", "ph":"E", "ts":"3472595905", "pid":"1", "tid":"cice"},
{"name":"ModelAdvance", "ph":"B", "ts":"3473049502", "pid":"1", "tid":"cice"},
{"name":"ModelAdvance", "ph":"E", "ts":"3475536968", "pid":"1", "tid":"cice"},
{"name":"ModelAdvance", "ph":"B", "ts":"3475999528", "pid":"1", "tid":"cice"},
{"name":"ModelAdvance", "ph":"E", "ts":"3478429840", "pid":"1", "tid":"cice"},
{"name":"ModelAdvance", "ph":"B", "ts":"3478900185", "pid":"1", "tid":"cice"},
{"name":"ModelAdvance", "ph":"E", "ts":"3481328912", "pid":"1", "tid":"cice"},
{"name":"ModelAdvance", "ph":"B", "ts":"3481768839", "pid":"1", "tid":"cice"},
{"name":"ModelAdvance", "ph":"E", "ts":"3484202516", "pid":"1", "tid":"cice"},
{"name":"ModelAdvance", "ph":"B", "ts":"3484622394", "pid":"1", "tid":"cice"},
{"name":"ModelAdvance", "ph":"E", "ts":"3487034331", "pid":"1", "tid":"cice"},
{"name":"ModelAdvance", "ph":"B", "ts":"3487483933", "pid":"1", "tid":"cice"},
{"name":"ModelAdvance", "ph":"E", "ts":"3489891607", "pid":"1", "tid":"cice"},
{"name":"ModelAdvance", "ph":"B", "ts":"3490361310", "pid":"1", "tid":"cice"},
{"name":"ModelAdvance", "ph":"E", "ts":"3492757393", "pid":"1", "tid":"cice"},
{"name":"ModelAdvance", "ph":"B", "ts":"3493212494", "pid":"1", "tid":"cice"},
{"name":"ModelAdvance", "ph":"E", "ts":"3495605655", "pid":"1", "tid":"cice"},
{"name":"ModelAdvance", "ph":"B", "ts":"3496065575", "pid":"1", "tid":"cice"},
{"name":"ModelAdvance", "ph":"E", "ts":"3502758345", "pid":"1", "tid":"cice"},
{"name":"ModelAdvance", "ph":"B", "ts":"3516328409", "pid":"1", "tid":"cice"},
{"name":"ModelAdvance", "ph":"E", "ts":"3518789685", "pid":"1", "tid":"cice"},
{"name":"ModelAdvance", "ph":"B", "ts":"3521490975", "pid":"1", "tid":"cice"},
{"name":"ModelAdvance", "ph":"E", "ts":"3523935708", "pid":"1", "tid":"cice"},
{"name":"ModelAdvance", "ph":"B", "ts":"3524393825", "pid":"1", "tid":"cice"},
{"name":"ModelAdvance", "ph":"E", "ts":"3526839525", "pid":"1", "tid":"cice"},
{"name":"ModelAdvance", "ph":"B", "ts":"3527299672", "pid":"1", "tid":"cice"},
{"name":"ModelAdvance", "ph":"E", "ts":"3529707545", "pid":"1", "tid":"cice"},
{"name":"ModelAdvance", "ph":"B", "ts":"3530202732", "pid":"1", "tid":"cice"},
{"name":"ModelAdvance", "ph":"E", "ts":"3532634524", "pid":"1", "tid":"cice"},
{"name":"ModelAdvance", "ph":"B", "ts":"3533094477", "pid":"1", "tid":"cice"},
{"name":"ModelAdvance", "ph":"E", "ts":"3535467364", "pid":"1", "tid":"cice"},
{"name":"ModelAdvance", "ph":"B", "ts":"3535910056", "pid":"1", "tid":"cice"},
{"name":"ModelAdvance", "ph":"E", "ts":"3538302504", "pid":"1", "tid":"cice"},
{"name":"ModelAdvance", "ph":"B", "ts":"3538764234", "pid":"1", "tid":"cice"},
{"name":"ModelAdvance", "ph":"E", "ts":"3541129643", "pid":"1", "tid":"cice"},
{"name":"ModelAdvance", "ph":"B", "ts":"3541620407", "pid":"1", "tid":"cice"},
{"name":"ModelAdvance", "ph":"E", "ts":"3544032808", "pid":"1", "tid":"cice"},
{"name":"ModelAdvance", "ph":"B", "ts":"3544480422", "pid":"1", "tid":"cice"},
{"name":"ModelAdvance", "ph":"E", "ts":"3546976629", "pid":"1", "tid":"cice"},
{"name":"ModelAdvance", "ph":"B", "ts":"3547397983", "pid":"1", "tid":"cice"},
{"name":"ModelAdvance", "ph":"E", "ts":"3549837729", "pid":"1", "tid":"cice"},
{"name":"ModelAdvance", "ph":"B", "ts":"3550336992", "pid":"1", "tid":"cice"},
{"name":"ModelAdvance", "ph":"E", "ts":"3552720747", "pid":"1", "tid":"cice"},
{"name":"ModelAdvance", "ph":"B", "ts":"3553301098", "pid":"1", "tid":"cice"},
{"name":"ModelAdvance", "ph":"E", "ts":"3555713514", "pid":"1", "tid":"cice"},
{"name":"ModelAdvance", "ph":"B", "ts":"3556186551", "pid":"1", "tid":"cice"},
{"name":"ModelAdvance", "ph":"E", "ts":"3558586889", "pid":"1", "tid":"cice"},
{"name":"ModelAdvance", "ph":"B", "ts":"3559117044", "pid":"1", "tid":"cice"},
{"name":"ModelAdvance", "ph":"E", "ts":"3561523310", "pid":"1", "tid":"cice"},
{"name":"ModelAdvance", "ph":"B", "ts":"3561948239", "pid":"1", "tid":"cice"},
{"name":"ModelAdvance", "ph":"E", "ts":"3564413578", "pid":"1", "tid":"cice"},
{"name":"ModelAdvance", "ph":"B", "ts":"3564876447", "pid":"1", "tid":"cice"},
{"name":"ModelAdvance", "ph":"E", "ts":"3567309585", "pid":"1", "tid":"cice"},
{"name":"ModelAdvance", "ph":"B", "ts":"3567787042", "pid":"1", "tid":"cice"},
{"name":"ModelAdvance", "ph":"E", "ts":"3570221070", "pid":"1", "tid":"cice"},
{"name":"ModelAdvance", "ph":"B", "ts":"3570696123", "pid":"1", "tid":"cice"},
{"name":"ModelAdvance", "ph":"E", "ts":"3573103452", "pid":"1", "tid":"cice"},
{"name":"ModelAdvance", "ph":"B", "ts":"3573577285", "pid":"1", "tid":"cice"},
{"name":"ModelAdvance", "ph":"E", "ts":"3576002308", "pid":"1", "tid":"cice"},
{"name":"ModelAdvance", "ph":"B", "ts":"3576490413", "pid":"1", "tid":"cice"},
{"name":"ModelAdvance", "ph":"E", "ts":"3578886470", "pid":"1", "tid":"cice"},
{"name":"ModelAdvance", "ph":"B", "ts":"3579377905", "pid":"1", "tid":"cice"},
{"name":"ModelAdvance", "ph":"E", "ts":"3581771218", "pid":"1", "tid":"cice"},
{"name":"ModelAdvance", "ph":"B", "ts":"3582255504", "pid":"1", "tid":"cice"},
{"name":"ModelAdvance", "ph":"E", "ts":"3584661095", "pid":"1", "tid":"cice"},
{"name":"ModelAdvance", "ph":"B", "ts":"3585168405", "pid":"1", "tid":"cice"},
{"name":"ModelAdvance", "ph":"E", "ts":"3587537817", "pid":"1", "tid":"cice"},
{"name":"ModelAdvance", "ph":"B", "ts":"3588259021", "pid":"1", "tid":"cice"},
{"name":"ModelAdvance", "ph":"E", "ts":"3590688036", "pid":"1", "tid":"cice"},
{"name":"ModelAdvance", "ph":"B", "ts":"3594513711", "pid":"1", "tid":"cice"},
{"name":"ModelAdvance", "ph":"E", "ts":"3596878234", "pid":"1", "tid":"cice"},
{"name":"ModelAdvance", "ph":"B", "ts":"3597330559", "pid":"1", "tid":"cice"},
{"name":"ModelAdvance", "ph":"E", "ts":"3599894098", "pid":"1", "tid":"cice"},
{"name":"ModelAdvance", "ph":"B", "ts":"3600396389", "pid":"1", "tid":"cice"},
{"name":"ModelAdvance", "ph":"E", "ts":"3602790012", "pid":"1", "tid":"cice"},
{"name":"ModelAdvance", "ph":"B", "ts":"3603270576", "pid":"1", "tid":"cice"},
{"name":"ModelAdvance", "ph":"E", "ts":"3605664029", "pid":"1", "tid":"cice"},
{"name":"ModelAdvance", "ph":"B", "ts":"3606105237", "pid":"1", "tid":"cice"},
{"name":"ModelAdvance", "ph":"E", "ts":"3608495675", "pid":"1", "tid":"cice"},
{"name":"ModelAdvance", "ph":"B", "ts":"3608975884", "pid":"1", "tid":"cice"},
{"name":"ModelAdvance", "ph":"E", "ts":"3611346316", "pid":"1", "tid":"cice"},
{"name":"ModelAdvance", "ph":"B", "ts":"3611807865", "pid":"1", "tid":"cice"},
{"name":"ModelAdvance", "ph":"E", "ts":"3614198274", "pid":"1", "tid":"cice"},
{"name":"ModelAdvance", "ph":"B", "ts":"3614726470", "pid":"1", "tid":"cice"},
{"name":"ModelAdvance", "ph":"E", "ts":"3617072663", "pid":"1", "tid":"cice"},
{"name":"ModelAdvance", "ph":"B", "ts":"3617566316", "pid":"1", "tid":"cice"},
{"name":"ModelAdvance", "ph":"E", "ts":"3619946090", "pid":"1", "tid":"cice"},
{"name":"ModelAdvance", "ph":"B", "ts":"3620409622", "pid":"1", "tid":"cice"},
{"name":"ModelAdvance", "ph":"E", "ts":"3622816716", "pid":"1", "tid":"cice"},
{"name":"ModelAdvance", "ph":"B", "ts":"3623348476", "pid":"1", "tid":"cice"},
{"name":"ModelAdvance", "ph":"E", "ts":"3625696729", "pid":"1", "tid":"cice"},
{"name":"ModelAdvance", "ph":"B", "ts":"3626212308", "pid":"1", "tid":"cice"},
{"name":"ModelAdvance", "ph":"E", "ts":"3628641500", "pid":"1", "tid":"cice"},
{"name":"ModelAdvance", "ph":"B", "ts":"3629142335", "pid":"1", "tid":"cice"},
{"name":"ModelAdvance", "ph":"E", "ts":"3631560321", "pid":"1", "tid":"cice"},
{"name":"ModelAdvance", "ph":"B", "ts":"3632020841", "pid":"1", "tid":"cice"},
{"name":"ModelAdvance", "ph":"E", "ts":"3634435096", "pid":"1", "tid":"cice"},
{"name":"ModelAdvance", "ph":"B", "ts":"3634905943", "pid":"1", "tid":"cice"},
{"name":"ModelAdvance", "ph":"E", "ts":"3637313207", "pid":"1", "tid":"cice"},
{"name":"ModelAdvance", "ph":"B", "ts":"3637824301", "pid":"1", "tid":"cice"},
{"name":"ModelAdvance", "ph":"E", "ts":"3640228430", "pid":"1", "tid":"cice"},
{"name":"ModelAdvance", "ph":"B", "ts":"3640748750", "pid":"1", "tid":"cice"},
{"name":"ModelAdvance", "ph":"E", "ts":"3643170413", "pid":"1", "tid":"cice"},
{"name":"ModelAdvance", "ph":"B", "ts":"3643673981", "pid":"1", "tid":"cice"},
{"name":"ModelAdvance", "ph":"E", "ts":"3646042403", "pid":"1", "tid":"cice"},
{"name":"ModelAdvance", "ph":"B", "ts":"3646517120", "pid":"1", "tid":"cice"},
{"name":"ModelAdvance", "ph":"E", "ts":"3648928607", "pid":"1", "tid":"cice"},
{"name":"ModelAdvance", "ph":"B", "ts":"3649415483", "pid":"1", "tid":"cice"},
{"name":"ModelAdvance", "ph":"E", "ts":"3651814320", "pid":"1", "tid":"cice"},
{"name":"ModelAdvance", "ph":"B", "ts":"3652299655", "pid":"1", "tid":"cice"},
{"name":"ModelAdvance", "ph":"E", "ts":"3654685973", "pid":"1", "tid":"cice"},
{"name":"ModelAdvance", "ph":"B", "ts":"3655145533", "pid":"1", "tid":"cice"},
{"name":"ModelAdvance", "ph":"E", "ts":"3657573583", "pid":"1", "tid":"cice"},
{"name":"ModelAdvance", "ph":"B", "ts":"3658025650", "pid":"1", "tid":"cice"},
{"name":"ModelAdvance", "ph":"E", "ts":"3660457649", "pid":"1", "tid":"cice"},
{"name":"ModelAdvance", "ph":"B", "ts":"3741326175", "pid":"1", "tid":"cice"},
{"name":"ModelAdvance", "ph":"E", "ts":"3743730164", "pid":"1", "tid":"cice"},
{"name":"ModelAdvance", "ph":"B", "ts":"3746446009", "pid":"1", "tid":"cice"},
{"name":"ModelAdvance", "ph":"E", "ts":"3748880090", "pid":"1", "tid":"cice"},
{"name":"ModelAdvance", "ph":"B", "ts":"3749322402", "pid":"1", "tid":"cice"},
{"name":"ModelAdvance", "ph":"E", "ts":"3751743401", "pid":"1", "tid":"cice"},
{"name":"ModelAdvance", "ph":"B", "ts":"3752219979", "pid":"1", "tid":"cice"},
{"name":"ModelAdvance", "ph":"E", "ts":"3754642592", "pid":"1", "tid":"cice"},
{"name":"ModelAdvance", "ph":"B", "ts":"3755107063", "pid":"1", "tid":"cice"},
{"name":"ModelAdvance", "ph":"E", "ts":"3757529123", "pid":"1", "tid":"cice"},
{"name":"ModelAdvance", "ph":"B", "ts":"3757978712", "pid":"1", "tid":"cice"},
{"name":"ModelAdvance", "ph":"E", "ts":"3760349715", "pid":"1", "tid":"cice"},
{"name":"ModelAdvance", "ph":"B", "ts":"3760862467", "pid":"1", "tid":"cice"},
{"name":"ModelAdvance", "ph":"E", "ts":"3763220335", "pid":"1", "tid":"cice"},
{"name":"ModelAdvance", "ph":"B", "ts":"3763681182", "pid":"1", "tid":"cice"},
{"name":"ModelAdvance", "ph":"E", "ts":"3766061709", "pid":"1", "tid":"cice"},
{"name":"ModelAdvance", "ph":"B", "ts":"3766530226", "pid":"1", "tid":"cice"},
{"name":"ModelAdvance", "ph":"E", "ts":"3768938836", "pid":"1", "tid":"cice"},
{"name":"ModelAdvance", "ph":"B", "ts":"3769404191", "pid":"1", "tid":"cice"},
{"name":"ModelAdvance", "ph":"E", "ts":"3771824582", "pid":"1", "tid":"cice"},
{"name":"ModelAdvance", "ph":"B", "ts":"3772308832", "pid":"1", "tid":"cice"},
{"name":"ModelAdvance", "ph":"E", "ts":"3774699611", "pid":"1", "tid":"cice"},
{"name":"ModelAdvance", "ph":"B", "ts":"3775109766", "pid":"1", "tid":"cice"},
{"name":"ModelAdvance", "ph":"E", "ts":"3777576070", "pid":"1", "tid":"cice"},
{"name":"ModelAdvance", "ph":"B", "ts":"3778088323", "pid":"1", "tid":"cice"},
{"name":"ModelAdvance", "ph":"E", "ts":"3780534394", "pid":"1", "tid":"cice"},
{"name":"ModelAdvance", "ph":"B", "ts":"3780956696", "pid":"1", "tid":"cice"},
{"name":"ModelAdvance", "ph":"E", "ts":"3783430218", "pid":"1", "tid":"cice"},
{"name":"ModelAdvance", "ph":"B", "ts":"3783876247", "pid":"1", "tid":"cice"},
{"name":"ModelAdvance", "ph":"E", "ts":"3786360093", "pid":"1", "tid":"cice"},
{"name":"ModelAdvance", "ph":"B", "ts":"3786799352", "pid":"1", "tid":"cice"},
{"name":"ModelAdvance", "ph":"E", "ts":"3789223469", "pid":"1", "tid":"cice"},
{"name":"ModelAdvance", "ph":"B", "ts":"3789667936", "pid":"1", "tid":"cice"},
{"name":"ModelAdvance", "ph":"E", "ts":"3792118822", "pid":"1", "tid":"cice"},
{"name":"ModelAdvance", "ph":"B", "ts":"3792559313", "pid":"1", "tid":"cice"},
{"name":"ModelAdvance", "ph":"E", "ts":"3794938863", "pid":"1", "tid":"cice"},
{"name":"ModelAdvance", "ph":"B", "ts":"3795390379", "pid":"1", "tid":"cice"},
{"name":"ModelAdvance", "ph":"E", "ts":"3797763142", "pid":"1", "tid":"cice"},
{"name":"ModelAdvance", "ph":"B", "ts":"3798222857", "pid":"1", "tid":"cice"},
{"name":"ModelAdvance", "ph":"E", "ts":"3800604959", "pid":"1", "tid":"cice"},
{"name":"ModelAdvance", "ph":"B", "ts":"3801050024", "pid":"1", "tid":"cice"},
{"name":"ModelAdvance", "ph":"E", "ts":"3803420723", "pid":"1", "tid":"cice"},
{"name":"ModelAdvance", "ph":"B", "ts":"3803892587", "pid":"1", "tid":"cice"},
{"name":"ModelAdvance", "ph":"E", "ts":"3806241869", "pid":"1", "tid":"cice"},
{"name":"ModelAdvance", "ph":"B", "ts":"3806689408", "pid":"1", "tid":"cice"},
{"name":"ModelAdvance", "ph":"E", "ts":"3809058525", "pid":"1", "tid":"cice"},
{"name":"ModelAdvance", "ph":"B", "ts":"3809521906", "pid":"1", "tid":"cice"},
{"name":"ModelAdvance", "ph":"E", "ts":"3819556092", "pid":"1", "tid":"cice"},
{"name":"ModelFinalize", "ph":"B", "ts":"3819560761", "pid":"1", "tid":"cice"},
{"name":"ModelFinalize", "ph":"E", "ts":"3819560803", "pid":"1", "tid":"cice"},
