{"name":"SetServices", "ph":"B", "ts":"2370426286", "pid":"1", "tid":"mom"},
{"name":"SetServices", "ph":"E", "ts":"2370428359", "pid":"1", "tid":"mom"},
{"name":"InitializeP0", "ph":"B", "ts":"2370508378", "pid":"1", "tid":"mom"},
{"name":"InitializeP0", "ph":"E", "ts":"2370510985", "pid":"1", "tid":"mom"},
{"name":"InitializeAdvertise", "ph":"B", "ts":"2374171673", "pid":"1", "tid":"mom"},
{"name":"InitializeAdvertise", "ph":"E", "ts":"2451162551", "pid":"1", "tid":"mom"},
{"name":"InitializeRealize", "ph":"B", "ts":"2517337654", "pid":"1", "tid":"mom"},
{"name":"InitializeRealize", "ph":"E", "ts":"2520302657", "pid":"1", "tid":"mom"},
{"name":"DataInitialize", "ph":"B", "ts":"2558792398", "pid":"1", "tid":"mom"},
{"name":"DataInitialize", "ph":"E", "ts":"2558794691", "pid":"1", "tid":"mom"},
{"name":"ModelSetRunClock", "ph":"B", "ts":"2602045029", "pid":"1", "tid":"mom"},
{"name":"ModelSetRunClock", "ph":"E", "ts":"2602054056", "pid":"1", "tid":"mom"},
{"name":"ModelAdvance", "ph":"B", "ts":"2602054225", "pid":"1", "tid":"mom"},
{"name":"ModelAdvance", "ph":"E", "ts":"2618028843", "pid":"1", "tid":"mom"},
{"name":"ModelSetRunClock", "ph":"B", "ts":"2650164314", "pid":"1", "tid":"mom"},
{"name":"ModelSetRunClock", "ph":"E", "ts":"2650164684", "pid":"1", "tid":"mom"},
{"name":"ModelAdvance", "ph":"B", "ts":"2650164846", "pid":"1", "tid":"mom"},
{"name":"ModelAdvance", "ph":"E", "ts":"2665297461", "pid":"1", "tid":"mom"},
{"name":"ModelSetRunClock", "ph":"B", "ts":"2709008278", "pid":"1", "tid":"mom"},
{"name":"ModelSetRunClock", "ph":"E", "ts":"2709008672", "pid":"1", "tid":"mom"},
{"name":"ModelAdvance", "ph":"B", "ts":"2709008952", "pid":"1", "tid":"mom"},
{"name":"ModelAdvance", "ph":"E", "ts":"2732289367", "pid":"1", "tid":"mom"},
{"name":"ModelSetRunClock", "ph":"B", "ts":"2755718104", "pid":"1", "tid":"mom"},
{"name":"ModelSetRunClock", "ph":"E", "ts":"2755718290", "pid":"1", "tid":"mom"},
{"name":"ModelAdvance", "ph":"B", "ts":"2755718460", "pid":"1", "tid":"mom"},
{"name":"ModelAdvance", "ph":"E", "ts":"2770815634", "pid":"1", "tid":"mom"},
{"name":"ModelSetRunClock", "ph":"B", "ts":"2800033639", "pid":"1", "tid":"mom"},
{"name":"ModelSetRunClock", "ph":"E", "ts":"2800033858", "pid":"1", "tid":"mom"},
{"name":"ModelAdvance", "ph":"B", "ts":"2800034084", "pid":"1", "tid":"mom"},
{"name":"ModelAdvance", "ph":"E", "ts":"2822976855", "pid":"1", "tid":"mom"},
{"name":"ModelSetRunClock", "ph":"B", "ts":"2840149251", "pid":"1", "tid":"mom"},
{"name":"ModelSetRunClock", "ph":"E", "ts":"2840149642", "pid":"1", "tid":"mom"},
{"name":"ModelAdvance", "ph":"B", "ts":"2840149917", "pid":"1", "tid":"mom"},
{"name":"ModelAdvance", "ph":"E", "ts":"2855382171", "pid":"1", "tid":"mom"},
{"name":"ModelSetRunClock", "ph":"B", "ts":"2966252691", "pid":"1", "tid":"mom"},
{"name":"ModelSetRunClock", "ph":"E", "ts":"2966252847", "pid":"1", "tid":"mom"},
{"name":"ModelAdvance", "ph":"B", "ts":"2966253013", "pid":"1", "tid":"mom"},
{"name":"ModelAdvance", "ph":"E", "ts":"2989181513", "pid":"1", "tid":"mom"},
{"name":"ModelSetRunClock", "ph":"B", "ts":"3003277322", "pid":"1", "tid":"mom"},
{"name":"ModelSetRunClock", "ph":"E", "ts":"3003277504", "pid":"1", "tid":"mom"},
{"name":"ModelAdvance", "ph":"B", "ts":"3003277672", "pid":"1", "tid":"mom"},
{"name":"ModelAdvance", "ph":"E", "ts":"3018367488", "pid":"1", "tid":"mom"},
{"name":"ModelSetRunClock", "ph":"B", "ts":"3038100004", "pid":"1", "tid":"mom"},
{"name":"ModelSetRunClock", "ph":"E", "ts":"3038100165", "pid":"1", "tid":"mom"},
{"name":"ModelAdvance", "ph":"B", "ts":"3038100333", "pid":"1", "tid":"mom"},
{"name":"ModelAdvance", "ph":"E", "ts":"3061104671", "pid":"1", "tid":"mom"},
{"name":"ModelSetRunClock", "ph":"B", "ts":"3075868705", "pid":"1", "tid":"mom"},
{"name":"ModelSetRunClock", "ph":"E", "ts":"3075868923", "pid":"1", "tid":"mom"},
{"name":"ModelAdvance", "ph":"B", "ts":"3075869194", "pid":"1", "tid":"mom"},
{"name":"ModelAdvance", "ph":"E", "ts":"3090912039", "pid":"1", "tid":"mom"},
{"name":"ModelSetRunClock", "ph":"B", "ts":"3110681991", "pid":"1", "tid":"mom"},
{"name":"ModelSetRunClock", "ph":"E", "ts":"3110682161", "pid":"1", "tid":"mom"},
{"name":"ModelAdvance", "ph":"B", "ts":"3110682349", "pid":"1", "tid":"mom"},
{"name":"ModelAdvance", "ph":"E", "ts":"3133624928", "pid":"1", "tid":"mom"},
{"name":"ModelSetRunClock", "ph":"B", "ts":"3148562879", "pid":"1", "tid":"mom"},
{"name":"ModelSetRunClock", "ph":"E", "ts":"3148563066", "pid":"1", "tid":"mom"},
{"name":"ModelAdvance", "ph":"B", "ts":"3148563235", "pid":"1", "tid":"mom"},
{"name":"ModelAdvance", "ph":"E", "ts":"3183956077", "pid":"1", "tid":"mom"},
{"name":"ModelSetRunClock", "ph":"B", "ts":"3202065193", "pid":"1", "tid":"mom"},
{"name":"ModelSetRunClock", "ph":"E", "ts":"3202065264", "pid":"1", "tid":"mom"},
{"name":"ModelAdvance", "ph":"B", "ts":"3202065428", "pid":"1", "tid":"mom"},
{"name":"ModelAdvance", "ph":"E", "ts":"3225420762", "pid":"1", "tid":"mom"},
{"name":"ModelSetRunClock", "ph":"B", "ts":"3239098142", "pid":"1", "tid":"mom"},
{"name":"ModelSetRunClock", "ph":"E", "ts":"3239098306", "pid":"1", "tid":"mom"},
{"name":"ModelAdvance", "ph":"B", "ts":"3239098476", "pid":"1", "tid":"mom"},
{"name":"ModelAdvance", "ph":"E", "ts":"3253797877", "pid":"1", "tid":"mom"},
{"name":"ModelSetRunClock", "ph":"B", "ts":"3354327636", "pid":"1", "tid":"mom"},
{"name":"ModelSetRunClock", "ph":"E", "ts":"3354327837", "pid":"1", "tid":"mom"},
{"name":"ModelAdvance", "ph":"B", "ts":"3354328007", "pid":"1", "tid":"mom"},
{"name":"ModelAdvance", "ph":"E", "ts":"3377702229", "pid":"1", "tid":"mom"},
{"name":"ModelSetRunClock", "ph":"B", "ts":"3391233759", "pid":"1", "tid":"mom"},
{"name":"ModelSetRunClock", "ph":"E", "ts":"3391233992", "pid":"1", "tid":"mom"},
{"name":"ModelAdvance", "ph":"B", "ts":"3391234174", "pid":"1", "tid":"mom"},
{"name":"ModelAdvance", "ph":"E", "ts":"3405874087", "pid":"1", "tid":"mom"},
{"name":"ModelSetRunClock", "ph":"B", "ts":"3426102792", "pid":"1", "tid":"mom"},
{"name":"ModelSetRunClock", "ph":"E", "ts":"3426267024", "pid":"1", "tid":"mom"},
{"name":"ModelAdvance", "ph":"B", "ts":"3426267228", "pid":"1", "tid":"mom"},
{"name":"ModelAdvance", "ph":"E", "ts":"3449388889", "pid":"1", "tid":"mom"},
{"name":"ModelSetRunClock", "ph":"B", "ts":"3464242945", "pid":"1", "tid":"mom"},
{"name":"ModelSetRunClock", "ph":"E", "ts":"3464243141", "pid":"1", "tid":"mom"},
{"name":"ModelAdvance", "ph":"B", "ts":"3464243310", "pid":"1", "tid":"mom"},
{"name":"ModelAdvance", "ph":"E", "ts":"3499688043", "pid":"1", "tid":"mom"},
{"name":"ModelSetRunClock", "ph":"B", "ts":"3516220016", "pid":"1", "tid":"mom"},
{"name":"ModelSetRunClock", "ph":"E", "ts":"3516220093", "pid":"1", "tid":"mom"},
{"name":"ModelAdvance", "ph":"B", "ts":"3516220261", "pid":"1", "tid":"mom"},
{"name":"ModelAdvance", "ph":"E", "ts":"3540076517", "pid":"1", "tid":"mom"},
{"name":"ModelSetRunClock", "ph":"B", "ts":"3553176256", "pid":"1", "tid":"mom"},
{"name":"ModelSetRunClock", "ph":"E", "ts":"3553176330", "pid":"1", "tid":"mom"},
{"name":"ModelAdvance", "ph":"B", "ts":"3553176530", "pid":"1", "tid":"mom"},
{"name":"ModelAdvance", "ph":"E", "ts":"3567841757", "pid":"1", "tid":"mom"},
{"name":"ModelSetRunClock", "ph":"B", "ts":"3587990855", "pid":"1", "tid":"mom"},
{"name":"ModelSetRunClock", "ph":"E", "ts":"3587990925", "pid":"1", "tid":"mom"},
{"name":"ModelAdvance", "ph":"B", "ts":"3587991095", "pid":"1", "tid":"mom"},
{"name":"ModelAdvance", "ph":"E", "ts":"3611905214", "pid":"1", "tid":"mom"},
{"name":"ModelSetRunClock", "ph":"B", "ts":"3626122835", "pid":"1", "tid":"mom"},
{"name":"ModelSetRunClock", "ph":"E", "ts":"3626122918", "pid":"1", "tid":"mom"},
{"name":"ModelAdvance", "ph":"B", "ts":"3626123085", "pid":"1", "tid":"mom"},
{"name":"ModelAdvance", "ph":"E", "ts":"3640814735", "pid":"1", "tid":"mom"},
{"name":"ModelSetRunClock", "ph":"B", "ts":"3741186786", "pid":"1", "tid":"mom"},
{"name":"ModelSetRunClock", "ph":"E", "ts":"3741186989", "pid":"1", "tid":"mom"},
{"name":"ModelAdvance", "ph":"B", "ts":"3741187156", "pid":"1", "tid":"mom"},
{"name":"ModelAdvance", "ph":"E", "ts":"3764797749", "pid":"1", "tid":"mom"},
{"name":"ModelSetRunClock", "ph":"B", "ts":"3777949638", "pid":"1", "tid":"mom"},
{"name":"ModelSetRunClock", "ph":"E", "ts":"3777949861", "pid":"1", "tid":"mom"},
{"name":"ModelAdvance", "ph":"B", "ts":"3777950037", "pid":"1", "tid":"mom"},
{"name":"ModelAdvance", "ph":"E", "ts":"3817804905", "pid":"1", "tid":"mom"},
{"name":"ocean_model_finalize", "ph":"B", "ts":"3817810741", "pid":"1", "tid":"mom"},
{"name":"ocean_model_finalize", "ph":"E", "ts":"3827444876", "pid":"1", "tid":"mom"},
