{"name":"SetServices", "ph":"B", "ts":"1353400869", "pid":"1", "tid":"wrtComp_06"},
{"name":"SetServices", "ph":"E", "ts":"1353401702", "pid":"1", "tid":"wrtComp_06"},
{"name":"wrt_initialize_p1", "ph":"B", "ts":"1353402216", "pid":"1", "tid":"wrtComp_06"},
{"name":"wrt_initialize_p1", "ph":"E", "ts":"1353886634", "pid":"1", "tid":"wrtComp_06"},
{"name":"wrt_run", "ph":"B", "ts":"1669969572", "pid":"1", "tid":"wrtComp_06"},
{"name":"wrt_run", "ph":"E", "ts":"1732456858", "pid":"1", "tid":"wrtComp_06"},
{"name":"wrt_run", "ph":"B", "ts":"1895765415", "pid":"1", "tid":"wrtComp_06"},
{"name":"wrt_run", "ph":"E", "ts":"1953390184", "pid":"1", "tid":"wrtComp_06"},
{"name":"wrt_run", "ph":"B", "ts":"2131131371", "pid":"1", "tid":"wrtComp_06"},
{"name":"wrt_run", "ph":"E", "ts":"2190556653", "pid":"1", "tid":"wrtComp_06"},
{"name":"wrt_run", "ph":"B", "ts":"2356078194", "pid":"1", "tid":"wrtComp_06"},
{"name":"wrt_run", "ph":"E", "ts":"2417270553", "pid":"1", "tid":"wrtComp_06"},
{"name":"wrt_run", "ph":"B", "ts":"2595364065", "pid":"1", "tid":"wrtComp_06"},
{"name":"wrt_run", "ph":"E", "ts":"2652490816", "pid":"1", "tid":"wrtComp_06"},
{"name":"wrt_run", "ph":"B", "ts":"2817062536", "pid":"1", "tid":"wrtComp_06"},
{"name":"wrt_run", "ph":"E", "ts":"2876132205", "pid":"1", "tid":"wrtComp_06"},
{"name":"wrt_run", "ph":"B", "ts":"3034760213", "pid":"1", "tid":"wrtComp_06"},
{"name":"wrt_run", "ph":"E", "ts":"3100376192", "pid":"1", "tid":"wrtComp_06"},
{"name":"wrt_run", "ph":"B", "ts":"3252822834", "pid":"1", "tid":"wrtComp_06"},
{"name":"wrt_run", "ph":"E", "ts":"3311672626", "pid":"1", "tid":"wrtComp_06"},
{"name":"wrt_run", "ph":"B", "ts":"3473666739", "pid":"1", "tid":"wrtComp_06"},
{"name":"wrt_run", "ph":"E", "ts":"3531677613", "pid":"1", "tid":"wrtComp_06"},
{"name":"wrt_run", "ph":"B", "ts":"3715802176", "pid":"1", "tid":"wrtComp_06"},
{"name":"wrt_run", "ph":"E", "ts":"3774998164", "pid":"1", "tid":"wrtComp_06"},
{"name":"wrt_run", "ph":"B", "ts":"3941797382", "pid":"1", "tid":"wrtComp_06"},
{"name":"wrt_run", "ph":"E", "ts":"4002122682", "pid":"1", "tid":"wrtComp_06"},
{"name":"wrt_run", "ph":"B", "ts":"4163106553", "pid":"1", "tid":"wrtComp_06"},
{"name":"wrt_run", "ph":"E", "ts":"4221376475", "pid":"1", "tid":"wrtComp_06"},
{"name":"wrt_run", "ph":"B", "ts":"4384796325", "pid":"1", "tid":"wrtComp_06"},
{"name":"wrt_run", "ph":"E", "ts":"4443687467", "pid":"1", "tid":"wrtComp_06"},
{"name":"wrt_run", "ph":"B", "ts":"4624474169", "pid":"1", "tid":"wrtComp_06"},
{"name":"wrt_run", "ph":"E", "ts":"4682593244", "pid":"1", "tid":"wrtComp_06"},
{"name":"wrt_run", "ph":"B", "ts":"4847059178", "pid":"1", "tid":"wrtComp_06"},
{"name":"wrt_run", "ph":"E", "ts":"4907741326", "pid":"1", "tid":"wrtComp_06"},
{"name":"wrt_run", "ph":"B", "ts":"5372394713", "pid":"1", "tid":"wrtComp_06"},
{"name":"wrt_run", "ph":"E", "ts":"5431719523", "pid":"1", "tid":"wrtComp_06"},
{"name":"wrt_run", "ph":"B", "ts":"6038821595", "pid":"1", "tid":"wrtComp_06"},
{"name":"wrt_run", "ph":"E", "ts":"6107072039", "pid":"1", "tid":"wrtComp_06"},
{"name":"wrt_run", "ph":"B", "ts":"6689053438", "pid":"1", "tid":"wrtComp_06"},
{"name":"wrt_run", "ph":"E", "ts":"6755080479", "pid":"1", "tid":"wrtComp_06"},
{"name":"wrt_run", "ph":"B", "ts":"7324248006", "pid":"1", "tid":"wrtComp_06"},
{"name":"wrt_run", "ph":"E", "ts":"7388271297", "pid":"1", "tid":"wrtComp_06"},
{"name":"wrt_run", "ph":"B", "ts":"7974752246", "pid":"1", "tid":"wrtComp_06"},
{"name":"wrt_run", "ph":"E", "ts":"8035248765", "pid":"1", "tid":"wrtComp_06"},
{"name":"wrt_run", "ph":"B", "ts":"8662868401", "pid":"1", "tid":"wrtComp_06"},
{"name":"wrt_run", "ph":"E", "ts":"8721742627", "pid":"1", "tid":"wrtComp_06"},
{"name":"wrt_run", "ph":"B", "ts":"9318480705", "pid":"1", "tid":"wrtComp_06"},
{"name":"wrt_run", "ph":"E", "ts":"9384486746", "pid":"1", "tid":"wrtComp_06"},
{"name":"wrt_run", "ph":"B", "ts":"9959142652", "pid":"1", "tid":"wrtComp_06"},
{"name":"wrt_run", "ph":"E", "ts":"10021140374", "pid":"1", "tid":"wrtComp_06"},
{"name":"wrt_run", "ph":"B", "ts":"10611855934", "pid":"1", "tid":"wrtComp_06"},
{"name":"wrt_run", "ph":"E", "ts":"10673249361", "pid":"1", "tid":"wrtComp_06"},
{"name":"wrt_run", "ph":"B", "ts":"11268887006", "pid":"1", "tid":"wrtComp_06"},
{"name":"wrt_run", "ph":"E", "ts":"11333939166", "pid":"1", "tid":"wrtComp_06"},
{"name":"wrt_run", "ph":"B", "ts":"11936824377", "pid":"1", "tid":"wrtComp_06"},
{"name":"wrt_run", "ph":"E", "ts":"12005594348", "pid":"1", "tid":"wrtComp_06"},
{"name":"wrt_finalize", "ph":"B", "ts":"12005753937", "pid":"1", "tid":"wrtComp_06"},
{"name":"wrt_finalize", "ph":"E", "ts":"12005817263", "pid":"1", "tid":"wrtComp_06"},
