{"name":"SetServices", "ph":"B", "ts":"529107523", "pid":"1", "tid":"wrtComp_04"},
{"name":"SetServices", "ph":"E", "ts":"529108318", "pid":"1", "tid":"wrtComp_04"},
{"name":"wrt_initialize_p1", "ph":"B", "ts":"529108666", "pid":"1", "tid":"wrtComp_04"},
{"name":"wrt_initialize_p1", "ph":"E", "ts":"529616702", "pid":"1", "tid":"wrtComp_04"},
{"name":"wrt_run", "ph":"B", "ts":"794898617", "pid":"1", "tid":"wrtComp_04"},
{"name":"wrt_run", "ph":"E", "ts":"860425050", "pid":"1", "tid":"wrtComp_04"},
{"name":"wrt_run", "ph":"B", "ts":"1020378101", "pid":"1", "tid":"wrtComp_04"},
{"name":"wrt_run", "ph":"E", "ts":"1079438319", "pid":"1", "tid":"wrtComp_04"},
{"name":"wrt_run", "ph":"B", "ts":"1256300458", "pid":"1", "tid":"wrtComp_04"},
{"name":"wrt_run", "ph":"E", "ts":"1314253640", "pid":"1", "tid":"wrtComp_04"},
{"name":"wrt_run", "ph":"B", "ts":"1478528909", "pid":"1", "tid":"wrtComp_04"},
{"name":"wrt_run", "ph":"E", "ts":"1549567770", "pid":"1", "tid":"wrtComp_04"},
{"name":"wrt_run", "ph":"B", "ts":"1702567171", "pid":"1", "tid":"wrtComp_04"},
{"name":"wrt_run", "ph":"E", "ts":"1768421165", "pid":"1", "tid":"wrtComp_04"},
{"name":"wrt_run", "ph":"B", "ts":"1945818950", "pid":"1", "tid":"wrtComp_04"},
{"name":"wrt_run", "ph":"E", "ts":"2003919047", "pid":"1", "tid":"wrtComp_04"},
{"name":"wrt_run", "ph":"B", "ts":"2163299747", "pid":"1", "tid":"wrtComp_04"},
{"name":"wrt_run", "ph":"E", "ts":"2224105384", "pid":"1", "tid":"wrtComp_04"},
{"name":"wrt_run", "ph":"B", "ts":"2378872295", "pid":"1", "tid":"wrtComp_04"},
{"name":"wrt_run", "ph":"E", "ts":"2438571250", "pid":"1", "tid":"wrtComp_04"},
{"name":"wrt_run", "ph":"B", "ts":"2598375529", "pid":"1", "tid":"wrtComp_04"},
{"name":"wrt_run", "ph":"E", "ts":"2656273252", "pid":"1", "tid":"wrtComp_04"},
{"name":"wrt_run", "ph":"B", "ts":"2840747764", "pid":"1", "tid":"wrtComp_04"},
{"name":"wrt_run", "ph":"E", "ts":"2899656948", "pid":"1", "tid":"wrtComp_04"},
{"name":"wrt_run", "ph":"B", "ts":"3066147444", "pid":"1", "tid":"wrtComp_04"},
{"name":"wrt_run", "ph":"E", "ts":"3125349063", "pid":"1", "tid":"wrtComp_04"},
{"name":"wrt_run", "ph":"B", "ts":"3288355262", "pid":"1", "tid":"wrtComp_04"},
{"name":"wrt_run", "ph":"E", "ts":"3345306485", "pid":"1", "tid":"wrtComp_04"},
{"name":"wrt_run", "ph":"B", "ts":"3506300805", "pid":"1", "tid":"wrtComp_04"},
{"name":"wrt_run", "ph":"E", "ts":"3564753585", "pid":"1", "tid":"wrtComp_04"},
{"name":"wrt_run", "ph":"B", "ts":"3728530778", "pid":"1", "tid":"wrtComp_04"},
{"name":"wrt_run", "ph":"E", "ts":"3789889278", "pid":"1", "tid":"wrtComp_04"},
{"name":"wrt_run", "ph":"B", "ts":"3967868077", "pid":"1", "tid":"wrtComp_04"},
{"name":"wrt_run", "ph":"E", "ts":"4027576366", "pid":"1", "tid":"wrtComp_04"},
{"name":"wrt_run", "ph":"B", "ts":"4391387311", "pid":"1", "tid":"wrtComp_04"},
{"name":"wrt_run", "ph":"E", "ts":"4451391956", "pid":"1", "tid":"wrtComp_04"},
{"name":"wrt_run", "ph":"B", "ts":"5061859095", "pid":"1", "tid":"wrtComp_04"},
{"name":"wrt_run", "ph":"E", "ts":"5120351047", "pid":"1", "tid":"wrtComp_04"},
{"name":"wrt_run", "ph":"B", "ts":"5696018145", "pid":"1", "tid":"wrtComp_04"},
{"name":"wrt_run", "ph":"E", "ts":"5753975733", "pid":"1", "tid":"wrtComp_04"},
{"name":"wrt_run", "ph":"B", "ts":"6363337680", "pid":"1", "tid":"wrtComp_04"},
{"name":"wrt_run", "ph":"E", "ts":"6426584117", "pid":"1", "tid":"wrtComp_04"},
{"name":"wrt_run", "ph":"B", "ts":"7020493104", "pid":"1", "tid":"wrtComp_04"},
{"name":"wrt_run", "ph":"E", "ts":"7078487562", "pid":"1", "tid":"wrtComp_04"},
{"name":"wrt_run", "ph":"B", "ts":"7662428076", "pid":"1", "tid":"wrtComp_04"},
{"name":"wrt_run", "ph":"E", "ts":"7720741692", "pid":"1", "tid":"wrtComp_04"},
{"name":"wrt_run", "ph":"B", "ts":"8337392870", "pid":"1", "tid":"wrtComp_04"},
{"name":"wrt_run", "ph":"E", "ts":"8397623679", "pid":"1", "tid":"wrtComp_04"},
{"name":"wrt_run", "ph":"B", "ts":"8996567583", "pid":"1", "tid":"wrtComp_04"},
{"name":"wrt_run", "ph":"E", "ts":"9055204633", "pid":"1", "tid":"wrtComp_04"},
{"name":"wrt_run", "ph":"B", "ts":"9622094310", "pid":"1", "tid":"wrtComp_04"},
{"name":"wrt_run", "ph":"E", "ts":"9681666597", "pid":"1", "tid":"wrtComp_04"},
{"name":"wrt_run", "ph":"B", "ts":"10288904221", "pid":"1", "tid":"wrtComp_04"},
{"name":"wrt_run", "ph":"E", "ts":"10365697927", "pid":"1", "tid":"wrtComp_04"},
{"name":"wrt_run", "ph":"B", "ts":"10957791639", "pid":"1", "tid":"wrtComp_04"},
{"name":"wrt_run", "ph":"E", "ts":"11021780045", "pid":"1", "tid":"wrtComp_04"},
{"name":"wrt_finalize", "ph":"B", "ts":"11022086185", "pid":"1", "tid":"wrtComp_04"},
{"name":"wrt_finalize", "ph":"E", "ts":"11022144438", "pid":"1", "tid":"wrtComp_04"},
