{"name":"SetServices", "ph":"B", "ts":"530217967", "pid":"1", "tid":"wrtComp_05"},
{"name":"SetServices", "ph":"E", "ts":"530218848", "pid":"1", "tid":"wrtComp_05"},
{"name":"wrt_initialize_p1", "ph":"B", "ts":"530219214", "pid":"1", "tid":"wrtComp_05"},
{"name":"wrt_initialize_p1", "ph":"E", "ts":"530711133", "pid":"1", "tid":"wrtComp_05"},
{"name":"wrt_run", "ph":"B", "ts":"823283019", "pid":"1", "tid":"wrtComp_05"},
{"name":"wrt_run", "ph":"E", "ts":"884587403", "pid":"1", "tid":"wrtComp_05"},
{"name":"wrt_run", "ph":"B", "ts":"1048917248", "pid":"1", "tid":"wrtComp_05"},
{"name":"wrt_run", "ph":"E", "ts":"1109038456", "pid":"1", "tid":"wrtComp_05"},
{"name":"wrt_run", "ph":"B", "ts":"1284317318", "pid":"1", "tid":"wrtComp_05"},
{"name":"wrt_run", "ph":"E", "ts":"1343474084", "pid":"1", "tid":"wrtComp_05"},
{"name":"wrt_run", "ph":"B", "ts":"1507131210", "pid":"1", "tid":"wrtComp_05"},
{"name":"wrt_run", "ph":"E", "ts":"1570007308", "pid":"1", "tid":"wrtComp_05"},
{"name":"wrt_run", "ph":"B", "ts":"1731124660", "pid":"1", "tid":"wrtComp_05"},
{"name":"wrt_run", "ph":"E", "ts":"1857235929", "pid":"1", "tid":"wrtComp_05"},
{"name":"wrt_run", "ph":"B", "ts":"1973494003", "pid":"1", "tid":"wrtComp_05"},
{"name":"wrt_run", "ph":"E", "ts":"2031884063", "pid":"1", "tid":"wrtComp_05"},
{"name":"wrt_run", "ph":"B", "ts":"2190315248", "pid":"1", "tid":"wrtComp_05"},
{"name":"wrt_run", "ph":"E", "ts":"2248869677", "pid":"1", "tid":"wrtComp_05"},
{"name":"wrt_run", "ph":"B", "ts":"2406383323", "pid":"1", "tid":"wrtComp_05"},
{"name":"wrt_run", "ph":"E", "ts":"2465717350", "pid":"1", "tid":"wrtComp_05"},
{"name":"wrt_run", "ph":"B", "ts":"2626007058", "pid":"1", "tid":"wrtComp_05"},
{"name":"wrt_run", "ph":"E", "ts":"2684139992", "pid":"1", "tid":"wrtComp_05"},
{"name":"wrt_run", "ph":"B", "ts":"2868827173", "pid":"1", "tid":"wrtComp_05"},
{"name":"wrt_run", "ph":"E", "ts":"2927995968", "pid":"1", "tid":"wrtComp_05"},
{"name":"wrt_run", "ph":"B", "ts":"3094603040", "pid":"1", "tid":"wrtComp_05"},
{"name":"wrt_run", "ph":"E", "ts":"3153963474", "pid":"1", "tid":"wrtComp_05"},
{"name":"wrt_run", "ph":"B", "ts":"3315429613", "pid":"1", "tid":"wrtComp_05"},
{"name":"wrt_run", "ph":"E", "ts":"3374558834", "pid":"1", "tid":"wrtComp_05"},
{"name":"wrt_run", "ph":"B", "ts":"3534735448", "pid":"1", "tid":"wrtComp_05"},
{"name":"wrt_run", "ph":"E", "ts":"3593389533", "pid":"1", "tid":"wrtComp_05"},
{"name":"wrt_run", "ph":"B", "ts":"3755990560", "pid":"1", "tid":"wrtComp_05"},
{"name":"wrt_run", "ph":"E", "ts":"3916856281", "pid":"1", "tid":"wrtComp_05"},
{"name":"wrt_run", "ph":"B", "ts":"3996255959", "pid":"1", "tid":"wrtComp_05"},
{"name":"wrt_run", "ph":"E", "ts":"4056052652", "pid":"1", "tid":"wrtComp_05"},
{"name":"wrt_run", "ph":"B", "ts":"4470221727", "pid":"1", "tid":"wrtComp_05"},
{"name":"wrt_run", "ph":"E", "ts":"4529844859", "pid":"1", "tid":"wrtComp_05"},
{"name":"wrt_run", "ph":"B", "ts":"5144594520", "pid":"1", "tid":"wrtComp_05"},
{"name":"wrt_run", "ph":"E", "ts":"5208234214", "pid":"1", "tid":"wrtComp_05"},
{"name":"wrt_run", "ph":"B", "ts":"5775361636", "pid":"1", "tid":"wrtComp_05"},
{"name":"wrt_run", "ph":"E", "ts":"5941160797", "pid":"1", "tid":"wrtComp_05"},
{"name":"wrt_run", "ph":"B", "ts":"6442758072", "pid":"1", "tid":"wrtComp_05"},
{"name":"wrt_run", "ph":"E", "ts":"6507431223", "pid":"1", "tid":"wrtComp_05"},
{"name":"wrt_run", "ph":"B", "ts":"7098144675", "pid":"1", "tid":"wrtComp_05"},
{"name":"wrt_run", "ph":"E", "ts":"7158499928", "pid":"1", "tid":"wrtComp_05"},
{"name":"wrt_run", "ph":"B", "ts":"7745069744", "pid":"1", "tid":"wrtComp_05"},
{"name":"wrt_run", "ph":"E", "ts":"7906025719", "pid":"1", "tid":"wrtComp_05"},
{"name":"wrt_run", "ph":"B", "ts":"8418712731", "pid":"1", "tid":"wrtComp_05"},
{"name":"wrt_run", "ph":"E", "ts":"8479950953", "pid":"1", "tid":"wrtComp_05"},
{"name":"wrt_run", "ph":"B", "ts":"9073967306", "pid":"1", "tid":"wrtComp_05"},
{"name":"wrt_run", "ph":"E", "ts":"9141282797", "pid":"1", "tid":"wrtComp_05"},
{"name":"wrt_run", "ph":"B", "ts":"9701110974", "pid":"1", "tid":"wrtComp_05"},
{"name":"wrt_run", "ph":"E", "ts":"9849903497", "pid":"1", "tid":"wrtComp_05"},
{"name":"wrt_run", "ph":"B", "ts":"10369379524", "pid":"1", "tid":"wrtComp_05"},
{"name":"wrt_run", "ph":"E", "ts":"10437683550", "pid":"1", "tid":"wrtComp_05"},
{"name":"wrt_run", "ph":"B", "ts":"11037659338", "pid":"1", "tid":"wrtComp_05"},
{"name":"wrt_run", "ph":"E", "ts":"11100878598", "pid":"1", "tid":"wrtComp_05"},
{"name":"wrt_finalize", "ph":"B", "ts":"11101129022", "pid":"1", "tid":"wrtComp_05"},
{"name":"wrt_finalize", "ph":"E", "ts":"11101178705", "pid":"1", "tid":"wrtComp_05"},
