{"name":"SetServices", "ph":"B", "ts":"482944846", "pid":"1", "tid":"wrtComp_01"},
{"name":"SetServices", "ph":"E", "ts":"482945644", "pid":"1", "tid":"wrtComp_01"},
{"name":"wrt_initialize_p1", "ph":"B", "ts":"482946025", "pid":"1", "tid":"wrtComp_01"},
{"name":"wrt_initialize_p1", "ph":"E", "ts":"483432558", "pid":"1", "tid":"wrtComp_01"},
{"name":"wrt_run", "ph":"B", "ts":"710066657", "pid":"1", "tid":"wrtComp_01"},
{"name":"wrt_run", "ph":"E", "ts":"771565451", "pid":"1", "tid":"wrtComp_01"},
{"name":"wrt_run", "ph":"B", "ts":"937928740", "pid":"1", "tid":"wrtComp_01"},
{"name":"wrt_run", "ph":"E", "ts":"996310722", "pid":"1", "tid":"wrtComp_01"},
{"name":"wrt_run", "ph":"B", "ts":"1161085061", "pid":"1", "tid":"wrtComp_01"},
{"name":"wrt_run", "ph":"E", "ts":"1219354089", "pid":"1", "tid":"wrtComp_01"},
{"name":"wrt_run", "ph":"B", "ts":"1395636584", "pid":"1", "tid":"wrtComp_01"},
{"name":"wrt_run", "ph":"E", "ts":"1454430072", "pid":"1", "tid":"wrtComp_01"},
{"name":"wrt_run", "ph":"B", "ts":"1619105230", "pid":"1", "tid":"wrtComp_01"},
{"name":"wrt_run", "ph":"E", "ts":"1677918321", "pid":"1", "tid":"wrtComp_01"},
{"name":"wrt_run", "ph":"B", "ts":"1864135990", "pid":"1", "tid":"wrtComp_01"},
{"name":"wrt_run", "ph":"E", "ts":"1923411678", "pid":"1", "tid":"wrtComp_01"},
{"name":"wrt_run", "ph":"B", "ts":"2082879351", "pid":"1", "tid":"wrtComp_01"},
{"name":"wrt_run", "ph":"E", "ts":"2141009212", "pid":"1", "tid":"wrtComp_01"},
{"name":"wrt_run", "ph":"B", "ts":"2298049999", "pid":"1", "tid":"wrtComp_01"},
{"name":"wrt_run", "ph":"E", "ts":"2356340918", "pid":"1", "tid":"wrtComp_01"},
{"name":"wrt_run", "ph":"B", "ts":"2515414557", "pid":"1", "tid":"wrtComp_01"},
{"name":"wrt_run", "ph":"E", "ts":"2573753276", "pid":"1", "tid":"wrtComp_01"},
{"name":"wrt_run", "ph":"B", "ts":"2737643692", "pid":"1", "tid":"wrtComp_01"},
{"name":"wrt_run", "ph":"E", "ts":"2859454222", "pid":"1", "tid":"wrtComp_01"},
{"name":"wrt_run", "ph":"B", "ts":"2981418192", "pid":"1", "tid":"wrtComp_01"},
{"name":"wrt_run", "ph":"E", "ts":"3038377450", "pid":"1", "tid":"wrtComp_01"},
{"name":"wrt_run", "ph":"B", "ts":"3205525178", "pid":"1", "tid":"wrtComp_01"},
{"name":"wrt_run", "ph":"E", "ts":"3263572411", "pid":"1", "tid":"wrtComp_01"},
{"name":"wrt_run", "ph":"B", "ts":"3423387273", "pid":"1", "tid":"wrtComp_01"},
{"name":"wrt_run", "ph":"E", "ts":"3484080132", "pid":"1", "tid":"wrtComp_01"},
{"name":"wrt_run", "ph":"B", "ts":"3644573415", "pid":"1", "tid":"wrtComp_01"},
{"name":"wrt_run", "ph":"E", "ts":"3703519540", "pid":"1", "tid":"wrtComp_01"},
{"name":"wrt_run", "ph":"B", "ts":"3884451649", "pid":"1", "tid":"wrtComp_01"},
{"name":"wrt_run", "ph":"E", "ts":"3947173423", "pid":"1", "tid":"wrtComp_01"},
{"name":"wrt_run", "ph":"B", "ts":"4111487418", "pid":"1", "tid":"wrtComp_01"},
{"name":"wrt_run", "ph":"E", "ts":"4170257666", "pid":"1", "tid":"wrtComp_01"},
{"name":"wrt_run", "ph":"B", "ts":"4798864627", "pid":"1", "tid":"wrtComp_01"},
{"name":"wrt_run", "ph":"E", "ts":"4950768505", "pid":"1", "tid":"wrtComp_01"},
{"name":"wrt_run", "ph":"B", "ts":"5457650569", "pid":"1", "tid":"wrtComp_01"},
{"name":"wrt_run", "ph":"E", "ts":"5516753378", "pid":"1", "tid":"wrtComp_01"},
{"name":"wrt_run", "ph":"B", "ts":"6121641562", "pid":"1", "tid":"wrtComp_01"},
{"name":"wrt_run", "ph":"E", "ts":"6180484001", "pid":"1", "tid":"wrtComp_01"},
{"name":"wrt_run", "ph":"B", "ts":"6760111850", "pid":"1", "tid":"wrtComp_01"},
{"name":"wrt_run", "ph":"E", "ts":"6917245533", "pid":"1", "tid":"wrtComp_01"},
{"name":"wrt_run", "ph":"B", "ts":"7419827747", "pid":"1", "tid":"wrtComp_01"},
{"name":"wrt_run", "ph":"E", "ts":"7477983220", "pid":"1", "tid":"wrtComp_01"},
{"name":"wrt_run", "ph":"B", "ts":"8091874664", "pid":"1", "tid":"wrtComp_01"},
{"name":"wrt_run", "ph":"E", "ts":"8151082343", "pid":"1", "tid":"wrtComp_01"},
{"name":"wrt_run", "ph":"B", "ts":"8734325857", "pid":"1", "tid":"wrtComp_01"},
{"name":"wrt_run", "ph":"E", "ts":"8887602977", "pid":"1", "tid":"wrtComp_01"},
{"name":"wrt_run", "ph":"B", "ts":"9381812417", "pid":"1", "tid":"wrtComp_01"},
{"name":"wrt_run", "ph":"E", "ts":"9447742253", "pid":"1", "tid":"wrtComp_01"},
{"name":"wrt_run", "ph":"B", "ts":"10054072628", "pid":"1", "tid":"wrtComp_01"},
{"name":"wrt_run", "ph":"E", "ts":"10115531492", "pid":"1", "tid":"wrtComp_01"},
{"name":"wrt_run", "ph":"B", "ts":"10694156288", "pid":"1", "tid":"wrtComp_01"},
{"name":"wrt_run", "ph":"E", "ts":"10850239594", "pid":"1", "tid":"wrtComp_01"},
{"name":"wrt_run", "ph":"B", "ts":"11360131594", "pid":"1", "tid":"wrtComp_01"},
{"name":"wrt_run", "ph":"E", "ts":"11420987754", "pid":"1", "tid":"wrtComp_01"},
{"name":"wrt_finalize", "ph":"B", "ts":"11420992058", "pid":"1", "tid":"wrtComp_01"},
{"name":"wrt_finalize", "ph":"E", "ts":"11421027019", "pid":"1", "tid":"wrtComp_01"},
