{"name":"SetServices", "ph":"B", "ts":"532395240", "pid":"1", "tid":"wrtComp_07"},
{"name":"SetServices", "ph":"E", "ts":"532396344", "pid":"1", "tid":"wrtComp_07"},
{"name":"wrt_initialize_p1", "ph":"B", "ts":"532396667", "pid":"1", "tid":"wrtComp_07"},
{"name":"wrt_initialize_p1", "ph":"E", "ts":"532889078", "pid":"1", "tid":"wrtComp_07"},
{"name":"wrt_run", "ph":"B", "ts":"880655428", "pid":"1", "tid":"wrtComp_07"},
{"name":"wrt_run", "ph":"E", "ts":"940595754", "pid":"1", "tid":"wrtComp_07"},
{"name":"wrt_run", "ph":"B", "ts":"1105912275", "pid":"1", "tid":"wrtComp_07"},
{"name":"wrt_run", "ph":"E", "ts":"1163107887", "pid":"1", "tid":"wrtComp_07"},
{"name":"wrt_run", "ph":"B", "ts":"1338521657", "pid":"1", "tid":"wrtComp_07"},
{"name":"wrt_run", "ph":"E", "ts":"1396964354", "pid":"1", "tid":"wrtComp_07"},
{"name":"wrt_run", "ph":"B", "ts":"1564469424", "pid":"1", "tid":"wrtComp_07"},
{"name":"wrt_run", "ph":"E", "ts":"1622721869", "pid":"1", "tid":"wrtComp_07"},
{"name":"wrt_run", "ph":"B", "ts":"1807616889", "pid":"1", "tid":"wrtComp_07"},
{"name":"wrt_run", "ph":"E", "ts":"1869607132", "pid":"1", "tid":"wrtComp_07"},
{"name":"wrt_run", "ph":"B", "ts":"2028173698", "pid":"1", "tid":"wrtComp_07"},
{"name":"wrt_run", "ph":"E", "ts":"2087257172", "pid":"1", "tid":"wrtComp_07"},
{"name":"wrt_run", "ph":"B", "ts":"2245268666", "pid":"1", "tid":"wrtComp_07"},
{"name":"wrt_run", "ph":"E", "ts":"2303524072", "pid":"1", "tid":"wrtComp_07"},
{"name":"wrt_run", "ph":"B", "ts":"2460439649", "pid":"1", "tid":"wrtComp_07"},
{"name":"wrt_run", "ph":"E", "ts":"2519219385", "pid":"1", "tid":"wrtComp_07"},
{"name":"wrt_run", "ph":"B", "ts":"2680972439", "pid":"1", "tid":"wrtComp_07"},
{"name":"wrt_run", "ph":"E", "ts":"2740571050", "pid":"1", "tid":"wrtComp_07"},
{"name":"wrt_run", "ph":"B", "ts":"2924895764", "pid":"1", "tid":"wrtComp_07"},
{"name":"wrt_run", "ph":"E", "ts":"2983126354", "pid":"1", "tid":"wrtComp_07"},
{"name":"wrt_run", "ph":"B", "ts":"3149804893", "pid":"1", "tid":"wrtComp_07"},
{"name":"wrt_run", "ph":"E", "ts":"3211709023", "pid":"1", "tid":"wrtComp_07"},
{"name":"wrt_run", "ph":"B", "ts":"3369364539", "pid":"1", "tid":"wrtComp_07"},
{"name":"wrt_run", "ph":"E", "ts":"3429897978", "pid":"1", "tid":"wrtComp_07"},
{"name":"wrt_run", "ph":"B", "ts":"3589742818", "pid":"1", "tid":"wrtComp_07"},
{"name":"wrt_run", "ph":"E", "ts":"3647484607", "pid":"1", "tid":"wrtComp_07"},
{"name":"wrt_run", "ph":"B", "ts":"3830599537", "pid":"1", "tid":"wrtComp_07"},
{"name":"wrt_run", "ph":"E", "ts":"3889884420", "pid":"1", "tid":"wrtComp_07"},
{"name":"wrt_run", "ph":"B", "ts":"4053384891", "pid":"1", "tid":"wrtComp_07"},
{"name":"wrt_run", "ph":"E", "ts":"4111367276", "pid":"1", "tid":"wrtComp_07"},
{"name":"wrt_run", "ph":"B", "ts":"4636866418", "pid":"1", "tid":"wrtComp_07"},
{"name":"wrt_run", "ph":"E", "ts":"4696018787", "pid":"1", "tid":"wrtComp_07"},
{"name":"wrt_run", "ph":"B", "ts":"5300591753", "pid":"1", "tid":"wrtComp_07"},
{"name":"wrt_run", "ph":"E", "ts":"5377759392", "pid":"1", "tid":"wrtComp_07"},
{"name":"wrt_run", "ph":"B", "ts":"5963471952", "pid":"1", "tid":"wrtComp_07"},
{"name":"wrt_run", "ph":"E", "ts":"6022538267", "pid":"1", "tid":"wrtComp_07"},
{"name":"wrt_run", "ph":"B", "ts":"6599538135", "pid":"1", "tid":"wrtComp_07"},
{"name":"wrt_run", "ph":"E", "ts":"6659005664", "pid":"1", "tid":"wrtComp_07"},
{"name":"wrt_run", "ph":"B", "ts":"7256740967", "pid":"1", "tid":"wrtComp_07"},
{"name":"wrt_run", "ph":"E", "ts":"7316816097", "pid":"1", "tid":"wrtComp_07"},
{"name":"wrt_run", "ph":"B", "ts":"7926674847", "pid":"1", "tid":"wrtComp_07"},
{"name":"wrt_run", "ph":"E", "ts":"7985858394", "pid":"1", "tid":"wrtComp_07"},
{"name":"wrt_run", "ph":"B", "ts":"8576771329", "pid":"1", "tid":"wrtComp_07"},
{"name":"wrt_run", "ph":"E", "ts":"8637068656", "pid":"1", "tid":"wrtComp_07"},
{"name":"wrt_run", "ph":"B", "ts":"9228303773", "pid":"1", "tid":"wrtComp_07"},
{"name":"wrt_run", "ph":"E", "ts":"9287072794", "pid":"1", "tid":"wrtComp_07"},
{"name":"wrt_run", "ph":"B", "ts":"9876949811", "pid":"1", "tid":"wrtComp_07"},
{"name":"wrt_run", "ph":"E", "ts":"9935784810", "pid":"1", "tid":"wrtComp_07"},
{"name":"wrt_run", "ph":"B", "ts":"10535697463", "pid":"1", "tid":"wrtComp_07"},
{"name":"wrt_run", "ph":"E", "ts":"10594237010", "pid":"1", "tid":"wrtComp_07"},
{"name":"wrt_run", "ph":"B", "ts":"11198103348", "pid":"1", "tid":"wrtComp_07"},
{"name":"wrt_run", "ph":"E", "ts":"11261636295", "pid":"1", "tid":"wrtComp_07"},
{"name":"wrt_finalize", "ph":"B", "ts":"11261755265", "pid":"1", "tid":"wrtComp_07"},
{"name":"wrt_finalize", "ph":"E", "ts":"11261839722", "pid":"1", "tid":"wrtComp_07"},
