{"name":"SetServices", "ph":"B", "ts":"648982072", "pid":"1", "tid":"wave"},
{"name":"SetServices", "ph":"E", "ts":"648984605", "pid":"1", "tid":"wave"},
{"name":"InitializeP0", "ph":"B", "ts":"648988893", "pid":"1", "tid":"wave"},
{"name":"InitializeP0", "ph":"E", "ts":"648988982", "pid":"1", "tid":"wave"},
{"name":"InitializeAdvertise", "ph":"B", "ts":"652585648", "pid":"1", "tid":"wave"},
{"name":"InitializeAdvertise", "ph":"E", "ts":"702793793", "pid":"1", "tid":"wave"},
{"name":"InitializeRealize", "ph":"B", "ts":"774451347", "pid":"1", "tid":"wave"},
{"name":"InitializeRealize", "ph":"E", "ts":"783234380", "pid":"1", "tid":"wave"},
{"name":"DataInitialize", "ph":"B", "ts":"817327261", "pid":"1", "tid":"wave"},
{"name":"DataInitialize", "ph":"E", "ts":"817345906", "pid":"1", "tid":"wave"},
{"name":"ModelSetRunClock", "ph":"B", "ts":"866669290", "pid":"1", "tid":"wave"},
{"name":"ModelSetRunClock", "ph":"E", "ts":"866678644", "pid":"1", "tid":"wave"},
{"name":"ModelAdvance", "ph":"B", "ts":"866678729", "pid":"1", "tid":"wave"},
{"name":"ModelAdvance", "ph":"E", "ts":"893073249", "pid":"1", "tid":"wave"},
{"name":"ModelSetRunClock", "ph":"B", "ts":"914946341", "pid":"1", "tid":"wave"},
{"name":"ModelSetRunClock", "ph":"E", "ts":"914946406", "pid":"1", "tid":"wave"},
{"name":"ModelAdvance", "ph":"B", "ts":"914946484", "pid":"1", "tid":"wave"},
{"name":"ModelAdvance", "ph":"E", "ts":"933447039", "pid":"1", "tid":"wave"},
{"name":"ModelSetRunClock", "ph":"B", "ts":"949355347", "pid":"1", "tid":"wave"},
{"name":"ModelSetRunClock", "ph":"E", "ts":"949355465", "pid":"1", "tid":"wave"},
{"name":"ModelAdvance", "ph":"B", "ts":"949355602", "pid":"1", "tid":"wave"},
{"name":"ModelAdvance", "ph":"E", "ts":"966961154", "pid":"1", "tid":"wave"},
{"name":"ModelSetRunClock", "ph":"B", "ts":"986443299", "pid":"1", "tid":"wave"},
{"name":"ModelSetRunClock", "ph":"E", "ts":"986443362", "pid":"1", "tid":"wave"},
{"name":"ModelAdvance", "ph":"B", "ts":"986443454", "pid":"1", "tid":"wave"},
{"name":"ModelAdvance", "ph":"E", "ts":"1004809773", "pid":"1", "tid":"wave"},
{"name":"ModelSetRunClock", "ph":"B", "ts":"1020817797", "pid":"1", "tid":"wave"},
{"name":"ModelSetRunClock", "ph":"E", "ts":"1020817884", "pid":"1", "tid":"wave"},
{"name":"ModelAdvance", "ph":"B", "ts":"1020817993", "pid":"1", "tid":"wave"},
{"name":"ModelAdvance", "ph":"E", "ts":"1038628736", "pid":"1", "tid":"wave"},
{"name":"ModelSetRunClock", "ph":"B", "ts":"1057468440", "pid":"1", "tid":"wave"},
{"name":"ModelSetRunClock", "ph":"E", "ts":"1057468511", "pid":"1", "tid":"wave"},
{"name":"ModelAdvance", "ph":"B", "ts":"1057468607", "pid":"1", "tid":"wave"},
{"name":"ModelAdvance", "ph":"E", "ts":"1075930045", "pid":"1", "tid":"wave"},
{"name":"ModelSetRunClock", "ph":"B", "ts":"1096034103", "pid":"1", "tid":"wave"},
{"name":"ModelSetRunClock", "ph":"E", "ts":"1096034168", "pid":"1", "tid":"wave"},
{"name":"ModelAdvance", "ph":"B", "ts":"1096034245", "pid":"1", "tid":"wave"},
{"name":"ModelAdvance", "ph":"E", "ts":"1113995041", "pid":"1", "tid":"wave"},
{"name":"ModelSetRunClock", "ph":"B", "ts":"1134136256", "pid":"1", "tid":"wave"},
{"name":"ModelSetRunClock", "ph":"E", "ts":"1134136331", "pid":"1", "tid":"wave"},
{"name":"ModelAdvance", "ph":"B", "ts":"1134136413", "pid":"1", "tid":"wave"},
{"name":"ModelAdvance", "ph":"E", "ts":"1152578212", "pid":"1", "tid":"wave"},
{"name":"ModelSetRunClock", "ph":"B", "ts":"1168786322", "pid":"1", "tid":"wave"},
{"name":"ModelSetRunClock", "ph":"E", "ts":"1168786387", "pid":"1", "tid":"wave"},
{"name":"ModelAdvance", "ph":"B", "ts":"1168786478", "pid":"1", "tid":"wave"},
{"name":"ModelAdvance", "ph":"E", "ts":"1186765486", "pid":"1", "tid":"wave"},
{"name":"ModelSetRunClock", "ph":"B", "ts":"1206256352", "pid":"1", "tid":"wave"},
{"name":"ModelSetRunClock", "ph":"E", "ts":"1206256409", "pid":"1", "tid":"wave"},
{"name":"ModelAdvance", "ph":"B", "ts":"1206256492", "pid":"1", "tid":"wave"},
{"name":"ModelAdvance", "ph":"E", "ts":"1224720148", "pid":"1", "tid":"wave"},
{"name":"ModelSetRunClock", "ph":"B", "ts":"1241038747", "pid":"1", "tid":"wave"},
{"name":"ModelSetRunClock", "ph":"E", "ts":"1241038967", "pid":"1", "tid":"wave"},
{"name":"ModelAdvance", "ph":"B", "ts":"1241039060", "pid":"1", "tid":"wave"},
{"name":"ModelAdvance", "ph":"E", "ts":"1258681445", "pid":"1", "tid":"wave"},
{"name":"ModelSetRunClock", "ph":"B", "ts":"1280210460", "pid":"1", "tid":"wave"},
{"name":"ModelSetRunClock", "ph":"E", "ts":"1280210529", "pid":"1", "tid":"wave"},
{"name":"ModelAdvance", "ph":"B", "ts":"1280210622", "pid":"1", "tid":"wave"},
{"name":"ModelAdvance", "ph":"E", "ts":"1323207136", "pid":"1", "tid":"wave"},
{"name":"ModelSetRunClock", "ph":"B", "ts":"1331134630", "pid":"1", "tid":"wave"},
{"name":"ModelSetRunClock", "ph":"E", "ts":"1331134714", "pid":"1", "tid":"wave"},
{"name":"ModelAdvance", "ph":"B", "ts":"1331134813", "pid":"1", "tid":"wave"},
{"name":"ModelAdvance", "ph":"E", "ts":"1348293676", "pid":"1", "tid":"wave"},
{"name":"ModelSetRunClock", "ph":"B", "ts":"1367987381", "pid":"1", "tid":"wave"},
{"name":"ModelSetRunClock", "ph":"E", "ts":"1367987538", "pid":"1", "tid":"wave"},
{"name":"ModelAdvance", "ph":"B", "ts":"1367987636", "pid":"1", "tid":"wave"},
{"name":"ModelAdvance", "ph":"E", "ts":"1385479492", "pid":"1", "tid":"wave"},
{"name":"ModelSetRunClock", "ph":"B", "ts":"1402739603", "pid":"1", "tid":"wave"},
{"name":"ModelSetRunClock", "ph":"E", "ts":"1402739806", "pid":"1", "tid":"wave"},
{"name":"ModelAdvance", "ph":"B", "ts":"1402739905", "pid":"1", "tid":"wave"},
{"name":"ModelAdvance", "ph":"E", "ts":"1419410531", "pid":"1", "tid":"wave"},
{"name":"ModelSetRunClock", "ph":"B", "ts":"1441108788", "pid":"1", "tid":"wave"},
{"name":"ModelSetRunClock", "ph":"E", "ts":"1441108942", "pid":"1", "tid":"wave"},
{"name":"ModelAdvance", "ph":"B", "ts":"1441109022", "pid":"1", "tid":"wave"},
{"name":"ModelAdvance", "ph":"E", "ts":"1458425211", "pid":"1", "tid":"wave"},
{"name":"ModelSetRunClock", "ph":"B", "ts":"1475904863", "pid":"1", "tid":"wave"},
{"name":"ModelSetRunClock", "ph":"E", "ts":"1475904932", "pid":"1", "tid":"wave"},
{"name":"ModelAdvance", "ph":"B", "ts":"1475905025", "pid":"1", "tid":"wave"},
{"name":"ModelAdvance", "ph":"E", "ts":"1492448140", "pid":"1", "tid":"wave"},
{"name":"ModelSetRunClock", "ph":"B", "ts":"1513930323", "pid":"1", "tid":"wave"},
{"name":"ModelSetRunClock", "ph":"E", "ts":"1513930384", "pid":"1", "tid":"wave"},
{"name":"ModelAdvance", "ph":"B", "ts":"1513930462", "pid":"1", "tid":"wave"},
{"name":"ModelAdvance", "ph":"E", "ts":"1555622099", "pid":"1", "tid":"wave"},
{"name":"ModelSetRunClock", "ph":"B", "ts":"1563864643", "pid":"1", "tid":"wave"},
{"name":"ModelSetRunClock", "ph":"E", "ts":"1563864727", "pid":"1", "tid":"wave"},
{"name":"ModelAdvance", "ph":"B", "ts":"1563864832", "pid":"1", "tid":"wave"},
{"name":"ModelAdvance", "ph":"E", "ts":"1580187229", "pid":"1", "tid":"wave"},
{"name":"ModelSetRunClock", "ph":"B", "ts":"1600617438", "pid":"1", "tid":"wave"},
{"name":"ModelSetRunClock", "ph":"E", "ts":"1600617635", "pid":"1", "tid":"wave"},
{"name":"ModelAdvance", "ph":"B", "ts":"1600617747", "pid":"1", "tid":"wave"},
{"name":"ModelAdvance", "ph":"E", "ts":"1617431800", "pid":"1", "tid":"wave"},
{"name":"ModelSetRunClock", "ph":"B", "ts":"1635430781", "pid":"1", "tid":"wave"},
{"name":"ModelSetRunClock", "ph":"E", "ts":"1635430939", "pid":"1", "tid":"wave"},
{"name":"ModelAdvance", "ph":"B", "ts":"1635431027", "pid":"1", "tid":"wave"},
{"name":"ModelAdvance", "ph":"E", "ts":"1651610069", "pid":"1", "tid":"wave"},
{"name":"ModelSetRunClock", "ph":"B", "ts":"1673474904", "pid":"1", "tid":"wave"},
{"name":"ModelSetRunClock", "ph":"E", "ts":"1673475069", "pid":"1", "tid":"wave"},
{"name":"ModelAdvance", "ph":"B", "ts":"1673475157", "pid":"1", "tid":"wave"},
{"name":"ModelAdvance", "ph":"E", "ts":"1690215913", "pid":"1", "tid":"wave"},
{"name":"ModelSetRunClock", "ph":"B", "ts":"1708070553", "pid":"1", "tid":"wave"},
{"name":"ModelSetRunClock", "ph":"E", "ts":"1708070732", "pid":"1", "tid":"wave"},
{"name":"ModelAdvance", "ph":"B", "ts":"1708070828", "pid":"1", "tid":"wave"},
{"name":"ModelAdvance", "ph":"E", "ts":"1724118558", "pid":"1", "tid":"wave"},
{"name":"ModelSetRunClock", "ph":"B", "ts":"1746145431", "pid":"1", "tid":"wave"},
{"name":"ModelSetRunClock", "ph":"E", "ts":"1746145590", "pid":"1", "tid":"wave"},
{"name":"ModelAdvance", "ph":"B", "ts":"1746145677", "pid":"1", "tid":"wave"},
{"name":"ModelAdvance", "ph":"E", "ts":"1786946659", "pid":"1", "tid":"wave"},
{"name":"ModelFinalize", "ph":"B", "ts":"1786952503", "pid":"1", "tid":"wave"},
{"name":"ModelFinalize", "ph":"E", "ts":"1786952529", "pid":"1", "tid":"wave"},
