{"name":"SetServices", "ph":"B", "ts":"648901212", "pid":"1", "tid":"mom"},
{"name":"SetServices", "ph":"E", "ts":"648903700", "pid":"1", "tid":"mom"},
{"name":"InitializeP0", "ph":"B", "ts":"648981510", "pid":"1", "tid":"mom"},
{"name":"InitializeP0", "ph":"E", "ts":"648984179", "pid":"1", "tid":"mom"},
{"name":"InitializeAdvertise", "ph":"B", "ts":"652587279", "pid":"1", "tid":"mom"},
{"name":"InitializeAdvertise", "ph":"E", "ts":"716988674", "pid":"1", "tid":"mom"},
{"name":"InitializeRealize", "ph":"B", "ts":"774256055", "pid":"1", "tid":"mom"},
{"name":"InitializeRealize", "ph":"E", "ts":"777505052", "pid":"1", "tid":"mom"},
{"name":"DataInitialize", "ph":"B", "ts":"814945403", "pid":"1", "tid":"mom"},
{"name":"DataInitialize", "ph":"E", "ts":"814948143", "pid":"1", "tid":"mom"},
{"name":"ModelSetRunClock", "ph":"B", "ts":"866691305", "pid":"1", "tid":"mom"},
{"name":"ModelSetRunClock", "ph":"E", "ts":"866701482", "pid":"1", "tid":"mom"},
{"name":"ModelAdvance", "ph":"B", "ts":"866701659", "pid":"1", "tid":"mom"},
{"name":"ModelAdvance", "ph":"E", "ts":"882445442", "pid":"1", "tid":"mom"},
{"name":"ModelSetRunClock", "ph":"B", "ts":"914964838", "pid":"1", "tid":"mom"},
{"name":"ModelSetRunClock", "ph":"E", "ts":"914965066", "pid":"1", "tid":"mom"},
{"name":"ModelAdvance", "ph":"B", "ts":"914965279", "pid":"1", "tid":"mom"},
{"name":"ModelAdvance", "ph":"E", "ts":"930002584", "pid":"1", "tid":"mom"},
{"name":"ModelSetRunClock", "ph":"B", "ts":"949376793", "pid":"1", "tid":"mom"},
{"name":"ModelSetRunClock", "ph":"E", "ts":"949376869", "pid":"1", "tid":"mom"},
{"name":"ModelAdvance", "ph":"B", "ts":"949377033", "pid":"1", "tid":"mom"},
{"name":"ModelAdvance", "ph":"E", "ts":"973628633", "pid":"1", "tid":"mom"},
{"name":"ModelSetRunClock", "ph":"B", "ts":"986467710", "pid":"1", "tid":"mom"},
{"name":"ModelSetRunClock", "ph":"E", "ts":"986467783", "pid":"1", "tid":"mom"},
{"name":"ModelAdvance", "ph":"B", "ts":"986467938", "pid":"1", "tid":"mom"},
{"name":"ModelAdvance", "ph":"E", "ts":"1001461835", "pid":"1", "tid":"mom"},
{"name":"ModelSetRunClock", "ph":"B", "ts":"1020841603", "pid":"1", "tid":"mom"},
{"name":"ModelSetRunClock", "ph":"E", "ts":"1020841804", "pid":"1", "tid":"mom"},
{"name":"ModelAdvance", "ph":"B", "ts":"1020841998", "pid":"1", "tid":"mom"},
{"name":"ModelAdvance", "ph":"E", "ts":"1047349365", "pid":"1", "tid":"mom"},
{"name":"ModelSetRunClock", "ph":"B", "ts":"1057478702", "pid":"1", "tid":"mom"},
{"name":"ModelSetRunClock", "ph":"E", "ts":"1057478903", "pid":"1", "tid":"mom"},
{"name":"ModelAdvance", "ph":"B", "ts":"1057479074", "pid":"1", "tid":"mom"},
{"name":"ModelAdvance", "ph":"E", "ts":"1072633257", "pid":"1", "tid":"mom"},
{"name":"ModelSetRunClock", "ph":"B", "ts":"1096041628", "pid":"1", "tid":"mom"},
{"name":"ModelSetRunClock", "ph":"E", "ts":"1096041851", "pid":"1", "tid":"mom"},
{"name":"ModelAdvance", "ph":"B", "ts":"1096042064", "pid":"1", "tid":"mom"},
{"name":"ModelAdvance", "ph":"E", "ts":"1120295469", "pid":"1", "tid":"mom"},
{"name":"ModelSetRunClock", "ph":"B", "ts":"1134156557", "pid":"1", "tid":"mom"},
{"name":"ModelSetRunClock", "ph":"E", "ts":"1134156752", "pid":"1", "tid":"mom"},
{"name":"ModelAdvance", "ph":"B", "ts":"1134156917", "pid":"1", "tid":"mom"},
{"name":"ModelAdvance", "ph":"E", "ts":"1149167533", "pid":"1", "tid":"mom"},
{"name":"ModelSetRunClock", "ph":"B", "ts":"1168805171", "pid":"1", "tid":"mom"},
{"name":"ModelSetRunClock", "ph":"E", "ts":"1168805350", "pid":"1", "tid":"mom"},
{"name":"ModelAdvance", "ph":"B", "ts":"1168805502", "pid":"1", "tid":"mom"},
{"name":"ModelAdvance", "ph":"E", "ts":"1193970096", "pid":"1", "tid":"mom"},
{"name":"ModelSetRunClock", "ph":"B", "ts":"1206267272", "pid":"1", "tid":"mom"},
{"name":"ModelSetRunClock", "ph":"E", "ts":"1206267454", "pid":"1", "tid":"mom"},
{"name":"ModelAdvance", "ph":"B", "ts":"1206267619", "pid":"1", "tid":"mom"},
{"name":"ModelAdvance", "ph":"E", "ts":"1221295024", "pid":"1", "tid":"mom"},
{"name":"ModelSetRunClock", "ph":"B", "ts":"1241049083", "pid":"1", "tid":"mom"},
{"name":"ModelSetRunClock", "ph":"E", "ts":"1241049330", "pid":"1", "tid":"mom"},
{"name":"ModelAdvance", "ph":"B", "ts":"1241049573", "pid":"1", "tid":"mom"},
{"name":"ModelAdvance", "ph":"E", "ts":"1266167432", "pid":"1", "tid":"mom"},
{"name":"ModelSetRunClock", "ph":"B", "ts":"1280238147", "pid":"1", "tid":"mom"},
{"name":"ModelSetRunClock", "ph":"E", "ts":"1280238224", "pid":"1", "tid":"mom"},
{"name":"ModelAdvance", "ph":"B", "ts":"1280238388", "pid":"1", "tid":"mom"},
{"name":"ModelAdvance", "ph":"E", "ts":"1321254010", "pid":"1", "tid":"mom"},
{"name":"ModelSetRunClock", "ph":"B", "ts":"1331135909", "pid":"1", "tid":"mom"},
{"name":"ModelSetRunClock", "ph":"E", "ts":"1331135980", "pid":"1", "tid":"mom"},
{"name":"ModelAdvance", "ph":"B", "ts":"1331136138", "pid":"1", "tid":"mom"},
{"name":"ModelAdvance", "ph":"E", "ts":"1355891756", "pid":"1", "tid":"mom"},
{"name":"ModelSetRunClock", "ph":"B", "ts":"1368010084", "pid":"1", "tid":"mom"},
{"name":"ModelSetRunClock", "ph":"E", "ts":"1368010161", "pid":"1", "tid":"mom"},
{"name":"ModelAdvance", "ph":"B", "ts":"1368010320", "pid":"1", "tid":"mom"},
{"name":"ModelAdvance", "ph":"E", "ts":"1382585724", "pid":"1", "tid":"mom"},
{"name":"ModelSetRunClock", "ph":"B", "ts":"1402761055", "pid":"1", "tid":"mom"},
{"name":"ModelSetRunClock", "ph":"E", "ts":"1402761409", "pid":"1", "tid":"mom"},
{"name":"ModelAdvance", "ph":"B", "ts":"1402761664", "pid":"1", "tid":"mom"},
{"name":"ModelAdvance", "ph":"E", "ts":"1427551815", "pid":"1", "tid":"mom"},
{"name":"ModelSetRunClock", "ph":"B", "ts":"1441142147", "pid":"1", "tid":"mom"},
{"name":"ModelSetRunClock", "ph":"E", "ts":"1441142342", "pid":"1", "tid":"mom"},
{"name":"ModelAdvance", "ph":"B", "ts":"1441142500", "pid":"1", "tid":"mom"},
{"name":"ModelAdvance", "ph":"E", "ts":"1455752578", "pid":"1", "tid":"mom"},
{"name":"ModelSetRunClock", "ph":"B", "ts":"1475916904", "pid":"1", "tid":"mom"},
{"name":"ModelSetRunClock", "ph":"E", "ts":"1475917154", "pid":"1", "tid":"mom"},
{"name":"ModelAdvance", "ph":"B", "ts":"1475917334", "pid":"1", "tid":"mom"},
{"name":"ModelAdvance", "ph":"E", "ts":"1500692842", "pid":"1", "tid":"mom"},
{"name":"ModelSetRunClock", "ph":"B", "ts":"1513967043", "pid":"1", "tid":"mom"},
{"name":"ModelSetRunClock", "ph":"E", "ts":"1513967240", "pid":"1", "tid":"mom"},
{"name":"ModelAdvance", "ph":"B", "ts":"1513967416", "pid":"1", "tid":"mom"},
{"name":"ModelAdvance", "ph":"E", "ts":"1550297519", "pid":"1", "tid":"mom"},
{"name":"ModelSetRunClock", "ph":"B", "ts":"1563865711", "pid":"1", "tid":"mom"},
{"name":"ModelSetRunClock", "ph":"E", "ts":"1563865779", "pid":"1", "tid":"mom"},
{"name":"ModelAdvance", "ph":"B", "ts":"1563865965", "pid":"1", "tid":"mom"},
{"name":"ModelAdvance", "ph":"E", "ts":"1588544545", "pid":"1", "tid":"mom"},
{"name":"ModelSetRunClock", "ph":"B", "ts":"1600639985", "pid":"1", "tid":"mom"},
{"name":"ModelSetRunClock", "ph":"E", "ts":"1600640157", "pid":"1", "tid":"mom"},
{"name":"ModelAdvance", "ph":"B", "ts":"1600640338", "pid":"1", "tid":"mom"},
{"name":"ModelAdvance", "ph":"E", "ts":"1615250431", "pid":"1", "tid":"mom"},
{"name":"ModelSetRunClock", "ph":"B", "ts":"1635440565", "pid":"1", "tid":"mom"},
{"name":"ModelSetRunClock", "ph":"E", "ts":"1635440743", "pid":"1", "tid":"mom"},
{"name":"ModelAdvance", "ph":"B", "ts":"1635440896", "pid":"1", "tid":"mom"},
{"name":"ModelAdvance", "ph":"E", "ts":"1660562003", "pid":"1", "tid":"mom"},
{"name":"ModelSetRunClock", "ph":"B", "ts":"1673503010", "pid":"1", "tid":"mom"},
{"name":"ModelSetRunClock", "ph":"E", "ts":"1673503203", "pid":"1", "tid":"mom"},
{"name":"ModelAdvance", "ph":"B", "ts":"1673503370", "pid":"1", "tid":"mom"},
{"name":"ModelAdvance", "ph":"E", "ts":"1688138633", "pid":"1", "tid":"mom"},
{"name":"ModelSetRunClock", "ph":"B", "ts":"1708073811", "pid":"1", "tid":"mom"},
{"name":"ModelSetRunClock", "ph":"E", "ts":"1708074014", "pid":"1", "tid":"mom"},
{"name":"ModelAdvance", "ph":"B", "ts":"1708074171", "pid":"1", "tid":"mom"},
{"name":"ModelAdvance", "ph":"E", "ts":"1733278990", "pid":"1", "tid":"mom"},
{"name":"ModelSetRunClock", "ph":"B", "ts":"1746148611", "pid":"1", "tid":"mom"},
{"name":"ModelSetRunClock", "ph":"E", "ts":"1746148806", "pid":"1", "tid":"mom"},
{"name":"ModelAdvance", "ph":"B", "ts":"1746148970", "pid":"1", "tid":"mom"},
{"name":"ModelAdvance", "ph":"E", "ts":"1782754658", "pid":"1", "tid":"mom"},
{"name":"ocean_model_finalize", "ph":"B", "ts":"1782760116", "pid":"1", "tid":"mom"},
{"name":"ocean_model_finalize", "ph":"E", "ts":"1793353583", "pid":"1", "tid":"mom"},
