{"name":"SetServices", "ph":"B", "ts":"648928757", "pid":"1", "tid":"cice"},
{"name":"SetServices", "ph":"E", "ts":"648930545", "pid":"1", "tid":"cice"},
{"name":"InitializeP0", "ph":"B", "ts":"648980732", "pid":"1", "tid":"cice"},
{"name":"InitializeP0", "ph":"E", "ts":"648980846", "pid":"1", "tid":"cice"},
{"name":"InitializeAdvertise", "ph":"B", "ts":"652587101", "pid":"1", "tid":"cice"},
{"name":"InitializeAdvertise", "ph":"E", "ts":"657918925", "pid":"1", "tid":"cice"},
{"name":"InitializeRealize", "ph":"B", "ts":"774388913", "pid":"1", "tid":"cice"},
{"name":"InitializeRealize", "ph":"E", "ts":"787747841", "pid":"1", "tid":"cice"},
{"name":"ModelAdvance", "ph":"B", "ts":"867032983", "pid":"1", "tid":"cice"},
{"name":"ModelAdvance", "ph":"E", "ts":"869681118", "pid":"1", "tid":"cice"},
{"name":"ModelAdvance", "ph":"B", "ts":"883302289", "pid":"1", "tid":"cice"},
{"name":"ModelAdvance", "ph":"E", "ts":"885840864", "pid":"1", "tid":"cice"},
{"name":"ModelAdvance", "ph":"B", "ts":"886254765", "pid":"1", "tid":"cice"},
{"name":"ModelAdvance", "ph":"E", "ts":"888700964", "pid":"1", "tid":"cice"},
{"name":"ModelAdvance", "ph":"B", "ts":"889120871", "pid":"1", "tid":"cice"},
{"name":"ModelAdvance", "ph":"E", "ts":"891558124", "pid":"1", "tid":"cice"},
{"name":"ModelAdvance", "ph":"B", "ts":"891976254", "pid":"1", "tid":"cice"},
{"name":"ModelAdvance", "ph":"E", "ts":"894422098", "pid":"1", "tid":"cice"},
{"name":"ModelAdvance", "ph":"B", "ts":"894866753", "pid":"1", "tid":"cice"},
{"name":"ModelAdvance", "ph":"E", "ts":"897276718", "pid":"1", "tid":"cice"},
{"name":"ModelAdvance", "ph":"B", "ts":"897715936", "pid":"1", "tid":"cice"},
{"name":"ModelAdvance", "ph":"E", "ts":"900126856", "pid":"1", "tid":"cice"},
{"name":"ModelAdvance", "ph":"B", "ts":"900476159", "pid":"1", "tid":"cice"},
{"name":"ModelAdvance", "ph":"E", "ts":"902975375", "pid":"1", "tid":"cice"},
{"name":"ModelAdvance", "ph":"B", "ts":"903374520", "pid":"1", "tid":"cice"},
{"name":"ModelAdvance", "ph":"E", "ts":"905827814", "pid":"1", "tid":"cice"},
{"name":"ModelAdvance", "ph":"B", "ts":"906193709", "pid":"1", "tid":"cice"},
{"name":"ModelAdvance", "ph":"E", "ts":"908724356", "pid":"1", "tid":"cice"},
{"name":"ModelAdvance", "ph":"B", "ts":"909183773", "pid":"1", "tid":"cice"},
{"name":"ModelAdvance", "ph":"E", "ts":"911582342", "pid":"1", "tid":"cice"},
{"name":"ModelAdvance", "ph":"B", "ts":"911986489", "pid":"1", "tid":"cice"},
{"name":"ModelAdvance", "ph":"E", "ts":"914463646", "pid":"1", "tid":"cice"},
{"name":"ModelAdvance", "ph":"B", "ts":"915127570", "pid":"1", "tid":"cice"},
{"name":"ModelAdvance", "ph":"E", "ts":"917650224", "pid":"1", "tid":"cice"},
{"name":"ModelAdvance", "ph":"B", "ts":"917969967", "pid":"1", "tid":"cice"},
{"name":"ModelAdvance", "ph":"E", "ts":"920485985", "pid":"1", "tid":"cice"},
{"name":"ModelAdvance", "ph":"B", "ts":"920863176", "pid":"1", "tid":"cice"},
{"name":"ModelAdvance", "ph":"E", "ts":"923379580", "pid":"1", "tid":"cice"},
{"name":"ModelAdvance", "ph":"B", "ts":"923735272", "pid":"1", "tid":"cice"},
{"name":"ModelAdvance", "ph":"E", "ts":"926231449", "pid":"1", "tid":"cice"},
{"name":"ModelAdvance", "ph":"B", "ts":"926663372", "pid":"1", "tid":"cice"},
{"name":"ModelAdvance", "ph":"E", "ts":"929086411", "pid":"1", "tid":"cice"},
{"name":"ModelAdvance", "ph":"B", "ts":"929459385", "pid":"1", "tid":"cice"},
{"name":"ModelAdvance", "ph":"E", "ts":"931919964", "pid":"1", "tid":"cice"},
{"name":"ModelAdvance", "ph":"B", "ts":"932297205", "pid":"1", "tid":"cice"},
{"name":"ModelAdvance", "ph":"E", "ts":"934785160", "pid":"1", "tid":"cice"},
{"name":"ModelAdvance", "ph":"B", "ts":"935179247", "pid":"1", "tid":"cice"},
{"name":"ModelAdvance", "ph":"E", "ts":"937624481", "pid":"1", "tid":"cice"},
{"name":"ModelAdvance", "ph":"B", "ts":"938022170", "pid":"1", "tid":"cice"},
{"name":"ModelAdvance", "ph":"E", "ts":"940467441", "pid":"1", "tid":"cice"},
{"name":"ModelAdvance", "ph":"B", "ts":"940881976", "pid":"1", "tid":"cice"},
{"name":"ModelAdvance", "ph":"E", "ts":"943324523", "pid":"1", "tid":"cice"},
{"name":"ModelAdvance", "ph":"B", "ts":"943733830", "pid":"1", "tid":"cice"},
{"name":"ModelAdvance", "ph":"E", "ts":"946172050", "pid":"1", "tid":"cice"},
{"name":"ModelAdvance", "ph":"B", "ts":"946574085", "pid":"1", "tid":"cice"},
{"name":"ModelAdvance", "ph":"E", "ts":"949046975", "pid":"1", "tid":"cice"},
{"name":"ModelAdvance", "ph":"B", "ts":"949520698", "pid":"1", "tid":"cice"},
{"name":"ModelAdvance", "ph":"E", "ts":"952018841", "pid":"1", "tid":"cice"},
{"name":"ModelAdvance", "ph":"B", "ts":"954660640", "pid":"1", "tid":"cice"},
{"name":"ModelAdvance", "ph":"E", "ts":"957191527", "pid":"1", "tid":"cice"},
{"name":"ModelAdvance", "ph":"B", "ts":"957561968", "pid":"1", "tid":"cice"},
{"name":"ModelAdvance", "ph":"E", "ts":"960052391", "pid":"1", "tid":"cice"},
{"name":"ModelAdvance", "ph":"B", "ts":"960450154", "pid":"1", "tid":"cice"},
{"name":"ModelAdvance", "ph":"E", "ts":"962913603", "pid":"1", "tid":"cice"},
{"name":"ModelAdvance", "ph":"B", "ts":"963328198", "pid":"1", "tid":"cice"},
{"name":"ModelAdvance", "ph":"E", "ts":"965754358", "pid":"1", "tid":"cice"},
{"name":"ModelAdvance", "ph":"B", "ts":"966138964", "pid":"1", "tid":"cice"},
{"name":"ModelAdvance", "ph":"E", "ts":"968561192", "pid":"1", "tid":"cice"},
{"name":"ModelAdvance", "ph":"B", "ts":"968973177", "pid":"1", "tid":"cice"},
{"name":"ModelAdvance", "ph":"E", "ts":"971401191", "pid":"1", "tid":"cice"},
{"name":"ModelAdvance", "ph":"B", "ts":"971799167", "pid":"1", "tid":"cice"},
{"name":"ModelAdvance", "ph":"E", "ts":"974218896", "pid":"1", "tid":"cice"},
{"name":"ModelAdvance", "ph":"B", "ts":"974668176", "pid":"1", "tid":"cice"},
{"name":"ModelAdvance", "ph":"E", "ts":"977096974", "pid":"1", "tid":"cice"},
{"name":"ModelAdvance", "ph":"B", "ts":"977471999", "pid":"1", "tid":"cice"},
{"name":"ModelAdvance", "ph":"E", "ts":"979930421", "pid":"1", "tid":"cice"},
{"name":"ModelAdvance", "ph":"B", "ts":"980376213", "pid":"1", "tid":"cice"},
{"name":"ModelAdvance", "ph":"E", "ts":"982829799", "pid":"1", "tid":"cice"},
{"name":"ModelAdvance", "ph":"B", "ts":"983262704", "pid":"1", "tid":"cice"},
{"name":"ModelAdvance", "ph":"E", "ts":"985724085", "pid":"1", "tid":"cice"},
{"name":"ModelAdvance", "ph":"B", "ts":"986559916", "pid":"1", "tid":"cice"},
{"name":"ModelAdvance", "ph":"E", "ts":"989063674", "pid":"1", "tid":"cice"},
{"name":"ModelAdvance", "ph":"B", "ts":"989457891", "pid":"1", "tid":"cice"},
{"name":"ModelAdvance", "ph":"E", "ts":"991947906", "pid":"1", "tid":"cice"},
{"name":"ModelAdvance", "ph":"B", "ts":"992305612", "pid":"1", "tid":"cice"},
{"name":"ModelAdvance", "ph":"E", "ts":"994833718", "pid":"1", "tid":"cice"},
{"name":"ModelAdvance", "ph":"B", "ts":"995169513", "pid":"1", "tid":"cice"},
{"name":"ModelAdvance", "ph":"E", "ts":"997670236", "pid":"1", "tid":"cice"},
{"name":"ModelAdvance", "ph":"B", "ts":"998056229", "pid":"1", "tid":"cice"},
{"name":"ModelAdvance", "ph":"E", "ts":"1000524715", "pid":"1", "tid":"cice"},
{"name":"ModelAdvance", "ph":"B", "ts":"1000919543", "pid":"1", "tid":"cice"},
{"name":"ModelAdvance", "ph":"E", "ts":"1003367683", "pid":"1", "tid":"cice"},
{"name":"ModelAdvance", "ph":"B", "ts":"1003754983", "pid":"1", "tid":"cice"},
{"name":"ModelAdvance", "ph":"E", "ts":"1006236023", "pid":"1", "tid":"cice"},
{"name":"ModelAdvance", "ph":"B", "ts":"1006620005", "pid":"1", "tid":"cice"},
{"name":"ModelAdvance", "ph":"E", "ts":"1009082257", "pid":"1", "tid":"cice"},
{"name":"ModelAdvance", "ph":"B", "ts":"1009507721", "pid":"1", "tid":"cice"},
{"name":"ModelAdvance", "ph":"E", "ts":"1011946871", "pid":"1", "tid":"cice"},
{"name":"ModelAdvance", "ph":"B", "ts":"1012356820", "pid":"1", "tid":"cice"},
{"name":"ModelAdvance", "ph":"E", "ts":"1014810765", "pid":"1", "tid":"cice"},
{"name":"ModelAdvance", "ph":"B", "ts":"1015233532", "pid":"1", "tid":"cice"},
{"name":"ModelAdvance", "ph":"E", "ts":"1017650033", "pid":"1", "tid":"cice"},
{"name":"ModelAdvance", "ph":"B", "ts":"1018080464", "pid":"1", "tid":"cice"},
{"name":"ModelAdvance", "ph":"E", "ts":"1020511305", "pid":"1", "tid":"cice"},
{"name":"ModelAdvance", "ph":"B", "ts":"1020904261", "pid":"1", "tid":"cice"},
{"name":"ModelAdvance", "ph":"E", "ts":"1023463377", "pid":"1", "tid":"cice"},
{"name":"ModelAdvance", "ph":"B", "ts":"1026157949", "pid":"1", "tid":"cice"},
{"name":"ModelAdvance", "ph":"E", "ts":"1028656090", "pid":"1", "tid":"cice"},
{"name":"ModelAdvance", "ph":"B", "ts":"1029075021", "pid":"1", "tid":"cice"},
{"name":"ModelAdvance", "ph":"E", "ts":"1031535249", "pid":"1", "tid":"cice"},
{"name":"ModelAdvance", "ph":"B", "ts":"1031940197", "pid":"1", "tid":"cice"},
{"name":"ModelAdvance", "ph":"E", "ts":"1034409597", "pid":"1", "tid":"cice"},
{"name":"ModelAdvance", "ph":"B", "ts":"1034834005", "pid":"1", "tid":"cice"},
{"name":"ModelAdvance", "ph":"E", "ts":"1037204766", "pid":"1", "tid":"cice"},
{"name":"ModelAdvance", "ph":"B", "ts":"1037596264", "pid":"1", "tid":"cice"},
{"name":"ModelAdvance", "ph":"E", "ts":"1040060084", "pid":"1", "tid":"cice"},
{"name":"ModelAdvance", "ph":"B", "ts":"1040439729", "pid":"1", "tid":"cice"},
{"name":"ModelAdvance", "ph":"E", "ts":"1042869601", "pid":"1", "tid":"cice"},
{"name":"ModelAdvance", "ph":"B", "ts":"1043258663", "pid":"1", "tid":"cice"},
{"name":"ModelAdvance", "ph":"E", "ts":"1045707442", "pid":"1", "tid":"cice"},
{"name":"ModelAdvance", "ph":"B", "ts":"1046104294", "pid":"1", "tid":"cice"},
{"name":"ModelAdvance", "ph":"E", "ts":"1048521161", "pid":"1", "tid":"cice"},
{"name":"ModelAdvance", "ph":"B", "ts":"1048957391", "pid":"1", "tid":"cice"},
{"name":"ModelAdvance", "ph":"E", "ts":"1051395660", "pid":"1", "tid":"cice"},
{"name":"ModelAdvance", "ph":"B", "ts":"1051811536", "pid":"1", "tid":"cice"},
{"name":"ModelAdvance", "ph":"E", "ts":"1054264900", "pid":"1", "tid":"cice"},
{"name":"ModelAdvance", "ph":"B", "ts":"1054661993", "pid":"1", "tid":"cice"},
{"name":"ModelAdvance", "ph":"E", "ts":"1057148221", "pid":"1", "tid":"cice"},
{"name":"ModelAdvance", "ph":"B", "ts":"1057586784", "pid":"1", "tid":"cice"},
{"name":"ModelAdvance", "ph":"E", "ts":"1060086063", "pid":"1", "tid":"cice"},
{"name":"ModelAdvance", "ph":"B", "ts":"1060502739", "pid":"1", "tid":"cice"},
{"name":"ModelAdvance", "ph":"E", "ts":"1063004893", "pid":"1", "tid":"cice"},
{"name":"ModelAdvance", "ph":"B", "ts":"1063386052", "pid":"1", "tid":"cice"},
{"name":"ModelAdvance", "ph":"E", "ts":"1065943998", "pid":"1", "tid":"cice"},
{"name":"ModelAdvance", "ph":"B", "ts":"1066281288", "pid":"1", "tid":"cice"},
{"name":"ModelAdvance", "ph":"E", "ts":"1068738348", "pid":"1", "tid":"cice"},
{"name":"ModelAdvance", "ph":"B", "ts":"1069165066", "pid":"1", "tid":"cice"},
{"name":"ModelAdvance", "ph":"E", "ts":"1071604593", "pid":"1", "tid":"cice"},
{"name":"ModelAdvance", "ph":"B", "ts":"1072001142", "pid":"1", "tid":"cice"},
{"name":"ModelAdvance", "ph":"E", "ts":"1074452085", "pid":"1", "tid":"cice"},
{"name":"ModelAdvance", "ph":"B", "ts":"1074894695", "pid":"1", "tid":"cice"},
{"name":"ModelAdvance", "ph":"E", "ts":"1077359330", "pid":"1", "tid":"cice"},
{"name":"ModelAdvance", "ph":"B", "ts":"1077771783", "pid":"1", "tid":"cice"},
{"name":"ModelAdvance", "ph":"E", "ts":"1080220087", "pid":"1", "tid":"cice"},
{"name":"ModelAdvance", "ph":"B", "ts":"1080647539", "pid":"1", "tid":"cice"},
{"name":"ModelAdvance", "ph":"E", "ts":"1083096959", "pid":"1", "tid":"cice"},
{"name":"ModelAdvance", "ph":"B", "ts":"1083511477", "pid":"1", "tid":"cice"},
{"name":"ModelAdvance", "ph":"E", "ts":"1085968484", "pid":"1", "tid":"cice"},
{"name":"ModelAdvance", "ph":"B", "ts":"1086350927", "pid":"1", "tid":"cice"},
{"name":"ModelAdvance", "ph":"E", "ts":"1088830047", "pid":"1", "tid":"cice"},
{"name":"ModelAdvance", "ph":"B", "ts":"1089265042", "pid":"1", "tid":"cice"},
{"name":"ModelAdvance", "ph":"E", "ts":"1093732060", "pid":"1", "tid":"cice"},
{"name":"ModelAdvance", "ph":"B", "ts":"1096094001", "pid":"1", "tid":"cice"},
{"name":"ModelAdvance", "ph":"E", "ts":"1098858304", "pid":"1", "tid":"cice"},
{"name":"ModelAdvance", "ph":"B", "ts":"1102560313", "pid":"1", "tid":"cice"},
{"name":"ModelAdvance", "ph":"E", "ts":"1104989286", "pid":"1", "tid":"cice"},
{"name":"ModelAdvance", "ph":"B", "ts":"1105405306", "pid":"1", "tid":"cice"},
{"name":"ModelAdvance", "ph":"E", "ts":"1108016376", "pid":"1", "tid":"cice"},
{"name":"ModelAdvance", "ph":"B", "ts":"1108430649", "pid":"1", "tid":"cice"},
{"name":"ModelAdvance", "ph":"E", "ts":"1110973880", "pid":"1", "tid":"cice"},
{"name":"ModelAdvance", "ph":"B", "ts":"1111377627", "pid":"1", "tid":"cice"},
{"name":"ModelAdvance", "ph":"E", "ts":"1113842230", "pid":"1", "tid":"cice"},
{"name":"ModelAdvance", "ph":"B", "ts":"1114239941", "pid":"1", "tid":"cice"},
{"name":"ModelAdvance", "ph":"E", "ts":"1116655344", "pid":"1", "tid":"cice"},
{"name":"ModelAdvance", "ph":"B", "ts":"1117074550", "pid":"1", "tid":"cice"},
{"name":"ModelAdvance", "ph":"E", "ts":"1119462991", "pid":"1", "tid":"cice"},
{"name":"ModelAdvance", "ph":"B", "ts":"1119869154", "pid":"1", "tid":"cice"},
{"name":"ModelAdvance", "ph":"E", "ts":"1122275205", "pid":"1", "tid":"cice"},
{"name":"ModelAdvance", "ph":"B", "ts":"1122710614", "pid":"1", "tid":"cice"},
{"name":"ModelAdvance", "ph":"E", "ts":"1125152287", "pid":"1", "tid":"cice"},
{"name":"ModelAdvance", "ph":"B", "ts":"1125601575", "pid":"1", "tid":"cice"},
{"name":"ModelAdvance", "ph":"E", "ts":"1128025151", "pid":"1", "tid":"cice"},
{"name":"ModelAdvance", "ph":"B", "ts":"1128461974", "pid":"1", "tid":"cice"},
{"name":"ModelAdvance", "ph":"E", "ts":"1130894565", "pid":"1", "tid":"cice"},
{"name":"ModelAdvance", "ph":"B", "ts":"1131381823", "pid":"1", "tid":"cice"},
{"name":"ModelAdvance", "ph":"E", "ts":"1133804049", "pid":"1", "tid":"cice"},
{"name":"ModelAdvance", "ph":"B", "ts":"1134217615", "pid":"1", "tid":"cice"},
{"name":"ModelAdvance", "ph":"E", "ts":"1136770054", "pid":"1", "tid":"cice"},
{"name":"ModelAdvance", "ph":"B", "ts":"1137131629", "pid":"1", "tid":"cice"},
{"name":"ModelAdvance", "ph":"E", "ts":"1139632828", "pid":"1", "tid":"cice"},
{"name":"ModelAdvance", "ph":"B", "ts":"1140058433", "pid":"1", "tid":"cice"},
{"name":"ModelAdvance", "ph":"E", "ts":"1142545586", "pid":"1", "tid":"cice"},
{"name":"ModelAdvance", "ph":"B", "ts":"1142910992", "pid":"1", "tid":"cice"},
{"name":"ModelAdvance", "ph":"E", "ts":"1145387412", "pid":"1", "tid":"cice"},
{"name":"ModelAdvance", "ph":"B", "ts":"1145812238", "pid":"1", "tid":"cice"},
{"name":"ModelAdvance", "ph":"E", "ts":"1148271363", "pid":"1", "tid":"cice"},
{"name":"ModelAdvance", "ph":"B", "ts":"1148678767", "pid":"1", "tid":"cice"},
{"name":"ModelAdvance", "ph":"E", "ts":"1151145059", "pid":"1", "tid":"cice"},
{"name":"ModelAdvance", "ph":"B", "ts":"1151588300", "pid":"1", "tid":"cice"},
{"name":"ModelAdvance", "ph":"E", "ts":"1154011074", "pid":"1", "tid":"cice"},
{"name":"ModelAdvance", "ph":"B", "ts":"1154433630", "pid":"1", "tid":"cice"},
{"name":"ModelAdvance", "ph":"E", "ts":"1156882889", "pid":"1", "tid":"cice"},
{"name":"ModelAdvance", "ph":"B", "ts":"1157304280", "pid":"1", "tid":"cice"},
{"name":"ModelAdvance", "ph":"E", "ts":"1159745667", "pid":"1", "tid":"cice"},
{"name":"ModelAdvance", "ph":"B", "ts":"1160203926", "pid":"1", "tid":"cice"},
{"name":"ModelAdvance", "ph":"E", "ts":"1162618259", "pid":"1", "tid":"cice"},
{"name":"ModelAdvance", "ph":"B", "ts":"1163055465", "pid":"1", "tid":"cice"},
{"name":"ModelAdvance", "ph":"E", "ts":"1165507765", "pid":"1", "tid":"cice"},
{"name":"ModelAdvance", "ph":"B", "ts":"1165959523", "pid":"1", "tid":"cice"},
{"name":"ModelAdvance", "ph":"E", "ts":"1168404320", "pid":"1", "tid":"cice"},
{"name":"ModelAdvance", "ph":"B", "ts":"1168893733", "pid":"1", "tid":"cice"},
{"name":"ModelAdvance", "ph":"E", "ts":"1171610337", "pid":"1", "tid":"cice"},
{"name":"ModelAdvance", "ph":"B", "ts":"1174771379", "pid":"1", "tid":"cice"},
{"name":"ModelAdvance", "ph":"E", "ts":"1177267869", "pid":"1", "tid":"cice"},
{"name":"ModelAdvance", "ph":"B", "ts":"1177589995", "pid":"1", "tid":"cice"},
{"name":"ModelAdvance", "ph":"E", "ts":"1180133347", "pid":"1", "tid":"cice"},
{"name":"ModelAdvance", "ph":"B", "ts":"1180590620", "pid":"1", "tid":"cice"},
{"name":"ModelAdvance", "ph":"E", "ts":"1183060840", "pid":"1", "tid":"cice"},
{"name":"ModelAdvance", "ph":"B", "ts":"1183450047", "pid":"1", "tid":"cice"},
{"name":"ModelAdvance", "ph":"E", "ts":"1185933988", "pid":"1", "tid":"cice"},
{"name":"ModelAdvance", "ph":"B", "ts":"1186316232", "pid":"1", "tid":"cice"},
{"name":"ModelAdvance", "ph":"E", "ts":"1188810547", "pid":"1", "tid":"cice"},
{"name":"ModelAdvance", "ph":"B", "ts":"1189218247", "pid":"1", "tid":"cice"},
{"name":"ModelAdvance", "ph":"E", "ts":"1191619107", "pid":"1", "tid":"cice"},
{"name":"ModelAdvance", "ph":"B", "ts":"1192021581", "pid":"1", "tid":"cice"},
{"name":"ModelAdvance", "ph":"E", "ts":"1194444199", "pid":"1", "tid":"cice"},
{"name":"ModelAdvance", "ph":"B", "ts":"1194884111", "pid":"1", "tid":"cice"},
{"name":"ModelAdvance", "ph":"E", "ts":"1197316592", "pid":"1", "tid":"cice"},
{"name":"ModelAdvance", "ph":"B", "ts":"1197756216", "pid":"1", "tid":"cice"},
{"name":"ModelAdvance", "ph":"E", "ts":"1200180889", "pid":"1", "tid":"cice"},
{"name":"ModelAdvance", "ph":"B", "ts":"1200581046", "pid":"1", "tid":"cice"},
{"name":"ModelAdvance", "ph":"E", "ts":"1203055938", "pid":"1", "tid":"cice"},
{"name":"ModelAdvance", "ph":"B", "ts":"1203493736", "pid":"1", "tid":"cice"},
{"name":"ModelAdvance", "ph":"E", "ts":"1205924182", "pid":"1", "tid":"cice"},
{"name":"ModelAdvance", "ph":"B", "ts":"1206393632", "pid":"1", "tid":"cice"},
{"name":"ModelAdvance", "ph":"E", "ts":"1208868487", "pid":"1", "tid":"cice"},
{"name":"ModelAdvance", "ph":"B", "ts":"1209235988", "pid":"1", "tid":"cice"},
{"name":"ModelAdvance", "ph":"E", "ts":"1211747153", "pid":"1", "tid":"cice"},
{"name":"ModelAdvance", "ph":"B", "ts":"1212127249", "pid":"1", "tid":"cice"},
{"name":"ModelAdvance", "ph":"E", "ts":"1214657965", "pid":"1", "tid":"cice"},
{"name":"ModelAdvance", "ph":"B", "ts":"1215021030", "pid":"1", "tid":"cice"},
{"name":"ModelAdvance", "ph":"E", "ts":"1217518182", "pid":"1", "tid":"cice"},
{"name":"ModelAdvance", "ph":"B", "ts":"1217901537", "pid":"1", "tid":"cice"},
{"name":"ModelAdvance", "ph":"E", "ts":"1220408569", "pid":"1", "tid":"cice"},
{"name":"ModelAdvance", "ph":"B", "ts":"1220747792", "pid":"1", "tid":"cice"},
{"name":"ModelAdvance", "ph":"E", "ts":"1223293592", "pid":"1", "tid":"cice"},
{"name":"ModelAdvance", "ph":"B", "ts":"1223750711", "pid":"1", "tid":"cice"},
{"name":"ModelAdvance", "ph":"E", "ts":"1226199159", "pid":"1", "tid":"cice"},
{"name":"ModelAdvance", "ph":"B", "ts":"1226657443", "pid":"1", "tid":"cice"},
{"name":"ModelAdvance", "ph":"E", "ts":"1229086275", "pid":"1", "tid":"cice"},
{"name":"ModelAdvance", "ph":"B", "ts":"1229535314", "pid":"1", "tid":"cice"},
{"name":"ModelAdvance", "ph":"E", "ts":"1231964137", "pid":"1", "tid":"cice"},
{"name":"ModelAdvance", "ph":"B", "ts":"1232395849", "pid":"1", "tid":"cice"},
{"name":"ModelAdvance", "ph":"E", "ts":"1234854685", "pid":"1", "tid":"cice"},
{"name":"ModelAdvance", "ph":"B", "ts":"1235290324", "pid":"1", "tid":"cice"},
{"name":"ModelAdvance", "ph":"E", "ts":"1237731253", "pid":"1", "tid":"cice"},
{"name":"ModelAdvance", "ph":"B", "ts":"1238213275", "pid":"1", "tid":"cice"},
{"name":"ModelAdvance", "ph":"E", "ts":"1240617630", "pid":"1", "tid":"cice"},
{"name":"ModelAdvance", "ph":"B", "ts":"1241094754", "pid":"1", "tid":"cice"},
{"name":"ModelAdvance", "ph":"E", "ts":"1243852323", "pid":"1", "tid":"cice"},
{"name":"ModelAdvance", "ph":"B", "ts":"1247228931", "pid":"1", "tid":"cice"},
{"name":"ModelAdvance", "ph":"E", "ts":"1249669509", "pid":"1", "tid":"cice"},
{"name":"ModelAdvance", "ph":"B", "ts":"1249999905", "pid":"1", "tid":"cice"},
{"name":"ModelAdvance", "ph":"E", "ts":"1252528110", "pid":"1", "tid":"cice"},
{"name":"ModelAdvance", "ph":"B", "ts":"1252999756", "pid":"1", "tid":"cice"},
{"name":"ModelAdvance", "ph":"E", "ts":"1255474565", "pid":"1", "tid":"cice"},
{"name":"ModelAdvance", "ph":"B", "ts":"1255925670", "pid":"1", "tid":"cice"},
{"name":"ModelAdvance", "ph":"E", "ts":"1258399448", "pid":"1", "tid":"cice"},
{"name":"ModelAdvance", "ph":"B", "ts":"1258794713", "pid":"1", "tid":"cice"},
{"name":"ModelAdvance", "ph":"E", "ts":"1261235737", "pid":"1", "tid":"cice"},
{"name":"ModelAdvance", "ph":"B", "ts":"1261635413", "pid":"1", "tid":"cice"},
{"name":"ModelAdvance", "ph":"E", "ts":"1264048425", "pid":"1", "tid":"cice"},
{"name":"ModelAdvance", "ph":"B", "ts":"1264463130", "pid":"1", "tid":"cice"},
{"name":"ModelAdvance", "ph":"E", "ts":"1266845592", "pid":"1", "tid":"cice"},
{"name":"ModelAdvance", "ph":"B", "ts":"1267311069", "pid":"1", "tid":"cice"},
{"name":"ModelAdvance", "ph":"E", "ts":"1271236874", "pid":"1", "tid":"cice"},
{"name":"ModelAdvance", "ph":"B", "ts":"1271684604", "pid":"1", "tid":"cice"},
{"name":"ModelAdvance", "ph":"E", "ts":"1274102433", "pid":"1", "tid":"cice"},
{"name":"ModelAdvance", "ph":"B", "ts":"1274543552", "pid":"1", "tid":"cice"},
{"name":"ModelAdvance", "ph":"E", "ts":"1276986245", "pid":"1", "tid":"cice"},
{"name":"ModelAdvance", "ph":"B", "ts":"1277439476", "pid":"1", "tid":"cice"},
{"name":"ModelAdvance", "ph":"E", "ts":"1279878479", "pid":"1", "tid":"cice"},
{"name":"ModelAdvance", "ph":"B", "ts":"1280340428", "pid":"1", "tid":"cice"},
{"name":"ModelAdvance", "ph":"E", "ts":"1282813333", "pid":"1", "tid":"cice"},
{"name":"ModelAdvance", "ph":"B", "ts":"1283229009", "pid":"1", "tid":"cice"},
{"name":"ModelAdvance", "ph":"E", "ts":"1285718972", "pid":"1", "tid":"cice"},
{"name":"ModelAdvance", "ph":"B", "ts":"1286121177", "pid":"1", "tid":"cice"},
{"name":"ModelAdvance", "ph":"E", "ts":"1288633568", "pid":"1", "tid":"cice"},
{"name":"ModelAdvance", "ph":"B", "ts":"1289002335", "pid":"1", "tid":"cice"},
{"name":"ModelAdvance", "ph":"E", "ts":"1291469808", "pid":"1", "tid":"cice"},
{"name":"ModelAdvance", "ph":"B", "ts":"1291913031", "pid":"1", "tid":"cice"},
{"name":"ModelAdvance", "ph":"E", "ts":"1294422482", "pid":"1", "tid":"cice"},
{"name":"ModelAdvance", "ph":"B", "ts":"1294856344", "pid":"1", "tid":"cice"},
{"name":"ModelAdvance", "ph":"E", "ts":"1297287494", "pid":"1", "tid":"cice"},
{"name":"ModelAdvance", "ph":"B", "ts":"1297705124", "pid":"1", "tid":"cice"},
{"name":"ModelAdvance", "ph":"E", "ts":"1300102269", "pid":"1", "tid":"cice"},
{"name":"ModelAdvance", "ph":"B", "ts":"1300527053", "pid":"1", "tid":"cice"},
{"name":"ModelAdvance", "ph":"E", "ts":"1302915771", "pid":"1", "tid":"cice"},
{"name":"ModelAdvance", "ph":"B", "ts":"1303356869", "pid":"1", "tid":"cice"},
{"name":"ModelAdvance", "ph":"E", "ts":"1305759699", "pid":"1", "tid":"cice"},
{"name":"ModelAdvance", "ph":"B", "ts":"1306221122", "pid":"1", "tid":"cice"},
{"name":"ModelAdvance", "ph":"E", "ts":"1308586488", "pid":"1", "tid":"cice"},
{"name":"ModelAdvance", "ph":"B", "ts":"1308975716", "pid":"1", "tid":"cice"},
{"name":"ModelAdvance", "ph":"E", "ts":"1311394934", "pid":"1", "tid":"cice"},
{"name":"ModelAdvance", "ph":"B", "ts":"1311824853", "pid":"1", "tid":"cice"},
{"name":"ModelAdvance", "ph":"E", "ts":"1319537428", "pid":"1", "tid":"cice"},
{"name":"ModelAdvance", "ph":"B", "ts":"1331253803", "pid":"1", "tid":"cice"},
{"name":"ModelAdvance", "ph":"E", "ts":"1333712463", "pid":"1", "tid":"cice"},
{"name":"ModelAdvance", "ph":"B", "ts":"1336439348", "pid":"1", "tid":"cice"},
{"name":"ModelAdvance", "ph":"E", "ts":"1338943563", "pid":"1", "tid":"cice"},
{"name":"ModelAdvance", "ph":"B", "ts":"1339409215", "pid":"1", "tid":"cice"},
{"name":"ModelAdvance", "ph":"E", "ts":"1341836191", "pid":"1", "tid":"cice"},
{"name":"ModelAdvance", "ph":"B", "ts":"1342230620", "pid":"1", "tid":"cice"},
{"name":"ModelAdvance", "ph":"E", "ts":"1344694326", "pid":"1", "tid":"cice"},
{"name":"ModelAdvance", "ph":"B", "ts":"1345108871", "pid":"1", "tid":"cice"},
{"name":"ModelAdvance", "ph":"E", "ts":"1347604439", "pid":"1", "tid":"cice"},
{"name":"ModelAdvance", "ph":"B", "ts":"1348045723", "pid":"1", "tid":"cice"},
{"name":"ModelAdvance", "ph":"E", "ts":"1350421502", "pid":"1", "tid":"cice"},
{"name":"ModelAdvance", "ph":"B", "ts":"1350829691", "pid":"1", "tid":"cice"},
{"name":"ModelAdvance", "ph":"E", "ts":"1353252867", "pid":"1", "tid":"cice"},
{"name":"ModelAdvance", "ph":"B", "ts":"1353679812", "pid":"1", "tid":"cice"},
{"name":"ModelAdvance", "ph":"E", "ts":"1356101498", "pid":"1", "tid":"cice"},
{"name":"ModelAdvance", "ph":"B", "ts":"1356526064", "pid":"1", "tid":"cice"},
{"name":"ModelAdvance", "ph":"E", "ts":"1358977184", "pid":"1", "tid":"cice"},
{"name":"ModelAdvance", "ph":"B", "ts":"1359427639", "pid":"1", "tid":"cice"},
{"name":"ModelAdvance", "ph":"E", "ts":"1361864419", "pid":"1", "tid":"cice"},
{"name":"ModelAdvance", "ph":"B", "ts":"1362321521", "pid":"1", "tid":"cice"},
{"name":"ModelAdvance", "ph":"E", "ts":"1364747215", "pid":"1", "tid":"cice"},
{"name":"ModelAdvance", "ph":"B", "ts":"1365169111", "pid":"1", "tid":"cice"},
{"name":"ModelAdvance", "ph":"E", "ts":"1367643515", "pid":"1", "tid":"cice"},
{"name":"ModelAdvance", "ph":"B", "ts":"1368104948", "pid":"1", "tid":"cice"},
{"name":"ModelAdvance", "ph":"E", "ts":"1370600121", "pid":"1", "tid":"cice"},
{"name":"ModelAdvance", "ph":"B", "ts":"1371024665", "pid":"1", "tid":"cice"},
{"name":"ModelAdvance", "ph":"E", "ts":"1373466357", "pid":"1", "tid":"cice"},
{"name":"ModelAdvance", "ph":"B", "ts":"1373872958", "pid":"1", "tid":"cice"},
{"name":"ModelAdvance", "ph":"E", "ts":"1376391592", "pid":"1", "tid":"cice"},
{"name":"ModelAdvance", "ph":"B", "ts":"1376799039", "pid":"1", "tid":"cice"},
{"name":"ModelAdvance", "ph":"E", "ts":"1379235367", "pid":"1", "tid":"cice"},
{"name":"ModelAdvance", "ph":"B", "ts":"1379683635", "pid":"1", "tid":"cice"},
{"name":"ModelAdvance", "ph":"E", "ts":"1382137999", "pid":"1", "tid":"cice"},
{"name":"ModelAdvance", "ph":"B", "ts":"1382562367", "pid":"1", "tid":"cice"},
{"name":"ModelAdvance", "ph":"E", "ts":"1385032532", "pid":"1", "tid":"cice"},
{"name":"ModelAdvance", "ph":"B", "ts":"1385493669", "pid":"1", "tid":"cice"},
{"name":"ModelAdvance", "ph":"E", "ts":"1387919245", "pid":"1", "tid":"cice"},
{"name":"ModelAdvance", "ph":"B", "ts":"1388354943", "pid":"1", "tid":"cice"},
{"name":"ModelAdvance", "ph":"E", "ts":"1390789891", "pid":"1", "tid":"cice"},
{"name":"ModelAdvance", "ph":"B", "ts":"1391220433", "pid":"1", "tid":"cice"},
{"name":"ModelAdvance", "ph":"E", "ts":"1393672371", "pid":"1", "tid":"cice"},
{"name":"ModelAdvance", "ph":"B", "ts":"1394106222", "pid":"1", "tid":"cice"},
{"name":"ModelAdvance", "ph":"E", "ts":"1396546563", "pid":"1", "tid":"cice"},
{"name":"ModelAdvance", "ph":"B", "ts":"1396989441", "pid":"1", "tid":"cice"},
{"name":"ModelAdvance", "ph":"E", "ts":"1399426841", "pid":"1", "tid":"cice"},
{"name":"ModelAdvance", "ph":"B", "ts":"1399876099", "pid":"1", "tid":"cice"},
{"name":"ModelAdvance", "ph":"E", "ts":"1402345476", "pid":"1", "tid":"cice"},
{"name":"ModelAdvance", "ph":"B", "ts":"1402802327", "pid":"1", "tid":"cice"},
{"name":"ModelAdvance", "ph":"E", "ts":"1405478304", "pid":"1", "tid":"cice"},
{"name":"ModelAdvance", "ph":"B", "ts":"1409417966", "pid":"1", "tid":"cice"},
{"name":"ModelAdvance", "ph":"E", "ts":"1411830736", "pid":"1", "tid":"cice"},
{"name":"ModelAdvance", "ph":"B", "ts":"1412250397", "pid":"1", "tid":"cice"},
{"name":"ModelAdvance", "ph":"E", "ts":"1414839484", "pid":"1", "tid":"cice"},
{"name":"ModelAdvance", "ph":"B", "ts":"1415271445", "pid":"1", "tid":"cice"},
{"name":"ModelAdvance", "ph":"E", "ts":"1417778841", "pid":"1", "tid":"cice"},
{"name":"ModelAdvance", "ph":"B", "ts":"1418214844", "pid":"1", "tid":"cice"},
{"name":"ModelAdvance", "ph":"E", "ts":"1420612384", "pid":"1", "tid":"cice"},
{"name":"ModelAdvance", "ph":"B", "ts":"1421046799", "pid":"1", "tid":"cice"},
{"name":"ModelAdvance", "ph":"E", "ts":"1423497074", "pid":"1", "tid":"cice"},
{"name":"ModelAdvance", "ph":"B", "ts":"1423969680", "pid":"1", "tid":"cice"},
{"name":"ModelAdvance", "ph":"E", "ts":"1426332330", "pid":"1", "tid":"cice"},
{"name":"ModelAdvance", "ph":"B", "ts":"1426757158", "pid":"1", "tid":"cice"},
{"name":"ModelAdvance", "ph":"E", "ts":"1429168456", "pid":"1", "tid":"cice"},
{"name":"ModelAdvance", "ph":"B", "ts":"1429627780", "pid":"1", "tid":"cice"},
{"name":"ModelAdvance", "ph":"E", "ts":"1432050655", "pid":"1", "tid":"cice"},
{"name":"ModelAdvance", "ph":"B", "ts":"1432495711", "pid":"1", "tid":"cice"},
{"name":"ModelAdvance", "ph":"E", "ts":"1434934842", "pid":"1", "tid":"cice"},
{"name":"ModelAdvance", "ph":"B", "ts":"1435391888", "pid":"1", "tid":"cice"},
{"name":"ModelAdvance", "ph":"E", "ts":"1437867265", "pid":"1", "tid":"cice"},
{"name":"ModelAdvance", "ph":"B", "ts":"1438300412", "pid":"1", "tid":"cice"},
{"name":"ModelAdvance", "ph":"E", "ts":"1440751282", "pid":"1", "tid":"cice"},
{"name":"ModelAdvance", "ph":"B", "ts":"1441273262", "pid":"1", "tid":"cice"},
{"name":"ModelAdvance", "ph":"E", "ts":"1443717818", "pid":"1", "tid":"cice"},
{"name":"ModelAdvance", "ph":"B", "ts":"1444127096", "pid":"1", "tid":"cice"},
{"name":"ModelAdvance", "ph":"E", "ts":"1446621728", "pid":"1", "tid":"cice"},
{"name":"ModelAdvance", "ph":"B", "ts":"1447014152", "pid":"1", "tid":"cice"},
{"name":"ModelAdvance", "ph":"E", "ts":"1449531251", "pid":"1", "tid":"cice"},
{"name":"ModelAdvance", "ph":"B", "ts":"1449938360", "pid":"1", "tid":"cice"},
{"name":"ModelAdvance", "ph":"E", "ts":"1452401886", "pid":"1", "tid":"cice"},
{"name":"ModelAdvance", "ph":"B", "ts":"1452853320", "pid":"1", "tid":"cice"},
{"name":"ModelAdvance", "ph":"E", "ts":"1455302241", "pid":"1", "tid":"cice"},
{"name":"ModelAdvance", "ph":"B", "ts":"1455737403", "pid":"1", "tid":"cice"},
{"name":"ModelAdvance", "ph":"E", "ts":"1458176683", "pid":"1", "tid":"cice"},
{"name":"ModelAdvance", "ph":"B", "ts":"1458625995", "pid":"1", "tid":"cice"},
{"name":"ModelAdvance", "ph":"E", "ts":"1461049000", "pid":"1", "tid":"cice"},
{"name":"ModelAdvance", "ph":"B", "ts":"1461461405", "pid":"1", "tid":"cice"},
{"name":"ModelAdvance", "ph":"E", "ts":"1463936593", "pid":"1", "tid":"cice"},
{"name":"ModelAdvance", "ph":"B", "ts":"1464395134", "pid":"1", "tid":"cice"},
{"name":"ModelAdvance", "ph":"E", "ts":"1466830184", "pid":"1", "tid":"cice"},
{"name":"ModelAdvance", "ph":"B", "ts":"1467309755", "pid":"1", "tid":"cice"},
{"name":"ModelAdvance", "ph":"E", "ts":"1469716780", "pid":"1", "tid":"cice"},
{"name":"ModelAdvance", "ph":"B", "ts":"1470159004", "pid":"1", "tid":"cice"},
{"name":"ModelAdvance", "ph":"E", "ts":"1472606079", "pid":"1", "tid":"cice"},
{"name":"ModelAdvance", "ph":"B", "ts":"1473088287", "pid":"1", "tid":"cice"},
{"name":"ModelAdvance", "ph":"E", "ts":"1475492147", "pid":"1", "tid":"cice"},
{"name":"ModelAdvance", "ph":"B", "ts":"1475975144", "pid":"1", "tid":"cice"},
{"name":"ModelAdvance", "ph":"E", "ts":"1478641447", "pid":"1", "tid":"cice"},
{"name":"ModelAdvance", "ph":"B", "ts":"1482198262", "pid":"1", "tid":"cice"},
{"name":"ModelAdvance", "ph":"E", "ts":"1484651634", "pid":"1", "tid":"cice"},
{"name":"ModelAdvance", "ph":"B", "ts":"1485050917", "pid":"1", "tid":"cice"},
{"name":"ModelAdvance", "ph":"E", "ts":"1487632327", "pid":"1", "tid":"cice"},
{"name":"ModelAdvance", "ph":"B", "ts":"1488136399", "pid":"1", "tid":"cice"},
{"name":"ModelAdvance", "ph":"E", "ts":"1490595419", "pid":"1", "tid":"cice"},
{"name":"ModelAdvance", "ph":"B", "ts":"1491069090", "pid":"1", "tid":"cice"},
{"name":"ModelAdvance", "ph":"E", "ts":"1493423523", "pid":"1", "tid":"cice"},
{"name":"ModelAdvance", "ph":"B", "ts":"1493883615", "pid":"1", "tid":"cice"},
{"name":"ModelAdvance", "ph":"E", "ts":"1496312904", "pid":"1", "tid":"cice"},
{"name":"ModelAdvance", "ph":"B", "ts":"1496750610", "pid":"1", "tid":"cice"},
{"name":"ModelAdvance", "ph":"E", "ts":"1499170604", "pid":"1", "tid":"cice"},
{"name":"ModelAdvance", "ph":"B", "ts":"1499606273", "pid":"1", "tid":"cice"},
{"name":"ModelAdvance", "ph":"E", "ts":"1502029114", "pid":"1", "tid":"cice"},
{"name":"ModelAdvance", "ph":"B", "ts":"1502530380", "pid":"1", "tid":"cice"},
{"name":"ModelAdvance", "ph":"E", "ts":"1504925755", "pid":"1", "tid":"cice"},
{"name":"ModelAdvance", "ph":"B", "ts":"1505358624", "pid":"1", "tid":"cice"},
{"name":"ModelAdvance", "ph":"E", "ts":"1507794913", "pid":"1", "tid":"cice"},
{"name":"ModelAdvance", "ph":"B", "ts":"1508257005", "pid":"1", "tid":"cice"},
{"name":"ModelAdvance", "ph":"E", "ts":"1510685456", "pid":"1", "tid":"cice"},
{"name":"ModelAdvance", "ph":"B", "ts":"1511151113", "pid":"1", "tid":"cice"},
{"name":"ModelAdvance", "ph":"E", "ts":"1513583700", "pid":"1", "tid":"cice"},
{"name":"ModelAdvance", "ph":"B", "ts":"1514057790", "pid":"1", "tid":"cice"},
{"name":"ModelAdvance", "ph":"E", "ts":"1516518908", "pid":"1", "tid":"cice"},
{"name":"ModelAdvance", "ph":"B", "ts":"1516972226", "pid":"1", "tid":"cice"},
{"name":"ModelAdvance", "ph":"E", "ts":"1519408892", "pid":"1", "tid":"cice"},
{"name":"ModelAdvance", "ph":"B", "ts":"1519848644", "pid":"1", "tid":"cice"},
{"name":"ModelAdvance", "ph":"E", "ts":"1522329536", "pid":"1", "tid":"cice"},
{"name":"ModelAdvance", "ph":"B", "ts":"1522711394", "pid":"1", "tid":"cice"},
{"name":"ModelAdvance", "ph":"E", "ts":"1525212369", "pid":"1", "tid":"cice"},
{"name":"ModelAdvance", "ph":"B", "ts":"1525664525", "pid":"1", "tid":"cice"},
{"name":"ModelAdvance", "ph":"E", "ts":"1528100452", "pid":"1", "tid":"cice"},
{"name":"ModelAdvance", "ph":"B", "ts":"1528547535", "pid":"1", "tid":"cice"},
{"name":"ModelAdvance", "ph":"E", "ts":"1530960199", "pid":"1", "tid":"cice"},
{"name":"ModelAdvance", "ph":"B", "ts":"1531394860", "pid":"1", "tid":"cice"},
{"name":"ModelAdvance", "ph":"E", "ts":"1533796429", "pid":"1", "tid":"cice"},
{"name":"ModelAdvance", "ph":"B", "ts":"1534217798", "pid":"1", "tid":"cice"},
{"name":"ModelAdvance", "ph":"E", "ts":"1536655207", "pid":"1", "tid":"cice"},
{"name":"ModelAdvance", "ph":"B", "ts":"1537084922", "pid":"1", "tid":"cice"},
{"name":"ModelAdvance", "ph":"E", "ts":"1539505584", "pid":"1", "tid":"cice"},
{"name":"ModelAdvance", "ph":"B", "ts":"1539904615", "pid":"1", "tid":"cice"},
{"name":"ModelAdvance", "ph":"E", "ts":"1542353577", "pid":"1", "tid":"cice"},
{"name":"ModelAdvance", "ph":"B", "ts":"1542766907", "pid":"1", "tid":"cice"},
{"name":"ModelAdvance", "ph":"E", "ts":"1545204187", "pid":"1", "tid":"cice"},
{"name":"ModelAdvance", "ph":"B", "ts":"1545645664", "pid":"1", "tid":"cice"},
{"name":"ModelAdvance", "ph":"E", "ts":"1552505336", "pid":"1", "tid":"cice"},
{"name":"ModelAdvance", "ph":"B", "ts":"1563979038", "pid":"1", "tid":"cice"},
{"name":"ModelAdvance", "ph":"E", "ts":"1566443680", "pid":"1", "tid":"cice"},
{"name":"ModelAdvance", "ph":"B", "ts":"1569061103", "pid":"1", "tid":"cice"},
{"name":"ModelAdvance", "ph":"E", "ts":"1571525621", "pid":"1", "tid":"cice"},
{"name":"ModelAdvance", "ph":"B", "ts":"1571967469", "pid":"1", "tid":"cice"},
{"name":"ModelAdvance", "ph":"E", "ts":"1574400571", "pid":"1", "tid":"cice"},
{"name":"ModelAdvance", "ph":"B", "ts":"1574826540", "pid":"1", "tid":"cice"},
{"name":"ModelAdvance", "ph":"E", "ts":"1577258880", "pid":"1", "tid":"cice"},
{"name":"ModelAdvance", "ph":"B", "ts":"1577688790", "pid":"1", "tid":"cice"},
{"name":"ModelAdvance", "ph":"E", "ts":"1580134987", "pid":"1", "tid":"cice"},
{"name":"ModelAdvance", "ph":"B", "ts":"1580581388", "pid":"1", "tid":"cice"},
{"name":"ModelAdvance", "ph":"E", "ts":"1582980579", "pid":"1", "tid":"cice"},
{"name":"ModelAdvance", "ph":"B", "ts":"1583457382", "pid":"1", "tid":"cice"},
{"name":"ModelAdvance", "ph":"E", "ts":"1585851839", "pid":"1", "tid":"cice"},
{"name":"ModelAdvance", "ph":"B", "ts":"1586282365", "pid":"1", "tid":"cice"},
{"name":"ModelAdvance", "ph":"E", "ts":"1588713439", "pid":"1", "tid":"cice"},
{"name":"ModelAdvance", "ph":"B", "ts":"1589169330", "pid":"1", "tid":"cice"},
{"name":"ModelAdvance", "ph":"E", "ts":"1591615048", "pid":"1", "tid":"cice"},
{"name":"ModelAdvance", "ph":"B", "ts":"1592057817", "pid":"1", "tid":"cice"},
{"name":"ModelAdvance", "ph":"E", "ts":"1594492956", "pid":"1", "tid":"cice"},
{"name":"ModelAdvance", "ph":"B", "ts":"1594949516", "pid":"1", "tid":"cice"},
{"name":"ModelAdvance", "ph":"E", "ts":"1597394184", "pid":"1", "tid":"cice"},
{"name":"ModelAdvance", "ph":"B", "ts":"1597856528", "pid":"1", "tid":"cice"},
{"name":"ModelAdvance", "ph":"E", "ts":"1600274186", "pid":"1", "tid":"cice"},
{"name":"ModelAdvance", "ph":"B", "ts":"1600703180", "pid":"1", "tid":"cice"},
{"name":"ModelAdvance", "ph":"E", "ts":"1603199456", "pid":"1", "tid":"cice"},
{"name":"ModelAdvance", "ph":"B", "ts":"1603657685", "pid":"1", "tid":"cice"},
{"name":"ModelAdvance", "ph":"E", "ts":"1606083686", "pid":"1", "tid":"cice"},
{"name":"ModelAdvance", "ph":"B", "ts":"1606591367", "pid":"1", "tid":"cice"},
{"name":"ModelAdvance", "ph":"E", "ts":"1609040123", "pid":"1", "tid":"cice"},
{"name":"ModelAdvance", "ph":"B", "ts":"1609474444", "pid":"1", "tid":"cice"},
{"name":"ModelAdvance", "ph":"E", "ts":"1611911018", "pid":"1", "tid":"cice"},
{"name":"ModelAdvance", "ph":"B", "ts":"1612377288", "pid":"1", "tid":"cice"},
{"name":"ModelAdvance", "ph":"E", "ts":"1614785770", "pid":"1", "tid":"cice"},
{"name":"ModelAdvance", "ph":"B", "ts":"1615297661", "pid":"1", "tid":"cice"},
{"name":"ModelAdvance", "ph":"E", "ts":"1617721265", "pid":"1", "tid":"cice"},
{"name":"ModelAdvance", "ph":"B", "ts":"1618181821", "pid":"1", "tid":"cice"},
{"name":"ModelAdvance", "ph":"E", "ts":"1620601288", "pid":"1", "tid":"cice"},
{"name":"ModelAdvance", "ph":"B", "ts":"1621072649", "pid":"1", "tid":"cice"},
{"name":"ModelAdvance", "ph":"E", "ts":"1623479756", "pid":"1", "tid":"cice"},
{"name":"ModelAdvance", "ph":"B", "ts":"1623956032", "pid":"1", "tid":"cice"},
{"name":"ModelAdvance", "ph":"E", "ts":"1626372301", "pid":"1", "tid":"cice"},
{"name":"ModelAdvance", "ph":"B", "ts":"1626837801", "pid":"1", "tid":"cice"},
{"name":"ModelAdvance", "ph":"E", "ts":"1629247852", "pid":"1", "tid":"cice"},
{"name":"ModelAdvance", "ph":"B", "ts":"1629734355", "pid":"1", "tid":"cice"},
{"name":"ModelAdvance", "ph":"E", "ts":"1632124583", "pid":"1", "tid":"cice"},
{"name":"ModelAdvance", "ph":"B", "ts":"1632573843", "pid":"1", "tid":"cice"},
{"name":"ModelAdvance", "ph":"E", "ts":"1635009259", "pid":"1", "tid":"cice"},
{"name":"ModelAdvance", "ph":"B", "ts":"1635518676", "pid":"1", "tid":"cice"},
{"name":"ModelAdvance", "ph":"E", "ts":"1638208806", "pid":"1", "tid":"cice"},
{"name":"ModelAdvance", "ph":"B", "ts":"1641844493", "pid":"1", "tid":"cice"},
{"name":"ModelAdvance", "ph":"E", "ts":"1644275630", "pid":"1", "tid":"cice"},
{"name":"ModelAdvance", "ph":"B", "ts":"1644698936", "pid":"1", "tid":"cice"},
{"name":"ModelAdvance", "ph":"E", "ts":"1647240878", "pid":"1", "tid":"cice"},
{"name":"ModelAdvance", "ph":"B", "ts":"1647725539", "pid":"1", "tid":"cice"},
{"name":"ModelAdvance", "ph":"E", "ts":"1650204097", "pid":"1", "tid":"cice"},
{"name":"ModelAdvance", "ph":"B", "ts":"1650636779", "pid":"1", "tid":"cice"},
{"name":"ModelAdvance", "ph":"E", "ts":"1653066537", "pid":"1", "tid":"cice"},
{"name":"ModelAdvance", "ph":"B", "ts":"1653507294", "pid":"1", "tid":"cice"},
{"name":"ModelAdvance", "ph":"E", "ts":"1655882573", "pid":"1", "tid":"cice"},
{"name":"ModelAdvance", "ph":"B", "ts":"1656311729", "pid":"1", "tid":"cice"},
{"name":"ModelAdvance", "ph":"E", "ts":"1658709235", "pid":"1", "tid":"cice"},
{"name":"ModelAdvance", "ph":"B", "ts":"1659143080", "pid":"1", "tid":"cice"},
{"name":"ModelAdvance", "ph":"E", "ts":"1661531363", "pid":"1", "tid":"cice"},
{"name":"ModelAdvance", "ph":"B", "ts":"1662007457", "pid":"1", "tid":"cice"},
{"name":"ModelAdvance", "ph":"E", "ts":"1664409874", "pid":"1", "tid":"cice"},
{"name":"ModelAdvance", "ph":"B", "ts":"1664836964", "pid":"1", "tid":"cice"},
{"name":"ModelAdvance", "ph":"E", "ts":"1667287545", "pid":"1", "tid":"cice"},
{"name":"ModelAdvance", "ph":"B", "ts":"1667754777", "pid":"1", "tid":"cice"},
{"name":"ModelAdvance", "ph":"E", "ts":"1670161804", "pid":"1", "tid":"cice"},
{"name":"ModelAdvance", "ph":"B", "ts":"1670680955", "pid":"1", "tid":"cice"},
{"name":"ModelAdvance", "ph":"E", "ts":"1673088151", "pid":"1", "tid":"cice"},
{"name":"ModelAdvance", "ph":"B", "ts":"1673565417", "pid":"1", "tid":"cice"},
{"name":"ModelAdvance", "ph":"E", "ts":"1676095453", "pid":"1", "tid":"cice"},
{"name":"ModelAdvance", "ph":"B", "ts":"1676561093", "pid":"1", "tid":"cice"},
{"name":"ModelAdvance", "ph":"E", "ts":"1678958464", "pid":"1", "tid":"cice"},
{"name":"ModelAdvance", "ph":"B", "ts":"1679441802", "pid":"1", "tid":"cice"},
{"name":"ModelAdvance", "ph":"E", "ts":"1681854240", "pid":"1", "tid":"cice"},
{"name":"ModelAdvance", "ph":"B", "ts":"1682293633", "pid":"1", "tid":"cice"},
{"name":"ModelAdvance", "ph":"E", "ts":"1684706153", "pid":"1", "tid":"cice"},
{"name":"ModelAdvance", "ph":"B", "ts":"1685145647", "pid":"1", "tid":"cice"},
{"name":"ModelAdvance", "ph":"E", "ts":"1687580929", "pid":"1", "tid":"cice"},
{"name":"ModelAdvance", "ph":"B", "ts":"1688063086", "pid":"1", "tid":"cice"},
{"name":"ModelAdvance", "ph":"E", "ts":"1690429973", "pid":"1", "tid":"cice"},
{"name":"ModelAdvance", "ph":"B", "ts":"1690899698", "pid":"1", "tid":"cice"},
{"name":"ModelAdvance", "ph":"E", "ts":"1693308480", "pid":"1", "tid":"cice"},
{"name":"ModelAdvance", "ph":"B", "ts":"1693781081", "pid":"1", "tid":"cice"},
{"name":"ModelAdvance", "ph":"E", "ts":"1696176250", "pid":"1", "tid":"cice"},
{"name":"ModelAdvance", "ph":"B", "ts":"1696671471", "pid":"1", "tid":"cice"},
{"name":"ModelAdvance", "ph":"E", "ts":"1699041617", "pid":"1", "tid":"cice"},
{"name":"ModelAdvance", "ph":"B", "ts":"1699522255", "pid":"1", "tid":"cice"},
{"name":"ModelAdvance", "ph":"E", "ts":"1701909660", "pid":"1", "tid":"cice"},
{"name":"ModelAdvance", "ph":"B", "ts":"1702383685", "pid":"1", "tid":"cice"},
{"name":"ModelAdvance", "ph":"E", "ts":"1704778537", "pid":"1", "tid":"cice"},
{"name":"ModelAdvance", "ph":"B", "ts":"1705270154", "pid":"1", "tid":"cice"},
{"name":"ModelAdvance", "ph":"E", "ts":"1707641359", "pid":"1", "tid":"cice"},
{"name":"ModelAdvance", "ph":"B", "ts":"1708144584", "pid":"1", "tid":"cice"},
{"name":"ModelAdvance", "ph":"E", "ts":"1710914757", "pid":"1", "tid":"cice"},
{"name":"ModelAdvance", "ph":"B", "ts":"1714709717", "pid":"1", "tid":"cice"},
{"name":"ModelAdvance", "ph":"E", "ts":"1717172487", "pid":"1", "tid":"cice"},
{"name":"ModelAdvance", "ph":"B", "ts":"1717587707", "pid":"1", "tid":"cice"},
{"name":"ModelAdvance", "ph":"E", "ts":"1720142915", "pid":"1", "tid":"cice"},
{"name":"ModelAdvance", "ph":"B", "ts":"1720585803", "pid":"1", "tid":"cice"},
{"name":"ModelAdvance", "ph":"E", "ts":"1723017575", "pid":"1", "tid":"cice"},
{"name":"ModelAdvance", "ph":"B", "ts":"1723494818", "pid":"1", "tid":"cice"},
{"name":"ModelAdvance", "ph":"E", "ts":"1725841604", "pid":"1", "tid":"cice"},
{"name":"ModelAdvance", "ph":"B", "ts":"1726275715", "pid":"1", "tid":"cice"},
{"name":"ModelAdvance", "ph":"E", "ts":"1728651942", "pid":"1", "tid":"cice"},
{"name":"ModelAdvance", "ph":"B", "ts":"1729081961", "pid":"1", "tid":"cice"},
{"name":"ModelAdvance", "ph":"E", "ts":"1731468634", "pid":"1", "tid":"cice"},
{"name":"ModelAdvance", "ph":"B", "ts":"1731905815", "pid":"1", "tid":"cice"},
{"name":"ModelAdvance", "ph":"E", "ts":"1734279877", "pid":"1", "tid":"cice"},
{"name":"ModelAdvance", "ph":"B", "ts":"1734686661", "pid":"1", "tid":"cice"},
{"name":"ModelAdvance", "ph":"E", "ts":"1737181407", "pid":"1", "tid":"cice"},
{"name":"ModelAdvance", "ph":"B", "ts":"1737626290", "pid":"1", "tid":"cice"},
{"name":"ModelAdvance", "ph":"E", "ts":"1740061098", "pid":"1", "tid":"cice"},
{"name":"ModelAdvance", "ph":"B", "ts":"1740485245", "pid":"1", "tid":"cice"},
{"name":"ModelAdvance", "ph":"E", "ts":"1742931981", "pid":"1", "tid":"cice"},
{"name":"ModelAdvance", "ph":"B", "ts":"1743353827", "pid":"1", "tid":"cice"},
{"name":"ModelAdvance", "ph":"E", "ts":"1745799479", "pid":"1", "tid":"cice"},
{"name":"ModelAdvance", "ph":"B", "ts":"1746278697", "pid":"1", "tid":"cice"},
{"name":"ModelAdvance", "ph":"E", "ts":"1748760339", "pid":"1", "tid":"cice"},
{"name":"ModelAdvance", "ph":"B", "ts":"1749188919", "pid":"1", "tid":"cice"},
{"name":"ModelAdvance", "ph":"E", "ts":"1751651588", "pid":"1", "tid":"cice"},
{"name":"ModelAdvance", "ph":"B", "ts":"1752064576", "pid":"1", "tid":"cice"},
{"name":"ModelAdvance", "ph":"E", "ts":"1754552521", "pid":"1", "tid":"cice"},
{"name":"ModelAdvance", "ph":"B", "ts":"1754912315", "pid":"1", "tid":"cice"},
{"name":"ModelAdvance", "ph":"E", "ts":"1757384938", "pid":"1", "tid":"cice"},
{"name":"ModelAdvance", "ph":"B", "ts":"1757797854", "pid":"1", "tid":"cice"},
{"name":"ModelAdvance", "ph":"E", "ts":"1760259808", "pid":"1", "tid":"cice"},
{"name":"ModelAdvance", "ph":"B", "ts":"1760708400", "pid":"1", "tid":"cice"},
{"name":"ModelAdvance", "ph":"E", "ts":"1763089554", "pid":"1", "tid":"cice"},
{"name":"ModelAdvance", "ph":"B", "ts":"1763527072", "pid":"1", "tid":"cice"},
{"name":"ModelAdvance", "ph":"E", "ts":"1765905557", "pid":"1", "tid":"cice"},
{"name":"ModelAdvance", "ph":"B", "ts":"1766340892", "pid":"1", "tid":"cice"},
{"name":"ModelAdvance", "ph":"E", "ts":"1768740184", "pid":"1", "tid":"cice"},
{"name":"ModelAdvance", "ph":"B", "ts":"1769113953", "pid":"1", "tid":"cice"},
{"name":"ModelAdvance", "ph":"E", "ts":"1771559821", "pid":"1", "tid":"cice"},
{"name":"ModelAdvance", "ph":"B", "ts":"1771978948", "pid":"1", "tid":"cice"},
{"name":"ModelAdvance", "ph":"E", "ts":"1774384401", "pid":"1", "tid":"cice"},
{"name":"ModelAdvance", "ph":"B", "ts":"1774788421", "pid":"1", "tid":"cice"},
{"name":"ModelAdvance", "ph":"E", "ts":"1777186801", "pid":"1", "tid":"cice"},
{"name":"ModelAdvance", "ph":"B", "ts":"1777597570", "pid":"1", "tid":"cice"},
{"name":"ModelAdvance", "ph":"E", "ts":"1784902417", "pid":"1", "tid":"cice"},
{"name":"ModelFinalize", "ph":"B", "ts":"1784906431", "pid":"1", "tid":"cice"},
{"name":"ModelFinalize", "ph":"E", "ts":"1784906476", "pid":"1", "tid":"cice"},
