{"name":"SetServices", "ph":"B", "ts":"2214685898", "pid":"1", "tid":"cice"},
{"name":"SetServices", "ph":"E", "ts":"2214723755", "pid":"1", "tid":"cice"},
{"name":"InitializeP0", "ph":"B", "ts":"2214784105", "pid":"1", "tid":"cice"},
{"name":"InitializeP0", "ph":"E", "ts":"2214784231", "pid":"1", "tid":"cice"},
{"name":"InitializeAdvertise", "ph":"B", "ts":"2218427913", "pid":"1", "tid":"cice"},
{"name":"InitializeAdvertise", "ph":"E", "ts":"2223295509", "pid":"1", "tid":"cice"},
{"name":"InitializeRealize", "ph":"B", "ts":"2317413290", "pid":"1", "tid":"cice"},
{"name":"InitializeRealize", "ph":"E", "ts":"2325813271", "pid":"1", "tid":"cice"},
{"name":"ModelAdvance", "ph":"B", "ts":"2400105617", "pid":"1", "tid":"cice"},
{"name":"ModelAdvance", "ph":"E", "ts":"2402827331", "pid":"1", "tid":"cice"},
{"name":"ModelAdvance", "ph":"B", "ts":"2415590287", "pid":"1", "tid":"cice"},
{"name":"ModelAdvance", "ph":"E", "ts":"2418102247", "pid":"1", "tid":"cice"},
{"name":"ModelAdvance", "ph":"B", "ts":"2418528024", "pid":"1", "tid":"cice"},
{"name":"ModelAdvance", "ph":"E", "ts":"2420961804", "pid":"1", "tid":"cice"},
{"name":"ModelAdvance", "ph":"B", "ts":"2421362678", "pid":"1", "tid":"cice"},
{"name":"ModelAdvance", "ph":"E", "ts":"2423863271", "pid":"1", "tid":"cice"},
{"name":"ModelAdvance", "ph":"B", "ts":"2424254451", "pid":"1", "tid":"cice"},
{"name":"ModelAdvance", "ph":"E", "ts":"2426699378", "pid":"1", "tid":"cice"},
{"name":"ModelAdvance", "ph":"B", "ts":"2427109377", "pid":"1", "tid":"cice"},
{"name":"ModelAdvance", "ph":"E", "ts":"2429593780", "pid":"1", "tid":"cice"},
{"name":"ModelAdvance", "ph":"B", "ts":"2429978051", "pid":"1", "tid":"cice"},
{"name":"ModelAdvance", "ph":"E", "ts":"2432459093", "pid":"1", "tid":"cice"},
{"name":"ModelAdvance", "ph":"B", "ts":"2432860751", "pid":"1", "tid":"cice"},
{"name":"ModelAdvance", "ph":"E", "ts":"2435306578", "pid":"1", "tid":"cice"},
{"name":"ModelAdvance", "ph":"B", "ts":"2435711011", "pid":"1", "tid":"cice"},
{"name":"ModelAdvance", "ph":"E", "ts":"2438143565", "pid":"1", "tid":"cice"},
{"name":"ModelAdvance", "ph":"B", "ts":"2438530509", "pid":"1", "tid":"cice"},
{"name":"ModelAdvance", "ph":"E", "ts":"2441001836", "pid":"1", "tid":"cice"},
{"name":"ModelAdvance", "ph":"B", "ts":"2441395709", "pid":"1", "tid":"cice"},
{"name":"ModelAdvance", "ph":"E", "ts":"2443846887", "pid":"1", "tid":"cice"},
{"name":"ModelAdvance", "ph":"B", "ts":"2444262446", "pid":"1", "tid":"cice"},
{"name":"ModelAdvance", "ph":"E", "ts":"2446705859", "pid":"1", "tid":"cice"},
{"name":"ModelAdvance", "ph":"B", "ts":"2447328416", "pid":"1", "tid":"cice"},
{"name":"ModelAdvance", "ph":"E", "ts":"2449871108", "pid":"1", "tid":"cice"},
{"name":"ModelAdvance", "ph":"B", "ts":"2450235608", "pid":"1", "tid":"cice"},
{"name":"ModelAdvance", "ph":"E", "ts":"2452719762", "pid":"1", "tid":"cice"},
{"name":"ModelAdvance", "ph":"B", "ts":"2453107672", "pid":"1", "tid":"cice"},
{"name":"ModelAdvance", "ph":"E", "ts":"2455604405", "pid":"1", "tid":"cice"},
{"name":"ModelAdvance", "ph":"B", "ts":"2455943559", "pid":"1", "tid":"cice"},
{"name":"ModelAdvance", "ph":"E", "ts":"2458409371", "pid":"1", "tid":"cice"},
{"name":"ModelAdvance", "ph":"B", "ts":"2458823070", "pid":"1", "tid":"cice"},
{"name":"ModelAdvance", "ph":"E", "ts":"2461283513", "pid":"1", "tid":"cice"},
{"name":"ModelAdvance", "ph":"B", "ts":"2461713961", "pid":"1", "tid":"cice"},
{"name":"ModelAdvance", "ph":"E", "ts":"2464180725", "pid":"1", "tid":"cice"},
{"name":"ModelAdvance", "ph":"B", "ts":"2464595342", "pid":"1", "tid":"cice"},
{"name":"ModelAdvance", "ph":"E", "ts":"2467039938", "pid":"1", "tid":"cice"},
{"name":"ModelAdvance", "ph":"B", "ts":"2467442407", "pid":"1", "tid":"cice"},
{"name":"ModelAdvance", "ph":"E", "ts":"2469899830", "pid":"1", "tid":"cice"},
{"name":"ModelAdvance", "ph":"B", "ts":"2470327941", "pid":"1", "tid":"cice"},
{"name":"ModelAdvance", "ph":"E", "ts":"2472777805", "pid":"1", "tid":"cice"},
{"name":"ModelAdvance", "ph":"B", "ts":"2473200125", "pid":"1", "tid":"cice"},
{"name":"ModelAdvance", "ph":"E", "ts":"2475664924", "pid":"1", "tid":"cice"},
{"name":"ModelAdvance", "ph":"B", "ts":"2476133417", "pid":"1", "tid":"cice"},
{"name":"ModelAdvance", "ph":"E", "ts":"2478531258", "pid":"1", "tid":"cice"},
{"name":"ModelAdvance", "ph":"B", "ts":"2478935730", "pid":"1", "tid":"cice"},
{"name":"ModelAdvance", "ph":"E", "ts":"2481400392", "pid":"1", "tid":"cice"},
{"name":"ModelAdvance", "ph":"B", "ts":"2481820425", "pid":"1", "tid":"cice"},
{"name":"ModelAdvance", "ph":"E", "ts":"2484360962", "pid":"1", "tid":"cice"},
{"name":"ModelAdvance", "ph":"B", "ts":"2486978170", "pid":"1", "tid":"cice"},
{"name":"ModelAdvance", "ph":"E", "ts":"2489507157", "pid":"1", "tid":"cice"},
{"name":"ModelAdvance", "ph":"B", "ts":"2489913791", "pid":"1", "tid":"cice"},
{"name":"ModelAdvance", "ph":"E", "ts":"2492352778", "pid":"1", "tid":"cice"},
{"name":"ModelAdvance", "ph":"B", "ts":"2492744781", "pid":"1", "tid":"cice"},
{"name":"ModelAdvance", "ph":"E", "ts":"2495213407", "pid":"1", "tid":"cice"},
{"name":"ModelAdvance", "ph":"B", "ts":"2495644207", "pid":"1", "tid":"cice"},
{"name":"ModelAdvance", "ph":"E", "ts":"2498080771", "pid":"1", "tid":"cice"},
{"name":"ModelAdvance", "ph":"B", "ts":"2498518202", "pid":"1", "tid":"cice"},
{"name":"ModelAdvance", "ph":"E", "ts":"2500879350", "pid":"1", "tid":"cice"},
{"name":"ModelAdvance", "ph":"B", "ts":"2501309695", "pid":"1", "tid":"cice"},
{"name":"ModelAdvance", "ph":"E", "ts":"2503730828", "pid":"1", "tid":"cice"},
{"name":"ModelAdvance", "ph":"B", "ts":"2504144047", "pid":"1", "tid":"cice"},
{"name":"ModelAdvance", "ph":"E", "ts":"2506598576", "pid":"1", "tid":"cice"},
{"name":"ModelAdvance", "ph":"B", "ts":"2507044586", "pid":"1", "tid":"cice"},
{"name":"ModelAdvance", "ph":"E", "ts":"2509478700", "pid":"1", "tid":"cice"},
{"name":"ModelAdvance", "ph":"B", "ts":"2509894181", "pid":"1", "tid":"cice"},
{"name":"ModelAdvance", "ph":"E", "ts":"2512329714", "pid":"1", "tid":"cice"},
{"name":"ModelAdvance", "ph":"B", "ts":"2512740659", "pid":"1", "tid":"cice"},
{"name":"ModelAdvance", "ph":"E", "ts":"2515190695", "pid":"1", "tid":"cice"},
{"name":"ModelAdvance", "ph":"B", "ts":"2515613576", "pid":"1", "tid":"cice"},
{"name":"ModelAdvance", "ph":"E", "ts":"2518081594", "pid":"1", "tid":"cice"},
{"name":"ModelAdvance", "ph":"B", "ts":"2518509880", "pid":"1", "tid":"cice"},
{"name":"ModelAdvance", "ph":"E", "ts":"2521046689", "pid":"1", "tid":"cice"},
{"name":"ModelAdvance", "ph":"B", "ts":"2521427721", "pid":"1", "tid":"cice"},
{"name":"ModelAdvance", "ph":"E", "ts":"2523902868", "pid":"1", "tid":"cice"},
{"name":"ModelAdvance", "ph":"B", "ts":"2524302295", "pid":"1", "tid":"cice"},
{"name":"ModelAdvance", "ph":"E", "ts":"2526795720", "pid":"1", "tid":"cice"},
{"name":"ModelAdvance", "ph":"B", "ts":"2527180563", "pid":"1", "tid":"cice"},
{"name":"ModelAdvance", "ph":"E", "ts":"2529641261", "pid":"1", "tid":"cice"},
{"name":"ModelAdvance", "ph":"B", "ts":"2530062918", "pid":"1", "tid":"cice"},
{"name":"ModelAdvance", "ph":"E", "ts":"2532535507", "pid":"1", "tid":"cice"},
{"name":"ModelAdvance", "ph":"B", "ts":"2532933908", "pid":"1", "tid":"cice"},
{"name":"ModelAdvance", "ph":"E", "ts":"2535467182", "pid":"1", "tid":"cice"},
{"name":"ModelAdvance", "ph":"B", "ts":"2535905805", "pid":"1", "tid":"cice"},
{"name":"ModelAdvance", "ph":"E", "ts":"2538332404", "pid":"1", "tid":"cice"},
{"name":"ModelAdvance", "ph":"B", "ts":"2538752732", "pid":"1", "tid":"cice"},
{"name":"ModelAdvance", "ph":"E", "ts":"2541191498", "pid":"1", "tid":"cice"},
{"name":"ModelAdvance", "ph":"B", "ts":"2541618203", "pid":"1", "tid":"cice"},
{"name":"ModelAdvance", "ph":"E", "ts":"2544093245", "pid":"1", "tid":"cice"},
{"name":"ModelAdvance", "ph":"B", "ts":"2544553469", "pid":"1", "tid":"cice"},
{"name":"ModelAdvance", "ph":"E", "ts":"2546958267", "pid":"1", "tid":"cice"},
{"name":"ModelAdvance", "ph":"B", "ts":"2547432833", "pid":"1", "tid":"cice"},
{"name":"ModelAdvance", "ph":"E", "ts":"2549864714", "pid":"1", "tid":"cice"},
{"name":"ModelAdvance", "ph":"B", "ts":"2550256160", "pid":"1", "tid":"cice"},
{"name":"ModelAdvance", "ph":"E", "ts":"2552746003", "pid":"1", "tid":"cice"},
{"name":"ModelAdvance", "ph":"B", "ts":"2553186447", "pid":"1", "tid":"cice"},
{"name":"ModelAdvance", "ph":"E", "ts":"2555663526", "pid":"1", "tid":"cice"},
{"name":"ModelAdvance", "ph":"B", "ts":"2558397002", "pid":"1", "tid":"cice"},
{"name":"ModelAdvance", "ph":"E", "ts":"2560927868", "pid":"1", "tid":"cice"},
{"name":"ModelAdvance", "ph":"B", "ts":"2561359205", "pid":"1", "tid":"cice"},
{"name":"ModelAdvance", "ph":"E", "ts":"2563798351", "pid":"1", "tid":"cice"},
{"name":"ModelAdvance", "ph":"B", "ts":"2564212708", "pid":"1", "tid":"cice"},
{"name":"ModelAdvance", "ph":"E", "ts":"2566655282", "pid":"1", "tid":"cice"},
{"name":"ModelAdvance", "ph":"B", "ts":"2567175972", "pid":"1", "tid":"cice"},
{"name":"ModelAdvance", "ph":"E", "ts":"2569575868", "pid":"1", "tid":"cice"},
{"name":"ModelAdvance", "ph":"B", "ts":"2569985848", "pid":"1", "tid":"cice"},
{"name":"ModelAdvance", "ph":"E", "ts":"2572375729", "pid":"1", "tid":"cice"},
{"name":"ModelAdvance", "ph":"B", "ts":"2572809458", "pid":"1", "tid":"cice"},
{"name":"ModelAdvance", "ph":"E", "ts":"2575258399", "pid":"1", "tid":"cice"},
{"name":"ModelAdvance", "ph":"B", "ts":"2575663524", "pid":"1", "tid":"cice"},
{"name":"ModelAdvance", "ph":"E", "ts":"2578067931", "pid":"1", "tid":"cice"},
{"name":"ModelAdvance", "ph":"B", "ts":"2578488614", "pid":"1", "tid":"cice"},
{"name":"ModelAdvance", "ph":"E", "ts":"2580942997", "pid":"1", "tid":"cice"},
{"name":"ModelAdvance", "ph":"B", "ts":"2581379428", "pid":"1", "tid":"cice"},
{"name":"ModelAdvance", "ph":"E", "ts":"2583820797", "pid":"1", "tid":"cice"},
{"name":"ModelAdvance", "ph":"B", "ts":"2584243073", "pid":"1", "tid":"cice"},
{"name":"ModelAdvance", "ph":"E", "ts":"2586696146", "pid":"1", "tid":"cice"},
{"name":"ModelAdvance", "ph":"B", "ts":"2587104229", "pid":"1", "tid":"cice"},
{"name":"ModelAdvance", "ph":"E", "ts":"2589565907", "pid":"1", "tid":"cice"},
{"name":"ModelAdvance", "ph":"B", "ts":"2590027908", "pid":"1", "tid":"cice"},
{"name":"ModelAdvance", "ph":"E", "ts":"2592519054", "pid":"1", "tid":"cice"},
{"name":"ModelAdvance", "ph":"B", "ts":"2592908933", "pid":"1", "tid":"cice"},
{"name":"ModelAdvance", "ph":"E", "ts":"2595417823", "pid":"1", "tid":"cice"},
{"name":"ModelAdvance", "ph":"B", "ts":"2595794956", "pid":"1", "tid":"cice"},
{"name":"ModelAdvance", "ph":"E", "ts":"2598338145", "pid":"1", "tid":"cice"},
{"name":"ModelAdvance", "ph":"B", "ts":"2598708824", "pid":"1", "tid":"cice"},
{"name":"ModelAdvance", "ph":"E", "ts":"2601204999", "pid":"1", "tid":"cice"},
{"name":"ModelAdvance", "ph":"B", "ts":"2601606503", "pid":"1", "tid":"cice"},
{"name":"ModelAdvance", "ph":"E", "ts":"2604087597", "pid":"1", "tid":"cice"},
{"name":"ModelAdvance", "ph":"B", "ts":"2604468946", "pid":"1", "tid":"cice"},
{"name":"ModelAdvance", "ph":"E", "ts":"2606944382", "pid":"1", "tid":"cice"},
{"name":"ModelAdvance", "ph":"B", "ts":"2607401681", "pid":"1", "tid":"cice"},
{"name":"ModelAdvance", "ph":"E", "ts":"2609853209", "pid":"1", "tid":"cice"},
{"name":"ModelAdvance", "ph":"B", "ts":"2610320511", "pid":"1", "tid":"cice"},
{"name":"ModelAdvance", "ph":"E", "ts":"2612730106", "pid":"1", "tid":"cice"},
{"name":"ModelAdvance", "ph":"B", "ts":"2613178242", "pid":"1", "tid":"cice"},
{"name":"ModelAdvance", "ph":"E", "ts":"2615580600", "pid":"1", "tid":"cice"},
{"name":"ModelAdvance", "ph":"B", "ts":"2616042332", "pid":"1", "tid":"cice"},
{"name":"ModelAdvance", "ph":"E", "ts":"2618503331", "pid":"1", "tid":"cice"},
{"name":"ModelAdvance", "ph":"B", "ts":"2618931985", "pid":"1", "tid":"cice"},
{"name":"ModelAdvance", "ph":"E", "ts":"2621368510", "pid":"1", "tid":"cice"},
{"name":"ModelAdvance", "ph":"B", "ts":"2621823801", "pid":"1", "tid":"cice"},
{"name":"ModelAdvance", "ph":"E", "ts":"2626333456", "pid":"1", "tid":"cice"},
{"name":"ModelAdvance", "ph":"B", "ts":"2702989204", "pid":"1", "tid":"cice"},
{"name":"ModelAdvance", "ph":"E", "ts":"2705455906", "pid":"1", "tid":"cice"},
{"name":"ModelAdvance", "ph":"B", "ts":"2708316655", "pid":"1", "tid":"cice"},
{"name":"ModelAdvance", "ph":"E", "ts":"2710746892", "pid":"1", "tid":"cice"},
{"name":"ModelAdvance", "ph":"B", "ts":"2711190334", "pid":"1", "tid":"cice"},
{"name":"ModelAdvance", "ph":"E", "ts":"2713623592", "pid":"1", "tid":"cice"},
{"name":"ModelAdvance", "ph":"B", "ts":"2714101383", "pid":"1", "tid":"cice"},
{"name":"ModelAdvance", "ph":"E", "ts":"2716546283", "pid":"1", "tid":"cice"},
{"name":"ModelAdvance", "ph":"B", "ts":"2716973471", "pid":"1", "tid":"cice"},
{"name":"ModelAdvance", "ph":"E", "ts":"2719458649", "pid":"1", "tid":"cice"},
{"name":"ModelAdvance", "ph":"B", "ts":"2719880822", "pid":"1", "tid":"cice"},
{"name":"ModelAdvance", "ph":"E", "ts":"2722281777", "pid":"1", "tid":"cice"},
{"name":"ModelAdvance", "ph":"B", "ts":"2722770509", "pid":"1", "tid":"cice"},
{"name":"ModelAdvance", "ph":"E", "ts":"2725179636", "pid":"1", "tid":"cice"},
{"name":"ModelAdvance", "ph":"B", "ts":"2725589569", "pid":"1", "tid":"cice"},
{"name":"ModelAdvance", "ph":"E", "ts":"2727998311", "pid":"1", "tid":"cice"},
{"name":"ModelAdvance", "ph":"B", "ts":"2728431446", "pid":"1", "tid":"cice"},
{"name":"ModelAdvance", "ph":"E", "ts":"2730869738", "pid":"1", "tid":"cice"},
{"name":"ModelAdvance", "ph":"B", "ts":"2731303783", "pid":"1", "tid":"cice"},
{"name":"ModelAdvance", "ph":"E", "ts":"2733797022", "pid":"1", "tid":"cice"},
{"name":"ModelAdvance", "ph":"B", "ts":"2734221054", "pid":"1", "tid":"cice"},
{"name":"ModelAdvance", "ph":"E", "ts":"2736666423", "pid":"1", "tid":"cice"},
{"name":"ModelAdvance", "ph":"B", "ts":"2737116758", "pid":"1", "tid":"cice"},
{"name":"ModelAdvance", "ph":"E", "ts":"2739588115", "pid":"1", "tid":"cice"},
{"name":"ModelAdvance", "ph":"B", "ts":"2740072696", "pid":"1", "tid":"cice"},
{"name":"ModelAdvance", "ph":"E", "ts":"2742537734", "pid":"1", "tid":"cice"},
{"name":"ModelAdvance", "ph":"B", "ts":"2742959085", "pid":"1", "tid":"cice"},
{"name":"ModelAdvance", "ph":"E", "ts":"2745445424", "pid":"1", "tid":"cice"},
{"name":"ModelAdvance", "ph":"B", "ts":"2745851992", "pid":"1", "tid":"cice"},
{"name":"ModelAdvance", "ph":"E", "ts":"2748354823", "pid":"1", "tid":"cice"},
{"name":"ModelAdvance", "ph":"B", "ts":"2748718621", "pid":"1", "tid":"cice"},
{"name":"ModelAdvance", "ph":"E", "ts":"2751183274", "pid":"1", "tid":"cice"},
{"name":"ModelAdvance", "ph":"B", "ts":"2751606469", "pid":"1", "tid":"cice"},
{"name":"ModelAdvance", "ph":"E", "ts":"2754088148", "pid":"1", "tid":"cice"},
{"name":"ModelAdvance", "ph":"B", "ts":"2754467615", "pid":"1", "tid":"cice"},
{"name":"ModelAdvance", "ph":"E", "ts":"2756976280", "pid":"1", "tid":"cice"},
{"name":"ModelAdvance", "ph":"B", "ts":"2757441386", "pid":"1", "tid":"cice"},
{"name":"ModelAdvance", "ph":"E", "ts":"2759902886", "pid":"1", "tid":"cice"},
{"name":"ModelAdvance", "ph":"B", "ts":"2760322358", "pid":"1", "tid":"cice"},
{"name":"ModelAdvance", "ph":"E", "ts":"2762775052", "pid":"1", "tid":"cice"},
{"name":"ModelAdvance", "ph":"B", "ts":"2763223946", "pid":"1", "tid":"cice"},
{"name":"ModelAdvance", "ph":"E", "ts":"2765651875", "pid":"1", "tid":"cice"},
{"name":"ModelAdvance", "ph":"B", "ts":"2766107455", "pid":"1", "tid":"cice"},
{"name":"ModelAdvance", "ph":"E", "ts":"2768547479", "pid":"1", "tid":"cice"},
{"name":"ModelAdvance", "ph":"B", "ts":"2768950857", "pid":"1", "tid":"cice"},
{"name":"ModelAdvance", "ph":"E", "ts":"2771427836", "pid":"1", "tid":"cice"},
{"name":"ModelAdvance", "ph":"B", "ts":"2771838897", "pid":"1", "tid":"cice"},
{"name":"ModelAdvance", "ph":"E", "ts":"2774295124", "pid":"1", "tid":"cice"},
{"name":"ModelAdvance", "ph":"B", "ts":"2774796963", "pid":"1", "tid":"cice"},
{"name":"ModelAdvance", "ph":"E", "ts":"2777466734", "pid":"1", "tid":"cice"},
{"name":"ModelAdvance", "ph":"B", "ts":"2780799893", "pid":"1", "tid":"cice"},
{"name":"ModelAdvance", "ph":"E", "ts":"2783288840", "pid":"1", "tid":"cice"},
{"name":"ModelAdvance", "ph":"B", "ts":"2783619986", "pid":"1", "tid":"cice"},
{"name":"ModelAdvance", "ph":"E", "ts":"2786286030", "pid":"1", "tid":"cice"},
{"name":"ModelAdvance", "ph":"B", "ts":"2786801131", "pid":"1", "tid":"cice"},
{"name":"ModelAdvance", "ph":"E", "ts":"2789243111", "pid":"1", "tid":"cice"},
{"name":"ModelAdvance", "ph":"B", "ts":"2789678179", "pid":"1", "tid":"cice"},
{"name":"ModelAdvance", "ph":"E", "ts":"2792109279", "pid":"1", "tid":"cice"},
{"name":"ModelAdvance", "ph":"B", "ts":"2792570627", "pid":"1", "tid":"cice"},
{"name":"ModelAdvance", "ph":"E", "ts":"2795010510", "pid":"1", "tid":"cice"},
{"name":"ModelAdvance", "ph":"B", "ts":"2795432378", "pid":"1", "tid":"cice"},
{"name":"ModelAdvance", "ph":"E", "ts":"2797828911", "pid":"1", "tid":"cice"},
{"name":"ModelAdvance", "ph":"B", "ts":"2798253465", "pid":"1", "tid":"cice"},
{"name":"ModelAdvance", "ph":"E", "ts":"2800682683", "pid":"1", "tid":"cice"},
{"name":"ModelAdvance", "ph":"B", "ts":"2801068720", "pid":"1", "tid":"cice"},
{"name":"ModelAdvance", "ph":"E", "ts":"2803590149", "pid":"1", "tid":"cice"},
{"name":"ModelAdvance", "ph":"B", "ts":"2804035997", "pid":"1", "tid":"cice"},
{"name":"ModelAdvance", "ph":"E", "ts":"2806462451", "pid":"1", "tid":"cice"},
{"name":"ModelAdvance", "ph":"B", "ts":"2806907859", "pid":"1", "tid":"cice"},
{"name":"ModelAdvance", "ph":"E", "ts":"2809334992", "pid":"1", "tid":"cice"},
{"name":"ModelAdvance", "ph":"B", "ts":"2809817936", "pid":"1", "tid":"cice"},
{"name":"ModelAdvance", "ph":"E", "ts":"2812242817", "pid":"1", "tid":"cice"},
{"name":"ModelAdvance", "ph":"B", "ts":"2812688461", "pid":"1", "tid":"cice"},
{"name":"ModelAdvance", "ph":"E", "ts":"2815193058", "pid":"1", "tid":"cice"},
{"name":"ModelAdvance", "ph":"B", "ts":"2815601983", "pid":"1", "tid":"cice"},
{"name":"ModelAdvance", "ph":"E", "ts":"2818058528", "pid":"1", "tid":"cice"},
{"name":"ModelAdvance", "ph":"B", "ts":"2818464260", "pid":"1", "tid":"cice"},
{"name":"ModelAdvance", "ph":"E", "ts":"2820958417", "pid":"1", "tid":"cice"},
{"name":"ModelAdvance", "ph":"B", "ts":"2821306030", "pid":"1", "tid":"cice"},
{"name":"ModelAdvance", "ph":"E", "ts":"2823809799", "pid":"1", "tid":"cice"},
{"name":"ModelAdvance", "ph":"B", "ts":"2824199018", "pid":"1", "tid":"cice"},
{"name":"ModelAdvance", "ph":"E", "ts":"2826712578", "pid":"1", "tid":"cice"},
{"name":"ModelAdvance", "ph":"B", "ts":"2827134201", "pid":"1", "tid":"cice"},
{"name":"ModelAdvance", "ph":"E", "ts":"2829596818", "pid":"1", "tid":"cice"},
{"name":"ModelAdvance", "ph":"B", "ts":"2830045485", "pid":"1", "tid":"cice"},
{"name":"ModelAdvance", "ph":"E", "ts":"2832477217", "pid":"1", "tid":"cice"},
{"name":"ModelAdvance", "ph":"B", "ts":"2832943939", "pid":"1", "tid":"cice"},
{"name":"ModelAdvance", "ph":"E", "ts":"2835369409", "pid":"1", "tid":"cice"},
{"name":"ModelAdvance", "ph":"B", "ts":"2835881052", "pid":"1", "tid":"cice"},
{"name":"ModelAdvance", "ph":"E", "ts":"2838321213", "pid":"1", "tid":"cice"},
{"name":"ModelAdvance", "ph":"B", "ts":"2838751799", "pid":"1", "tid":"cice"},
{"name":"ModelAdvance", "ph":"E", "ts":"2841175547", "pid":"1", "tid":"cice"},
{"name":"ModelAdvance", "ph":"B", "ts":"2841634742", "pid":"1", "tid":"cice"},
{"name":"ModelAdvance", "ph":"E", "ts":"2844066092", "pid":"1", "tid":"cice"},
{"name":"ModelAdvance", "ph":"B", "ts":"2844477393", "pid":"1", "tid":"cice"},
{"name":"ModelAdvance", "ph":"E", "ts":"2846962867", "pid":"1", "tid":"cice"},
{"name":"ModelAdvance", "ph":"B", "ts":"2847505349", "pid":"1", "tid":"cice"},
{"name":"ModelAdvance", "ph":"E", "ts":"2850128541", "pid":"1", "tid":"cice"},
{"name":"ModelAdvance", "ph":"B", "ts":"2853618942", "pid":"1", "tid":"cice"},
{"name":"ModelAdvance", "ph":"E", "ts":"2856068669", "pid":"1", "tid":"cice"},
{"name":"ModelAdvance", "ph":"B", "ts":"2856533678", "pid":"1", "tid":"cice"},
{"name":"ModelAdvance", "ph":"E", "ts":"2859015053", "pid":"1", "tid":"cice"},
{"name":"ModelAdvance", "ph":"B", "ts":"2859541337", "pid":"1", "tid":"cice"},
{"name":"ModelAdvance", "ph":"E", "ts":"2862044810", "pid":"1", "tid":"cice"},
{"name":"ModelAdvance", "ph":"B", "ts":"2862473984", "pid":"1", "tid":"cice"},
{"name":"ModelAdvance", "ph":"E", "ts":"2864856217", "pid":"1", "tid":"cice"},
{"name":"ModelAdvance", "ph":"B", "ts":"2865256812", "pid":"1", "tid":"cice"},
{"name":"ModelAdvance", "ph":"E", "ts":"2867715073", "pid":"1", "tid":"cice"},
{"name":"ModelAdvance", "ph":"B", "ts":"2868204198", "pid":"1", "tid":"cice"},
{"name":"ModelAdvance", "ph":"E", "ts":"2870552944", "pid":"1", "tid":"cice"},
{"name":"ModelAdvance", "ph":"B", "ts":"2871002120", "pid":"1", "tid":"cice"},
{"name":"ModelAdvance", "ph":"E", "ts":"2873417181", "pid":"1", "tid":"cice"},
{"name":"ModelAdvance", "ph":"B", "ts":"2873902178", "pid":"1", "tid":"cice"},
{"name":"ModelAdvance", "ph":"E", "ts":"2876309101", "pid":"1", "tid":"cice"},
{"name":"ModelAdvance", "ph":"B", "ts":"2876756239", "pid":"1", "tid":"cice"},
{"name":"ModelAdvance", "ph":"E", "ts":"2879223676", "pid":"1", "tid":"cice"},
{"name":"ModelAdvance", "ph":"B", "ts":"2879660577", "pid":"1", "tid":"cice"},
{"name":"ModelAdvance", "ph":"E", "ts":"2882126122", "pid":"1", "tid":"cice"},
{"name":"ModelAdvance", "ph":"B", "ts":"2882603078", "pid":"1", "tid":"cice"},
{"name":"ModelAdvance", "ph":"E", "ts":"2885103511", "pid":"1", "tid":"cice"},
{"name":"ModelAdvance", "ph":"B", "ts":"2885565949", "pid":"1", "tid":"cice"},
{"name":"ModelAdvance", "ph":"E", "ts":"2888077693", "pid":"1", "tid":"cice"},
{"name":"ModelAdvance", "ph":"B", "ts":"2888498401", "pid":"1", "tid":"cice"},
{"name":"ModelAdvance", "ph":"E", "ts":"2890963420", "pid":"1", "tid":"cice"},
{"name":"ModelAdvance", "ph":"B", "ts":"2891393165", "pid":"1", "tid":"cice"},
{"name":"ModelAdvance", "ph":"E", "ts":"2893892904", "pid":"1", "tid":"cice"},
{"name":"ModelAdvance", "ph":"B", "ts":"2894279199", "pid":"1", "tid":"cice"},
{"name":"ModelAdvance", "ph":"E", "ts":"2896775194", "pid":"1", "tid":"cice"},
{"name":"ModelAdvance", "ph":"B", "ts":"2897223942", "pid":"1", "tid":"cice"},
{"name":"ModelAdvance", "ph":"E", "ts":"2899690474", "pid":"1", "tid":"cice"},
{"name":"ModelAdvance", "ph":"B", "ts":"2900115230", "pid":"1", "tid":"cice"},
{"name":"ModelAdvance", "ph":"E", "ts":"2902548123", "pid":"1", "tid":"cice"},
{"name":"ModelAdvance", "ph":"B", "ts":"2904736384", "pid":"1", "tid":"cice"},
{"name":"ModelAdvance", "ph":"E", "ts":"2907089182", "pid":"1", "tid":"cice"},
{"name":"ModelAdvance", "ph":"B", "ts":"2907522698", "pid":"1", "tid":"cice"},
{"name":"ModelAdvance", "ph":"E", "ts":"2909912380", "pid":"1", "tid":"cice"},
{"name":"ModelAdvance", "ph":"B", "ts":"2910400243", "pid":"1", "tid":"cice"},
{"name":"ModelAdvance", "ph":"E", "ts":"2912761884", "pid":"1", "tid":"cice"},
{"name":"ModelAdvance", "ph":"B", "ts":"2913182222", "pid":"1", "tid":"cice"},
{"name":"ModelAdvance", "ph":"E", "ts":"2915602457", "pid":"1", "tid":"cice"},
{"name":"ModelAdvance", "ph":"B", "ts":"2916025200", "pid":"1", "tid":"cice"},
{"name":"ModelAdvance", "ph":"E", "ts":"2918448288", "pid":"1", "tid":"cice"},
{"name":"ModelAdvance", "ph":"B", "ts":"2918904628", "pid":"1", "tid":"cice"},
{"name":"ModelAdvance", "ph":"E", "ts":"2925827929", "pid":"1", "tid":"cice"},
{"name":"ModelAdvance", "ph":"B", "ts":"2937502356", "pid":"1", "tid":"cice"},
{"name":"ModelAdvance", "ph":"E", "ts":"2939950988", "pid":"1", "tid":"cice"},
{"name":"ModelAdvance", "ph":"B", "ts":"2942725023", "pid":"1", "tid":"cice"},
{"name":"ModelAdvance", "ph":"E", "ts":"2945189776", "pid":"1", "tid":"cice"},
{"name":"ModelAdvance", "ph":"B", "ts":"2945654064", "pid":"1", "tid":"cice"},
{"name":"ModelAdvance", "ph":"E", "ts":"2948097213", "pid":"1", "tid":"cice"},
{"name":"ModelAdvance", "ph":"B", "ts":"2948509465", "pid":"1", "tid":"cice"},
{"name":"ModelAdvance", "ph":"E", "ts":"2950952096", "pid":"1", "tid":"cice"},
{"name":"ModelAdvance", "ph":"B", "ts":"2951404654", "pid":"1", "tid":"cice"},
{"name":"ModelAdvance", "ph":"E", "ts":"2953905270", "pid":"1", "tid":"cice"},
{"name":"ModelAdvance", "ph":"B", "ts":"2954380292", "pid":"1", "tid":"cice"},
{"name":"ModelAdvance", "ph":"E", "ts":"2956744265", "pid":"1", "tid":"cice"},
{"name":"ModelAdvance", "ph":"B", "ts":"2957186009", "pid":"1", "tid":"cice"},
{"name":"ModelAdvance", "ph":"E", "ts":"2959579591", "pid":"1", "tid":"cice"},
{"name":"ModelAdvance", "ph":"B", "ts":"2960015586", "pid":"1", "tid":"cice"},
{"name":"ModelAdvance", "ph":"E", "ts":"2962424371", "pid":"1", "tid":"cice"},
{"name":"ModelAdvance", "ph":"B", "ts":"2962883099", "pid":"1", "tid":"cice"},
{"name":"ModelAdvance", "ph":"E", "ts":"2965349596", "pid":"1", "tid":"cice"},
{"name":"ModelAdvance", "ph":"B", "ts":"2965814002", "pid":"1", "tid":"cice"},
{"name":"ModelAdvance", "ph":"E", "ts":"2968237984", "pid":"1", "tid":"cice"},
{"name":"ModelAdvance", "ph":"B", "ts":"2968704411", "pid":"1", "tid":"cice"},
{"name":"ModelAdvance", "ph":"E", "ts":"2971120619", "pid":"1", "tid":"cice"},
{"name":"ModelAdvance", "ph":"B", "ts":"2971568035", "pid":"1", "tid":"cice"},
{"name":"ModelAdvance", "ph":"E", "ts":"2974060211", "pid":"1", "tid":"cice"},
{"name":"ModelAdvance", "ph":"B", "ts":"2974557043", "pid":"1", "tid":"cice"},
{"name":"ModelAdvance", "ph":"E", "ts":"2977016994", "pid":"1", "tid":"cice"},
{"name":"ModelAdvance", "ph":"B", "ts":"2977492489", "pid":"1", "tid":"cice"},
{"name":"ModelAdvance", "ph":"E", "ts":"2979912337", "pid":"1", "tid":"cice"},
{"name":"ModelAdvance", "ph":"B", "ts":"2980348957", "pid":"1", "tid":"cice"},
{"name":"ModelAdvance", "ph":"E", "ts":"2982829607", "pid":"1", "tid":"cice"},
{"name":"ModelAdvance", "ph":"B", "ts":"2983197544", "pid":"1", "tid":"cice"},
{"name":"ModelAdvance", "ph":"E", "ts":"2985683261", "pid":"1", "tid":"cice"},
{"name":"ModelAdvance", "ph":"B", "ts":"2986214158", "pid":"1", "tid":"cice"},
{"name":"ModelAdvance", "ph":"E", "ts":"2988637776", "pid":"1", "tid":"cice"},
{"name":"ModelAdvance", "ph":"B", "ts":"2989028239", "pid":"1", "tid":"cice"},
{"name":"ModelAdvance", "ph":"E", "ts":"2991508974", "pid":"1", "tid":"cice"},
{"name":"ModelAdvance", "ph":"B", "ts":"2992016907", "pid":"1", "tid":"cice"},
{"name":"ModelAdvance", "ph":"E", "ts":"2994442860", "pid":"1", "tid":"cice"},
{"name":"ModelAdvance", "ph":"B", "ts":"2994914362", "pid":"1", "tid":"cice"},
{"name":"ModelAdvance", "ph":"E", "ts":"2997318836", "pid":"1", "tid":"cice"},
{"name":"ModelAdvance", "ph":"B", "ts":"2997765321", "pid":"1", "tid":"cice"},
{"name":"ModelAdvance", "ph":"E", "ts":"3000219103", "pid":"1", "tid":"cice"},
{"name":"ModelAdvance", "ph":"B", "ts":"3000692921", "pid":"1", "tid":"cice"},
{"name":"ModelAdvance", "ph":"E", "ts":"3003140936", "pid":"1", "tid":"cice"},
{"name":"ModelAdvance", "ph":"B", "ts":"3003624691", "pid":"1", "tid":"cice"},
{"name":"ModelAdvance", "ph":"E", "ts":"3006057661", "pid":"1", "tid":"cice"},
{"name":"ModelAdvance", "ph":"B", "ts":"3006496515", "pid":"1", "tid":"cice"},
{"name":"ModelAdvance", "ph":"E", "ts":"3008943693", "pid":"1", "tid":"cice"},
{"name":"ModelAdvance", "ph":"B", "ts":"3087075324", "pid":"1", "tid":"cice"},
{"name":"ModelAdvance", "ph":"E", "ts":"3089548277", "pid":"1", "tid":"cice"},
{"name":"ModelAdvance", "ph":"B", "ts":"3092206293", "pid":"1", "tid":"cice"},
{"name":"ModelAdvance", "ph":"E", "ts":"3094712436", "pid":"1", "tid":"cice"},
{"name":"ModelAdvance", "ph":"B", "ts":"3095116513", "pid":"1", "tid":"cice"},
{"name":"ModelAdvance", "ph":"E", "ts":"3097563497", "pid":"1", "tid":"cice"},
{"name":"ModelAdvance", "ph":"B", "ts":"3098014087", "pid":"1", "tid":"cice"},
{"name":"ModelAdvance", "ph":"E", "ts":"3100439087", "pid":"1", "tid":"cice"},
{"name":"ModelAdvance", "ph":"B", "ts":"3100859546", "pid":"1", "tid":"cice"},
{"name":"ModelAdvance", "ph":"E", "ts":"3103282934", "pid":"1", "tid":"cice"},
{"name":"ModelAdvance", "ph":"B", "ts":"3103721496", "pid":"1", "tid":"cice"},
{"name":"ModelAdvance", "ph":"E", "ts":"3106077394", "pid":"1", "tid":"cice"},
{"name":"ModelAdvance", "ph":"B", "ts":"3106518267", "pid":"1", "tid":"cice"},
{"name":"ModelAdvance", "ph":"E", "ts":"3108876736", "pid":"1", "tid":"cice"},
{"name":"ModelAdvance", "ph":"B", "ts":"3109329542", "pid":"1", "tid":"cice"},
{"name":"ModelAdvance", "ph":"E", "ts":"3111771801", "pid":"1", "tid":"cice"},
{"name":"ModelAdvance", "ph":"B", "ts":"3112209438", "pid":"1", "tid":"cice"},
{"name":"ModelAdvance", "ph":"E", "ts":"3114629290", "pid":"1", "tid":"cice"},
{"name":"ModelAdvance", "ph":"B", "ts":"3115101419", "pid":"1", "tid":"cice"},
{"name":"ModelAdvance", "ph":"E", "ts":"3117460448", "pid":"1", "tid":"cice"},
{"name":"ModelAdvance", "ph":"B", "ts":"3117922062", "pid":"1", "tid":"cice"},
{"name":"ModelAdvance", "ph":"E", "ts":"3120320353", "pid":"1", "tid":"cice"},
{"name":"ModelAdvance", "ph":"B", "ts":"3120811886", "pid":"1", "tid":"cice"},
{"name":"ModelAdvance", "ph":"E", "ts":"3123208151", "pid":"1", "tid":"cice"},
{"name":"ModelAdvance", "ph":"B", "ts":"3123727040", "pid":"1", "tid":"cice"},
{"name":"ModelAdvance", "ph":"E", "ts":"3126187730", "pid":"1", "tid":"cice"},
{"name":"ModelAdvance", "ph":"B", "ts":"3126666873", "pid":"1", "tid":"cice"},
{"name":"ModelAdvance", "ph":"E", "ts":"3129082912", "pid":"1", "tid":"cice"},
{"name":"ModelAdvance", "ph":"B", "ts":"3129507525", "pid":"1", "tid":"cice"},
{"name":"ModelAdvance", "ph":"E", "ts":"3131990214", "pid":"1", "tid":"cice"},
{"name":"ModelAdvance", "ph":"B", "ts":"3132417554", "pid":"1", "tid":"cice"},
{"name":"ModelAdvance", "ph":"E", "ts":"3134853812", "pid":"1", "tid":"cice"},
{"name":"ModelAdvance", "ph":"B", "ts":"3135372261", "pid":"1", "tid":"cice"},
{"name":"ModelAdvance", "ph":"E", "ts":"3137804558", "pid":"1", "tid":"cice"},
{"name":"ModelAdvance", "ph":"B", "ts":"3138244225", "pid":"1", "tid":"cice"},
{"name":"ModelAdvance", "ph":"E", "ts":"3140651950", "pid":"1", "tid":"cice"},
{"name":"ModelAdvance", "ph":"B", "ts":"3141134332", "pid":"1", "tid":"cice"},
{"name":"ModelAdvance", "ph":"E", "ts":"3143538830", "pid":"1", "tid":"cice"},
{"name":"ModelAdvance", "ph":"B", "ts":"3144019255", "pid":"1", "tid":"cice"},
{"name":"ModelAdvance", "ph":"E", "ts":"3146441416", "pid":"1", "tid":"cice"},
{"name":"ModelAdvance", "ph":"B", "ts":"3146954256", "pid":"1", "tid":"cice"},
{"name":"ModelAdvance", "ph":"E", "ts":"3149333617", "pid":"1", "tid":"cice"},
{"name":"ModelAdvance", "ph":"B", "ts":"3149808667", "pid":"1", "tid":"cice"},
{"name":"ModelAdvance", "ph":"E", "ts":"3152220148", "pid":"1", "tid":"cice"},
{"name":"ModelAdvance", "ph":"B", "ts":"3152703285", "pid":"1", "tid":"cice"},
{"name":"ModelAdvance", "ph":"E", "ts":"3155132833", "pid":"1", "tid":"cice"},
{"name":"ModelAdvance", "ph":"B", "ts":"3155573017", "pid":"1", "tid":"cice"},
{"name":"ModelAdvance", "ph":"E", "ts":"3158017881", "pid":"1", "tid":"cice"},
{"name":"ModelAdvance", "ph":"B", "ts":"3158568917", "pid":"1", "tid":"cice"},
{"name":"ModelAdvance", "ph":"E", "ts":"3161202638", "pid":"1", "tid":"cice"},
{"name":"ModelAdvance", "ph":"B", "ts":"3164705802", "pid":"1", "tid":"cice"},
{"name":"ModelAdvance", "ph":"E", "ts":"3167125868", "pid":"1", "tid":"cice"},
{"name":"ModelAdvance", "ph":"B", "ts":"3167551820", "pid":"1", "tid":"cice"},
{"name":"ModelAdvance", "ph":"E", "ts":"3170126099", "pid":"1", "tid":"cice"},
{"name":"ModelAdvance", "ph":"B", "ts":"3170601674", "pid":"1", "tid":"cice"},
{"name":"ModelAdvance", "ph":"E", "ts":"3173025991", "pid":"1", "tid":"cice"},
{"name":"ModelAdvance", "ph":"B", "ts":"3173511982", "pid":"1", "tid":"cice"},
{"name":"ModelAdvance", "ph":"E", "ts":"3175843448", "pid":"1", "tid":"cice"},
{"name":"ModelAdvance", "ph":"B", "ts":"3176283499", "pid":"1", "tid":"cice"},
{"name":"ModelAdvance", "ph":"E", "ts":"3178720971", "pid":"1", "tid":"cice"},
{"name":"ModelAdvance", "ph":"B", "ts":"3179159548", "pid":"1", "tid":"cice"},
{"name":"ModelAdvance", "ph":"E", "ts":"3181570709", "pid":"1", "tid":"cice"},
{"name":"ModelAdvance", "ph":"B", "ts":"3181998773", "pid":"1", "tid":"cice"},
{"name":"ModelAdvance", "ph":"E", "ts":"3184384792", "pid":"1", "tid":"cice"},
{"name":"ModelAdvance", "ph":"B", "ts":"3184838690", "pid":"1", "tid":"cice"},
{"name":"ModelAdvance", "ph":"E", "ts":"3187224334", "pid":"1", "tid":"cice"},
{"name":"ModelAdvance", "ph":"B", "ts":"3187736390", "pid":"1", "tid":"cice"},
{"name":"ModelAdvance", "ph":"E", "ts":"3190140525", "pid":"1", "tid":"cice"},
{"name":"ModelAdvance", "ph":"B", "ts":"3190603370", "pid":"1", "tid":"cice"},
{"name":"ModelAdvance", "ph":"E", "ts":"3193022306", "pid":"1", "tid":"cice"},
{"name":"ModelAdvance", "ph":"B", "ts":"3193477574", "pid":"1", "tid":"cice"},
{"name":"ModelAdvance", "ph":"E", "ts":"3195946924", "pid":"1", "tid":"cice"},
{"name":"ModelAdvance", "ph":"B", "ts":"3196438100", "pid":"1", "tid":"cice"},
{"name":"ModelAdvance", "ph":"E", "ts":"3198920429", "pid":"1", "tid":"cice"},
{"name":"ModelAdvance", "ph":"B", "ts":"3199393808", "pid":"1", "tid":"cice"},
{"name":"ModelAdvance", "ph":"E", "ts":"3201790539", "pid":"1", "tid":"cice"},
{"name":"ModelAdvance", "ph":"B", "ts":"3202286214", "pid":"1", "tid":"cice"},
{"name":"ModelAdvance", "ph":"E", "ts":"3204756003", "pid":"1", "tid":"cice"},
{"name":"ModelAdvance", "ph":"B", "ts":"3205207043", "pid":"1", "tid":"cice"},
{"name":"ModelAdvance", "ph":"E", "ts":"3207645340", "pid":"1", "tid":"cice"},
{"name":"ModelAdvance", "ph":"B", "ts":"3208125855", "pid":"1", "tid":"cice"},
{"name":"ModelAdvance", "ph":"E", "ts":"3210554716", "pid":"1", "tid":"cice"},
{"name":"ModelAdvance", "ph":"B", "ts":"3211038005", "pid":"1", "tid":"cice"},
{"name":"ModelAdvance", "ph":"E", "ts":"3213427739", "pid":"1", "tid":"cice"},
{"name":"ModelAdvance", "ph":"B", "ts":"3213854858", "pid":"1", "tid":"cice"},
{"name":"ModelAdvance", "ph":"E", "ts":"3216274567", "pid":"1", "tid":"cice"},
{"name":"ModelAdvance", "ph":"B", "ts":"3216726495", "pid":"1", "tid":"cice"},
{"name":"ModelAdvance", "ph":"E", "ts":"3219154654", "pid":"1", "tid":"cice"},
{"name":"ModelAdvance", "ph":"B", "ts":"3219668589", "pid":"1", "tid":"cice"},
{"name":"ModelAdvance", "ph":"E", "ts":"3222031152", "pid":"1", "tid":"cice"},
{"name":"ModelAdvance", "ph":"B", "ts":"3222477048", "pid":"1", "tid":"cice"},
{"name":"ModelAdvance", "ph":"E", "ts":"3224846322", "pid":"1", "tid":"cice"},
{"name":"ModelAdvance", "ph":"B", "ts":"3225323210", "pid":"1", "tid":"cice"},
{"name":"ModelAdvance", "ph":"E", "ts":"3227663962", "pid":"1", "tid":"cice"},
{"name":"ModelAdvance", "ph":"B", "ts":"3228110803", "pid":"1", "tid":"cice"},
{"name":"ModelAdvance", "ph":"E", "ts":"3235475054", "pid":"1", "tid":"cice"},
{"name":"ModelAdvance", "ph":"B", "ts":"3245360545", "pid":"1", "tid":"cice"},
{"name":"ModelAdvance", "ph":"E", "ts":"3247786269", "pid":"1", "tid":"cice"},
{"name":"ModelAdvance", "ph":"B", "ts":"3250484997", "pid":"1", "tid":"cice"},
{"name":"ModelAdvance", "ph":"E", "ts":"3252982380", "pid":"1", "tid":"cice"},
{"name":"ModelAdvance", "ph":"B", "ts":"3253466324", "pid":"1", "tid":"cice"},
{"name":"ModelAdvance", "ph":"E", "ts":"3255873136", "pid":"1", "tid":"cice"},
{"name":"ModelAdvance", "ph":"B", "ts":"3256306182", "pid":"1", "tid":"cice"},
{"name":"ModelAdvance", "ph":"E", "ts":"3258820825", "pid":"1", "tid":"cice"},
{"name":"ModelAdvance", "ph":"B", "ts":"3259303535", "pid":"1", "tid":"cice"},
{"name":"ModelAdvance", "ph":"E", "ts":"3261713029", "pid":"1", "tid":"cice"},
{"name":"ModelAdvance", "ph":"B", "ts":"3262223503", "pid":"1", "tid":"cice"},
{"name":"ModelAdvance", "ph":"E", "ts":"3264574665", "pid":"1", "tid":"cice"},
{"name":"ModelAdvance", "ph":"B", "ts":"3265037991", "pid":"1", "tid":"cice"},
{"name":"ModelAdvance", "ph":"E", "ts":"3267513473", "pid":"1", "tid":"cice"},
{"name":"ModelAdvance", "ph":"B", "ts":"3267965855", "pid":"1", "tid":"cice"},
{"name":"ModelAdvance", "ph":"E", "ts":"3270331950", "pid":"1", "tid":"cice"},
{"name":"ModelAdvance", "ph":"B", "ts":"3270818357", "pid":"1", "tid":"cice"},
{"name":"ModelAdvance", "ph":"E", "ts":"3273251798", "pid":"1", "tid":"cice"},
{"name":"ModelAdvance", "ph":"B", "ts":"3273733241", "pid":"1", "tid":"cice"},
{"name":"ModelAdvance", "ph":"E", "ts":"3276151691", "pid":"1", "tid":"cice"},
{"name":"ModelAdvance", "ph":"B", "ts":"3276636091", "pid":"1", "tid":"cice"},
{"name":"ModelAdvance", "ph":"E", "ts":"3279028882", "pid":"1", "tid":"cice"},
{"name":"ModelAdvance", "ph":"B", "ts":"3279550976", "pid":"1", "tid":"cice"},
{"name":"ModelAdvance", "ph":"E", "ts":"3281944715", "pid":"1", "tid":"cice"},
{"name":"ModelAdvance", "ph":"B", "ts":"3282433560", "pid":"1", "tid":"cice"},
{"name":"ModelAdvance", "ph":"E", "ts":"3284844123", "pid":"1", "tid":"cice"},
{"name":"ModelAdvance", "ph":"B", "ts":"3285317935", "pid":"1", "tid":"cice"},
{"name":"ModelAdvance", "ph":"E", "ts":"3287770832", "pid":"1", "tid":"cice"},
{"name":"ModelAdvance", "ph":"B", "ts":"3288251318", "pid":"1", "tid":"cice"},
{"name":"ModelAdvance", "ph":"E", "ts":"3290686977", "pid":"1", "tid":"cice"},
{"name":"ModelAdvance", "ph":"B", "ts":"3291153415", "pid":"1", "tid":"cice"},
{"name":"ModelAdvance", "ph":"E", "ts":"3293577112", "pid":"1", "tid":"cice"},
{"name":"ModelAdvance", "ph":"B", "ts":"3294082349", "pid":"1", "tid":"cice"},
{"name":"ModelAdvance", "ph":"E", "ts":"3296457489", "pid":"1", "tid":"cice"},
{"name":"ModelAdvance", "ph":"B", "ts":"3296926217", "pid":"1", "tid":"cice"},
{"name":"ModelAdvance", "ph":"E", "ts":"3299362224", "pid":"1", "tid":"cice"},
{"name":"ModelAdvance", "ph":"B", "ts":"3299853780", "pid":"1", "tid":"cice"},
{"name":"ModelAdvance", "ph":"E", "ts":"3302244720", "pid":"1", "tid":"cice"},
{"name":"ModelAdvance", "ph":"B", "ts":"3302718597", "pid":"1", "tid":"cice"},
{"name":"ModelAdvance", "ph":"E", "ts":"3305114407", "pid":"1", "tid":"cice"},
{"name":"ModelAdvance", "ph":"B", "ts":"3305646203", "pid":"1", "tid":"cice"},
{"name":"ModelAdvance", "ph":"E", "ts":"3308025166", "pid":"1", "tid":"cice"},
{"name":"ModelAdvance", "ph":"B", "ts":"3308526393", "pid":"1", "tid":"cice"},
{"name":"ModelAdvance", "ph":"E", "ts":"3310910442", "pid":"1", "tid":"cice"},
{"name":"ModelAdvance", "ph":"B", "ts":"3311380433", "pid":"1", "tid":"cice"},
{"name":"ModelAdvance", "ph":"E", "ts":"3313803340", "pid":"1", "tid":"cice"},
{"name":"ModelAdvance", "ph":"B", "ts":"3314297941", "pid":"1", "tid":"cice"},
{"name":"ModelAdvance", "ph":"E", "ts":"3316699047", "pid":"1", "tid":"cice"},
{"name":"ModelAdvance", "ph":"B", "ts":"3317392515", "pid":"1", "tid":"cice"},
{"name":"ModelAdvance", "ph":"E", "ts":"3319888041", "pid":"1", "tid":"cice"},
{"name":"ModelAdvance", "ph":"B", "ts":"3323648406", "pid":"1", "tid":"cice"},
{"name":"ModelAdvance", "ph":"E", "ts":"3326031315", "pid":"1", "tid":"cice"},
{"name":"ModelAdvance", "ph":"B", "ts":"3326472270", "pid":"1", "tid":"cice"},
{"name":"ModelAdvance", "ph":"E", "ts":"3329020716", "pid":"1", "tid":"cice"},
{"name":"ModelAdvance", "ph":"B", "ts":"3329585824", "pid":"1", "tid":"cice"},
{"name":"ModelAdvance", "ph":"E", "ts":"3331989254", "pid":"1", "tid":"cice"},
{"name":"ModelAdvance", "ph":"B", "ts":"3332493275", "pid":"1", "tid":"cice"},
{"name":"ModelAdvance", "ph":"E", "ts":"3334841985", "pid":"1", "tid":"cice"},
{"name":"ModelAdvance", "ph":"B", "ts":"3335288051", "pid":"1", "tid":"cice"},
{"name":"ModelAdvance", "ph":"E", "ts":"3337672717", "pid":"1", "tid":"cice"},
{"name":"ModelAdvance", "ph":"B", "ts":"3338161944", "pid":"1", "tid":"cice"},
{"name":"ModelAdvance", "ph":"E", "ts":"3340494829", "pid":"1", "tid":"cice"},
{"name":"ModelAdvance", "ph":"B", "ts":"3340924544", "pid":"1", "tid":"cice"},
{"name":"ModelAdvance", "ph":"E", "ts":"3343351524", "pid":"1", "tid":"cice"},
{"name":"ModelAdvance", "ph":"B", "ts":"3343833124", "pid":"1", "tid":"cice"},
{"name":"ModelAdvance", "ph":"E", "ts":"3346222864", "pid":"1", "tid":"cice"},
{"name":"ModelAdvance", "ph":"B", "ts":"3346700957", "pid":"1", "tid":"cice"},
{"name":"ModelAdvance", "ph":"E", "ts":"3349103236", "pid":"1", "tid":"cice"},
{"name":"ModelAdvance", "ph":"B", "ts":"3349579925", "pid":"1", "tid":"cice"},
{"name":"ModelAdvance", "ph":"E", "ts":"3351972760", "pid":"1", "tid":"cice"},
{"name":"ModelAdvance", "ph":"B", "ts":"3352489247", "pid":"1", "tid":"cice"},
{"name":"ModelAdvance", "ph":"E", "ts":"3354861156", "pid":"1", "tid":"cice"},
{"name":"ModelAdvance", "ph":"B", "ts":"3355387483", "pid":"1", "tid":"cice"},
{"name":"ModelAdvance", "ph":"E", "ts":"3357821972", "pid":"1", "tid":"cice"},
{"name":"ModelAdvance", "ph":"B", "ts":"3358276740", "pid":"1", "tid":"cice"},
{"name":"ModelAdvance", "ph":"E", "ts":"3360726655", "pid":"1", "tid":"cice"},
{"name":"ModelAdvance", "ph":"B", "ts":"3361206409", "pid":"1", "tid":"cice"},
{"name":"ModelAdvance", "ph":"E", "ts":"3363624135", "pid":"1", "tid":"cice"},
{"name":"ModelAdvance", "ph":"B", "ts":"3364090809", "pid":"1", "tid":"cice"},
{"name":"ModelAdvance", "ph":"E", "ts":"3366522699", "pid":"1", "tid":"cice"},
{"name":"ModelAdvance", "ph":"B", "ts":"3366978698", "pid":"1", "tid":"cice"},
{"name":"ModelAdvance", "ph":"E", "ts":"3369418408", "pid":"1", "tid":"cice"},
{"name":"ModelAdvance", "ph":"B", "ts":"3369894363", "pid":"1", "tid":"cice"},
{"name":"ModelAdvance", "ph":"E", "ts":"3372313267", "pid":"1", "tid":"cice"},
{"name":"ModelAdvance", "ph":"B", "ts":"3372833804", "pid":"1", "tid":"cice"},
{"name":"ModelAdvance", "ph":"E", "ts":"3375221215", "pid":"1", "tid":"cice"},
{"name":"ModelAdvance", "ph":"B", "ts":"3375707378", "pid":"1", "tid":"cice"},
{"name":"ModelAdvance", "ph":"E", "ts":"3378094772", "pid":"1", "tid":"cice"},
{"name":"ModelAdvance", "ph":"B", "ts":"3378566680", "pid":"1", "tid":"cice"},
{"name":"ModelAdvance", "ph":"E", "ts":"3380997388", "pid":"1", "tid":"cice"},
{"name":"ModelAdvance", "ph":"B", "ts":"3381518247", "pid":"1", "tid":"cice"},
{"name":"ModelAdvance", "ph":"E", "ts":"3383941692", "pid":"1", "tid":"cice"},
{"name":"ModelAdvance", "ph":"B", "ts":"3384427738", "pid":"1", "tid":"cice"},
{"name":"ModelAdvance", "ph":"E", "ts":"3386858676", "pid":"1", "tid":"cice"},
{"name":"ModelAdvance", "ph":"B", "ts":"3387306457", "pid":"1", "tid":"cice"},
{"name":"ModelAdvance", "ph":"E", "ts":"3389740581", "pid":"1", "tid":"cice"},
{"name":"ModelAdvance", "ph":"B", "ts":"3470171303", "pid":"1", "tid":"cice"},
{"name":"ModelAdvance", "ph":"E", "ts":"3472609361", "pid":"1", "tid":"cice"},
{"name":"ModelAdvance", "ph":"B", "ts":"3475315691", "pid":"1", "tid":"cice"},
{"name":"ModelAdvance", "ph":"E", "ts":"3477830895", "pid":"1", "tid":"cice"},
{"name":"ModelAdvance", "ph":"B", "ts":"3478250413", "pid":"1", "tid":"cice"},
{"name":"ModelAdvance", "ph":"E", "ts":"3480690803", "pid":"1", "tid":"cice"},
{"name":"ModelAdvance", "ph":"B", "ts":"3481152935", "pid":"1", "tid":"cice"},
{"name":"ModelAdvance", "ph":"E", "ts":"3483550776", "pid":"1", "tid":"cice"},
{"name":"ModelAdvance", "ph":"B", "ts":"3484030648", "pid":"1", "tid":"cice"},
{"name":"ModelAdvance", "ph":"E", "ts":"3486400230", "pid":"1", "tid":"cice"},
{"name":"ModelAdvance", "ph":"B", "ts":"3486858416", "pid":"1", "tid":"cice"},
{"name":"ModelAdvance", "ph":"E", "ts":"3489200931", "pid":"1", "tid":"cice"},
{"name":"ModelAdvance", "ph":"B", "ts":"3489666826", "pid":"1", "tid":"cice"},
{"name":"ModelAdvance", "ph":"E", "ts":"3492064422", "pid":"1", "tid":"cice"},
{"name":"ModelAdvance", "ph":"B", "ts":"3492511887", "pid":"1", "tid":"cice"},
{"name":"ModelAdvance", "ph":"E", "ts":"3494912771", "pid":"1", "tid":"cice"},
{"name":"ModelAdvance", "ph":"B", "ts":"3495372332", "pid":"1", "tid":"cice"},
{"name":"ModelAdvance", "ph":"E", "ts":"3497790306", "pid":"1", "tid":"cice"},
{"name":"ModelAdvance", "ph":"B", "ts":"3498252412", "pid":"1", "tid":"cice"},
{"name":"ModelAdvance", "ph":"E", "ts":"3500676561", "pid":"1", "tid":"cice"},
{"name":"ModelAdvance", "ph":"B", "ts":"3501115187", "pid":"1", "tid":"cice"},
{"name":"ModelAdvance", "ph":"E", "ts":"3503532602", "pid":"1", "tid":"cice"},
{"name":"ModelAdvance", "ph":"B", "ts":"3504030445", "pid":"1", "tid":"cice"},
{"name":"ModelAdvance", "ph":"E", "ts":"3506434458", "pid":"1", "tid":"cice"},
{"name":"ModelAdvance", "ph":"B", "ts":"3506913816", "pid":"1", "tid":"cice"},
{"name":"ModelAdvance", "ph":"E", "ts":"3509390591", "pid":"1", "tid":"cice"},
{"name":"ModelAdvance", "ph":"B", "ts":"3509827850", "pid":"1", "tid":"cice"},
{"name":"ModelAdvance", "ph":"E", "ts":"3512288981", "pid":"1", "tid":"cice"},
{"name":"ModelAdvance", "ph":"B", "ts":"3512712400", "pid":"1", "tid":"cice"},
{"name":"ModelAdvance", "ph":"E", "ts":"3515211239", "pid":"1", "tid":"cice"},
{"name":"ModelAdvance", "ph":"B", "ts":"3515637761", "pid":"1", "tid":"cice"},
{"name":"ModelAdvance", "ph":"E", "ts":"3518106703", "pid":"1", "tid":"cice"},
{"name":"ModelAdvance", "ph":"B", "ts":"3518557385", "pid":"1", "tid":"cice"},
{"name":"ModelAdvance", "ph":"E", "ts":"3520956302", "pid":"1", "tid":"cice"},
{"name":"ModelAdvance", "ph":"B", "ts":"3521372449", "pid":"1", "tid":"cice"},
{"name":"ModelAdvance", "ph":"E", "ts":"3523814794", "pid":"1", "tid":"cice"},
{"name":"ModelAdvance", "ph":"B", "ts":"3524236741", "pid":"1", "tid":"cice"},
{"name":"ModelAdvance", "ph":"E", "ts":"3526638490", "pid":"1", "tid":"cice"},
{"name":"ModelAdvance", "ph":"B", "ts":"3527041611", "pid":"1", "tid":"cice"},
{"name":"ModelAdvance", "ph":"E", "ts":"3529424910", "pid":"1", "tid":"cice"},
{"name":"ModelAdvance", "ph":"B", "ts":"3529854480", "pid":"1", "tid":"cice"},
{"name":"ModelAdvance", "ph":"E", "ts":"3532244141", "pid":"1", "tid":"cice"},
{"name":"ModelAdvance", "ph":"B", "ts":"3532640642", "pid":"1", "tid":"cice"},
{"name":"ModelAdvance", "ph":"E", "ts":"3535084266", "pid":"1", "tid":"cice"},
{"name":"ModelAdvance", "ph":"B", "ts":"3535546935", "pid":"1", "tid":"cice"},
{"name":"ModelAdvance", "ph":"E", "ts":"3537916435", "pid":"1", "tid":"cice"},
{"name":"ModelAdvance", "ph":"B", "ts":"3538367643", "pid":"1", "tid":"cice"},
{"name":"ModelAdvance", "ph":"E", "ts":"3546073194", "pid":"1", "tid":"cice"},
{"name":"ModelFinalize", "ph":"B", "ts":"3546076958", "pid":"1", "tid":"cice"},
{"name":"ModelFinalize", "ph":"E", "ts":"3546077006", "pid":"1", "tid":"cice"},
