{"name":"SetServices", "ph":"B", "ts":"2214797023", "pid":"1", "tid":"wave"},
{"name":"SetServices", "ph":"E", "ts":"2214829518", "pid":"1", "tid":"wave"},
{"name":"InitializeP0", "ph":"B", "ts":"2214833443", "pid":"1", "tid":"wave"},
{"name":"InitializeP0", "ph":"E", "ts":"2214833527", "pid":"1", "tid":"wave"},
{"name":"InitializeAdvertise", "ph":"B", "ts":"2218426382", "pid":"1", "tid":"wave"},
{"name":"InitializeAdvertise", "ph":"E", "ts":"2271220886", "pid":"1", "tid":"wave"},
{"name":"InitializeRealize", "ph":"B", "ts":"2317474959", "pid":"1", "tid":"wave"},
{"name":"InitializeRealize", "ph":"E", "ts":"2325591857", "pid":"1", "tid":"wave"},
{"name":"DataInitialize", "ph":"B", "ts":"2356161679", "pid":"1", "tid":"wave"},
{"name":"DataInitialize", "ph":"E", "ts":"2356180254", "pid":"1", "tid":"wave"},
{"name":"ModelSetRunClock", "ph":"B", "ts":"2399695647", "pid":"1", "tid":"wave"},
{"name":"ModelSetRunClock", "ph":"E", "ts":"2399704391", "pid":"1", "tid":"wave"},
{"name":"ModelAdvance", "ph":"B", "ts":"2399704477", "pid":"1", "tid":"wave"},
{"name":"ModelAdvance", "ph":"E", "ts":"2425989247", "pid":"1", "tid":"wave"},
{"name":"ModelSetRunClock", "ph":"B", "ts":"2447194750", "pid":"1", "tid":"wave"},
{"name":"ModelSetRunClock", "ph":"E", "ts":"2447194817", "pid":"1", "tid":"wave"},
{"name":"ModelAdvance", "ph":"B", "ts":"2447194903", "pid":"1", "tid":"wave"},
{"name":"ModelAdvance", "ph":"E", "ts":"2465340761", "pid":"1", "tid":"wave"},
{"name":"ModelSetRunClock", "ph":"B", "ts":"2481707935", "pid":"1", "tid":"wave"},
{"name":"ModelSetRunClock", "ph":"E", "ts":"2481708005", "pid":"1", "tid":"wave"},
{"name":"ModelAdvance", "ph":"B", "ts":"2481708084", "pid":"1", "tid":"wave"},
{"name":"ModelAdvance", "ph":"E", "ts":"2499088879", "pid":"1", "tid":"wave"},
{"name":"ModelSetRunClock", "ph":"B", "ts":"2518394779", "pid":"1", "tid":"wave"},
{"name":"ModelSetRunClock", "ph":"E", "ts":"2518394872", "pid":"1", "tid":"wave"},
{"name":"ModelAdvance", "ph":"B", "ts":"2518394969", "pid":"1", "tid":"wave"},
{"name":"ModelAdvance", "ph":"E", "ts":"2536207714", "pid":"1", "tid":"wave"},
{"name":"ModelSetRunClock", "ph":"B", "ts":"2553064291", "pid":"1", "tid":"wave"},
{"name":"ModelSetRunClock", "ph":"E", "ts":"2553064357", "pid":"1", "tid":"wave"},
{"name":"ModelAdvance", "ph":"B", "ts":"2553064439", "pid":"1", "tid":"wave"},
{"name":"ModelAdvance", "ph":"E", "ts":"2570578997", "pid":"1", "tid":"wave"},
{"name":"ModelSetRunClock", "ph":"B", "ts":"2589886952", "pid":"1", "tid":"wave"},
{"name":"ModelSetRunClock", "ph":"E", "ts":"2589887023", "pid":"1", "tid":"wave"},
{"name":"ModelAdvance", "ph":"B", "ts":"2589887105", "pid":"1", "tid":"wave"},
{"name":"ModelAdvance", "ph":"E", "ts":"2607930579", "pid":"1", "tid":"wave"},
{"name":"ModelSetRunClock", "ph":"B", "ts":"2702841711", "pid":"1", "tid":"wave"},
{"name":"ModelSetRunClock", "ph":"E", "ts":"2702841932", "pid":"1", "tid":"wave"},
{"name":"ModelAdvance", "ph":"B", "ts":"2702842046", "pid":"1", "tid":"wave"},
{"name":"ModelAdvance", "ph":"E", "ts":"2720487162", "pid":"1", "tid":"wave"},
{"name":"ModelSetRunClock", "ph":"B", "ts":"2739917890", "pid":"1", "tid":"wave"},
{"name":"ModelSetRunClock", "ph":"E", "ts":"2739918035", "pid":"1", "tid":"wave"},
{"name":"ModelAdvance", "ph":"B", "ts":"2739918116", "pid":"1", "tid":"wave"},
{"name":"ModelAdvance", "ph":"E", "ts":"2757870271", "pid":"1", "tid":"wave"},
{"name":"ModelSetRunClock", "ph":"B", "ts":"2774672718", "pid":"1", "tid":"wave"},
{"name":"ModelSetRunClock", "ph":"E", "ts":"2774672938", "pid":"1", "tid":"wave"},
{"name":"ModelAdvance", "ph":"B", "ts":"2774673067", "pid":"1", "tid":"wave"},
{"name":"ModelAdvance", "ph":"E", "ts":"2792231105", "pid":"1", "tid":"wave"},
{"name":"ModelSetRunClock", "ph":"B", "ts":"2812585281", "pid":"1", "tid":"wave"},
{"name":"ModelSetRunClock", "ph":"E", "ts":"2812585752", "pid":"1", "tid":"wave"},
{"name":"ModelAdvance", "ph":"B", "ts":"2812585965", "pid":"1", "tid":"wave"},
{"name":"ModelAdvance", "ph":"E", "ts":"2830487849", "pid":"1", "tid":"wave"},
{"name":"ModelSetRunClock", "ph":"B", "ts":"2847344804", "pid":"1", "tid":"wave"},
{"name":"ModelSetRunClock", "ph":"E", "ts":"2847345115", "pid":"1", "tid":"wave"},
{"name":"ModelAdvance", "ph":"B", "ts":"2847345275", "pid":"1", "tid":"wave"},
{"name":"ModelAdvance", "ph":"E", "ts":"2864844964", "pid":"1", "tid":"wave"},
{"name":"ModelSetRunClock", "ph":"B", "ts":"2885445922", "pid":"1", "tid":"wave"},
{"name":"ModelSetRunClock", "ph":"E", "ts":"2885446117", "pid":"1", "tid":"wave"},
{"name":"ModelAdvance", "ph":"B", "ts":"2885446211", "pid":"1", "tid":"wave"},
{"name":"ModelAdvance", "ph":"E", "ts":"2929716640", "pid":"1", "tid":"wave"},
{"name":"ModelSetRunClock", "ph":"B", "ts":"2937361477", "pid":"1", "tid":"wave"},
{"name":"ModelSetRunClock", "ph":"E", "ts":"2937361551", "pid":"1", "tid":"wave"},
{"name":"ModelAdvance", "ph":"B", "ts":"2937361647", "pid":"1", "tid":"wave"},
{"name":"ModelAdvance", "ph":"E", "ts":"2954828690", "pid":"1", "tid":"wave"},
{"name":"ModelSetRunClock", "ph":"B", "ts":"2974417136", "pid":"1", "tid":"wave"},
{"name":"ModelSetRunClock", "ph":"E", "ts":"2974417208", "pid":"1", "tid":"wave"},
{"name":"ModelAdvance", "ph":"B", "ts":"2974417288", "pid":"1", "tid":"wave"},
{"name":"ModelAdvance", "ph":"E", "ts":"2991991068", "pid":"1", "tid":"wave"},
{"name":"ModelSetRunClock", "ph":"B", "ts":"3086951565", "pid":"1", "tid":"wave"},
{"name":"ModelSetRunClock", "ph":"E", "ts":"3086951769", "pid":"1", "tid":"wave"},
{"name":"ModelAdvance", "ph":"B", "ts":"3086951891", "pid":"1", "tid":"wave"},
{"name":"ModelAdvance", "ph":"E", "ts":"3104006502", "pid":"1", "tid":"wave"},
{"name":"ModelSetRunClock", "ph":"B", "ts":"3123565917", "pid":"1", "tid":"wave"},
{"name":"ModelSetRunClock", "ph":"E", "ts":"3123566187", "pid":"1", "tid":"wave"},
{"name":"ModelAdvance", "ph":"B", "ts":"3123566292", "pid":"1", "tid":"wave"},
{"name":"ModelAdvance", "ph":"E", "ts":"3140756219", "pid":"1", "tid":"wave"},
{"name":"ModelSetRunClock", "ph":"B", "ts":"3158438407", "pid":"1", "tid":"wave"},
{"name":"ModelSetRunClock", "ph":"E", "ts":"3158438473", "pid":"1", "tid":"wave"},
{"name":"ModelAdvance", "ph":"B", "ts":"3158438551", "pid":"1", "tid":"wave"},
{"name":"ModelAdvance", "ph":"E", "ts":"3175001475", "pid":"1", "tid":"wave"},
{"name":"ModelSetRunClock", "ph":"B", "ts":"3196320124", "pid":"1", "tid":"wave"},
{"name":"ModelSetRunClock", "ph":"E", "ts":"3196320199", "pid":"1", "tid":"wave"},
{"name":"ModelAdvance", "ph":"B", "ts":"3196320293", "pid":"1", "tid":"wave"},
{"name":"ModelAdvance", "ph":"E", "ts":"3237306422", "pid":"1", "tid":"wave"},
{"name":"ModelSetRunClock", "ph":"B", "ts":"3245210491", "pid":"1", "tid":"wave"},
{"name":"ModelSetRunClock", "ph":"E", "ts":"3245210575", "pid":"1", "tid":"wave"},
{"name":"ModelAdvance", "ph":"B", "ts":"3245210671", "pid":"1", "tid":"wave"},
{"name":"ModelAdvance", "ph":"E", "ts":"3261430682", "pid":"1", "tid":"wave"},
{"name":"ModelSetRunClock", "ph":"B", "ts":"3282313832", "pid":"1", "tid":"wave"},
{"name":"ModelSetRunClock", "ph":"E", "ts":"3282314043", "pid":"1", "tid":"wave"},
{"name":"ModelAdvance", "ph":"B", "ts":"3282314139", "pid":"1", "tid":"wave"},
{"name":"ModelAdvance", "ph":"E", "ts":"3299074427", "pid":"1", "tid":"wave"},
{"name":"ModelSetRunClock", "ph":"B", "ts":"3317139784", "pid":"1", "tid":"wave"},
{"name":"ModelSetRunClock", "ph":"E", "ts":"3317139955", "pid":"1", "tid":"wave"},
{"name":"ModelAdvance", "ph":"B", "ts":"3317140054", "pid":"1", "tid":"wave"},
{"name":"ModelAdvance", "ph":"E", "ts":"3333640888", "pid":"1", "tid":"wave"},
{"name":"ModelSetRunClock", "ph":"B", "ts":"3355254055", "pid":"1", "tid":"wave"},
{"name":"ModelSetRunClock", "ph":"E", "ts":"3355254186", "pid":"1", "tid":"wave"},
{"name":"ModelAdvance", "ph":"B", "ts":"3355254337", "pid":"1", "tid":"wave"},
{"name":"ModelAdvance", "ph":"E", "ts":"3372132864", "pid":"1", "tid":"wave"},
{"name":"ModelSetRunClock", "ph":"B", "ts":"3470039649", "pid":"1", "tid":"wave"},
{"name":"ModelSetRunClock", "ph":"E", "ts":"3470040014", "pid":"1", "tid":"wave"},
{"name":"ModelAdvance", "ph":"B", "ts":"3470040164", "pid":"1", "tid":"wave"},
{"name":"ModelAdvance", "ph":"E", "ts":"3486510097", "pid":"1", "tid":"wave"},
{"name":"ModelSetRunClock", "ph":"B", "ts":"3506776961", "pid":"1", "tid":"wave"},
{"name":"ModelSetRunClock", "ph":"E", "ts":"3506777148", "pid":"1", "tid":"wave"},
{"name":"ModelAdvance", "ph":"B", "ts":"3506777234", "pid":"1", "tid":"wave"},
{"name":"ModelAdvance", "ph":"E", "ts":"3548248224", "pid":"1", "tid":"wave"},
{"name":"ModelFinalize", "ph":"B", "ts":"3548254643", "pid":"1", "tid":"wave"},
{"name":"ModelFinalize", "ph":"E", "ts":"3548254680", "pid":"1", "tid":"wave"},
