{"name":"SetServices", "ph":"B", "ts":"2214631954", "pid":"1", "tid":"mom"},
{"name":"SetServices", "ph":"E", "ts":"2214663497", "pid":"1", "tid":"mom"},
{"name":"InitializeP0", "ph":"B", "ts":"2214767777", "pid":"1", "tid":"mom"},
{"name":"InitializeP0", "ph":"E", "ts":"2214770417", "pid":"1", "tid":"mom"},
{"name":"InitializeAdvertise", "ph":"B", "ts":"2218428132", "pid":"1", "tid":"mom"},
{"name":"InitializeAdvertise", "ph":"E", "ts":"2271204855", "pid":"1", "tid":"mom"},
{"name":"InitializeRealize", "ph":"B", "ts":"2317280286", "pid":"1", "tid":"mom"},
{"name":"InitializeRealize", "ph":"E", "ts":"2320261592", "pid":"1", "tid":"mom"},
{"name":"DataInitialize", "ph":"B", "ts":"2353584196", "pid":"1", "tid":"mom"},
{"name":"DataInitialize", "ph":"E", "ts":"2353586723", "pid":"1", "tid":"mom"},
{"name":"ModelSetRunClock", "ph":"B", "ts":"2399710125", "pid":"1", "tid":"mom"},
{"name":"ModelSetRunClock", "ph":"E", "ts":"2399719117", "pid":"1", "tid":"mom"},
{"name":"ModelAdvance", "ph":"B", "ts":"2399719284", "pid":"1", "tid":"mom"},
{"name":"ModelAdvance", "ph":"E", "ts":"2415629851", "pid":"1", "tid":"mom"},
{"name":"ModelSetRunClock", "ph":"B", "ts":"2447199783", "pid":"1", "tid":"mom"},
{"name":"ModelSetRunClock", "ph":"E", "ts":"2447199984", "pid":"1", "tid":"mom"},
{"name":"ModelAdvance", "ph":"B", "ts":"2447200158", "pid":"1", "tid":"mom"},
{"name":"ModelAdvance", "ph":"E", "ts":"2462306798", "pid":"1", "tid":"mom"},
{"name":"ModelSetRunClock", "ph":"B", "ts":"2481720411", "pid":"1", "tid":"mom"},
{"name":"ModelSetRunClock", "ph":"E", "ts":"2481720607", "pid":"1", "tid":"mom"},
{"name":"ModelAdvance", "ph":"B", "ts":"2481720774", "pid":"1", "tid":"mom"},
{"name":"ModelAdvance", "ph":"E", "ts":"2505127302", "pid":"1", "tid":"mom"},
{"name":"ModelSetRunClock", "ph":"B", "ts":"2518414496", "pid":"1", "tid":"mom"},
{"name":"ModelSetRunClock", "ph":"E", "ts":"2518414697", "pid":"1", "tid":"mom"},
{"name":"ModelAdvance", "ph":"B", "ts":"2518414867", "pid":"1", "tid":"mom"},
{"name":"ModelAdvance", "ph":"E", "ts":"2533443181", "pid":"1", "tid":"mom"},
{"name":"ModelSetRunClock", "ph":"B", "ts":"2553084576", "pid":"1", "tid":"mom"},
{"name":"ModelSetRunClock", "ph":"E", "ts":"2553084775", "pid":"1", "tid":"mom"},
{"name":"ModelAdvance", "ph":"B", "ts":"2553084954", "pid":"1", "tid":"mom"},
{"name":"ModelAdvance", "ph":"E", "ts":"2576575255", "pid":"1", "tid":"mom"},
{"name":"ModelSetRunClock", "ph":"B", "ts":"2589930139", "pid":"1", "tid":"mom"},
{"name":"ModelSetRunClock", "ph":"E", "ts":"2589930322", "pid":"1", "tid":"mom"},
{"name":"ModelAdvance", "ph":"B", "ts":"2589930484", "pid":"1", "tid":"mom"},
{"name":"ModelAdvance", "ph":"E", "ts":"2605133174", "pid":"1", "tid":"mom"},
{"name":"ModelSetRunClock", "ph":"B", "ts":"2702855544", "pid":"1", "tid":"mom"},
{"name":"ModelSetRunClock", "ph":"E", "ts":"2702855801", "pid":"1", "tid":"mom"},
{"name":"ModelAdvance", "ph":"B", "ts":"2702856007", "pid":"1", "tid":"mom"},
{"name":"ModelAdvance", "ph":"E", "ts":"2726376141", "pid":"1", "tid":"mom"},
{"name":"ModelSetRunClock", "ph":"B", "ts":"2739946361", "pid":"1", "tid":"mom"},
{"name":"ModelSetRunClock", "ph":"E", "ts":"2739946550", "pid":"1", "tid":"mom"},
{"name":"ModelAdvance", "ph":"B", "ts":"2739946728", "pid":"1", "tid":"mom"},
{"name":"ModelAdvance", "ph":"E", "ts":"2754944964", "pid":"1", "tid":"mom"},
{"name":"ModelSetRunClock", "ph":"B", "ts":"2774678053", "pid":"1", "tid":"mom"},
{"name":"ModelSetRunClock", "ph":"E", "ts":"2774678236", "pid":"1", "tid":"mom"},
{"name":"ModelAdvance", "ph":"B", "ts":"2774678403", "pid":"1", "tid":"mom"},
{"name":"ModelAdvance", "ph":"E", "ts":"2798061573", "pid":"1", "tid":"mom"},
{"name":"ModelSetRunClock", "ph":"B", "ts":"2812603907", "pid":"1", "tid":"mom"},
{"name":"ModelSetRunClock", "ph":"E", "ts":"2812604108", "pid":"1", "tid":"mom"},
{"name":"ModelAdvance", "ph":"B", "ts":"2812604297", "pid":"1", "tid":"mom"},
{"name":"ModelAdvance", "ph":"E", "ts":"2827613924", "pid":"1", "tid":"mom"},
{"name":"ModelSetRunClock", "ph":"B", "ts":"2847363022", "pid":"1", "tid":"mom"},
{"name":"ModelSetRunClock", "ph":"E", "ts":"2847363192", "pid":"1", "tid":"mom"},
{"name":"ModelAdvance", "ph":"B", "ts":"2847363379", "pid":"1", "tid":"mom"},
{"name":"ModelAdvance", "ph":"E", "ts":"2870805316", "pid":"1", "tid":"mom"},
{"name":"ModelSetRunClock", "ph":"B", "ts":"2885448970", "pid":"1", "tid":"mom"},
{"name":"ModelSetRunClock", "ph":"E", "ts":"2885449168", "pid":"1", "tid":"mom"},
{"name":"ModelAdvance", "ph":"B", "ts":"2885449336", "pid":"1", "tid":"mom"},
{"name":"ModelAdvance", "ph":"E", "ts":"2927077385", "pid":"1", "tid":"mom"},
{"name":"ModelSetRunClock", "ph":"B", "ts":"2937362596", "pid":"1", "tid":"mom"},
{"name":"ModelSetRunClock", "ph":"E", "ts":"2937362661", "pid":"1", "tid":"mom"},
{"name":"ModelAdvance", "ph":"B", "ts":"2937362825", "pid":"1", "tid":"mom"},
{"name":"ModelAdvance", "ph":"E", "ts":"2961410491", "pid":"1", "tid":"mom"},
{"name":"ModelSetRunClock", "ph":"B", "ts":"2974447998", "pid":"1", "tid":"mom"},
{"name":"ModelSetRunClock", "ph":"E", "ts":"2974448169", "pid":"1", "tid":"mom"},
{"name":"ModelAdvance", "ph":"B", "ts":"2974448339", "pid":"1", "tid":"mom"},
{"name":"ModelAdvance", "ph":"E", "ts":"2989058583", "pid":"1", "tid":"mom"},
{"name":"ModelSetRunClock", "ph":"B", "ts":"3086962821", "pid":"1", "tid":"mom"},
{"name":"ModelSetRunClock", "ph":"E", "ts":"3086963012", "pid":"1", "tid":"mom"},
{"name":"ModelAdvance", "ph":"B", "ts":"3086963175", "pid":"1", "tid":"mom"},
{"name":"ModelAdvance", "ph":"E", "ts":"3119658609", "pid":"1", "tid":"mom"},
{"name":"ModelSetRunClock", "ph":"B", "ts":"3123592189", "pid":"1", "tid":"mom"},
{"name":"ModelSetRunClock", "ph":"E", "ts":"3123592267", "pid":"1", "tid":"mom"},
{"name":"ModelAdvance", "ph":"B", "ts":"3123592428", "pid":"1", "tid":"mom"},
{"name":"ModelAdvance", "ph":"E", "ts":"3138227398", "pid":"1", "tid":"mom"},
{"name":"ModelSetRunClock", "ph":"B", "ts":"3158467699", "pid":"1", "tid":"mom"},
{"name":"ModelSetRunClock", "ph":"E", "ts":"3158467952", "pid":"1", "tid":"mom"},
{"name":"ModelAdvance", "ph":"B", "ts":"3158468125", "pid":"1", "tid":"mom"},
{"name":"ModelAdvance", "ph":"E", "ts":"3186530414", "pid":"1", "tid":"mom"},
{"name":"ModelSetRunClock", "ph":"B", "ts":"3196340797", "pid":"1", "tid":"mom"},
{"name":"ModelSetRunClock", "ph":"E", "ts":"3196340995", "pid":"1", "tid":"mom"},
{"name":"ModelAdvance", "ph":"B", "ts":"3196341163", "pid":"1", "tid":"mom"},
{"name":"ModelAdvance", "ph":"E", "ts":"3231013752", "pid":"1", "tid":"mom"},
{"name":"ModelSetRunClock", "ph":"B", "ts":"3245213021", "pid":"1", "tid":"mom"},
{"name":"ModelSetRunClock", "ph":"E", "ts":"3245213111", "pid":"1", "tid":"mom"},
{"name":"ModelAdvance", "ph":"B", "ts":"3245213310", "pid":"1", "tid":"mom"},
{"name":"ModelAdvance", "ph":"E", "ts":"3268956891", "pid":"1", "tid":"mom"},
{"name":"ModelSetRunClock", "ph":"B", "ts":"3282343158", "pid":"1", "tid":"mom"},
{"name":"ModelSetRunClock", "ph":"E", "ts":"3282343327", "pid":"1", "tid":"mom"},
{"name":"ModelAdvance", "ph":"B", "ts":"3282343508", "pid":"1", "tid":"mom"},
{"name":"ModelAdvance", "ph":"E", "ts":"3296993878", "pid":"1", "tid":"mom"},
{"name":"ModelSetRunClock", "ph":"B", "ts":"3317146008", "pid":"1", "tid":"mom"},
{"name":"ModelSetRunClock", "ph":"E", "ts":"3317146199", "pid":"1", "tid":"mom"},
{"name":"ModelAdvance", "ph":"B", "ts":"3317146361", "pid":"1", "tid":"mom"},
{"name":"ModelAdvance", "ph":"E", "ts":"3341088310", "pid":"1", "tid":"mom"},
{"name":"ModelSetRunClock", "ph":"B", "ts":"3355299042", "pid":"1", "tid":"mom"},
{"name":"ModelSetRunClock", "ph":"E", "ts":"3355299251", "pid":"1", "tid":"mom"},
{"name":"ModelAdvance", "ph":"B", "ts":"3355299436", "pid":"1", "tid":"mom"},
{"name":"ModelAdvance", "ph":"E", "ts":"3370002092", "pid":"1", "tid":"mom"},
{"name":"ModelSetRunClock", "ph":"B", "ts":"3470056579", "pid":"1", "tid":"mom"},
{"name":"ModelSetRunClock", "ph":"E", "ts":"3470056768", "pid":"1", "tid":"mom"},
{"name":"ModelAdvance", "ph":"B", "ts":"3470056937", "pid":"1", "tid":"mom"},
{"name":"ModelAdvance", "ph":"E", "ts":"3494009329", "pid":"1", "tid":"mom"},
{"name":"ModelSetRunClock", "ph":"B", "ts":"3506779860", "pid":"1", "tid":"mom"},
{"name":"ModelSetRunClock", "ph":"E", "ts":"3506780060", "pid":"1", "tid":"mom"},
{"name":"ModelAdvance", "ph":"B", "ts":"3506780218", "pid":"1", "tid":"mom"},
{"name":"ModelAdvance", "ph":"E", "ts":"3541858635", "pid":"1", "tid":"mom"},
{"name":"ocean_model_finalize", "ph":"B", "ts":"3541864701", "pid":"1", "tid":"mom"},
{"name":"ocean_model_finalize", "ph":"E", "ts":"3551634994", "pid":"1", "tid":"mom"},
