{"name":"SetServices", "ph":"B", "ts":"2629193694", "pid":"1", "tid":"wrtComp_02"},
{"name":"SetServices", "ph":"E", "ts":"2629194427", "pid":"1", "tid":"wrtComp_02"},
{"name":"wrt_initialize_p1", "ph":"B", "ts":"2629194856", "pid":"1", "tid":"wrtComp_02"},
{"name":"wrt_initialize_p1", "ph":"E", "ts":"2629706688", "pid":"1", "tid":"wrtComp_02"},
{"name":"wrt_run", "ph":"B", "ts":"2824907173", "pid":"1", "tid":"wrtComp_02"},
{"name":"wrt_run", "ph":"E", "ts":"2887755065", "pid":"1", "tid":"wrtComp_02"},
{"name":"wrt_run", "ph":"B", "ts":"2981436736", "pid":"1", "tid":"wrtComp_02"},
{"name":"wrt_run", "ph":"E", "ts":"3039431300", "pid":"1", "tid":"wrtComp_02"},
{"name":"wrt_run", "ph":"B", "ts":"3143685117", "pid":"1", "tid":"wrtComp_02"},
{"name":"wrt_run", "ph":"E", "ts":"3202132959", "pid":"1", "tid":"wrtComp_02"},
{"name":"wrt_run", "ph":"B", "ts":"3316588101", "pid":"1", "tid":"wrtComp_02"},
{"name":"wrt_run", "ph":"E", "ts":"3375059509", "pid":"1", "tid":"wrtComp_02"},
{"name":"wrt_run", "ph":"B", "ts":"3473555838", "pid":"1", "tid":"wrtComp_02"},
{"name":"wrt_run", "ph":"E", "ts":"3536524192", "pid":"1", "tid":"wrtComp_02"},
{"name":"wrt_run", "ph":"B", "ts":"3667293680", "pid":"1", "tid":"wrtComp_02"},
{"name":"wrt_run", "ph":"E", "ts":"3728159137", "pid":"1", "tid":"wrtComp_02"},
{"name":"wrt_run", "ph":"B", "ts":"3827480997", "pid":"1", "tid":"wrtComp_02"},
{"name":"wrt_run", "ph":"E", "ts":"3888787587", "pid":"1", "tid":"wrtComp_02"},
{"name":"wrt_run", "ph":"B", "ts":"3985076137", "pid":"1", "tid":"wrtComp_02"},
{"name":"wrt_run", "ph":"E", "ts":"4049259821", "pid":"1", "tid":"wrtComp_02"},
{"name":"wrt_run", "ph":"B", "ts":"4141723351", "pid":"1", "tid":"wrtComp_02"},
{"name":"wrt_run", "ph":"E", "ts":"4200738961", "pid":"1", "tid":"wrtComp_02"},
{"name":"wrt_run", "ph":"B", "ts":"4336032412", "pid":"1", "tid":"wrtComp_02"},
{"name":"wrt_run", "ph":"E", "ts":"4393412861", "pid":"1", "tid":"wrtComp_02"},
{"name":"wrt_run", "ph":"B", "ts":"4493918566", "pid":"1", "tid":"wrtComp_02"},
{"name":"wrt_run", "ph":"E", "ts":"4552870567", "pid":"1", "tid":"wrtComp_02"},
{"name":"wrt_run", "ph":"B", "ts":"4652666942", "pid":"1", "tid":"wrtComp_02"},
{"name":"wrt_run", "ph":"E", "ts":"4711401687", "pid":"1", "tid":"wrtComp_02"},
{"name":"wrt_run", "ph":"B", "ts":"4815015698", "pid":"1", "tid":"wrtComp_02"},
{"name":"wrt_run", "ph":"E", "ts":"4872992588", "pid":"1", "tid":"wrtComp_02"},
{"name":"wrt_run", "ph":"B", "ts":"4983292202", "pid":"1", "tid":"wrtComp_02"},
{"name":"wrt_run", "ph":"E", "ts":"5042205696", "pid":"1", "tid":"wrtComp_02"},
{"name":"wrt_run", "ph":"B", "ts":"5192598745", "pid":"1", "tid":"wrtComp_02"},
{"name":"wrt_run", "ph":"E", "ts":"5255552270", "pid":"1", "tid":"wrtComp_02"},
{"name":"wrt_run", "ph":"B", "ts":"5403717550", "pid":"1", "tid":"wrtComp_02"},
{"name":"wrt_run", "ph":"E", "ts":"5462080669", "pid":"1", "tid":"wrtComp_02"},
{"name":"wrt_run", "ph":"B", "ts":"5906078302", "pid":"1", "tid":"wrtComp_02"},
{"name":"wrt_run", "ph":"E", "ts":"5984813451", "pid":"1", "tid":"wrtComp_02"},
{"name":"wrt_run", "ph":"B", "ts":"6432053514", "pid":"1", "tid":"wrtComp_02"},
{"name":"wrt_run", "ph":"E", "ts":"6491387382", "pid":"1", "tid":"wrtComp_02"},
{"name":"wrt_run", "ph":"B", "ts":"6953065516", "pid":"1", "tid":"wrtComp_02"},
{"name":"wrt_run", "ph":"E", "ts":"7011729972", "pid":"1", "tid":"wrtComp_02"},
{"name":"wrt_run", "ph":"B", "ts":"7450853745", "pid":"1", "tid":"wrtComp_02"},
{"name":"wrt_run", "ph":"E", "ts":"7508624985", "pid":"1", "tid":"wrtComp_02"},
{"name":"wrt_run", "ph":"B", "ts":"7920355757", "pid":"1", "tid":"wrtComp_02"},
{"name":"wrt_run", "ph":"E", "ts":"7979871154", "pid":"1", "tid":"wrtComp_02"},
{"name":"wrt_run", "ph":"B", "ts":"8409610466", "pid":"1", "tid":"wrtComp_02"},
{"name":"wrt_run", "ph":"E", "ts":"8469193901", "pid":"1", "tid":"wrtComp_02"},
{"name":"wrt_run", "ph":"B", "ts":"8907165095", "pid":"1", "tid":"wrtComp_02"},
{"name":"wrt_run", "ph":"E", "ts":"8966590093", "pid":"1", "tid":"wrtComp_02"},
{"name":"wrt_run", "ph":"B", "ts":"9385282392", "pid":"1", "tid":"wrtComp_02"},
{"name":"wrt_run", "ph":"E", "ts":"9444324582", "pid":"1", "tid":"wrtComp_02"},
{"name":"wrt_run", "ph":"B", "ts":"9907733622", "pid":"1", "tid":"wrtComp_02"},
{"name":"wrt_run", "ph":"E", "ts":"9967546447", "pid":"1", "tid":"wrtComp_02"},
{"name":"wrt_run", "ph":"B", "ts":"10411606630", "pid":"1", "tid":"wrtComp_02"},
{"name":"wrt_run", "ph":"E", "ts":"10470708307", "pid":"1", "tid":"wrtComp_02"},
{"name":"wrt_finalize", "ph":"B", "ts":"10471070211", "pid":"1", "tid":"wrtComp_02"},
{"name":"wrt_finalize", "ph":"E", "ts":"10471247163", "pid":"1", "tid":"wrtComp_02"},
