{"name":"SetServices", "ph":"B", "ts":"1869690793", "pid":"1", "tid":"mom"},
{"name":"SetServices", "ph":"E", "ts":"1869693018", "pid":"1", "tid":"mom"},
{"name":"InitializeP0", "ph":"B", "ts":"1869699351", "pid":"1", "tid":"mom"},
{"name":"InitializeP0", "ph":"E", "ts":"1869701985", "pid":"1", "tid":"mom"},
{"name":"InitializeAdvertise", "ph":"B", "ts":"1869801852", "pid":"1", "tid":"mom"},
{"name":"InitializeAdvertise", "ph":"E", "ts":"1950762305", "pid":"1", "tid":"mom"},
{"name":"InitializeRealize", "ph":"B", "ts":"1978976639", "pid":"1", "tid":"mom"},
{"name":"InitializeRealize", "ph":"E", "ts":"1981055526", "pid":"1", "tid":"mom"},
{"name":"DataInitialize", "ph":"B", "ts":"2002476102", "pid":"1", "tid":"mom"},
{"name":"DataInitialize", "ph":"E", "ts":"2002477640", "pid":"1", "tid":"mom"},
{"name":"ModelSetRunClock", "ph":"B", "ts":"2044635392", "pid":"1", "tid":"mom"},
{"name":"ModelSetRunClock", "ph":"E", "ts":"2044644561", "pid":"1", "tid":"mom"},
{"name":"ModelAdvance", "ph":"B", "ts":"2044644725", "pid":"1", "tid":"mom"},
{"name":"ModelAdvance", "ph":"E", "ts":"2054121585", "pid":"1", "tid":"mom"},
{"name":"ModelSetRunClock", "ph":"B", "ts":"2089385692", "pid":"1", "tid":"mom"},
{"name":"ModelSetRunClock", "ph":"E", "ts":"2089385891", "pid":"1", "tid":"mom"},
{"name":"ModelAdvance", "ph":"B", "ts":"2089386049", "pid":"1", "tid":"mom"},
{"name":"ModelAdvance", "ph":"E", "ts":"2098168413", "pid":"1", "tid":"mom"},
{"name":"ModelSetRunClock", "ph":"B", "ts":"2111557012", "pid":"1", "tid":"mom"},
{"name":"ModelSetRunClock", "ph":"E", "ts":"2111557102", "pid":"1", "tid":"mom"},
{"name":"ModelAdvance", "ph":"B", "ts":"2111557259", "pid":"1", "tid":"mom"},
{"name":"ModelAdvance", "ph":"E", "ts":"2128764950", "pid":"1", "tid":"mom"},
{"name":"ModelSetRunClock", "ph":"B", "ts":"2138717585", "pid":"1", "tid":"mom"},
{"name":"ModelSetRunClock", "ph":"E", "ts":"2138717674", "pid":"1", "tid":"mom"},
{"name":"ModelAdvance", "ph":"B", "ts":"2138717842", "pid":"1", "tid":"mom"},
{"name":"ModelAdvance", "ph":"E", "ts":"2147513016", "pid":"1", "tid":"mom"},
{"name":"ModelSetRunClock", "ph":"B", "ts":"2160927983", "pid":"1", "tid":"mom"},
{"name":"ModelSetRunClock", "ph":"E", "ts":"2160928262", "pid":"1", "tid":"mom"},
{"name":"ModelAdvance", "ph":"B", "ts":"2160928425", "pid":"1", "tid":"mom"},
{"name":"ModelAdvance", "ph":"E", "ts":"2178227904", "pid":"1", "tid":"mom"},
{"name":"ModelSetRunClock", "ph":"B", "ts":"2188189125", "pid":"1", "tid":"mom"},
{"name":"ModelSetRunClock", "ph":"E", "ts":"2188189316", "pid":"1", "tid":"mom"},
{"name":"ModelAdvance", "ph":"B", "ts":"2188189574", "pid":"1", "tid":"mom"},
{"name":"ModelAdvance", "ph":"E", "ts":"2197127463", "pid":"1", "tid":"mom"},
{"name":"ModelSetRunClock", "ph":"B", "ts":"2212098123", "pid":"1", "tid":"mom"},
{"name":"ModelSetRunClock", "ph":"E", "ts":"2212098218", "pid":"1", "tid":"mom"},
{"name":"ModelAdvance", "ph":"B", "ts":"2212098380", "pid":"1", "tid":"mom"},
{"name":"ModelAdvance", "ph":"E", "ts":"2229824954", "pid":"1", "tid":"mom"},
{"name":"ModelSetRunClock", "ph":"B", "ts":"2239309228", "pid":"1", "tid":"mom"},
{"name":"ModelSetRunClock", "ph":"E", "ts":"2239309319", "pid":"1", "tid":"mom"},
{"name":"ModelAdvance", "ph":"B", "ts":"2239309499", "pid":"1", "tid":"mom"},
{"name":"ModelAdvance", "ph":"E", "ts":"2248181793", "pid":"1", "tid":"mom"},
{"name":"ModelSetRunClock", "ph":"B", "ts":"2261439435", "pid":"1", "tid":"mom"},
{"name":"ModelSetRunClock", "ph":"E", "ts":"2261439520", "pid":"1", "tid":"mom"},
{"name":"ModelAdvance", "ph":"B", "ts":"2261439659", "pid":"1", "tid":"mom"},
{"name":"ModelAdvance", "ph":"E", "ts":"2278490992", "pid":"1", "tid":"mom"},
{"name":"ModelSetRunClock", "ph":"B", "ts":"2288566273", "pid":"1", "tid":"mom"},
{"name":"ModelSetRunClock", "ph":"E", "ts":"2288566391", "pid":"1", "tid":"mom"},
{"name":"ModelAdvance", "ph":"B", "ts":"2288566568", "pid":"1", "tid":"mom"},
{"name":"ModelAdvance", "ph":"E", "ts":"2297422343", "pid":"1", "tid":"mom"},
{"name":"ModelSetRunClock", "ph":"B", "ts":"2310625653", "pid":"1", "tid":"mom"},
{"name":"ModelSetRunClock", "ph":"E", "ts":"2310625761", "pid":"1", "tid":"mom"},
{"name":"ModelAdvance", "ph":"B", "ts":"2310626104", "pid":"1", "tid":"mom"},
{"name":"ModelAdvance", "ph":"E", "ts":"2327648825", "pid":"1", "tid":"mom"},
{"name":"ModelSetRunClock", "ph":"B", "ts":"2337522668", "pid":"1", "tid":"mom"},
{"name":"ModelSetRunClock", "ph":"E", "ts":"2337522751", "pid":"1", "tid":"mom"},
{"name":"ModelAdvance", "ph":"B", "ts":"2337522932", "pid":"1", "tid":"mom"},
{"name":"ModelAdvance", "ph":"E", "ts":"2364716837", "pid":"1", "tid":"mom"},
{"name":"ModelSetRunClock", "ph":"B", "ts":"2371082393", "pid":"1", "tid":"mom"},
{"name":"ModelSetRunClock", "ph":"E", "ts":"2371082475", "pid":"1", "tid":"mom"},
{"name":"ModelAdvance", "ph":"B", "ts":"2371082598", "pid":"1", "tid":"mom"},
{"name":"ModelAdvance", "ph":"E", "ts":"2388307271", "pid":"1", "tid":"mom"},
{"name":"ModelSetRunClock", "ph":"B", "ts":"2397495291", "pid":"1", "tid":"mom"},
{"name":"ModelSetRunClock", "ph":"E", "ts":"2397495518", "pid":"1", "tid":"mom"},
{"name":"ModelAdvance", "ph":"B", "ts":"2397495847", "pid":"1", "tid":"mom"},
{"name":"ModelAdvance", "ph":"E", "ts":"2406031670", "pid":"1", "tid":"mom"},
{"name":"ModelSetRunClock", "ph":"B", "ts":"2419145619", "pid":"1", "tid":"mom"},
{"name":"ModelSetRunClock", "ph":"E", "ts":"2419145721", "pid":"1", "tid":"mom"},
{"name":"ModelAdvance", "ph":"B", "ts":"2419145993", "pid":"1", "tid":"mom"},
{"name":"ModelAdvance", "ph":"E", "ts":"2436502212", "pid":"1", "tid":"mom"},
{"name":"ModelSetRunClock", "ph":"B", "ts":"2445452124", "pid":"1", "tid":"mom"},
{"name":"ModelSetRunClock", "ph":"E", "ts":"2445452205", "pid":"1", "tid":"mom"},
{"name":"ModelAdvance", "ph":"B", "ts":"2445452366", "pid":"1", "tid":"mom"},
{"name":"ModelAdvance", "ph":"E", "ts":"2453993869", "pid":"1", "tid":"mom"},
{"name":"ModelSetRunClock", "ph":"B", "ts":"2467244842", "pid":"1", "tid":"mom"},
{"name":"ModelSetRunClock", "ph":"E", "ts":"2467245105", "pid":"1", "tid":"mom"},
{"name":"ModelAdvance", "ph":"B", "ts":"2467245286", "pid":"1", "tid":"mom"},
{"name":"ModelAdvance", "ph":"E", "ts":"2484677397", "pid":"1", "tid":"mom"},
{"name":"ModelSetRunClock", "ph":"B", "ts":"2493693806", "pid":"1", "tid":"mom"},
{"name":"ModelSetRunClock", "ph":"E", "ts":"2494684480", "pid":"1", "tid":"mom"},
{"name":"ModelAdvance", "ph":"B", "ts":"2494684653", "pid":"1", "tid":"mom"},
{"name":"ModelAdvance", "ph":"E", "ts":"2528180937", "pid":"1", "tid":"mom"},
{"name":"ModelSetRunClock", "ph":"B", "ts":"2536871371", "pid":"1", "tid":"mom"},
{"name":"ModelSetRunClock", "ph":"E", "ts":"2536871436", "pid":"1", "tid":"mom"},
{"name":"ModelAdvance", "ph":"B", "ts":"2536871557", "pid":"1", "tid":"mom"},
{"name":"ModelAdvance", "ph":"E", "ts":"2568311546", "pid":"1", "tid":"mom"},
{"name":"ModelSetRunClock", "ph":"B", "ts":"2568323307", "pid":"1", "tid":"mom"},
{"name":"ModelSetRunClock", "ph":"E", "ts":"2568323373", "pid":"1", "tid":"mom"},
{"name":"ModelAdvance", "ph":"B", "ts":"2568323517", "pid":"1", "tid":"mom"},
{"name":"ModelAdvance", "ph":"E", "ts":"2576825800", "pid":"1", "tid":"mom"},
{"name":"ModelSetRunClock", "ph":"B", "ts":"2590224474", "pid":"1", "tid":"mom"},
{"name":"ModelSetRunClock", "ph":"E", "ts":"2590224543", "pid":"1", "tid":"mom"},
{"name":"ModelAdvance", "ph":"B", "ts":"2590224688", "pid":"1", "tid":"mom"},
{"name":"ModelAdvance", "ph":"E", "ts":"2608363398", "pid":"1", "tid":"mom"},
{"name":"ModelSetRunClock", "ph":"B", "ts":"2616612723", "pid":"1", "tid":"mom"},
{"name":"ModelSetRunClock", "ph":"E", "ts":"2616612837", "pid":"1", "tid":"mom"},
{"name":"ModelAdvance", "ph":"B", "ts":"2616613033", "pid":"1", "tid":"mom"},
{"name":"ModelAdvance", "ph":"E", "ts":"2625117142", "pid":"1", "tid":"mom"},
{"name":"ModelSetRunClock", "ph":"B", "ts":"2638581664", "pid":"1", "tid":"mom"},
{"name":"ModelSetRunClock", "ph":"E", "ts":"2638581846", "pid":"1", "tid":"mom"},
{"name":"ModelAdvance", "ph":"B", "ts":"2638581983", "pid":"1", "tid":"mom"},
{"name":"ModelAdvance", "ph":"E", "ts":"2656046835", "pid":"1", "tid":"mom"},
{"name":"ModelSetRunClock", "ph":"B", "ts":"2665084541", "pid":"1", "tid":"mom"},
{"name":"ModelSetRunClock", "ph":"E", "ts":"2665084831", "pid":"1", "tid":"mom"},
{"name":"ModelAdvance", "ph":"B", "ts":"2665084986", "pid":"1", "tid":"mom"},
{"name":"ModelAdvance", "ph":"E", "ts":"2701897682", "pid":"1", "tid":"mom"},
{"name":"ocean_model_finalize", "ph":"B", "ts":"2701900345", "pid":"1", "tid":"mom"},
{"name":"ocean_model_finalize", "ph":"E", "ts":"2711763325", "pid":"1", "tid":"mom"},
