{"name":"SetServices", "ph":"B", "ts":"1869696928", "pid":"1", "tid":"cice"},
{"name":"SetServices", "ph":"E", "ts":"1869699038", "pid":"1", "tid":"cice"},
{"name":"InitializeP0", "ph":"B", "ts":"1869702615", "pid":"1", "tid":"cice"},
{"name":"InitializeP0", "ph":"E", "ts":"1869702711", "pid":"1", "tid":"cice"},
{"name":"InitializeAdvertise", "ph":"B", "ts":"1869801908", "pid":"1", "tid":"cice"},
{"name":"InitializeAdvertise", "ph":"E", "ts":"1874727058", "pid":"1", "tid":"cice"},
{"name":"InitializeRealize", "ph":"B", "ts":"1979047812", "pid":"1", "tid":"cice"},
{"name":"InitializeRealize", "ph":"E", "ts":"1990473841", "pid":"1", "tid":"cice"},
{"name":"ModelAdvance", "ph":"B", "ts":"2044793426", "pid":"1", "tid":"cice"},
{"name":"ModelAdvance", "ph":"E", "ts":"2047272419", "pid":"1", "tid":"cice"},
{"name":"ModelAdvance", "ph":"B", "ts":"2070943449", "pid":"1", "tid":"cice"},
{"name":"ModelAdvance", "ph":"E", "ts":"2073326291", "pid":"1", "tid":"cice"},
{"name":"ModelAdvance", "ph":"B", "ts":"2074636513", "pid":"1", "tid":"cice"},
{"name":"ModelAdvance", "ph":"E", "ts":"2077019954", "pid":"1", "tid":"cice"},
{"name":"ModelAdvance", "ph":"B", "ts":"2078335215", "pid":"1", "tid":"cice"},
{"name":"ModelAdvance", "ph":"E", "ts":"2080712753", "pid":"1", "tid":"cice"},
{"name":"ModelAdvance", "ph":"B", "ts":"2082020386", "pid":"1", "tid":"cice"},
{"name":"ModelAdvance", "ph":"E", "ts":"2084433354", "pid":"1", "tid":"cice"},
{"name":"ModelAdvance", "ph":"B", "ts":"2085717254", "pid":"1", "tid":"cice"},
{"name":"ModelAdvance", "ph":"E", "ts":"2088128776", "pid":"1", "tid":"cice"},
{"name":"ModelAdvance", "ph":"B", "ts":"2089437584", "pid":"1", "tid":"cice"},
{"name":"ModelAdvance", "ph":"E", "ts":"2091840111", "pid":"1", "tid":"cice"},
{"name":"ModelAdvance", "ph":"B", "ts":"2093146547", "pid":"1", "tid":"cice"},
{"name":"ModelAdvance", "ph":"E", "ts":"2095542510", "pid":"1", "tid":"cice"},
{"name":"ModelAdvance", "ph":"B", "ts":"2096835624", "pid":"1", "tid":"cice"},
{"name":"ModelAdvance", "ph":"E", "ts":"2099239771", "pid":"1", "tid":"cice"},
{"name":"ModelAdvance", "ph":"B", "ts":"2100535588", "pid":"1", "tid":"cice"},
{"name":"ModelAdvance", "ph":"E", "ts":"2102907786", "pid":"1", "tid":"cice"},
{"name":"ModelAdvance", "ph":"B", "ts":"2104226473", "pid":"1", "tid":"cice"},
{"name":"ModelAdvance", "ph":"E", "ts":"2106608425", "pid":"1", "tid":"cice"},
{"name":"ModelAdvance", "ph":"B", "ts":"2107904623", "pid":"1", "tid":"cice"},
{"name":"ModelAdvance", "ph":"E", "ts":"2110310756", "pid":"1", "tid":"cice"},
{"name":"ModelAdvance", "ph":"B", "ts":"2111621760", "pid":"1", "tid":"cice"},
{"name":"ModelAdvance", "ph":"E", "ts":"2113996390", "pid":"1", "tid":"cice"},
{"name":"ModelAdvance", "ph":"B", "ts":"2120291017", "pid":"1", "tid":"cice"},
{"name":"ModelAdvance", "ph":"E", "ts":"2122659997", "pid":"1", "tid":"cice"},
{"name":"ModelAdvance", "ph":"B", "ts":"2123993386", "pid":"1", "tid":"cice"},
{"name":"ModelAdvance", "ph":"E", "ts":"2126332320", "pid":"1", "tid":"cice"},
{"name":"ModelAdvance", "ph":"B", "ts":"2127660281", "pid":"1", "tid":"cice"},
{"name":"ModelAdvance", "ph":"E", "ts":"2130029313", "pid":"1", "tid":"cice"},
{"name":"ModelAdvance", "ph":"B", "ts":"2131366579", "pid":"1", "tid":"cice"},
{"name":"ModelAdvance", "ph":"E", "ts":"2133740951", "pid":"1", "tid":"cice"},
{"name":"ModelAdvance", "ph":"B", "ts":"2135063795", "pid":"1", "tid":"cice"},
{"name":"ModelAdvance", "ph":"E", "ts":"2137431804", "pid":"1", "tid":"cice"},
{"name":"ModelAdvance", "ph":"B", "ts":"2138775414", "pid":"1", "tid":"cice"},
{"name":"ModelAdvance", "ph":"E", "ts":"2141155255", "pid":"1", "tid":"cice"},
{"name":"ModelAdvance", "ph":"B", "ts":"2142457935", "pid":"1", "tid":"cice"},
{"name":"ModelAdvance", "ph":"E", "ts":"2144841576", "pid":"1", "tid":"cice"},
{"name":"ModelAdvance", "ph":"B", "ts":"2146151074", "pid":"1", "tid":"cice"},
{"name":"ModelAdvance", "ph":"E", "ts":"2148565471", "pid":"1", "tid":"cice"},
{"name":"ModelAdvance", "ph":"B", "ts":"2149863233", "pid":"1", "tid":"cice"},
{"name":"ModelAdvance", "ph":"E", "ts":"2152239790", "pid":"1", "tid":"cice"},
{"name":"ModelAdvance", "ph":"B", "ts":"2153579235", "pid":"1", "tid":"cice"},
{"name":"ModelAdvance", "ph":"E", "ts":"2155968725", "pid":"1", "tid":"cice"},
{"name":"ModelAdvance", "ph":"B", "ts":"2157267585", "pid":"1", "tid":"cice"},
{"name":"ModelAdvance", "ph":"E", "ts":"2159645186", "pid":"1", "tid":"cice"},
{"name":"ModelAdvance", "ph":"B", "ts":"2160994016", "pid":"1", "tid":"cice"},
{"name":"ModelAdvance", "ph":"E", "ts":"2163383298", "pid":"1", "tid":"cice"},
{"name":"ModelAdvance", "ph":"B", "ts":"2169704369", "pid":"1", "tid":"cice"},
{"name":"ModelAdvance", "ph":"E", "ts":"2172077811", "pid":"1", "tid":"cice"},
{"name":"ModelAdvance", "ph":"B", "ts":"2173384743", "pid":"1", "tid":"cice"},
{"name":"ModelAdvance", "ph":"E", "ts":"2175768300", "pid":"1", "tid":"cice"},
{"name":"ModelAdvance", "ph":"B", "ts":"2177131579", "pid":"1", "tid":"cice"},
{"name":"ModelAdvance", "ph":"E", "ts":"2179481964", "pid":"1", "tid":"cice"},
{"name":"ModelAdvance", "ph":"B", "ts":"2180818220", "pid":"1", "tid":"cice"},
{"name":"ModelAdvance", "ph":"E", "ts":"2183207276", "pid":"1", "tid":"cice"},
{"name":"ModelAdvance", "ph":"B", "ts":"2184525540", "pid":"1", "tid":"cice"},
{"name":"ModelAdvance", "ph":"E", "ts":"2186905973", "pid":"1", "tid":"cice"},
{"name":"ModelAdvance", "ph":"B", "ts":"2188255277", "pid":"1", "tid":"cice"},
{"name":"ModelAdvance", "ph":"E", "ts":"2190641851", "pid":"1", "tid":"cice"},
{"name":"ModelAdvance", "ph":"B", "ts":"2191939074", "pid":"1", "tid":"cice"},
{"name":"ModelAdvance", "ph":"E", "ts":"2194323242", "pid":"1", "tid":"cice"},
{"name":"ModelAdvance", "ph":"B", "ts":"2195659315", "pid":"1", "tid":"cice"},
{"name":"ModelAdvance", "ph":"E", "ts":"2198025797", "pid":"1", "tid":"cice"},
{"name":"ModelAdvance", "ph":"B", "ts":"2199360983", "pid":"1", "tid":"cice"},
{"name":"ModelAdvance", "ph":"E", "ts":"2201730343", "pid":"1", "tid":"cice"},
{"name":"ModelAdvance", "ph":"B", "ts":"2203050191", "pid":"1", "tid":"cice"},
{"name":"ModelAdvance", "ph":"E", "ts":"2205423440", "pid":"1", "tid":"cice"},
{"name":"ModelAdvance", "ph":"B", "ts":"2206742157", "pid":"1", "tid":"cice"},
{"name":"ModelAdvance", "ph":"E", "ts":"2211063033", "pid":"1", "tid":"cice"},
{"name":"ModelAdvance", "ph":"B", "ts":"2212163217", "pid":"1", "tid":"cice"},
{"name":"ModelAdvance", "ph":"E", "ts":"2214533004", "pid":"1", "tid":"cice"},
{"name":"ModelAdvance", "ph":"B", "ts":"2220938002", "pid":"1", "tid":"cice"},
{"name":"ModelAdvance", "ph":"E", "ts":"2223298685", "pid":"1", "tid":"cice"},
{"name":"ModelAdvance", "ph":"B", "ts":"2224604651", "pid":"1", "tid":"cice"},
{"name":"ModelAdvance", "ph":"E", "ts":"2226976713", "pid":"1", "tid":"cice"},
{"name":"ModelAdvance", "ph":"B", "ts":"2228311311", "pid":"1", "tid":"cice"},
{"name":"ModelAdvance", "ph":"E", "ts":"2230655097", "pid":"1", "tid":"cice"},
{"name":"ModelAdvance", "ph":"B", "ts":"2231994392", "pid":"1", "tid":"cice"},
{"name":"ModelAdvance", "ph":"E", "ts":"2234358110", "pid":"1", "tid":"cice"},
{"name":"ModelAdvance", "ph":"B", "ts":"2235653432", "pid":"1", "tid":"cice"},
{"name":"ModelAdvance", "ph":"E", "ts":"2238031617", "pid":"1", "tid":"cice"},
{"name":"ModelAdvance", "ph":"B", "ts":"2239373349", "pid":"1", "tid":"cice"},
{"name":"ModelAdvance", "ph":"E", "ts":"2241760497", "pid":"1", "tid":"cice"},
{"name":"ModelAdvance", "ph":"B", "ts":"2243040301", "pid":"1", "tid":"cice"},
{"name":"ModelAdvance", "ph":"E", "ts":"2245414754", "pid":"1", "tid":"cice"},
{"name":"ModelAdvance", "ph":"B", "ts":"2246745872", "pid":"1", "tid":"cice"},
{"name":"ModelAdvance", "ph":"E", "ts":"2249109843", "pid":"1", "tid":"cice"},
{"name":"ModelAdvance", "ph":"B", "ts":"2250434981", "pid":"1", "tid":"cice"},
{"name":"ModelAdvance", "ph":"E", "ts":"2252799688", "pid":"1", "tid":"cice"},
{"name":"ModelAdvance", "ph":"B", "ts":"2254099428", "pid":"1", "tid":"cice"},
{"name":"ModelAdvance", "ph":"E", "ts":"2256484012", "pid":"1", "tid":"cice"},
{"name":"ModelAdvance", "ph":"B", "ts":"2257783348", "pid":"1", "tid":"cice"},
{"name":"ModelAdvance", "ph":"E", "ts":"2260166273", "pid":"1", "tid":"cice"},
{"name":"ModelAdvance", "ph":"B", "ts":"2261496899", "pid":"1", "tid":"cice"},
{"name":"ModelAdvance", "ph":"E", "ts":"2263870358", "pid":"1", "tid":"cice"},
{"name":"ModelAdvance", "ph":"B", "ts":"2270183735", "pid":"1", "tid":"cice"},
{"name":"ModelAdvance", "ph":"E", "ts":"2272545312", "pid":"1", "tid":"cice"},
{"name":"ModelAdvance", "ph":"B", "ts":"2273888070", "pid":"1", "tid":"cice"},
{"name":"ModelAdvance", "ph":"E", "ts":"2276221878", "pid":"1", "tid":"cice"},
{"name":"ModelAdvance", "ph":"B", "ts":"2277572087", "pid":"1", "tid":"cice"},
{"name":"ModelAdvance", "ph":"E", "ts":"2279914550", "pid":"1", "tid":"cice"},
{"name":"ModelAdvance", "ph":"B", "ts":"2281240220", "pid":"1", "tid":"cice"},
{"name":"ModelAdvance", "ph":"E", "ts":"2283616927", "pid":"1", "tid":"cice"},
{"name":"ModelAdvance", "ph":"B", "ts":"2284927220", "pid":"1", "tid":"cice"},
{"name":"ModelAdvance", "ph":"E", "ts":"2287297613", "pid":"1", "tid":"cice"},
{"name":"ModelAdvance", "ph":"B", "ts":"2288631717", "pid":"1", "tid":"cice"},
{"name":"ModelAdvance", "ph":"E", "ts":"2290994899", "pid":"1", "tid":"cice"},
{"name":"ModelAdvance", "ph":"B", "ts":"2292289187", "pid":"1", "tid":"cice"},
{"name":"ModelAdvance", "ph":"E", "ts":"2294667045", "pid":"1", "tid":"cice"},
{"name":"ModelAdvance", "ph":"B", "ts":"2295986669", "pid":"1", "tid":"cice"},
{"name":"ModelAdvance", "ph":"E", "ts":"2298347852", "pid":"1", "tid":"cice"},
{"name":"ModelAdvance", "ph":"B", "ts":"2299657525", "pid":"1", "tid":"cice"},
{"name":"ModelAdvance", "ph":"E", "ts":"2302023486", "pid":"1", "tid":"cice"},
{"name":"ModelAdvance", "ph":"B", "ts":"2303334589", "pid":"1", "tid":"cice"},
{"name":"ModelAdvance", "ph":"E", "ts":"2305690748", "pid":"1", "tid":"cice"},
{"name":"ModelAdvance", "ph":"B", "ts":"2307007022", "pid":"1", "tid":"cice"},
{"name":"ModelAdvance", "ph":"E", "ts":"2309367130", "pid":"1", "tid":"cice"},
{"name":"ModelAdvance", "ph":"B", "ts":"2310691516", "pid":"1", "tid":"cice"},
{"name":"ModelAdvance", "ph":"E", "ts":"2313054317", "pid":"1", "tid":"cice"},
{"name":"ModelAdvance", "ph":"B", "ts":"2319320367", "pid":"1", "tid":"cice"},
{"name":"ModelAdvance", "ph":"E", "ts":"2321666174", "pid":"1", "tid":"cice"},
{"name":"ModelAdvance", "ph":"B", "ts":"2322981317", "pid":"1", "tid":"cice"},
{"name":"ModelAdvance", "ph":"E", "ts":"2325309430", "pid":"1", "tid":"cice"},
{"name":"ModelAdvance", "ph":"B", "ts":"2326619715", "pid":"1", "tid":"cice"},
{"name":"ModelAdvance", "ph":"E", "ts":"2328983063", "pid":"1", "tid":"cice"},
{"name":"ModelAdvance", "ph":"B", "ts":"2330262395", "pid":"1", "tid":"cice"},
{"name":"ModelAdvance", "ph":"E", "ts":"2332635320", "pid":"1", "tid":"cice"},
{"name":"ModelAdvance", "ph":"B", "ts":"2333908102", "pid":"1", "tid":"cice"},
{"name":"ModelAdvance", "ph":"E", "ts":"2336298341", "pid":"1", "tid":"cice"},
{"name":"ModelAdvance", "ph":"B", "ts":"2337587795", "pid":"1", "tid":"cice"},
{"name":"ModelAdvance", "ph":"E", "ts":"2339943645", "pid":"1", "tid":"cice"},
{"name":"ModelAdvance", "ph":"B", "ts":"2341210913", "pid":"1", "tid":"cice"},
{"name":"ModelAdvance", "ph":"E", "ts":"2343576053", "pid":"1", "tid":"cice"},
{"name":"ModelAdvance", "ph":"B", "ts":"2344854721", "pid":"1", "tid":"cice"},
{"name":"ModelAdvance", "ph":"E", "ts":"2347232787", "pid":"1", "tid":"cice"},
{"name":"ModelAdvance", "ph":"B", "ts":"2348487281", "pid":"1", "tid":"cice"},
{"name":"ModelAdvance", "ph":"E", "ts":"2350816411", "pid":"1", "tid":"cice"},
{"name":"ModelAdvance", "ph":"B", "ts":"2352091871", "pid":"1", "tid":"cice"},
{"name":"ModelAdvance", "ph":"E", "ts":"2354438620", "pid":"1", "tid":"cice"},
{"name":"ModelAdvance", "ph":"B", "ts":"2355715657", "pid":"1", "tid":"cice"},
{"name":"ModelAdvance", "ph":"E", "ts":"2362480053", "pid":"1", "tid":"cice"},
{"name":"ModelAdvance", "ph":"B", "ts":"2371146212", "pid":"1", "tid":"cice"},
{"name":"ModelAdvance", "ph":"E", "ts":"2373524084", "pid":"1", "tid":"cice"},
{"name":"ModelAdvance", "ph":"B", "ts":"2379829879", "pid":"1", "tid":"cice"},
{"name":"ModelAdvance", "ph":"E", "ts":"2382193167", "pid":"1", "tid":"cice"},
{"name":"ModelAdvance", "ph":"B", "ts":"2383381287", "pid":"1", "tid":"cice"},
{"name":"ModelAdvance", "ph":"E", "ts":"2385707201", "pid":"1", "tid":"cice"},
{"name":"ModelAdvance", "ph":"B", "ts":"2386914521", "pid":"1", "tid":"cice"},
{"name":"ModelAdvance", "ph":"E", "ts":"2389252190", "pid":"1", "tid":"cice"},
{"name":"ModelAdvance", "ph":"B", "ts":"2390451459", "pid":"1", "tid":"cice"},
{"name":"ModelAdvance", "ph":"E", "ts":"2392809259", "pid":"1", "tid":"cice"},
{"name":"ModelAdvance", "ph":"B", "ts":"2393987159", "pid":"1", "tid":"cice"},
{"name":"ModelAdvance", "ph":"E", "ts":"2396356623", "pid":"1", "tid":"cice"},
{"name":"ModelAdvance", "ph":"B", "ts":"2397561540", "pid":"1", "tid":"cice"},
{"name":"ModelAdvance", "ph":"E", "ts":"2399912536", "pid":"1", "tid":"cice"},
{"name":"ModelAdvance", "ph":"B", "ts":"2401104148", "pid":"1", "tid":"cice"},
{"name":"ModelAdvance", "ph":"E", "ts":"2403478789", "pid":"1", "tid":"cice"},
{"name":"ModelAdvance", "ph":"B", "ts":"2404648166", "pid":"1", "tid":"cice"},
{"name":"ModelAdvance", "ph":"E", "ts":"2407018899", "pid":"1", "tid":"cice"},
{"name":"ModelAdvance", "ph":"B", "ts":"2408202857", "pid":"1", "tid":"cice"},
{"name":"ModelAdvance", "ph":"E", "ts":"2410583731", "pid":"1", "tid":"cice"},
{"name":"ModelAdvance", "ph":"B", "ts":"2411747843", "pid":"1", "tid":"cice"},
{"name":"ModelAdvance", "ph":"E", "ts":"2414104423", "pid":"1", "tid":"cice"},
{"name":"ModelAdvance", "ph":"B", "ts":"2415304138", "pid":"1", "tid":"cice"},
{"name":"ModelAdvance", "ph":"E", "ts":"2417647183", "pid":"1", "tid":"cice"},
{"name":"ModelAdvance", "ph":"B", "ts":"2419206969", "pid":"1", "tid":"cice"},
{"name":"ModelAdvance", "ph":"E", "ts":"2421622267", "pid":"1", "tid":"cice"},
{"name":"ModelAdvance", "ph":"B", "ts":"2427717360", "pid":"1", "tid":"cice"},
{"name":"ModelAdvance", "ph":"E", "ts":"2430067434", "pid":"1", "tid":"cice"},
{"name":"ModelAdvance", "ph":"B", "ts":"2431269538", "pid":"1", "tid":"cice"},
{"name":"ModelAdvance", "ph":"E", "ts":"2433636001", "pid":"1", "tid":"cice"},
{"name":"ModelAdvance", "ph":"B", "ts":"2434819322", "pid":"1", "tid":"cice"},
{"name":"ModelAdvance", "ph":"E", "ts":"2437163047", "pid":"1", "tid":"cice"},
{"name":"ModelAdvance", "ph":"B", "ts":"2438375342", "pid":"1", "tid":"cice"},
{"name":"ModelAdvance", "ph":"E", "ts":"2440735751", "pid":"1", "tid":"cice"},
{"name":"ModelAdvance", "ph":"B", "ts":"2441945841", "pid":"1", "tid":"cice"},
{"name":"ModelAdvance", "ph":"E", "ts":"2444289883", "pid":"1", "tid":"cice"},
{"name":"ModelAdvance", "ph":"B", "ts":"2445516706", "pid":"1", "tid":"cice"},
{"name":"ModelAdvance", "ph":"E", "ts":"2447858061", "pid":"1", "tid":"cice"},
{"name":"ModelAdvance", "ph":"B", "ts":"2449063076", "pid":"1", "tid":"cice"},
{"name":"ModelAdvance", "ph":"E", "ts":"2451405229", "pid":"1", "tid":"cice"},
{"name":"ModelAdvance", "ph":"B", "ts":"2452638294", "pid":"1", "tid":"cice"},
{"name":"ModelAdvance", "ph":"E", "ts":"2454979095", "pid":"1", "tid":"cice"},
{"name":"ModelAdvance", "ph":"B", "ts":"2456203576", "pid":"1", "tid":"cice"},
{"name":"ModelAdvance", "ph":"E", "ts":"2458542017", "pid":"1", "tid":"cice"},
{"name":"ModelAdvance", "ph":"B", "ts":"2459771771", "pid":"1", "tid":"cice"},
{"name":"ModelAdvance", "ph":"E", "ts":"2462113744", "pid":"1", "tid":"cice"},
{"name":"ModelAdvance", "ph":"B", "ts":"2463346412", "pid":"1", "tid":"cice"},
{"name":"ModelAdvance", "ph":"E", "ts":"2465688105", "pid":"1", "tid":"cice"},
{"name":"ModelAdvance", "ph":"B", "ts":"2467306552", "pid":"1", "tid":"cice"},
{"name":"ModelAdvance", "ph":"E", "ts":"2469728330", "pid":"1", "tid":"cice"},
{"name":"ModelAdvance", "ph":"B", "ts":"2475861784", "pid":"1", "tid":"cice"},
{"name":"ModelAdvance", "ph":"E", "ts":"2478189317", "pid":"1", "tid":"cice"},
{"name":"ModelAdvance", "ph":"B", "ts":"2479439847", "pid":"1", "tid":"cice"},
{"name":"ModelAdvance", "ph":"E", "ts":"2481784109", "pid":"1", "tid":"cice"},
{"name":"ModelAdvance", "ph":"B", "ts":"2483009404", "pid":"1", "tid":"cice"},
{"name":"ModelAdvance", "ph":"E", "ts":"2485335056", "pid":"1", "tid":"cice"},
{"name":"ModelAdvance", "ph":"B", "ts":"2486568627", "pid":"1", "tid":"cice"},
{"name":"ModelAdvance", "ph":"E", "ts":"2488930596", "pid":"1", "tid":"cice"},
{"name":"ModelAdvance", "ph":"B", "ts":"2490147784", "pid":"1", "tid":"cice"},
{"name":"ModelAdvance", "ph":"E", "ts":"2492523396", "pid":"1", "tid":"cice"},
{"name":"ModelAdvance", "ph":"B", "ts":"2493753178", "pid":"1", "tid":"cice"},
{"name":"ModelAdvance", "ph":"E", "ts":"2496119215", "pid":"1", "tid":"cice"},
{"name":"ModelAdvance", "ph":"B", "ts":"2497328102", "pid":"1", "tid":"cice"},
{"name":"ModelAdvance", "ph":"E", "ts":"2499680753", "pid":"1", "tid":"cice"},
{"name":"ModelAdvance", "ph":"B", "ts":"2500905007", "pid":"1", "tid":"cice"},
{"name":"ModelAdvance", "ph":"E", "ts":"2503248952", "pid":"1", "tid":"cice"},
{"name":"ModelAdvance", "ph":"B", "ts":"2504493636", "pid":"1", "tid":"cice"},
{"name":"ModelAdvance", "ph":"E", "ts":"2506818073", "pid":"1", "tid":"cice"},
{"name":"ModelAdvance", "ph":"B", "ts":"2508054363", "pid":"1", "tid":"cice"},
{"name":"ModelAdvance", "ph":"E", "ts":"2510383045", "pid":"1", "tid":"cice"},
{"name":"ModelAdvance", "ph":"B", "ts":"2511658008", "pid":"1", "tid":"cice"},
{"name":"ModelAdvance", "ph":"E", "ts":"2518488689", "pid":"1", "tid":"cice"},
{"name":"ModelAdvance", "ph":"B", "ts":"2536902904", "pid":"1", "tid":"cice"},
{"name":"ModelAdvance", "ph":"E", "ts":"2539289541", "pid":"1", "tid":"cice"},
{"name":"ModelAdvance", "ph":"B", "ts":"2545304597", "pid":"1", "tid":"cice"},
{"name":"ModelAdvance", "ph":"E", "ts":"2547620726", "pid":"1", "tid":"cice"},
{"name":"ModelAdvance", "ph":"B", "ts":"2548890409", "pid":"1", "tid":"cice"},
{"name":"ModelAdvance", "ph":"E", "ts":"2551190396", "pid":"1", "tid":"cice"},
{"name":"ModelAdvance", "ph":"B", "ts":"2552482333", "pid":"1", "tid":"cice"},
{"name":"ModelAdvance", "ph":"E", "ts":"2554790084", "pid":"1", "tid":"cice"},
{"name":"ModelAdvance", "ph":"B", "ts":"2556049051", "pid":"1", "tid":"cice"},
{"name":"ModelAdvance", "ph":"E", "ts":"2558368064", "pid":"1", "tid":"cice"},
{"name":"ModelAdvance", "ph":"B", "ts":"2559647983", "pid":"1", "tid":"cice"},
{"name":"ModelAdvance", "ph":"E", "ts":"2561971273", "pid":"1", "tid":"cice"},
{"name":"ModelAdvance", "ph":"B", "ts":"2568387287", "pid":"1", "tid":"cice"},
{"name":"ModelAdvance", "ph":"E", "ts":"2570717342", "pid":"1", "tid":"cice"},
{"name":"ModelAdvance", "ph":"B", "ts":"2571952208", "pid":"1", "tid":"cice"},
{"name":"ModelAdvance", "ph":"E", "ts":"2574295747", "pid":"1", "tid":"cice"},
{"name":"ModelAdvance", "ph":"B", "ts":"2575541466", "pid":"1", "tid":"cice"},
{"name":"ModelAdvance", "ph":"E", "ts":"2577890277", "pid":"1", "tid":"cice"},
{"name":"ModelAdvance", "ph":"B", "ts":"2579147217", "pid":"1", "tid":"cice"},
{"name":"ModelAdvance", "ph":"E", "ts":"2581469953", "pid":"1", "tid":"cice"},
{"name":"ModelAdvance", "ph":"B", "ts":"2582734633", "pid":"1", "tid":"cice"},
{"name":"ModelAdvance", "ph":"E", "ts":"2585082779", "pid":"1", "tid":"cice"},
{"name":"ModelAdvance", "ph":"B", "ts":"2586315538", "pid":"1", "tid":"cice"},
{"name":"ModelAdvance", "ph":"E", "ts":"2588641309", "pid":"1", "tid":"cice"},
{"name":"ModelAdvance", "ph":"B", "ts":"2590305293", "pid":"1", "tid":"cice"},
{"name":"ModelAdvance", "ph":"E", "ts":"2592739767", "pid":"1", "tid":"cice"},
{"name":"ModelAdvance", "ph":"B", "ts":"2598749663", "pid":"1", "tid":"cice"},
{"name":"ModelAdvance", "ph":"E", "ts":"2601056791", "pid":"1", "tid":"cice"},
{"name":"ModelAdvance", "ph":"B", "ts":"2602331767", "pid":"1", "tid":"cice"},
{"name":"ModelAdvance", "ph":"E", "ts":"2604649737", "pid":"1", "tid":"cice"},
{"name":"ModelAdvance", "ph":"B", "ts":"2605908356", "pid":"1", "tid":"cice"},
{"name":"ModelAdvance", "ph":"E", "ts":"2608202788", "pid":"1", "tid":"cice"},
{"name":"ModelAdvance", "ph":"B", "ts":"2609494901", "pid":"1", "tid":"cice"},
{"name":"ModelAdvance", "ph":"E", "ts":"2611823786", "pid":"1", "tid":"cice"},
{"name":"ModelAdvance", "ph":"B", "ts":"2613063084", "pid":"1", "tid":"cice"},
{"name":"ModelAdvance", "ph":"E", "ts":"2615389134", "pid":"1", "tid":"cice"},
{"name":"ModelAdvance", "ph":"B", "ts":"2616657274", "pid":"1", "tid":"cice"},
{"name":"ModelAdvance", "ph":"E", "ts":"2618985258", "pid":"1", "tid":"cice"},
{"name":"ModelAdvance", "ph":"B", "ts":"2620245037", "pid":"1", "tid":"cice"},
{"name":"ModelAdvance", "ph":"E", "ts":"2622566932", "pid":"1", "tid":"cice"},
{"name":"ModelAdvance", "ph":"B", "ts":"2623869603", "pid":"1", "tid":"cice"},
{"name":"ModelAdvance", "ph":"E", "ts":"2626188289", "pid":"1", "tid":"cice"},
{"name":"ModelAdvance", "ph":"B", "ts":"2627467749", "pid":"1", "tid":"cice"},
{"name":"ModelAdvance", "ph":"E", "ts":"2629782428", "pid":"1", "tid":"cice"},
{"name":"ModelAdvance", "ph":"B", "ts":"2631063917", "pid":"1", "tid":"cice"},
{"name":"ModelAdvance", "ph":"E", "ts":"2633377667", "pid":"1", "tid":"cice"},
{"name":"ModelAdvance", "ph":"B", "ts":"2634642519", "pid":"1", "tid":"cice"},
{"name":"ModelAdvance", "ph":"E", "ts":"2636980809", "pid":"1", "tid":"cice"},
{"name":"ModelAdvance", "ph":"B", "ts":"2638663177", "pid":"1", "tid":"cice"},
{"name":"ModelAdvance", "ph":"E", "ts":"2641065645", "pid":"1", "tid":"cice"},
{"name":"ModelAdvance", "ph":"B", "ts":"2647091244", "pid":"1", "tid":"cice"},
{"name":"ModelAdvance", "ph":"E", "ts":"2649427217", "pid":"1", "tid":"cice"},
{"name":"ModelAdvance", "ph":"B", "ts":"2650678273", "pid":"1", "tid":"cice"},
{"name":"ModelAdvance", "ph":"E", "ts":"2653012073", "pid":"1", "tid":"cice"},
{"name":"ModelAdvance", "ph":"B", "ts":"2654309219", "pid":"1", "tid":"cice"},
{"name":"ModelAdvance", "ph":"E", "ts":"2656641117", "pid":"1", "tid":"cice"},
{"name":"ModelAdvance", "ph":"B", "ts":"2657898260", "pid":"1", "tid":"cice"},
{"name":"ModelAdvance", "ph":"E", "ts":"2660272378", "pid":"1", "tid":"cice"},
{"name":"ModelAdvance", "ph":"B", "ts":"2661509521", "pid":"1", "tid":"cice"},
{"name":"ModelAdvance", "ph":"E", "ts":"2663885979", "pid":"1", "tid":"cice"},
{"name":"ModelAdvance", "ph":"B", "ts":"2665140897", "pid":"1", "tid":"cice"},
{"name":"ModelAdvance", "ph":"E", "ts":"2667496446", "pid":"1", "tid":"cice"},
{"name":"ModelAdvance", "ph":"B", "ts":"2668747878", "pid":"1", "tid":"cice"},
{"name":"ModelAdvance", "ph":"E", "ts":"2671126588", "pid":"1", "tid":"cice"},
{"name":"ModelAdvance", "ph":"B", "ts":"2672362116", "pid":"1", "tid":"cice"},
{"name":"ModelAdvance", "ph":"E", "ts":"2674726989", "pid":"1", "tid":"cice"},
{"name":"ModelAdvance", "ph":"B", "ts":"2675970059", "pid":"1", "tid":"cice"},
{"name":"ModelAdvance", "ph":"E", "ts":"2678314001", "pid":"1", "tid":"cice"},
{"name":"ModelAdvance", "ph":"B", "ts":"2679553769", "pid":"1", "tid":"cice"},
{"name":"ModelAdvance", "ph":"E", "ts":"2681892971", "pid":"1", "tid":"cice"},
{"name":"ModelAdvance", "ph":"B", "ts":"2683182125", "pid":"1", "tid":"cice"},
{"name":"ModelAdvance", "ph":"E", "ts":"2691062437", "pid":"1", "tid":"cice"},
{"name":"ModelFinalize", "ph":"B", "ts":"2691065617", "pid":"1", "tid":"cice"},
{"name":"ModelFinalize", "ph":"E", "ts":"2691065667", "pid":"1", "tid":"cice"},
