{"name":"SetServices", "ph":"B", "ts":"2119578327", "pid":"1", "tid":"mom"},
{"name":"SetServices", "ph":"E", "ts":"2119580968", "pid":"1", "tid":"mom"},
{"name":"InitializeP0", "ph":"B", "ts":"2120925649", "pid":"1", "tid":"mom"},
{"name":"InitializeP0", "ph":"E", "ts":"2120926189", "pid":"1", "tid":"mom"},
{"name":"InitializeAdvertise", "ph":"B", "ts":"2154292468", "pid":"1", "tid":"mom"},
{"name":"InitializeAdvertise", "ph":"E", "ts":"2207091080", "pid":"1", "tid":"mom"},
{"name":"InitializeRealize", "ph":"B", "ts":"2639681978", "pid":"1", "tid":"mom"},
{"name":"InitializeRealize", "ph":"E", "ts":"2645246327", "pid":"1", "tid":"mom"},
{"name":"DataInitialize", "ph":"B", "ts":"2678446333", "pid":"1", "tid":"mom"},
{"name":"DataInitialize", "ph":"E", "ts":"2678447503", "pid":"1", "tid":"mom"},
{"name":"ModelSetRunClock", "ph":"B", "ts":"2763100590", "pid":"1", "tid":"mom"},
{"name":"ModelSetRunClock", "ph":"E", "ts":"2763109565", "pid":"1", "tid":"mom"},
{"name":"ModelAdvance", "ph":"B", "ts":"2763109730", "pid":"1", "tid":"mom"},
{"name":"ModelAdvance", "ph":"E", "ts":"2770012882", "pid":"1", "tid":"mom"},
{"name":"ModelSetRunClock", "ph":"B", "ts":"2776444737", "pid":"1", "tid":"mom"},
{"name":"ModelSetRunClock", "ph":"E", "ts":"2776444797", "pid":"1", "tid":"mom"},
{"name":"ModelAdvance", "ph":"B", "ts":"2776444952", "pid":"1", "tid":"mom"},
{"name":"ModelAdvance", "ph":"E", "ts":"2782660336", "pid":"1", "tid":"mom"},
{"name":"ModelSetRunClock", "ph":"B", "ts":"2785520345", "pid":"1", "tid":"mom"},
{"name":"ModelSetRunClock", "ph":"E", "ts":"2785520411", "pid":"1", "tid":"mom"},
{"name":"ModelAdvance", "ph":"B", "ts":"2785520574", "pid":"1", "tid":"mom"},
{"name":"ModelAdvance", "ph":"E", "ts":"2793458832", "pid":"1", "tid":"mom"},
{"name":"ModelSetRunClock", "ph":"B", "ts":"2795769631", "pid":"1", "tid":"mom"},
{"name":"ModelSetRunClock", "ph":"E", "ts":"2795769950", "pid":"1", "tid":"mom"},
{"name":"ModelAdvance", "ph":"B", "ts":"2795770162", "pid":"1", "tid":"mom"},
{"name":"ModelAdvance", "ph":"E", "ts":"2801996473", "pid":"1", "tid":"mom"},
{"name":"ModelSetRunClock", "ph":"B", "ts":"2804610837", "pid":"1", "tid":"mom"},
{"name":"ModelSetRunClock", "ph":"E", "ts":"2804610891", "pid":"1", "tid":"mom"},
{"name":"ModelAdvance", "ph":"B", "ts":"2804611041", "pid":"1", "tid":"mom"},
{"name":"ModelAdvance", "ph":"E", "ts":"2813142159", "pid":"1", "tid":"mom"},
{"name":"ModelSetRunClock", "ph":"B", "ts":"2815454645", "pid":"1", "tid":"mom"},
{"name":"ModelSetRunClock", "ph":"E", "ts":"2815454739", "pid":"1", "tid":"mom"},
{"name":"ModelAdvance", "ph":"B", "ts":"2815454977", "pid":"1", "tid":"mom"},
{"name":"ModelAdvance", "ph":"E", "ts":"2821767818", "pid":"1", "tid":"mom"},
{"name":"ModelSetRunClock", "ph":"B", "ts":"2838877785", "pid":"1", "tid":"mom"},
{"name":"ModelSetRunClock", "ph":"E", "ts":"2838877942", "pid":"1", "tid":"mom"},
{"name":"ModelAdvance", "ph":"B", "ts":"2838878100", "pid":"1", "tid":"mom"},
{"name":"ModelAdvance", "ph":"E", "ts":"2845115577", "pid":"1", "tid":"mom"},
{"name":"ModelSetRunClock", "ph":"B", "ts":"2849140256", "pid":"1", "tid":"mom"},
{"name":"ModelSetRunClock", "ph":"E", "ts":"2849140346", "pid":"1", "tid":"mom"},
{"name":"ModelAdvance", "ph":"B", "ts":"2849140582", "pid":"1", "tid":"mom"},
{"name":"ModelAdvance", "ph":"E", "ts":"2855392061", "pid":"1", "tid":"mom"},
{"name":"ModelSetRunClock", "ph":"B", "ts":"2857435039", "pid":"1", "tid":"mom"},
{"name":"ModelSetRunClock", "ph":"E", "ts":"2857435094", "pid":"1", "tid":"mom"},
{"name":"ModelAdvance", "ph":"B", "ts":"2857435253", "pid":"1", "tid":"mom"},
{"name":"ModelAdvance", "ph":"E", "ts":"2865663605", "pid":"1", "tid":"mom"},
{"name":"ModelSetRunClock", "ph":"B", "ts":"2868680659", "pid":"1", "tid":"mom"},
{"name":"ModelSetRunClock", "ph":"E", "ts":"2868680765", "pid":"1", "tid":"mom"},
{"name":"ModelAdvance", "ph":"B", "ts":"2868680973", "pid":"1", "tid":"mom"},
{"name":"ModelAdvance", "ph":"E", "ts":"2874978002", "pid":"1", "tid":"mom"},
{"name":"ModelSetRunClock", "ph":"B", "ts":"2877848767", "pid":"1", "tid":"mom"},
{"name":"ModelSetRunClock", "ph":"E", "ts":"2877848841", "pid":"1", "tid":"mom"},
{"name":"ModelAdvance", "ph":"B", "ts":"2877849100", "pid":"1", "tid":"mom"},
{"name":"ModelAdvance", "ph":"E", "ts":"2884702152", "pid":"1", "tid":"mom"},
{"name":"ModelSetRunClock", "ph":"B", "ts":"2887760479", "pid":"1", "tid":"mom"},
{"name":"ModelSetRunClock", "ph":"E", "ts":"2887760550", "pid":"1", "tid":"mom"},
{"name":"ModelAdvance", "ph":"B", "ts":"2887760754", "pid":"1", "tid":"mom"},
{"name":"ModelAdvance", "ph":"E", "ts":"2893963157", "pid":"1", "tid":"mom"},
{"name":"ModelSetRunClock", "ph":"B", "ts":"2896348919", "pid":"1", "tid":"mom"},
{"name":"ModelSetRunClock", "ph":"E", "ts":"2896348969", "pid":"1", "tid":"mom"},
{"name":"ModelAdvance", "ph":"B", "ts":"2896349134", "pid":"1", "tid":"mom"},
{"name":"ModelAdvance", "ph":"E", "ts":"2904008053", "pid":"1", "tid":"mom"},
{"name":"ModelSetRunClock", "ph":"B", "ts":"2907196678", "pid":"1", "tid":"mom"},
{"name":"ModelSetRunClock", "ph":"E", "ts":"2907196766", "pid":"1", "tid":"mom"},
{"name":"ModelAdvance", "ph":"B", "ts":"2907196960", "pid":"1", "tid":"mom"},
{"name":"ModelAdvance", "ph":"E", "ts":"2913302605", "pid":"1", "tid":"mom"},
{"name":"ModelSetRunClock", "ph":"B", "ts":"2915674376", "pid":"1", "tid":"mom"},
{"name":"ModelSetRunClock", "ph":"E", "ts":"2915674430", "pid":"1", "tid":"mom"},
{"name":"ModelAdvance", "ph":"B", "ts":"2915674587", "pid":"1", "tid":"mom"},
{"name":"ModelAdvance", "ph":"E", "ts":"2923621701", "pid":"1", "tid":"mom"},
{"name":"ModelSetRunClock", "ph":"B", "ts":"2927028975", "pid":"1", "tid":"mom"},
{"name":"ModelSetRunClock", "ph":"E", "ts":"2927029069", "pid":"1", "tid":"mom"},
{"name":"ModelAdvance", "ph":"B", "ts":"2927029285", "pid":"1", "tid":"mom"},
{"name":"ModelAdvance", "ph":"E", "ts":"2933090061", "pid":"1", "tid":"mom"},
{"name":"ModelSetRunClock", "ph":"B", "ts":"2935473487", "pid":"1", "tid":"mom"},
{"name":"ModelSetRunClock", "ph":"E", "ts":"2935473558", "pid":"1", "tid":"mom"},
{"name":"ModelAdvance", "ph":"B", "ts":"2935473726", "pid":"1", "tid":"mom"},
{"name":"ModelAdvance", "ph":"E", "ts":"2942939618", "pid":"1", "tid":"mom"},
{"name":"ModelSetRunClock", "ph":"B", "ts":"2946133619", "pid":"1", "tid":"mom"},
{"name":"ModelSetRunClock", "ph":"E", "ts":"2946133709", "pid":"1", "tid":"mom"},
{"name":"ModelAdvance", "ph":"B", "ts":"2946133939", "pid":"1", "tid":"mom"},
{"name":"ModelAdvance", "ph":"E", "ts":"2952274702", "pid":"1", "tid":"mom"},
{"name":"ModelSetRunClock", "ph":"B", "ts":"2955962093", "pid":"1", "tid":"mom"},
{"name":"ModelSetRunClock", "ph":"E", "ts":"2955962147", "pid":"1", "tid":"mom"},
{"name":"ModelAdvance", "ph":"B", "ts":"2955962306", "pid":"1", "tid":"mom"},
{"name":"ModelAdvance", "ph":"E", "ts":"2966531187", "pid":"1", "tid":"mom"},
{"name":"ModelSetRunClock", "ph":"B", "ts":"2966555748", "pid":"1", "tid":"mom"},
{"name":"ModelSetRunClock", "ph":"E", "ts":"2966555827", "pid":"1", "tid":"mom"},
{"name":"ModelAdvance", "ph":"B", "ts":"2966556026", "pid":"1", "tid":"mom"},
{"name":"ModelAdvance", "ph":"E", "ts":"2972595335", "pid":"1", "tid":"mom"},
{"name":"ModelSetRunClock", "ph":"B", "ts":"2975175297", "pid":"1", "tid":"mom"},
{"name":"ModelSetRunClock", "ph":"E", "ts":"2975175356", "pid":"1", "tid":"mom"},
{"name":"ModelAdvance", "ph":"B", "ts":"2975175512", "pid":"1", "tid":"mom"},
{"name":"ModelAdvance", "ph":"E", "ts":"2985901646", "pid":"1", "tid":"mom"},
{"name":"ModelSetRunClock", "ph":"B", "ts":"2988560062", "pid":"1", "tid":"mom"},
{"name":"ModelSetRunClock", "ph":"E", "ts":"2988560134", "pid":"1", "tid":"mom"},
{"name":"ModelAdvance", "ph":"B", "ts":"2988560316", "pid":"1", "tid":"mom"},
{"name":"ModelAdvance", "ph":"E", "ts":"2994579784", "pid":"1", "tid":"mom"},
{"name":"ModelSetRunClock", "ph":"B", "ts":"2997206646", "pid":"1", "tid":"mom"},
{"name":"ModelSetRunClock", "ph":"E", "ts":"2997206717", "pid":"1", "tid":"mom"},
{"name":"ModelAdvance", "ph":"B", "ts":"2997206887", "pid":"1", "tid":"mom"},
{"name":"ModelAdvance", "ph":"E", "ts":"3006825930", "pid":"1", "tid":"mom"},
{"name":"ModelSetRunClock", "ph":"B", "ts":"3009420303", "pid":"1", "tid":"mom"},
{"name":"ModelSetRunClock", "ph":"E", "ts":"3009420466", "pid":"1", "tid":"mom"},
{"name":"ModelAdvance", "ph":"B", "ts":"3009420626", "pid":"1", "tid":"mom"},
{"name":"ModelAdvance", "ph":"E", "ts":"3015520938", "pid":"1", "tid":"mom"},
{"name":"ModelSetRunClock", "ph":"B", "ts":"3018061661", "pid":"1", "tid":"mom"},
{"name":"ModelSetRunClock", "ph":"E", "ts":"3018061712", "pid":"1", "tid":"mom"},
{"name":"ModelAdvance", "ph":"B", "ts":"3018061866", "pid":"1", "tid":"mom"},
{"name":"ModelAdvance", "ph":"E", "ts":"3027193559", "pid":"1", "tid":"mom"},
{"name":"ModelSetRunClock", "ph":"B", "ts":"3029916518", "pid":"1", "tid":"mom"},
{"name":"ModelSetRunClock", "ph":"E", "ts":"3029916757", "pid":"1", "tid":"mom"},
{"name":"ModelAdvance", "ph":"B", "ts":"3029916967", "pid":"1", "tid":"mom"},
{"name":"ModelAdvance", "ph":"E", "ts":"3035928142", "pid":"1", "tid":"mom"},
{"name":"ModelSetRunClock", "ph":"B", "ts":"3038888942", "pid":"1", "tid":"mom"},
{"name":"ModelSetRunClock", "ph":"E", "ts":"3038888993", "pid":"1", "tid":"mom"},
{"name":"ModelAdvance", "ph":"B", "ts":"3038889152", "pid":"1", "tid":"mom"},
{"name":"ModelAdvance", "ph":"E", "ts":"3048294974", "pid":"1", "tid":"mom"},
{"name":"ModelSetRunClock", "ph":"B", "ts":"3051087809", "pid":"1", "tid":"mom"},
{"name":"ModelSetRunClock", "ph":"E", "ts":"3051087867", "pid":"1", "tid":"mom"},
{"name":"ModelAdvance", "ph":"B", "ts":"3051088023", "pid":"1", "tid":"mom"},
{"name":"ModelAdvance", "ph":"E", "ts":"3057080627", "pid":"1", "tid":"mom"},
{"name":"ModelSetRunClock", "ph":"B", "ts":"3060318512", "pid":"1", "tid":"mom"},
{"name":"ModelSetRunClock", "ph":"E", "ts":"3061611225", "pid":"1", "tid":"mom"},
{"name":"ModelAdvance", "ph":"B", "ts":"3061611400", "pid":"1", "tid":"mom"},
{"name":"ModelAdvance", "ph":"E", "ts":"3068031439", "pid":"1", "tid":"mom"},
{"name":"ModelSetRunClock", "ph":"B", "ts":"3071141584", "pid":"1", "tid":"mom"},
{"name":"ModelSetRunClock", "ph":"E", "ts":"3071141649", "pid":"1", "tid":"mom"},
{"name":"ModelAdvance", "ph":"B", "ts":"3071141820", "pid":"1", "tid":"mom"},
{"name":"ModelAdvance", "ph":"E", "ts":"3077225730", "pid":"1", "tid":"mom"},
{"name":"ModelSetRunClock", "ph":"B", "ts":"3081235087", "pid":"1", "tid":"mom"},
{"name":"ModelSetRunClock", "ph":"E", "ts":"3081235155", "pid":"1", "tid":"mom"},
{"name":"ModelAdvance", "ph":"B", "ts":"3081235321", "pid":"1", "tid":"mom"},
{"name":"ModelAdvance", "ph":"E", "ts":"3092795470", "pid":"1", "tid":"mom"},
{"name":"ModelSetRunClock", "ph":"B", "ts":"3092819784", "pid":"1", "tid":"mom"},
{"name":"ModelSetRunClock", "ph":"E", "ts":"3092819876", "pid":"1", "tid":"mom"},
{"name":"ModelAdvance", "ph":"B", "ts":"3092820058", "pid":"1", "tid":"mom"},
{"name":"ModelAdvance", "ph":"E", "ts":"3098812403", "pid":"1", "tid":"mom"},
{"name":"ModelSetRunClock", "ph":"B", "ts":"3102798364", "pid":"1", "tid":"mom"},
{"name":"ModelSetRunClock", "ph":"E", "ts":"3102798432", "pid":"1", "tid":"mom"},
{"name":"ModelAdvance", "ph":"B", "ts":"3102798624", "pid":"1", "tid":"mom"},
{"name":"ModelAdvance", "ph":"E", "ts":"3109457455", "pid":"1", "tid":"mom"},
{"name":"ModelSetRunClock", "ph":"B", "ts":"3113137066", "pid":"1", "tid":"mom"},
{"name":"ModelSetRunClock", "ph":"E", "ts":"3113137138", "pid":"1", "tid":"mom"},
{"name":"ModelAdvance", "ph":"B", "ts":"3113137325", "pid":"1", "tid":"mom"},
{"name":"ModelAdvance", "ph":"E", "ts":"3119137644", "pid":"1", "tid":"mom"},
{"name":"ModelSetRunClock", "ph":"B", "ts":"3122500277", "pid":"1", "tid":"mom"},
{"name":"ModelSetRunClock", "ph":"E", "ts":"3122500453", "pid":"1", "tid":"mom"},
{"name":"ModelAdvance", "ph":"B", "ts":"3122500631", "pid":"1", "tid":"mom"},
{"name":"ModelAdvance", "ph":"E", "ts":"3129861418", "pid":"1", "tid":"mom"},
{"name":"ModelSetRunClock", "ph":"B", "ts":"3133348663", "pid":"1", "tid":"mom"},
{"name":"ModelSetRunClock", "ph":"E", "ts":"3133348759", "pid":"1", "tid":"mom"},
{"name":"ModelAdvance", "ph":"B", "ts":"3133348997", "pid":"1", "tid":"mom"},
{"name":"ModelAdvance", "ph":"E", "ts":"3139449305", "pid":"1", "tid":"mom"},
{"name":"ModelSetRunClock", "ph":"B", "ts":"3142688608", "pid":"1", "tid":"mom"},
{"name":"ModelSetRunClock", "ph":"E", "ts":"3142688663", "pid":"1", "tid":"mom"},
{"name":"ModelAdvance", "ph":"B", "ts":"3142688818", "pid":"1", "tid":"mom"},
{"name":"ModelAdvance", "ph":"E", "ts":"3150079601", "pid":"1", "tid":"mom"},
{"name":"ModelSetRunClock", "ph":"B", "ts":"3153442720", "pid":"1", "tid":"mom"},
{"name":"ModelSetRunClock", "ph":"E", "ts":"3153442913", "pid":"1", "tid":"mom"},
{"name":"ModelAdvance", "ph":"B", "ts":"3153443101", "pid":"1", "tid":"mom"},
{"name":"ModelAdvance", "ph":"E", "ts":"3159447696", "pid":"1", "tid":"mom"},
{"name":"ModelSetRunClock", "ph":"B", "ts":"3162658498", "pid":"1", "tid":"mom"},
{"name":"ModelSetRunClock", "ph":"E", "ts":"3162658573", "pid":"1", "tid":"mom"},
{"name":"ModelAdvance", "ph":"B", "ts":"3162658743", "pid":"1", "tid":"mom"},
{"name":"ModelAdvance", "ph":"E", "ts":"3169875587", "pid":"1", "tid":"mom"},
{"name":"ModelSetRunClock", "ph":"B", "ts":"3173380697", "pid":"1", "tid":"mom"},
{"name":"ModelSetRunClock", "ph":"E", "ts":"3173380764", "pid":"1", "tid":"mom"},
{"name":"ModelAdvance", "ph":"B", "ts":"3173380934", "pid":"1", "tid":"mom"},
{"name":"ModelAdvance", "ph":"E", "ts":"3179398853", "pid":"1", "tid":"mom"},
{"name":"ModelSetRunClock", "ph":"B", "ts":"3182394184", "pid":"1", "tid":"mom"},
{"name":"ModelSetRunClock", "ph":"E", "ts":"3182394241", "pid":"1", "tid":"mom"},
{"name":"ModelAdvance", "ph":"B", "ts":"3182394419", "pid":"1", "tid":"mom"},
{"name":"ModelAdvance", "ph":"E", "ts":"3189783975", "pid":"1", "tid":"mom"},
{"name":"ModelSetRunClock", "ph":"B", "ts":"3193395619", "pid":"1", "tid":"mom"},
{"name":"ModelSetRunClock", "ph":"E", "ts":"3193395707", "pid":"1", "tid":"mom"},
{"name":"ModelAdvance", "ph":"B", "ts":"3193395929", "pid":"1", "tid":"mom"},
{"name":"ModelAdvance", "ph":"E", "ts":"3199486068", "pid":"1", "tid":"mom"},
{"name":"ModelSetRunClock", "ph":"B", "ts":"3203647625", "pid":"1", "tid":"mom"},
{"name":"ModelSetRunClock", "ph":"E", "ts":"3203647709", "pid":"1", "tid":"mom"},
{"name":"ModelAdvance", "ph":"B", "ts":"3203647900", "pid":"1", "tid":"mom"},
{"name":"ModelAdvance", "ph":"E", "ts":"3214652457", "pid":"1", "tid":"mom"},
{"name":"ModelSetRunClock", "ph":"B", "ts":"3230192698", "pid":"1", "tid":"mom"},
{"name":"ModelSetRunClock", "ph":"E", "ts":"3230192784", "pid":"1", "tid":"mom"},
{"name":"ModelAdvance", "ph":"B", "ts":"3230192973", "pid":"1", "tid":"mom"},
{"name":"ModelAdvance", "ph":"E", "ts":"3236219262", "pid":"1", "tid":"mom"},
{"name":"ModelSetRunClock", "ph":"B", "ts":"3238942177", "pid":"1", "tid":"mom"},
{"name":"ModelSetRunClock", "ph":"E", "ts":"3238942248", "pid":"1", "tid":"mom"},
{"name":"ModelAdvance", "ph":"B", "ts":"3238942446", "pid":"1", "tid":"mom"},
{"name":"ModelAdvance", "ph":"E", "ts":"3248010946", "pid":"1", "tid":"mom"},
{"name":"ModelSetRunClock", "ph":"B", "ts":"3250925427", "pid":"1", "tid":"mom"},
{"name":"ModelSetRunClock", "ph":"E", "ts":"3250925499", "pid":"1", "tid":"mom"},
{"name":"ModelAdvance", "ph":"B", "ts":"3250925687", "pid":"1", "tid":"mom"},
{"name":"ModelAdvance", "ph":"E", "ts":"3256977902", "pid":"1", "tid":"mom"},
{"name":"ModelSetRunClock", "ph":"B", "ts":"3259574244", "pid":"1", "tid":"mom"},
{"name":"ModelSetRunClock", "ph":"E", "ts":"3259574300", "pid":"1", "tid":"mom"},
{"name":"ModelAdvance", "ph":"B", "ts":"3259574488", "pid":"1", "tid":"mom"},
{"name":"ModelAdvance", "ph":"E", "ts":"3267662140", "pid":"1", "tid":"mom"},
{"name":"ModelSetRunClock", "ph":"B", "ts":"3271582283", "pid":"1", "tid":"mom"},
{"name":"ModelSetRunClock", "ph":"E", "ts":"3271582366", "pid":"1", "tid":"mom"},
{"name":"ModelAdvance", "ph":"B", "ts":"3271582580", "pid":"1", "tid":"mom"},
{"name":"ModelAdvance", "ph":"E", "ts":"3277730635", "pid":"1", "tid":"mom"},
{"name":"ModelSetRunClock", "ph":"B", "ts":"3280403017", "pid":"1", "tid":"mom"},
{"name":"ModelSetRunClock", "ph":"E", "ts":"3280403093", "pid":"1", "tid":"mom"},
{"name":"ModelAdvance", "ph":"B", "ts":"3280403273", "pid":"1", "tid":"mom"},
{"name":"ModelAdvance", "ph":"E", "ts":"3288722833", "pid":"1", "tid":"mom"},
{"name":"ModelSetRunClock", "ph":"B", "ts":"3292246585", "pid":"1", "tid":"mom"},
{"name":"ModelSetRunClock", "ph":"E", "ts":"3292246666", "pid":"1", "tid":"mom"},
{"name":"ModelAdvance", "ph":"B", "ts":"3292246848", "pid":"1", "tid":"mom"},
{"name":"ModelAdvance", "ph":"E", "ts":"3298281642", "pid":"1", "tid":"mom"},
{"name":"ModelSetRunClock", "ph":"B", "ts":"3301114758", "pid":"1", "tid":"mom"},
{"name":"ModelSetRunClock", "ph":"E", "ts":"3301114831", "pid":"1", "tid":"mom"},
{"name":"ModelAdvance", "ph":"B", "ts":"3301114995", "pid":"1", "tid":"mom"},
{"name":"ModelAdvance", "ph":"E", "ts":"3308636951", "pid":"1", "tid":"mom"},
{"name":"ModelSetRunClock", "ph":"B", "ts":"3312373502", "pid":"1", "tid":"mom"},
{"name":"ModelSetRunClock", "ph":"E", "ts":"3312373574", "pid":"1", "tid":"mom"},
{"name":"ModelAdvance", "ph":"B", "ts":"3312373740", "pid":"1", "tid":"mom"},
{"name":"ModelAdvance", "ph":"E", "ts":"3318407754", "pid":"1", "tid":"mom"},
{"name":"ModelSetRunClock", "ph":"B", "ts":"3321132204", "pid":"1", "tid":"mom"},
{"name":"ModelSetRunClock", "ph":"E", "ts":"3321132265", "pid":"1", "tid":"mom"},
{"name":"ModelAdvance", "ph":"B", "ts":"3321132425", "pid":"1", "tid":"mom"},
{"name":"ModelAdvance", "ph":"E", "ts":"3329584378", "pid":"1", "tid":"mom"},
{"name":"ModelSetRunClock", "ph":"B", "ts":"3332935567", "pid":"1", "tid":"mom"},
{"name":"ModelSetRunClock", "ph":"E", "ts":"3332935671", "pid":"1", "tid":"mom"},
{"name":"ModelAdvance", "ph":"B", "ts":"3332935908", "pid":"1", "tid":"mom"},
{"name":"ModelAdvance", "ph":"E", "ts":"3339033260", "pid":"1", "tid":"mom"},
{"name":"ModelSetRunClock", "ph":"B", "ts":"3343086058", "pid":"1", "tid":"mom"},
{"name":"ModelSetRunClock", "ph":"E", "ts":"3343086186", "pid":"1", "tid":"mom"},
{"name":"ModelAdvance", "ph":"B", "ts":"3343086486", "pid":"1", "tid":"mom"},
{"name":"ModelAdvance", "ph":"E", "ts":"3353383321", "pid":"1", "tid":"mom"},
{"name":"ModelSetRunClock", "ph":"B", "ts":"3353404138", "pid":"1", "tid":"mom"},
{"name":"ModelSetRunClock", "ph":"E", "ts":"3353404198", "pid":"1", "tid":"mom"},
{"name":"ModelAdvance", "ph":"B", "ts":"3353404369", "pid":"1", "tid":"mom"},
{"name":"ModelAdvance", "ph":"E", "ts":"3359415839", "pid":"1", "tid":"mom"},
{"name":"ModelSetRunClock", "ph":"B", "ts":"3362178869", "pid":"1", "tid":"mom"},
{"name":"ModelSetRunClock", "ph":"E", "ts":"3362178926", "pid":"1", "tid":"mom"},
{"name":"ModelAdvance", "ph":"B", "ts":"3362179083", "pid":"1", "tid":"mom"},
{"name":"ModelAdvance", "ph":"E", "ts":"3369581282", "pid":"1", "tid":"mom"},
{"name":"ModelSetRunClock", "ph":"B", "ts":"3373348605", "pid":"1", "tid":"mom"},
{"name":"ModelSetRunClock", "ph":"E", "ts":"3373348689", "pid":"1", "tid":"mom"},
{"name":"ModelAdvance", "ph":"B", "ts":"3373348892", "pid":"1", "tid":"mom"},
{"name":"ModelAdvance", "ph":"E", "ts":"3379393878", "pid":"1", "tid":"mom"},
{"name":"ModelSetRunClock", "ph":"B", "ts":"3382108075", "pid":"1", "tid":"mom"},
{"name":"ModelSetRunClock", "ph":"E", "ts":"3382108132", "pid":"1", "tid":"mom"},
{"name":"ModelAdvance", "ph":"B", "ts":"3382108294", "pid":"1", "tid":"mom"},
{"name":"ModelAdvance", "ph":"E", "ts":"3389491480", "pid":"1", "tid":"mom"},
{"name":"ModelSetRunClock", "ph":"B", "ts":"3393240889", "pid":"1", "tid":"mom"},
{"name":"ModelSetRunClock", "ph":"E", "ts":"3393240988", "pid":"1", "tid":"mom"},
{"name":"ModelAdvance", "ph":"B", "ts":"3393241203", "pid":"1", "tid":"mom"},
{"name":"ModelAdvance", "ph":"E", "ts":"3399383924", "pid":"1", "tid":"mom"},
{"name":"ModelSetRunClock", "ph":"B", "ts":"3401723038", "pid":"1", "tid":"mom"},
{"name":"ModelSetRunClock", "ph":"E", "ts":"3401723110", "pid":"1", "tid":"mom"},
{"name":"ModelAdvance", "ph":"B", "ts":"3401723283", "pid":"1", "tid":"mom"},
{"name":"ModelAdvance", "ph":"E", "ts":"3409456805", "pid":"1", "tid":"mom"},
{"name":"ModelSetRunClock", "ph":"B", "ts":"3413015839", "pid":"1", "tid":"mom"},
{"name":"ModelSetRunClock", "ph":"E", "ts":"3413015904", "pid":"1", "tid":"mom"},
{"name":"ModelAdvance", "ph":"B", "ts":"3413016170", "pid":"1", "tid":"mom"},
{"name":"ModelAdvance", "ph":"E", "ts":"3419078694", "pid":"1", "tid":"mom"},
{"name":"ModelSetRunClock", "ph":"B", "ts":"3421297537", "pid":"1", "tid":"mom"},
{"name":"ModelSetRunClock", "ph":"E", "ts":"3421297592", "pid":"1", "tid":"mom"},
{"name":"ModelAdvance", "ph":"B", "ts":"3421297748", "pid":"1", "tid":"mom"},
{"name":"ModelAdvance", "ph":"E", "ts":"3428766419", "pid":"1", "tid":"mom"},
{"name":"ModelSetRunClock", "ph":"B", "ts":"3432078929", "pid":"1", "tid":"mom"},
{"name":"ModelSetRunClock", "ph":"E", "ts":"3432079233", "pid":"1", "tid":"mom"},
{"name":"ModelAdvance", "ph":"B", "ts":"3432079485", "pid":"1", "tid":"mom"},
{"name":"ModelAdvance", "ph":"E", "ts":"3438131233", "pid":"1", "tid":"mom"},
{"name":"ModelSetRunClock", "ph":"B", "ts":"3440439261", "pid":"1", "tid":"mom"},
{"name":"ModelSetRunClock", "ph":"E", "ts":"3440439315", "pid":"1", "tid":"mom"},
{"name":"ModelAdvance", "ph":"B", "ts":"3440439471", "pid":"1", "tid":"mom"},
{"name":"ModelAdvance", "ph":"E", "ts":"3447829477", "pid":"1", "tid":"mom"},
{"name":"ModelSetRunClock", "ph":"B", "ts":"3451206660", "pid":"1", "tid":"mom"},
{"name":"ModelSetRunClock", "ph":"E", "ts":"3451206737", "pid":"1", "tid":"mom"},
{"name":"ModelAdvance", "ph":"B", "ts":"3451206916", "pid":"1", "tid":"mom"},
{"name":"ModelAdvance", "ph":"E", "ts":"3457317111", "pid":"1", "tid":"mom"},
{"name":"ModelSetRunClock", "ph":"B", "ts":"3461947182", "pid":"1", "tid":"mom"},
{"name":"ModelSetRunClock", "ph":"E", "ts":"3461947444", "pid":"1", "tid":"mom"},
{"name":"ModelAdvance", "ph":"B", "ts":"3461947669", "pid":"1", "tid":"mom"},
{"name":"ModelAdvance", "ph":"E", "ts":"3472513712", "pid":"1", "tid":"mom"},
{"name":"ModelSetRunClock", "ph":"B", "ts":"3472528083", "pid":"1", "tid":"mom"},
{"name":"ModelSetRunClock", "ph":"E", "ts":"3472528137", "pid":"1", "tid":"mom"},
{"name":"ModelAdvance", "ph":"B", "ts":"3472528295", "pid":"1", "tid":"mom"},
{"name":"ModelAdvance", "ph":"E", "ts":"3478571323", "pid":"1", "tid":"mom"},
{"name":"ModelSetRunClock", "ph":"B", "ts":"3480727468", "pid":"1", "tid":"mom"},
{"name":"ModelSetRunClock", "ph":"E", "ts":"3480727522", "pid":"1", "tid":"mom"},
{"name":"ModelAdvance", "ph":"B", "ts":"3480727688", "pid":"1", "tid":"mom"},
{"name":"ModelAdvance", "ph":"E", "ts":"3488266770", "pid":"1", "tid":"mom"},
{"name":"ModelSetRunClock", "ph":"B", "ts":"3491617777", "pid":"1", "tid":"mom"},
{"name":"ModelSetRunClock", "ph":"E", "ts":"3491618016", "pid":"1", "tid":"mom"},
{"name":"ModelAdvance", "ph":"B", "ts":"3491618234", "pid":"1", "tid":"mom"},
{"name":"ModelAdvance", "ph":"E", "ts":"3497649264", "pid":"1", "tid":"mom"},
{"name":"ModelSetRunClock", "ph":"B", "ts":"3499841649", "pid":"1", "tid":"mom"},
{"name":"ModelSetRunClock", "ph":"E", "ts":"3499841721", "pid":"1", "tid":"mom"},
{"name":"ModelAdvance", "ph":"B", "ts":"3499841886", "pid":"1", "tid":"mom"},
{"name":"ModelAdvance", "ph":"E", "ts":"3507995275", "pid":"1", "tid":"mom"},
{"name":"ModelSetRunClock", "ph":"B", "ts":"3511660390", "pid":"1", "tid":"mom"},
{"name":"ModelSetRunClock", "ph":"E", "ts":"3511660454", "pid":"1", "tid":"mom"},
{"name":"ModelAdvance", "ph":"B", "ts":"3511660627", "pid":"1", "tid":"mom"},
{"name":"ModelAdvance", "ph":"E", "ts":"3517788707", "pid":"1", "tid":"mom"},
{"name":"ModelSetRunClock", "ph":"B", "ts":"3520781656", "pid":"1", "tid":"mom"},
{"name":"ModelSetRunClock", "ph":"E", "ts":"3520781707", "pid":"1", "tid":"mom"},
{"name":"ModelAdvance", "ph":"B", "ts":"3520781864", "pid":"1", "tid":"mom"},
{"name":"ModelAdvance", "ph":"E", "ts":"3526862654", "pid":"1", "tid":"mom"},
{"name":"ModelSetRunClock", "ph":"B", "ts":"3530487541", "pid":"1", "tid":"mom"},
{"name":"ModelSetRunClock", "ph":"E", "ts":"3530487627", "pid":"1", "tid":"mom"},
{"name":"ModelAdvance", "ph":"B", "ts":"3530487820", "pid":"1", "tid":"mom"},
{"name":"ModelAdvance", "ph":"E", "ts":"3536522624", "pid":"1", "tid":"mom"},
{"name":"ModelSetRunClock", "ph":"B", "ts":"3538867497", "pid":"1", "tid":"mom"},
{"name":"ModelSetRunClock", "ph":"E", "ts":"3538867572", "pid":"1", "tid":"mom"},
{"name":"ModelAdvance", "ph":"B", "ts":"3538867833", "pid":"1", "tid":"mom"},
{"name":"ModelAdvance", "ph":"E", "ts":"3547182864", "pid":"1", "tid":"mom"},
{"name":"ModelSetRunClock", "ph":"B", "ts":"3550709867", "pid":"1", "tid":"mom"},
{"name":"ModelSetRunClock", "ph":"E", "ts":"3550710040", "pid":"1", "tid":"mom"},
{"name":"ModelAdvance", "ph":"B", "ts":"3550710266", "pid":"1", "tid":"mom"},
{"name":"ModelAdvance", "ph":"E", "ts":"3556741816", "pid":"1", "tid":"mom"},
{"name":"ModelSetRunClock", "ph":"B", "ts":"3559189320", "pid":"1", "tid":"mom"},
{"name":"ModelSetRunClock", "ph":"E", "ts":"3559189739", "pid":"1", "tid":"mom"},
{"name":"ModelAdvance", "ph":"B", "ts":"3559189895", "pid":"1", "tid":"mom"},
{"name":"ModelAdvance", "ph":"E", "ts":"3567274771", "pid":"1", "tid":"mom"},
{"name":"ModelSetRunClock", "ph":"B", "ts":"3570859662", "pid":"1", "tid":"mom"},
{"name":"ModelSetRunClock", "ph":"E", "ts":"3570859784", "pid":"1", "tid":"mom"},
{"name":"ModelAdvance", "ph":"B", "ts":"3570860034", "pid":"1", "tid":"mom"},
{"name":"ModelAdvance", "ph":"E", "ts":"3597674008", "pid":"1", "tid":"mom"},
{"name":"ModelSetRunClock", "ph":"B", "ts":"3619152862", "pid":"1", "tid":"mom"},
{"name":"ModelSetRunClock", "ph":"E", "ts":"3619153138", "pid":"1", "tid":"mom"},
{"name":"ModelAdvance", "ph":"B", "ts":"3619153386", "pid":"1", "tid":"mom"},
{"name":"ModelAdvance", "ph":"E", "ts":"3629555797", "pid":"1", "tid":"mom"},
{"name":"ModelSetRunClock", "ph":"B", "ts":"3629581053", "pid":"1", "tid":"mom"},
{"name":"ModelSetRunClock", "ph":"E", "ts":"3629581137", "pid":"1", "tid":"mom"},
{"name":"ModelAdvance", "ph":"B", "ts":"3629581303", "pid":"1", "tid":"mom"},
{"name":"ModelAdvance", "ph":"E", "ts":"3635599678", "pid":"1", "tid":"mom"},
{"name":"ModelSetRunClock", "ph":"B", "ts":"3638320318", "pid":"1", "tid":"mom"},
{"name":"ModelSetRunClock", "ph":"E", "ts":"3638320378", "pid":"1", "tid":"mom"},
{"name":"ModelAdvance", "ph":"B", "ts":"3638320536", "pid":"1", "tid":"mom"},
{"name":"ModelAdvance", "ph":"E", "ts":"3646000421", "pid":"1", "tid":"mom"},
{"name":"ModelSetRunClock", "ph":"B", "ts":"3649556609", "pid":"1", "tid":"mom"},
{"name":"ModelSetRunClock", "ph":"E", "ts":"3649556792", "pid":"1", "tid":"mom"},
{"name":"ModelAdvance", "ph":"B", "ts":"3649556975", "pid":"1", "tid":"mom"},
{"name":"ModelAdvance", "ph":"E", "ts":"3655591140", "pid":"1", "tid":"mom"},
{"name":"ModelSetRunClock", "ph":"B", "ts":"3658156142", "pid":"1", "tid":"mom"},
{"name":"ModelSetRunClock", "ph":"E", "ts":"3658156200", "pid":"1", "tid":"mom"},
{"name":"ModelAdvance", "ph":"B", "ts":"3658156356", "pid":"1", "tid":"mom"},
{"name":"ModelAdvance", "ph":"E", "ts":"3665816663", "pid":"1", "tid":"mom"},
{"name":"ModelSetRunClock", "ph":"B", "ts":"3669352575", "pid":"1", "tid":"mom"},
{"name":"ModelSetRunClock", "ph":"E", "ts":"3669352657", "pid":"1", "tid":"mom"},
{"name":"ModelAdvance", "ph":"B", "ts":"3669352838", "pid":"1", "tid":"mom"},
{"name":"ModelAdvance", "ph":"E", "ts":"3675422814", "pid":"1", "tid":"mom"},
{"name":"ModelSetRunClock", "ph":"B", "ts":"3677826217", "pid":"1", "tid":"mom"},
{"name":"ModelSetRunClock", "ph":"E", "ts":"3677826270", "pid":"1", "tid":"mom"},
{"name":"ModelAdvance", "ph":"B", "ts":"3677826461", "pid":"1", "tid":"mom"},
{"name":"ModelAdvance", "ph":"E", "ts":"3688600902", "pid":"1", "tid":"mom"},
{"name":"ModelSetRunClock", "ph":"B", "ts":"3691149596", "pid":"1", "tid":"mom"},
{"name":"ModelSetRunClock", "ph":"E", "ts":"3691149718", "pid":"1", "tid":"mom"},
{"name":"ModelAdvance", "ph":"B", "ts":"3691149929", "pid":"1", "tid":"mom"},
{"name":"ModelAdvance", "ph":"E", "ts":"3697162958", "pid":"1", "tid":"mom"},
{"name":"ModelSetRunClock", "ph":"B", "ts":"3699630270", "pid":"1", "tid":"mom"},
{"name":"ModelSetRunClock", "ph":"E", "ts":"3699630327", "pid":"1", "tid":"mom"},
{"name":"ModelAdvance", "ph":"B", "ts":"3699630518", "pid":"1", "tid":"mom"},
{"name":"ModelAdvance", "ph":"E", "ts":"3707096858", "pid":"1", "tid":"mom"},
{"name":"ModelSetRunClock", "ph":"B", "ts":"3712046691", "pid":"1", "tid":"mom"},
{"name":"ModelSetRunClock", "ph":"E", "ts":"3712046947", "pid":"1", "tid":"mom"},
{"name":"ModelAdvance", "ph":"B", "ts":"3712047169", "pid":"1", "tid":"mom"},
{"name":"ModelAdvance", "ph":"E", "ts":"3718031753", "pid":"1", "tid":"mom"},
{"name":"ModelSetRunClock", "ph":"B", "ts":"3720506069", "pid":"1", "tid":"mom"},
{"name":"ModelSetRunClock", "ph":"E", "ts":"3720506137", "pid":"1", "tid":"mom"},
{"name":"ModelAdvance", "ph":"B", "ts":"3720506302", "pid":"1", "tid":"mom"},
{"name":"ModelAdvance", "ph":"E", "ts":"3728065224", "pid":"1", "tid":"mom"},
{"name":"ModelSetRunClock", "ph":"B", "ts":"3731533055", "pid":"1", "tid":"mom"},
{"name":"ModelSetRunClock", "ph":"E", "ts":"3731533128", "pid":"1", "tid":"mom"},
{"name":"ModelAdvance", "ph":"B", "ts":"3731533298", "pid":"1", "tid":"mom"},
{"name":"ModelAdvance", "ph":"E", "ts":"3737625081", "pid":"1", "tid":"mom"},
{"name":"ModelSetRunClock", "ph":"B", "ts":"3741743739", "pid":"1", "tid":"mom"},
{"name":"ModelSetRunClock", "ph":"E", "ts":"3741743831", "pid":"1", "tid":"mom"},
{"name":"ModelAdvance", "ph":"B", "ts":"3741744042", "pid":"1", "tid":"mom"},
{"name":"ModelAdvance", "ph":"E", "ts":"3752505624", "pid":"1", "tid":"mom"},
{"name":"ModelSetRunClock", "ph":"B", "ts":"3752528488", "pid":"1", "tid":"mom"},
{"name":"ModelSetRunClock", "ph":"E", "ts":"3752528559", "pid":"1", "tid":"mom"},
{"name":"ModelAdvance", "ph":"B", "ts":"3752528762", "pid":"1", "tid":"mom"},
{"name":"ModelAdvance", "ph":"E", "ts":"3758538978", "pid":"1", "tid":"mom"},
{"name":"ModelSetRunClock", "ph":"B", "ts":"3760829504", "pid":"1", "tid":"mom"},
{"name":"ModelSetRunClock", "ph":"E", "ts":"3760829559", "pid":"1", "tid":"mom"},
{"name":"ModelAdvance", "ph":"B", "ts":"3760829715", "pid":"1", "tid":"mom"},
{"name":"ModelAdvance", "ph":"E", "ts":"3769058800", "pid":"1", "tid":"mom"},
{"name":"ModelSetRunClock", "ph":"B", "ts":"3772579578", "pid":"1", "tid":"mom"},
{"name":"ModelSetRunClock", "ph":"E", "ts":"3772579650", "pid":"1", "tid":"mom"},
{"name":"ModelAdvance", "ph":"B", "ts":"3772579831", "pid":"1", "tid":"mom"},
{"name":"ModelAdvance", "ph":"E", "ts":"3778596328", "pid":"1", "tid":"mom"},
{"name":"ModelSetRunClock", "ph":"B", "ts":"3781667652", "pid":"1", "tid":"mom"},
{"name":"ModelSetRunClock", "ph":"E", "ts":"3781667722", "pid":"1", "tid":"mom"},
{"name":"ModelAdvance", "ph":"B", "ts":"3781667889", "pid":"1", "tid":"mom"},
{"name":"ModelAdvance", "ph":"E", "ts":"3787752702", "pid":"1", "tid":"mom"},
{"name":"ModelSetRunClock", "ph":"B", "ts":"3791267858", "pid":"1", "tid":"mom"},
{"name":"ModelSetRunClock", "ph":"E", "ts":"3791267933", "pid":"1", "tid":"mom"},
{"name":"ModelAdvance", "ph":"B", "ts":"3791268112", "pid":"1", "tid":"mom"},
{"name":"ModelAdvance", "ph":"E", "ts":"3797392897", "pid":"1", "tid":"mom"},
{"name":"ModelSetRunClock", "ph":"B", "ts":"3800434180", "pid":"1", "tid":"mom"},
{"name":"ModelSetRunClock", "ph":"E", "ts":"3800434237", "pid":"1", "tid":"mom"},
{"name":"ModelAdvance", "ph":"B", "ts":"3800434420", "pid":"1", "tid":"mom"},
{"name":"ModelAdvance", "ph":"E", "ts":"3806990273", "pid":"1", "tid":"mom"},
{"name":"ModelSetRunClock", "ph":"B", "ts":"3810227502", "pid":"1", "tid":"mom"},
{"name":"ModelSetRunClock", "ph":"E", "ts":"3810227604", "pid":"1", "tid":"mom"},
{"name":"ModelAdvance", "ph":"B", "ts":"3810227822", "pid":"1", "tid":"mom"},
{"name":"ModelAdvance", "ph":"E", "ts":"3816305663", "pid":"1", "tid":"mom"},
{"name":"ModelSetRunClock", "ph":"B", "ts":"3818812471", "pid":"1", "tid":"mom"},
{"name":"ModelSetRunClock", "ph":"E", "ts":"3818812526", "pid":"1", "tid":"mom"},
{"name":"ModelAdvance", "ph":"B", "ts":"3818812680", "pid":"1", "tid":"mom"},
{"name":"ModelAdvance", "ph":"E", "ts":"3826604477", "pid":"1", "tid":"mom"},
{"name":"ModelSetRunClock", "ph":"B", "ts":"3830219059", "pid":"1", "tid":"mom"},
{"name":"ModelSetRunClock", "ph":"E", "ts":"3830219152", "pid":"1", "tid":"mom"},
{"name":"ModelAdvance", "ph":"B", "ts":"3830219387", "pid":"1", "tid":"mom"},
{"name":"ModelAdvance", "ph":"E", "ts":"3836324184", "pid":"1", "tid":"mom"},
{"name":"ModelSetRunClock", "ph":"B", "ts":"3838905411", "pid":"1", "tid":"mom"},
{"name":"ModelSetRunClock", "ph":"E", "ts":"3838905468", "pid":"1", "tid":"mom"},
{"name":"ModelAdvance", "ph":"B", "ts":"3838905627", "pid":"1", "tid":"mom"},
{"name":"ModelAdvance", "ph":"E", "ts":"3846804947", "pid":"1", "tid":"mom"},
{"name":"ModelSetRunClock", "ph":"B", "ts":"3850326141", "pid":"1", "tid":"mom"},
{"name":"ModelSetRunClock", "ph":"E", "ts":"3850326232", "pid":"1", "tid":"mom"},
{"name":"ModelAdvance", "ph":"B", "ts":"3850326455", "pid":"1", "tid":"mom"},
{"name":"ModelAdvance", "ph":"E", "ts":"3856515275", "pid":"1", "tid":"mom"},
{"name":"ModelSetRunClock", "ph":"B", "ts":"3860895714", "pid":"1", "tid":"mom"},
{"name":"ModelSetRunClock", "ph":"E", "ts":"3860895788", "pid":"1", "tid":"mom"},
{"name":"ModelAdvance", "ph":"B", "ts":"3860895954", "pid":"1", "tid":"mom"},
{"name":"ModelAdvance", "ph":"E", "ts":"3872199294", "pid":"1", "tid":"mom"},
{"name":"ModelSetRunClock", "ph":"B", "ts":"3872219324", "pid":"1", "tid":"mom"},
{"name":"ModelSetRunClock", "ph":"E", "ts":"3872219394", "pid":"1", "tid":"mom"},
{"name":"ModelAdvance", "ph":"B", "ts":"3872219571", "pid":"1", "tid":"mom"},
{"name":"ModelAdvance", "ph":"E", "ts":"3878297186", "pid":"1", "tid":"mom"},
{"name":"ModelSetRunClock", "ph":"B", "ts":"3880924173", "pid":"1", "tid":"mom"},
{"name":"ModelSetRunClock", "ph":"E", "ts":"3880924228", "pid":"1", "tid":"mom"},
{"name":"ModelAdvance", "ph":"B", "ts":"3880924388", "pid":"1", "tid":"mom"},
{"name":"ModelAdvance", "ph":"E", "ts":"3889704691", "pid":"1", "tid":"mom"},
{"name":"ModelSetRunClock", "ph":"B", "ts":"3892517635", "pid":"1", "tid":"mom"},
{"name":"ModelSetRunClock", "ph":"E", "ts":"3892517731", "pid":"1", "tid":"mom"},
{"name":"ModelAdvance", "ph":"B", "ts":"3892517911", "pid":"1", "tid":"mom"},
{"name":"ModelAdvance", "ph":"E", "ts":"3898586441", "pid":"1", "tid":"mom"},
{"name":"ModelSetRunClock", "ph":"B", "ts":"3900949300", "pid":"1", "tid":"mom"},
{"name":"ModelSetRunClock", "ph":"E", "ts":"3900949364", "pid":"1", "tid":"mom"},
{"name":"ModelAdvance", "ph":"B", "ts":"3900949527", "pid":"1", "tid":"mom"},
{"name":"ModelAdvance", "ph":"E", "ts":"3909420288", "pid":"1", "tid":"mom"},
{"name":"ModelSetRunClock", "ph":"B", "ts":"3912815568", "pid":"1", "tid":"mom"},
{"name":"ModelSetRunClock", "ph":"E", "ts":"3912815687", "pid":"1", "tid":"mom"},
{"name":"ModelAdvance", "ph":"B", "ts":"3912815921", "pid":"1", "tid":"mom"},
{"name":"ModelAdvance", "ph":"E", "ts":"3918968628", "pid":"1", "tid":"mom"},
{"name":"ModelSetRunClock", "ph":"B", "ts":"3921258742", "pid":"1", "tid":"mom"},
{"name":"ModelSetRunClock", "ph":"E", "ts":"3921258793", "pid":"1", "tid":"mom"},
{"name":"ModelAdvance", "ph":"B", "ts":"3921258950", "pid":"1", "tid":"mom"},
{"name":"ModelAdvance", "ph":"E", "ts":"3928818502", "pid":"1", "tid":"mom"},
{"name":"ModelSetRunClock", "ph":"B", "ts":"3932416056", "pid":"1", "tid":"mom"},
{"name":"ModelSetRunClock", "ph":"E", "ts":"3932416152", "pid":"1", "tid":"mom"},
{"name":"ModelAdvance", "ph":"B", "ts":"3932416376", "pid":"1", "tid":"mom"},
{"name":"ModelAdvance", "ph":"E", "ts":"3938459056", "pid":"1", "tid":"mom"},
{"name":"ModelSetRunClock", "ph":"B", "ts":"3940801808", "pid":"1", "tid":"mom"},
{"name":"ModelSetRunClock", "ph":"E", "ts":"3940801862", "pid":"1", "tid":"mom"},
{"name":"ModelAdvance", "ph":"B", "ts":"3940802021", "pid":"1", "tid":"mom"},
{"name":"ModelAdvance", "ph":"E", "ts":"3948326022", "pid":"1", "tid":"mom"},
{"name":"ModelSetRunClock", "ph":"B", "ts":"3951959853", "pid":"1", "tid":"mom"},
{"name":"ModelSetRunClock", "ph":"E", "ts":"3951959917", "pid":"1", "tid":"mom"},
{"name":"ModelAdvance", "ph":"B", "ts":"3951960078", "pid":"1", "tid":"mom"},
{"name":"ModelAdvance", "ph":"E", "ts":"3958005425", "pid":"1", "tid":"mom"},
{"name":"ModelSetRunClock", "ph":"B", "ts":"3960245587", "pid":"1", "tid":"mom"},
{"name":"ModelSetRunClock", "ph":"E", "ts":"3960245645", "pid":"1", "tid":"mom"},
{"name":"ModelAdvance", "ph":"B", "ts":"3960245801", "pid":"1", "tid":"mom"},
{"name":"ModelAdvance", "ph":"E", "ts":"3968934641", "pid":"1", "tid":"mom"},
{"name":"ModelSetRunClock", "ph":"B", "ts":"3972217476", "pid":"1", "tid":"mom"},
{"name":"ModelSetRunClock", "ph":"E", "ts":"3972217603", "pid":"1", "tid":"mom"},
{"name":"ModelAdvance", "ph":"B", "ts":"3972217842", "pid":"1", "tid":"mom"},
{"name":"ModelAdvance", "ph":"E", "ts":"3978360329", "pid":"1", "tid":"mom"},
{"name":"ModelSetRunClock", "ph":"B", "ts":"3982655196", "pid":"1", "tid":"mom"},
{"name":"ModelSetRunClock", "ph":"E", "ts":"3982655305", "pid":"1", "tid":"mom"},
{"name":"ModelAdvance", "ph":"B", "ts":"3982655519", "pid":"1", "tid":"mom"},
{"name":"ModelAdvance", "ph":"E", "ts":"3993376377", "pid":"1", "tid":"mom"},
{"name":"ModelSetRunClock", "ph":"B", "ts":"3993399308", "pid":"1", "tid":"mom"},
{"name":"ModelSetRunClock", "ph":"E", "ts":"3993399402", "pid":"1", "tid":"mom"},
{"name":"ModelAdvance", "ph":"B", "ts":"3993399604", "pid":"1", "tid":"mom"},
{"name":"ModelAdvance", "ph":"E", "ts":"3999472444", "pid":"1", "tid":"mom"},
{"name":"ModelSetRunClock", "ph":"B", "ts":"4002349560", "pid":"1", "tid":"mom"},
{"name":"ModelSetRunClock", "ph":"E", "ts":"4002349636", "pid":"1", "tid":"mom"},
{"name":"ModelAdvance", "ph":"B", "ts":"4002349806", "pid":"1", "tid":"mom"},
{"name":"ModelAdvance", "ph":"E", "ts":"4008496323", "pid":"1", "tid":"mom"},
{"name":"ModelSetRunClock", "ph":"B", "ts":"4012196232", "pid":"1", "tid":"mom"},
{"name":"ModelSetRunClock", "ph":"E", "ts":"4012196303", "pid":"1", "tid":"mom"},
{"name":"ModelAdvance", "ph":"B", "ts":"4012196478", "pid":"1", "tid":"mom"},
{"name":"ModelAdvance", "ph":"E", "ts":"4018298429", "pid":"1", "tid":"mom"},
{"name":"ModelSetRunClock", "ph":"B", "ts":"4020311075", "pid":"1", "tid":"mom"},
{"name":"ModelSetRunClock", "ph":"E", "ts":"4020311133", "pid":"1", "tid":"mom"},
{"name":"ModelAdvance", "ph":"B", "ts":"4020311288", "pid":"1", "tid":"mom"},
{"name":"ModelAdvance", "ph":"E", "ts":"4029767592", "pid":"1", "tid":"mom"},
{"name":"ModelSetRunClock", "ph":"B", "ts":"4032512572", "pid":"1", "tid":"mom"},
{"name":"ModelSetRunClock", "ph":"E", "ts":"4032512635", "pid":"1", "tid":"mom"},
{"name":"ModelAdvance", "ph":"B", "ts":"4032512800", "pid":"1", "tid":"mom"},
{"name":"ModelAdvance", "ph":"E", "ts":"4038672832", "pid":"1", "tid":"mom"},
{"name":"ModelSetRunClock", "ph":"B", "ts":"4040664423", "pid":"1", "tid":"mom"},
{"name":"ModelSetRunClock", "ph":"E", "ts":"4040664502", "pid":"1", "tid":"mom"},
{"name":"ModelAdvance", "ph":"B", "ts":"4040664721", "pid":"1", "tid":"mom"},
{"name":"ModelAdvance", "ph":"E", "ts":"4048309652", "pid":"1", "tid":"mom"},
{"name":"ModelSetRunClock", "ph":"B", "ts":"4051564197", "pid":"1", "tid":"mom"},
{"name":"ModelSetRunClock", "ph":"E", "ts":"4051564290", "pid":"1", "tid":"mom"},
{"name":"ModelAdvance", "ph":"B", "ts":"4051564476", "pid":"1", "tid":"mom"},
{"name":"ModelAdvance", "ph":"E", "ts":"4057645619", "pid":"1", "tid":"mom"},
{"name":"ModelSetRunClock", "ph":"B", "ts":"4059528347", "pid":"1", "tid":"mom"},
{"name":"ModelSetRunClock", "ph":"E", "ts":"4059528516", "pid":"1", "tid":"mom"},
{"name":"ModelAdvance", "ph":"B", "ts":"4059528670", "pid":"1", "tid":"mom"},
{"name":"ModelAdvance", "ph":"E", "ts":"4067082081", "pid":"1", "tid":"mom"},
{"name":"ModelSetRunClock", "ph":"B", "ts":"4070488624", "pid":"1", "tid":"mom"},
{"name":"ModelSetRunClock", "ph":"E", "ts":"4070488688", "pid":"1", "tid":"mom"},
{"name":"ModelAdvance", "ph":"B", "ts":"4070488852", "pid":"1", "tid":"mom"},
{"name":"ModelAdvance", "ph":"E", "ts":"4076555110", "pid":"1", "tid":"mom"},
{"name":"ModelSetRunClock", "ph":"B", "ts":"4078492664", "pid":"1", "tid":"mom"},
{"name":"ModelSetRunClock", "ph":"E", "ts":"4078492722", "pid":"1", "tid":"mom"},
{"name":"ModelAdvance", "ph":"B", "ts":"4078492882", "pid":"1", "tid":"mom"},
{"name":"ModelAdvance", "ph":"E", "ts":"4085848613", "pid":"1", "tid":"mom"},
{"name":"ModelSetRunClock", "ph":"B", "ts":"4089390806", "pid":"1", "tid":"mom"},
{"name":"ModelSetRunClock", "ph":"E", "ts":"4089390889", "pid":"1", "tid":"mom"},
{"name":"ModelAdvance", "ph":"B", "ts":"4089391485", "pid":"1", "tid":"mom"},
{"name":"ModelAdvance", "ph":"E", "ts":"4095524538", "pid":"1", "tid":"mom"},
{"name":"ModelSetRunClock", "ph":"B", "ts":"4099620876", "pid":"1", "tid":"mom"},
{"name":"ModelSetRunClock", "ph":"E", "ts":"4099620957", "pid":"1", "tid":"mom"},
{"name":"ModelAdvance", "ph":"B", "ts":"4099621145", "pid":"1", "tid":"mom"},
{"name":"ModelAdvance", "ph":"E", "ts":"4111176522", "pid":"1", "tid":"mom"},
{"name":"ModelSetRunClock", "ph":"B", "ts":"4111188053", "pid":"1", "tid":"mom"},
{"name":"ModelSetRunClock", "ph":"E", "ts":"4111188105", "pid":"1", "tid":"mom"},
{"name":"ModelAdvance", "ph":"B", "ts":"4111188270", "pid":"1", "tid":"mom"},
{"name":"ModelAdvance", "ph":"E", "ts":"4117280173", "pid":"1", "tid":"mom"},
{"name":"ModelSetRunClock", "ph":"B", "ts":"4119207759", "pid":"1", "tid":"mom"},
{"name":"ModelSetRunClock", "ph":"E", "ts":"4119207822", "pid":"1", "tid":"mom"},
{"name":"ModelAdvance", "ph":"B", "ts":"4119207982", "pid":"1", "tid":"mom"},
{"name":"ModelAdvance", "ph":"E", "ts":"4127482856", "pid":"1", "tid":"mom"},
{"name":"ModelSetRunClock", "ph":"B", "ts":"4131140854", "pid":"1", "tid":"mom"},
{"name":"ModelSetRunClock", "ph":"E", "ts":"4131140945", "pid":"1", "tid":"mom"},
{"name":"ModelAdvance", "ph":"B", "ts":"4131141161", "pid":"1", "tid":"mom"},
{"name":"ModelAdvance", "ph":"E", "ts":"4137216662", "pid":"1", "tid":"mom"},
{"name":"ModelSetRunClock", "ph":"B", "ts":"4139429185", "pid":"1", "tid":"mom"},
{"name":"ModelSetRunClock", "ph":"E", "ts":"4139429241", "pid":"1", "tid":"mom"},
{"name":"ModelAdvance", "ph":"B", "ts":"4139429394", "pid":"1", "tid":"mom"},
{"name":"ModelAdvance", "ph":"E", "ts":"4146538600", "pid":"1", "tid":"mom"},
{"name":"ModelSetRunClock", "ph":"B", "ts":"4150604636", "pid":"1", "tid":"mom"},
{"name":"ModelSetRunClock", "ph":"E", "ts":"4150604695", "pid":"1", "tid":"mom"},
{"name":"ModelAdvance", "ph":"B", "ts":"4150604850", "pid":"1", "tid":"mom"},
{"name":"ModelAdvance", "ph":"E", "ts":"4156764016", "pid":"1", "tid":"mom"},
{"name":"ModelSetRunClock", "ph":"B", "ts":"4158950767", "pid":"1", "tid":"mom"},
{"name":"ModelSetRunClock", "ph":"E", "ts":"4158950835", "pid":"1", "tid":"mom"},
{"name":"ModelAdvance", "ph":"B", "ts":"4158950999", "pid":"1", "tid":"mom"},
{"name":"ModelAdvance", "ph":"E", "ts":"4166496019", "pid":"1", "tid":"mom"},
{"name":"ModelSetRunClock", "ph":"B", "ts":"4170427858", "pid":"1", "tid":"mom"},
{"name":"ModelSetRunClock", "ph":"E", "ts":"4170427956", "pid":"1", "tid":"mom"},
{"name":"ModelAdvance", "ph":"B", "ts":"4170428157", "pid":"1", "tid":"mom"},
{"name":"ModelAdvance", "ph":"E", "ts":"4176483055", "pid":"1", "tid":"mom"},
{"name":"ModelSetRunClock", "ph":"B", "ts":"4178421885", "pid":"1", "tid":"mom"},
{"name":"ModelSetRunClock", "ph":"E", "ts":"4178421939", "pid":"1", "tid":"mom"},
{"name":"ModelAdvance", "ph":"B", "ts":"4178422089", "pid":"1", "tid":"mom"},
{"name":"ModelAdvance", "ph":"E", "ts":"4185777875", "pid":"1", "tid":"mom"},
{"name":"ModelSetRunClock", "ph":"B", "ts":"4189524015", "pid":"1", "tid":"mom"},
{"name":"ModelSetRunClock", "ph":"E", "ts":"4189524095", "pid":"1", "tid":"mom"},
{"name":"ModelAdvance", "ph":"B", "ts":"4189524277", "pid":"1", "tid":"mom"},
{"name":"ModelAdvance", "ph":"E", "ts":"4195576380", "pid":"1", "tid":"mom"},
{"name":"ModelSetRunClock", "ph":"B", "ts":"4197502979", "pid":"1", "tid":"mom"},
{"name":"ModelSetRunClock", "ph":"E", "ts":"4197503052", "pid":"1", "tid":"mom"},
{"name":"ModelAdvance", "ph":"B", "ts":"4197503221", "pid":"1", "tid":"mom"},
{"name":"ModelAdvance", "ph":"E", "ts":"4204801493", "pid":"1", "tid":"mom"},
{"name":"ModelSetRunClock", "ph":"B", "ts":"4208420333", "pid":"1", "tid":"mom"},
{"name":"ModelSetRunClock", "ph":"E", "ts":"4208420445", "pid":"1", "tid":"mom"},
{"name":"ModelAdvance", "ph":"B", "ts":"4208420668", "pid":"1", "tid":"mom"},
{"name":"ModelAdvance", "ph":"E", "ts":"4214562819", "pid":"1", "tid":"mom"},
{"name":"ModelSetRunClock", "ph":"B", "ts":"4218646663", "pid":"1", "tid":"mom"},
{"name":"ModelSetRunClock", "ph":"E", "ts":"4218646736", "pid":"1", "tid":"mom"},
{"name":"ModelAdvance", "ph":"B", "ts":"4218647082", "pid":"1", "tid":"mom"},
{"name":"ModelAdvance", "ph":"E", "ts":"4229376049", "pid":"1", "tid":"mom"},
{"name":"ModelSetRunClock", "ph":"B", "ts":"4229391769", "pid":"1", "tid":"mom"},
{"name":"ModelSetRunClock", "ph":"E", "ts":"4229391821", "pid":"1", "tid":"mom"},
{"name":"ModelAdvance", "ph":"B", "ts":"4229392036", "pid":"1", "tid":"mom"},
{"name":"ModelAdvance", "ph":"E", "ts":"4235451473", "pid":"1", "tid":"mom"},
{"name":"ModelSetRunClock", "ph":"B", "ts":"4237625917", "pid":"1", "tid":"mom"},
{"name":"ModelSetRunClock", "ph":"E", "ts":"4237625979", "pid":"1", "tid":"mom"},
{"name":"ModelAdvance", "ph":"B", "ts":"4237626144", "pid":"1", "tid":"mom"},
{"name":"ModelAdvance", "ph":"E", "ts":"4244538612", "pid":"1", "tid":"mom"},
{"name":"ModelSetRunClock", "ph":"B", "ts":"4248328424", "pid":"1", "tid":"mom"},
{"name":"ModelSetRunClock", "ph":"E", "ts":"4248328525", "pid":"1", "tid":"mom"},
{"name":"ModelAdvance", "ph":"B", "ts":"4248328737", "pid":"1", "tid":"mom"},
{"name":"ModelAdvance", "ph":"E", "ts":"4254342706", "pid":"1", "tid":"mom"},
{"name":"ModelSetRunClock", "ph":"B", "ts":"4256435750", "pid":"1", "tid":"mom"},
{"name":"ModelSetRunClock", "ph":"E", "ts":"4256435802", "pid":"1", "tid":"mom"},
{"name":"ModelAdvance", "ph":"B", "ts":"4256435961", "pid":"1", "tid":"mom"},
{"name":"ModelAdvance", "ph":"E", "ts":"4265310148", "pid":"1", "tid":"mom"},
{"name":"ModelSetRunClock", "ph":"B", "ts":"4268782141", "pid":"1", "tid":"mom"},
{"name":"ModelSetRunClock", "ph":"E", "ts":"4268782221", "pid":"1", "tid":"mom"},
{"name":"ModelAdvance", "ph":"B", "ts":"4268782431", "pid":"1", "tid":"mom"},
