{"name":"SetServices", "ph":"B", "ts":"2120981083", "pid":"1", "tid":"wave"},
{"name":"SetServices", "ph":"E", "ts":"2120983392", "pid":"1", "tid":"wave"},
{"name":"InitializeP0", "ph":"B", "ts":"2120987406", "pid":"1", "tid":"wave"},
{"name":"InitializeP0", "ph":"E", "ts":"2120987487", "pid":"1", "tid":"wave"},
{"name":"InitializeAdvertise", "ph":"B", "ts":"2154292241", "pid":"1", "tid":"wave"},
{"name":"InitializeAdvertise", "ph":"E", "ts":"2233548091", "pid":"1", "tid":"wave"},
{"name":"InitializeRealize", "ph":"B", "ts":"2639895172", "pid":"1", "tid":"wave"},
{"name":"InitializeRealize", "ph":"E", "ts":"2651694431", "pid":"1", "tid":"wave"},
{"name":"DataInitialize", "ph":"B", "ts":"2680233180", "pid":"1", "tid":"wave"},
{"name":"DataInitialize", "ph":"E", "ts":"2680238221", "pid":"1", "tid":"wave"},
{"name":"ModelSetRunClock", "ph":"B", "ts":"2763077090", "pid":"1", "tid":"wave"},
{"name":"ModelSetRunClock", "ph":"E", "ts":"2763086157", "pid":"1", "tid":"wave"},
{"name":"ModelAdvance", "ph":"B", "ts":"2763086254", "pid":"1", "tid":"wave"},
{"name":"ModelAdvance", "ph":"E", "ts":"2775379577", "pid":"1", "tid":"wave"},
{"name":"ModelSetRunClock", "ph":"B", "ts":"2776439066", "pid":"1", "tid":"wave"},
{"name":"ModelSetRunClock", "ph":"E", "ts":"2776439125", "pid":"1", "tid":"wave"},
{"name":"ModelAdvance", "ph":"B", "ts":"2776439228", "pid":"1", "tid":"wave"},
{"name":"ModelAdvance", "ph":"E", "ts":"2783321267", "pid":"1", "tid":"wave"},
{"name":"ModelSetRunClock", "ph":"B", "ts":"2785518802", "pid":"1", "tid":"wave"},
{"name":"ModelSetRunClock", "ph":"E", "ts":"2785518864", "pid":"1", "tid":"wave"},
{"name":"ModelAdvance", "ph":"B", "ts":"2785518952", "pid":"1", "tid":"wave"},
{"name":"ModelAdvance", "ph":"E", "ts":"2794075141", "pid":"1", "tid":"wave"},
{"name":"ModelSetRunClock", "ph":"B", "ts":"2795757126", "pid":"1", "tid":"wave"},
{"name":"ModelSetRunClock", "ph":"E", "ts":"2795757161", "pid":"1", "tid":"wave"},
{"name":"ModelAdvance", "ph":"B", "ts":"2795757247", "pid":"1", "tid":"wave"},
{"name":"ModelAdvance", "ph":"E", "ts":"2802695896", "pid":"1", "tid":"wave"},
{"name":"ModelSetRunClock", "ph":"B", "ts":"2804609449", "pid":"1", "tid":"wave"},
{"name":"ModelSetRunClock", "ph":"E", "ts":"2804609501", "pid":"1", "tid":"wave"},
{"name":"ModelAdvance", "ph":"B", "ts":"2804609580", "pid":"1", "tid":"wave"},
{"name":"ModelAdvance", "ph":"E", "ts":"2814011905", "pid":"1", "tid":"wave"},
{"name":"ModelSetRunClock", "ph":"B", "ts":"2815442565", "pid":"1", "tid":"wave"},
{"name":"ModelSetRunClock", "ph":"E", "ts":"2815442603", "pid":"1", "tid":"wave"},
{"name":"ModelAdvance", "ph":"B", "ts":"2815442684", "pid":"1", "tid":"wave"},
{"name":"ModelAdvance", "ph":"E", "ts":"2822241110", "pid":"1", "tid":"wave"},
{"name":"ModelSetRunClock", "ph":"B", "ts":"2838869983", "pid":"1", "tid":"wave"},
{"name":"ModelSetRunClock", "ph":"E", "ts":"2838870141", "pid":"1", "tid":"wave"},
{"name":"ModelAdvance", "ph":"B", "ts":"2838870283", "pid":"1", "tid":"wave"},
{"name":"ModelAdvance", "ph":"E", "ts":"2845469528", "pid":"1", "tid":"wave"},
{"name":"ModelSetRunClock", "ph":"B", "ts":"2849128707", "pid":"1", "tid":"wave"},
{"name":"ModelSetRunClock", "ph":"E", "ts":"2849128790", "pid":"1", "tid":"wave"},
{"name":"ModelAdvance", "ph":"B", "ts":"2849128902", "pid":"1", "tid":"wave"},
{"name":"ModelAdvance", "ph":"E", "ts":"2855756211", "pid":"1", "tid":"wave"},
{"name":"ModelSetRunClock", "ph":"B", "ts":"2857432887", "pid":"1", "tid":"wave"},
{"name":"ModelSetRunClock", "ph":"E", "ts":"2857432947", "pid":"1", "tid":"wave"},
{"name":"ModelAdvance", "ph":"B", "ts":"2857433024", "pid":"1", "tid":"wave"},
{"name":"ModelAdvance", "ph":"E", "ts":"2865832549", "pid":"1", "tid":"wave"},
{"name":"ModelSetRunClock", "ph":"B", "ts":"2868669903", "pid":"1", "tid":"wave"},
{"name":"ModelSetRunClock", "ph":"E", "ts":"2868669940", "pid":"1", "tid":"wave"},
{"name":"ModelAdvance", "ph":"B", "ts":"2868670022", "pid":"1", "tid":"wave"},
{"name":"ModelAdvance", "ph":"E", "ts":"2875144048", "pid":"1", "tid":"wave"},
{"name":"ModelSetRunClock", "ph":"B", "ts":"2877846580", "pid":"1", "tid":"wave"},
{"name":"ModelSetRunClock", "ph":"E", "ts":"2877846726", "pid":"1", "tid":"wave"},
{"name":"ModelAdvance", "ph":"B", "ts":"2877846870", "pid":"1", "tid":"wave"},
{"name":"ModelAdvance", "ph":"E", "ts":"2884823340", "pid":"1", "tid":"wave"},
{"name":"ModelSetRunClock", "ph":"B", "ts":"2887750244", "pid":"1", "tid":"wave"},
{"name":"ModelSetRunClock", "ph":"E", "ts":"2887750279", "pid":"1", "tid":"wave"},
{"name":"ModelAdvance", "ph":"B", "ts":"2887750355", "pid":"1", "tid":"wave"},
{"name":"ModelAdvance", "ph":"E", "ts":"2894247426", "pid":"1", "tid":"wave"},
{"name":"ModelSetRunClock", "ph":"B", "ts":"2896347396", "pid":"1", "tid":"wave"},
{"name":"ModelSetRunClock", "ph":"E", "ts":"2896347508", "pid":"1", "tid":"wave"},
{"name":"ModelAdvance", "ph":"B", "ts":"2896347622", "pid":"1", "tid":"wave"},
{"name":"ModelAdvance", "ph":"E", "ts":"2904307521", "pid":"1", "tid":"wave"},
{"name":"ModelSetRunClock", "ph":"B", "ts":"2907186412", "pid":"1", "tid":"wave"},
{"name":"ModelSetRunClock", "ph":"E", "ts":"2907186452", "pid":"1", "tid":"wave"},
{"name":"ModelAdvance", "ph":"B", "ts":"2907186541", "pid":"1", "tid":"wave"},
{"name":"ModelAdvance", "ph":"E", "ts":"2913704179", "pid":"1", "tid":"wave"},
{"name":"ModelSetRunClock", "ph":"B", "ts":"2915672756", "pid":"1", "tid":"wave"},
{"name":"ModelSetRunClock", "ph":"E", "ts":"2915672809", "pid":"1", "tid":"wave"},
{"name":"ModelAdvance", "ph":"B", "ts":"2915672886", "pid":"1", "tid":"wave"},
{"name":"ModelAdvance", "ph":"E", "ts":"2923990804", "pid":"1", "tid":"wave"},
{"name":"ModelSetRunClock", "ph":"B", "ts":"2927017431", "pid":"1", "tid":"wave"},
{"name":"ModelSetRunClock", "ph":"E", "ts":"2927017528", "pid":"1", "tid":"wave"},
{"name":"ModelAdvance", "ph":"B", "ts":"2927017618", "pid":"1", "tid":"wave"},
{"name":"ModelAdvance", "ph":"E", "ts":"2933574887", "pid":"1", "tid":"wave"},
{"name":"ModelSetRunClock", "ph":"B", "ts":"2935471803", "pid":"1", "tid":"wave"},
{"name":"ModelSetRunClock", "ph":"E", "ts":"2935471870", "pid":"1", "tid":"wave"},
{"name":"ModelAdvance", "ph":"B", "ts":"2935471974", "pid":"1", "tid":"wave"},
{"name":"ModelAdvance", "ph":"E", "ts":"2943364769", "pid":"1", "tid":"wave"},
{"name":"ModelSetRunClock", "ph":"B", "ts":"2946122619", "pid":"1", "tid":"wave"},
{"name":"ModelSetRunClock", "ph":"E", "ts":"2946122653", "pid":"1", "tid":"wave"},
{"name":"ModelAdvance", "ph":"B", "ts":"2946122729", "pid":"1", "tid":"wave"},
{"name":"ModelAdvance", "ph":"E", "ts":"2952829799", "pid":"1", "tid":"wave"},
{"name":"ModelSetRunClock", "ph":"B", "ts":"2955960169", "pid":"1", "tid":"wave"},
{"name":"ModelSetRunClock", "ph":"E", "ts":"2955960234", "pid":"1", "tid":"wave"},
{"name":"ModelAdvance", "ph":"B", "ts":"2955960335", "pid":"1", "tid":"wave"},
{"name":"ModelAdvance", "ph":"E", "ts":"2962863832", "pid":"1", "tid":"wave"},
{"name":"ModelSetRunClock", "ph":"B", "ts":"2966542604", "pid":"1", "tid":"wave"},
{"name":"ModelSetRunClock", "ph":"E", "ts":"2966542641", "pid":"1", "tid":"wave"},
{"name":"ModelAdvance", "ph":"B", "ts":"2966542720", "pid":"1", "tid":"wave"},
{"name":"ModelAdvance", "ph":"E", "ts":"2973354114", "pid":"1", "tid":"wave"},
{"name":"ModelSetRunClock", "ph":"B", "ts":"2975173806", "pid":"1", "tid":"wave"},
{"name":"ModelSetRunClock", "ph":"E", "ts":"2975173864", "pid":"1", "tid":"wave"},
{"name":"ModelAdvance", "ph":"B", "ts":"2975173951", "pid":"1", "tid":"wave"},
{"name":"ModelAdvance", "ph":"E", "ts":"2986609965", "pid":"1", "tid":"wave"},
{"name":"ModelSetRunClock", "ph":"B", "ts":"2988555842", "pid":"1", "tid":"wave"},
{"name":"ModelSetRunClock", "ph":"E", "ts":"2988555890", "pid":"1", "tid":"wave"},
{"name":"ModelAdvance", "ph":"B", "ts":"2988555978", "pid":"1", "tid":"wave"},
{"name":"ModelAdvance", "ph":"E", "ts":"2995357178", "pid":"1", "tid":"wave"},
{"name":"ModelSetRunClock", "ph":"B", "ts":"2997204940", "pid":"1", "tid":"wave"},
{"name":"ModelSetRunClock", "ph":"E", "ts":"2997204993", "pid":"1", "tid":"wave"},
{"name":"ModelAdvance", "ph":"B", "ts":"2997205067", "pid":"1", "tid":"wave"},
{"name":"ModelAdvance", "ph":"E", "ts":"3007440938", "pid":"1", "tid":"wave"},
{"name":"ModelSetRunClock", "ph":"B", "ts":"3009410764", "pid":"1", "tid":"wave"},
{"name":"ModelSetRunClock", "ph":"E", "ts":"3009410800", "pid":"1", "tid":"wave"},
{"name":"ModelAdvance", "ph":"B", "ts":"3009410881", "pid":"1", "tid":"wave"},
{"name":"ModelAdvance", "ph":"E", "ts":"3016089609", "pid":"1", "tid":"wave"},
{"name":"ModelSetRunClock", "ph":"B", "ts":"3018060159", "pid":"1", "tid":"wave"},
{"name":"ModelSetRunClock", "ph":"E", "ts":"3018060221", "pid":"1", "tid":"wave"},
{"name":"ModelAdvance", "ph":"B", "ts":"3018060306", "pid":"1", "tid":"wave"},
{"name":"ModelAdvance", "ph":"E", "ts":"3027796120", "pid":"1", "tid":"wave"},
{"name":"ModelSetRunClock", "ph":"B", "ts":"3029904974", "pid":"1", "tid":"wave"},
{"name":"ModelSetRunClock", "ph":"E", "ts":"3029905019", "pid":"1", "tid":"wave"},
{"name":"ModelAdvance", "ph":"B", "ts":"3029905103", "pid":"1", "tid":"wave"},
{"name":"ModelAdvance", "ph":"E", "ts":"3036860424", "pid":"1", "tid":"wave"},
{"name":"ModelSetRunClock", "ph":"B", "ts":"3038886993", "pid":"1", "tid":"wave"},
{"name":"ModelSetRunClock", "ph":"E", "ts":"3038887067", "pid":"1", "tid":"wave"},
{"name":"ModelAdvance", "ph":"B", "ts":"3038887153", "pid":"1", "tid":"wave"},
{"name":"ModelAdvance", "ph":"E", "ts":"3049209567", "pid":"1", "tid":"wave"},
{"name":"ModelSetRunClock", "ph":"B", "ts":"3051078746", "pid":"1", "tid":"wave"},
{"name":"ModelSetRunClock", "ph":"E", "ts":"3051078842", "pid":"1", "tid":"wave"},
{"name":"ModelAdvance", "ph":"B", "ts":"3051078945", "pid":"1", "tid":"wave"},
{"name":"ModelAdvance", "ph":"E", "ts":"3058248006", "pid":"1", "tid":"wave"},
{"name":"ModelSetRunClock", "ph":"B", "ts":"3060317205", "pid":"1", "tid":"wave"},
{"name":"ModelSetRunClock", "ph":"E", "ts":"3060317271", "pid":"1", "tid":"wave"},
{"name":"ModelAdvance", "ph":"B", "ts":"3060317387", "pid":"1", "tid":"wave"},
{"name":"ModelAdvance", "ph":"E", "ts":"3068980728", "pid":"1", "tid":"wave"},
{"name":"ModelSetRunClock", "ph":"B", "ts":"3071133813", "pid":"1", "tid":"wave"},
{"name":"ModelSetRunClock", "ph":"E", "ts":"3071133865", "pid":"1", "tid":"wave"},
{"name":"ModelAdvance", "ph":"B", "ts":"3071133951", "pid":"1", "tid":"wave"},
{"name":"ModelAdvance", "ph":"E", "ts":"3078296031", "pid":"1", "tid":"wave"},
{"name":"ModelSetRunClock", "ph":"B", "ts":"3081233368", "pid":"1", "tid":"wave"},
{"name":"ModelSetRunClock", "ph":"E", "ts":"3081233418", "pid":"1", "tid":"wave"},
{"name":"ModelAdvance", "ph":"B", "ts":"3081233504", "pid":"1", "tid":"wave"},
{"name":"ModelAdvance", "ph":"E", "ts":"3089294985", "pid":"1", "tid":"wave"},
{"name":"ModelSetRunClock", "ph":"B", "ts":"3092807223", "pid":"1", "tid":"wave"},
{"name":"ModelSetRunClock", "ph":"E", "ts":"3092807260", "pid":"1", "tid":"wave"},
{"name":"ModelAdvance", "ph":"B", "ts":"3092807345", "pid":"1", "tid":"wave"},
{"name":"ModelAdvance", "ph":"E", "ts":"3099950552", "pid":"1", "tid":"wave"},
{"name":"ModelSetRunClock", "ph":"B", "ts":"3102797097", "pid":"1", "tid":"wave"},
{"name":"ModelSetRunClock", "ph":"E", "ts":"3102797157", "pid":"1", "tid":"wave"},
{"name":"ModelAdvance", "ph":"B", "ts":"3102797241", "pid":"1", "tid":"wave"},
{"name":"ModelAdvance", "ph":"E", "ts":"3110554236", "pid":"1", "tid":"wave"},
{"name":"ModelSetRunClock", "ph":"B", "ts":"3113125644", "pid":"1", "tid":"wave"},
{"name":"ModelSetRunClock", "ph":"E", "ts":"3113125678", "pid":"1", "tid":"wave"},
{"name":"ModelAdvance", "ph":"B", "ts":"3113125758", "pid":"1", "tid":"wave"},
{"name":"ModelAdvance", "ph":"E", "ts":"3120335372", "pid":"1", "tid":"wave"},
{"name":"ModelSetRunClock", "ph":"B", "ts":"3122499033", "pid":"1", "tid":"wave"},
{"name":"ModelSetRunClock", "ph":"E", "ts":"3122499106", "pid":"1", "tid":"wave"},
{"name":"ModelAdvance", "ph":"B", "ts":"3122499216", "pid":"1", "tid":"wave"},
{"name":"ModelAdvance", "ph":"E", "ts":"3131051801", "pid":"1", "tid":"wave"},
{"name":"ModelSetRunClock", "ph":"B", "ts":"3133338045", "pid":"1", "tid":"wave"},
{"name":"ModelSetRunClock", "ph":"E", "ts":"3133338080", "pid":"1", "tid":"wave"},
{"name":"ModelAdvance", "ph":"B", "ts":"3133338326", "pid":"1", "tid":"wave"},
{"name":"ModelAdvance", "ph":"E", "ts":"3140615551", "pid":"1", "tid":"wave"},
{"name":"ModelSetRunClock", "ph":"B", "ts":"3142686672", "pid":"1", "tid":"wave"},
{"name":"ModelSetRunClock", "ph":"E", "ts":"3142686723", "pid":"1", "tid":"wave"},
{"name":"ModelAdvance", "ph":"B", "ts":"3142686794", "pid":"1", "tid":"wave"},
{"name":"ModelAdvance", "ph":"E", "ts":"3151163988", "pid":"1", "tid":"wave"},
{"name":"ModelSetRunClock", "ph":"B", "ts":"3153432970", "pid":"1", "tid":"wave"},
{"name":"ModelSetRunClock", "ph":"E", "ts":"3153433012", "pid":"1", "tid":"wave"},
{"name":"ModelAdvance", "ph":"B", "ts":"3153433099", "pid":"1", "tid":"wave"},
{"name":"ModelAdvance", "ph":"E", "ts":"3160607860", "pid":"1", "tid":"wave"},
{"name":"ModelSetRunClock", "ph":"B", "ts":"3162656415", "pid":"1", "tid":"wave"},
{"name":"ModelSetRunClock", "ph":"E", "ts":"3162656465", "pid":"1", "tid":"wave"},
{"name":"ModelAdvance", "ph":"B", "ts":"3162656549", "pid":"1", "tid":"wave"},
{"name":"ModelAdvance", "ph":"E", "ts":"3170900960", "pid":"1", "tid":"wave"},
{"name":"ModelSetRunClock", "ph":"B", "ts":"3173372737", "pid":"1", "tid":"wave"},
{"name":"ModelSetRunClock", "ph":"E", "ts":"3173372770", "pid":"1", "tid":"wave"},
{"name":"ModelAdvance", "ph":"B", "ts":"3173372852", "pid":"1", "tid":"wave"},
{"name":"ModelAdvance", "ph":"E", "ts":"3180561754", "pid":"1", "tid":"wave"},
{"name":"ModelSetRunClock", "ph":"B", "ts":"3182393014", "pid":"1", "tid":"wave"},
{"name":"ModelSetRunClock", "ph":"E", "ts":"3182393083", "pid":"1", "tid":"wave"},
{"name":"ModelAdvance", "ph":"B", "ts":"3182393181", "pid":"1", "tid":"wave"},
{"name":"ModelAdvance", "ph":"E", "ts":"3190822488", "pid":"1", "tid":"wave"},
{"name":"ModelSetRunClock", "ph":"B", "ts":"3193383936", "pid":"1", "tid":"wave"},
{"name":"ModelSetRunClock", "ph":"E", "ts":"3193383979", "pid":"1", "tid":"wave"},
{"name":"ModelAdvance", "ph":"B", "ts":"3193384064", "pid":"1", "tid":"wave"},
{"name":"ModelAdvance", "ph":"E", "ts":"3200512975", "pid":"1", "tid":"wave"},
{"name":"ModelSetRunClock", "ph":"B", "ts":"3203636941", "pid":"1", "tid":"wave"},
{"name":"ModelSetRunClock", "ph":"E", "ts":"3203636993", "pid":"1", "tid":"wave"},
{"name":"ModelAdvance", "ph":"B", "ts":"3203637067", "pid":"1", "tid":"wave"},
{"name":"ModelAdvance", "ph":"E", "ts":"3210593845", "pid":"1", "tid":"wave"},
{"name":"ModelSetRunClock", "ph":"B", "ts":"3230183362", "pid":"1", "tid":"wave"},
{"name":"ModelSetRunClock", "ph":"E", "ts":"3230183407", "pid":"1", "tid":"wave"},
{"name":"ModelAdvance", "ph":"B", "ts":"3230183495", "pid":"1", "tid":"wave"},
{"name":"ModelAdvance", "ph":"E", "ts":"3237494427", "pid":"1", "tid":"wave"},
{"name":"ModelSetRunClock", "ph":"B", "ts":"3238940919", "pid":"1", "tid":"wave"},
{"name":"ModelSetRunClock", "ph":"E", "ts":"3238940976", "pid":"1", "tid":"wave"},
{"name":"ModelAdvance", "ph":"B", "ts":"3238941056", "pid":"1", "tid":"wave"},
{"name":"ModelAdvance", "ph":"E", "ts":"3248824365", "pid":"1", "tid":"wave"},
{"name":"ModelSetRunClock", "ph":"B", "ts":"3250913888", "pid":"1", "tid":"wave"},
{"name":"ModelSetRunClock", "ph":"E", "ts":"3250913925", "pid":"1", "tid":"wave"},
{"name":"ModelAdvance", "ph":"B", "ts":"3250914004", "pid":"1", "tid":"wave"},
{"name":"ModelAdvance", "ph":"E", "ts":"3258337508", "pid":"1", "tid":"wave"},
{"name":"ModelSetRunClock", "ph":"B", "ts":"3259572857", "pid":"1", "tid":"wave"},
{"name":"ModelSetRunClock", "ph":"E", "ts":"3259572922", "pid":"1", "tid":"wave"},
{"name":"ModelAdvance", "ph":"B", "ts":"3259573050", "pid":"1", "tid":"wave"},
{"name":"ModelAdvance", "ph":"E", "ts":"3268445411", "pid":"1", "tid":"wave"},
{"name":"ModelSetRunClock", "ph":"B", "ts":"3271572105", "pid":"1", "tid":"wave"},
{"name":"ModelSetRunClock", "ph":"E", "ts":"3271572140", "pid":"1", "tid":"wave"},
{"name":"ModelAdvance", "ph":"B", "ts":"3271572214", "pid":"1", "tid":"wave"},
{"name":"ModelAdvance", "ph":"E", "ts":"3279231724", "pid":"1", "tid":"wave"},
{"name":"ModelSetRunClock", "ph":"B", "ts":"3280400353", "pid":"1", "tid":"wave"},
{"name":"ModelSetRunClock", "ph":"E", "ts":"3280400474", "pid":"1", "tid":"wave"},
{"name":"ModelAdvance", "ph":"B", "ts":"3280400550", "pid":"1", "tid":"wave"},
{"name":"ModelAdvance", "ph":"E", "ts":"3289607689", "pid":"1", "tid":"wave"},
{"name":"ModelSetRunClock", "ph":"B", "ts":"3292236082", "pid":"1", "tid":"wave"},
{"name":"ModelSetRunClock", "ph":"E", "ts":"3292236117", "pid":"1", "tid":"wave"},
{"name":"ModelAdvance", "ph":"B", "ts":"3292236207", "pid":"1", "tid":"wave"},
{"name":"ModelAdvance", "ph":"E", "ts":"3300032561", "pid":"1", "tid":"wave"},
{"name":"ModelSetRunClock", "ph":"B", "ts":"3301111572", "pid":"1", "tid":"wave"},
{"name":"ModelSetRunClock", "ph":"E", "ts":"3301111624", "pid":"1", "tid":"wave"},
{"name":"ModelAdvance", "ph":"B", "ts":"3301111698", "pid":"1", "tid":"wave"},
{"name":"ModelAdvance", "ph":"E", "ts":"3309523149", "pid":"1", "tid":"wave"},
{"name":"ModelSetRunClock", "ph":"B", "ts":"3312369498", "pid":"1", "tid":"wave"},
{"name":"ModelSetRunClock", "ph":"E", "ts":"3312369543", "pid":"1", "tid":"wave"},
{"name":"ModelAdvance", "ph":"B", "ts":"3312369632", "pid":"1", "tid":"wave"},
{"name":"ModelAdvance", "ph":"E", "ts":"3320140534", "pid":"1", "tid":"wave"},
{"name":"ModelSetRunClock", "ph":"B", "ts":"3321129253", "pid":"1", "tid":"wave"},
{"name":"ModelSetRunClock", "ph":"E", "ts":"3321129323", "pid":"1", "tid":"wave"},
{"name":"ModelAdvance", "ph":"B", "ts":"3321129409", "pid":"1", "tid":"wave"},
{"name":"ModelAdvance", "ph":"E", "ts":"3330407880", "pid":"1", "tid":"wave"},
{"name":"ModelSetRunClock", "ph":"B", "ts":"3332924167", "pid":"1", "tid":"wave"},
{"name":"ModelSetRunClock", "ph":"E", "ts":"3332924238", "pid":"1", "tid":"wave"},
{"name":"ModelAdvance", "ph":"B", "ts":"3332924340", "pid":"1", "tid":"wave"},
{"name":"ModelAdvance", "ph":"E", "ts":"3340628692", "pid":"1", "tid":"wave"},
{"name":"ModelSetRunClock", "ph":"B", "ts":"3343073831", "pid":"1", "tid":"wave"},
{"name":"ModelSetRunClock", "ph":"E", "ts":"3343073881", "pid":"1", "tid":"wave"},
{"name":"ModelAdvance", "ph":"B", "ts":"3343073973", "pid":"1", "tid":"wave"},
{"name":"ModelAdvance", "ph":"E", "ts":"3349956775", "pid":"1", "tid":"wave"},
{"name":"ModelSetRunClock", "ph":"B", "ts":"3353395338", "pid":"1", "tid":"wave"},
{"name":"ModelSetRunClock", "ph":"E", "ts":"3353395378", "pid":"1", "tid":"wave"},
{"name":"ModelAdvance", "ph":"B", "ts":"3353395467", "pid":"1", "tid":"wave"},
{"name":"ModelAdvance", "ph":"E", "ts":"3361227522", "pid":"1", "tid":"wave"},
{"name":"ModelSetRunClock", "ph":"B", "ts":"3362176484", "pid":"1", "tid":"wave"},
{"name":"ModelSetRunClock", "ph":"E", "ts":"3362176531", "pid":"1", "tid":"wave"},
{"name":"ModelAdvance", "ph":"B", "ts":"3362176615", "pid":"1", "tid":"wave"},
{"name":"ModelAdvance", "ph":"E", "ts":"3370501161", "pid":"1", "tid":"wave"},
{"name":"ModelSetRunClock", "ph":"B", "ts":"3373337638", "pid":"1", "tid":"wave"},
{"name":"ModelSetRunClock", "ph":"E", "ts":"3373337674", "pid":"1", "tid":"wave"},
{"name":"ModelAdvance", "ph":"B", "ts":"3373337766", "pid":"1", "tid":"wave"},
{"name":"ModelAdvance", "ph":"E", "ts":"3381150168", "pid":"1", "tid":"wave"},
{"name":"ModelSetRunClock", "ph":"B", "ts":"3382104546", "pid":"1", "tid":"wave"},
{"name":"ModelSetRunClock", "ph":"E", "ts":"3382104599", "pid":"1", "tid":"wave"},
{"name":"ModelAdvance", "ph":"B", "ts":"3382104673", "pid":"1", "tid":"wave"},
{"name":"ModelAdvance", "ph":"E", "ts":"3390332508", "pid":"1", "tid":"wave"},
{"name":"ModelSetRunClock", "ph":"B", "ts":"3393228933", "pid":"1", "tid":"wave"},
{"name":"ModelSetRunClock", "ph":"E", "ts":"3393228975", "pid":"1", "tid":"wave"},
{"name":"ModelAdvance", "ph":"B", "ts":"3393229061", "pid":"1", "tid":"wave"},
{"name":"ModelAdvance", "ph":"E", "ts":"3400779317", "pid":"1", "tid":"wave"},
{"name":"ModelSetRunClock", "ph":"B", "ts":"3401721476", "pid":"1", "tid":"wave"},
{"name":"ModelSetRunClock", "ph":"E", "ts":"3401721533", "pid":"1", "tid":"wave"},
{"name":"ModelAdvance", "ph":"B", "ts":"3401721608", "pid":"1", "tid":"wave"},
{"name":"ModelAdvance", "ph":"E", "ts":"3410111611", "pid":"1", "tid":"wave"},
{"name":"ModelSetRunClock", "ph":"B", "ts":"3413006077", "pid":"1", "tid":"wave"},
{"name":"ModelSetRunClock", "ph":"E", "ts":"3413006112", "pid":"1", "tid":"wave"},
{"name":"ModelAdvance", "ph":"B", "ts":"3413006200", "pid":"1", "tid":"wave"},
{"name":"ModelAdvance", "ph":"E", "ts":"3420369703", "pid":"1", "tid":"wave"},
{"name":"ModelSetRunClock", "ph":"B", "ts":"3421296470", "pid":"1", "tid":"wave"},
{"name":"ModelSetRunClock", "ph":"E", "ts":"3421296536", "pid":"1", "tid":"wave"},
{"name":"ModelAdvance", "ph":"B", "ts":"3421296624", "pid":"1", "tid":"wave"},
{"name":"ModelAdvance", "ph":"E", "ts":"3429419814", "pid":"1", "tid":"wave"},
{"name":"ModelSetRunClock", "ph":"B", "ts":"3432066177", "pid":"1", "tid":"wave"},
{"name":"ModelSetRunClock", "ph":"E", "ts":"3432066212", "pid":"1", "tid":"wave"},
{"name":"ModelAdvance", "ph":"B", "ts":"3432066295", "pid":"1", "tid":"wave"},
{"name":"ModelAdvance", "ph":"E", "ts":"3439512093", "pid":"1", "tid":"wave"},
{"name":"ModelSetRunClock", "ph":"B", "ts":"3440437725", "pid":"1", "tid":"wave"},
{"name":"ModelSetRunClock", "ph":"E", "ts":"3440437773", "pid":"1", "tid":"wave"},
{"name":"ModelAdvance", "ph":"B", "ts":"3440437852", "pid":"1", "tid":"wave"},
{"name":"ModelAdvance", "ph":"E", "ts":"3448548269", "pid":"1", "tid":"wave"},
{"name":"ModelSetRunClock", "ph":"B", "ts":"3451204586", "pid":"1", "tid":"wave"},
{"name":"ModelSetRunClock", "ph":"E", "ts":"3451204622", "pid":"1", "tid":"wave"},
{"name":"ModelAdvance", "ph":"B", "ts":"3451204694", "pid":"1", "tid":"wave"},
{"name":"ModelAdvance", "ph":"E", "ts":"3458583689", "pid":"1", "tid":"wave"},
{"name":"ModelSetRunClock", "ph":"B", "ts":"3461934578", "pid":"1", "tid":"wave"},
{"name":"ModelSetRunClock", "ph":"E", "ts":"3461934687", "pid":"1", "tid":"wave"},
{"name":"ModelAdvance", "ph":"B", "ts":"3461934784", "pid":"1", "tid":"wave"},
{"name":"ModelAdvance", "ph":"E", "ts":"3468591961", "pid":"1", "tid":"wave"},
{"name":"ModelSetRunClock", "ph":"B", "ts":"3472525624", "pid":"1", "tid":"wave"},
{"name":"ModelSetRunClock", "ph":"E", "ts":"3472525656", "pid":"1", "tid":"wave"},
{"name":"ModelAdvance", "ph":"B", "ts":"3472525728", "pid":"1", "tid":"wave"},
{"name":"ModelAdvance", "ph":"E", "ts":"3479824335", "pid":"1", "tid":"wave"},
{"name":"ModelSetRunClock", "ph":"B", "ts":"3480725595", "pid":"1", "tid":"wave"},
{"name":"ModelSetRunClock", "ph":"E", "ts":"3480725650", "pid":"1", "tid":"wave"},
{"name":"ModelAdvance", "ph":"B", "ts":"3480725738", "pid":"1", "tid":"wave"},
{"name":"ModelAdvance", "ph":"E", "ts":"3488888378", "pid":"1", "tid":"wave"},
{"name":"ModelSetRunClock", "ph":"B", "ts":"3491605272", "pid":"1", "tid":"wave"},
{"name":"ModelSetRunClock", "ph":"E", "ts":"3491605394", "pid":"1", "tid":"wave"},
{"name":"ModelAdvance", "ph":"B", "ts":"3491605494", "pid":"1", "tid":"wave"},
{"name":"ModelAdvance", "ph":"E", "ts":"3498960300", "pid":"1", "tid":"wave"},
{"name":"ModelSetRunClock", "ph":"B", "ts":"3499840307", "pid":"1", "tid":"wave"},
{"name":"ModelSetRunClock", "ph":"E", "ts":"3499840373", "pid":"1", "tid":"wave"},
{"name":"ModelAdvance", "ph":"B", "ts":"3499840473", "pid":"1", "tid":"wave"},
{"name":"ModelAdvance", "ph":"E", "ts":"3508689687", "pid":"1", "tid":"wave"},
{"name":"ModelSetRunClock", "ph":"B", "ts":"3511652733", "pid":"1", "tid":"wave"},
{"name":"ModelSetRunClock", "ph":"E", "ts":"3511652769", "pid":"1", "tid":"wave"},
{"name":"ModelAdvance", "ph":"B", "ts":"3511652862", "pid":"1", "tid":"wave"},
{"name":"ModelAdvance", "ph":"E", "ts":"3519064214", "pid":"1", "tid":"wave"},
{"name":"ModelSetRunClock", "ph":"B", "ts":"3520780076", "pid":"1", "tid":"wave"},
{"name":"ModelSetRunClock", "ph":"E", "ts":"3520780150", "pid":"1", "tid":"wave"},
{"name":"ModelAdvance", "ph":"B", "ts":"3520780234", "pid":"1", "tid":"wave"},
{"name":"ModelAdvance", "ph":"E", "ts":"3527632620", "pid":"1", "tid":"wave"},
{"name":"ModelSetRunClock", "ph":"B", "ts":"3530477320", "pid":"1", "tid":"wave"},
{"name":"ModelSetRunClock", "ph":"E", "ts":"3530477368", "pid":"1", "tid":"wave"},
{"name":"ModelAdvance", "ph":"B", "ts":"3530477535", "pid":"1", "tid":"wave"},
{"name":"ModelAdvance", "ph":"E", "ts":"3537836398", "pid":"1", "tid":"wave"},
{"name":"ModelSetRunClock", "ph":"B", "ts":"3538865865", "pid":"1", "tid":"wave"},
{"name":"ModelSetRunClock", "ph":"E", "ts":"3538865919", "pid":"1", "tid":"wave"},
{"name":"ModelAdvance", "ph":"B", "ts":"3538866016", "pid":"1", "tid":"wave"},
{"name":"ModelAdvance", "ph":"E", "ts":"3547983762", "pid":"1", "tid":"wave"},
{"name":"ModelSetRunClock", "ph":"B", "ts":"3550698707", "pid":"1", "tid":"wave"},
{"name":"ModelSetRunClock", "ph":"E", "ts":"3550698742", "pid":"1", "tid":"wave"},
{"name":"ModelAdvance", "ph":"B", "ts":"3550698828", "pid":"1", "tid":"wave"},
{"name":"ModelAdvance", "ph":"E", "ts":"3558146813", "pid":"1", "tid":"wave"},
{"name":"ModelSetRunClock", "ph":"B", "ts":"3559186628", "pid":"1", "tid":"wave"},
{"name":"ModelSetRunClock", "ph":"E", "ts":"3559186686", "pid":"1", "tid":"wave"},
{"name":"ModelAdvance", "ph":"B", "ts":"3559186774", "pid":"1", "tid":"wave"},
{"name":"ModelAdvance", "ph":"E", "ts":"3568329352", "pid":"1", "tid":"wave"},
{"name":"ModelSetRunClock", "ph":"B", "ts":"3570848143", "pid":"1", "tid":"wave"},
{"name":"ModelSetRunClock", "ph":"E", "ts":"3570848179", "pid":"1", "tid":"wave"},
{"name":"ModelAdvance", "ph":"B", "ts":"3570848253", "pid":"1", "tid":"wave"},
{"name":"ModelAdvance", "ph":"E", "ts":"3600490160", "pid":"1", "tid":"wave"},
{"name":"ModelSetRunClock", "ph":"B", "ts":"3619144404", "pid":"1", "tid":"wave"},
{"name":"ModelSetRunClock", "ph":"E", "ts":"3619144502", "pid":"1", "tid":"wave"},
{"name":"ModelAdvance", "ph":"B", "ts":"3619144621", "pid":"1", "tid":"wave"},
{"name":"ModelAdvance", "ph":"E", "ts":"3626266131", "pid":"1", "tid":"wave"},
{"name":"ModelSetRunClock", "ph":"B", "ts":"3629567386", "pid":"1", "tid":"wave"},
{"name":"ModelSetRunClock", "ph":"E", "ts":"3629567425", "pid":"1", "tid":"wave"},
{"name":"ModelAdvance", "ph":"B", "ts":"3629567503", "pid":"1", "tid":"wave"},
{"name":"ModelAdvance", "ph":"E", "ts":"3637094370", "pid":"1", "tid":"wave"},
{"name":"ModelSetRunClock", "ph":"B", "ts":"3638319248", "pid":"1", "tid":"wave"},
{"name":"ModelSetRunClock", "ph":"E", "ts":"3638319321", "pid":"1", "tid":"wave"},
{"name":"ModelAdvance", "ph":"B", "ts":"3638319404", "pid":"1", "tid":"wave"},
{"name":"ModelAdvance", "ph":"E", "ts":"3646952051", "pid":"1", "tid":"wave"},
{"name":"ModelSetRunClock", "ph":"B", "ts":"3649550465", "pid":"1", "tid":"wave"},
{"name":"ModelSetRunClock", "ph":"E", "ts":"3649550500", "pid":"1", "tid":"wave"},
{"name":"ModelAdvance", "ph":"B", "ts":"3649550581", "pid":"1", "tid":"wave"},
{"name":"ModelAdvance", "ph":"E", "ts":"3656890044", "pid":"1", "tid":"wave"},
{"name":"ModelSetRunClock", "ph":"B", "ts":"3658154338", "pid":"1", "tid":"wave"},
{"name":"ModelSetRunClock", "ph":"E", "ts":"3658154400", "pid":"1", "tid":"wave"},
{"name":"ModelAdvance", "ph":"B", "ts":"3658154487", "pid":"1", "tid":"wave"},
{"name":"ModelAdvance", "ph":"E", "ts":"3666722614", "pid":"1", "tid":"wave"},
{"name":"ModelSetRunClock", "ph":"B", "ts":"3669339766", "pid":"1", "tid":"wave"},
{"name":"ModelSetRunClock", "ph":"E", "ts":"3669339802", "pid":"1", "tid":"wave"},
{"name":"ModelAdvance", "ph":"B", "ts":"3669339892", "pid":"1", "tid":"wave"},
{"name":"ModelAdvance", "ph":"E", "ts":"3676525639", "pid":"1", "tid":"wave"},
{"name":"ModelSetRunClock", "ph":"B", "ts":"3677823023", "pid":"1", "tid":"wave"},
{"name":"ModelSetRunClock", "ph":"E", "ts":"3677823077", "pid":"1", "tid":"wave"},
{"name":"ModelAdvance", "ph":"B", "ts":"3677823154", "pid":"1", "tid":"wave"},
{"name":"ModelAdvance", "ph":"E", "ts":"3689459197", "pid":"1", "tid":"wave"},
{"name":"ModelSetRunClock", "ph":"B", "ts":"3691137151", "pid":"1", "tid":"wave"},
{"name":"ModelSetRunClock", "ph":"E", "ts":"3691137188", "pid":"1", "tid":"wave"},
{"name":"ModelAdvance", "ph":"B", "ts":"3691137283", "pid":"1", "tid":"wave"},
{"name":"ModelAdvance", "ph":"E", "ts":"3698245230", "pid":"1", "tid":"wave"},
{"name":"ModelSetRunClock", "ph":"B", "ts":"3699629044", "pid":"1", "tid":"wave"},
{"name":"ModelSetRunClock", "ph":"E", "ts":"3699629109", "pid":"1", "tid":"wave"},
{"name":"ModelAdvance", "ph":"B", "ts":"3699629197", "pid":"1", "tid":"wave"},
{"name":"ModelAdvance", "ph":"E", "ts":"3707818930", "pid":"1", "tid":"wave"},
{"name":"ModelSetRunClock", "ph":"B", "ts":"3712034026", "pid":"1", "tid":"wave"},
{"name":"ModelSetRunClock", "ph":"E", "ts":"3712034104", "pid":"1", "tid":"wave"},
{"name":"ModelAdvance", "ph":"B", "ts":"3712034206", "pid":"1", "tid":"wave"},
{"name":"ModelAdvance", "ph":"E", "ts":"3719097841", "pid":"1", "tid":"wave"},
{"name":"ModelSetRunClock", "ph":"B", "ts":"3720504776", "pid":"1", "tid":"wave"},
{"name":"ModelSetRunClock", "ph":"E", "ts":"3720504824", "pid":"1", "tid":"wave"},
{"name":"ModelAdvance", "ph":"B", "ts":"3720504901", "pid":"1", "tid":"wave"},
{"name":"ModelAdvance", "ph":"E", "ts":"3728875032", "pid":"1", "tid":"wave"},
{"name":"ModelSetRunClock", "ph":"B", "ts":"3731523088", "pid":"1", "tid":"wave"},
{"name":"ModelSetRunClock", "ph":"E", "ts":"3731523123", "pid":"1", "tid":"wave"},
{"name":"ModelAdvance", "ph":"B", "ts":"3731523203", "pid":"1", "tid":"wave"},
{"name":"ModelAdvance", "ph":"E", "ts":"3738581992", "pid":"1", "tid":"wave"},
{"name":"ModelSetRunClock", "ph":"B", "ts":"3741730841", "pid":"1", "tid":"wave"},
{"name":"ModelSetRunClock", "ph":"E", "ts":"3741730901", "pid":"1", "tid":"wave"},
{"name":"ModelAdvance", "ph":"B", "ts":"3741731003", "pid":"1", "tid":"wave"},
{"name":"ModelAdvance", "ph":"E", "ts":"3748502775", "pid":"1", "tid":"wave"},
{"name":"ModelSetRunClock", "ph":"B", "ts":"3752517320", "pid":"1", "tid":"wave"},
{"name":"ModelSetRunClock", "ph":"E", "ts":"3752517485", "pid":"1", "tid":"wave"},
{"name":"ModelAdvance", "ph":"B", "ts":"3752517594", "pid":"1", "tid":"wave"},
{"name":"ModelAdvance", "ph":"E", "ts":"3759595287", "pid":"1", "tid":"wave"},
{"name":"ModelSetRunClock", "ph":"B", "ts":"3760827720", "pid":"1", "tid":"wave"},
{"name":"ModelSetRunClock", "ph":"E", "ts":"3760827772", "pid":"1", "tid":"wave"},
{"name":"ModelAdvance", "ph":"B", "ts":"3760827858", "pid":"1", "tid":"wave"},
{"name":"ModelAdvance", "ph":"E", "ts":"3769772783", "pid":"1", "tid":"wave"},
{"name":"ModelSetRunClock", "ph":"B", "ts":"3772569288", "pid":"1", "tid":"wave"},
{"name":"ModelSetRunClock", "ph":"E", "ts":"3772569323", "pid":"1", "tid":"wave"},
{"name":"ModelAdvance", "ph":"B", "ts":"3772569403", "pid":"1", "tid":"wave"},
{"name":"ModelAdvance", "ph":"E", "ts":"3779641519", "pid":"1", "tid":"wave"},
{"name":"ModelSetRunClock", "ph":"B", "ts":"3781666103", "pid":"1", "tid":"wave"},
{"name":"ModelSetRunClock", "ph":"E", "ts":"3781666158", "pid":"1", "tid":"wave"},
{"name":"ModelAdvance", "ph":"B", "ts":"3781666233", "pid":"1", "tid":"wave"},
{"name":"ModelAdvance", "ph":"E", "ts":"3788524190", "pid":"1", "tid":"wave"},
{"name":"ModelSetRunClock", "ph":"B", "ts":"3791261441", "pid":"1", "tid":"wave"},
{"name":"ModelSetRunClock", "ph":"E", "ts":"3791261524", "pid":"1", "tid":"wave"},
{"name":"ModelAdvance", "ph":"B", "ts":"3791261638", "pid":"1", "tid":"wave"},
{"name":"ModelAdvance", "ph":"E", "ts":"3798311033", "pid":"1", "tid":"wave"},
{"name":"ModelSetRunClock", "ph":"B", "ts":"3800432852", "pid":"1", "tid":"wave"},
{"name":"ModelSetRunClock", "ph":"E", "ts":"3800432909", "pid":"1", "tid":"wave"},
{"name":"ModelAdvance", "ph":"B", "ts":"3800432992", "pid":"1", "tid":"wave"},
{"name":"ModelAdvance", "ph":"E", "ts":"3807752795", "pid":"1", "tid":"wave"},
{"name":"ModelSetRunClock", "ph":"B", "ts":"3810215091", "pid":"1", "tid":"wave"},
{"name":"ModelSetRunClock", "ph":"E", "ts":"3810215128", "pid":"1", "tid":"wave"},
{"name":"ModelAdvance", "ph":"B", "ts":"3810215218", "pid":"1", "tid":"wave"},
{"name":"ModelAdvance", "ph":"E", "ts":"3817349982", "pid":"1", "tid":"wave"},
{"name":"ModelSetRunClock", "ph":"B", "ts":"3818810723", "pid":"1", "tid":"wave"},
{"name":"ModelSetRunClock", "ph":"E", "ts":"3818810769", "pid":"1", "tid":"wave"},
{"name":"ModelAdvance", "ph":"B", "ts":"3818810843", "pid":"1", "tid":"wave"},
{"name":"ModelAdvance", "ph":"E", "ts":"3827394622", "pid":"1", "tid":"wave"},
{"name":"ModelSetRunClock", "ph":"B", "ts":"3830207219", "pid":"1", "tid":"wave"},
{"name":"ModelSetRunClock", "ph":"E", "ts":"3830207255", "pid":"1", "tid":"wave"},
{"name":"ModelAdvance", "ph":"B", "ts":"3830207329", "pid":"1", "tid":"wave"},
{"name":"ModelAdvance", "ph":"E", "ts":"3837383083", "pid":"1", "tid":"wave"},
{"name":"ModelSetRunClock", "ph":"B", "ts":"3838904086", "pid":"1", "tid":"wave"},
{"name":"ModelSetRunClock", "ph":"E", "ts":"3838904141", "pid":"1", "tid":"wave"},
{"name":"ModelAdvance", "ph":"B", "ts":"3838904225", "pid":"1", "tid":"wave"},
{"name":"ModelAdvance", "ph":"E", "ts":"3847651293", "pid":"1", "tid":"wave"},
{"name":"ModelSetRunClock", "ph":"B", "ts":"3850313711", "pid":"1", "tid":"wave"},
{"name":"ModelSetRunClock", "ph":"E", "ts":"3850313878", "pid":"1", "tid":"wave"},
{"name":"ModelAdvance", "ph":"B", "ts":"3850313993", "pid":"1", "tid":"wave"},
{"name":"ModelAdvance", "ph":"E", "ts":"3857567302", "pid":"1", "tid":"wave"},
{"name":"ModelSetRunClock", "ph":"B", "ts":"3860885121", "pid":"1", "tid":"wave"},
{"name":"ModelSetRunClock", "ph":"E", "ts":"3860885185", "pid":"1", "tid":"wave"},
{"name":"ModelAdvance", "ph":"B", "ts":"3860885279", "pid":"1", "tid":"wave"},
{"name":"ModelAdvance", "ph":"E", "ts":"3867877960", "pid":"1", "tid":"wave"},
{"name":"ModelSetRunClock", "ph":"B", "ts":"3872209633", "pid":"1", "tid":"wave"},
{"name":"ModelSetRunClock", "ph":"E", "ts":"3872209670", "pid":"1", "tid":"wave"},
{"name":"ModelAdvance", "ph":"B", "ts":"3872209751", "pid":"1", "tid":"wave"},
{"name":"ModelAdvance", "ph":"E", "ts":"3879390709", "pid":"1", "tid":"wave"},
{"name":"ModelSetRunClock", "ph":"B", "ts":"3880923543", "pid":"1", "tid":"wave"},
{"name":"ModelSetRunClock", "ph":"E", "ts":"3880923659", "pid":"1", "tid":"wave"},
{"name":"ModelAdvance", "ph":"B", "ts":"3880923838", "pid":"1", "tid":"wave"},
{"name":"ModelAdvance", "ph":"E", "ts":"3890456410", "pid":"1", "tid":"wave"},
{"name":"ModelSetRunClock", "ph":"B", "ts":"3892503907", "pid":"1", "tid":"wave"},
{"name":"ModelSetRunClock", "ph":"E", "ts":"3892503943", "pid":"1", "tid":"wave"},
{"name":"ModelAdvance", "ph":"B", "ts":"3892504014", "pid":"1", "tid":"wave"},
{"name":"ModelAdvance", "ph":"E", "ts":"3899418544", "pid":"1", "tid":"wave"},
{"name":"ModelSetRunClock", "ph":"B", "ts":"3900948220", "pid":"1", "tid":"wave"},
{"name":"ModelSetRunClock", "ph":"E", "ts":"3900948281", "pid":"1", "tid":"wave"},
{"name":"ModelAdvance", "ph":"B", "ts":"3900948372", "pid":"1", "tid":"wave"},
{"name":"ModelAdvance", "ph":"E", "ts":"3910062518", "pid":"1", "tid":"wave"},
{"name":"ModelSetRunClock", "ph":"B", "ts":"3912801632", "pid":"1", "tid":"wave"},
{"name":"ModelSetRunClock", "ph":"E", "ts":"3912801666", "pid":"1", "tid":"wave"},
{"name":"ModelAdvance", "ph":"B", "ts":"3912801745", "pid":"1", "tid":"wave"},
{"name":"ModelAdvance", "ph":"E", "ts":"3919716911", "pid":"1", "tid":"wave"},
{"name":"ModelSetRunClock", "ph":"B", "ts":"3921257383", "pid":"1", "tid":"wave"},
{"name":"ModelSetRunClock", "ph":"E", "ts":"3921257430", "pid":"1", "tid":"wave"},
{"name":"ModelAdvance", "ph":"B", "ts":"3921257501", "pid":"1", "tid":"wave"},
{"name":"ModelAdvance", "ph":"E", "ts":"3929485069", "pid":"1", "tid":"wave"},
{"name":"ModelSetRunClock", "ph":"B", "ts":"3932403413", "pid":"1", "tid":"wave"},
{"name":"ModelSetRunClock", "ph":"E", "ts":"3932403456", "pid":"1", "tid":"wave"},
{"name":"ModelAdvance", "ph":"B", "ts":"3932403545", "pid":"1", "tid":"wave"},
{"name":"ModelAdvance", "ph":"E", "ts":"3939268727", "pid":"1", "tid":"wave"},
{"name":"ModelSetRunClock", "ph":"B", "ts":"3940800475", "pid":"1", "tid":"wave"},
{"name":"ModelSetRunClock", "ph":"E", "ts":"3940800631", "pid":"1", "tid":"wave"},
{"name":"ModelAdvance", "ph":"B", "ts":"3940800728", "pid":"1", "tid":"wave"},
{"name":"ModelAdvance", "ph":"E", "ts":"3948866375", "pid":"1", "tid":"wave"},
{"name":"ModelSetRunClock", "ph":"B", "ts":"3951952603", "pid":"1", "tid":"wave"},
{"name":"ModelSetRunClock", "ph":"E", "ts":"3951952638", "pid":"1", "tid":"wave"},
{"name":"ModelAdvance", "ph":"B", "ts":"3951952903", "pid":"1", "tid":"wave"},
{"name":"ModelAdvance", "ph":"E", "ts":"3958722998", "pid":"1", "tid":"wave"},
{"name":"ModelSetRunClock", "ph":"B", "ts":"3960244156", "pid":"1", "tid":"wave"},
{"name":"ModelSetRunClock", "ph":"E", "ts":"3960244206", "pid":"1", "tid":"wave"},
{"name":"ModelAdvance", "ph":"B", "ts":"3960244277", "pid":"1", "tid":"wave"},
{"name":"ModelAdvance", "ph":"E", "ts":"3969393833", "pid":"1", "tid":"wave"},
{"name":"ModelSetRunClock", "ph":"B", "ts":"3972205592", "pid":"1", "tid":"wave"},
{"name":"ModelSetRunClock", "ph":"E", "ts":"3972205754", "pid":"1", "tid":"wave"},
{"name":"ModelAdvance", "ph":"B", "ts":"3972205867", "pid":"1", "tid":"wave"},
{"name":"ModelAdvance", "ph":"E", "ts":"3978905569", "pid":"1", "tid":"wave"},
{"name":"ModelSetRunClock", "ph":"B", "ts":"3982643051", "pid":"1", "tid":"wave"},
{"name":"ModelSetRunClock", "ph":"E", "ts":"3982643100", "pid":"1", "tid":"wave"},
{"name":"ModelAdvance", "ph":"B", "ts":"3982643190", "pid":"1", "tid":"wave"},
{"name":"ModelAdvance", "ph":"E", "ts":"3989068229", "pid":"1", "tid":"wave"},
{"name":"ModelSetRunClock", "ph":"B", "ts":"3993386912", "pid":"1", "tid":"wave"},
{"name":"ModelSetRunClock", "ph":"E", "ts":"3993386955", "pid":"1", "tid":"wave"},
{"name":"ModelAdvance", "ph":"B", "ts":"3993387038", "pid":"1", "tid":"wave"},
{"name":"ModelAdvance", "ph":"E", "ts":"4000063678", "pid":"1", "tid":"wave"},
{"name":"ModelSetRunClock", "ph":"B", "ts":"4002345507", "pid":"1", "tid":"wave"},
{"name":"ModelSetRunClock", "ph":"E", "ts":"4003003353", "pid":"1", "tid":"wave"},
{"name":"ModelAdvance", "ph":"B", "ts":"4003003568", "pid":"1", "tid":"wave"},
{"name":"ModelAdvance", "ph":"E", "ts":"4009300737", "pid":"1", "tid":"wave"},
{"name":"ModelSetRunClock", "ph":"B", "ts":"4012186731", "pid":"1", "tid":"wave"},
{"name":"ModelSetRunClock", "ph":"E", "ts":"4012186765", "pid":"1", "tid":"wave"},
{"name":"ModelAdvance", "ph":"B", "ts":"4012186838", "pid":"1", "tid":"wave"},
{"name":"ModelAdvance", "ph":"E", "ts":"4018753359", "pid":"1", "tid":"wave"},
{"name":"ModelSetRunClock", "ph":"B", "ts":"4020309573", "pid":"1", "tid":"wave"},
{"name":"ModelSetRunClock", "ph":"E", "ts":"4020309624", "pid":"1", "tid":"wave"},
{"name":"ModelAdvance", "ph":"B", "ts":"4020309699", "pid":"1", "tid":"wave"},
{"name":"ModelAdvance", "ph":"E", "ts":"4029885048", "pid":"1", "tid":"wave"},
{"name":"ModelSetRunClock", "ph":"B", "ts":"4032503207", "pid":"1", "tid":"wave"},
{"name":"ModelSetRunClock", "ph":"E", "ts":"4032503256", "pid":"1", "tid":"wave"},
{"name":"ModelAdvance", "ph":"B", "ts":"4032503344", "pid":"1", "tid":"wave"},
{"name":"ModelAdvance", "ph":"E", "ts":"4039116031", "pid":"1", "tid":"wave"},
{"name":"ModelSetRunClock", "ph":"B", "ts":"4040663034", "pid":"1", "tid":"wave"},
{"name":"ModelSetRunClock", "ph":"E", "ts":"4040663088", "pid":"1", "tid":"wave"},
{"name":"ModelAdvance", "ph":"B", "ts":"4040663187", "pid":"1", "tid":"wave"},
{"name":"ModelAdvance", "ph":"E", "ts":"4048463279", "pid":"1", "tid":"wave"},
{"name":"ModelSetRunClock", "ph":"B", "ts":"4051551153", "pid":"1", "tid":"wave"},
{"name":"ModelSetRunClock", "ph":"E", "ts":"4051551189", "pid":"1", "tid":"wave"},
{"name":"ModelAdvance", "ph":"B", "ts":"4051551281", "pid":"1", "tid":"wave"},
{"name":"ModelAdvance", "ph":"E", "ts":"4058062811", "pid":"1", "tid":"wave"},
{"name":"ModelSetRunClock", "ph":"B", "ts":"4059527143", "pid":"1", "tid":"wave"},
{"name":"ModelSetRunClock", "ph":"E", "ts":"4059527213", "pid":"1", "tid":"wave"},
{"name":"ModelAdvance", "ph":"B", "ts":"4059527300", "pid":"1", "tid":"wave"},
{"name":"ModelAdvance", "ph":"E", "ts":"4067111497", "pid":"1", "tid":"wave"},
{"name":"ModelSetRunClock", "ph":"B", "ts":"4070479565", "pid":"1", "tid":"wave"},
{"name":"ModelSetRunClock", "ph":"E", "ts":"4070479599", "pid":"1", "tid":"wave"},
{"name":"ModelAdvance", "ph":"B", "ts":"4070479683", "pid":"1", "tid":"wave"},
{"name":"ModelAdvance", "ph":"E", "ts":"4076961254", "pid":"1", "tid":"wave"},
{"name":"ModelSetRunClock", "ph":"B", "ts":"4078490359", "pid":"1", "tid":"wave"},
{"name":"ModelSetRunClock", "ph":"E", "ts":"4078490409", "pid":"1", "tid":"wave"},
{"name":"ModelAdvance", "ph":"B", "ts":"4078490480", "pid":"1", "tid":"wave"},
{"name":"ModelAdvance", "ph":"E", "ts":"4085870021", "pid":"1", "tid":"wave"},
{"name":"ModelSetRunClock", "ph":"B", "ts":"4089380929", "pid":"1", "tid":"wave"},
{"name":"ModelSetRunClock", "ph":"E", "ts":"4089380967", "pid":"1", "tid":"wave"},
{"name":"ModelAdvance", "ph":"B", "ts":"4089381040", "pid":"1", "tid":"wave"},
{"name":"ModelAdvance", "ph":"E", "ts":"4095843486", "pid":"1", "tid":"wave"},
{"name":"ModelSetRunClock", "ph":"B", "ts":"4099611563", "pid":"1", "tid":"wave"},
{"name":"ModelSetRunClock", "ph":"E", "ts":"4099611707", "pid":"1", "tid":"wave"},
{"name":"ModelAdvance", "ph":"B", "ts":"4099611897", "pid":"1", "tid":"wave"},
{"name":"ModelAdvance", "ph":"E", "ts":"4105630215", "pid":"1", "tid":"wave"},
{"name":"ModelSetRunClock", "ph":"B", "ts":"4111186669", "pid":"1", "tid":"wave"},
{"name":"ModelSetRunClock", "ph":"E", "ts":"4111186703", "pid":"1", "tid":"wave"},
{"name":"ModelAdvance", "ph":"B", "ts":"4111186784", "pid":"1", "tid":"wave"},
{"name":"ModelAdvance", "ph":"E", "ts":"4117624301", "pid":"1", "tid":"wave"},
{"name":"ModelSetRunClock", "ph":"B", "ts":"4119206434", "pid":"1", "tid":"wave"},
{"name":"ModelSetRunClock", "ph":"E", "ts":"4119206488", "pid":"1", "tid":"wave"},
{"name":"ModelAdvance", "ph":"B", "ts":"4119206576", "pid":"1", "tid":"wave"},
{"name":"ModelAdvance", "ph":"E", "ts":"4127347675", "pid":"1", "tid":"wave"},
{"name":"ModelSetRunClock", "ph":"B", "ts":"4131129648", "pid":"1", "tid":"wave"},
{"name":"ModelSetRunClock", "ph":"E", "ts":"4131129760", "pid":"1", "tid":"wave"},
{"name":"ModelAdvance", "ph":"B", "ts":"4131129852", "pid":"1", "tid":"wave"},
{"name":"ModelAdvance", "ph":"E", "ts":"4137499853", "pid":"1", "tid":"wave"},
{"name":"ModelSetRunClock", "ph":"B", "ts":"4139427893", "pid":"1", "tid":"wave"},
{"name":"ModelSetRunClock", "ph":"E", "ts":"4139427954", "pid":"1", "tid":"wave"},
{"name":"ModelAdvance", "ph":"B", "ts":"4139428042", "pid":"1", "tid":"wave"},
{"name":"ModelAdvance", "ph":"E", "ts":"4146360735", "pid":"1", "tid":"wave"},
{"name":"ModelSetRunClock", "ph":"B", "ts":"4150599280", "pid":"1", "tid":"wave"},
{"name":"ModelSetRunClock", "ph":"E", "ts":"4150599336", "pid":"1", "tid":"wave"},
{"name":"ModelAdvance", "ph":"B", "ts":"4150599422", "pid":"1", "tid":"wave"},
{"name":"ModelAdvance", "ph":"E", "ts":"4156923442", "pid":"1", "tid":"wave"},
{"name":"ModelSetRunClock", "ph":"B", "ts":"4158949365", "pid":"1", "tid":"wave"},
{"name":"ModelSetRunClock", "ph":"E", "ts":"4158949414", "pid":"1", "tid":"wave"},
{"name":"ModelAdvance", "ph":"B", "ts":"4158949492", "pid":"1", "tid":"wave"},
{"name":"ModelAdvance", "ph":"E", "ts":"4166291803", "pid":"1", "tid":"wave"},
{"name":"ModelSetRunClock", "ph":"B", "ts":"4170416034", "pid":"1", "tid":"wave"},
{"name":"ModelSetRunClock", "ph":"E", "ts":"4170416141", "pid":"1", "tid":"wave"},
{"name":"ModelAdvance", "ph":"B", "ts":"4170416286", "pid":"1", "tid":"wave"},
{"name":"ModelAdvance", "ph":"E", "ts":"4176730278", "pid":"1", "tid":"wave"},
{"name":"ModelSetRunClock", "ph":"B", "ts":"4178420274", "pid":"1", "tid":"wave"},
{"name":"ModelSetRunClock", "ph":"E", "ts":"4178420332", "pid":"1", "tid":"wave"},
{"name":"ModelAdvance", "ph":"B", "ts":"4178420408", "pid":"1", "tid":"wave"},
{"name":"ModelAdvance", "ph":"E", "ts":"4185636891", "pid":"1", "tid":"wave"},
{"name":"ModelSetRunClock", "ph":"B", "ts":"4189514893", "pid":"1", "tid":"wave"},
{"name":"ModelSetRunClock", "ph":"E", "ts":"4189514964", "pid":"1", "tid":"wave"},
{"name":"ModelAdvance", "ph":"B", "ts":"4189515066", "pid":"1", "tid":"wave"},
{"name":"ModelAdvance", "ph":"E", "ts":"4195830981", "pid":"1", "tid":"wave"},
{"name":"ModelSetRunClock", "ph":"B", "ts":"4197501229", "pid":"1", "tid":"wave"},
{"name":"ModelSetRunClock", "ph":"E", "ts":"4197501360", "pid":"1", "tid":"wave"},
{"name":"ModelAdvance", "ph":"B", "ts":"4197501492", "pid":"1", "tid":"wave"},
{"name":"ModelAdvance", "ph":"E", "ts":"4204785490", "pid":"1", "tid":"wave"},
{"name":"ModelSetRunClock", "ph":"B", "ts":"4208407010", "pid":"1", "tid":"wave"},
{"name":"ModelSetRunClock", "ph":"E", "ts":"4208407045", "pid":"1", "tid":"wave"},
{"name":"ModelAdvance", "ph":"B", "ts":"4208407138", "pid":"1", "tid":"wave"},
{"name":"ModelAdvance", "ph":"E", "ts":"4214720817", "pid":"1", "tid":"wave"},
{"name":"ModelSetRunClock", "ph":"B", "ts":"4218636070", "pid":"1", "tid":"wave"},
{"name":"ModelSetRunClock", "ph":"E", "ts":"4218636136", "pid":"1", "tid":"wave"},
{"name":"ModelAdvance", "ph":"B", "ts":"4218636242", "pid":"1", "tid":"wave"},
{"name":"ModelAdvance", "ph":"E", "ts":"4224659399", "pid":"1", "tid":"wave"},
{"name":"ModelSetRunClock", "ph":"B", "ts":"4229390298", "pid":"1", "tid":"wave"},
{"name":"ModelSetRunClock", "ph":"E", "ts":"4229390483", "pid":"1", "tid":"wave"},
{"name":"ModelAdvance", "ph":"B", "ts":"4229390591", "pid":"1", "tid":"wave"},
{"name":"ModelAdvance", "ph":"E", "ts":"4235587992", "pid":"1", "tid":"wave"},
{"name":"ModelSetRunClock", "ph":"B", "ts":"4237624339", "pid":"1", "tid":"wave"},
{"name":"ModelSetRunClock", "ph":"E", "ts":"4237624393", "pid":"1", "tid":"wave"},
{"name":"ModelAdvance", "ph":"B", "ts":"4237624475", "pid":"1", "tid":"wave"},
{"name":"ModelAdvance", "ph":"E", "ts":"4244526866", "pid":"1", "tid":"wave"},
{"name":"ModelSetRunClock", "ph":"B", "ts":"4248316810", "pid":"1", "tid":"wave"},
{"name":"ModelSetRunClock", "ph":"E", "ts":"4248316863", "pid":"1", "tid":"wave"},
{"name":"ModelAdvance", "ph":"B", "ts":"4248316949", "pid":"1", "tid":"wave"},
{"name":"ModelAdvance", "ph":"E", "ts":"4254496004", "pid":"1", "tid":"wave"},
{"name":"ModelSetRunClock", "ph":"B", "ts":"4256434076", "pid":"1", "tid":"wave"},
{"name":"ModelSetRunClock", "ph":"E", "ts":"4256434140", "pid":"1", "tid":"wave"},
{"name":"ModelAdvance", "ph":"B", "ts":"4256434216", "pid":"1", "tid":"wave"},
{"name":"ModelAdvance", "ph":"E", "ts":"4265429593", "pid":"1", "tid":"wave"},
{"name":"ModelSetRunClock", "ph":"B", "ts":"4268773316", "pid":"1", "tid":"wave"},
{"name":"ModelSetRunClock", "ph":"E", "ts":"4268773356", "pid":"1", "tid":"wave"},
{"name":"ModelAdvance", "ph":"B", "ts":"4268773446", "pid":"1", "tid":"wave"},
