{"name":"SetServices", "ph":"B", "ts":"144442764", "pid":"1", "tid":"wave"},
{"name":"SetServices", "ph":"E", "ts":"144444299", "pid":"1", "tid":"wave"},
{"name":"InitializeP0", "ph":"B", "ts":"144448249", "pid":"1", "tid":"wave"},
{"name":"InitializeP0", "ph":"E", "ts":"144448330", "pid":"1", "tid":"wave"},
{"name":"InitializeAdvertise", "ph":"B", "ts":"178148946", "pid":"1", "tid":"wave"},
{"name":"InitializeAdvertise", "ph":"E", "ts":"264392962", "pid":"1", "tid":"wave"},
{"name":"InitializeRealize", "ph":"B", "ts":"398357208", "pid":"1", "tid":"wave"},
{"name":"InitializeRealize", "ph":"E", "ts":"411396661", "pid":"1", "tid":"wave"},
{"name":"DataInitialize", "ph":"B", "ts":"439920911", "pid":"1", "tid":"wave"},
{"name":"DataInitialize", "ph":"E", "ts":"439926068", "pid":"1", "tid":"wave"},
{"name":"ModelSetRunClock", "ph":"B", "ts":"466599575", "pid":"1", "tid":"wave"},
{"name":"ModelSetRunClock", "ph":"E", "ts":"466608392", "pid":"1", "tid":"wave"},
{"name":"ModelAdvance", "ph":"B", "ts":"466608474", "pid":"1", "tid":"wave"},
{"name":"ModelAdvance", "ph":"E", "ts":"478868193", "pid":"1", "tid":"wave"},
{"name":"ModelSetRunClock", "ph":"B", "ts":"480258126", "pid":"1", "tid":"wave"},
{"name":"ModelSetRunClock", "ph":"E", "ts":"480258215", "pid":"1", "tid":"wave"},
{"name":"ModelAdvance", "ph":"B", "ts":"480258303", "pid":"1", "tid":"wave"},
{"name":"ModelAdvance", "ph":"E", "ts":"491383263", "pid":"1", "tid":"wave"},
{"name":"ModelSetRunClock", "ph":"B", "ts":"495372162", "pid":"1", "tid":"wave"},
{"name":"ModelSetRunClock", "ph":"E", "ts":"495372234", "pid":"1", "tid":"wave"},
{"name":"ModelAdvance", "ph":"B", "ts":"495372322", "pid":"1", "tid":"wave"},
{"name":"ModelAdvance", "ph":"E", "ts":"511743886", "pid":"1", "tid":"wave"},
{"name":"ModelSetRunClock", "ph":"B", "ts":"514254732", "pid":"1", "tid":"wave"},
{"name":"ModelSetRunClock", "ph":"E", "ts":"514254830", "pid":"1", "tid":"wave"},
{"name":"ModelAdvance", "ph":"B", "ts":"514254982", "pid":"1", "tid":"wave"},
{"name":"ModelAdvance", "ph":"E", "ts":"529336385", "pid":"1", "tid":"wave"},
{"name":"ModelSetRunClock", "ph":"B", "ts":"533683515", "pid":"1", "tid":"wave"},
{"name":"ModelSetRunClock", "ph":"E", "ts":"533683573", "pid":"1", "tid":"wave"},
{"name":"ModelAdvance", "ph":"B", "ts":"533683647", "pid":"1", "tid":"wave"},
{"name":"ModelAdvance", "ph":"E", "ts":"547575115", "pid":"1", "tid":"wave"},
{"name":"ModelSetRunClock", "ph":"B", "ts":"550587109", "pid":"1", "tid":"wave"},
{"name":"ModelSetRunClock", "ph":"E", "ts":"550587160", "pid":"1", "tid":"wave"},
{"name":"ModelAdvance", "ph":"B", "ts":"550587245", "pid":"1", "tid":"wave"},
{"name":"ModelAdvance", "ph":"E", "ts":"560497596", "pid":"1", "tid":"wave"},
{"name":"ModelSetRunClock", "ph":"B", "ts":"574559716", "pid":"1", "tid":"wave"},
{"name":"ModelSetRunClock", "ph":"E", "ts":"574559780", "pid":"1", "tid":"wave"},
{"name":"ModelAdvance", "ph":"B", "ts":"574559858", "pid":"1", "tid":"wave"},
{"name":"ModelAdvance", "ph":"E", "ts":"583447554", "pid":"1", "tid":"wave"},
{"name":"ModelSetRunClock", "ph":"B", "ts":"585466321", "pid":"1", "tid":"wave"},
{"name":"ModelSetRunClock", "ph":"E", "ts":"585466356", "pid":"1", "tid":"wave"},
{"name":"ModelAdvance", "ph":"B", "ts":"585466437", "pid":"1", "tid":"wave"},
{"name":"ModelAdvance", "ph":"E", "ts":"594285005", "pid":"1", "tid":"wave"},
{"name":"ModelSetRunClock", "ph":"B", "ts":"596689809", "pid":"1", "tid":"wave"},
{"name":"ModelSetRunClock", "ph":"E", "ts":"596689877", "pid":"1", "tid":"wave"},
{"name":"ModelAdvance", "ph":"B", "ts":"596689959", "pid":"1", "tid":"wave"},
{"name":"ModelAdvance", "ph":"E", "ts":"606675543", "pid":"1", "tid":"wave"},
{"name":"ModelSetRunClock", "ph":"B", "ts":"608565851", "pid":"1", "tid":"wave"},
{"name":"ModelSetRunClock", "ph":"E", "ts":"608565889", "pid":"1", "tid":"wave"},
{"name":"ModelAdvance", "ph":"B", "ts":"608565970", "pid":"1", "tid":"wave"},
{"name":"ModelAdvance", "ph":"E", "ts":"617091074", "pid":"1", "tid":"wave"},
{"name":"ModelSetRunClock", "ph":"B", "ts":"619508497", "pid":"1", "tid":"wave"},
{"name":"ModelSetRunClock", "ph":"E", "ts":"619508563", "pid":"1", "tid":"wave"},
{"name":"ModelAdvance", "ph":"B", "ts":"619508810", "pid":"1", "tid":"wave"},
{"name":"ModelAdvance", "ph":"E", "ts":"629917007", "pid":"1", "tid":"wave"},
{"name":"ModelSetRunClock", "ph":"B", "ts":"631742241", "pid":"1", "tid":"wave"},
{"name":"ModelSetRunClock", "ph":"E", "ts":"631742285", "pid":"1", "tid":"wave"},
{"name":"ModelAdvance", "ph":"B", "ts":"631742372", "pid":"1", "tid":"wave"},
{"name":"ModelAdvance", "ph":"E", "ts":"640175332", "pid":"1", "tid":"wave"},
{"name":"ModelSetRunClock", "ph":"B", "ts":"642899018", "pid":"1", "tid":"wave"},
{"name":"ModelSetRunClock", "ph":"E", "ts":"642899076", "pid":"1", "tid":"wave"},
{"name":"ModelAdvance", "ph":"B", "ts":"642899153", "pid":"1", "tid":"wave"},
{"name":"ModelAdvance", "ph":"E", "ts":"653402022", "pid":"1", "tid":"wave"},
{"name":"ModelSetRunClock", "ph":"B", "ts":"655271307", "pid":"1", "tid":"wave"},
{"name":"ModelSetRunClock", "ph":"E", "ts":"655271341", "pid":"1", "tid":"wave"},
{"name":"ModelAdvance", "ph":"B", "ts":"655271418", "pid":"1", "tid":"wave"},
{"name":"ModelAdvance", "ph":"E", "ts":"663657598", "pid":"1", "tid":"wave"},
{"name":"ModelSetRunClock", "ph":"B", "ts":"666125884", "pid":"1", "tid":"wave"},
{"name":"ModelSetRunClock", "ph":"E", "ts":"666125946", "pid":"1", "tid":"wave"},
{"name":"ModelAdvance", "ph":"B", "ts":"666126028", "pid":"1", "tid":"wave"},
{"name":"ModelAdvance", "ph":"E", "ts":"677614155", "pid":"1", "tid":"wave"},
{"name":"ModelSetRunClock", "ph":"B", "ts":"679496916", "pid":"1", "tid":"wave"},
{"name":"ModelSetRunClock", "ph":"E", "ts":"679496960", "pid":"1", "tid":"wave"},
{"name":"ModelAdvance", "ph":"B", "ts":"679497047", "pid":"1", "tid":"wave"},
{"name":"ModelAdvance", "ph":"E", "ts":"687891253", "pid":"1", "tid":"wave"},
{"name":"ModelSetRunClock", "ph":"B", "ts":"690280733", "pid":"1", "tid":"wave"},
{"name":"ModelSetRunClock", "ph":"E", "ts":"690280791", "pid":"1", "tid":"wave"},
{"name":"ModelAdvance", "ph":"B", "ts":"690280863", "pid":"1", "tid":"wave"},
{"name":"ModelAdvance", "ph":"E", "ts":"700042041", "pid":"1", "tid":"wave"},
{"name":"ModelSetRunClock", "ph":"B", "ts":"702016711", "pid":"1", "tid":"wave"},
{"name":"ModelSetRunClock", "ph":"E", "ts":"702016747", "pid":"1", "tid":"wave"},
{"name":"ModelAdvance", "ph":"B", "ts":"702016822", "pid":"1", "tid":"wave"},
{"name":"ModelAdvance", "ph":"E", "ts":"710223466", "pid":"1", "tid":"wave"},
{"name":"ModelSetRunClock", "ph":"B", "ts":"717012809", "pid":"1", "tid":"wave"},
{"name":"ModelSetRunClock", "ph":"E", "ts":"717012878", "pid":"1", "tid":"wave"},
{"name":"ModelAdvance", "ph":"B", "ts":"717012970", "pid":"1", "tid":"wave"},
{"name":"ModelAdvance", "ph":"E", "ts":"725024657", "pid":"1", "tid":"wave"},
{"name":"ModelSetRunClock", "ph":"B", "ts":"727066150", "pid":"1", "tid":"wave"},
{"name":"ModelSetRunClock", "ph":"E", "ts":"727066192", "pid":"1", "tid":"wave"},
{"name":"ModelAdvance", "ph":"B", "ts":"727066276", "pid":"1", "tid":"wave"},
{"name":"ModelAdvance", "ph":"E", "ts":"735123792", "pid":"1", "tid":"wave"},
{"name":"ModelSetRunClock", "ph":"B", "ts":"737579166", "pid":"1", "tid":"wave"},
{"name":"ModelSetRunClock", "ph":"E", "ts":"737579419", "pid":"1", "tid":"wave"},
{"name":"ModelAdvance", "ph":"B", "ts":"737579615", "pid":"1", "tid":"wave"},
{"name":"ModelAdvance", "ph":"E", "ts":"749048420", "pid":"1", "tid":"wave"},
{"name":"ModelSetRunClock", "ph":"B", "ts":"751131167", "pid":"1", "tid":"wave"},
{"name":"ModelSetRunClock", "ph":"E", "ts":"751131201", "pid":"1", "tid":"wave"},
{"name":"ModelAdvance", "ph":"B", "ts":"751131277", "pid":"1", "tid":"wave"},
{"name":"ModelAdvance", "ph":"E", "ts":"759040737", "pid":"1", "tid":"wave"},
{"name":"ModelSetRunClock", "ph":"B", "ts":"761510565", "pid":"1", "tid":"wave"},
{"name":"ModelSetRunClock", "ph":"E", "ts":"761510629", "pid":"1", "tid":"wave"},
{"name":"ModelAdvance", "ph":"B", "ts":"761510719", "pid":"1", "tid":"wave"},
{"name":"ModelAdvance", "ph":"E", "ts":"771474784", "pid":"1", "tid":"wave"},
{"name":"ModelSetRunClock", "ph":"B", "ts":"773629121", "pid":"1", "tid":"wave"},
{"name":"ModelSetRunClock", "ph":"E", "ts":"773629209", "pid":"1", "tid":"wave"},
{"name":"ModelAdvance", "ph":"B", "ts":"773629286", "pid":"1", "tid":"wave"},
{"name":"ModelAdvance", "ph":"E", "ts":"781466299", "pid":"1", "tid":"wave"},
{"name":"ModelSetRunClock", "ph":"B", "ts":"783970061", "pid":"1", "tid":"wave"},
{"name":"ModelSetRunClock", "ph":"E", "ts":"783970112", "pid":"1", "tid":"wave"},
{"name":"ModelAdvance", "ph":"B", "ts":"783970187", "pid":"1", "tid":"wave"},
{"name":"ModelAdvance", "ph":"E", "ts":"793531749", "pid":"1", "tid":"wave"},
{"name":"ModelSetRunClock", "ph":"B", "ts":"795705210", "pid":"1", "tid":"wave"},
{"name":"ModelSetRunClock", "ph":"E", "ts":"795705250", "pid":"1", "tid":"wave"},
{"name":"ModelAdvance", "ph":"B", "ts":"795705325", "pid":"1", "tid":"wave"},
{"name":"ModelAdvance", "ph":"E", "ts":"803425399", "pid":"1", "tid":"wave"},
{"name":"ModelSetRunClock", "ph":"B", "ts":"805972654", "pid":"1", "tid":"wave"},
{"name":"ModelSetRunClock", "ph":"E", "ts":"805972745", "pid":"1", "tid":"wave"},
{"name":"ModelAdvance", "ph":"B", "ts":"805972834", "pid":"1", "tid":"wave"},
{"name":"ModelAdvance", "ph":"E", "ts":"816313600", "pid":"1", "tid":"wave"},
{"name":"ModelSetRunClock", "ph":"B", "ts":"818480837", "pid":"1", "tid":"wave"},
{"name":"ModelSetRunClock", "ph":"E", "ts":"818480880", "pid":"1", "tid":"wave"},
{"name":"ModelAdvance", "ph":"B", "ts":"818480958", "pid":"1", "tid":"wave"},
{"name":"ModelAdvance", "ph":"E", "ts":"826163869", "pid":"1", "tid":"wave"},
{"name":"ModelSetRunClock", "ph":"B", "ts":"828562660", "pid":"1", "tid":"wave"},
{"name":"ModelSetRunClock", "ph":"E", "ts":"828562713", "pid":"1", "tid":"wave"},
{"name":"ModelAdvance", "ph":"B", "ts":"828562784", "pid":"1", "tid":"wave"},
{"name":"ModelAdvance", "ph":"E", "ts":"839097315", "pid":"1", "tid":"wave"},
{"name":"ModelSetRunClock", "ph":"B", "ts":"841199988", "pid":"1", "tid":"wave"},
{"name":"ModelSetRunClock", "ph":"E", "ts":"841200024", "pid":"1", "tid":"wave"},
{"name":"ModelAdvance", "ph":"B", "ts":"841200108", "pid":"1", "tid":"wave"},
{"name":"ModelAdvance", "ph":"E", "ts":"848867855", "pid":"1", "tid":"wave"},
{"name":"ModelSetRunClock", "ph":"B", "ts":"851376636", "pid":"1", "tid":"wave"},
{"name":"ModelSetRunClock", "ph":"E", "ts":"851376687", "pid":"1", "tid":"wave"},
{"name":"ModelAdvance", "ph":"B", "ts":"851376771", "pid":"1", "tid":"wave"},
{"name":"ModelAdvance", "ph":"E", "ts":"860889213", "pid":"1", "tid":"wave"},
{"name":"ModelSetRunClock", "ph":"B", "ts":"863358075", "pid":"1", "tid":"wave"},
{"name":"ModelSetRunClock", "ph":"E", "ts":"863358119", "pid":"1", "tid":"wave"},
{"name":"ModelAdvance", "ph":"B", "ts":"863358207", "pid":"1", "tid":"wave"},
{"name":"ModelAdvance", "ph":"E", "ts":"871061926", "pid":"1", "tid":"wave"},
{"name":"ModelSetRunClock", "ph":"B", "ts":"873420424", "pid":"1", "tid":"wave"},
{"name":"ModelSetRunClock", "ph":"E", "ts":"873420492", "pid":"1", "tid":"wave"},
{"name":"ModelAdvance", "ph":"B", "ts":"873420591", "pid":"1", "tid":"wave"},
{"name":"ModelAdvance", "ph":"E", "ts":"883172410", "pid":"1", "tid":"wave"},
{"name":"ModelSetRunClock", "ph":"B", "ts":"885187699", "pid":"1", "tid":"wave"},
{"name":"ModelSetRunClock", "ph":"E", "ts":"885187737", "pid":"1", "tid":"wave"},
{"name":"ModelAdvance", "ph":"B", "ts":"885187818", "pid":"1", "tid":"wave"},
{"name":"ModelAdvance", "ph":"E", "ts":"892932113", "pid":"1", "tid":"wave"},
{"name":"ModelSetRunClock", "ph":"B", "ts":"895242472", "pid":"1", "tid":"wave"},
{"name":"ModelSetRunClock", "ph":"E", "ts":"895242538", "pid":"1", "tid":"wave"},
{"name":"ModelAdvance", "ph":"B", "ts":"895242625", "pid":"1", "tid":"wave"},
{"name":"ModelAdvance", "ph":"E", "ts":"904467638", "pid":"1", "tid":"wave"},
{"name":"ModelSetRunClock", "ph":"B", "ts":"906419972", "pid":"1", "tid":"wave"},
{"name":"ModelSetRunClock", "ph":"E", "ts":"906420008", "pid":"1", "tid":"wave"},
{"name":"ModelAdvance", "ph":"B", "ts":"906420084", "pid":"1", "tid":"wave"},
{"name":"ModelAdvance", "ph":"E", "ts":"914151932", "pid":"1", "tid":"wave"},
{"name":"ModelSetRunClock", "ph":"B", "ts":"916417059", "pid":"1", "tid":"wave"},
{"name":"ModelSetRunClock", "ph":"E", "ts":"916417116", "pid":"1", "tid":"wave"},
{"name":"ModelAdvance", "ph":"B", "ts":"916417201", "pid":"1", "tid":"wave"},
{"name":"ModelAdvance", "ph":"E", "ts":"925969487", "pid":"1", "tid":"wave"},
{"name":"ModelSetRunClock", "ph":"B", "ts":"927911930", "pid":"1", "tid":"wave"},
{"name":"ModelSetRunClock", "ph":"E", "ts":"927911964", "pid":"1", "tid":"wave"},
{"name":"ModelAdvance", "ph":"B", "ts":"927912046", "pid":"1", "tid":"wave"},
{"name":"ModelAdvance", "ph":"E", "ts":"935715092", "pid":"1", "tid":"wave"},
{"name":"ModelSetRunClock", "ph":"B", "ts":"937946785", "pid":"1", "tid":"wave"},
{"name":"ModelSetRunClock", "ph":"E", "ts":"937946838", "pid":"1", "tid":"wave"},
{"name":"ModelAdvance", "ph":"B", "ts":"937946922", "pid":"1", "tid":"wave"},
{"name":"ModelAdvance", "ph":"E", "ts":"948693349", "pid":"1", "tid":"wave"},
{"name":"ModelSetRunClock", "ph":"B", "ts":"950589678", "pid":"1", "tid":"wave"},
{"name":"ModelSetRunClock", "ph":"E", "ts":"950589716", "pid":"1", "tid":"wave"},
{"name":"ModelAdvance", "ph":"B", "ts":"950589794", "pid":"1", "tid":"wave"},
{"name":"ModelAdvance", "ph":"E", "ts":"958354889", "pid":"1", "tid":"wave"},
{"name":"ModelSetRunClock", "ph":"B", "ts":"960553476", "pid":"1", "tid":"wave"},
{"name":"ModelSetRunClock", "ph":"E", "ts":"960553534", "pid":"1", "tid":"wave"},
{"name":"ModelAdvance", "ph":"B", "ts":"960553614", "pid":"1", "tid":"wave"},
{"name":"ModelAdvance", "ph":"E", "ts":"970836364", "pid":"1", "tid":"wave"},
{"name":"ModelSetRunClock", "ph":"B", "ts":"972705121", "pid":"1", "tid":"wave"},
{"name":"ModelSetRunClock", "ph":"E", "ts":"972705161", "pid":"1", "tid":"wave"},
{"name":"ModelAdvance", "ph":"B", "ts":"972705236", "pid":"1", "tid":"wave"},
{"name":"ModelAdvance", "ph":"E", "ts":"980509534", "pid":"1", "tid":"wave"},
{"name":"ModelSetRunClock", "ph":"B", "ts":"988129555", "pid":"1", "tid":"wave"},
{"name":"ModelSetRunClock", "ph":"E", "ts":"988129614", "pid":"1", "tid":"wave"},
{"name":"ModelAdvance", "ph":"B", "ts":"988129692", "pid":"1", "tid":"wave"},
{"name":"ModelAdvance", "ph":"E", "ts":"995779144", "pid":"1", "tid":"wave"},
{"name":"ModelSetRunClock", "ph":"B", "ts":"1007825464", "pid":"1", "tid":"wave"},
{"name":"ModelSetRunClock", "ph":"E", "ts":"1007825720", "pid":"1", "tid":"wave"},
{"name":"ModelAdvance", "ph":"B", "ts":"1007825875", "pid":"1", "tid":"wave"},
{"name":"ModelAdvance", "ph":"E", "ts":"1015805506", "pid":"1", "tid":"wave"},
{"name":"ModelSetRunClock", "ph":"B", "ts":"1017667795", "pid":"1", "tid":"wave"},
{"name":"ModelSetRunClock", "ph":"E", "ts":"1017667860", "pid":"1", "tid":"wave"},
{"name":"ModelAdvance", "ph":"B", "ts":"1017667947", "pid":"1", "tid":"wave"},
{"name":"ModelAdvance", "ph":"E", "ts":"1027471102", "pid":"1", "tid":"wave"},
{"name":"ModelSetRunClock", "ph":"B", "ts":"1029337325", "pid":"1", "tid":"wave"},
{"name":"ModelSetRunClock", "ph":"E", "ts":"1029337361", "pid":"1", "tid":"wave"},
{"name":"ModelAdvance", "ph":"B", "ts":"1029337446", "pid":"1", "tid":"wave"},
{"name":"ModelAdvance", "ph":"E", "ts":"1037504649", "pid":"1", "tid":"wave"},
{"name":"ModelSetRunClock", "ph":"B", "ts":"1039136019", "pid":"1", "tid":"wave"},
{"name":"ModelSetRunClock", "ph":"E", "ts":"1039136375", "pid":"1", "tid":"wave"},
{"name":"ModelAdvance", "ph":"B", "ts":"1039136597", "pid":"1", "tid":"wave"},
{"name":"ModelAdvance", "ph":"E", "ts":"1049376425", "pid":"1", "tid":"wave"},
{"name":"ModelSetRunClock", "ph":"B", "ts":"1051246676", "pid":"1", "tid":"wave"},
{"name":"ModelSetRunClock", "ph":"E", "ts":"1051246718", "pid":"1", "tid":"wave"},
{"name":"ModelAdvance", "ph":"B", "ts":"1051246799", "pid":"1", "tid":"wave"},
{"name":"ModelAdvance", "ph":"E", "ts":"1059569978", "pid":"1", "tid":"wave"},
{"name":"ModelSetRunClock", "ph":"B", "ts":"1060997901", "pid":"1", "tid":"wave"},
{"name":"ModelSetRunClock", "ph":"E", "ts":"1060997962", "pid":"1", "tid":"wave"},
{"name":"ModelAdvance", "ph":"B", "ts":"1060998037", "pid":"1", "tid":"wave"},
{"name":"ModelAdvance", "ph":"E", "ts":"1070600159", "pid":"1", "tid":"wave"},
{"name":"ModelSetRunClock", "ph":"B", "ts":"1072469023", "pid":"1", "tid":"wave"},
{"name":"ModelSetRunClock", "ph":"E", "ts":"1072469059", "pid":"1", "tid":"wave"},
{"name":"ModelAdvance", "ph":"B", "ts":"1072469140", "pid":"1", "tid":"wave"},
{"name":"ModelAdvance", "ph":"E", "ts":"1080941218", "pid":"1", "tid":"wave"},
{"name":"ModelSetRunClock", "ph":"B", "ts":"1082212578", "pid":"1", "tid":"wave"},
{"name":"ModelSetRunClock", "ph":"E", "ts":"1082212634", "pid":"1", "tid":"wave"},
{"name":"ModelAdvance", "ph":"B", "ts":"1082212718", "pid":"1", "tid":"wave"},
{"name":"ModelAdvance", "ph":"E", "ts":"1092051556", "pid":"1", "tid":"wave"},
{"name":"ModelSetRunClock", "ph":"B", "ts":"1093920676", "pid":"1", "tid":"wave"},
{"name":"ModelSetRunClock", "ph":"E", "ts":"1093920725", "pid":"1", "tid":"wave"},
{"name":"ModelAdvance", "ph":"B", "ts":"1093920805", "pid":"1", "tid":"wave"},
{"name":"ModelAdvance", "ph":"E", "ts":"1102448170", "pid":"1", "tid":"wave"},
{"name":"ModelSetRunClock", "ph":"B", "ts":"1103721600", "pid":"1", "tid":"wave"},
{"name":"ModelSetRunClock", "ph":"E", "ts":"1103721662", "pid":"1", "tid":"wave"},
{"name":"ModelAdvance", "ph":"B", "ts":"1103721738", "pid":"1", "tid":"wave"},
{"name":"ModelAdvance", "ph":"E", "ts":"1114404966", "pid":"1", "tid":"wave"},
{"name":"ModelSetRunClock", "ph":"B", "ts":"1116279652", "pid":"1", "tid":"wave"},
{"name":"ModelSetRunClock", "ph":"E", "ts":"1116279695", "pid":"1", "tid":"wave"},
{"name":"ModelAdvance", "ph":"B", "ts":"1116279781", "pid":"1", "tid":"wave"},
{"name":"ModelAdvance", "ph":"E", "ts":"1124782372", "pid":"1", "tid":"wave"},
{"name":"ModelSetRunClock", "ph":"B", "ts":"1127391508", "pid":"1", "tid":"wave"},
{"name":"ModelSetRunClock", "ph":"E", "ts":"1127391562", "pid":"1", "tid":"wave"},
{"name":"ModelAdvance", "ph":"B", "ts":"1127391635", "pid":"1", "tid":"wave"},
{"name":"ModelAdvance", "ph":"E", "ts":"1135653121", "pid":"1", "tid":"wave"},
{"name":"ModelSetRunClock", "ph":"B", "ts":"1138165447", "pid":"1", "tid":"wave"},
{"name":"ModelSetRunClock", "ph":"E", "ts":"1138165490", "pid":"1", "tid":"wave"},
{"name":"ModelAdvance", "ph":"B", "ts":"1138165580", "pid":"1", "tid":"wave"},
{"name":"ModelAdvance", "ph":"E", "ts":"1146723460", "pid":"1", "tid":"wave"},
{"name":"ModelSetRunClock", "ph":"B", "ts":"1148133297", "pid":"1", "tid":"wave"},
{"name":"ModelSetRunClock", "ph":"E", "ts":"1148133356", "pid":"1", "tid":"wave"},
{"name":"ModelAdvance", "ph":"B", "ts":"1148133449", "pid":"1", "tid":"wave"},
{"name":"ModelAdvance", "ph":"E", "ts":"1157432327", "pid":"1", "tid":"wave"},
{"name":"ModelSetRunClock", "ph":"B", "ts":"1159328247", "pid":"1", "tid":"wave"},
{"name":"ModelSetRunClock", "ph":"E", "ts":"1159328286", "pid":"1", "tid":"wave"},
{"name":"ModelAdvance", "ph":"B", "ts":"1159328359", "pid":"1", "tid":"wave"},
{"name":"ModelAdvance", "ph":"E", "ts":"1167881750", "pid":"1", "tid":"wave"},
{"name":"ModelSetRunClock", "ph":"B", "ts":"1169348467", "pid":"1", "tid":"wave"},
{"name":"ModelSetRunClock", "ph":"E", "ts":"1169348535", "pid":"1", "tid":"wave"},
{"name":"ModelAdvance", "ph":"B", "ts":"1169348647", "pid":"1", "tid":"wave"},
{"name":"ModelAdvance", "ph":"E", "ts":"1179586232", "pid":"1", "tid":"wave"},
{"name":"ModelSetRunClock", "ph":"B", "ts":"1181452566", "pid":"1", "tid":"wave"},
{"name":"ModelSetRunClock", "ph":"E", "ts":"1181452600", "pid":"1", "tid":"wave"},
{"name":"ModelAdvance", "ph":"B", "ts":"1181452683", "pid":"1", "tid":"wave"},
{"name":"ModelAdvance", "ph":"E", "ts":"1190031228", "pid":"1", "tid":"wave"},
{"name":"ModelSetRunClock", "ph":"B", "ts":"1191514833", "pid":"1", "tid":"wave"},
{"name":"ModelSetRunClock", "ph":"E", "ts":"1191514887", "pid":"1", "tid":"wave"},
{"name":"ModelAdvance", "ph":"B", "ts":"1191514963", "pid":"1", "tid":"wave"},
{"name":"ModelAdvance", "ph":"E", "ts":"1200852136", "pid":"1", "tid":"wave"},
{"name":"ModelSetRunClock", "ph":"B", "ts":"1202698075", "pid":"1", "tid":"wave"},
{"name":"ModelSetRunClock", "ph":"E", "ts":"1202698169", "pid":"1", "tid":"wave"},
{"name":"ModelAdvance", "ph":"B", "ts":"1202698247", "pid":"1", "tid":"wave"},
{"name":"ModelAdvance", "ph":"E", "ts":"1211321029", "pid":"1", "tid":"wave"},
{"name":"ModelSetRunClock", "ph":"B", "ts":"1212809109", "pid":"1", "tid":"wave"},
{"name":"ModelSetRunClock", "ph":"E", "ts":"1212809165", "pid":"1", "tid":"wave"},
{"name":"ModelAdvance", "ph":"B", "ts":"1212809244", "pid":"1", "tid":"wave"},
{"name":"ModelAdvance", "ph":"E", "ts":"1222757021", "pid":"1", "tid":"wave"},
{"name":"ModelSetRunClock", "ph":"B", "ts":"1224623224", "pid":"1", "tid":"wave"},
{"name":"ModelSetRunClock", "ph":"E", "ts":"1224623272", "pid":"1", "tid":"wave"},
{"name":"ModelAdvance", "ph":"B", "ts":"1224623363", "pid":"1", "tid":"wave"},
{"name":"ModelAdvance", "ph":"E", "ts":"1233291874", "pid":"1", "tid":"wave"},
{"name":"ModelSetRunClock", "ph":"B", "ts":"1234818102", "pid":"1", "tid":"wave"},
{"name":"ModelSetRunClock", "ph":"E", "ts":"1234818168", "pid":"1", "tid":"wave"},
{"name":"ModelAdvance", "ph":"B", "ts":"1234818257", "pid":"1", "tid":"wave"},
{"name":"ModelAdvance", "ph":"E", "ts":"1247268047", "pid":"1", "tid":"wave"},
{"name":"ModelSetRunClock", "ph":"B", "ts":"1249123467", "pid":"1", "tid":"wave"},
{"name":"ModelSetRunClock", "ph":"E", "ts":"1249123509", "pid":"1", "tid":"wave"},
{"name":"ModelAdvance", "ph":"B", "ts":"1249123592", "pid":"1", "tid":"wave"},
{"name":"ModelAdvance", "ph":"E", "ts":"1257802736", "pid":"1", "tid":"wave"},
{"name":"ModelSetRunClock", "ph":"B", "ts":"1265097048", "pid":"1", "tid":"wave"},
{"name":"ModelSetRunClock", "ph":"E", "ts":"1265097351", "pid":"1", "tid":"wave"},
{"name":"ModelAdvance", "ph":"B", "ts":"1265097522", "pid":"1", "tid":"wave"},
{"name":"ModelAdvance", "ph":"E", "ts":"1273096406", "pid":"1", "tid":"wave"},
{"name":"ModelSetRunClock", "ph":"B", "ts":"1276962038", "pid":"1", "tid":"wave"},
{"name":"ModelSetRunClock", "ph":"E", "ts":"1276962082", "pid":"1", "tid":"wave"},
{"name":"ModelAdvance", "ph":"B", "ts":"1276962168", "pid":"1", "tid":"wave"},
{"name":"ModelAdvance", "ph":"E", "ts":"1285830738", "pid":"1", "tid":"wave"},
{"name":"ModelSetRunClock", "ph":"B", "ts":"1287376852", "pid":"1", "tid":"wave"},
{"name":"ModelSetRunClock", "ph":"E", "ts":"1287376934", "pid":"1", "tid":"wave"},
{"name":"ModelAdvance", "ph":"B", "ts":"1287377065", "pid":"1", "tid":"wave"},
{"name":"ModelAdvance", "ph":"E", "ts":"1297597871", "pid":"1", "tid":"wave"},
{"name":"ModelSetRunClock", "ph":"B", "ts":"1299482254", "pid":"1", "tid":"wave"},
{"name":"ModelSetRunClock", "ph":"E", "ts":"1299498518", "pid":"1", "tid":"wave"},
{"name":"ModelAdvance", "ph":"B", "ts":"1299498687", "pid":"1", "tid":"wave"},
{"name":"ModelAdvance", "ph":"E", "ts":"1308321943", "pid":"1", "tid":"wave"},
{"name":"ModelSetRunClock", "ph":"B", "ts":"1309865153", "pid":"1", "tid":"wave"},
{"name":"ModelSetRunClock", "ph":"E", "ts":"1309865211", "pid":"1", "tid":"wave"},
{"name":"ModelAdvance", "ph":"B", "ts":"1309865287", "pid":"1", "tid":"wave"},
{"name":"ModelAdvance", "ph":"E", "ts":"1319673598", "pid":"1", "tid":"wave"},
{"name":"ModelSetRunClock", "ph":"B", "ts":"1321591231", "pid":"1", "tid":"wave"},
{"name":"ModelSetRunClock", "ph":"E", "ts":"1321591267", "pid":"1", "tid":"wave"},
{"name":"ModelAdvance", "ph":"B", "ts":"1321591349", "pid":"1", "tid":"wave"},
{"name":"ModelAdvance", "ph":"E", "ts":"1330458800", "pid":"1", "tid":"wave"},
{"name":"ModelSetRunClock", "ph":"B", "ts":"1332033031", "pid":"1", "tid":"wave"},
{"name":"ModelSetRunClock", "ph":"E", "ts":"1332033090", "pid":"1", "tid":"wave"},
{"name":"ModelAdvance", "ph":"B", "ts":"1332033162", "pid":"1", "tid":"wave"},
{"name":"ModelAdvance", "ph":"E", "ts":"1341507517", "pid":"1", "tid":"wave"},
{"name":"ModelSetRunClock", "ph":"B", "ts":"1343444264", "pid":"1", "tid":"wave"},
{"name":"ModelSetRunClock", "ph":"E", "ts":"1343444298", "pid":"1", "tid":"wave"},
{"name":"ModelAdvance", "ph":"B", "ts":"1343444379", "pid":"1", "tid":"wave"},
{"name":"ModelAdvance", "ph":"E", "ts":"1352314976", "pid":"1", "tid":"wave"},
{"name":"ModelSetRunClock", "ph":"B", "ts":"1353877103", "pid":"1", "tid":"wave"},
{"name":"ModelSetRunClock", "ph":"E", "ts":"1353877166", "pid":"1", "tid":"wave"},
{"name":"ModelAdvance", "ph":"B", "ts":"1353877243", "pid":"1", "tid":"wave"},
{"name":"ModelAdvance", "ph":"E", "ts":"1364102073", "pid":"1", "tid":"wave"},
{"name":"ModelSetRunClock", "ph":"B", "ts":"1366089736", "pid":"1", "tid":"wave"},
{"name":"ModelSetRunClock", "ph":"E", "ts":"1366089778", "pid":"1", "tid":"wave"},
{"name":"ModelAdvance", "ph":"B", "ts":"1366089862", "pid":"1", "tid":"wave"},
{"name":"ModelAdvance", "ph":"E", "ts":"1375026828", "pid":"1", "tid":"wave"},
{"name":"ModelSetRunClock", "ph":"B", "ts":"1376617622", "pid":"1", "tid":"wave"},
{"name":"ModelSetRunClock", "ph":"E", "ts":"1376617678", "pid":"1", "tid":"wave"},
{"name":"ModelAdvance", "ph":"B", "ts":"1376617750", "pid":"1", "tid":"wave"},
{"name":"ModelAdvance", "ph":"E", "ts":"1386353157", "pid":"1", "tid":"wave"},
{"name":"ModelSetRunClock", "ph":"B", "ts":"1388394165", "pid":"1", "tid":"wave"},
{"name":"ModelSetRunClock", "ph":"E", "ts":"1388394205", "pid":"1", "tid":"wave"},
{"name":"ModelAdvance", "ph":"B", "ts":"1388394289", "pid":"1", "tid":"wave"},
{"name":"ModelAdvance", "ph":"E", "ts":"1420421027", "pid":"1", "tid":"wave"},
{"name":"ModelSetRunClock", "ph":"B", "ts":"1430112974", "pid":"1", "tid":"wave"},
{"name":"ModelSetRunClock", "ph":"E", "ts":"1430113074", "pid":"1", "tid":"wave"},
{"name":"ModelAdvance", "ph":"B", "ts":"1430113193", "pid":"1", "tid":"wave"},
{"name":"ModelAdvance", "ph":"E", "ts":"1438306821", "pid":"1", "tid":"wave"},
{"name":"ModelSetRunClock", "ph":"B", "ts":"1440376997", "pid":"1", "tid":"wave"},
{"name":"ModelSetRunClock", "ph":"E", "ts":"1440377044", "pid":"1", "tid":"wave"},
{"name":"ModelAdvance", "ph":"B", "ts":"1440377127", "pid":"1", "tid":"wave"},
{"name":"ModelAdvance", "ph":"E", "ts":"1449359006", "pid":"1", "tid":"wave"},
{"name":"ModelSetRunClock", "ph":"B", "ts":"1451077599", "pid":"1", "tid":"wave"},
{"name":"ModelSetRunClock", "ph":"E", "ts":"1451077699", "pid":"1", "tid":"wave"},
{"name":"ModelAdvance", "ph":"B", "ts":"1451077807", "pid":"1", "tid":"wave"},
{"name":"ModelAdvance", "ph":"E", "ts":"1460976027", "pid":"1", "tid":"wave"},
{"name":"ModelSetRunClock", "ph":"B", "ts":"1463080281", "pid":"1", "tid":"wave"},
{"name":"ModelSetRunClock", "ph":"E", "ts":"1463080323", "pid":"1", "tid":"wave"},
{"name":"ModelAdvance", "ph":"B", "ts":"1463080403", "pid":"1", "tid":"wave"},
{"name":"ModelAdvance", "ph":"E", "ts":"1472047130", "pid":"1", "tid":"wave"},
{"name":"ModelSetRunClock", "ph":"B", "ts":"1473798630", "pid":"1", "tid":"wave"},
{"name":"ModelSetRunClock", "ph":"E", "ts":"1473798688", "pid":"1", "tid":"wave"},
{"name":"ModelAdvance", "ph":"B", "ts":"1473798759", "pid":"1", "tid":"wave"},
{"name":"ModelAdvance", "ph":"E", "ts":"1483376088", "pid":"1", "tid":"wave"},
{"name":"ModelSetRunClock", "ph":"B", "ts":"1485452034", "pid":"1", "tid":"wave"},
{"name":"ModelSetRunClock", "ph":"E", "ts":"1485452084", "pid":"1", "tid":"wave"},
{"name":"ModelAdvance", "ph":"B", "ts":"1485452172", "pid":"1", "tid":"wave"},
{"name":"ModelAdvance", "ph":"E", "ts":"1494323072", "pid":"1", "tid":"wave"},
{"name":"ModelSetRunClock", "ph":"B", "ts":"1496116778", "pid":"1", "tid":"wave"},
{"name":"ModelSetRunClock", "ph":"E", "ts":"1496116844", "pid":"1", "tid":"wave"},
{"name":"ModelAdvance", "ph":"B", "ts":"1496116920", "pid":"1", "tid":"wave"},
{"name":"ModelAdvance", "ph":"E", "ts":"1505680029", "pid":"1", "tid":"wave"},
{"name":"ModelSetRunClock", "ph":"B", "ts":"1507753074", "pid":"1", "tid":"wave"},
{"name":"ModelSetRunClock", "ph":"E", "ts":"1507753111", "pid":"1", "tid":"wave"},
{"name":"ModelAdvance", "ph":"B", "ts":"1507753185", "pid":"1", "tid":"wave"},
{"name":"ModelAdvance", "ph":"E", "ts":"1516476464", "pid":"1", "tid":"wave"},
{"name":"ModelSetRunClock", "ph":"B", "ts":"1518337552", "pid":"1", "tid":"wave"},
{"name":"ModelSetRunClock", "ph":"E", "ts":"1518337614", "pid":"1", "tid":"wave"},
{"name":"ModelAdvance", "ph":"B", "ts":"1518337723", "pid":"1", "tid":"wave"},
{"name":"ModelAdvance", "ph":"E", "ts":"1535181143", "pid":"1", "tid":"wave"},
{"name":"ModelSetRunClock", "ph":"B", "ts":"1537207910", "pid":"1", "tid":"wave"},
{"name":"ModelSetRunClock", "ph":"E", "ts":"1537207950", "pid":"1", "tid":"wave"},
{"name":"ModelAdvance", "ph":"B", "ts":"1537208029", "pid":"1", "tid":"wave"},
{"name":"ModelAdvance", "ph":"E", "ts":"1545862079", "pid":"1", "tid":"wave"},
{"name":"ModelSetRunClock", "ph":"B", "ts":"1547722346", "pid":"1", "tid":"wave"},
{"name":"ModelSetRunClock", "ph":"E", "ts":"1547722408", "pid":"1", "tid":"wave"},
{"name":"ModelAdvance", "ph":"B", "ts":"1547722486", "pid":"1", "tid":"wave"},
{"name":"ModelAdvance", "ph":"E", "ts":"1557273382", "pid":"1", "tid":"wave"},
{"name":"ModelSetRunClock", "ph":"B", "ts":"1559275616", "pid":"1", "tid":"wave"},
{"name":"ModelSetRunClock", "ph":"E", "ts":"1559275660", "pid":"1", "tid":"wave"},
{"name":"ModelAdvance", "ph":"B", "ts":"1559275733", "pid":"1", "tid":"wave"},
{"name":"ModelAdvance", "ph":"E", "ts":"1567944191", "pid":"1", "tid":"wave"},
{"name":"ModelSetRunClock", "ph":"B", "ts":"1569724235", "pid":"1", "tid":"wave"},
{"name":"ModelSetRunClock", "ph":"E", "ts":"1569724296", "pid":"1", "tid":"wave"},
{"name":"ModelAdvance", "ph":"B", "ts":"1569724391", "pid":"1", "tid":"wave"},
{"name":"ModelAdvance", "ph":"E", "ts":"1579359428", "pid":"1", "tid":"wave"},
{"name":"ModelSetRunClock", "ph":"B", "ts":"1581629067", "pid":"1", "tid":"wave"},
{"name":"ModelSetRunClock", "ph":"E", "ts":"1581629108", "pid":"1", "tid":"wave"},
{"name":"ModelAdvance", "ph":"B", "ts":"1581629192", "pid":"1", "tid":"wave"},
{"name":"ModelAdvance", "ph":"E", "ts":"1590151030", "pid":"1", "tid":"wave"},
{"name":"ModelSetRunClock", "ph":"B", "ts":"1591861702", "pid":"1", "tid":"wave"},
{"name":"ModelSetRunClock", "ph":"E", "ts":"1591861768", "pid":"1", "tid":"wave"},
{"name":"ModelAdvance", "ph":"B", "ts":"1591861851", "pid":"1", "tid":"wave"},
{"name":"ModelAdvance", "ph":"E", "ts":"1601618842", "pid":"1", "tid":"wave"},
{"name":"ModelSetRunClock", "ph":"B", "ts":"1603577379", "pid":"1", "tid":"wave"},
{"name":"ModelSetRunClock", "ph":"E", "ts":"1603577414", "pid":"1", "tid":"wave"},
{"name":"ModelAdvance", "ph":"B", "ts":"1603577488", "pid":"1", "tid":"wave"},
{"name":"ModelAdvance", "ph":"E", "ts":"1612003637", "pid":"1", "tid":"wave"},
{"name":"ModelSetRunClock", "ph":"B", "ts":"1613822475", "pid":"1", "tid":"wave"},
{"name":"ModelSetRunClock", "ph":"E", "ts":"1613822535", "pid":"1", "tid":"wave"},
{"name":"ModelAdvance", "ph":"B", "ts":"1613822617", "pid":"1", "tid":"wave"},
{"name":"ModelAdvance", "ph":"E", "ts":"1624042466", "pid":"1", "tid":"wave"},
{"name":"ModelSetRunClock", "ph":"B", "ts":"1626002107", "pid":"1", "tid":"wave"},
{"name":"ModelSetRunClock", "ph":"E", "ts":"1626002148", "pid":"1", "tid":"wave"},
{"name":"ModelAdvance", "ph":"B", "ts":"1626002236", "pid":"1", "tid":"wave"},
{"name":"ModelAdvance", "ph":"E", "ts":"1634362442", "pid":"1", "tid":"wave"},
{"name":"ModelSetRunClock", "ph":"B", "ts":"1636237666", "pid":"1", "tid":"wave"},
{"name":"ModelSetRunClock", "ph":"E", "ts":"1636237727", "pid":"1", "tid":"wave"},
{"name":"ModelAdvance", "ph":"B", "ts":"1636237806", "pid":"1", "tid":"wave"},
{"name":"ModelAdvance", "ph":"E", "ts":"1645769451", "pid":"1", "tid":"wave"},
{"name":"ModelSetRunClock", "ph":"B", "ts":"1647724798", "pid":"1", "tid":"wave"},
{"name":"ModelSetRunClock", "ph":"E", "ts":"1647724834", "pid":"1", "tid":"wave"},
{"name":"ModelAdvance", "ph":"B", "ts":"1647724915", "pid":"1", "tid":"wave"},
{"name":"ModelAdvance", "ph":"E", "ts":"1656023070", "pid":"1", "tid":"wave"},
{"name":"ModelSetRunClock", "ph":"B", "ts":"1657948743", "pid":"1", "tid":"wave"},
{"name":"ModelSetRunClock", "ph":"E", "ts":"1657948804", "pid":"1", "tid":"wave"},
{"name":"ModelAdvance", "ph":"B", "ts":"1657948884", "pid":"1", "tid":"wave"},
{"name":"ModelAdvance", "ph":"E", "ts":"1667499573", "pid":"1", "tid":"wave"},
{"name":"ModelSetRunClock", "ph":"B", "ts":"1669455802", "pid":"1", "tid":"wave"},
{"name":"ModelSetRunClock", "ph":"E", "ts":"1669455878", "pid":"1", "tid":"wave"},
{"name":"ModelAdvance", "ph":"B", "ts":"1669455955", "pid":"1", "tid":"wave"},
{"name":"ModelAdvance", "ph":"E", "ts":"1677678480", "pid":"1", "tid":"wave"},
{"name":"ModelSetRunClock", "ph":"B", "ts":"1679523749", "pid":"1", "tid":"wave"},
{"name":"ModelSetRunClock", "ph":"E", "ts":"1679523806", "pid":"1", "tid":"wave"},
{"name":"ModelAdvance", "ph":"B", "ts":"1679523882", "pid":"1", "tid":"wave"},
{"name":"ModelAdvance", "ph":"E", "ts":"1690378148", "pid":"1", "tid":"wave"},
{"name":"ModelSetRunClock", "ph":"B", "ts":"1692311256", "pid":"1", "tid":"wave"},
{"name":"ModelSetRunClock", "ph":"E", "ts":"1692311313", "pid":"1", "tid":"wave"},
{"name":"ModelAdvance", "ph":"B", "ts":"1692311413", "pid":"1", "tid":"wave"},
{"name":"ModelAdvance", "ph":"E", "ts":"1700509500", "pid":"1", "tid":"wave"},
{"name":"ModelSetRunClock", "ph":"B", "ts":"1703610763", "pid":"1", "tid":"wave"},
{"name":"ModelSetRunClock", "ph":"E", "ts":"1703610842", "pid":"1", "tid":"wave"},
{"name":"ModelAdvance", "ph":"B", "ts":"1703610939", "pid":"1", "tid":"wave"},
{"name":"ModelAdvance", "ph":"E", "ts":"1712410639", "pid":"1", "tid":"wave"},
{"name":"ModelSetRunClock", "ph":"B", "ts":"1714699271", "pid":"1", "tid":"wave"},
{"name":"ModelSetRunClock", "ph":"E", "ts":"1714699314", "pid":"1", "tid":"wave"},
{"name":"ModelAdvance", "ph":"B", "ts":"1714699393", "pid":"1", "tid":"wave"},
{"name":"ModelAdvance", "ph":"E", "ts":"1722962159", "pid":"1", "tid":"wave"},
{"name":"ModelSetRunClock", "ph":"B", "ts":"1724873807", "pid":"1", "tid":"wave"},
{"name":"ModelSetRunClock", "ph":"E", "ts":"1724873866", "pid":"1", "tid":"wave"},
{"name":"ModelAdvance", "ph":"B", "ts":"1724873948", "pid":"1", "tid":"wave"},
{"name":"ModelAdvance", "ph":"E", "ts":"1734250213", "pid":"1", "tid":"wave"},
{"name":"ModelSetRunClock", "ph":"B", "ts":"1736154761", "pid":"1", "tid":"wave"},
{"name":"ModelSetRunClock", "ph":"E", "ts":"1736154920", "pid":"1", "tid":"wave"},
{"name":"ModelAdvance", "ph":"B", "ts":"1736154997", "pid":"1", "tid":"wave"},
{"name":"ModelAdvance", "ph":"E", "ts":"1744305437", "pid":"1", "tid":"wave"},
{"name":"ModelSetRunClock", "ph":"B", "ts":"1746161574", "pid":"1", "tid":"wave"},
{"name":"ModelSetRunClock", "ph":"E", "ts":"1746161632", "pid":"1", "tid":"wave"},
{"name":"ModelAdvance", "ph":"B", "ts":"1746161709", "pid":"1", "tid":"wave"},
{"name":"ModelAdvance", "ph":"E", "ts":"1755175520", "pid":"1", "tid":"wave"},
{"name":"ModelSetRunClock", "ph":"B", "ts":"1757054536", "pid":"1", "tid":"wave"},
{"name":"ModelSetRunClock", "ph":"E", "ts":"1757054575", "pid":"1", "tid":"wave"},
{"name":"ModelAdvance", "ph":"B", "ts":"1757054653", "pid":"1", "tid":"wave"},
{"name":"ModelAdvance", "ph":"E", "ts":"1765103656", "pid":"1", "tid":"wave"},
{"name":"ModelSetRunClock", "ph":"B", "ts":"1766940872", "pid":"1", "tid":"wave"},
{"name":"ModelSetRunClock", "ph":"E", "ts":"1766941066", "pid":"1", "tid":"wave"},
{"name":"ModelAdvance", "ph":"B", "ts":"1766941155", "pid":"1", "tid":"wave"},
{"name":"ModelAdvance", "ph":"E", "ts":"1776944992", "pid":"1", "tid":"wave"},
{"name":"ModelSetRunClock", "ph":"B", "ts":"1778789399", "pid":"1", "tid":"wave"},
{"name":"ModelSetRunClock", "ph":"E", "ts":"1778789443", "pid":"1", "tid":"wave"},
{"name":"ModelAdvance", "ph":"B", "ts":"1778789529", "pid":"1", "tid":"wave"},
{"name":"ModelAdvance", "ph":"E", "ts":"1786832048", "pid":"1", "tid":"wave"},
{"name":"ModelSetRunClock", "ph":"B", "ts":"1788679566", "pid":"1", "tid":"wave"},
{"name":"ModelSetRunClock", "ph":"E", "ts":"1788679628", "pid":"1", "tid":"wave"},
{"name":"ModelAdvance", "ph":"B", "ts":"1788679699", "pid":"1", "tid":"wave"},
{"name":"ModelAdvance", "ph":"E", "ts":"1797707491", "pid":"1", "tid":"wave"},
{"name":"ModelSetRunClock", "ph":"B", "ts":"1799568378", "pid":"1", "tid":"wave"},
{"name":"ModelSetRunClock", "ph":"E", "ts":"1799568419", "pid":"1", "tid":"wave"},
{"name":"ModelAdvance", "ph":"B", "ts":"1799568501", "pid":"1", "tid":"wave"},
{"name":"ModelAdvance", "ph":"E", "ts":"1807453639", "pid":"1", "tid":"wave"},
{"name":"ModelSetRunClock", "ph":"B", "ts":"1809417923", "pid":"1", "tid":"wave"},
{"name":"ModelSetRunClock", "ph":"E", "ts":"1809417980", "pid":"1", "tid":"wave"},
{"name":"ModelAdvance", "ph":"B", "ts":"1809418055", "pid":"1", "tid":"wave"},
{"name":"ModelAdvance", "ph":"E", "ts":"1819149448", "pid":"1", "tid":"wave"},
{"name":"ModelSetRunClock", "ph":"B", "ts":"1821051265", "pid":"1", "tid":"wave"},
{"name":"ModelSetRunClock", "ph":"E", "ts":"1821051307", "pid":"1", "tid":"wave"},
{"name":"ModelAdvance", "ph":"B", "ts":"1821051387", "pid":"1", "tid":"wave"},
{"name":"ModelAdvance", "ph":"E", "ts":"1828927403", "pid":"1", "tid":"wave"},
{"name":"ModelSetRunClock", "ph":"B", "ts":"1831621649", "pid":"1", "tid":"wave"},
{"name":"ModelSetRunClock", "ph":"E", "ts":"1831621715", "pid":"1", "tid":"wave"},
{"name":"ModelAdvance", "ph":"B", "ts":"1831621806", "pid":"1", "tid":"wave"},
{"name":"ModelAdvance", "ph":"E", "ts":"1842350650", "pid":"1", "tid":"wave"},
{"name":"ModelSetRunClock", "ph":"B", "ts":"1845067670", "pid":"1", "tid":"wave"},
{"name":"ModelSetRunClock", "ph":"E", "ts":"1845067713", "pid":"1", "tid":"wave"},
{"name":"ModelAdvance", "ph":"B", "ts":"1845067797", "pid":"1", "tid":"wave"},
{"name":"ModelAdvance", "ph":"E", "ts":"1852932629", "pid":"1", "tid":"wave"},
{"name":"ModelSetRunClock", "ph":"B", "ts":"1854900556", "pid":"1", "tid":"wave"},
{"name":"ModelSetRunClock", "ph":"E", "ts":"1854900617", "pid":"1", "tid":"wave"},
{"name":"ModelAdvance", "ph":"B", "ts":"1854900709", "pid":"1", "tid":"wave"},
{"name":"ModelAdvance", "ph":"E", "ts":"1863994114", "pid":"1", "tid":"wave"},
{"name":"ModelSetRunClock", "ph":"B", "ts":"1865996125", "pid":"1", "tid":"wave"},
{"name":"ModelSetRunClock", "ph":"E", "ts":"1865996159", "pid":"1", "tid":"wave"},
{"name":"ModelAdvance", "ph":"B", "ts":"1865996232", "pid":"1", "tid":"wave"},
{"name":"ModelAdvance", "ph":"E", "ts":"1873790408", "pid":"1", "tid":"wave"},
{"name":"ModelSetRunClock", "ph":"B", "ts":"1875739266", "pid":"1", "tid":"wave"},
{"name":"ModelSetRunClock", "ph":"E", "ts":"1875739323", "pid":"1", "tid":"wave"},
{"name":"ModelAdvance", "ph":"B", "ts":"1875739396", "pid":"1", "tid":"wave"},
{"name":"ModelAdvance", "ph":"E", "ts":"1885706655", "pid":"1", "tid":"wave"},
{"name":"ModelSetRunClock", "ph":"B", "ts":"1887743275", "pid":"1", "tid":"wave"},
{"name":"ModelSetRunClock", "ph":"E", "ts":"1887743310", "pid":"1", "tid":"wave"},
{"name":"ModelAdvance", "ph":"B", "ts":"1887743383", "pid":"1", "tid":"wave"},
{"name":"ModelAdvance", "ph":"E", "ts":"1895573395", "pid":"1", "tid":"wave"},
{"name":"ModelSetRunClock", "ph":"B", "ts":"1897502589", "pid":"1", "tid":"wave"},
{"name":"ModelSetRunClock", "ph":"E", "ts":"1897502647", "pid":"1", "tid":"wave"},
{"name":"ModelAdvance", "ph":"B", "ts":"1897502721", "pid":"1", "tid":"wave"},
{"name":"ModelAdvance", "ph":"E", "ts":"1906163468", "pid":"1", "tid":"wave"},
{"name":"ModelSetRunClock", "ph":"B", "ts":"1908218795", "pid":"1", "tid":"wave"},
{"name":"ModelSetRunClock", "ph":"E", "ts":"1908218831", "pid":"1", "tid":"wave"},
{"name":"ModelAdvance", "ph":"B", "ts":"1908218914", "pid":"1", "tid":"wave"},
{"name":"ModelAdvance", "ph":"E", "ts":"1916077964", "pid":"1", "tid":"wave"},
{"name":"ModelSetRunClock", "ph":"B", "ts":"1917958340", "pid":"1", "tid":"wave"},
{"name":"ModelSetRunClock", "ph":"E", "ts":"1917958397", "pid":"1", "tid":"wave"},
{"name":"ModelAdvance", "ph":"B", "ts":"1917958476", "pid":"1", "tid":"wave"},
{"name":"ModelAdvance", "ph":"E", "ts":"1927960279", "pid":"1", "tid":"wave"},
{"name":"ModelSetRunClock", "ph":"B", "ts":"1930002017", "pid":"1", "tid":"wave"},
{"name":"ModelSetRunClock", "ph":"E", "ts":"1930002056", "pid":"1", "tid":"wave"},
{"name":"ModelAdvance", "ph":"B", "ts":"1930002136", "pid":"1", "tid":"wave"},
{"name":"ModelAdvance", "ph":"E", "ts":"1937785332", "pid":"1", "tid":"wave"},
{"name":"ModelSetRunClock", "ph":"B", "ts":"1939758796", "pid":"1", "tid":"wave"},
{"name":"ModelSetRunClock", "ph":"E", "ts":"1939759041", "pid":"1", "tid":"wave"},
{"name":"ModelAdvance", "ph":"B", "ts":"1939759349", "pid":"1", "tid":"wave"},
{"name":"ModelAdvance", "ph":"E", "ts":"1948714459", "pid":"1", "tid":"wave"},
{"name":"ModelSetRunClock", "ph":"B", "ts":"1950707393", "pid":"1", "tid":"wave"},
{"name":"ModelSetRunClock", "ph":"E", "ts":"1950707433", "pid":"1", "tid":"wave"},
{"name":"ModelAdvance", "ph":"B", "ts":"1950707506", "pid":"1", "tid":"wave"},
{"name":"ModelAdvance", "ph":"E", "ts":"1958411389", "pid":"1", "tid":"wave"},
{"name":"ModelSetRunClock", "ph":"B", "ts":"1961099164", "pid":"1", "tid":"wave"},
{"name":"ModelSetRunClock", "ph":"E", "ts":"1961099220", "pid":"1", "tid":"wave"},
{"name":"ModelAdvance", "ph":"B", "ts":"1961099295", "pid":"1", "tid":"wave"},
{"name":"ModelAdvance", "ph":"E", "ts":"1969022184", "pid":"1", "tid":"wave"},
{"name":"ModelSetRunClock", "ph":"B", "ts":"1972032422", "pid":"1", "tid":"wave"},
{"name":"ModelSetRunClock", "ph":"E", "ts":"1972032632", "pid":"1", "tid":"wave"},
{"name":"ModelAdvance", "ph":"B", "ts":"1972032811", "pid":"1", "tid":"wave"},
{"name":"ModelAdvance", "ph":"E", "ts":"1979663468", "pid":"1", "tid":"wave"},
{"name":"ModelSetRunClock", "ph":"B", "ts":"1981520798", "pid":"1", "tid":"wave"},
{"name":"ModelSetRunClock", "ph":"E", "ts":"1981520857", "pid":"1", "tid":"wave"},
{"name":"ModelAdvance", "ph":"B", "ts":"1981520943", "pid":"1", "tid":"wave"},
{"name":"ModelAdvance", "ph":"E", "ts":"1990004230", "pid":"1", "tid":"wave"},
{"name":"ModelSetRunClock", "ph":"B", "ts":"1992931344", "pid":"1", "tid":"wave"},
{"name":"ModelSetRunClock", "ph":"E", "ts":"1992931394", "pid":"1", "tid":"wave"},
{"name":"ModelAdvance", "ph":"B", "ts":"1992931473", "pid":"1", "tid":"wave"},
{"name":"ModelAdvance", "ph":"E", "ts":"2000507671", "pid":"1", "tid":"wave"},
{"name":"ModelSetRunClock", "ph":"B", "ts":"2002338397", "pid":"1", "tid":"wave"},
{"name":"ModelSetRunClock", "ph":"E", "ts":"2002338539", "pid":"1", "tid":"wave"},
{"name":"ModelAdvance", "ph":"B", "ts":"2002338628", "pid":"1", "tid":"wave"},
{"name":"ModelAdvance", "ph":"E", "ts":"2011137530", "pid":"1", "tid":"wave"},
{"name":"ModelSetRunClock", "ph":"B", "ts":"2013757830", "pid":"1", "tid":"wave"},
{"name":"ModelSetRunClock", "ph":"E", "ts":"2013757893", "pid":"1", "tid":"wave"},
{"name":"ModelAdvance", "ph":"B", "ts":"2013757989", "pid":"1", "tid":"wave"},
{"name":"ModelAdvance", "ph":"E", "ts":"2021217949", "pid":"1", "tid":"wave"},
{"name":"ModelSetRunClock", "ph":"B", "ts":"2023081794", "pid":"1", "tid":"wave"},
{"name":"ModelSetRunClock", "ph":"E", "ts":"2023081858", "pid":"1", "tid":"wave"},
{"name":"ModelAdvance", "ph":"B", "ts":"2023081944", "pid":"1", "tid":"wave"},
{"name":"ModelAdvance", "ph":"E", "ts":"2032195268", "pid":"1", "tid":"wave"},
{"name":"ModelSetRunClock", "ph":"B", "ts":"2034376980", "pid":"1", "tid":"wave"},
{"name":"ModelSetRunClock", "ph":"E", "ts":"2034377028", "pid":"1", "tid":"wave"},
{"name":"ModelAdvance", "ph":"B", "ts":"2034377107", "pid":"1", "tid":"wave"},
{"name":"ModelAdvance", "ph":"E", "ts":"2041765750", "pid":"1", "tid":"wave"},
{"name":"ModelSetRunClock", "ph":"B", "ts":"2043683374", "pid":"1", "tid":"wave"},
{"name":"ModelSetRunClock", "ph":"E", "ts":"2043683453", "pid":"1", "tid":"wave"},
{"name":"ModelAdvance", "ph":"B", "ts":"2043683562", "pid":"1", "tid":"wave"},
{"name":"ModelAdvance", "ph":"E", "ts":"2055087033", "pid":"1", "tid":"wave"},
{"name":"ModelSetRunClock", "ph":"B", "ts":"2056921415", "pid":"1", "tid":"wave"},
{"name":"ModelSetRunClock", "ph":"E", "ts":"2056921467", "pid":"1", "tid":"wave"},
{"name":"ModelAdvance", "ph":"B", "ts":"2056921556", "pid":"1", "tid":"wave"},
{"name":"ModelAdvance", "ph":"E", "ts":"2064289803", "pid":"1", "tid":"wave"},
{"name":"ModelSetRunClock", "ph":"B", "ts":"2066135081", "pid":"1", "tid":"wave"},
{"name":"ModelSetRunClock", "ph":"E", "ts":"2066135188", "pid":"1", "tid":"wave"},
{"name":"ModelAdvance", "ph":"B", "ts":"2066135347", "pid":"1", "tid":"wave"},
{"name":"ModelAdvance", "ph":"E", "ts":"2075018777", "pid":"1", "tid":"wave"},
{"name":"ModelSetRunClock", "ph":"B", "ts":"2081366713", "pid":"1", "tid":"wave"},
{"name":"ModelSetRunClock", "ph":"E", "ts":"2081366876", "pid":"1", "tid":"wave"},
{"name":"ModelAdvance", "ph":"B", "ts":"2081366974", "pid":"1", "tid":"wave"},
{"name":"ModelAdvance", "ph":"E", "ts":"2088719552", "pid":"1", "tid":"wave"},
{"name":"ModelSetRunClock", "ph":"B", "ts":"2092088952", "pid":"1", "tid":"wave"},
{"name":"ModelSetRunClock", "ph":"E", "ts":"2092089013", "pid":"1", "tid":"wave"},
{"name":"ModelAdvance", "ph":"B", "ts":"2092089096", "pid":"1", "tid":"wave"},
{"name":"ModelAdvance", "ph":"E", "ts":"2101999847", "pid":"1", "tid":"wave"},
{"name":"ModelSetRunClock", "ph":"B", "ts":"2105479758", "pid":"1", "tid":"wave"},
{"name":"ModelSetRunClock", "ph":"E", "ts":"2105479800", "pid":"1", "tid":"wave"},
{"name":"ModelAdvance", "ph":"B", "ts":"2105479877", "pid":"1", "tid":"wave"},
{"name":"ModelAdvance", "ph":"E", "ts":"2112835094", "pid":"1", "tid":"wave"},
{"name":"ModelSetRunClock", "ph":"B", "ts":"2115068787", "pid":"1", "tid":"wave"},
{"name":"ModelSetRunClock", "ph":"E", "ts":"2115068866", "pid":"1", "tid":"wave"},
{"name":"ModelAdvance", "ph":"B", "ts":"2115068987", "pid":"1", "tid":"wave"},
{"name":"ModelAdvance", "ph":"E", "ts":"2123298476", "pid":"1", "tid":"wave"},
{"name":"ModelSetRunClock", "ph":"B", "ts":"2125969366", "pid":"1", "tid":"wave"},
{"name":"ModelSetRunClock", "ph":"E", "ts":"2125969407", "pid":"1", "tid":"wave"},
{"name":"ModelAdvance", "ph":"B", "ts":"2125969488", "pid":"1", "tid":"wave"},
{"name":"ModelAdvance", "ph":"E", "ts":"2133289097", "pid":"1", "tid":"wave"},
{"name":"ModelSetRunClock", "ph":"B", "ts":"2135136702", "pid":"1", "tid":"wave"},
{"name":"ModelSetRunClock", "ph":"E", "ts":"2135136770", "pid":"1", "tid":"wave"},
{"name":"ModelAdvance", "ph":"B", "ts":"2135136853", "pid":"1", "tid":"wave"},
{"name":"ModelAdvance", "ph":"E", "ts":"2143555964", "pid":"1", "tid":"wave"},
{"name":"ModelSetRunClock", "ph":"B", "ts":"2146478894", "pid":"1", "tid":"wave"},
{"name":"ModelSetRunClock", "ph":"E", "ts":"2146479116", "pid":"1", "tid":"wave"},
{"name":"ModelAdvance", "ph":"B", "ts":"2146479300", "pid":"1", "tid":"wave"},
{"name":"ModelAdvance", "ph":"E", "ts":"2153592638", "pid":"1", "tid":"wave"},
{"name":"ModelSetRunClock", "ph":"B", "ts":"2155491265", "pid":"1", "tid":"wave"},
{"name":"ModelSetRunClock", "ph":"E", "ts":"2155491327", "pid":"1", "tid":"wave"},
{"name":"ModelAdvance", "ph":"B", "ts":"2155491407", "pid":"1", "tid":"wave"},
{"name":"ModelAdvance", "ph":"E", "ts":"2163713600", "pid":"1", "tid":"wave"},
{"name":"ModelSetRunClock", "ph":"B", "ts":"2173829008", "pid":"1", "tid":"wave"},
{"name":"ModelSetRunClock", "ph":"E", "ts":"2173829056", "pid":"1", "tid":"wave"},
{"name":"ModelAdvance", "ph":"B", "ts":"2173829131", "pid":"1", "tid":"wave"},
{"name":"ModelAdvance", "ph":"E", "ts":"2180837800", "pid":"1", "tid":"wave"},
{"name":"ModelSetRunClock", "ph":"B", "ts":"2182654890", "pid":"1", "tid":"wave"},
{"name":"ModelSetRunClock", "ph":"E", "ts":"2182654990", "pid":"1", "tid":"wave"},
{"name":"ModelAdvance", "ph":"B", "ts":"2182655100", "pid":"1", "tid":"wave"},
{"name":"ModelAdvance", "ph":"E", "ts":"2190776068", "pid":"1", "tid":"wave"},
{"name":"ModelSetRunClock", "ph":"B", "ts":"2193621939", "pid":"1", "tid":"wave"},
{"name":"ModelSetRunClock", "ph":"E", "ts":"2193621978", "pid":"1", "tid":"wave"},
{"name":"ModelAdvance", "ph":"B", "ts":"2193622049", "pid":"1", "tid":"wave"},
{"name":"ModelAdvance", "ph":"E", "ts":"2200602738", "pid":"1", "tid":"wave"},
{"name":"ModelSetRunClock", "ph":"B", "ts":"2202286118", "pid":"1", "tid":"wave"},
{"name":"ModelSetRunClock", "ph":"E", "ts":"2202286177", "pid":"1", "tid":"wave"},
{"name":"ModelAdvance", "ph":"B", "ts":"2202286252", "pid":"1", "tid":"wave"},
{"name":"ModelAdvance", "ph":"E", "ts":"2210349199", "pid":"1", "tid":"wave"},
{"name":"ModelSetRunClock", "ph":"B", "ts":"2223093065", "pid":"1", "tid":"wave"},
{"name":"ModelSetRunClock", "ph":"E", "ts":"2223093239", "pid":"1", "tid":"wave"},
{"name":"ModelAdvance", "ph":"B", "ts":"2223093326", "pid":"1", "tid":"wave"},
{"name":"ModelAdvance", "ph":"E", "ts":"2253141432", "pid":"1", "tid":"wave"},
{"name":"ModelSetRunClock", "ph":"B", "ts":"2293916338", "pid":"1", "tid":"wave"},
{"name":"ModelSetRunClock", "ph":"E", "ts":"2293916528", "pid":"1", "tid":"wave"},
{"name":"ModelAdvance", "ph":"B", "ts":"2293916640", "pid":"1", "tid":"wave"},
{"name":"ModelAdvance", "ph":"E", "ts":"2300679342", "pid":"1", "tid":"wave"},
{"name":"ModelSetRunClock", "ph":"B", "ts":"2304843811", "pid":"1", "tid":"wave"},
{"name":"ModelSetRunClock", "ph":"E", "ts":"2304843869", "pid":"1", "tid":"wave"},
{"name":"ModelAdvance", "ph":"B", "ts":"2304843972", "pid":"1", "tid":"wave"},
{"name":"ModelAdvance", "ph":"E", "ts":"2311655482", "pid":"1", "tid":"wave"},
{"name":"ModelSetRunClock", "ph":"B", "ts":"2313189560", "pid":"1", "tid":"wave"},
{"name":"ModelSetRunClock", "ph":"E", "ts":"2313189621", "pid":"1", "tid":"wave"},
{"name":"ModelAdvance", "ph":"B", "ts":"2313189712", "pid":"1", "tid":"wave"},
{"name":"ModelAdvance", "ph":"E", "ts":"2321782359", "pid":"1", "tid":"wave"},
{"name":"ModelSetRunClock", "ph":"B", "ts":"2324745717", "pid":"1", "tid":"wave"},
{"name":"ModelSetRunClock", "ph":"E", "ts":"2324745761", "pid":"1", "tid":"wave"},
{"name":"ModelAdvance", "ph":"B", "ts":"2324745847", "pid":"1", "tid":"wave"},
{"name":"ModelAdvance", "ph":"E", "ts":"2331662898", "pid":"1", "tid":"wave"},
{"name":"ModelSetRunClock", "ph":"B", "ts":"2335617062", "pid":"1", "tid":"wave"},
{"name":"ModelSetRunClock", "ph":"E", "ts":"2335617127", "pid":"1", "tid":"wave"},
{"name":"ModelAdvance", "ph":"B", "ts":"2335617204", "pid":"1", "tid":"wave"},
{"name":"ModelAdvance", "ph":"E", "ts":"2342696409", "pid":"1", "tid":"wave"},
{"name":"ModelSetRunClock", "ph":"B", "ts":"2346213545", "pid":"1", "tid":"wave"},
{"name":"ModelSetRunClock", "ph":"E", "ts":"2346213589", "pid":"1", "tid":"wave"},
{"name":"ModelAdvance", "ph":"B", "ts":"2346213676", "pid":"1", "tid":"wave"},
