{"name":"SetServices", "ph":"B", "ts":"143027313", "pid":"1", "tid":"mom"},
{"name":"SetServices", "ph":"E", "ts":"143030011", "pid":"1", "tid":"mom"},
{"name":"InitializeP0", "ph":"B", "ts":"144183446", "pid":"1", "tid":"mom"},
{"name":"InitializeP0", "ph":"E", "ts":"144184009", "pid":"1", "tid":"mom"},
{"name":"InitializeAdvertise", "ph":"B", "ts":"178149274", "pid":"1", "tid":"mom"},
{"name":"InitializeAdvertise", "ph":"E", "ts":"261967948", "pid":"1", "tid":"mom"},
{"name":"InitializeRealize", "ph":"B", "ts":"398156504", "pid":"1", "tid":"mom"},
{"name":"InitializeRealize", "ph":"E", "ts":"403495495", "pid":"1", "tid":"mom"},
{"name":"DataInitialize", "ph":"B", "ts":"438125955", "pid":"1", "tid":"mom"},
{"name":"DataInitialize", "ph":"E", "ts":"438127088", "pid":"1", "tid":"mom"},
{"name":"ModelSetRunClock", "ph":"B", "ts":"466669399", "pid":"1", "tid":"mom"},
{"name":"ModelSetRunClock", "ph":"E", "ts":"466678394", "pid":"1", "tid":"mom"},
{"name":"ModelAdvance", "ph":"B", "ts":"466678562", "pid":"1", "tid":"mom"},
{"name":"ModelAdvance", "ph":"E", "ts":"473528243", "pid":"1", "tid":"mom"},
{"name":"ModelSetRunClock", "ph":"B", "ts":"480270672", "pid":"1", "tid":"mom"},
{"name":"ModelSetRunClock", "ph":"E", "ts":"480270738", "pid":"1", "tid":"mom"},
{"name":"ModelAdvance", "ph":"B", "ts":"480270914", "pid":"1", "tid":"mom"},
{"name":"ModelAdvance", "ph":"E", "ts":"486509583", "pid":"1", "tid":"mom"},
{"name":"ModelSetRunClock", "ph":"B", "ts":"495374467", "pid":"1", "tid":"mom"},
{"name":"ModelSetRunClock", "ph":"E", "ts":"495374643", "pid":"1", "tid":"mom"},
{"name":"ModelAdvance", "ph":"B", "ts":"495374806", "pid":"1", "tid":"mom"},
{"name":"ModelAdvance", "ph":"E", "ts":"503423523", "pid":"1", "tid":"mom"},
{"name":"ModelSetRunClock", "ph":"B", "ts":"514263052", "pid":"1", "tid":"mom"},
{"name":"ModelSetRunClock", "ph":"E", "ts":"514263125", "pid":"1", "tid":"mom"},
{"name":"ModelAdvance", "ph":"B", "ts":"514263299", "pid":"1", "tid":"mom"},
{"name":"ModelAdvance", "ph":"E", "ts":"520541472", "pid":"1", "tid":"mom"},
{"name":"ModelSetRunClock", "ph":"B", "ts":"533685857", "pid":"1", "tid":"mom"},
{"name":"ModelSetRunClock", "ph":"E", "ts":"533686060", "pid":"1", "tid":"mom"},
{"name":"ModelAdvance", "ph":"B", "ts":"533686226", "pid":"1", "tid":"mom"},
{"name":"ModelAdvance", "ph":"E", "ts":"541810839", "pid":"1", "tid":"mom"},
{"name":"ModelSetRunClock", "ph":"B", "ts":"550594125", "pid":"1", "tid":"mom"},
{"name":"ModelSetRunClock", "ph":"E", "ts":"550594202", "pid":"1", "tid":"mom"},
{"name":"ModelAdvance", "ph":"B", "ts":"550594380", "pid":"1", "tid":"mom"},
{"name":"ModelAdvance", "ph":"E", "ts":"556940940", "pid":"1", "tid":"mom"},
{"name":"ModelSetRunClock", "ph":"B", "ts":"574572668", "pid":"1", "tid":"mom"},
{"name":"ModelSetRunClock", "ph":"E", "ts":"574572744", "pid":"1", "tid":"mom"},
{"name":"ModelAdvance", "ph":"B", "ts":"574572930", "pid":"1", "tid":"mom"},
{"name":"ModelAdvance", "ph":"E", "ts":"580823137", "pid":"1", "tid":"mom"},
{"name":"ModelSetRunClock", "ph":"B", "ts":"585474965", "pid":"1", "tid":"mom"},
{"name":"ModelSetRunClock", "ph":"E", "ts":"585475031", "pid":"1", "tid":"mom"},
{"name":"ModelAdvance", "ph":"B", "ts":"585475191", "pid":"1", "tid":"mom"},
{"name":"ModelAdvance", "ph":"E", "ts":"591767152", "pid":"1", "tid":"mom"},
{"name":"ModelSetRunClock", "ph":"B", "ts":"596690954", "pid":"1", "tid":"mom"},
{"name":"ModelSetRunClock", "ph":"E", "ts":"596691013", "pid":"1", "tid":"mom"},
{"name":"ModelAdvance", "ph":"B", "ts":"596691168", "pid":"1", "tid":"mom"},
{"name":"ModelAdvance", "ph":"E", "ts":"604470998", "pid":"1", "tid":"mom"},
{"name":"ModelSetRunClock", "ph":"B", "ts":"608574376", "pid":"1", "tid":"mom"},
{"name":"ModelSetRunClock", "ph":"E", "ts":"608574438", "pid":"1", "tid":"mom"},
{"name":"ModelAdvance", "ph":"B", "ts":"608574597", "pid":"1", "tid":"mom"},
{"name":"ModelAdvance", "ph":"E", "ts":"614909650", "pid":"1", "tid":"mom"},
{"name":"ModelSetRunClock", "ph":"B", "ts":"619510970", "pid":"1", "tid":"mom"},
{"name":"ModelSetRunClock", "ph":"E", "ts":"619511150", "pid":"1", "tid":"mom"},
{"name":"ModelAdvance", "ph":"B", "ts":"619511347", "pid":"1", "tid":"mom"},
{"name":"ModelAdvance", "ph":"E", "ts":"627966980", "pid":"1", "tid":"mom"},
{"name":"ModelSetRunClock", "ph":"B", "ts":"631755075", "pid":"1", "tid":"mom"},
{"name":"ModelSetRunClock", "ph":"E", "ts":"631755155", "pid":"1", "tid":"mom"},
{"name":"ModelAdvance", "ph":"B", "ts":"631755348", "pid":"1", "tid":"mom"},
{"name":"ModelAdvance", "ph":"E", "ts":"637986635", "pid":"1", "tid":"mom"},
{"name":"ModelSetRunClock", "ph":"B", "ts":"642904133", "pid":"1", "tid":"mom"},
{"name":"ModelSetRunClock", "ph":"E", "ts":"642904192", "pid":"1", "tid":"mom"},
{"name":"ModelAdvance", "ph":"B", "ts":"642904373", "pid":"1", "tid":"mom"},
{"name":"ModelAdvance", "ph":"E", "ts":"651178617", "pid":"1", "tid":"mom"},
{"name":"ModelSetRunClock", "ph":"B", "ts":"655283145", "pid":"1", "tid":"mom"},
{"name":"ModelSetRunClock", "ph":"E", "ts":"655283223", "pid":"1", "tid":"mom"},
{"name":"ModelAdvance", "ph":"B", "ts":"655283403", "pid":"1", "tid":"mom"},
{"name":"ModelAdvance", "ph":"E", "ts":"661429171", "pid":"1", "tid":"mom"},
{"name":"ModelSetRunClock", "ph":"B", "ts":"666128129", "pid":"1", "tid":"mom"},
{"name":"ModelSetRunClock", "ph":"E", "ts":"666128191", "pid":"1", "tid":"mom"},
{"name":"ModelAdvance", "ph":"B", "ts":"666128370", "pid":"1", "tid":"mom"},
{"name":"ModelAdvance", "ph":"E", "ts":"675523259", "pid":"1", "tid":"mom"},
{"name":"ModelSetRunClock", "ph":"B", "ts":"679510680", "pid":"1", "tid":"mom"},
{"name":"ModelSetRunClock", "ph":"E", "ts":"679510770", "pid":"1", "tid":"mom"},
{"name":"ModelAdvance", "ph":"B", "ts":"679510977", "pid":"1", "tid":"mom"},
{"name":"ModelAdvance", "ph":"E", "ts":"685643327", "pid":"1", "tid":"mom"},
{"name":"ModelSetRunClock", "ph":"B", "ts":"690282684", "pid":"1", "tid":"mom"},
{"name":"ModelSetRunClock", "ph":"E", "ts":"690282741", "pid":"1", "tid":"mom"},
{"name":"ModelAdvance", "ph":"B", "ts":"690282903", "pid":"1", "tid":"mom"},
{"name":"ModelAdvance", "ph":"E", "ts":"697902859", "pid":"1", "tid":"mom"},
{"name":"ModelSetRunClock", "ph":"B", "ts":"702026376", "pid":"1", "tid":"mom"},
{"name":"ModelSetRunClock", "ph":"E", "ts":"702026439", "pid":"1", "tid":"mom"},
{"name":"ModelAdvance", "ph":"B", "ts":"702026615", "pid":"1", "tid":"mom"},
{"name":"ModelAdvance", "ph":"E", "ts":"708209343", "pid":"1", "tid":"mom"},
{"name":"ModelSetRunClock", "ph":"B", "ts":"717026182", "pid":"1", "tid":"mom"},
{"name":"ModelSetRunClock", "ph":"E", "ts":"717026494", "pid":"1", "tid":"mom"},
{"name":"ModelAdvance", "ph":"B", "ts":"717026687", "pid":"1", "tid":"mom"},
{"name":"ModelAdvance", "ph":"E", "ts":"727054276", "pid":"1", "tid":"mom"},
{"name":"ModelSetRunClock", "ph":"B", "ts":"727075640", "pid":"1", "tid":"mom"},
{"name":"ModelSetRunClock", "ph":"E", "ts":"727075711", "pid":"1", "tid":"mom"},
{"name":"ModelAdvance", "ph":"B", "ts":"727075879", "pid":"1", "tid":"mom"},
{"name":"ModelAdvance", "ph":"E", "ts":"733155406", "pid":"1", "tid":"mom"},
{"name":"ModelSetRunClock", "ph":"B", "ts":"737580483", "pid":"1", "tid":"mom"},
{"name":"ModelSetRunClock", "ph":"E", "ts":"737580542", "pid":"1", "tid":"mom"},
{"name":"ModelAdvance", "ph":"B", "ts":"737580701", "pid":"1", "tid":"mom"},
{"name":"ModelAdvance", "ph":"E", "ts":"747275357", "pid":"1", "tid":"mom"},
{"name":"ModelSetRunClock", "ph":"B", "ts":"751142153", "pid":"1", "tid":"mom"},
{"name":"ModelSetRunClock", "ph":"E", "ts":"751142226", "pid":"1", "tid":"mom"},
{"name":"ModelAdvance", "ph":"B", "ts":"751142421", "pid":"1", "tid":"mom"},
{"name":"ModelAdvance", "ph":"E", "ts":"757203389", "pid":"1", "tid":"mom"},
{"name":"ModelSetRunClock", "ph":"B", "ts":"761512107", "pid":"1", "tid":"mom"},
{"name":"ModelSetRunClock", "ph":"E", "ts":"761512164", "pid":"1", "tid":"mom"},
{"name":"ModelAdvance", "ph":"B", "ts":"761512331", "pid":"1", "tid":"mom"},
{"name":"ModelAdvance", "ph":"E", "ts":"769755989", "pid":"1", "tid":"mom"},
{"name":"ModelSetRunClock", "ph":"B", "ts":"773639474", "pid":"1", "tid":"mom"},
{"name":"ModelSetRunClock", "ph":"E", "ts":"773639543", "pid":"1", "tid":"mom"},
{"name":"ModelAdvance", "ph":"B", "ts":"773639839", "pid":"1", "tid":"mom"},
{"name":"ModelAdvance", "ph":"E", "ts":"779773460", "pid":"1", "tid":"mom"},
{"name":"ModelSetRunClock", "ph":"B", "ts":"783971512", "pid":"1", "tid":"mom"},
{"name":"ModelSetRunClock", "ph":"E", "ts":"783971672", "pid":"1", "tid":"mom"},
{"name":"ModelAdvance", "ph":"B", "ts":"783971835", "pid":"1", "tid":"mom"},
{"name":"ModelAdvance", "ph":"E", "ts":"791922713", "pid":"1", "tid":"mom"},
{"name":"ModelSetRunClock", "ph":"B", "ts":"795717608", "pid":"1", "tid":"mom"},
{"name":"ModelSetRunClock", "ph":"E", "ts":"795717730", "pid":"1", "tid":"mom"},
{"name":"ModelAdvance", "ph":"B", "ts":"795717977", "pid":"1", "tid":"mom"},
{"name":"ModelAdvance", "ph":"E", "ts":"801746615", "pid":"1", "tid":"mom"},
{"name":"ModelSetRunClock", "ph":"B", "ts":"805973537", "pid":"1", "tid":"mom"},
{"name":"ModelSetRunClock", "ph":"E", "ts":"805973596", "pid":"1", "tid":"mom"},
{"name":"ModelAdvance", "ph":"B", "ts":"805973749", "pid":"1", "tid":"mom"},
{"name":"ModelAdvance", "ph":"E", "ts":"814796300", "pid":"1", "tid":"mom"},
{"name":"ModelSetRunClock", "ph":"B", "ts":"818493426", "pid":"1", "tid":"mom"},
{"name":"ModelSetRunClock", "ph":"E", "ts":"818493510", "pid":"1", "tid":"mom"},
{"name":"ModelAdvance", "ph":"B", "ts":"818493704", "pid":"1", "tid":"mom"},
{"name":"ModelAdvance", "ph":"E", "ts":"824525896", "pid":"1", "tid":"mom"},
{"name":"ModelSetRunClock", "ph":"B", "ts":"828564162", "pid":"1", "tid":"mom"},
{"name":"ModelSetRunClock", "ph":"E", "ts":"828564223", "pid":"1", "tid":"mom"},
{"name":"ModelAdvance", "ph":"B", "ts":"828564403", "pid":"1", "tid":"mom"},
{"name":"ModelAdvance", "ph":"E", "ts":"837574330", "pid":"1", "tid":"mom"},
{"name":"ModelSetRunClock", "ph":"B", "ts":"841212485", "pid":"1", "tid":"mom"},
{"name":"ModelSetRunClock", "ph":"E", "ts":"841212593", "pid":"1", "tid":"mom"},
{"name":"ModelAdvance", "ph":"B", "ts":"841212823", "pid":"1", "tid":"mom"},
{"name":"ModelAdvance", "ph":"E", "ts":"847319512", "pid":"1", "tid":"mom"},
{"name":"ModelSetRunClock", "ph":"B", "ts":"851378052", "pid":"1", "tid":"mom"},
{"name":"ModelSetRunClock", "ph":"E", "ts":"851378107", "pid":"1", "tid":"mom"},
{"name":"ModelAdvance", "ph":"B", "ts":"851378265", "pid":"1", "tid":"mom"},
{"name":"ModelAdvance", "ph":"E", "ts":"863346892", "pid":"1", "tid":"mom"},
{"name":"ModelSetRunClock", "ph":"B", "ts":"863368208", "pid":"1", "tid":"mom"},
{"name":"ModelSetRunClock", "ph":"E", "ts":"863368274", "pid":"1", "tid":"mom"},
{"name":"ModelAdvance", "ph":"B", "ts":"863368481", "pid":"1", "tid":"mom"},
{"name":"ModelAdvance", "ph":"E", "ts":"869395203", "pid":"1", "tid":"mom"},
{"name":"ModelSetRunClock", "ph":"B", "ts":"873421416", "pid":"1", "tid":"mom"},
{"name":"ModelSetRunClock", "ph":"E", "ts":"873421476", "pid":"1", "tid":"mom"},
{"name":"ModelAdvance", "ph":"B", "ts":"873421635", "pid":"1", "tid":"mom"},
{"name":"ModelAdvance", "ph":"E", "ts":"881590739", "pid":"1", "tid":"mom"},
{"name":"ModelSetRunClock", "ph":"B", "ts":"885198810", "pid":"1", "tid":"mom"},
{"name":"ModelSetRunClock", "ph":"E", "ts":"885198881", "pid":"1", "tid":"mom"},
{"name":"ModelAdvance", "ph":"B", "ts":"885199055", "pid":"1", "tid":"mom"},
{"name":"ModelAdvance", "ph":"E", "ts":"891238098", "pid":"1", "tid":"mom"},
{"name":"ModelSetRunClock", "ph":"B", "ts":"895243804", "pid":"1", "tid":"mom"},
{"name":"ModelSetRunClock", "ph":"E", "ts":"895243884", "pid":"1", "tid":"mom"},
{"name":"ModelAdvance", "ph":"B", "ts":"895244054", "pid":"1", "tid":"mom"},
{"name":"ModelAdvance", "ph":"E", "ts":"902910690", "pid":"1", "tid":"mom"},
{"name":"ModelSetRunClock", "ph":"B", "ts":"906431755", "pid":"1", "tid":"mom"},
{"name":"ModelSetRunClock", "ph":"E", "ts":"906431991", "pid":"1", "tid":"mom"},
{"name":"ModelAdvance", "ph":"B", "ts":"906432176", "pid":"1", "tid":"mom"},
{"name":"ModelAdvance", "ph":"E", "ts":"912588545", "pid":"1", "tid":"mom"},
{"name":"ModelSetRunClock", "ph":"B", "ts":"916418673", "pid":"1", "tid":"mom"},
{"name":"ModelSetRunClock", "ph":"E", "ts":"916418730", "pid":"1", "tid":"mom"},
{"name":"ModelAdvance", "ph":"B", "ts":"916419001", "pid":"1", "tid":"mom"},
{"name":"ModelAdvance", "ph":"E", "ts":"924337249", "pid":"1", "tid":"mom"},
{"name":"ModelSetRunClock", "ph":"B", "ts":"927925061", "pid":"1", "tid":"mom"},
{"name":"ModelSetRunClock", "ph":"E", "ts":"927925165", "pid":"1", "tid":"mom"},
{"name":"ModelAdvance", "ph":"B", "ts":"927925376", "pid":"1", "tid":"mom"},
{"name":"ModelAdvance", "ph":"E", "ts":"933983612", "pid":"1", "tid":"mom"},
{"name":"ModelSetRunClock", "ph":"B", "ts":"937948163", "pid":"1", "tid":"mom"},
{"name":"ModelSetRunClock", "ph":"E", "ts":"937948325", "pid":"1", "tid":"mom"},
{"name":"ModelAdvance", "ph":"B", "ts":"937948494", "pid":"1", "tid":"mom"},
{"name":"ModelAdvance", "ph":"E", "ts":"947044413", "pid":"1", "tid":"mom"},
{"name":"ModelSetRunClock", "ph":"B", "ts":"950600387", "pid":"1", "tid":"mom"},
{"name":"ModelSetRunClock", "ph":"E", "ts":"950600460", "pid":"1", "tid":"mom"},
{"name":"ModelAdvance", "ph":"B", "ts":"950600633", "pid":"1", "tid":"mom"},
{"name":"ModelAdvance", "ph":"E", "ts":"956649960", "pid":"1", "tid":"mom"},
{"name":"ModelSetRunClock", "ph":"B", "ts":"960555357", "pid":"1", "tid":"mom"},
{"name":"ModelSetRunClock", "ph":"E", "ts":"960555418", "pid":"1", "tid":"mom"},
{"name":"ModelAdvance", "ph":"B", "ts":"960555576", "pid":"1", "tid":"mom"},
{"name":"ModelAdvance", "ph":"E", "ts":"969247885", "pid":"1", "tid":"mom"},
{"name":"ModelSetRunClock", "ph":"B", "ts":"972717386", "pid":"1", "tid":"mom"},
{"name":"ModelSetRunClock", "ph":"E", "ts":"972717720", "pid":"1", "tid":"mom"},
{"name":"ModelAdvance", "ph":"B", "ts":"972717947", "pid":"1", "tid":"mom"},
{"name":"ModelAdvance", "ph":"E", "ts":"978857407", "pid":"1", "tid":"mom"},
{"name":"ModelSetRunClock", "ph":"B", "ts":"988137575", "pid":"1", "tid":"mom"},
{"name":"ModelSetRunClock", "ph":"E", "ts":"988137640", "pid":"1", "tid":"mom"},
{"name":"ModelAdvance", "ph":"B", "ts":"988137803", "pid":"1", "tid":"mom"},
{"name":"ModelAdvance", "ph":"E", "ts":"998435765", "pid":"1", "tid":"mom"},
{"name":"ModelSetRunClock", "ph":"B", "ts":"1007836620", "pid":"1", "tid":"mom"},
{"name":"ModelSetRunClock", "ph":"E", "ts":"1007836852", "pid":"1", "tid":"mom"},
{"name":"ModelAdvance", "ph":"B", "ts":"1007837045", "pid":"1", "tid":"mom"},
{"name":"ModelAdvance", "ph":"E", "ts":"1013900895", "pid":"1", "tid":"mom"},
{"name":"ModelSetRunClock", "ph":"B", "ts":"1017669031", "pid":"1", "tid":"mom"},
{"name":"ModelSetRunClock", "ph":"E", "ts":"1017669088", "pid":"1", "tid":"mom"},
{"name":"ModelAdvance", "ph":"B", "ts":"1017669243", "pid":"1", "tid":"mom"},
{"name":"ModelAdvance", "ph":"E", "ts":"1026036578", "pid":"1", "tid":"mom"},
{"name":"ModelSetRunClock", "ph":"B", "ts":"1029348735", "pid":"1", "tid":"mom"},
{"name":"ModelSetRunClock", "ph":"E", "ts":"1029348809", "pid":"1", "tid":"mom"},
{"name":"ModelAdvance", "ph":"B", "ts":"1029348978", "pid":"1", "tid":"mom"},
{"name":"ModelAdvance", "ph":"E", "ts":"1035459005", "pid":"1", "tid":"mom"},
{"name":"ModelSetRunClock", "ph":"B", "ts":"1039137232", "pid":"1", "tid":"mom"},
{"name":"ModelSetRunClock", "ph":"E", "ts":"1039137291", "pid":"1", "tid":"mom"},
{"name":"ModelAdvance", "ph":"B", "ts":"1039137453", "pid":"1", "tid":"mom"},
{"name":"ModelAdvance", "ph":"E", "ts":"1047978779", "pid":"1", "tid":"mom"},
{"name":"ModelSetRunClock", "ph":"B", "ts":"1051259867", "pid":"1", "tid":"mom"},
{"name":"ModelSetRunClock", "ph":"E", "ts":"1051259951", "pid":"1", "tid":"mom"},
{"name":"ModelAdvance", "ph":"B", "ts":"1051260150", "pid":"1", "tid":"mom"},
{"name":"ModelAdvance", "ph":"E", "ts":"1057438744", "pid":"1", "tid":"mom"},
{"name":"ModelSetRunClock", "ph":"B", "ts":"1060999784", "pid":"1", "tid":"mom"},
{"name":"ModelSetRunClock", "ph":"E", "ts":"1060999840", "pid":"1", "tid":"mom"},
{"name":"ModelAdvance", "ph":"B", "ts":"1060999999", "pid":"1", "tid":"mom"},
{"name":"ModelAdvance", "ph":"E", "ts":"1069261183", "pid":"1", "tid":"mom"},
{"name":"ModelSetRunClock", "ph":"B", "ts":"1072480599", "pid":"1", "tid":"mom"},
{"name":"ModelSetRunClock", "ph":"E", "ts":"1072480838", "pid":"1", "tid":"mom"},
{"name":"ModelAdvance", "ph":"B", "ts":"1072481019", "pid":"1", "tid":"mom"},
{"name":"ModelAdvance", "ph":"E", "ts":"1078579254", "pid":"1", "tid":"mom"},
{"name":"ModelSetRunClock", "ph":"B", "ts":"1082214110", "pid":"1", "tid":"mom"},
{"name":"ModelSetRunClock", "ph":"E", "ts":"1082214167", "pid":"1", "tid":"mom"},
{"name":"ModelAdvance", "ph":"B", "ts":"1082214325", "pid":"1", "tid":"mom"},
{"name":"ModelAdvance", "ph":"E", "ts":"1090687452", "pid":"1", "tid":"mom"},
{"name":"ModelSetRunClock", "ph":"B", "ts":"1093931699", "pid":"1", "tid":"mom"},
{"name":"ModelSetRunClock", "ph":"E", "ts":"1093931776", "pid":"1", "tid":"mom"},
{"name":"ModelAdvance", "ph":"B", "ts":"1093931950", "pid":"1", "tid":"mom"},
{"name":"ModelAdvance", "ph":"E", "ts":"1099992773", "pid":"1", "tid":"mom"},
{"name":"ModelSetRunClock", "ph":"B", "ts":"1103722919", "pid":"1", "tid":"mom"},
{"name":"ModelSetRunClock", "ph":"E", "ts":"1103722979", "pid":"1", "tid":"mom"},
{"name":"ModelAdvance", "ph":"B", "ts":"1103723135", "pid":"1", "tid":"mom"},
{"name":"ModelAdvance", "ph":"E", "ts":"1112921636", "pid":"1", "tid":"mom"},
{"name":"ModelSetRunClock", "ph":"B", "ts":"1116289961", "pid":"1", "tid":"mom"},
{"name":"ModelSetRunClock", "ph":"E", "ts":"1116290025", "pid":"1", "tid":"mom"},
{"name":"ModelAdvance", "ph":"B", "ts":"1116290186", "pid":"1", "tid":"mom"},
{"name":"ModelAdvance", "ph":"E", "ts":"1122417063", "pid":"1", "tid":"mom"},
{"name":"ModelSetRunClock", "ph":"B", "ts":"1127393285", "pid":"1", "tid":"mom"},
{"name":"ModelSetRunClock", "ph":"E", "ts":"1127393337", "pid":"1", "tid":"mom"},
{"name":"ModelAdvance", "ph":"B", "ts":"1127393488", "pid":"1", "tid":"mom"},
{"name":"ModelAdvance", "ph":"E", "ts":"1138153330", "pid":"1", "tid":"mom"},
{"name":"ModelSetRunClock", "ph":"B", "ts":"1138171120", "pid":"1", "tid":"mom"},
{"name":"ModelSetRunClock", "ph":"E", "ts":"1138171192", "pid":"1", "tid":"mom"},
{"name":"ModelAdvance", "ph":"B", "ts":"1138171377", "pid":"1", "tid":"mom"},
{"name":"ModelAdvance", "ph":"E", "ts":"1144261505", "pid":"1", "tid":"mom"},
{"name":"ModelSetRunClock", "ph":"B", "ts":"1148134628", "pid":"1", "tid":"mom"},
{"name":"ModelSetRunClock", "ph":"E", "ts":"1148134688", "pid":"1", "tid":"mom"},
{"name":"ModelAdvance", "ph":"B", "ts":"1148134843", "pid":"1", "tid":"mom"},
{"name":"ModelAdvance", "ph":"E", "ts":"1155843931", "pid":"1", "tid":"mom"},
{"name":"ModelSetRunClock", "ph":"B", "ts":"1159340181", "pid":"1", "tid":"mom"},
{"name":"ModelSetRunClock", "ph":"E", "ts":"1159340260", "pid":"1", "tid":"mom"},
{"name":"ModelAdvance", "ph":"B", "ts":"1159340484", "pid":"1", "tid":"mom"},
{"name":"ModelAdvance", "ph":"E", "ts":"1165429100", "pid":"1", "tid":"mom"},
{"name":"ModelSetRunClock", "ph":"B", "ts":"1169349744", "pid":"1", "tid":"mom"},
{"name":"ModelSetRunClock", "ph":"E", "ts":"1169349939", "pid":"1", "tid":"mom"},
{"name":"ModelAdvance", "ph":"B", "ts":"1169350101", "pid":"1", "tid":"mom"},
{"name":"ModelAdvance", "ph":"E", "ts":"1177905346", "pid":"1", "tid":"mom"},
{"name":"ModelSetRunClock", "ph":"B", "ts":"1181465483", "pid":"1", "tid":"mom"},
{"name":"ModelSetRunClock", "ph":"E", "ts":"1181465580", "pid":"1", "tid":"mom"},
{"name":"ModelAdvance", "ph":"B", "ts":"1181465834", "pid":"1", "tid":"mom"},
{"name":"ModelAdvance", "ph":"E", "ts":"1187649921", "pid":"1", "tid":"mom"},
{"name":"ModelSetRunClock", "ph":"B", "ts":"1191515991", "pid":"1", "tid":"mom"},
{"name":"ModelSetRunClock", "ph":"E", "ts":"1191516043", "pid":"1", "tid":"mom"},
{"name":"ModelAdvance", "ph":"B", "ts":"1191516204", "pid":"1", "tid":"mom"},
{"name":"ModelAdvance", "ph":"E", "ts":"1199143728", "pid":"1", "tid":"mom"},
{"name":"ModelSetRunClock", "ph":"B", "ts":"1202710006", "pid":"1", "tid":"mom"},
{"name":"ModelSetRunClock", "ph":"E", "ts":"1202710089", "pid":"1", "tid":"mom"},
{"name":"ModelAdvance", "ph":"B", "ts":"1202710262", "pid":"1", "tid":"mom"},
{"name":"ModelAdvance", "ph":"E", "ts":"1208823803", "pid":"1", "tid":"mom"},
{"name":"ModelSetRunClock", "ph":"B", "ts":"1212810825", "pid":"1", "tid":"mom"},
{"name":"ModelSetRunClock", "ph":"E", "ts":"1212811018", "pid":"1", "tid":"mom"},
{"name":"ModelAdvance", "ph":"B", "ts":"1212811181", "pid":"1", "tid":"mom"},
{"name":"ModelAdvance", "ph":"E", "ts":"1220984878", "pid":"1", "tid":"mom"},
{"name":"ModelSetRunClock", "ph":"B", "ts":"1224629913", "pid":"1", "tid":"mom"},
{"name":"ModelSetRunClock", "ph":"E", "ts":"1224629980", "pid":"1", "tid":"mom"},
{"name":"ModelAdvance", "ph":"B", "ts":"1224630145", "pid":"1", "tid":"mom"},
{"name":"ModelAdvance", "ph":"E", "ts":"1230721165", "pid":"1", "tid":"mom"},
{"name":"ModelSetRunClock", "ph":"B", "ts":"1234819793", "pid":"1", "tid":"mom"},
{"name":"ModelSetRunClock", "ph":"E", "ts":"1234819853", "pid":"1", "tid":"mom"},
{"name":"ModelAdvance", "ph":"B", "ts":"1234820008", "pid":"1", "tid":"mom"},
{"name":"ModelAdvance", "ph":"E", "ts":"1245377303", "pid":"1", "tid":"mom"},
{"name":"ModelSetRunClock", "ph":"B", "ts":"1249133376", "pid":"1", "tid":"mom"},
{"name":"ModelSetRunClock", "ph":"E", "ts":"1249133443", "pid":"1", "tid":"mom"},
{"name":"ModelAdvance", "ph":"B", "ts":"1249133612", "pid":"1", "tid":"mom"},
{"name":"ModelAdvance", "ph":"E", "ts":"1255257803", "pid":"1", "tid":"mom"},
{"name":"ModelSetRunClock", "ph":"B", "ts":"1265109766", "pid":"1", "tid":"mom"},
{"name":"ModelSetRunClock", "ph":"E", "ts":"1265110064", "pid":"1", "tid":"mom"},
{"name":"ModelAdvance", "ph":"B", "ts":"1265110259", "pid":"1", "tid":"mom"},
{"name":"ModelAdvance", "ph":"E", "ts":"1276950134", "pid":"1", "tid":"mom"},
{"name":"ModelSetRunClock", "ph":"B", "ts":"1276972977", "pid":"1", "tid":"mom"},
{"name":"ModelSetRunClock", "ph":"E", "ts":"1276973050", "pid":"1", "tid":"mom"},
{"name":"ModelAdvance", "ph":"B", "ts":"1276973226", "pid":"1", "tid":"mom"},
{"name":"ModelAdvance", "ph":"E", "ts":"1283026235", "pid":"1", "tid":"mom"},
{"name":"ModelSetRunClock", "ph":"B", "ts":"1287377553", "pid":"1", "tid":"mom"},
{"name":"ModelSetRunClock", "ph":"E", "ts":"1287377612", "pid":"1", "tid":"mom"},
{"name":"ModelAdvance", "ph":"B", "ts":"1287377776", "pid":"1", "tid":"mom"},
{"name":"ModelAdvance", "ph":"E", "ts":"1295616689", "pid":"1", "tid":"mom"},
{"name":"ModelSetRunClock", "ph":"B", "ts":"1299494987", "pid":"1", "tid":"mom"},
{"name":"ModelSetRunClock", "ph":"E", "ts":"1299495072", "pid":"1", "tid":"mom"},
{"name":"ModelAdvance", "ph":"B", "ts":"1299495256", "pid":"1", "tid":"mom"},
{"name":"ModelAdvance", "ph":"E", "ts":"1305568101", "pid":"1", "tid":"mom"},
{"name":"ModelSetRunClock", "ph":"B", "ts":"1309869535", "pid":"1", "tid":"mom"},
{"name":"ModelSetRunClock", "ph":"E", "ts":"1309869591", "pid":"1", "tid":"mom"},
{"name":"ModelAdvance", "ph":"B", "ts":"1309869746", "pid":"1", "tid":"mom"},
{"name":"ModelAdvance", "ph":"E", "ts":"1317697982", "pid":"1", "tid":"mom"},
{"name":"ModelSetRunClock", "ph":"B", "ts":"1321603910", "pid":"1", "tid":"mom"},
{"name":"ModelSetRunClock", "ph":"E", "ts":"1321603998", "pid":"1", "tid":"mom"},
{"name":"ModelAdvance", "ph":"B", "ts":"1321604196", "pid":"1", "tid":"mom"},
{"name":"ModelAdvance", "ph":"E", "ts":"1327746942", "pid":"1", "tid":"mom"},
{"name":"ModelSetRunClock", "ph":"B", "ts":"1332046006", "pid":"1", "tid":"mom"},
{"name":"ModelSetRunClock", "ph":"E", "ts":"1332046059", "pid":"1", "tid":"mom"},
{"name":"ModelAdvance", "ph":"B", "ts":"1332046215", "pid":"1", "tid":"mom"},
{"name":"ModelAdvance", "ph":"E", "ts":"1339522315", "pid":"1", "tid":"mom"},
{"name":"ModelSetRunClock", "ph":"B", "ts":"1343456013", "pid":"1", "tid":"mom"},
{"name":"ModelSetRunClock", "ph":"E", "ts":"1343456088", "pid":"1", "tid":"mom"},
{"name":"ModelAdvance", "ph":"B", "ts":"1343456271", "pid":"1", "tid":"mom"},
{"name":"ModelAdvance", "ph":"E", "ts":"1349520236", "pid":"1", "tid":"mom"},
{"name":"ModelSetRunClock", "ph":"B", "ts":"1353882061", "pid":"1", "tid":"mom"},
{"name":"ModelSetRunClock", "ph":"E", "ts":"1353882115", "pid":"1", "tid":"mom"},
{"name":"ModelAdvance", "ph":"B", "ts":"1353882272", "pid":"1", "tid":"mom"},
{"name":"ModelAdvance", "ph":"E", "ts":"1362076657", "pid":"1", "tid":"mom"},
{"name":"ModelSetRunClock", "ph":"B", "ts":"1366100267", "pid":"1", "tid":"mom"},
{"name":"ModelSetRunClock", "ph":"E", "ts":"1366100363", "pid":"1", "tid":"mom"},
{"name":"ModelAdvance", "ph":"B", "ts":"1366100550", "pid":"1", "tid":"mom"},
{"name":"ModelAdvance", "ph":"E", "ts":"1372158937", "pid":"1", "tid":"mom"},
{"name":"ModelSetRunClock", "ph":"B", "ts":"1376669623", "pid":"1", "tid":"mom"},
{"name":"ModelSetRunClock", "ph":"E", "ts":"1376669684", "pid":"1", "tid":"mom"},
{"name":"ModelAdvance", "ph":"B", "ts":"1376669844", "pid":"1", "tid":"mom"},
{"name":"ModelAdvance", "ph":"E", "ts":"1384288875", "pid":"1", "tid":"mom"},
{"name":"ModelSetRunClock", "ph":"B", "ts":"1388405264", "pid":"1", "tid":"mom"},
{"name":"ModelSetRunClock", "ph":"E", "ts":"1388405345", "pid":"1", "tid":"mom"},
{"name":"ModelAdvance", "ph":"B", "ts":"1388405546", "pid":"1", "tid":"mom"},
{"name":"ModelAdvance", "ph":"E", "ts":"1413918046", "pid":"1", "tid":"mom"},
{"name":"ModelSetRunClock", "ph":"B", "ts":"1430122466", "pid":"1", "tid":"mom"},
{"name":"ModelSetRunClock", "ph":"E", "ts":"1430122779", "pid":"1", "tid":"mom"},
{"name":"ModelAdvance", "ph":"B", "ts":"1430123006", "pid":"1", "tid":"mom"},
{"name":"ModelAdvance", "ph":"E", "ts":"1440184362", "pid":"1", "tid":"mom"},
{"name":"ModelSetRunClock", "ph":"B", "ts":"1440389896", "pid":"1", "tid":"mom"},
{"name":"ModelSetRunClock", "ph":"E", "ts":"1440389990", "pid":"1", "tid":"mom"},
{"name":"ModelAdvance", "ph":"B", "ts":"1440390199", "pid":"1", "tid":"mom"},
{"name":"ModelAdvance", "ph":"E", "ts":"1446442243", "pid":"1", "tid":"mom"},
{"name":"ModelSetRunClock", "ph":"B", "ts":"1451078416", "pid":"1", "tid":"mom"},
{"name":"ModelSetRunClock", "ph":"E", "ts":"1451078603", "pid":"1", "tid":"mom"},
{"name":"ModelAdvance", "ph":"B", "ts":"1451078778", "pid":"1", "tid":"mom"},
{"name":"ModelAdvance", "ph":"E", "ts":"1458777995", "pid":"1", "tid":"mom"},
{"name":"ModelSetRunClock", "ph":"B", "ts":"1463091928", "pid":"1", "tid":"mom"},
{"name":"ModelSetRunClock", "ph":"E", "ts":"1463092027", "pid":"1", "tid":"mom"},
{"name":"ModelAdvance", "ph":"B", "ts":"1463092292", "pid":"1", "tid":"mom"},
{"name":"ModelAdvance", "ph":"E", "ts":"1469132646", "pid":"1", "tid":"mom"},
{"name":"ModelSetRunClock", "ph":"B", "ts":"1473803057", "pid":"1", "tid":"mom"},
{"name":"ModelSetRunClock", "ph":"E", "ts":"1473803116", "pid":"1", "tid":"mom"},
{"name":"ModelAdvance", "ph":"B", "ts":"1473803275", "pid":"1", "tid":"mom"},
{"name":"ModelAdvance", "ph":"E", "ts":"1481256548", "pid":"1", "tid":"mom"},
{"name":"ModelSetRunClock", "ph":"B", "ts":"1485465404", "pid":"1", "tid":"mom"},
{"name":"ModelSetRunClock", "ph":"E", "ts":"1485465687", "pid":"1", "tid":"mom"},
{"name":"ModelAdvance", "ph":"B", "ts":"1485465878", "pid":"1", "tid":"mom"},
{"name":"ModelAdvance", "ph":"E", "ts":"1491578157", "pid":"1", "tid":"mom"},
{"name":"ModelSetRunClock", "ph":"B", "ts":"1496119526", "pid":"1", "tid":"mom"},
{"name":"ModelSetRunClock", "ph":"E", "ts":"1496119577", "pid":"1", "tid":"mom"},
{"name":"ModelAdvance", "ph":"B", "ts":"1496119738", "pid":"1", "tid":"mom"},
{"name":"ModelAdvance", "ph":"E", "ts":"1503595252", "pid":"1", "tid":"mom"},
{"name":"ModelSetRunClock", "ph":"B", "ts":"1507766256", "pid":"1", "tid":"mom"},
{"name":"ModelSetRunClock", "ph":"E", "ts":"1507766345", "pid":"1", "tid":"mom"},
{"name":"ModelAdvance", "ph":"B", "ts":"1507766540", "pid":"1", "tid":"mom"},
{"name":"ModelAdvance", "ph":"E", "ts":"1513808740", "pid":"1", "tid":"mom"},
{"name":"ModelSetRunClock", "ph":"B", "ts":"1518338922", "pid":"1", "tid":"mom"},
{"name":"ModelSetRunClock", "ph":"E", "ts":"1518338983", "pid":"1", "tid":"mom"},
{"name":"ModelAdvance", "ph":"B", "ts":"1518339144", "pid":"1", "tid":"mom"},
{"name":"ModelAdvance", "ph":"E", "ts":"1533135393", "pid":"1", "tid":"mom"},
{"name":"ModelSetRunClock", "ph":"B", "ts":"1537219445", "pid":"1", "tid":"mom"},
{"name":"ModelSetRunClock", "ph":"E", "ts":"1537219518", "pid":"1", "tid":"mom"},
{"name":"ModelAdvance", "ph":"B", "ts":"1537219712", "pid":"1", "tid":"mom"},
{"name":"ModelAdvance", "ph":"E", "ts":"1543260589", "pid":"1", "tid":"mom"},
{"name":"ModelSetRunClock", "ph":"B", "ts":"1547723789", "pid":"1", "tid":"mom"},
{"name":"ModelSetRunClock", "ph":"E", "ts":"1547723845", "pid":"1", "tid":"mom"},
{"name":"ModelAdvance", "ph":"B", "ts":"1547724000", "pid":"1", "tid":"mom"},
{"name":"ModelAdvance", "ph":"E", "ts":"1555367060", "pid":"1", "tid":"mom"},
{"name":"ModelSetRunClock", "ph":"B", "ts":"1559287630", "pid":"1", "tid":"mom"},
{"name":"ModelSetRunClock", "ph":"E", "ts":"1559287725", "pid":"1", "tid":"mom"},
{"name":"ModelAdvance", "ph":"B", "ts":"1559287929", "pid":"1", "tid":"mom"},
{"name":"ModelAdvance", "ph":"E", "ts":"1565397875", "pid":"1", "tid":"mom"},
{"name":"ModelSetRunClock", "ph":"B", "ts":"1569725680", "pid":"1", "tid":"mom"},
{"name":"ModelSetRunClock", "ph":"E", "ts":"1569725733", "pid":"1", "tid":"mom"},
{"name":"ModelAdvance", "ph":"B", "ts":"1569725892", "pid":"1", "tid":"mom"},
{"name":"ModelAdvance", "ph":"E", "ts":"1581616664", "pid":"1", "tid":"mom"},
{"name":"ModelSetRunClock", "ph":"B", "ts":"1581634870", "pid":"1", "tid":"mom"},
{"name":"ModelSetRunClock", "ph":"E", "ts":"1581634939", "pid":"1", "tid":"mom"},
{"name":"ModelAdvance", "ph":"B", "ts":"1581635110", "pid":"1", "tid":"mom"},
{"name":"ModelAdvance", "ph":"E", "ts":"1587693501", "pid":"1", "tid":"mom"},
{"name":"ModelSetRunClock", "ph":"B", "ts":"1591868102", "pid":"1", "tid":"mom"},
{"name":"ModelSetRunClock", "ph":"E", "ts":"1591868159", "pid":"1", "tid":"mom"},
{"name":"ModelAdvance", "ph":"B", "ts":"1591868330", "pid":"1", "tid":"mom"},
{"name":"ModelAdvance", "ph":"E", "ts":"1599829262", "pid":"1", "tid":"mom"},
{"name":"ModelSetRunClock", "ph":"B", "ts":"1603587435", "pid":"1", "tid":"mom"},
{"name":"ModelSetRunClock", "ph":"E", "ts":"1603587505", "pid":"1", "tid":"mom"},
{"name":"ModelAdvance", "ph":"B", "ts":"1603587678", "pid":"1", "tid":"mom"},
{"name":"ModelAdvance", "ph":"E", "ts":"1609641504", "pid":"1", "tid":"mom"},
{"name":"ModelSetRunClock", "ph":"B", "ts":"1613824187", "pid":"1", "tid":"mom"},
{"name":"ModelSetRunClock", "ph":"E", "ts":"1613824246", "pid":"1", "tid":"mom"},
{"name":"ModelAdvance", "ph":"B", "ts":"1613824427", "pid":"1", "tid":"mom"},
{"name":"ModelAdvance", "ph":"E", "ts":"1622270828", "pid":"1", "tid":"mom"},
{"name":"ModelSetRunClock", "ph":"B", "ts":"1626012612", "pid":"1", "tid":"mom"},
{"name":"ModelSetRunClock", "ph":"E", "ts":"1626012682", "pid":"1", "tid":"mom"},
{"name":"ModelAdvance", "ph":"B", "ts":"1626012868", "pid":"1", "tid":"mom"},
{"name":"ModelAdvance", "ph":"E", "ts":"1632168880", "pid":"1", "tid":"mom"},
{"name":"ModelSetRunClock", "ph":"B", "ts":"1636238999", "pid":"1", "tid":"mom"},
{"name":"ModelSetRunClock", "ph":"E", "ts":"1636239162", "pid":"1", "tid":"mom"},
{"name":"ModelAdvance", "ph":"B", "ts":"1636239330", "pid":"1", "tid":"mom"},
{"name":"ModelAdvance", "ph":"E", "ts":"1644047556", "pid":"1", "tid":"mom"},
{"name":"ModelSetRunClock", "ph":"B", "ts":"1647737439", "pid":"1", "tid":"mom"},
{"name":"ModelSetRunClock", "ph":"E", "ts":"1647737554", "pid":"1", "tid":"mom"},
{"name":"ModelAdvance", "ph":"B", "ts":"1647737777", "pid":"1", "tid":"mom"},
{"name":"ModelAdvance", "ph":"E", "ts":"1653835002", "pid":"1", "tid":"mom"},
{"name":"ModelSetRunClock", "ph":"B", "ts":"1657950563", "pid":"1", "tid":"mom"},
{"name":"ModelSetRunClock", "ph":"E", "ts":"1657950622", "pid":"1", "tid":"mom"},
{"name":"ModelAdvance", "ph":"B", "ts":"1657950778", "pid":"1", "tid":"mom"},
{"name":"ModelAdvance", "ph":"E", "ts":"1665885560", "pid":"1", "tid":"mom"},
{"name":"ModelSetRunClock", "ph":"B", "ts":"1669467936", "pid":"1", "tid":"mom"},
{"name":"ModelSetRunClock", "ph":"E", "ts":"1669468022", "pid":"1", "tid":"mom"},
{"name":"ModelAdvance", "ph":"B", "ts":"1669468221", "pid":"1", "tid":"mom"},
{"name":"ModelAdvance", "ph":"E", "ts":"1675618005", "pid":"1", "tid":"mom"},
{"name":"ModelSetRunClock", "ph":"B", "ts":"1679525794", "pid":"1", "tid":"mom"},
{"name":"ModelSetRunClock", "ph":"E", "ts":"1679525851", "pid":"1", "tid":"mom"},
{"name":"ModelAdvance", "ph":"B", "ts":"1679526135", "pid":"1", "tid":"mom"},
{"name":"ModelAdvance", "ph":"E", "ts":"1688800729", "pid":"1", "tid":"mom"},
{"name":"ModelSetRunClock", "ph":"B", "ts":"1692321403", "pid":"1", "tid":"mom"},
{"name":"ModelSetRunClock", "ph":"E", "ts":"1692321477", "pid":"1", "tid":"mom"},
{"name":"ModelAdvance", "ph":"B", "ts":"1692321671", "pid":"1", "tid":"mom"},
{"name":"ModelAdvance", "ph":"E", "ts":"1698548394", "pid":"1", "tid":"mom"},
{"name":"ModelSetRunClock", "ph":"B", "ts":"1703613031", "pid":"1", "tid":"mom"},
{"name":"ModelSetRunClock", "ph":"E", "ts":"1703613088", "pid":"1", "tid":"mom"},
{"name":"ModelAdvance", "ph":"B", "ts":"1703613245", "pid":"1", "tid":"mom"},
{"name":"ModelAdvance", "ph":"E", "ts":"1714689382", "pid":"1", "tid":"mom"},
{"name":"ModelSetRunClock", "ph":"B", "ts":"1714709485", "pid":"1", "tid":"mom"},
{"name":"ModelSetRunClock", "ph":"E", "ts":"1714709562", "pid":"1", "tid":"mom"},
{"name":"ModelAdvance", "ph":"B", "ts":"1714709747", "pid":"1", "tid":"mom"},
{"name":"ModelAdvance", "ph":"E", "ts":"1720830466", "pid":"1", "tid":"mom"},
{"name":"ModelSetRunClock", "ph":"B", "ts":"1724875277", "pid":"1", "tid":"mom"},
{"name":"ModelSetRunClock", "ph":"E", "ts":"1724875336", "pid":"1", "tid":"mom"},
{"name":"ModelAdvance", "ph":"B", "ts":"1724875491", "pid":"1", "tid":"mom"},
{"name":"ModelAdvance", "ph":"E", "ts":"1732679515", "pid":"1", "tid":"mom"},
{"name":"ModelSetRunClock", "ph":"B", "ts":"1736166888", "pid":"1", "tid":"mom"},
{"name":"ModelSetRunClock", "ph":"E", "ts":"1736166969", "pid":"1", "tid":"mom"},
{"name":"ModelAdvance", "ph":"B", "ts":"1736167151", "pid":"1", "tid":"mom"},
{"name":"ModelAdvance", "ph":"E", "ts":"1742275535", "pid":"1", "tid":"mom"},
{"name":"ModelSetRunClock", "ph":"B", "ts":"1746162835", "pid":"1", "tid":"mom"},
{"name":"ModelSetRunClock", "ph":"E", "ts":"1746162896", "pid":"1", "tid":"mom"},
{"name":"ModelAdvance", "ph":"B", "ts":"1746163056", "pid":"1", "tid":"mom"},
{"name":"ModelAdvance", "ph":"E", "ts":"1753658530", "pid":"1", "tid":"mom"},
{"name":"ModelSetRunClock", "ph":"B", "ts":"1757062570", "pid":"1", "tid":"mom"},
{"name":"ModelSetRunClock", "ph":"E", "ts":"1757062632", "pid":"1", "tid":"mom"},
{"name":"ModelAdvance", "ph":"B", "ts":"1757062791", "pid":"1", "tid":"mom"},
{"name":"ModelAdvance", "ph":"E", "ts":"1763227451", "pid":"1", "tid":"mom"},
{"name":"ModelSetRunClock", "ph":"B", "ts":"1766942203", "pid":"1", "tid":"mom"},
{"name":"ModelSetRunClock", "ph":"E", "ts":"1766942255", "pid":"1", "tid":"mom"},
{"name":"ModelAdvance", "ph":"B", "ts":"1766942408", "pid":"1", "tid":"mom"},
{"name":"ModelAdvance", "ph":"E", "ts":"1775479982", "pid":"1", "tid":"mom"},
{"name":"ModelSetRunClock", "ph":"B", "ts":"1778801200", "pid":"1", "tid":"mom"},
{"name":"ModelSetRunClock", "ph":"E", "ts":"1778801322", "pid":"1", "tid":"mom"},
{"name":"ModelAdvance", "ph":"B", "ts":"1778801538", "pid":"1", "tid":"mom"},
{"name":"ModelAdvance", "ph":"E", "ts":"1784893640", "pid":"1", "tid":"mom"},
{"name":"ModelSetRunClock", "ph":"B", "ts":"1788680911", "pid":"1", "tid":"mom"},
{"name":"ModelSetRunClock", "ph":"E", "ts":"1788680975", "pid":"1", "tid":"mom"},
{"name":"ModelAdvance", "ph":"B", "ts":"1788681133", "pid":"1", "tid":"mom"},
{"name":"ModelAdvance", "ph":"E", "ts":"1796292207", "pid":"1", "tid":"mom"},
{"name":"ModelSetRunClock", "ph":"B", "ts":"1799580632", "pid":"1", "tid":"mom"},
{"name":"ModelSetRunClock", "ph":"E", "ts":"1799580715", "pid":"1", "tid":"mom"},
{"name":"ModelAdvance", "ph":"B", "ts":"1799580900", "pid":"1", "tid":"mom"},
{"name":"ModelAdvance", "ph":"E", "ts":"1805674479", "pid":"1", "tid":"mom"},
{"name":"ModelSetRunClock", "ph":"B", "ts":"1809419196", "pid":"1", "tid":"mom"},
{"name":"ModelSetRunClock", "ph":"E", "ts":"1809419254", "pid":"1", "tid":"mom"},
{"name":"ModelAdvance", "ph":"B", "ts":"1809419409", "pid":"1", "tid":"mom"},
{"name":"ModelAdvance", "ph":"E", "ts":"1817760031", "pid":"1", "tid":"mom"},
{"name":"ModelSetRunClock", "ph":"B", "ts":"1821062497", "pid":"1", "tid":"mom"},
{"name":"ModelSetRunClock", "ph":"E", "ts":"1821062734", "pid":"1", "tid":"mom"},
{"name":"ModelAdvance", "ph":"B", "ts":"1821062913", "pid":"1", "tid":"mom"},
{"name":"ModelAdvance", "ph":"E", "ts":"1827206904", "pid":"1", "tid":"mom"},
{"name":"ModelSetRunClock", "ph":"B", "ts":"1831622861", "pid":"1", "tid":"mom"},
{"name":"ModelSetRunClock", "ph":"E", "ts":"1831622910", "pid":"1", "tid":"mom"},
{"name":"ModelAdvance", "ph":"B", "ts":"1831623065", "pid":"1", "tid":"mom"},
{"name":"ModelAdvance", "ph":"E", "ts":"1845057753", "pid":"1", "tid":"mom"},
{"name":"ModelSetRunClock", "ph":"B", "ts":"1845075557", "pid":"1", "tid":"mom"},
{"name":"ModelSetRunClock", "ph":"E", "ts":"1845075620", "pid":"1", "tid":"mom"},
{"name":"ModelAdvance", "ph":"B", "ts":"1845075790", "pid":"1", "tid":"mom"},
{"name":"ModelAdvance", "ph":"E", "ts":"1851165203", "pid":"1", "tid":"mom"},
{"name":"ModelSetRunClock", "ph":"B", "ts":"1854902116", "pid":"1", "tid":"mom"},
{"name":"ModelSetRunClock", "ph":"E", "ts":"1854902175", "pid":"1", "tid":"mom"},
{"name":"ModelAdvance", "ph":"B", "ts":"1854902337", "pid":"1", "tid":"mom"},
{"name":"ModelAdvance", "ph":"E", "ts":"1862704700", "pid":"1", "tid":"mom"},
{"name":"ModelSetRunClock", "ph":"B", "ts":"1866009059", "pid":"1", "tid":"mom"},
{"name":"ModelSetRunClock", "ph":"E", "ts":"1866009152", "pid":"1", "tid":"mom"},
{"name":"ModelAdvance", "ph":"B", "ts":"1866009349", "pid":"1", "tid":"mom"},
{"name":"ModelAdvance", "ph":"E", "ts":"1872142856", "pid":"1", "tid":"mom"},
{"name":"ModelSetRunClock", "ph":"B", "ts":"1875740564", "pid":"1", "tid":"mom"},
{"name":"ModelSetRunClock", "ph":"E", "ts":"1875740624", "pid":"1", "tid":"mom"},
{"name":"ModelAdvance", "ph":"B", "ts":"1875740786", "pid":"1", "tid":"mom"},
{"name":"ModelAdvance", "ph":"E", "ts":"1884581460", "pid":"1", "tid":"mom"},
{"name":"ModelSetRunClock", "ph":"B", "ts":"1887756095", "pid":"1", "tid":"mom"},
{"name":"ModelSetRunClock", "ph":"E", "ts":"1887756400", "pid":"1", "tid":"mom"},
{"name":"ModelAdvance", "ph":"B", "ts":"1887756639", "pid":"1", "tid":"mom"},
{"name":"ModelAdvance", "ph":"E", "ts":"1893957572", "pid":"1", "tid":"mom"},
{"name":"ModelSetRunClock", "ph":"B", "ts":"1897505577", "pid":"1", "tid":"mom"},
{"name":"ModelSetRunClock", "ph":"E", "ts":"1897505634", "pid":"1", "tid":"mom"},
{"name":"ModelAdvance", "ph":"B", "ts":"1897505787", "pid":"1", "tid":"mom"},
{"name":"ModelAdvance", "ph":"E", "ts":"1905046147", "pid":"1", "tid":"mom"},
{"name":"ModelSetRunClock", "ph":"B", "ts":"1908231287", "pid":"1", "tid":"mom"},
{"name":"ModelSetRunClock", "ph":"E", "ts":"1908231421", "pid":"1", "tid":"mom"},
{"name":"ModelAdvance", "ph":"B", "ts":"1908231645", "pid":"1", "tid":"mom"},
{"name":"ModelAdvance", "ph":"E", "ts":"1914346677", "pid":"1", "tid":"mom"},
{"name":"ModelSetRunClock", "ph":"B", "ts":"1917959599", "pid":"1", "tid":"mom"},
{"name":"ModelSetRunClock", "ph":"E", "ts":"1917959660", "pid":"1", "tid":"mom"},
{"name":"ModelAdvance", "ph":"B", "ts":"1917959818", "pid":"1", "tid":"mom"},
{"name":"ModelAdvance", "ph":"E", "ts":"1926820976", "pid":"1", "tid":"mom"},
{"name":"ModelSetRunClock", "ph":"B", "ts":"1930012761", "pid":"1", "tid":"mom"},
{"name":"ModelSetRunClock", "ph":"E", "ts":"1930012828", "pid":"1", "tid":"mom"},
{"name":"ModelAdvance", "ph":"B", "ts":"1930012993", "pid":"1", "tid":"mom"},
{"name":"ModelAdvance", "ph":"E", "ts":"1936110113", "pid":"1", "tid":"mom"},
{"name":"ModelSetRunClock", "ph":"B", "ts":"1939760408", "pid":"1", "tid":"mom"},
{"name":"ModelSetRunClock", "ph":"E", "ts":"1939760471", "pid":"1", "tid":"mom"},
{"name":"ModelAdvance", "ph":"B", "ts":"1939760631", "pid":"1", "tid":"mom"},
{"name":"ModelAdvance", "ph":"E", "ts":"1947642633", "pid":"1", "tid":"mom"},
{"name":"ModelSetRunClock", "ph":"B", "ts":"1950711940", "pid":"1", "tid":"mom"},
{"name":"ModelSetRunClock", "ph":"E", "ts":"1950712006", "pid":"1", "tid":"mom"},
{"name":"ModelAdvance", "ph":"B", "ts":"1950712181", "pid":"1", "tid":"mom"},
{"name":"ModelAdvance", "ph":"E", "ts":"1956896459", "pid":"1", "tid":"mom"},
{"name":"ModelSetRunClock", "ph":"B", "ts":"1961100452", "pid":"1", "tid":"mom"},
{"name":"ModelSetRunClock", "ph":"E", "ts":"1961100583", "pid":"1", "tid":"mom"},
{"name":"ModelAdvance", "ph":"B", "ts":"1961100739", "pid":"1", "tid":"mom"},
{"name":"ModelAdvance", "ph":"E", "ts":"1972022373", "pid":"1", "tid":"mom"},
{"name":"ModelSetRunClock", "ph":"B", "ts":"1972042844", "pid":"1", "tid":"mom"},
{"name":"ModelSetRunClock", "ph":"E", "ts":"1972042924", "pid":"1", "tid":"mom"},
{"name":"ModelAdvance", "ph":"B", "ts":"1972043104", "pid":"1", "tid":"mom"},
{"name":"ModelAdvance", "ph":"E", "ts":"1978156404", "pid":"1", "tid":"mom"},
{"name":"ModelSetRunClock", "ph":"B", "ts":"1981522227", "pid":"1", "tid":"mom"},
{"name":"ModelSetRunClock", "ph":"E", "ts":"1981522286", "pid":"1", "tid":"mom"},
{"name":"ModelAdvance", "ph":"B", "ts":"1981522448", "pid":"1", "tid":"mom"},
{"name":"ModelAdvance", "ph":"E", "ts":"1989208396", "pid":"1", "tid":"mom"},
{"name":"ModelSetRunClock", "ph":"B", "ts":"1992937881", "pid":"1", "tid":"mom"},
{"name":"ModelSetRunClock", "ph":"E", "ts":"1992937942", "pid":"1", "tid":"mom"},
{"name":"ModelAdvance", "ph":"B", "ts":"1992938106", "pid":"1", "tid":"mom"},
{"name":"ModelAdvance", "ph":"E", "ts":"1999062724", "pid":"1", "tid":"mom"},
{"name":"ModelSetRunClock", "ph":"B", "ts":"2002340105", "pid":"1", "tid":"mom"},
{"name":"ModelSetRunClock", "ph":"E", "ts":"2002340161", "pid":"1", "tid":"mom"},
{"name":"ModelAdvance", "ph":"B", "ts":"2002340341", "pid":"1", "tid":"mom"},
{"name":"ModelAdvance", "ph":"E", "ts":"2010324713", "pid":"1", "tid":"mom"},
{"name":"ModelSetRunClock", "ph":"B", "ts":"2013766328", "pid":"1", "tid":"mom"},
{"name":"ModelSetRunClock", "ph":"E", "ts":"2013766401", "pid":"1", "tid":"mom"},
{"name":"ModelAdvance", "ph":"B", "ts":"2013766582", "pid":"1", "tid":"mom"},
{"name":"ModelAdvance", "ph":"E", "ts":"2019970624", "pid":"1", "tid":"mom"},
{"name":"ModelSetRunClock", "ph":"B", "ts":"2023083045", "pid":"1", "tid":"mom"},
{"name":"ModelSetRunClock", "ph":"E", "ts":"2023083102", "pid":"1", "tid":"mom"},
{"name":"ModelAdvance", "ph":"B", "ts":"2023083261", "pid":"1", "tid":"mom"},
{"name":"ModelAdvance", "ph":"E", "ts":"2031381822", "pid":"1", "tid":"mom"},
{"name":"ModelSetRunClock", "ph":"B", "ts":"2034388831", "pid":"1", "tid":"mom"},
{"name":"ModelSetRunClock", "ph":"E", "ts":"2034388900", "pid":"1", "tid":"mom"},
{"name":"ModelAdvance", "ph":"B", "ts":"2034389067", "pid":"1", "tid":"mom"},
{"name":"ModelAdvance", "ph":"E", "ts":"2040513623", "pid":"1", "tid":"mom"},
{"name":"ModelSetRunClock", "ph":"B", "ts":"2043684675", "pid":"1", "tid":"mom"},
{"name":"ModelSetRunClock", "ph":"E", "ts":"2043685525", "pid":"1", "tid":"mom"},
{"name":"ModelAdvance", "ph":"B", "ts":"2043685693", "pid":"1", "tid":"mom"},
{"name":"ModelAdvance", "ph":"E", "ts":"2054243293", "pid":"1", "tid":"mom"},
{"name":"ModelSetRunClock", "ph":"B", "ts":"2056933591", "pid":"1", "tid":"mom"},
{"name":"ModelSetRunClock", "ph":"E", "ts":"2056933875", "pid":"1", "tid":"mom"},
{"name":"ModelAdvance", "ph":"B", "ts":"2056934077", "pid":"1", "tid":"mom"},
{"name":"ModelAdvance", "ph":"E", "ts":"2063044867", "pid":"1", "tid":"mom"},
{"name":"ModelSetRunClock", "ph":"B", "ts":"2066135552", "pid":"1", "tid":"mom"},
{"name":"ModelSetRunClock", "ph":"E", "ts":"2066135610", "pid":"1", "tid":"mom"},
{"name":"ModelAdvance", "ph":"B", "ts":"2066135764", "pid":"1", "tid":"mom"},
{"name":"ModelAdvance", "ph":"E", "ts":"2074154275", "pid":"1", "tid":"mom"},
{"name":"ModelSetRunClock", "ph":"B", "ts":"2081370282", "pid":"1", "tid":"mom"},
{"name":"ModelSetRunClock", "ph":"E", "ts":"2081370346", "pid":"1", "tid":"mom"},
{"name":"ModelAdvance", "ph":"B", "ts":"2081370509", "pid":"1", "tid":"mom"},
{"name":"ModelAdvance", "ph":"E", "ts":"2087580650", "pid":"1", "tid":"mom"},
{"name":"ModelSetRunClock", "ph":"B", "ts":"2092090122", "pid":"1", "tid":"mom"},
{"name":"ModelSetRunClock", "ph":"E", "ts":"2092090175", "pid":"1", "tid":"mom"},
{"name":"ModelAdvance", "ph":"B", "ts":"2092090334", "pid":"1", "tid":"mom"},
{"name":"ModelAdvance", "ph":"E", "ts":"2105469647", "pid":"1", "tid":"mom"},
{"name":"ModelSetRunClock", "ph":"B", "ts":"2105492133", "pid":"1", "tid":"mom"},
{"name":"ModelSetRunClock", "ph":"E", "ts":"2105492226", "pid":"1", "tid":"mom"},
{"name":"ModelAdvance", "ph":"B", "ts":"2105492441", "pid":"1", "tid":"mom"},
{"name":"ModelAdvance", "ph":"E", "ts":"2111573843", "pid":"1", "tid":"mom"},
{"name":"ModelSetRunClock", "ph":"B", "ts":"2115069915", "pid":"1", "tid":"mom"},
{"name":"ModelSetRunClock", "ph":"E", "ts":"2115069969", "pid":"1", "tid":"mom"},
{"name":"ModelAdvance", "ph":"B", "ts":"2115070122", "pid":"1", "tid":"mom"},
{"name":"ModelAdvance", "ph":"E", "ts":"2122348206", "pid":"1", "tid":"mom"},
{"name":"ModelSetRunClock", "ph":"B", "ts":"2125981348", "pid":"1", "tid":"mom"},
{"name":"ModelSetRunClock", "ph":"E", "ts":"2125981528", "pid":"1", "tid":"mom"},
{"name":"ModelAdvance", "ph":"B", "ts":"2125981777", "pid":"1", "tid":"mom"},
{"name":"ModelAdvance", "ph":"E", "ts":"2132064641", "pid":"1", "tid":"mom"},
{"name":"ModelSetRunClock", "ph":"B", "ts":"2135138589", "pid":"1", "tid":"mom"},
{"name":"ModelSetRunClock", "ph":"E", "ts":"2135138642", "pid":"1", "tid":"mom"},
{"name":"ModelAdvance", "ph":"B", "ts":"2135138805", "pid":"1", "tid":"mom"},
{"name":"ModelAdvance", "ph":"E", "ts":"2142601662", "pid":"1", "tid":"mom"},
{"name":"ModelSetRunClock", "ph":"B", "ts":"2146481230", "pid":"1", "tid":"mom"},
{"name":"ModelSetRunClock", "ph":"E", "ts":"2146481301", "pid":"1", "tid":"mom"},
{"name":"ModelAdvance", "ph":"B", "ts":"2146481467", "pid":"1", "tid":"mom"},
{"name":"ModelAdvance", "ph":"E", "ts":"2152659732", "pid":"1", "tid":"mom"},
{"name":"ModelSetRunClock", "ph":"B", "ts":"2155494138", "pid":"1", "tid":"mom"},
{"name":"ModelSetRunClock", "ph":"E", "ts":"2155494188", "pid":"1", "tid":"mom"},
{"name":"ModelAdvance", "ph":"B", "ts":"2155494343", "pid":"1", "tid":"mom"},
{"name":"ModelAdvance", "ph":"E", "ts":"2162826348", "pid":"1", "tid":"mom"},
{"name":"ModelSetRunClock", "ph":"B", "ts":"2173841979", "pid":"1", "tid":"mom"},
{"name":"ModelSetRunClock", "ph":"E", "ts":"2173842105", "pid":"1", "tid":"mom"},
{"name":"ModelAdvance", "ph":"B", "ts":"2173842315", "pid":"1", "tid":"mom"},
{"name":"ModelAdvance", "ph":"E", "ts":"2179914032", "pid":"1", "tid":"mom"},
{"name":"ModelSetRunClock", "ph":"B", "ts":"2182655859", "pid":"1", "tid":"mom"},
{"name":"ModelSetRunClock", "ph":"E", "ts":"2182655915", "pid":"1", "tid":"mom"},
{"name":"ModelAdvance", "ph":"B", "ts":"2182656077", "pid":"1", "tid":"mom"},
{"name":"ModelAdvance", "ph":"E", "ts":"2189941866", "pid":"1", "tid":"mom"},
{"name":"ModelSetRunClock", "ph":"B", "ts":"2193629996", "pid":"1", "tid":"mom"},
{"name":"ModelSetRunClock", "ph":"E", "ts":"2193630064", "pid":"1", "tid":"mom"},
{"name":"ModelAdvance", "ph":"B", "ts":"2193630232", "pid":"1", "tid":"mom"},
{"name":"ModelAdvance", "ph":"E", "ts":"2199679375", "pid":"1", "tid":"mom"},
{"name":"ModelSetRunClock", "ph":"B", "ts":"2202290531", "pid":"1", "tid":"mom"},
{"name":"ModelSetRunClock", "ph":"E", "ts":"2202290586", "pid":"1", "tid":"mom"},
{"name":"ModelAdvance", "ph":"B", "ts":"2202290739", "pid":"1", "tid":"mom"},
{"name":"ModelAdvance", "ph":"E", "ts":"2209631119", "pid":"1", "tid":"mom"},
{"name":"ModelSetRunClock", "ph":"B", "ts":"2223106619", "pid":"1", "tid":"mom"},
{"name":"ModelSetRunClock", "ph":"E", "ts":"2223106740", "pid":"1", "tid":"mom"},
{"name":"ModelAdvance", "ph":"B", "ts":"2223106961", "pid":"1", "tid":"mom"},
{"name":"ModelAdvance", "ph":"E", "ts":"2286085957", "pid":"1", "tid":"mom"},
{"name":"ModelSetRunClock", "ph":"B", "ts":"2293917227", "pid":"1", "tid":"mom"},
{"name":"ModelSetRunClock", "ph":"E", "ts":"2293917287", "pid":"1", "tid":"mom"},
{"name":"ModelAdvance", "ph":"B", "ts":"2293917447", "pid":"1", "tid":"mom"},
{"name":"ModelAdvance", "ph":"E", "ts":"2304830863", "pid":"1", "tid":"mom"},
{"name":"ModelSetRunClock", "ph":"B", "ts":"2304852998", "pid":"1", "tid":"mom"},
{"name":"ModelSetRunClock", "ph":"E", "ts":"2304853130", "pid":"1", "tid":"mom"},
{"name":"ModelAdvance", "ph":"B", "ts":"2304853351", "pid":"1", "tid":"mom"},
{"name":"ModelAdvance", "ph":"E", "ts":"2310907399", "pid":"1", "tid":"mom"},
{"name":"ModelSetRunClock", "ph":"B", "ts":"2313190817", "pid":"1", "tid":"mom"},
{"name":"ModelSetRunClock", "ph":"E", "ts":"2313190878", "pid":"1", "tid":"mom"},
{"name":"ModelAdvance", "ph":"B", "ts":"2313191040", "pid":"1", "tid":"mom"},
{"name":"ModelAdvance", "ph":"E", "ts":"2321077473", "pid":"1", "tid":"mom"},
{"name":"ModelSetRunClock", "ph":"B", "ts":"2324757081", "pid":"1", "tid":"mom"},
{"name":"ModelSetRunClock", "ph":"E", "ts":"2324757322", "pid":"1", "tid":"mom"},
{"name":"ModelAdvance", "ph":"B", "ts":"2324757533", "pid":"1", "tid":"mom"},
{"name":"ModelAdvance", "ph":"E", "ts":"2330833719", "pid":"1", "tid":"mom"},
{"name":"ModelSetRunClock", "ph":"B", "ts":"2335618947", "pid":"1", "tid":"mom"},
{"name":"ModelSetRunClock", "ph":"E", "ts":"2335619004", "pid":"1", "tid":"mom"},
{"name":"ModelAdvance", "ph":"B", "ts":"2335619159", "pid":"1", "tid":"mom"},
{"name":"ModelAdvance", "ph":"E", "ts":"2341951266", "pid":"1", "tid":"mom"},
{"name":"ModelSetRunClock", "ph":"B", "ts":"2346225810", "pid":"1", "tid":"mom"},
{"name":"ModelSetRunClock", "ph":"E", "ts":"2346225985", "pid":"1", "tid":"mom"},
{"name":"ModelAdvance", "ph":"B", "ts":"2346226206", "pid":"1", "tid":"mom"},
