{"name":"SetServices", "ph":"B", "ts":"390804681", "pid":"1", "tid":"wrtComp_06"},
{"name":"SetServices", "ph":"E", "ts":"390805704", "pid":"1", "tid":"wrtComp_06"},
{"name":"wrt_initialize_p1", "ph":"B", "ts":"390806210", "pid":"1", "tid":"wrtComp_06"},
{"name":"wrt_initialize_p1", "ph":"E", "ts":"391324582", "pid":"1", "tid":"wrtComp_06"},
{"name":"wrt_run", "ph":"B", "ts":"691244221", "pid":"1", "tid":"wrtComp_06"},
{"name":"wrt_run", "ph":"E", "ts":"758276643", "pid":"1", "tid":"wrtComp_06"},
{"name":"wrt_run", "ph":"B", "ts":"874827974", "pid":"1", "tid":"wrtComp_06"},
{"name":"wrt_run", "ph":"E", "ts":"939238859", "pid":"1", "tid":"wrtComp_06"},
{"name":"wrt_run", "ph":"B", "ts":"1063036771", "pid":"1", "tid":"wrtComp_06"},
{"name":"wrt_run", "ph":"E", "ts":"1132197356", "pid":"1", "tid":"wrtComp_06"},
{"name":"wrt_run", "ph":"B", "ts":"1236353106", "pid":"1", "tid":"wrtComp_06"},
{"name":"wrt_run", "ph":"E", "ts":"1312330909", "pid":"1", "tid":"wrtComp_06"},
{"name":"wrt_run", "ph":"B", "ts":"1451826700", "pid":"1", "tid":"wrtComp_06"},
{"name":"wrt_run", "ph":"E", "ts":"1515240283", "pid":"1", "tid":"wrtComp_06"},
{"name":"wrt_run", "ph":"B", "ts":"1637529555", "pid":"1", "tid":"wrtComp_06"},
{"name":"wrt_run", "ph":"E", "ts":"1701220744", "pid":"1", "tid":"wrtComp_06"},
{"name":"wrt_run", "ph":"B", "ts":"1811111300", "pid":"1", "tid":"wrtComp_06"},
{"name":"wrt_run", "ph":"E", "ts":"1883261482", "pid":"1", "tid":"wrtComp_06"},
{"name":"wrt_run", "ph":"B", "ts":"1983817658", "pid":"1", "tid":"wrtComp_06"},
{"name":"wrt_run", "ph":"E", "ts":"2052560231", "pid":"1", "tid":"wrtComp_06"},
{"name":"wrt_run", "ph":"B", "ts":"2158741148", "pid":"1", "tid":"wrtComp_06"},
{"name":"wrt_run", "ph":"E", "ts":"2343932456", "pid":"1", "tid":"wrtComp_06"},
